('active', 'pdf')

--step 1: npQCD objects = pdf , datasets = idis , tmc = False , ht = False
loading idis data sets 10016
loading idis data sets 10017
loading idis data sets 10020
loading idis data sets 10021
loading idis data sets 10010
loading idis data sets 10011
Loading DIS tables...
10016 has norm uncertainty
10017 has norm uncertainty
10020 has norm uncertainty
10010 has norm uncertainty
10011 has norm uncertainty
[H[J[H[J['pdf']
JAM FITTER                                                                                                                | 1        pdf       db1 N   9.52218e-03
count = 100                                                                                                               | 2        pdf       db1 a  -6.16554e-01
elapsed time(mins)=0.412441                                                                                               | 3        pdf       db1 b   9.66976e+00
shifts  = 3                                                                                                               | 4        pdf       dv1 a  -3.99050e-01
npts    = 1495                                                                                                            | 5        pdf       dv1 b   8.79078e+00
chi2    = 27640.094273                                                                                                    | 6        pdf        g1 a   6.24403e-01
rchi2   = 4456.221880                                                                                                     | 7        pdf        g1 b   1.03826e-01
nchi2   = 326.955895                                                                                                      | 8        pdf        s1 N   9.84340e-02
chi2tot = 32423.272048                                                                                                    | 9        pdf        s1 a  -6.68196e-01
dchi2(iter)  = inf                                                                                                        | 10        pdf        s1 b   9.98097e+00
dchi2(local) = -inf                                                                                                       | 11        pdf      sea1 N   3.18174e-02
pdf dv(1):1.000000                                                                                                        | 12        pdf      sea1 a  -1.74335e+00
pdf db-ub(2):-0.071913                                                                                                    | 13        pdf      sea1 b   1.37438e-01
pdf msr:1.000000                                                                                                          | 14        pdf       ub1 N   8.14354e-02
pdf db-ub(1):-0.464272                                                                                                    | 15        pdf       ub1 a  -5.20793e-01
pdf uv(1):2.000000                                                                                                        | 16        pdf       ub1 b   2.86802e+00
pdf s-sb(1):0.000000                                                                                                      | 17        pdf       uv1 a  -1.03645e-01
pdf s-sb(2):-0.000000                                                                                                     | 18        pdf       uv1 b   3.27343e+00
                                                                                                                          | 19       norm       idis      10016  1.16218e+00
reaction: unpol DIS                                                                                                       | 20       norm       idis      10017  1.12294e+00
filters: Q2>1.690000                                                                                                      | 21       norm       idis      10010  1.19255e+00
filters: W2>10.000000                                                                                                     | 22       norm       idis      10011  1.17754e+00
    idx tar        col  npts       chi2  chi2-npts      rchi2      nchi2                                                  | 23       norm       idis      10020  1.18740e+00
  10016   p      BCDMS   348    1466.33    1118.33    1751.95      29.22                                                  | 
  10017   d      BCDMS   254    1285.99    1031.99     191.62      16.79                                                  | 
  10020   p        NMC   273    2795.41    2522.41     748.33      87.80                                                  | 
  10021 d/p        NMC   174    3499.91    3325.91    1764.32       0.00                                                  | 
  10010   p       SLAC   218   14270.09   14052.09       0.00      84.07                                                  | 
  10011   d       SLAC   228    4322.37    4094.37       0.00     109.07                                                  | 
['pdf']
JAM FITTER                                                                                                                | 1        pdf       db1 N   3.87441e-02
count = 200                                                                                                               | 2        pdf       db1 a   4.38395e-01
elapsed time(mins)=0.824502                                                                                               | 3        pdf       db1 b   4.19733e+00
shifts  = 3                                                                                                               | 4        pdf       dv1 a  -1.31343e-01
npts    = 1495                                                                                                            | 5        pdf       dv1 b   6.97065e+00
chi2    = 3021.551692                                                                                                     | 6        pdf        g1 a  -1.06258e-01
rchi2   = 151.262320                                                                                                      | 7        pdf        g1 b   6.28678e+00
nchi2   = 62.998680                                                                                                       | 8        pdf        s1 N   9.63575e-02
chi2tot = 3235.812692                                                                                                     | 9        pdf        s1 a  -9.82982e-01
dchi2(iter)  = 29187.459356                                                                                               | 10        pdf        s1 b   9.95259e+00
dchi2(local) = -29187.459356                                                                                              | 11        pdf      sea1 N   1.78213e-03
pdf dv(1):1.000000                                                                                                        | 12        pdf      sea1 a  -1.68599e+00
pdf db-ub(2):0.023624                                                                                                     | 13        pdf      sea1 b   1.36565e+00
pdf msr:1.000000                                                                                                          | 14        pdf       ub1 N   1.51201e-02
pdf db-ub(1):0.106409                                                                                                     | 15        pdf       ub1 a  -7.45308e-02
pdf uv(1):2.000000                                                                                                        | 16        pdf       ub1 b   2.50162e+00
pdf s-sb(1):0.000000                                                                                                      | 17        pdf       uv1 a  -1.42331e-01
pdf s-sb(2):0.000000                                                                                                      | 18        pdf       uv1 b   3.19306e+00
                                                                                                                          | 19       norm       idis      10016  1.03171e+00
reaction: unpol DIS                                                                                                       | 20       norm       idis      10017  1.05195e+00
filters: Q2>1.690000                                                                                                      | 21       norm       idis      10010  1.09717e+00
filters: W2>10.000000                                                                                                     | 22       norm       idis      10[H[J[H[J011  1.08936e+00
    idx tar        col  npts       chi2  chi2-npts      rchi2      nchi2                                                  | 23       norm       idis      10020  1.06274e+00
  10016   p      BCDMS   348     773.88     425.88      56.06       1.12                                                  | 
  10017   d      BCDMS   254     521.88     267.88      29.82       3.00                                                  | 
  10020   p        NMC   273     673.15     400.15      60.99       9.84                                                  | 
  10021 d/p        NMC   174     295.64     121.64       4.40       0.00                                                  | 
  10010   p       SLAC   218     406.89     188.89       0.00      21.41                                                  | 
  10011   d       SLAC   228     350.11     122.11       0.00      27.63                                                  | 
['pdf']
JAM FITTER                                                                                                                | 1        pdf       db1 N   3.45550e-02
count = 300                                                                                                               | 2        pdf       db1 a   6.30859e-01
elapsed time(mins)=1.238227                                                                                               | 3        pdf       db1 b   4.42310e+00
shifts  = 2                                                                                                               | 4        pdf       dv1 a  -1.34047e-01
npts    = 1495                                                                                                            | 5        pdf       dv1 b   6.91988e+00
chi2    = 2977.692552                                                                                                     | 6        pdf        g1 a  -9.06419e-02
rchi2   = 84.886166                                                                                                       | 7        pdf        g1 b   6.32949e+00
nchi2   = 7.851468                                                                                                        | 8        pdf        s1 N   9.22405e-02
chi2tot = 3070.430186                                                                                                     | 9        pdf        s1 a  -9.82040e-01
dchi2(iter)  = 29187.459356                                                                                               | 10        pdf        s1 b   9.99328e+00
dchi2(local) = -165.382506                                                                                                | 11        pdf      sea1 N   2.64525e-03
pdf dv(1):1.000000                                                                                                        | 12        pdf      sea1 a  -1.74104e+00
pdf db-ub(2):0.034555                                                                                                     | 13        pdf      sea1 b   2.04756e+00
pdf msr:1.000000                                                                                                          | 14        pdf       ub1 N   3.54363e-07
pdf db-ub(1):0.149459                                                                                                     | 15        pdf       ub1 a   2.31920e-01
pdf uv(1):2.000000                                                                                                        | 16        pdf       ub1 b   3.21022e+00
pdf s-sb(1):0.000000                                                                                                      | 17        pdf       uv1 a  -1.39495e-01
pdf s-sb(2):0.000000                                                                                                      | 18        pdf       uv1 b   3.10647e+00
                                                                                                                          | 19       norm       idis      10016  9.79044e-01
reaction: unpol DIS                                                                                                       | 20       norm       idis      10017  1.00594e+00
filters: Q2>1.690000                                                                                                      | 21       norm       idis      10010  1.03577e+00
filters: W2>10.000000                                                                                                     | 22       norm       idis      10011  1.03295e+00
    idx tar        col  npts       chi2  chi2-npts      rchi2      nchi2                                                  | 23       norm       idis      10020  1.01632e+00
  10016   p      BCDMS   348     799.33     451.33      39.17       0.49                                                  | 
  10017   d      BCDMS   254     516.24     262.24      17.76       0.04                                                  | 
  10020   p        NMC   273     643.32     370.32      24.87       0.67                                                  | 
  10021 d/p        NMC   174     292.80     118.80       3.09       0.00                                                  | 
  10010   p       SLAC   218     394.10     176.10       0.00       2.90                                                  | 
  10011   d       SLAC   228     331.91     103.91       0.00       3.76                                                  | 
['pdf']
JAM FITTER                                                                                                                | 1        pdf       db1 N   3.52882e-02
count = 400                                                                                                               | 2        pdf       db1 a   9.46693e-01
elapsed time(mins)=1.651893                                                                                               | 3        pdf       db1 b   4.94049e+00
shifts  = 2                                                                                                               | 4        pdf       dv1 a  -1.14681e-01
npts    = 1495                                                                                                            | 5        pdf       dv1 b   7.45602e+00
chi2    = 2954.075761                                                                                                     | 6        pdf        g1 a  -2.96104e-01
rchi2   = 81.577055                                                                                                       | 7        pdf        g1 b   5.06327e+00
nchi2   = 3.777220                                                                                                        | 8        pdf        s1 N   9.05850e-02
chi2tot = 3039.430036                                                                                                     | 9        pdf        s1 a  -9.99408e-01
dchi2(iter)  = 29187.459356                                                                                               | 10        pdf        s1 b   9.99999e+00
dchi2(local) = -196.382655                                                                                                | 11        pdf      sea1 N   2.05769e-03
pdf dv(1):1.000000                                                                                                        | 12        pdf      sea1 a  -1.75333e+00
pdf db-ub(2):0.035280                                                                                                     | 13        pdf      sea1 b   2.51219e+00
pdf msr:1.000000                                                                                                          | 14        pdf       ub1 N   8.15453e-06
pdf db-ub(1):0.142937                                                                                                     | 15        pdf       ub1 a   2.43178e-01
pdf uv(1):2.000000                                                                                                        | 16        pdf       ub1 b   3.21447e+00
pdf s-sb(1):0.000000                                           [H[J[H[J                                                           | 17        pdf       uv1 a  -1.46919e-01
pdf s-sb(2):0.000000                                                                                                      | 18        pdf       uv1 b   3.11161e+00
                                                                                                                          | 19       norm       idis      10016  9.69575e-01
reaction: unpol DIS                                                                                                       | 20       norm       idis      10017  9.96644e-01
filters: Q2>1.690000                                                                                                      | 21       norm       idis      10010  1.02409e+00
filters: W2>10.000000                                                                                                     | 22       norm       idis      10011  1.02000e+00
    idx tar        col  npts       chi2  chi2-npts      rchi2      nchi2                                                  | 23       norm       idis      10020  1.00380e+00
  10016   p      BCDMS   348     775.70     427.70      35.97       1.03                                                  | 
  10017   d      BCDMS   254     507.18     253.18      15.32       0.01                                                  | 
  10020   p        NMC   273     635.66     362.66      27.52       0.04                                                  | 
  10021 d/p        NMC   174     297.18     123.18       2.76       0.00                                                  | 
  10010   p       SLAC   218     399.72     181.72       0.00       1.32                                                  | 
  10011   d       SLAC   228     338.63     110.63       0.00       1.38                                                  | 
['pdf']
JAM FITTER                                                                                                                | 1        pdf       db1 N   3.70183e-02
count = 500                                                                                                               | 2        pdf       db1 a   9.99899e-01
elapsed time(mins)=2.067096                                                                                               | 3        pdf       db1 b   5.06734e+00
shifts  = 3                                                                                                               | 4        pdf       dv1 a  -1.08662e-01
npts    = 1495                                                                                                            | 5        pdf       dv1 b   7.83237e+00
chi2    = 2949.310310                                                                                                     | 6        pdf        g1 a  -4.55253e-01
rchi2   = 78.856560                                                                                                       | 7        pdf        g1 b   4.27084e+00
nchi2   = 2.792494                                                                                                        | 8        pdf        s1 N   8.62125e-02
chi2tot = 3030.959364                                                                                                     | 9        pdf        s1 a  -9.99811e-01
dchi2(iter)  = 204.853328                                                                                                 | 10        pdf        s1 b   1.00000e+01
dchi2(local) = -204.853328                                                                                                | 11        pdf      sea1 N   1.92394e-03
pdf dv(1):1.000000                                                                                                        | 12        pdf      sea1 a  -1.56837e+00
pdf db-ub(2):0.037016                                                                                                     | 13        pdf      sea1 b   8.57342e+00
pdf msr:1.000000                                                                                                          | 14        pdf       ub1 N   2.47281e-06
pdf db-ub(1):0.149320                                                                                                     | 15        pdf       ub1 a   9.99919e-01
pdf uv(1):2.000000                                                                                                        | 16        pdf       ub1 b   1.52703e+00
pdf s-sb(1):0.000000                                                                                                      | 17        pdf       uv1 a  -1.54224e-01
pdf s-sb(2):0.000000                                                                                                      | 18        pdf       uv1 b   3.10108e+00
                                                                                                                          | 19       norm       idis      10016  9.63753e-01
reaction: unpol DIS                                                                                                       | 20       norm       idis      10017  9.91822e-01
filters: Q2>1.690000                                                                                                      | 21       norm       idis      10010  1.01637e+00
filters: W2>10.000000                                                                                                     | 22       norm       idis      10011  1.01294e+00
    idx tar        col  npts       chi2  chi2-npts      rchi2      nchi2                                                  | 23       norm       idis      10020  9.94659e-01
  10016   p      BCDMS   348     775.39     427.39      35.69       1.46                                                  | 
  10017   d      BCDMS   254     505.75     251.75      15.22       0.07                                                  | 
  10020   p        NMC   273     633.64     360.64      24.82       0.07                                                  | 
  10021 d/p        NMC   174     299.20     125.20       3.13       0.00                                                  | 
  10010   p       SLAC   218     398.60     180.60       0.00       0.61                                                  | 
  10011   d       SLAC   228     336.72     108.72       0.00       0.58                                                  | 
['pdf']
JAM FITTER                                                                                                                | 1        pdf       db1 N   4.24140e-02
count = 600                                                                                                               | 2        pdf       db1 a   9.96730e-01
elapsed time(mins)=2.479282                                                                                               | 3        pdf       db1 b   5.37746e+00
shifts  = 2                                                                                                               | 4        pdf       dv1 a  -1.39672e-01
npts    = 1495                                                                                                            | 5        pdf       dv1 b   8.69414e+00
chi2    = 2932.382412                                                                                                     | 6        pdf        g1 a  -5.16576e-01
rchi2   = 77.497867                                                                                                       | 7        pdf        g1 b   3.74833e+00
nchi2   = 2.335463                                                                                                        | 8        pdf        s1 N   7.23123e-02
chi2tot = 3012.215742                                                                                                     | 9        pdf        s1 a  -9.94922e-01
dchi2(iter)  = 204.853328                                                                                                 | 10        pdf        s1 b   1.00000e+01
dchi2(local) = -18.743622                                                                                  [H[J[H[J               | 11        pdf      sea1 N   2.76998e-03
pdf dv(1):1.000000                                                                                                        | 12        pdf      sea1 a  -1.43369e+00
pdf db-ub(2):0.040521                                                                                                     | 13        pdf      sea1 b   9.38887e+00
pdf msr:1.000000                                                                                                          | 14        pdf       ub1 N   1.89328e-03
pdf db-ub(1):-0.436073                                                                                                    | 15        pdf       ub1 a  -9.66466e-01
pdf uv(1):2.000000                                                                                                        | 16        pdf       ub1 b   9.84095e+00
pdf s-sb(1):0.000000                                                                                                      | 17        pdf       uv1 a  -1.53278e-01
pdf s-sb(2):0.000000                                                                                                      | 18        pdf       uv1 b   3.09546e+00
                                                                                                                          | 19       norm       idis      10016  9.68465e-01
reaction: unpol DIS                                                                                                       | 20       norm       idis      10017  9.94501e-01
filters: Q2>1.690000                                                                                                      | 21       norm       idis      10010  1.01804e+00
filters: W2>10.000000                                                                                                     | 22       norm       idis      10011  1.01141e+00
    idx tar        col  npts       chi2  chi2-npts      rchi2      nchi2                                                  | 23       norm       idis      10020  9.98185e-01
  10016   p      BCDMS   348     771.67     423.67      35.49       1.10                                                  | 
  10017   d      BCDMS   254     497.53     243.53      14.65       0.03                                                  | 
  10020   p        NMC   273     632.30     359.30      23.36       0.01                                                  | 
  10021 d/p        NMC   174     296.06     122.06       4.01       0.00                                                  | 
  10010   p       SLAC   218     395.88     177.88       0.00       0.74                                                  | 
  10011   d       SLAC   228     338.94     110.94       0.00       0.45                                                  | 
['pdf']
JAM FITTER                                                                                                                | 1        pdf       db1 N   4.61696e-02
count = 700                                                                                                               | 2        pdf       db1 a   9.99903e-01
elapsed time(mins)=2.893945                                                                                               | 3        pdf       db1 b   5.56629e+00
shifts  = 1                                                                                                               | 4        pdf       dv1 a  -1.13282e-01
npts    = 1495                                                                                                            | 5        pdf       dv1 b   9.75474e+00
chi2    = 2927.487145                                                                                                     | 6        pdf        g1 a  -6.41279e-01
rchi2   = 72.944178                                                                                                       | 7        pdf        g1 b   3.09279e+00
nchi2   = 2.429354                                                                                                        | 8        pdf        s1 N   3.81832e-02
chi2tot = 3002.860677                                                                                                     | 9        pdf        s1 a  -9.87628e-01
dchi2(iter)  = 204.853328                                                                                                 | 10        pdf        s1 b   1.00000e+01
dchi2(local) = -28.098686                                                                                                 | 11        pdf      sea1 N   7.37822e-03
pdf dv(1):1.000000                                                                                                        | 12        pdf      sea1 a  -1.22746e+00
pdf db-ub(2):0.042890                                                                                                     | 13        pdf      sea1 b   9.87959e+00
pdf msr:1.000000                                                                                                          | 14        pdf       ub1 N   3.27944e-03
pdf db-ub(1):0.040301                                                                                                     | 15        pdf       ub1 a  -7.66037e-01
pdf uv(1):2.000000                                                                                                        | 16        pdf       ub1 b   9.99945e+00
pdf s-sb(1):0.000000                                                                                                      | 17        pdf       uv1 a  -1.51907e-01
pdf s-sb(2):0.000000                                                                                                      | 18        pdf       uv1 b   3.09039e+00
                                                                                                                          | 19       norm       idis      10016  9.76651e-01
reaction: unpol DIS                                                                                                       | 20       norm       idis      10017  1.00317e+00
filters: Q2>1.690000                                                                                                      | 21       norm       idis      10010  1.02176e+00
filters: W2>10.000000                                                                                                     | 22       norm       idis      10011  1.01440e+00
    idx tar        col  npts       chi2  chi2-npts      rchi2      nchi2                                                  | 23       norm       idis      10020  1.00285e+00
  10016   p      BCDMS   348     772.59     424.59      33.97       0.61                                                  | 
  10017   d      BCDMS   254     493.17     239.17      13.29       0.01                                                  | 
  10020   p        NMC   273     628.32     355.32      21.19       0.02                                                  | 
  10021 d/p        NMC   174     299.06     125.06       4.49       0.00                                                  | 
  10010   p       SLAC   218     395.00     177.00       0.00       1.07                                                  | 
  10011   d       SLAC   228     339.35     111.35       0.00       0.72                                                  | 
['pdf']
JAM FITTER                                                                                                                | 1        pdf       db1 N   4.69190e-02
count = 800                                                                                                               | 2        pdf       db1 a   9.99993e-01
elapsed time(mins)=3.293213                                                                                               | 3        pdf       db1 b   5.60610e+00
shifts  = 2                                                                                                               | 4        pdf       dv1 a  -1.06069e-01
npts    = 1495                                                                                                            | 5        pdf       dv1[H[J b   9.97779e+00
chi2    = 2928.266219                                                                                                     | 6        pdf        g1 a  -6.90764e-01
rchi2   = 69.741520                                                                                                       | 7        pdf        g1 b   2.85047e+00
nchi2   = 3.071097                                                                                                        | 8        pdf        s1 N   1.86506e-02
chi2tot = 3001.078836                                                                                                     | 9        pdf        s1 a  -9.30613e-01
dchi2(iter)  = 204.853328                                                                                                 | 10        pdf        s1 b   1.00000e+01
dchi2(local) = -29.880528                                                                                                 | 11        pdf      sea1 N   1.04796e-02
pdf dv(1):1.000000                                                                                                        | 12        pdf      sea1 a  -1.18660e+00
pdf db-ub(2):0.043266                                                                                                     | 13        pdf      sea1 b   9.99561e+00
pdf msr:1.000000                                                                                                          | 14        pdf       ub1 N   3.65305e-03
pdf db-ub(1):0.044429                                                                                                     | 15        pdf       ub1 a  -7.38751e-01
pdf uv(1):2.000000                                                                                                        | 16        pdf       ub1 b   1.00000e+01
pdf s-sb(1):0.000000                                                                                                      | 17        pdf       uv1 a  -1.49370e-01
pdf s-sb(2):0.000000                                                                                                      | 18        pdf       uv1 b   3.09103e+00
                                                                                                                          | 19       norm       idis      10016  9.82306e-01
reaction: unpol DIS                                                                                                       | 20       norm       idis      10017  1.00902e+00
filters: Q2>1.690000                                                                                                      | 21       norm       idis      10010  1.02524e+00
filters: W2>10.000000                                                                                                     | 22       norm       idis      10011  1.01752e+00
    idx tar        col  npts       chi2  chi2-npts      rchi2      nchi2                                                  | 23       norm       idis      10020  1.00711e+00
  10016   p      BCDMS   348     772.63     424.63      33.06       0.35                                                  | 
  10017   d      BCDMS   254     492.60     238.60      12.92       0.09                                                  | 
  10020   p        NMC   273     628.32     355.32      19.10       0.13                                                  | 
  10021 d/p        NMC   174     299.86     125.86       4.67       0.00                                                  | 
  10010   p       SLAC   218     395.28     177.28       0.00       1.44                                                  | 
  10011   d       SLAC   228     339.58     111.58       0.00       1.06                                                  | 
['pdf']
JAM FITTER                                                                                                                | 1        pdf       db1 N   4.69691e-02
count = 900                                                                                                               | 2        pdf       db1 a   1.00000e+00
elapsed time(mins)=3.684775                                                                                               | 3        pdf       db1 b   5.60885e+00
shifts  = 2                                                                                                               | 4        pdf       dv1 a  -1.06049e-01
npts    = 1495                                                                                                            | 5        pdf       dv1 b   9.98948e+00
chi2    = 2928.073724                                                                                                     | 6        pdf        g1 a  -6.93317e-01
rchi2   = 69.837856                                                                                                       | 7        pdf        g1 b   2.84020e+00
nchi2   = 3.122975                                                                                                        | 8        pdf        s1 N   1.77701e-02
chi2tot = 3001.034555                                                                                                     | 9        pdf        s1 a  -9.19013e-01
dchi2(iter)  = 204.853328                                                                                                 | 10        pdf        s1 b   1.00000e+01
dchi2(local) = -29.924808                                                                                                 | 11        pdf      sea1 N   1.06263e-02
pdf dv(1):1.000000                                                                                                        | 12        pdf      sea1 a  -1.18518e+00
pdf db-ub(2):0.043295                                                                                                     | 13        pdf      sea1 b   9.99907e+00
pdf msr:1.000000                                                                                                          | 14        pdf       ub1 N   3.67363e-03
pdf db-ub(1):0.044454                                                                                                     | 15        pdf       ub1 a  -7.37679e-01
pdf uv(1):2.000000                                                                                                        | 16        pdf       ub1 b   1.00000e+01
pdf s-sb(1):0.000000                                                                                                      | 17        pdf       uv1 a  -1.49265e-01
pdf s-sb(2):0.000000                                                                                                      | 18        pdf       uv1 b   3.09091e+00
                                                                                                                          | 19       norm       idis      10016  9.82592e-01
reaction: unpol DIS                                                                                                       | 20       norm       idis      10017  1.00932e+00
filters: Q2>1.690000                                                                                                      | 21       norm       idis      10010  1.02546e+00
filters: W2>10.000000                                                                                                     | 22       norm       idis      10011  1.01772e+00
    idx tar        col  npts       chi2  chi2-npts      rchi2      nchi2                                                  | 23       norm       idis      10020  1.00729e+00
  10016   p      BCDMS   348     772.80     424.80      33.09       0.34                                                  | 
  10017   d      BCDMS   254     492.52     238.52      12.89       0.10                                                  | 
  10020   p        NMC   273     627.97     354.97      19.19       0.13                                                  | 
  10021 d/p        NMC   174     299.90     125.90       4.67       0.00                                                  | 
  10010   p       SLAC   218     395.24     177.24       0.00       1.47                                            [H[J[H[J      | 
  10011   d       SLAC   228     339.64     111.64       0.00       1.09                                                  | 
['pdf']
JAM FITTER                                                                                                                | 1        pdf       db1 N   4.69974e-02
count = 1000                                                                                                              | 2        pdf       db1 a   1.00000e+00
elapsed time(mins)=4.072304                                                                                               | 3        pdf       db1 b   5.61026e+00
shifts  = 2                                                                                                               | 4        pdf       dv1 a  -1.05486e-01
npts    = 1495                                                                                                            | 5        pdf       dv1 b   1.00000e+01
chi2    = 2928.056331                                                                                                     | 6        pdf        g1 a  -6.93519e-01
rchi2   = 69.835161                                                                                                       | 7        pdf        g1 b   2.83995e+00
nchi2   = 3.122972                                                                                                        | 8        pdf        s1 N   1.77605e-02
chi2tot = 3001.014465                                                                                                     | 9        pdf        s1 a  -9.24088e-01
dchi2(iter)  = 204.853328                                                                                                 | 10        pdf        s1 b   1.00000e+01
dchi2(local) = -29.944899                                                                                                 | 11        pdf      sea1 N   1.06134e-02
pdf dv(1):1.000000                                                                                                        | 12        pdf      sea1 a  -1.18495e+00
pdf db-ub(2):0.043306                                                                                                     | 13        pdf      sea1 b   1.00000e+01
pdf msr:1.000000                                                                                                          | 14        pdf       ub1 N   3.69135e-03
pdf db-ub(1):0.045470                                                                                                     | 15        pdf       ub1 a  -7.34901e-01
pdf uv(1):2.000000                                                                                                        | 16        pdf       ub1 b   1.00000e+01
pdf s-sb(1):0.000000                                                                                                      | 17        pdf       uv1 a  -1.49274e-01
pdf s-sb(2):0.000000                                                                                                      | 18        pdf       uv1 b   3.09087e+00
                                                                                                                          | 19       norm       idis      10016  9.82592e-01
reaction: unpol DIS                                                                                                       | 20       norm       idis      10017  1.00932e+00
filters: Q2>1.690000                                                                                                      | 21       norm       idis      10010  1.02546e+00
filters: W2>10.000000                                                                                                     | 22       norm       idis      10011  1.01772e+00
    idx tar        col  npts       chi2  chi2-npts      rchi2      nchi2                                                  | 23       norm       idis      10020  1.00728e+00
  10016   p      BCDMS   348     772.81     424.81      33.09       0.34                                                  | 
  10017   d      BCDMS   254     492.48     238.48      12.88       0.10                                                  | 
  10020   p        NMC   273     627.96     354.96      19.19       0.13                                                  | 
  10021 d/p        NMC   174     299.91     125.91       4.67       0.00                                                  | 
  10010   p       SLAC   218     395.24     177.24       0.00       1.47                                                  | 
  10011   d       SLAC   228     339.66     111.66       0.00       1.09                                                  | 
['pdf']
JAM FITTER                                                                                                                | 1        pdf       db1 N   4.69984e-02
count = 1037                                                                                                              | 2        pdf       db1 a   1.00000e+00
elapsed time(mins)=4.226346                                                                                               | 3        pdf       db1 b   5.61031e+00
shifts  = 1                                                                                                               | 4        pdf       dv1 a  -1.05514e-01
npts    = 1495                                                                                                            | 5        pdf       dv1 b   1.00000e+01
chi2    = 2928.055267                                                                                                     | 6        pdf        g1 a  -6.93546e-01
rchi2   = 69.833905                                                                                                       | 7        pdf        g1 b   2.83981e+00
nchi2   = 3.125266                                                                                                        | 8        pdf        s1 N   1.77335e-02
chi2tot = 3001.014438                                                                                                     | 9        pdf        s1 a  -9.23374e-01
dchi2(iter)  = 204.853328                                                                                                 | 10        pdf        s1 b   1.00000e+01
dchi2(local) = -29.944926                                                                                                 | 11        pdf      sea1 N   1.06187e-02
pdf dv(1):1.000000                                                                                                        | 12        pdf      sea1 a  -1.18496e+00
pdf db-ub(2):0.043307                                                                                                     | 13        pdf      sea1 b   1.00000e+01
pdf msr:1.000000                                                                                                          | 14        pdf       ub1 N   3.69128e-03
pdf db-ub(1):0.045422                                                                                                     | 15        pdf       ub1 a  -7.34998e-01
pdf uv(1):2.000000                                                                                                        | 16        pdf       ub1 b   1.00000e+01
pdf s-sb(1):0.000000                                                                                                      | 17        pdf       uv1 a  -1.49268e-01
pdf s-sb(2):0.000000                                                                                                      | 18        pdf       uv1 b   3.09087e+00
                                                                                                                          | 19       norm       idis      10016  9.82603e-01
reaction: unpol DIS                                                                                                       | 20       norm       idis      10017  1.00933e+00
filters: Q2>1.690000                                                                                                      | 21       norm       idis      10010  1.02547e+00
filters: W2>10.000000                                                                                                     | 22       norm       idis      10011  1.01773e+00
    idx tar        col  npts       chi2  chi2-npts      rchi2      nchi2                                                  | 23       norm       idis      10020  1.00729e+00
  10016   p      BCDMS   348     772.82     424.82      33.09       0.34                                                  | 
  10017   d      BCDMS   254     492.48     238.48      12.88       0.10                                                  | 
  10020   p        NMC   273     627.95     354.95      19.19       0.13                                                  | 
  10021 d/p        NMC   174     299.91     125.91       4.67       0.00                                                  | 
  10010   p       SLAC   218     395.23     177.23       0.00       1.47                                                  | 
  10011   d       SLAC   228     339.66     111.66       0.00       1.09                                                  | 
