('active', 'pdf')

--step 1: npQCD objects = pdf , datasets = idis , tmc = False , ht = False
loading idis data sets 10016
loading idis data sets 10017
loading idis data sets 10020
loading idis data sets 10021
loading idis data sets 10010
loading idis data sets 10011
Loading DIS tables...
10016 has norm uncertainty
10017 has norm uncertainty
10020 has norm uncertainty
10010 has norm uncertainty
10011 has norm uncertainty
[H[J[H[J[H[J[H[J[H[J[H[J['pdf']
JAM FITTER                                                                                                                | 1        pdf       db1 N   1.09664e-01
count = 100                                                                                                               | 2        pdf       db1 a  -9.30209e-01
elapsed time(mins)=0.986826                                                                                               | 3        pdf       db1 b   2.22408e+00
shifts  = 3                                                                                                               | 4        pdf       dv1 a  -3.51752e-01
npts    = 1495                                                                                                            | 5        pdf       dv1 b   7.26058e+00
chi2    = 79222.995824                                                                                                    | 6        pdf        g1 a   5.10170e-02
rchi2   = 11379.321030                                                                                                    | 7        pdf        g1 b   5.20593e-01
nchi2   = 242.670582                                                                                                      | 8        pdf        s1 N   1.91148e-01
chi2tot = 90844.987437                                                                                                    | 9        pdf        s1 a   9.16797e-01
dchi2(iter)  = inf                                                                                                        | 10        pdf        s1 b   1.35628e+00
dchi2(local) = -inf                                                                                                       | 11        pdf      sea1 N   2.15841e-02
pdf dv(1):1.000000                                                                                                        | 12        pdf      sea1 a  -1.74797e+00
pdf db-ub(2):0.029871                                                                                                     | 13        pdf      sea1 b   9.52638e+00
pdf msr:1.000000                                                                                                          | 14        pdf       ub1 N   7.97935e-02
pdf db-ub(1):-7.391867                                                                                                    | 15        pdf       ub1 a  -9.30238e-01
pdf uv(1):2.000000                                                                                                        | 16        pdf       ub1 b   9.91797e+00
pdf s-sb(1):0.000000                                                                                                      | 17        pdf       uv1 a   7.22291e-02
pdf s-sb(2):0.000000                                                                                                      | 18        pdf       uv1 b   3.92167e+00
                                                                                                                          | 19       norm       idis      10016  1.03203e+00
reaction: unpol DIS                                                                                                       | 20       norm       idis      10017  1.06365e+00
filters: Q2>1.690000                                                                                                      | 21       norm       idis      10010  1.11158e+00
filters: W2>10.000000                                                                                                     | 22       norm       idis      10011  1.19336e+00
    idx tar        col  npts       chi2  chi2-npts      rchi2      nchi2                                                  | 23       norm       idis      10020  1.17824e+00
  10016   p      BCDMS   348    3919.77    3571.77    3120.58       1.14                                                  | 
  10017   d      BCDMS   254    4663.79    4409.79    3017.53       4.50                                                  | 
  10020   p        NMC   273   14249.53   13976.53    4193.51      79.42                                                  | 
  10021 d/p        NMC   174    2337.38    2163.38    1047.70       0.00                                                  | 
  10010   p       SLAC   218   23470.25   23252.25       0.00      28.23                                                  | 
  10011   d       SLAC   228   30582.27   30354.27       0.00     129.37                                                  | 
['pdf']
JAM FITTER                                                                                                                | 1        pdf       db1 N   5.94498e-02
count = 200                                                                                                               | 2        pdf       db1 a  -8.86787e-01
elapsed time(mins)=1.947756                                                                                               | 3        pdf       db1 b   2.97503e+00
shifts  = 2                                                                                                               | 4        pdf       dv1 a  -4.31646e-01
npts    = 1495                                                                                                            | 5        pdf       dv1 b   5.12753e+00
chi2    = 3367.331093                                                                                                     | 6        pdf        g1 a  -1.24173e+00
rchi2   = 117.971066                                                                                                      | 7        pdf        g1 b   3.67475e+00
nchi2   = 87.243898                                                                                                       | 8        pdf        s1 N   4.57612e-02
chi2tot = 3572.546057                                                                                                     | 9        pdf        s1 a   3.84045e-01
dchi2(iter)  = inf                                                                                                        | 10        pdf        s1 b   3.09619e+00
dchi2(local) = -87272.441379                                                                                              | 11        pdf      sea1 N   3.81855e-03
pdf dv(1):1.000000                                                                                                        | 12        pdf      sea1 a  -1.84927e+00
pdf db-ub(2):0.037073                                                                                                     | 13        pdf      sea1 b   9.83914e+00
pdf msr:1.000000                                                                                                          | 14        pdf       ub1 N   2.23771e-02
pdf db-ub(1):-1.053020                                                                                                    | 15        pdf       ub1 a  -9.22541e-01
pdf uv(1):2.000000                                                                                                        | 16        pdf       ub1 b   9.99879e+00
pdf s-sb(1):0.000000                                                                                                      | 17        pdf       uv1 a  -1.10491e-01
pdf s-sb(2):0.000000                                                                                                      | 18        pdf       uv1 b   3.19100e+00
                                                                                                                          | 19       norm       idis      10016  1.05443e+00
reaction: unpol DIS                                                                                                       | 20       norm       idis      10017  1.07376e+00
filters: Q2>1.690000                                                                                                      | 21       norm       idis      10010  1.10876e+00
filters: W2>10.000000                                                                                                     | 22       norm       idis      10011  1.10850e+00
    idx tar        col  npts       chi2  chi2-npts      rchi2      nchi2                                                  | 23       norm       idis      10020  1.06434e+00
  10016   p      BCDMS   348     820.06     472.06      35.21       3.29                                                  | 
  10017   d      BCDMS   254     605.55     351.55      54.66       6.05                                                  | 
  10020   p        NMC   273     833.42     560.42      23.63      10.35                                                  | 
  10021 d/p        NMC   174     324.87     150.87       4.47       0.00                                                  | 
  10010   p       SLAC   218     393.79     175.79       0.00      26.82                                                  | 
  10011   d       SLAC   228     389.64     161.64       0.00      40.73                                                  | 
['pdf']
JAM FITTER                                                                                                                | 1        pdf       db1 N   4.26254e-02
count = 300                                                                                                               | 2        pdf       db1 a  -8.80125e-01
elapsed time(mins)=2.920887                                                                                               | 3        pdf       db1 b   3.70558e+00
shifts  = 2                                                                                                               | 4        pdf       dv1 a  -4.19578e-01
npts    = 1495                                                                                                            | 5        pdf       dv1 b   4.68452e+00
chi2    = 3055.458108                                                                                                     | 6        pdf        g1 a  -7.14578e-01
rchi2   = 67.193583                                                                                                       | 7        pdf        g1 b   3.31091e+00
nchi2   = 2.507590                                                                                                        | 8        pdf        s1 N   5.32478e-02
chi2tot = 3125.159281                                                                                                     | 9        pdf        s1 a   9.99311e-01
dchi2(iter)  = inf                                                                                                        | 10        pdf        s1 b   4.41775e+00
dchi2(local) = -87719.828155                                                                                              | 11        pdf      sea1 N   3.01293e-03
pdf dv(1):1.000000                                                                                                        | 12        pdf      sea1 a  -1.63148e+00
pdf db-ub(2):0.026656                                                                                                     | 13        pdf      sea1 b   9.95375e+00
pdf msr:1.000000                                                                                                          | 14        pdf       ub1 N   1.59695e-02
pdf db-ub(1):-4.751313                                                                                                    | 15        pdf       ub1 a  -9.72770e-01
pdf uv(1):2.000000                                                                                                        | 16        pdf       ub1 b   9.99997e+00
pdf s-sb(1):0.000000                                                                                                      | 17        pdf       uv1 a  -2.23184e-01
pdf s-sb(2):0.000000                                                                                                      | 18        pdf       uv1 b   3.02245e+00
                                                                                                                          | 19       norm       idis      10016  9.75155e-01
reaction: unpol DIS                                                                                                       | 20       norm       idis      10017  1.00089e+00
filters: Q2>1.690000                                                                                                      | 21       norm       idis      10010  1.01794e+00
filters: W2>10.000000                                                                                                     | 22       norm       idis      10011  1.01670e+00
    idx tar        col  npts       chi2  chi2-npts      rchi2      nchi2                                                  | 23       norm       idis      10020  9.92917e-01
  10016   p      BCDMS   348     734.55     386.55      28.77       0.69                                                  | 
  10017   d      BCDMS   254     540.41     286.41      22.81       0.00                                                  | 
  10020   p        NMC   273     725.41     452.41      13.04       0.13                                                  | 
  10021 d/p        NMC   174     311.52     137.52       2.57       0.00                                                  | 
  10010   p       SLAC   218     384.29     166.29       0.00       0.73                                                  | 
  10011   d       SLAC   228     359.28     131.28       0.00       0.97                                                  | 
['pdf']
JAM FITTER                                                                                                                | 1        pdf       db1 N   3.95476e-02
count = 400                                                                                                               | 2        pdf       db1 a  -8.95347e-01
elapsed time(mins)=3.899256                                                                                               | 3        pdf       db1 b   3.99914e+00
shifts  = 2                                                                                                               | 4        pdf       dv1 a  -4.14965e-01
npts    = 1495                                                                                                            | 5        pdf       dv1 b   4.83168e+00
chi2    = 3050.663680                                                                                                     | 6        pdf        g1 a  -6.86277e-01
rchi2   = 61.868448                                                                                                       | 7        pdf        g1 b   3.40374e+00
nchi2   = 2.427733                                                                                                        | 8        pdf        s1 N   6.94626e-02
chi2tot = 3114.959861                                                                                                     | 9        pdf        s1 a   9.99337e-01
dchi2(iter)  = inf                                                                                                        | 10        pdf        s1 b   4.58529e+00
dchi2(local) = -87730.027576                                                                                              | 11        pdf      sea1 N   2.76552e-03
pdf dv(1):1.000000                                                                                                        | 12        pdf      sea1 a  -1.67950e+00
pdf db-ub(2):0.024109                                                                                                     | 13        pdf      sea1 b   9.97312e+00
pdf msr:1.000000                                                                                                          | 14        pdf       ub1 N   1.54387e-02
pdf db-ub(1):-21.438728                                                                                                   | 15        pdf       ub1 a  -9.92728e-01
pdf uv(1):2.000000                                                                                                        | 16        pdf       ub1 b   9.99999e+00
pdf s-sb(1):0.000000                                                                                                      | 17        pdf       uv1 a  -2.54377e-01
pdf s-sb(2):0.000000                                                                                                      | 18        pdf       uv1 b   2.98490e+00
                                                                                                                          | 19       norm       idis      10016  9.64319e-01
reaction: unpol DIS                                                                                                       | 20       norm       idis      10017  9.89932e-01
filters: Q2>1.690000                                                                                                      | 21       norm       idis      10010  1.00757e+00
filters: W2>10.000000                                                                                                     | 22       norm       idis      10011  1.00651e+00
    idx tar        col  npts       chi2  chi2-npts      rchi2      nchi2                                                  | 23       norm       idis      10020  9.84204e-01
  10016   p      BCDMS   348     721.75     373.75      27.03       1.41                                                  | 
  10017   d      BCDMS   254     533.54     279.54      19.25       0.11                                                  | 
  10020   p        NMC   273     726.49     453.49      13.53       0.62                                                  | 
  10021 d/p        NMC   174     309.42     135.42       2.06       0.00                                                  | 
  10010   p       SLAC   218     390.21     172.21       0.00       0.13                                                  | 
  10011   d       SLAC   228     369.26     141.26       0.00       0.15                                                  | 
['pdf']
JAM FITTER                                                                                                                | 1        pdf       db1 N   3.90446e-02
count = 500                                                                                                               | 2        pdf       db1 a  -9.08327e-01
elapsed time(mins)=4.872084                                                                                               | 3        pdf       db1 b   4.00757e+00
shifts  = 3                                                                                                               | 4        pdf       dv1 a  -4.07568e-01
npts    = 1495                                                                                                            | 5        pdf       dv1 b   4.87983e+00
chi2    = 3050.831008                                                                                                     | 6        pdf        g1 a  -6.81725e-01
rchi2   = 61.397796                                                                                                       | 7        pdf        g1 b   3.40645e+00
nchi2   = 2.561498                                                                                                        | 8        pdf        s1 N   7.11549e-02
chi2tot = 3114.790301                                                                                                     | 9        pdf        s1 a   1.00000e+00
dchi2(iter)  = 87730.197135                                                                                               | 10        pdf        s1 b   4.58104e+00
dchi2(local) = -87730.197135                                                                                              | 11        pdf      sea1 N   2.67038e-03
pdf dv(1):1.000000                                                                                                        | 12        pdf      sea1 a  -1.69833e+00
pdf db-ub(2):0.023570                                                                                                     | 13        pdf      sea1 b   1.00000e+01
pdf msr:1.000000                                                                                                          | 14        pdf       ub1 N   1.54747e-02
pdf db-ub(1):-890629.614778                                                                                               | 15        pdf       ub1 a  -1.00000e+00
pdf uv(1):2.000000                                                                                                        | 16        pdf       ub1 b   1.00000e+01
pdf s-sb(1):0.000000                                                                                                      | 17        pdf       uv1 a  -2.57743e-01
pdf s-sb(2):0.000000                                                                                                      | 18        pdf       uv1 b   2.98161e+00
                                                                                                                          | 19       norm       idis      10016  9.62950e-01
reaction: unpol DIS                                                                                                       | 20       norm       idis      10017  9.88531e-01
filters: Q2>1.690000                                                                                                      | 21       norm       idis      10010  1.00609e+00
filters: W2>10.000000                                                                                                     | 22       norm       idis      10011  1.00504e+00
    idx tar        col  npts       chi2  chi2-npts      rchi2      nchi2                                                  | 23       norm       idis      10020  9.83052e-01
  10016   p      BCDMS   348     721.48     373.48      26.96       1.53                                                  | 
  10017   d      BCDMS   254     533.45     279.45      19.03       0.15                                                  | 
  10020   p        NMC   273     726.96     453.96      13.40       0.72                                                  | 
  10021 d/p        NMC   174     309.00     135.00       2.01       0.00                                                  | 
  10010   p       SLAC   218     390.18     172.18       0.00       0.08                                                  | 
  10011   d       SLAC   228     369.77     141.77       0.00       0.09                                                  | 
['pdf']
JAM FITTER                                                                                                                | 1        pdf       db1 N   3.90454e-02
count = 528                                                                                                               | 2        pdf       db1 a  -9.08324e-01
elapsed time(mins)=5.155705                                                                                               | 3        pdf       db1 b   4.00689e+00
shifts  = 2                                                                                                               | 4        pdf       dv1 a  -4.07564e-01
npts    = 1495                                                                                                            | 5        pdf       dv1 b   4.88026e+00
chi2    = 3050.831380                                                                                                     | 6        pdf        g1 a  -6.81761e-01
rchi2   = 61.397120                                                                                                       | 7        pdf        g1 b   3.40594e+00
nchi2   = 2.561799                                                                                                        | 8        pdf        s1 N   7.11549e-02
chi2tot = 3114.790298                                                                                                     | 9        pdf        s1 a   1.00000e+00
dchi2(iter)  = 87730.197135                                                                                               | 10        pdf        s1 b   4.58103e+00
dchi2(local) = -0.000003                                                                                                  | 11        pdf      sea1 N   2.67041e-03
pdf dv(1):1.000000                                                                                                        | 12        pdf      sea1 a  -1.69805e+00
pdf db-ub(2):0.023572                                                                                                     | 13        pdf      sea1 b   1.00000e+01
pdf msr:1.000000                                                                                                          | 14        pdf       ub1 N   1.54729e-02
pdf db-ub(1):-92363852.499623                                                                                             | 15        pdf       ub1 a  -1.00000e+00
pdf uv(1):2.000000                                                                                                        | 16        pdf       ub1 b   1.00000e+01
pdf s-sb(1):0.000000                                                                                                      | 17        pdf       uv1 a  -2.57747e-01
pdf s-sb(2):0.000000                                                                                                      | 18        pdf       uv1 b   2.98161e+00
                                                                                                                          | 19       norm       idis      10016  9.62948e-01
reaction: unpol DIS                                                                                                       | 20       norm       idis      10017  9.88529e-01
filters: Q2>1.690000                                                                                                      | 21       norm       idis      10010  1.00608e+00
filters: W2>10.000000                                                                                                     | 22       norm       idis      10011  1.00504e+00
    idx tar        col  npts       chi2  chi2-npts      rchi2      nchi2                                                  | 23       norm       idis      10020  9.83047e-01
  10016   p      BCDMS   348     721.47     373.47      26.95       1.53                                                  | 
  10017   d      BCDMS   254     533.45     279.45      19.04       0.15                                                  | 
  10020   p        NMC   273     726.96     453.96      13.40       0.72                                                  | 
  10021 d/p        NMC   174     309.00     135.00       2.01       0.00                                                  | 
  10010   p       SLAC   218     390.18     172.18       0.00       0.08                                                  | 
  10011   d       SLAC   228     369.77     141.77       0.00       0.09                                                  | 
