('active', 'pdf')

--step 1: npQCD objects = pdf , datasets = idis , tmc = False , ht = False
loading idis data sets 10016
loading idis data sets 10017
loading idis data sets 10020
loading idis data sets 10021
loading idis data sets 10010
loading idis data sets 10011
Loading DIS tables...
10016 has norm uncertainty
10017 has norm uncertainty
10020 has norm uncertainty
10010 has norm uncertainty
10011 has norm uncertainty
[H[J[H[J[H[J[H[J[H[J[H[J[H[J[H[J[H[J[H[J[H[J['pdf']
JAM FITTER                                                                                                                | 1        pdf       db1 N   6.54662e-02
count = 100                                                                                                               | 2        pdf       db1 a  -5.36979e-01
elapsed time(mins)=0.968055                                                                                               | 3        pdf       db1 b   4.31024e+00
shifts  = 3                                                                                                               | 4        pdf       dv1 a  -2.53625e-01
npts    = 1495                                                                                                            | 5        pdf       dv1 b   9.87953e+00
chi2    = 31722.127136                                                                                                    | 6        pdf        g1 a   6.59916e-01
rchi2   = 4306.840888                                                                                                     | 7        pdf        g1 b   2.12368e-01
nchi2   = 265.626070                                                                                                      | 8        pdf        s1 N   1.57691e-01
chi2tot = 36294.594094                                                                                                    | 9        pdf        s1 a   7.51297e-01
dchi2(iter)  = inf                                                                                                        | 10        pdf        s1 b   2.30860e-01
dchi2(local) = -inf                                                                                                       | 11        pdf      sea1 N   3.94121e-02
pdf dv(1):1.000000                                                                                                        | 12        pdf      sea1 a  -1.87676e+00
pdf db-ub(2):-0.088425                                                                                                    | 13        pdf      sea1 b   8.44029e+00
pdf msr:1.000000                                                                                                          | 14        pdf       ub1 N   1.53891e-01
pdf db-ub(1):0.158487                                                                                                     | 15        pdf       ub1 a   3.86662e-01
pdf uv(1):2.000000                                                                                                        | 16        pdf       ub1 b   3.54046e+00
pdf s-sb(1):0.000000                                                                                                      | 17        pdf       uv1 a  -2.84103e-01
pdf s-sb(2):0.000000                                                                                                      | 18        pdf       uv1 b   7.03665e+00
                                                                                                                          | 19       norm       idis      10016  1.12040e+00
reaction: unpol DIS                                                                                                       | 20       norm       idis      10017  1.03074e+00
filters: Q2>1.690000                                                                                                      | 21       norm       idis      10010  1.12128e+00
filters: W2>10.000000                                                                                                     | 22       norm       idis      10011  1.18475e+00
    idx tar        col  npts       chi2  chi2-npts      rchi2      nchi2                                                  | 23       norm       idis      10020  1.19699e+00
  10016   p      BCDMS   348    3777.93    3429.93    1562.61      16.11                                                  | 
  10017   d      BCDMS   254    3634.80    3380.80    1939.13       1.05                                                  | 
  10020   p        NMC   273    5092.78    4819.78     501.89      97.01                                                  | 
  10021 d/p        NMC   174    1220.54    1046.54     303.22       0.00                                                  | 
  10010   p       SLAC   218   11259.32   11041.32       0.00      33.35                                                  | 
  10011   d       SLAC   228    6736.76    6508.76       0.00     118.10                                                  | 
['pdf']
JAM FITTER                                                                                                                | 1        pdf       db1 N   6.56120e-02
count = 200                                                                                                               | 2        pdf       db1 a  -2.38886e-01
elapsed time(mins)=1.944175                                                                                               | 3        pdf       db1 b   4.43244e+00
shifts  = 3                                                                                                               | 4        pdf       dv1 a  -4.74482e-01
npts    = 1495                                                                                                            | 5        pdf       dv1 b   9.51357e+00
chi2    = 3721.231917                                                                                                     | 6        pdf        g1 a  -1.45680e+00
rchi2   = 132.987559                                                                                                      | 7        pdf        g1 b   5.55258e-01
nchi2   = 87.388006                                                                                                       | 8        pdf        s1 N   9.70259e-02
chi2tot = 3941.607482                                                                                                     | 9        pdf        s1 a  -9.89361e-01
dchi2(iter)  = 32352.986613                                                                                               | 10        pdf        s1 b   1.29462e+00
dchi2(local) = -32352.986613                                                                                              | 11        pdf      sea1 N   1.46542e-02
pdf dv(1):1.000000                                                                                                        | 12        pdf      sea1 a  -1.87507e+00
pdf db-ub(2):-0.060340                                                                                                    | 13        pdf      sea1 b   6.98047e+00
pdf msr:1.000000                                                                                                          | 14        pdf       ub1 N   1.25952e-01
pdf db-ub(1):0.041048                                                                                                     | 15        pdf       ub1 a   7.67929e-01
pdf uv(1):2.000000                                                                                                        | 16        pdf       ub1 b   4.15026e+00
pdf s-sb(1):-0.000000                                                                                                     | 17        pdf       uv1 a  -4.59403e-01
pdf s-sb(2):-0.000000                                                                                                     | 18        pdf       uv1 b   7.92350e+00
                                                                                                                          | 19       norm       idis      10016  1.04373e+00
reaction: unpol DIS                                                                                                       | 20       norm       idis      10017  1.06275e+00
filters: Q2>1.690000                                                                                                      | 21       norm       idis      10010  1.11760e+00
filters: W2>10.000000                                                                                                     | 22       norm       idis      10011  1.11551e+00
    idx tar        col  npts       chi2  chi2-npts      rchi2      nchi2                                                  | 23       norm       idis      10020  1.03665e+00
  10016   p      BCDMS   348     742.18     394.18      21.79       2.12                                                  | 
  10017   d      BCDMS   254     594.15     340.15      32.88       4.38                                                  | 
  10020   p        NMC   273    1182.51     909.51      70.65       3.36                                                  | 
  10021 d/p        NMC   174     322.04     148.04       7.67       0.00                                                  | 
  10010   p       SLAC   218     459.42     241.42       0.00      31.36                                                  | 
  10011   d       SLAC   228     420.94     192.94       0.00      46.17                                                  | 
['pdf']
JAM FITTER                                                                                                                | 1        pdf       db1 N   6.21626e-02
count = 300                                                                                                               | 2        pdf       db1 a  -2.65794e-01
elapsed time(mins)=2.919457                                                                                               | 3        pdf       db1 b   4.32662e+00
shifts  = 2                                                                                                               | 4        pdf       dv1 a  -4.99862e-01
npts    = 1495                                                                                                            | 5        pdf       dv1 b   9.57215e+00
chi2    = 3092.413335                                                                                                     | 6        pdf        g1 a  -8.77507e-01
rchi2   = 80.177033                                                                                                       | 7        pdf        g1 b   2.82566e+00
nchi2   = 4.160455                                                                                                        | 8        pdf        s1 N   7.74585e-02
chi2tot = 3176.750823                                                                                                     | 9        pdf        s1 a  -9.80671e-01
dchi2(iter)  = 32352.986613                                                                                               | 10        pdf        s1 b   1.06931e+00
dchi2(local) = -764.856658                                                                                                | 11        pdf      sea1 N   7.56332e-03
pdf dv(1):1.000000                                                                                                        | 12        pdf      sea1 a  -1.86849e+00
pdf db-ub(2):-0.055560                                                                                                    | 13        pdf      sea1 b   6.73133e+00
pdf msr:1.000000                                                                                                          | 14        pdf       ub1 N   1.17723e-01
pdf db-ub(1):0.053877                                                                                                     | 15        pdf       ub1 a   7.86815e-01
pdf uv(1):2.000000                                                                                                        | 16        pdf       ub1 b   4.18409e+00
pdf s-sb(1):0.000000                                                                                                      | 17        pdf       uv1 a  -4.99824e-01
pdf s-sb(2):0.000000                                                                                                      | 18        pdf       uv1 b   7.66594e+00
                                                                                                                          | 19       norm       idis      10016  9.75566e-01
reaction: unpol DIS                                                                                                       | 20       norm       idis      10017  9.90901e-01
filters: Q2>1.690000                                                                                                      | 21       norm       idis      10010  1.02707e+00
filters: W2>10.000000                                                                                                     | 22       norm       idis      10011  1.02106e+00
    idx tar        col  npts       chi2  chi2-npts      rchi2      nchi2                                                  | 23       norm       idis      10020  9.90853e-01
  10016   p      BCDMS   348     715.63     367.63      17.61       0.66                                                  | 
  10017   d      BCDMS   254     544.34     290.34      24.31       0.09                                                  | 
  10020   p        NMC   273     717.39     444.39      27.13       0.21                                                  | 
  10021 d/p        NMC   174     343.66     169.66      11.13       0.00                                                  | 
  10010   p       SLAC   218     423.98     205.98       0.00       1.66                                                  | 
  10011   d       SLAC   228     347.41     119.41       0.00       1.53                                                  | 
['pdf']
JAM FITTER                                                                                                                | 1        pdf       db1 N   6.30799e-02
count = 400                                                                                                               | 2        pdf       db1 a  -2.41240e-01
elapsed time(mins)=3.903270                                                                                               | 3        pdf       db1 b   4.33179e+00
shifts  = 2                                                                                                               | 4        pdf       dv1 a  -4.99911e-01
npts    = 1495                                                                                                            | 5        pdf       dv1 b   9.57448e+00
chi2    = 3050.226118                                                                                                     | 6        pdf        g1 a  -8.65409e-01
rchi2   = 68.139380                                                                                                       | 7        pdf        g1 b   2.90757e+00
nchi2   = 3.177815                                                                                                        | 8        pdf        s1 N   6.51978e-02
chi2tot = 3121.543313                                                                                                     | 9        pdf        s1 a  -9.80827e-01
dchi2(iter)  = 32352.986613                                                                                               | 10        pdf        s1 b   1.01034e+00
dchi2(local) = -820.064169                                                                                                | 11        pdf      sea1 N   5.57726e-03
pdf dv(1):1.000000                                                                                                        | 12        pdf      sea1 a  -1.73925e+00
pdf db-ub(2):-0.054927                                                                                                    | 13        pdf      sea1 b   6.73381e+00
pdf msr:1.000000                                                                                                          | 14        pdf       ub1 N   1.18007e-01
pdf db-ub(1):0.047777                                                                                                     | 15        pdf       ub1 a   7.89054e-01
pdf uv(1):2.000000                                                                                                        | 16        pdf       ub1 b   4.16305e+00
pdf s-sb(1):0.000000                                                                                                      | 17        pdf       uv1 a  -4.99883e-01
pdf s-sb(2):0.000000                                                                                                      | 18        pdf       uv1 b   7.49639e+00
                                                                                                                          | 19       norm       idis      10016  9.76568e-01
reaction: unpol DIS                                                                                                       | 20       norm       idis      10017  9.91592e-01
filters: Q2>1.690000                                                                                                      | 21       norm       idis      10010  1.02467e+00
filters: W2>10.000000                                                                                                     | 22       norm       idis      10011  1.01781e+00
    idx tar        col  npts       chi2  chi2-npts      rchi2      nchi2                                                  | 23       norm       idis      10020  9.97927e-01
  10016   p      BCDMS   348     715.97     367.97      15.63       0.61                                                  | 
  10017   d      BCDMS   254     537.24     283.24      19.80       0.08                                                  | 
  10020   p        NMC   273     686.46     413.46      20.49       0.01                                                  | 
  10021 d/p        NMC   174     340.15     166.15      12.23       0.00                                                  | 
  10010   p       SLAC   218     429.69     211.69       0.00       1.38                                                  | 
  10011   d       SLAC   228     340.72     112.72       0.00       1.10                                                  | 
['pdf']
JAM FITTER                                                                                                                | 1        pdf       db1 N   6.55877e-02
count = 500                                                                                                               | 2        pdf       db1 a  -6.22894e-02
elapsed time(mins)=4.872505                                                                                               | 3        pdf       db1 b   4.62988e+00
shifts  = 2                                                                                                               | 4        pdf       dv1 a  -4.99996e-01
npts    = 1495                                                                                                            | 5        pdf       dv1 b   9.85401e+00
chi2    = 2936.630582                                                                                                     | 6        pdf        g1 a  -6.78094e-01
rchi2   = 58.137880                                                                                                       | 7        pdf        g1 b   3.12335e+00
nchi2   = 3.408670                                                                                                        | 8        pdf        s1 N   3.18975e-02
chi2tot = 2998.177131                                                                                                     | 9        pdf        s1 a  -8.83100e-01
dchi2(iter)  = 32352.986613                                                                                               | 10        pdf        s1 b   5.82428e-01
dchi2(local) = -943.430350                                                                                                | 11        pdf      sea1 N   7.64934e-03
pdf dv(1):1.000000                                                                                                        | 12        pdf      sea1 a  -1.42497e+00
pdf db-ub(2):-0.042183                                                                                                    | 13        pdf      sea1 b   7.72763e+00
pdf msr:1.000000                                                                                                          | 14        pdf       ub1 N   1.07770e-01
pdf db-ub(1):0.057784                                                                                                     | 15        pdf       ub1 a   8.06971e-01
pdf uv(1):2.000000                                                                                                        | 16        pdf       ub1 b   3.92631e+00
pdf s-sb(1):0.000000                                                                                                      | 17        pdf       uv1 a  -4.99937e-01
pdf s-sb(2):0.000000                                                                                                      | 18        pdf       uv1 b   5.68793e+00
                                                                                                                          | 19       norm       idis      10016  9.87201e-01
reaction: unpol DIS                                                                                                       | 20       norm       idis      10017  1.00383e+00
filters: Q2>1.690000                                                                                                      | 21       norm       idis      10010  1.02804e+00
filters: W2>10.000000                                                                                                     | 22       norm       idis      10011  1.01952e+00
    idx tar        col  npts       chi2  chi2-npts      rchi2      nchi2                                                  | 23       norm       idis      10020  1.00659e+00
  10016   p      BCDMS   348     694.13     346.13      17.44       0.18                                                  | 
  10017   d      BCDMS   254     521.16     267.16      15.54       0.02                                                  | 
  10020   p        NMC   273     653.85     380.85      14.57       0.11                                                  | 
  10021 d/p        NMC   174     315.85     141.85      10.60       0.00                                                  | 
  10010   p       SLAC   218     421.15     203.15       0.00       1.78                                                  | 
  10011   d       SLAC   228     330.49     102.49       0.00       1.32                                                  | 
['pdf']
JAM FITTER                                                                                                                | 1        pdf       db1 N   6.43900e-02
count = 600                                                                                                               | 2        pdf       db1 a   4.68140e-02
elapsed time(mins)=5.836963                                                                                               | 3        pdf       db1 b   4.81078e+00
shifts  = 2                                                                                                               | 4        pdf       dv1 a  -5.00000e-01
npts    = 1495                                                                                                            | 5        pdf       dv1 b   9.95012e+00
chi2    = 2916.457097                                                                                                     | 6        pdf        g1 a  -6.60406e-01
rchi2   = 52.640562                                                                                                       | 7        pdf        g1 b   2.85787e+00
nchi2   = 1.405003                                                                                                        | 8        pdf        s1 N   2.50006e-02
chi2tot = 2970.502662                                                                                                     | 9        pdf        s1 a  -8.66513e-01
dchi2(iter)  = 32352.986613                                                                                               | 10        pdf        s1 b   4.74085e-01
dchi2(local) = -971.104819                                                                                                | 11        pdf      sea1 N   8.78588e-03
pdf dv(1):1.000000                                                                                                        | 12        pdf      sea1 a  -1.34079e+00
pdf db-ub(2):-0.025205                                                                                                    | 13        pdf      sea1 b   8.26067e+00
pdf msr:1.000000                                                                                                          | 14        pdf       ub1 N   8.95947e-02
pdf db-ub(1):0.102317                                                                                                     | 15        pdf       ub1 a   8.71521e-01
pdf uv(1):2.000000                                                                                                        | 16        pdf       ub1 b   3.80237e+00
pdf s-sb(1):0.000000                                                                                                      | 17        pdf       uv1 a  -4.72615e-01
pdf s-sb(2):0.000000                                                                                                      | 18        pdf       uv1 b   4.65529e+00
                                                                                                                          | 19       norm       idis      10016  9.80389e-01
reaction: unpol DIS                                                                                                       | 20       norm       idis      10017  9.99233e-01
filters: Q2>1.690000                                                                                                      | 21       norm       idis      10010  1.01725e+00
filters: W2>10.000000                                                                                                     | 22       norm       idis      10011  1.00934e+00
    idx tar        col  npts       chi2  chi2-npts      rchi2      nchi2                                                  | 23       norm       idis      10020  9.99735e-01
  10016   p      BCDMS   348     693.94     345.94      17.38       0.43                                                  | 
  10017   d      BCDMS   254     519.33     265.33      13.95       0.00                                                  | 
  10020   p        NMC   273     653.00     380.00      13.92       0.00                                                  | 
  10021 d/p        NMC   174     302.60     128.60       7.39       0.00                                                  | 
  10010   p       SLAC   218     415.39     197.39       0.00       0.67                                                  | 
  10011   d       SLAC   228     332.19     104.19       0.00       0.30                                                  | 
['pdf']
JAM FITTER                                                                                                                | 1        pdf       db1 N   6.22235e-02
count = 700                                                                                                               | 2        pdf       db1 a   1.57335e-01
elapsed time(mins)=6.801880                                                                                               | 3        pdf       db1 b   5.11253e+00
shifts  = 3                                                                                                               | 4        pdf       dv1 a  -5.00000e-01
npts    = 1495                                                                                                            | 5        pdf       dv1 b   9.99120e+00
chi2    = 2911.031431                                                                                                     | 6        pdf        g1 a  -6.28654e-01
rchi2   = 49.660284                                                                                                       | 7        pdf        g1 b   2.77854e+00
nchi2   = 1.003734                                                                                                        | 8        pdf        s1 N   2.55422e-02
chi2tot = 2961.695448                                                                                                     | 9        pdf        s1 a  -3.96610e-01
dchi2(iter)  = 979.912033                                                                                                 | 10        pdf        s1 b   8.43763e-01
dchi2(local) = -979.912033                                                                                                | 11        pdf      sea1 N   9.85639e-03
pdf dv(1):1.000000                                                                                                        | 12        pdf      sea1 a  -1.27323e+00
pdf db-ub(2):-0.010811                                                                                                    | 13        pdf      sea1 b   8.81229e+00
pdf msr:1.000000                                                                                                          | 14        pdf       ub1 N   7.30343e-02
pdf db-ub(1):0.138398                                                                                                     | 15        pdf       ub1 a   9.63600e-01
pdf uv(1):2.000000                                                                                                        | 16        pdf       ub1 b   3.82411e+00
pdf s-sb(1):0.000000                                                                                                      | 17        pdf       uv1 a  -4.42541e-01
pdf s-sb(2):0.000000                                                                                                      | 18        pdf       uv1 b   4.09504e+00
                                                                                                                          | 19       norm       idis      10016  9.75024e-01
reaction: unpol DIS                                                                                                       | 20       norm       idis      10017  9.94494e-01
filters: Q2>1.690000                                                                                                      | 21       norm       idis      10010  1.00963e+00
filters: W2>10.000000                                                                                                     | 22       norm       idis      10011  1.00208e+00
    idx tar        col  npts       chi2  chi2-npts      rchi2      nchi2                                                  | 23       norm       idis      10020  9.95449e-01
  10016   p      BCDMS   348     693.17     345.17      17.20       0.69                                                  | 
  10017   d      BCDMS   254     517.89     263.89      13.40       0.03                                                  | 
  10020   p        NMC   273     655.21     382.21      13.19       0.05                                                  | 
  10021 d/p        NMC   174     298.86     124.86       5.86       0.00                                                  | 
  10010   p       SLAC   218     412.50     194.50       0.00       0.21                                                  | 
  10011   d       SLAC   228     333.40     105.40       0.00       0.02                                                  | 
['pdf']
JAM FITTER                                                                                                                | 1        pdf       db1 N   6.31279e-02
count = 800                                                                                                               | 2        pdf       db1 a   1.65059e-01
elapsed time(mins)=7.773512                                                                                               | 3        pdf       db1 b   5.13974e+00
shifts  = 1                                                                                                               | 4        pdf       dv1 a  -5.00000e-01
npts    = 1495                                                                                                            | 5        pdf       dv1 b   9.99993e+00
chi2    = 2911.594244                                                                                                     | 6        pdf        g1 a  -6.36426e-01
rchi2   = 48.527593                                                                                                       | 7        pdf        g1 b   2.72003e+00
nchi2   = 0.924955                                                                                                        | 8        pdf        s1 N   2.04377e-02
chi2tot = 2961.046791                                                                                                     | 9        pdf        s1 a   2.57778e-01
dchi2(iter)  = 979.912033                                                                                                 | 10        pdf        s1 b   1.05852e+00
dchi2(local) = -0.648657                                                                                                  | 11        pdf      sea1 N   9.97328e-03
pdf dv(1):1.000000                                                                                                        | 12        pdf      sea1 a  -1.26459e+00
pdf db-ub(2):-0.009431                                                                                                    | 13        pdf      sea1 b   9.01956e+00
pdf msr:1.000000                                                                                                          | 14        pdf       ub1 N   7.25590e-02
pdf db-ub(1):0.146840                                                                                                     | 15        pdf       ub1 a   9.94236e-01
pdf uv(1):2.000000                                                                                                        | 16        pdf       ub1 b   3.84842e+00
pdf s-sb(1):0.000000                                                                                                      | 17        pdf       uv1 a  -4.29779e-01
pdf s-sb(2):0.000000                                                                                                      | 18        pdf       uv1 b   4.13839e+00
                                                                                                                          | 19       norm       idis      10016  9.75965e-01
reaction: unpol DIS                                                                                                       | 20       norm       idis      10017  9.95635e-01
filters: Q2>1.690000                                                                                                      | 21       norm       idis      10010  1.00959e+00
filters: W2>10.000000                                                                                                     | 22       norm       idis      10011  1.00215e+00
    idx tar        col  npts       chi2  chi2-npts      rchi2      nchi2                                                  | 23       norm       idis      10020  9.96141e-01
  10016   p      BCDMS   348     693.50     345.50      16.86       0.64                                                  | 
  10017   d      BCDMS   254     517.57     263.57      13.11       0.02                                                  | 
  10020   p        NMC   273     654.96     381.96      12.88       0.04                                                  | 
  10021 d/p        NMC   174     298.93     124.93       5.68       0.00                                                  | 
  10010   p       SLAC   218     412.68     194.68       0.00       0.21                                                  | 
  10011   d       SLAC   228     333.96     105.96       0.00       0.02                                                  | 
['pdf']
JAM FITTER                                                                                                                | 1        pdf       db1 N   6.38941e-02
count = 900                                                                                                               | 2        pdf       db1 a   1.60295e-01
elapsed time(mins)=8.716547                                                                                               | 3        pdf       db1 b   5.11372e+00
shifts  = 2                                                                                                               | 4        pdf       dv1 a  -5.00000e-01
npts    = 1495                                                                                                            | 5        pdf       dv1 b   1.00000e+01
chi2    = 2911.296751                                                                                                     | 6        pdf        g1 a  -6.43955e-01
rchi2   = 48.460340                                                                                                       | 7        pdf        g1 b   2.68658e+00
nchi2   = 0.885771                                                                                                        | 8        pdf        s1 N   1.71594e-02
chi2tot = 2960.642862                                                                                                     | 9        pdf        s1 a   8.29704e-01
dchi2(iter)  = 979.912033                                                                                                 | 10        pdf        s1 b   1.20465e+00
dchi2(local) = -1.052587                                                                                                  | 11        pdf      sea1 N   9.90642e-03
pdf dv(1):1.000000                                                                                                        | 12        pdf      sea1 a  -1.26602e+00
pdf db-ub(2):-0.010072                                                                                                    | 13        pdf      sea1 b   9.09978e+00
pdf msr:1.000000                                                                                                          | 14        pdf       ub1 N   7.39664e-02
pdf db-ub(1):0.146628                                                                                                     | 15        pdf       ub1 a   9.94995e-01
pdf uv(1):2.000000                                                                                                        | 16        pdf       ub1 b   3.85394e+00
pdf s-sb(1):0.000000                                                                                                      | 17        pdf       uv1 a  -4.28377e-01
pdf s-sb(2):0.000000                                                                                                      | 18        pdf       uv1 b   4.18366e+00
                                                                                                                          | 19       norm       idis      10016  9.77033e-01
reaction: unpol DIS                                                                                                       | 20       norm       idis      10017  9.96724e-01
filters: Q2>1.690000                                                                                                      | 21       norm       idis      10010  1.01025e+00
filters: W2>10.000000                                                                                                     | 22       norm       idis      10011  1.00275e+00
    idx tar        col  npts       chi2  chi2-npts      rchi2      nchi2                                                  | 23       norm       idis      10020  9.96943e-01
  10016   p      BCDMS   348     693.46     345.46      16.89       0.59                                                  | 
  10017   d      BCDMS   254     517.42     263.42      13.18       0.01                                                  | 
  10020   p        NMC   273     654.68     381.68      12.71       0.02                                                  | 
  10021 d/p        NMC   174     299.09     125.09       5.69       0.00                                                  | 
  10010   p       SLAC   218     412.85     194.85       0.00       0.24                                                  | 
  10011   d       SLAC   228     333.79     105.79       0.00       0.03                                                  | 
['pdf']
JAM FITTER                                                                                                                | 1        pdf       db1 N   6.40124e-02
count = 1000                                                                                                              | 2        pdf       db1 a   1.60973e-01
elapsed time(mins)=9.680366                                                                                               | 3        pdf       db1 b   5.11047e+00
shifts  = 2                                                                                                               | 4        pdf       dv1 a  -5.00000e-01
npts    = 1495                                                                                                            | 5        pdf       dv1 b   1.00000e+01
chi2    = 2911.233083                                                                                                     | 6        pdf        g1 a  -6.45863e-01
rchi2   = 48.417729                                                                                                       | 7        pdf        g1 b   2.67769e+00
nchi2   = 0.879292                                                                                                        | 8        pdf        s1 N   1.65035e-02
chi2tot = 2960.530104                                                                                                     | 9        pdf        s1 a   9.99995e-01
dchi2(iter)  = 979.912033                                                                                                 | 10        pdf        s1 b   1.25240e+00
dchi2(local) = -1.165345                                                                                                  | 11        pdf      sea1 N   9.92066e-03
pdf dv(1):1.000000                                                                                                        | 12        pdf      sea1 a  -1.26637e+00
pdf db-ub(2):-0.009988                                                                                                    | 13        pdf      sea1 b   9.08224e+00
pdf msr:1.000000                                                                                                          | 14        pdf       ub1 N   7.40001e-02
pdf db-ub(1):0.147123                                                                                                     | 15        pdf       ub1 a   9.99992e-01
pdf uv(1):2.000000                                                                                                        | 16        pdf       ub1 b   3.85948e+00
pdf s-sb(1):0.000000                                                                                                      | 17        pdf       uv1 a  -4.27479e-01
pdf s-sb(2):0.000000                                                                                                      | 18        pdf       uv1 b   4.18709e+00
                                                                                                                          | 19       norm       idis      10016  9.77172e-01
reaction: unpol DIS                                                                                                       | 20       norm       idis      10017  9.96872e-01
filters: Q2>1.690000                                                                                                      | 21       norm       idis      10010  1.01030e+00
filters: W2>10.000000                                                                                                     | 22       norm       idis      10011  1.00279e+00
    idx tar        col  npts       chi2  chi2-npts      rchi2      nchi2                                                  | 23       norm       idis      10020  9.97035e-01
  10016   p      BCDMS   348     693.51     345.51      16.89       0.58                                                  | 
  10017   d      BCDMS   254     517.34     263.34      13.18       0.01                                                  | 
  10020   p        NMC   273     654.60     381.60      12.67       0.02                                                  | 
  10021 d/p        NMC   174     299.13     125.13       5.67       0.00                                                  | 
  10010   p       SLAC   218     412.85     194.85       0.00       0.24                                                  | 
  10011   d       SLAC   228     333.80     105.80       0.00       0.03                                                  | 
['pdf']
JAM FITTER                                                                                                                | 1        pdf       db1 N   6.40137e-02
count = 1038                                                                                                              | 2        pdf       db1 a   1.60938e-01
elapsed time(mins)=10.054236                                                                                              | 3        pdf       db1 b   5.11044e+00
shifts  = 2                                                                                                               | 4        pdf       dv1 a  -5.00000e-01
npts    = 1495                                                                                                            | 5        pdf       dv1 b   1.00000e+01
chi2    = 2911.238437                                                                                                     | 6        pdf        g1 a  -6.45867e-01
rchi2   = 48.412377                                                                                                       | 7        pdf        g1 b   2.67767e+00
nchi2   = 0.879280                                                                                                        | 8        pdf        s1 N   1.65034e-02
chi2tot = 2960.530094                                                                                                     | 9        pdf        s1 a   9.99995e-01
dchi2(iter)  = 979.912033                                                                                                 | 10        pdf        s1 b   1.25238e+00
dchi2(local) = -1.165355                                                                                                  | 11        pdf      sea1 N   9.91957e-03
pdf dv(1):1.000000                                                                                                        | 12        pdf      sea1 a  -1.26637e+00
pdf db-ub(2):-0.009991                                                                                                    | 13        pdf      sea1 b   9.08384e+00
pdf msr:1.000000                                                                                                          | 14        pdf       ub1 N   7.40045e-02
pdf db-ub(1):0.147124                                                                                                     | 15        pdf       ub1 a   9.99990e-01
pdf uv(1):2.000000                                                                                                        | 16        pdf       ub1 b   3.85949e+00
pdf s-sb(1):-0.000000                                                                                                     | 17        pdf       uv1 a  -4.27467e-01
pdf s-sb(2):-0.000000                                                                                                     | 18        pdf       uv1 b   4.18737e+00
                                                                                                                          | 19       norm       idis      10016  9.77173e-01
reaction: unpol DIS                                                                                                       | 20       norm       idis      10017  9.96872e-01
filters: Q2>1.690000                                                                                                      | 21       norm       idis      10010  1.01030e+00
filters: W2>10.000000                                                                                                     | 22       norm       idis      10011  1.00279e+00
    idx tar        col  npts       chi2  chi2-npts      rchi2      nchi2                                                  | 23       norm       idis      10020  9.97035e-01
  10016   p      BCDMS   348     693.51     345.51      16.89       0.58                                                  | 
  10017   d      BCDMS   254     517.33     263.33      13.18       0.01                                                  | 
  10020   p        NMC   273     654.60     381.60      12.67       0.02                                                  | 
  10021 d/p        NMC   174     299.13     125.13       5.67       0.00                                                  | 
  10010   p       SLAC   218     412.86     194.86       0.00       0.24                                                  | 
  10011   d       SLAC   228     333.81     105.81       0.00       0.03                                                  | 
