('active', 'pdf')

--step 1: npQCD objects = pdf , datasets = idis , tmc = False , ht = False
loading idis data sets 10016
loading idis data sets 10017
loading idis data sets 10020
loading idis data sets 10021
loading idis data sets 10010
loading idis data sets 10011
Loading DIS tables...
10016 has norm uncertainty
10017 has norm uncertainty
10020 has norm uncertainty
10010 has norm uncertainty
10011 has norm uncertainty
[H[J[H[J[H[J[H[J[H[J[H[J[H[J[H[J[H[J[H[J[H[J[H[J['pdf']
JAM FITTER                                                                                                                | 1        pdf       db1 N   3.48102e-03
count = 100                                                                                                               | 2        pdf       db1 a   3.73020e-02
elapsed time(mins)=0.944422                                                                                               | 3        pdf       db1 b   6.24493e+00
shifts  = 2                                                                                                               | 4        pdf       dv1 a  -4.14339e-01
npts    = 1495                                                                                                            | 5        pdf       dv1 b   8.48079e+00
chi2    = 137765.113654                                                                                                   | 6        pdf        g1 a   7.66690e-01
rchi2   = 12390.648413                                                                                                    | 7        pdf        g1 b   3.77999e+00
nchi2   = 261.897380                                                                                                      | 8        pdf        s1 N   1.40513e-01
chi2tot = 150417.659447                                                                                                   | 9        pdf        s1 a   4.55884e-01
dchi2(iter)  = 0.000000                                                                                                   | 10        pdf        s1 b   4.17816e+00
dchi2(local) = -inf                                                                                                       | 11        pdf      sea1 N   1.57373e-01
pdf dv(1):1.000000                                                                                                        | 12        pdf      sea1 a  -1.72823e+00
pdf db-ub(2):-0.044804                                                                                                    | 13        pdf      sea1 b   1.66051e-01
pdf msr:1.000000                                                                                                          | 14        pdf       ub1 N   4.82846e-02
pdf db-ub(1):-2.170920                                                                                                    | 15        pdf       ub1 a  -8.60634e-01
pdf uv(1):2.000000                                                                                                        | 16        pdf       ub1 b   5.20686e+00
pdf s-sb(1):0.000000                                                                                                      | 17        pdf       uv1 a  -2.12856e-01
pdf s-sb(2):0.000000                                                                                                      | 18        pdf       uv1 b   8.36636e+00
                                                                                                                          | 19       norm       idis      10016  9.75831e-01
reaction: unpol DIS                                                                                                       | 20       norm       idis      10017  1.11518e+00
filters: Q2>1.690000                                                                                                      | 21       norm       idis      10010  1.18058e+00
filters: W2>10.000000                                                                                                     | 22       norm       idis      10011  1.14874e+00
    idx tar        col  npts       chi2  chi2-npts      rchi2      nchi2                                                  | 23       norm       idis      10020  1.19598e+00
  10016   p      BCDMS   348   34698.37   34350.37     947.73       0.65                                                  | 
  10017   d      BCDMS   254   15774.26   15520.26     119.49      14.74                                                  | 
  10020   p        NMC   273   30734.20   30461.20   10105.21      96.02                                                  | 
  10021 d/p        NMC   174    3802.09    3628.09    1218.21       0.00                                                  | 
  10010   p       SLAC   218   26561.61   26343.61       0.00      73.94                                                  | 
  10011   d       SLAC   228   26194.59   25966.59       0.00      76.55                                                  | 
['pdf']
JAM FITTER                                                                                                                | 1        pdf       db1 N   1.94342e-02
count = 200                                                                                                               | 2        pdf       db1 a  -6.37072e-01
elapsed time(mins)=1.899241                                                                                               | 3        pdf       db1 b   7.12282e+00
shifts  = 2                                                                                                               | 4        pdf       dv1 a  -2.16865e-01
npts    = 1495                                                                                                            | 5        pdf       dv1 b   8.79418e+00
chi2    = 6627.485107                                                                                                     | 6        pdf        g1 a   8.36176e-01
rchi2   = 767.969311                                                                                                      | 7        pdf        g1 b   2.33678e+00
nchi2   = 138.042244                                                                                                      | 8        pdf        s1 N   2.71009e-01
chi2tot = 7533.496662                                                                                                     | 9        pdf        s1 a   6.95874e-01
dchi2(iter)  = 0.000000                                                                                                   | 10        pdf        s1 b   4.29439e+00
dchi2(local) = -inf                                                                                                       | 11        pdf      sea1 N   2.99424e-02
pdf dv(1):1.000000                                                                                                        | 12        pdf      sea1 a  -1.81854e+00
pdf db-ub(2):-0.044199                                                                                                    | 13        pdf      sea1 b   4.83534e-02
pdf msr:1.000000                                                                                                          | 14        pdf       ub1 N   6.36336e-02
pdf db-ub(1):0.144118                                                                                                     | 15        pdf       ub1 a  -9.92432e-02
pdf uv(1):2.000000                                                                                                        | 16        pdf       ub1 b   2.49136e+00
pdf s-sb(1):0.000000                                                                                                      | 17        pdf       uv1 a  -4.99832e-01
pdf s-sb(2):0.000000                                                                                                      | 18        pdf       uv1 b   5.45177e+00
                                                                                                                          | 19       norm       idis      10016  9.77651e-01
reaction: unpol DIS                                                                                                       | 20       norm       idis      10017  1.04408e+00
filters: Q2>1.690000                                                                                                      | 21       norm       idis      10010  1.13734e+00
filters: W2>10.000000                                                                                                     | 22       norm       idis      10011  1.16220e+00
    idx tar        col  npts       chi2  chi2-npts      rchi2      nchi2                                                  | 23       norm       idis      10020  9.75332e-01
  10016   p      BCDMS   348    1066.37     718.37     205.55       0.55                                                  | 
  10017   d      BCDMS   254     699.04     445.04     139.92       2.16                                                  | 
  10020   p        NMC   273    2917.29    2644.29     377.91       1.52                                                  | 
  10021 d/p        NMC   174     540.55     366.55      44.59       0.00                                                  | 
  10010   p       SLAC   218     859.48     641.48       0.00      42.77                                                  | 
  10011   d       SLAC   228     544.76     316.76       0.00      91.04                                                  | 
['pdf']
JAM FITTER                                                                                                                | 1        pdf       db1 N   2.35794e-02
count = 300                                                                                                               | 2        pdf       db1 a  -5.17362e-01
elapsed time(mins)=2.844219                                                                                               | 3        pdf       db1 b   7.85277e+00
shifts  = 2                                                                                                               | 4        pdf       dv1 a  -3.67882e-01
npts    = 1495                                                                                                            | 5        pdf       dv1 b   8.66801e+00
chi2    = 3354.344659                                                                                                     | 6        pdf        g1 a  -4.66530e-01
rchi2   = 180.965798                                                                                                      | 7        pdf        g1 b   4.52085e+00
nchi2   = 30.528068                                                                                                       | 8        pdf        s1 N   2.35240e-01
chi2tot = 3565.838525                                                                                                     | 9        pdf        s1 a   8.96392e-01
dchi2(iter)  = 0.000000                                                                                                   | 10        pdf        s1 b   5.02020e+00
dchi2(local) = -inf                                                                                                       | 11        pdf      sea1 N   1.04768e-02
pdf dv(1):1.000000                                                                                                        | 12        pdf      sea1 a  -1.71374e+00
pdf db-ub(2):-0.060156                                                                                                    | 13        pdf      sea1 b   5.85751e-01
pdf msr:1.000000                                                                                                          | 14        pdf       ub1 N   8.37349e-02
pdf db-ub(1):0.116150                                                                                                     | 15        pdf       ub1 a   3.20764e-01
pdf uv(1):2.000000                                                                                                        | 16        pdf       ub1 b   3.04107e+00
pdf s-sb(1):-0.000000                                                                                                     | 17        pdf       uv1 a  -4.89713e-01
pdf s-sb(2):-0.000000                                                                                                     | 18        pdf       uv1 b   7.42780e+00
                                                                                                                          | 19       norm       idis      10016  9.85986e-01
reaction: unpol DIS                                                                                                       | 20       norm       idis      10017  1.02332e+00
filters: Q2>1.690000                                                                                                      | 21       norm       idis      10010  1.06823e+00
filters: W2>10.000000                                                                                                     | 22       norm       idis      10011  1.07395e+00
    idx tar        col  npts       chi2  chi2-npts      rchi2      nchi2                                                  | 23       norm       idis      10020  1.00957e+00
  10016   p      BCDMS   348     721.61     373.61      38.93       0.22                                                  | 
  10017   d      BCDMS   254     541.84     287.84      40.28       0.60                                                  | 
  10020   p        NMC   273     760.20     487.20      96.15       0.23                                                  | 
  10021 d/p        NMC   174     379.41     205.41       5.60       0.00                                                  | 
  10010   p       SLAC   218     522.82     304.82       0.00      10.56                                                  | 
  10011   d       SLAC   228     428.46     200.46       0.00      18.92                                                  | 
['pdf']
JAM FITTER                                                                                                                | 1        pdf       db1 N   2.72367e-02
count = 400                                                                                                               | 2        pdf       db1 a  -5.72741e-01
elapsed time(mins)=3.799113                                                                                               | 3        pdf       db1 b   5.24894e+00
shifts  = 2                                                                                                               | 4        pdf       dv1 a  -4.08583e-01
npts    = 1495                                                                                                            | 5        pdf       dv1 b   7.87563e+00
chi2    = 2951.923822                                                                                                     | 6        pdf        g1 a  -5.80706e-01
rchi2   = 80.660375                                                                                                       | 7        pdf        g1 b   5.33666e+00
nchi2   = 6.195571                                                                                                        | 8        pdf        s1 N   1.46238e-01
chi2tot = 3038.779768                                                                                                     | 9        pdf        s1 a   9.94868e-01
dchi2(iter)  = 0.000000                                                                                                   | 10        pdf        s1 b   5.45126e+00
dchi2(local) = -inf                                                                                                       | 11        pdf      sea1 N   1.18718e-02
pdf dv(1):1.000000                                                                                                        | 12        pdf      sea1 a  -1.57656e+00
pdf db-ub(2):-0.058803                                                                                                    | 13        pdf      sea1 b   6.45996e-01
pdf msr:1.000000                                                                                                          | 14        pdf       ub1 N   8.60395e-02
pdf db-ub(1):0.112339                                                                                                     | 15        pdf       ub1 a   7.24658e-01
pdf uv(1):2.000000                                                                                                        | 16        pdf       ub1 b   3.55447e+00
pdf s-sb(1):0.000000                                                                                                      | 17        pdf       uv1 a  -4.97675e-01
pdf s-sb(2):0.000000                                                                                                      | 18        pdf       uv1 b   7.01066e+00
                                                                                                                          | 19       norm       idis      10016  9.42091e-01
reaction: unpol DIS                                                                                                       | 20       norm       idis      10017  9.60798e-01
filters: Q2>1.690000                                                                                                      | 21       norm       idis      10010  1.00139e+00
filters: W2>10.000000                                                                                                     | 22       norm       idis      10011  9.90444e-01
    idx tar        col  npts       chi2  chi2-npts      rchi2      nchi2                                                  | 23       norm       idis      10020  9.86708e-01
  10016   p      BCDMS   348     715.04     367.04      31.86       3.73                                                  | 
  10017   d      BCDMS   254     479.04     225.04      21.71       1.71                                                  | 
  10020   p        NMC   273     593.05     320.05      23.30       0.44                                                  | 
  10021 d/p        NMC   174     342.54     168.54       3.78       0.00                                                  | 
  10010   p       SLAC   218     435.61     217.61       0.00       0.00                                                  | 
  10011   d       SLAC   228     386.64     158.64       0.00       0.32                                                  | 
['pdf']
JAM FITTER                                                                                                                | 1        pdf       db1 N   3.53050e-02
count = 500                                                                                                               | 2        pdf       db1 a  -5.23735e-01
elapsed time(mins)=4.753572                                                                                               | 3        pdf       db1 b   4.20506e+00
shifts  = 2                                                                                                               | 4        pdf       dv1 a  -4.66421e-01
npts    = 1495                                                                                                            | 5        pdf       dv1 b   7.24397e+00
chi2    = 2926.329250                                                                                                     | 6        pdf        g1 a  -5.86285e-01
rchi2   = 66.520176                                                                                                       | 7        pdf        g1 b   4.50878e+00
nchi2   = 4.526844                                                                                                        | 8        pdf        s1 N   1.01050e-01
chi2tot = 2997.376270                                                                                                     | 9        pdf        s1 a   9.92957e-01
dchi2(iter)  = 0.000000                                                                                                   | 10        pdf        s1 b   5.63518e+00
dchi2(local) = -inf                                                                                                       | 11        pdf      sea1 N   1.35425e-02
pdf dv(1):1.000000                                                                                                        | 12        pdf      sea1 a  -1.52427e+00
pdf db-ub(2):-0.050372                                                                                                    | 13        pdf      sea1 b   7.97206e-01
pdf msr:1.000000                                                                                                          | 14        pdf       ub1 N   8.56767e-02
pdf db-ub(1):0.119667                                                                                                     | 15        pdf       ub1 a   8.56861e-01
pdf uv(1):2.000000                                                                                                        | 16        pdf       ub1 b   3.67716e+00
pdf s-sb(1):0.000000                                                                                                      | 17        pdf       uv1 a  -4.99000e-01
pdf s-sb(2):0.000000                                                                                                      | 18        pdf       uv1 b   6.14211e+00
                                                                                                                          | 19       norm       idis      10016  9.49327e-01
reaction: unpol DIS                                                                                                       | 20       norm       idis      10017  9.70291e-01
filters: Q2>1.690000                                                                                                      | 21       norm       idis      10010  9.99461e-01
filters: W2>10.000000                                                                                                     | 22       norm       idis      10011  9.90398e-01
    idx tar        col  npts       chi2  chi2-npts      rchi2      nchi2                                                  | 23       norm       idis      10020  9.87778e-01
  10016   p      BCDMS   348     711.00     363.00      25.24       2.85                                                  | 
  10017   d      BCDMS   254     474.64     220.64      18.84       0.98                                                  | 
  10020   p        NMC   273     585.92     312.92      19.80       0.37                                                  | 
  10021 d/p        NMC   174     344.48     170.48       2.64       0.00                                                  | 
  10010   p       SLAC   218     436.89     218.89       0.00       0.00                                                  | 
  10011   d       SLAC   228     373.39     145.39       0.00       0.32                                                  | 
['pdf']
JAM FITTER                                                                                                                | 1        pdf       db1 N   3.87282e-02
count = 600                                                                                                               | 2        pdf       db1 a  -4.84606e-01
elapsed time(mins)=5.700951                                                                                               | 3        pdf       db1 b   3.99680e+00
shifts  = 2                                                                                                               | 4        pdf       dv1 a  -4.99667e-01
npts    = 1495                                                                                                            | 5        pdf       dv1 b   6.45962e+00
chi2    = 2921.192011                                                                                                     | 6        pdf        g1 a  -6.66265e-01
rchi2   = 60.565394                                                                                                       | 7        pdf        g1 b   3.70650e+00
nchi2   = 2.810653                                                                                                        | 8        pdf        s1 N   6.65165e-02
chi2tot = 2984.568058                                                                                                     | 9        pdf        s1 a   9.99693e-01
dchi2(iter)  = 0.000000                                                                                                   | 10        pdf        s1 b   5.87647e+00
dchi2(local) = -inf                                                                                                       | 11        pdf      sea1 N   1.54975e-02
pdf dv(1):1.000000                                                                                                        | 12        pdf      sea1 a  -1.47338e+00
pdf db-ub(2):-0.046203                                                                                                    | 13        pdf      sea1 b   9.16902e-01
pdf msr:1.000000                                                                                                          | 14        pdf       ub1 N   8.49317e-02
pdf db-ub(1):0.120801                                                                                                     | 15        pdf       ub1 a   9.50490e-01
pdf uv(1):2.000000                                                                                                        | 16        pdf       ub1 b   3.78759e+00
pdf s-sb(1):0.000000                                                                                                      | 17        pdf       uv1 a  -4.99661e-01
pdf s-sb(2):0.000000                                                                                                      | 18        pdf       uv1 b   5.55244e+00
                                                                                                                          | 19       norm       idis      10016  9.58448e-01
reaction: unpol DIS                                                                                                       | 20       norm       idis      10017  9.78800e-01
filters: Q2>1.690000                                                                                                      | 21       norm       idis      10010  1.00209e+00
filters: W2>10.000000                                                                                                     | 22       norm       idis      10011  9.92407e-01
    idx tar        col  npts       chi2  chi2-npts      rchi2      nchi2                                                  | 23       norm       idis      10020  9.91433e-01
  10016   p      BCDMS   348     709.39     361.39      22.03       1.92                                                  | 
  10017   d      BCDMS   254     474.07     220.07      17.92       0.50                                                  | 
  10020   p        NMC   273     583.60     310.60      17.94       0.18                                                  | 
  10021 d/p        NMC   174     347.86     173.86       2.67       0.00                                                  | 
  10010   p       SLAC   218     439.49     221.49       0.00       0.01                                                  | 
  10011   d       SLAC   228     366.78     138.78       0.00       0.20                                                  | 
['pdf']
JAM FITTER                                                                                                                | 1        pdf       db1 N   3.63188e-02
count = 700                                                                                                               | 2        pdf       db1 a  -4.91799e-01
elapsed time(mins)=6.642691                                                                                               | 3        pdf       db1 b   4.11976e+00
shifts  = 1                                                                                                               | 4        pdf       dv1 a  -4.99892e-01
npts    = 1495                                                                                                            | 5        pdf       dv1 b   5.70987e+00
chi2    = 2920.586259                                                                                                     | 6        pdf        g1 a  -6.88348e-01
rchi2   = 58.491235                                                                                                       | 7        pdf        g1 b   3.47213e+00
nchi2   = 2.321611                                                                                                        | 8        pdf        s1 N   5.39542e-02
chi2tot = 2981.399104                                                                                                     | 9        pdf        s1 a   9.99985e-01
dchi2(iter)  = 0.000000                                                                                                   | 10        pdf        s1 b   5.70018e+00
dchi2(local) = -inf                                                                                                       | 11        pdf      sea1 N   1.68229e-02
pdf dv(1):1.000000                                                                                                        | 12        pdf      sea1 a  -1.44031e+00
pdf db-ub(2):-0.045053                                                                                                    | 13        pdf      sea1 b   1.00815e+00
pdf msr:1.000000                                                                                                          | 14        pdf       ub1 N   8.13715e-02
pdf db-ub(1):0.122542                                                                                                     | 15        pdf       ub1 a   9.61115e-01
pdf uv(1):2.000000                                                                                                        | 16        pdf       ub1 b   3.77894e+00
pdf s-sb(1):0.000000                                                                                                      | 17        pdf       uv1 a  -4.99997e-01
pdf s-sb(2):0.000000                                                                                                      | 18        pdf       uv1 b   5.13713e+00
                                                                                                                          | 19       norm       idis      10016  9.61477e-01
reaction: unpol DIS                                                                                                       | 20       norm       idis      10017  9.81971e-01
filters: Q2>1.690000                                                                                                      | 21       norm       idis      10010  1.00300e+00
filters: W2>10.000000                                                                                                     | 22       norm       idis      10011  9.93152e-01
    idx tar        col  npts       chi2  chi2-npts      rchi2      nchi2                                                  | 23       norm       idis      10020  9.92823e-01
  10016   p      BCDMS   348     710.78     362.78      20.88       1.65                                                  | 
  10017   d      BCDMS   254     473.33     219.33      17.74       0.36                                                  | 
  10020   p        NMC   273     583.26     310.26      17.32       0.13                                                  | 
  10021 d/p        NMC   174     348.40     174.40       2.56       0.00                                                  | 
  10010   p       SLAC   218     439.63     221.63       0.00       0.02                                                  | 
  10011   d       SLAC   228     365.19     137.19       0.00       0.16                                                  | 
['pdf']
JAM FITTER                                                                                                                | 1        pdf       db1 N   3.47798e-02
count = 800                                                                                                               | 2        pdf       db1 a  -4.99375e-01
elapsed time(mins)=7.588750                                                                                               | 3        pdf       db1 b   4.25308e+00
shifts  = 3                                                                                                               | 4        pdf       dv1 a  -4.99906e-01
npts    = 1495                                                                                                            | 5        pdf       dv1 b   5.27419e+00
chi2    = 2920.480768                                                                                                     | 6        pdf        g1 a  -7.02458e-01
rchi2   = 57.629675                                                                                                       | 7        pdf        g1 b   3.34741e+00
nchi2   = 2.045647                                                                                                        | 8        pdf        s1 N   4.68771e-02
chi2tot = 2980.156090                                                                                                     | 9        pdf        s1 a   9.99994e-01
dchi2(iter)  = inf                                                                                                        | 10        pdf        s1 b   5.62193e+00
dchi2(local) = -inf                                                                                                       | 11        pdf      sea1 N   1.74231e-02
pdf dv(1):1.000000                                                                                                        | 12        pdf      sea1 a  -1.42761e+00
pdf db-ub(2):-0.045372                                                                                                    | 13        pdf      sea1 b   1.03760e+00
pdf msr:1.000000                                                                                                          | 14        pdf       ub1 N   8.01522e-02
pdf db-ub(1):0.124214                                                                                                     | 15        pdf       ub1 a   9.59681e-01
pdf uv(1):2.000000                                                                                                        | 16        pdf       ub1 b   3.77643e+00
pdf s-sb(1):0.000000                                                                                                      | 17        pdf       uv1 a  -4.99970e-01
pdf s-sb(2):0.000000                                                                                                      | 18        pdf       uv1 b   4.97135e+00
                                                                                                                          | 19       norm       idis      10016  9.63253e-01
reaction: unpol DIS                                                                                                       | 20       norm       idis      10017  9.83938e-01
filters: Q2>1.690000                                                                                                      | 21       norm       idis      10010  1.00371e+00
filters: W2>10.000000                                                                                                     | 22       norm       idis      10011  9.93810e-01
    idx tar        col  npts       chi2  chi2-npts      rchi2      nchi2                                                  | 23       norm       idis      10020  9.93843e-01
  10016   p      BCDMS   348     711.87     363.87      20.37       1.50                                                  | 
  10017   d      BCDMS   254     472.87     218.87      17.73       0.29                                                  | 
  10020   p        NMC   273     583.08     310.08      17.03       0.09                                                  | 
  10021 d/p        NMC   174     348.74     174.74       2.51       0.00                                                  | 
  10010   p       SLAC   218     439.57     221.57       0.00       0.03                                                  | 
  10011   d       SLAC   228     364.36     136.36       0.00       0.13                                                  | 
['pdf']
JAM FITTER                                                                                                                | 1        pdf       db1 N   3.45822e-02
count = 900                                                                                                               | 2        pdf       db1 a  -5.00555e-01
elapsed time(mins)=8.521054                                                                                               | 3        pdf       db1 b   4.30033e+00
shifts  = 3                                                                                                               | 4        pdf       dv1 a  -4.99879e-01
npts    = 1495                                                                                                            | 5        pdf       dv1 b   5.15888e+00
chi2    = 2920.852946                                                                                                     | 6        pdf        g1 a  -7.05672e-01
rchi2   = 56.886159                                                                                                       | 7        pdf        g1 b   3.32176e+00
nchi2   = 1.905396                                                                                                        | 8        pdf        s1 N   4.37758e-02
chi2tot = 2979.644501                                                                                                     | 9        pdf        s1 a   9.97437e-01
dchi2(iter)  = 0.511589                                                                                                   | 10        pdf        s1 b   5.65313e+00
dchi2(local) = -0.511589                                                                                                  | 11        pdf      sea1 N   1.75542e-02
pdf dv(1):1.000000                                                                                                        | 12        pdf      sea1 a  -1.42624e+00
pdf db-ub(2):-0.045911                                                                                                    | 13        pdf      sea1 b   1.04111e+00
pdf msr:1.000000                                                                                                          | 14        pdf       ub1 N   8.04937e-02
pdf db-ub(1):0.124666                                                                                                     | 15        pdf       ub1 a   9.59520e-01
pdf uv(1):2.000000                                                                                                        | 16        pdf       ub1 b   3.78172e+00
pdf s-sb(1):-0.000000                                                                                                     | 17        pdf       uv1 a  -4.99992e-01
pdf s-sb(2):-0.000000                                                                                                     | 18        pdf       uv1 b   4.94558e+00
                                                                                                                          | 19       norm       idis      10016  9.64184e-01
reaction: unpol DIS                                                                                                       | 20       norm       idis      10017  9.84953e-01
filters: Q2>1.690000                                                                                                      | 21       norm       idis      10010  1.00422e+00
filters: W2>10.000000                                                                                                     | 22       norm       idis      10011  9.94325e-01
    idx tar        col  npts       chi2  chi2-npts      rchi2      nchi2                                                  | 23       norm       idis      10020  9.94460e-01
  10016   p      BCDMS   348     711.76     363.76      20.51       1.43                                                  | 
  10017   d      BCDMS   254     472.90     218.90      17.05       0.25                                                  | 
  10020   p        NMC   273     582.98     309.98      16.80       0.08                                                  | 
  10021 d/p        NMC   174     348.47     174.47       2.54       0.00                                                  | 
  10010   p       SLAC   218     439.75     221.75       0.00       0.04                                                  | 
  10011   d       SLAC   228     364.99     136.99       0.00       0.11                                                  | 
['pdf']
JAM FITTER                                                                                                                | 1        pdf       db1 N   3.27663e-02
count = 1000                                                                                                              | 2        pdf       db1 a  -5.07856e-01
elapsed time(mins)=9.458651                                                                                               | 3        pdf       db1 b   4.56188e+00
shifts  = 2                                                                                                               | 4        pdf       dv1 a  -4.99949e-01
npts    = 1495                                                                                                            | 5        pdf       dv1 b   4.71605e+00
chi2    = 2920.398128                                                                                                     | 6        pdf        g1 a  -7.20888e-01
rchi2   = 56.951550                                                                                                       | 7        pdf        g1 b   3.20657e+00
nchi2   = 1.685480                                                                                                        | 8        pdf        s1 N   3.75033e-02
chi2tot = 2979.035158                                                                                                     | 9        pdf        s1 a   9.99095e-01
dchi2(iter)  = 0.511589                                                                                                   | 10        pdf        s1 b   5.69867e+00
dchi2(local) = -0.609343                                                                                                  | 11        pdf      sea1 N   1.79293e-02
pdf dv(1):1.000000                                                                                                        | 12        pdf      sea1 a  -1.41950e+00
pdf db-ub(2):-0.047634                                                                                                    | 13        pdf      sea1 b   1.05312e+00
pdf msr:1.000000                                                                                                          | 14        pdf       ub1 N   8.04003e-02
pdf db-ub(1):0.126350                                                                                                     | 15        pdf       ub1 a   9.61898e-01
pdf uv(1):2.000000                                                                                                        | 16        pdf       ub1 b   3.79046e+00
pdf s-sb(1):0.000000                                                                                                      | 17        pdf       uv1 a  -4.99992e-01
pdf s-sb(2):0.000000                                                                                                      | 18        pdf       uv1 b   4.86494e+00
                                                                                                                          | 19       norm       idis      10016  9.65830e-01
reaction: unpol DIS                                                                                                       | 20       norm       idis      10017  9.86757e-01
filters: Q2>1.690000                                                                                                      | 21       norm       idis      10010  1.00495e+00
filters: W2>10.000000                                                                                                     | 22       norm       idis      10011  9.95018e-01
    idx tar        col  npts       chi2  chi2-npts      rchi2      nchi2                                                  | 23       norm       idis      10020  9.95444e-01
  10016   p      BCDMS   348     712.33     364.33      20.53       1.30                                                  | 
  10017   d      BCDMS   254     472.69     218.69      17.39       0.19                                                  | 
  10020   p        NMC   273     582.95     309.95      16.53       0.05                                                  | 
  10021 d/p        NMC   174     348.99     174.99       2.50       0.00                                                  | 
  10010   p       SLAC   218     439.60     221.60       0.00       0.06                                                  | 
  10011   d       SLAC   228     363.84     135.84       0.00       0.09                                                  | 
['pdf']
JAM FITTER                                                                                                                | 1        pdf       db1 N   3.24197e-02
count = 1100                                                                                                              | 2        pdf       db1 a  -5.07838e-01
elapsed time(mins)=10.392498                                                                                              | 3        pdf       db1 b   4.63490e+00
shifts  = 2                                                                                                               | 4        pdf       dv1 a  -4.99955e-01
npts    = 1495                                                                                                            | 5        pdf       dv1 b   4.64224e+00
chi2    = 2921.292598                                                                                                     | 6        pdf        g1 a  -7.24402e-01
rchi2   = 55.950729                                                                                                       | 7        pdf        g1 b   3.18568e+00
nchi2   = 1.657978                                                                                                        | 8        pdf        s1 N   3.65231e-02
chi2tot = 2978.901305                                                                                                     | 9        pdf        s1 a   9.99999e-01
dchi2(iter)  = 0.511589                                                                                                   | 10        pdf        s1 b   5.75024e+00
dchi2(local) = -0.743196                                                                                                  | 11        pdf      sea1 N   1.79535e-02
pdf dv(1):1.000000                                                                                                        | 12        pdf      sea1 a  -1.41909e+00
pdf db-ub(2):-0.048075                                                                                                    | 13        pdf      sea1 b   1.05529e+00
pdf msr:1.000000                                                                                                          | 14        pdf       ub1 N   8.04945e-02
pdf db-ub(1):0.126636                                                                                                     | 15        pdf       ub1 a   9.64056e-01
pdf uv(1):2.000000                                                                                                        | 16        pdf       ub1 b   3.79388e+00
pdf s-sb(1):0.000000                                                                                                      | 17        pdf       uv1 a  -5.00000e-01
pdf s-sb(2):0.000000                                                                                                      | 18        pdf       uv1 b   4.85952e+00
                                                                                                                          | 19       norm       idis      10016  9.66065e-01
reaction: unpol DIS                                                                                                       | 20       norm       idis      10017  9.87004e-01
filters: Q2>1.690000                                                                                                      | 21       norm       idis      10010  1.00502e+00
filters: W2>10.000000                                                                                                     | 22       norm       idis      10011  9.95101e-01
    idx tar        col  npts       chi2  chi2-npts      rchi2      nchi2                                                  | 23       norm       idis      10020  9.95503e-01
  10016   p      BCDMS   348     712.40     364.40      20.13       1.28                                                  | 
  10017   d      BCDMS   254     472.67     218.67      16.86       0.19                                                  | 
  10020   p        NMC   273     582.86     309.86      16.47       0.05                                                  | 
  10021 d/p        NMC   174     348.88     174.88       2.49       0.00                                                  | 
  10010   p       SLAC   218     439.83     221.83       0.00       0.06                                                  | 
  10011   d       SLAC   228     364.66     136.66       0.00       0.08                                                  | 
['pdf']
JAM FITTER                                                                                                                | 1        pdf       db1 N   3.24137e-02
count = 1159                                                                                                              | 2        pdf       db1 a  -5.07347e-01
elapsed time(mins)=10.956351                                                                                              | 3        pdf       db1 b   4.64196e+00
shifts  = 1                                                                                                               | 4        pdf       dv1 a  -4.99957e-01
npts    = 1495                                                                                                            | 5        pdf       dv1 b   4.64098e+00
chi2    = 2921.334470                                                                                                     | 6        pdf        g1 a  -7.24305e-01
rchi2   = 55.909330                                                                                                       | 7        pdf        g1 b   3.18811e+00
nchi2   = 1.656636                                                                                                        | 8        pdf        s1 N   3.65718e-02
chi2tot = 2978.900436                                                                                                     | 9        pdf        s1 a   1.00000e+00
dchi2(iter)  = 0.511589                                                                                                   | 10        pdf        s1 b   5.74210e+00
dchi2(local) = -0.744066                                                                                                  | 11        pdf      sea1 N   1.79458e-02
pdf dv(1):1.000000                                                                                                        | 12        pdf      sea1 a  -1.41930e+00
pdf db-ub(2):-0.048105                                                                                                    | 13        pdf      sea1 b   1.05477e+00
pdf msr:1.000000                                                                                                          | 14        pdf       ub1 N   8.05183e-02
pdf db-ub(1):0.126508                                                                                                     | 15        pdf       ub1 a   9.63237e-01
pdf uv(1):2.000000                                                                                                        | 16        pdf       ub1 b   3.79347e+00
pdf s-sb(1):0.000000                                                                                                      | 17        pdf       uv1 a  -5.00000e-01
pdf s-sb(2):0.000000                                                                                                      | 18        pdf       uv1 b   4.86089e+00
                                                                                                                          | 19       norm       idis      10016  9.66072e-01
reaction: unpol DIS                                                                                                       | 20       norm       idis      10017  9.87013e-01
filters: Q2>1.690000                                                                                                      | 21       norm       idis      10010  1.00504e+00
filters: W2>10.000000                                                                                                     | 22       norm       idis      10011  9.95130e-01
    idx tar        col  npts       chi2  chi2-npts      rchi2      nchi2                                                  | 23       norm       idis      10020  9.95508e-01
  10016   p      BCDMS   348     712.38     364.38      20.12       1.28                                                  | 
  10017   d      BCDMS   254     472.67     218.67      16.82       0.19                                                  | 
  10020   p        NMC   273     582.84     309.84      16.48       0.05                                                  | 
  10021 d/p        NMC   174     348.85     174.85       2.49       0.00                                                  | 
  10010   p       SLAC   218     439.88     221.88       0.00       0.06                                                  | 
  10011   d       SLAC   228     364.72     136.72       0.00       0.08                                                  | 
