('active', 'pdf')

--step 1: npQCD objects = pdf , datasets = idis , tmc = False , ht = False
loading idis data sets 10016
loading idis data sets 10017
loading idis data sets 10020
loading idis data sets 10021
loading idis data sets 10010
loading idis data sets 10011
Loading DIS tables...
10016 has norm uncertainty
10017 has norm uncertainty
10020 has norm uncertainty
10010 has norm uncertainty
10011 has norm uncertainty
[H[J[H[J[H[J[H[J[H[J[H[J[H[J[H[J[H[J[H[J[H[J[H[J[H[J[H[J[H[J[H[J[H[J[H[J['pdf']
JAM FITTER                                                                                                                | 1        pdf       db1 N   3.85333e-02
count = 100                                                                                                               | 2        pdf       db1 a   5.46260e-01
elapsed time(mins)=0.959850                                                                                               | 3        pdf       db1 b   4.71370e+00
shifts  = 2                                                                                                               | 4        pdf       dv1 a  -1.44784e-01
npts    = 1495                                                                                                            | 5        pdf       dv1 b   9.41648e+00
chi2    = 63016.301627                                                                                                    | 6        pdf        g1 a  -1.79560e+00
rchi2   = 10356.746619                                                                                                    | 7        pdf        g1 b   6.33139e+00
nchi2   = 215.064015                                                                                                      | 8        pdf        s1 N   2.24372e-01
chi2tot = 73588.112261                                                                                                    | 9        pdf        s1 a   3.67966e-01
dchi2(iter)  = 0.000000                                                                                                   | 10        pdf        s1 b   2.65748e+00
dchi2(local) = -inf                                                                                                       | 11        pdf      sea1 N   1.43270e-01
pdf dv(1):1.000000                                                                                                        | 12        pdf      sea1 a  -1.85689e+00
pdf db-ub(2):-0.034527                                                                                                    | 13        pdf      sea1 b   4.53203e+00
pdf msr:1.000000                                                                                                          | 14        pdf       ub1 N   7.30602e-02
pdf db-ub(1):-0.333015                                                                                                    | 15        pdf       ub1 a  -6.25543e-01
pdf uv(1):2.000000                                                                                                        | 16        pdf       ub1 b   1.25963e+00
pdf s-sb(1):0.000000                                                                                                      | 17        pdf       uv1 a  -3.86676e-01
pdf s-sb(2):0.000000                                                                                                      | 18        pdf       uv1 b   6.17143e+00
                                                                                                                          | 19       norm       idis      10016  9.73279e-01
reaction: unpol DIS                                                                                                       | 20       norm       idis      10017  1.09755e+00
filters: Q2>1.690000                                                                                                      | 21       norm       idis      10010  1.10652e+00
filters: W2>10.000000                                                                                                     | 22       norm       idis      10011  1.15215e+00
    idx tar        col  npts       chi2  chi2-npts      rchi2      nchi2                                                  | 23       norm       idis      10020  1.19786e+00
  10016   p      BCDMS   348    8741.64    8393.64     976.63       0.79                                                  | 
  10017   d      BCDMS   254    3751.19    3497.19     420.27      10.57                                                  | 
  10020   p        NMC   273   32384.91   32111.91    8608.04      97.87                                                  | 
  10021 d/p        NMC   174    1439.90    1265.90     351.80       0.00                                                  | 
  10010   p       SLAC   218    7410.26    7192.26       0.00      25.73                                                  | 
  10011   d       SLAC   228    9288.40    9060.40       0.00      80.10                                                  | 
['pdf']
JAM FITTER                                                                                                                | 1        pdf       db1 N   3.51726e-02
count = 200                                                                                                               | 2        pdf       db1 a  -6.06774e-02
elapsed time(mins)=1.917153                                                                                               | 3        pdf       db1 b   6.54347e+00
shifts  = 3                                                                                                               | 4        pdf       dv1 a  -2.86897e-01
npts    = 1495                                                                                                            | 5        pdf       dv1 b   9.80975e+00
chi2    = 6887.706708                                                                                                     | 6        pdf        g1 a  -1.89265e+00
rchi2   = 551.425754                                                                                                      | 7        pdf        g1 b   9.99940e+00
nchi2   = 154.868024                                                                                                      | 8        pdf        s1 N   1.73772e-01
chi2tot = 7594.000486                                                                                                     | 9        pdf        s1 a   9.41176e-01
dchi2(iter)  = inf                                                                                                        | 10        pdf        s1 b   4.09336e+00
dchi2(local) = -inf                                                                                                       | 11        pdf      sea1 N   4.17202e-02
pdf dv(1):1.000000                                                                                                        | 12        pdf      sea1 a  -1.88160e+00
pdf db-ub(2):-0.036983                                                                                                    | 13        pdf      sea1 b   1.35976e-01
pdf msr:1.000000                                                                                                          | 14        pdf       ub1 N   7.21559e-02
pdf db-ub(1):0.009579                                                                                                     | 15        pdf       ub1 a   2.90365e-01
pdf uv(1):2.000000                                                                                                        | 16        pdf       ub1 b   3.21861e+00
pdf s-sb(1):0.000000                                                                                                      | 17        pdf       uv1 a  -4.31435e-01
pdf s-sb(2):-0.000000                                                                                                     | 18        pdf       uv1 b   5.17945e+00
                                                                                                                          | 19       norm       idis      10016  1.03683e+00
reaction: unpol DIS                                                                                                       | 20       norm       idis      10017  1.08324e+00
filters: Q2>1.690000                                                                                                      | 21       norm       idis      10010  1.14775e+00
filters: W2>10.000000                                                                                                     | 22       norm       idis      10011  1.16281e+00
    idx tar        col  npts       chi2  chi2-npts      rchi2      nchi2                                                  | 23       norm       idis      10020  9.57857e-01
  10016   p      BCDMS   348     767.15     419.15      28.54       1.51                                                  | 
  10017   d      BCDMS   254     604.52     350.52      50.36       7.70                                                  | 
  10020   p        NMC   273    3935.52    3662.52     453.99       4.44                                                  | 
  10021 d/p        NMC   174     430.77     256.77      18.53       0.00                                                  | 
  10010   p       SLAC   218     619.75     401.75       0.00      49.50                                                  | 
  10011   d       SLAC   228     530.00     302.00       0.00      91.72                                                  | 
['pdf']
JAM FITTER                                                                                                                | 1        pdf       db1 N   4.40048e-02
count = 300                                                                                                               | 2        pdf       db1 a  -3.00812e-01
elapsed time(mins)=2.871968                                                                                               | 3        pdf       db1 b   4.96744e+00
shifts  = 2                                                                                                               | 4        pdf       dv1 a  -4.28009e-01
npts    = 1495                                                                                                            | 5        pdf       dv1 b   9.25271e+00
chi2    = 2981.450444                                                                                                     | 6        pdf        g1 a  -6.13634e-01
rchi2   = 93.755508                                                                                                       | 7        pdf        g1 b   6.08950e+00
nchi2   = 15.443540                                                                                                       | 8        pdf        s1 N   1.11666e-01
chi2tot = 3090.649491                                                                                                     | 9        pdf        s1 a   9.18201e-01
dchi2(iter)  = inf                                                                                                        | 10        pdf        s1 b   4.96035e+00
dchi2(local) = -4503.350994                                                                                               | 11        pdf      sea1 N   1.37032e-02
pdf dv(1):1.000000                                                                                                        | 12        pdf      sea1 a  -1.69381e+00
pdf db-ub(2):-0.057406                                                                                                    | 13        pdf      sea1 b   2.23248e-01
pdf msr:1.000000                                                                                                          | 14        pdf       ub1 N   1.01411e-01
pdf db-ub(1):0.019786                                                                                                     | 15        pdf       ub1 a   5.76256e-01
pdf uv(1):2.000000                                                                                                        | 16        pdf       ub1 b   3.63781e+00
pdf s-sb(1):0.000000                                                                                                      | 17        pdf       uv1 a  -4.99905e-01
pdf s-sb(2):0.000000                                                                                                      | 18        pdf       uv1 b   7.02900e+00
                                                                                                                          | 19       norm       idis      10016  9.78215e-01
reaction: unpol DIS                                                                                                       | 20       norm       idis      10017  1.00855e+00
filters: Q2>1.690000                                                                                                      | 21       norm       idis      10010  1.05204e+00
filters: W2>10.000000                                                                                                     | 22       norm       idis      10011  1.05013e+00
    idx tar        col  npts       chi2  chi2-npts      rchi2      nchi2                                                  | 23       norm       idis      10020  1.00024e+00
  10016   p      BCDMS   348     689.28     341.28      33.97       0.53                                                  | 
  10017   d      BCDMS   254     467.06     213.06      26.79       0.08                                                  | 
  10020   p        NMC   273     774.80     501.80      22.96       0.00                                                  | 
  10021 d/p        NMC   174     331.55     157.55      10.03       0.00                                                  | 
  10010   p       SLAC   218     393.58     175.58       0.00       6.14                                                  | 
  10011   d       SLAC   228     325.18      97.18       0.00       8.69                                                  | 
['pdf']
JAM FITTER                                                                                                                | 1        pdf       db1 N   4.66083e-02
count = 400                                                                                                               | 2        pdf       db1 a  -3.73493e-01
elapsed time(mins)=3.814359                                                                                               | 3        pdf       db1 b   4.00640e+00
shifts  = 3                                                                                                               | 4        pdf       dv1 a  -4.96186e-01
npts    = 1495                                                                                                            | 5        pdf       dv1 b   9.16986e+00
chi2    = 2889.528591                                                                                                     | 6        pdf        g1 a  -6.02210e-01
rchi2   = 72.043110                                                                                                       | 7        pdf        g1 b   4.34366e+00
nchi2   = 3.362213                                                                                                        | 8        pdf        s1 N   8.56816e-02
chi2tot = 2964.933914                                                                                                     | 9        pdf        s1 a   9.52674e-01
dchi2(iter)  = 4629.066572                                                                                                | 10        pdf        s1 b   6.48102e+00
dchi2(local) = -4629.066572                                                                                               | 11        pdf      sea1 N   1.40043e-02
pdf dv(1):1.000000                                                                                                        | 12        pdf      sea1 a  -1.54304e+00
pdf db-ub(2):-0.048855                                                                                                    | 13        pdf      sea1 b   8.29987e-01
pdf msr:1.000000                                                                                                          | 14        pdf       ub1 N   9.54637e-02
pdf db-ub(1):0.080398                                                                                                     | 15        pdf       ub1 a   8.53176e-01
pdf uv(1):2.000000                                                                                                        | 16        pdf       ub1 b   3.72095e+00
pdf s-sb(1):0.000000                                                                                                      | 17        pdf       uv1 a  -4.97975e-01
pdf s-sb(2):0.000000                                                                                                      | 18        pdf       uv1 b   6.56554e+00
                                                                                                                          | 19       norm       idis      10016  9.61739e-01
reaction: unpol DIS                                                                                                       | 20       norm       idis      10017  9.92260e-01
filters: Q2>1.690000                                                                                                      | 21       norm       idis      10010  1.01859e+00
filters: W2>10.000000                                                                                                     | 22       norm       idis      10011  1.01590e+00
    idx tar        col  npts       chi2  chi2-npts      rchi2      nchi2                                                  | 23       norm       idis      10020  9.97901e-01
  10016   p      BCDMS   348     692.14     344.14      31.61       1.63                                                  | 
  10017   d      BCDMS   254     471.67     217.67      20.40       0.07                                                  | 
  10020   p        NMC   273     712.20     439.20      15.19       0.01                                                  | 
  10021 d/p        NMC   174     327.51     153.51       4.85       0.00                                                  | 
  10010   p       SLAC   218     365.16     147.16       0.00       0.78                                                  | 
  10011   d       SLAC   228     320.85      92.85       0.00       0.87                                                  | 
['pdf']
JAM FITTER                                                                                                                | 1        pdf       db1 N   4.49031e-02
count = 500                                                                                                               | 2        pdf       db1 a  -2.05475e-01
elapsed time(mins)=4.759297                                                                                               | 3        pdf       db1 b   4.61457e+00
shifts  = 2                                                                                                               | 4        pdf       dv1 a  -4.99999e-01
npts    = 1495                                                                                                            | 5        pdf       dv1 b   9.51343e+00
chi2    = 2862.376789                                                                                                     | 6        pdf        g1 a  -6.40623e-01
rchi2   = 62.536502                                                                                                       | 7        pdf        g1 b   3.92299e+00
nchi2   = 2.791070                                                                                                        | 8        pdf        s1 N   7.75473e-02
chi2tot = 2927.704361                                                                                                     | 9        pdf        s1 a   9.95225e-01
dchi2(iter)  = 4629.066572                                                                                                | 10        pdf        s1 b   6.19770e+00
dchi2(local) = -37.229553                                                                                                 | 11        pdf      sea1 N   1.65449e-02
pdf dv(1):1.000000                                                                                                        | 12        pdf      sea1 a  -1.46857e+00
pdf db-ub(2):-0.037654                                                                                                    | 13        pdf      sea1 b   1.03044e+00
pdf msr:1.000000                                                                                                          | 14        pdf       ub1 N   8.25567e-02
pdf db-ub(1):0.081339                                                                                                     | 15        pdf       ub1 a   9.83985e-01
pdf uv(1):2.000000                                                                                                        | 16        pdf       ub1 b   3.76596e+00
pdf s-sb(1):0.000000                                                                                                      | 17        pdf       uv1 a  -4.99838e-01
pdf s-sb(2):0.000000                                                                                                      | 18        pdf       uv1 b   5.46899e+00
                                                                                                                          | 19       norm       idis      10016  9.58311e-01
reaction: unpol DIS                                                                                                       | 20       norm       idis      10017  9.87753e-01
filters: Q2>1.690000                                                                                                      | 21       norm       idis      10010  1.01151e+00
filters: W2>10.000000                                                                                                     | 22       norm       idis      10011  1.00810e+00
    idx tar        col  npts       chi2  chi2-npts      rchi2      nchi2                                                  | 23       norm       idis      10020  9.91855e-01
  10016   p      BCDMS   348     666.59     318.59      27.06       1.93                                                  | 
  10017   d      BCDMS   254     452.19     198.19      17.90       0.17                                                  | 
  10020   p        NMC   273     706.71     433.71      13.96       0.17                                                  | 
  10021 d/p        NMC   174     325.39     151.39       3.62       0.00                                                  | 
  10010   p       SLAC   218     385.86     167.86       0.00       0.30                                                  | 
  10011   d       SLAC   228     325.63      97.63       0.00       0.23                                                  | 
['pdf']
JAM FITTER                                                                                                                | 1        pdf       db1 N   4.63276e-02
count = 600                                                                                                               | 2        pdf       db1 a  -1.08080e-01
elapsed time(mins)=5.705029                                                                                               | 3        pdf       db1 b   4.84478e+00
shifts  = 2                                                                                                               | 4        pdf       dv1 a  -5.00000e-01
npts    = 1495                                                                                                            | 5        pdf       dv1 b   9.99950e+00
chi2    = 2862.087143                                                                                                     | 6        pdf        g1 a  -6.54020e-01
rchi2   = 56.996745                                                                                                       | 7        pdf        g1 b   3.72480e+00
nchi2   = 2.553405                                                                                                        | 8        pdf        s1 N   6.81673e-02
chi2tot = 2921.637292                                                                                                     | 9        pdf        s1 a   9.99106e-01
dchi2(iter)  = 4629.066572                                                                                                | 10        pdf        s1 b   6.17386e+00
dchi2(local) = -43.296621                                                                                                 | 11        pdf      sea1 N   1.75623e-02
pdf dv(1):1.000000                                                                                                        | 12        pdf      sea1 a  -1.44462e+00
pdf db-ub(2):-0.032688                                                                                                    | 13        pdf      sea1 b   1.10898e+00
pdf msr:1.000000                                                                                                          | 14        pdf       ub1 N   7.90155e-02
pdf db-ub(1):0.083068                                                                                                     | 15        pdf       ub1 a   9.96493e-01
pdf uv(1):2.000000                                                                                                        | 16        pdf       ub1 b   3.74592e+00
pdf s-sb(1):0.000000                                                                                                      | 17        pdf       uv1 a  -4.99993e-01
pdf s-sb(2):0.000000                                                                                                      | 18        pdf       uv1 b   5.11298e+00
                                                                                                                          | 19       norm       idis      10016  9.60222e-01
reaction: unpol DIS                                                                                                       | 20       norm       idis      10017  9.89832e-01
filters: Q2>1.690000                                                                                                      | 21       norm       idis      10010  1.01171e+00
filters: W2>10.000000                                                                                                     | 22       norm       idis      10011  1.00812e+00
    idx tar        col  npts       chi2  chi2-npts      rchi2      nchi2                                                  | 23       norm       idis      10020  9.92482e-01
  10016   p      BCDMS   348     668.59     320.59      23.83       1.76                                                  | 
  10017   d      BCDMS   254     452.12     198.12      16.58       0.11                                                  | 
  10020   p        NMC   273     704.71     431.71      13.06       0.14                                                  | 
  10021 d/p        NMC   174     326.24     152.24       3.52       0.00                                                  | 
  10010   p       SLAC   218     384.73     166.73       0.00       0.31                                                  | 
  10011   d       SLAC   228     325.71      97.71       0.00       0.23                                                  | 
['pdf']
JAM FITTER                                                                                                                | 1        pdf       db1 N   4.63088e-02
count = 700                                                                                                               | 2        pdf       db1 a  -3.26578e-02
elapsed time(mins)=6.651813                                                                                               | 3        pdf       db1 b   5.02683e+00
shifts  = 3                                                                                                               | 4        pdf       dv1 a  -5.00000e-01
npts    = 1495                                                                                                            | 5        pdf       dv1 b   9.99955e+00
chi2    = 2861.200152                                                                                                     | 6        pdf        g1 a  -6.64439e-01
rchi2   = 55.450391                                                                                                       | 7        pdf        g1 b   3.53282e+00
nchi2   = 2.343784                                                                                                        | 8        pdf        s1 N   5.96536e-02
chi2tot = 2918.994327                                                                                                     | 9        pdf        s1 a   9.99033e-01
dchi2(iter)  = 45.939587                                                                                                  | 10        pdf        s1 b   6.04298e+00
dchi2(local) = -45.939587                                                                                                 | 11        pdf      sea1 N   1.87298e-02
pdf dv(1):1.000000                                                                                                        | 12        pdf      sea1 a  -1.41795e+00
pdf db-ub(2):-0.027906                                                                                                    | 13        pdf      sea1 b   1.19301e+00
pdf msr:1.000000                                                                                                          | 14        pdf       ub1 N   7.42152e-02
pdf db-ub(1):0.085615                                                                                                     | 15        pdf       ub1 a   9.99751e-01
pdf uv(1):2.000000                                                                                                        | 16        pdf       ub1 b   3.71534e+00
pdf s-sb(1):0.000000                                                                                                      | 17        pdf       uv1 a  -4.99998e-01
pdf s-sb(2):0.000000                                                                                                      | 18        pdf       uv1 b   4.71507e+00
                                                                                                                          | 19       norm       idis      10016  9.61523e-01
reaction: unpol DIS                                                                                                       | 20       norm       idis      10017  9.91265e-01
filters: Q2>1.690000                                                                                                      | 21       norm       idis      10010  1.01111e+00
filters: W2>10.000000                                                                                                     | 22       norm       idis      10011  1.00740e+00
    idx tar        col  npts       chi2  chi2-npts      rchi2      nchi2                                                  | 23       norm       idis      10020  9.92393e-01
  10016   p      BCDMS   348     669.05     321.05      22.98       1.65                                                  | 
  10017   d      BCDMS   254     452.97     198.97      16.10       0.08                                                  | 
  10020   p        NMC   273     702.96     429.96      12.89       0.14                                                  | 
  10021 d/p        NMC   174     326.23     152.23       3.47       0.00                                                  | 
  10010   p       SLAC   218     384.39     166.39       0.00       0.28                                                  | 
  10011   d       SLAC   228     325.61      97.61       0.00       0.19                                                  | 
['pdf']
JAM FITTER                                                                                                                | 1        pdf       db1 N   4.63858e-02
count = 800                                                                                                               | 2        pdf       db1 a   2.09919e-02
elapsed time(mins)=7.618150                                                                                               | 3        pdf       db1 b   5.13779e+00
shifts  = 2                                                                                                               | 4        pdf       dv1 a  -5.00000e-01
npts    = 1495                                                                                                            | 5        pdf       dv1 b   9.99958e+00
chi2    = 2860.495570                                                                                                     | 6        pdf        g1 a  -6.71496e-01
rchi2   = 54.943686                                                                                                       | 7        pdf        g1 b   3.42041e+00
nchi2   = 2.202161                                                                                                        | 8        pdf        s1 N   5.31868e-02
chi2tot = 2917.641417                                                                                                     | 9        pdf        s1 a   9.99358e-01
dchi2(iter)  = 45.939587                                                                                                  | 10        pdf        s1 b   5.96810e+00
dchi2(local) = -1.352910                                                                                                  | 11        pdf      sea1 N   1.96794e-02
pdf dv(1):1.000000                                                                                                        | 12        pdf      sea1 a  -1.39850e+00
pdf db-ub(2):-0.024055                                                                                                    | 13        pdf      sea1 b   1.24986e+00
pdf msr:1.000000                                                                                                          | 14        pdf       ub1 N   7.04405e-02
pdf db-ub(1):0.089258                                                                                                     | 15        pdf       ub1 a   9.99414e-01
pdf uv(1):2.000000                                                                                                        | 16        pdf       ub1 b   3.69876e+00
pdf s-sb(1):0.000000                                                                                                      | 17        pdf       uv1 a  -4.99999e-01
pdf s-sb(2):0.000000                                                                                                      | 18        pdf       uv1 b   4.43418e+00
                                                                                                                          | 19       norm       idis      10016  9.62620e-01
reaction: unpol DIS                                                                                                       | 20       norm       idis      10017  9.92468e-01
filters: Q2>1.690000                                                                                                      | 21       norm       idis      10010  1.01092e+00
filters: W2>10.000000                                                                                                     | 22       norm       idis      10011  1.00721e+00
    idx tar        col  npts       chi2  chi2-npts      rchi2      nchi2                                                  | 23       norm       idis      10020  9.92618e-01
  10016   p      BCDMS   348     669.30     321.30      22.84       1.55                                                  | 
  10017   d      BCDMS   254     453.53     199.53      16.26       0.06                                                  | 
  10020   p        NMC   273     702.03     429.03      12.62       0.14                                                  | 
  10021 d/p        NMC   174     326.53     152.53       3.22       0.00                                                  | 
  10010   p       SLAC   218     384.30     166.30       0.00       0.27                                                  | 
  10011   d       SLAC   228     324.81      96.81       0.00       0.18                                                  | 
['pdf']
JAM FITTER                                                                                                                | 1        pdf       db1 N   4.59590e-02
count = 900                                                                                                               | 2        pdf       db1 a   7.34278e-02
elapsed time(mins)=8.571906                                                                                               | 3        pdf       db1 b   5.26798e+00
shifts  = 2                                                                                                               | 4        pdf       dv1 a  -4.99999e-01
npts    = 1495                                                                                                            | 5        pdf       dv1 b   9.99964e+00
chi2    = 2860.144636                                                                                                     | 6        pdf        g1 a  -6.83039e-01
rchi2   = 54.374201                                                                                                       | 7        pdf        g1 b   3.28094e+00
nchi2   = 2.110584                                                                                                        | 8        pdf        s1 N   4.87868e-02
chi2tot = 2916.629420                                                                                                     | 9        pdf        s1 a   9.99687e-01
dchi2(iter)  = 45.939587                                                                                                  | 10        pdf        s1 b   5.87112e+00
dchi2(local) = -2.364907                                                                                                  | 11        pdf      sea1 N   2.05996e-02
pdf dv(1):1.000000                                                                                                        | 12        pdf      sea1 a  -1.38014e+00
pdf db-ub(2):-0.020182                                                                                                    | 13        pdf      sea1 b   1.30128e+00
pdf msr:1.000000                                                                                                          | 14        pdf       ub1 N   6.61408e-02
pdf db-ub(1):0.093154                                                                                                     | 15        pdf       ub1 a   9.99149e-01
pdf uv(1):2.000000                                                                                                        | 16        pdf       ub1 b   3.68586e+00
pdf s-sb(1):0.000000                                                                                                      | 17        pdf       uv1 a  -4.99998e-01
pdf s-sb(2):0.000000                                                                                                      | 18        pdf       uv1 b   4.17833e+00
                                                                                                                          | 19       norm       idis      10016  9.62865e-01
reaction: unpol DIS                                                                                                       | 20       norm       idis      10017  9.92762e-01
filters: Q2>1.690000                                                                                                      | 21       norm       idis      10010  1.01004e+00
filters: W2>10.000000                                                                                                     | 22       norm       idis      10011  1.00627e+00
    idx tar        col  npts       chi2  chi2-npts      rchi2      nchi2                                                  | 23       norm       idis      10020  9.92111e-01
  10016   p      BCDMS   348     669.51     321.51      22.52       1.53                                                  | 
  10017   d      BCDMS   254     453.77     199.77      16.31       0.06                                                  | 
  10020   p        NMC   273     701.48     428.48      12.52       0.16                                                  | 
  10021 d/p        NMC   174     326.72     152.72       3.03       0.00                                                  | 
  10010   p       SLAC   218     383.83     165.83       0.00       0.23                                                  | 
  10011   d       SLAC   228     324.83      96.83       0.00       0.14                                                  | 
['pdf']
JAM FITTER                                                                                                                | 1        pdf       db1 N   4.60016e-02
count = 1000                                                                                                              | 2        pdf       db1 a   8.90503e-02
elapsed time(mins)=9.530495                                                                                               | 3        pdf       db1 b   5.28778e+00
shifts  = 3                                                                                                               | 4        pdf       dv1 a  -4.99999e-01
npts    = 1495                                                                                                            | 5        pdf       dv1 b   9.99965e+00
chi2    = 2861.046695                                                                                                     | 6        pdf        g1 a  -6.83957e-01
rchi2   = 53.123915                                                                                                       | 7        pdf        g1 b   3.25115e+00
nchi2   = 2.071847                                                                                                        | 8        pdf        s1 N   4.67486e-02
chi2tot = 2916.242457                                                                                                     | 9        pdf        s1 a   9.99724e-01
dchi2(iter)  = 2.751870                                                                                                   | 10        pdf        s1 b   5.87910e+00
dchi2(local) = -2.751870                                                                                                  | 11        pdf      sea1 N   2.08823e-02
pdf dv(1):1.000000                                                                                                        | 12        pdf      sea1 a  -1.37539e+00
pdf db-ub(2):-0.018950                                                                                                    | 13        pdf      sea1 b   1.31289e+00
pdf msr:1.000000                                                                                                          | 14        pdf       ub1 N   6.49512e-02
pdf db-ub(1):0.094244                                                                                                     | 15        pdf       ub1 a   9.99205e-01
pdf uv(1):2.000000                                                                                                        | 16        pdf       ub1 b   3.69098e+00
pdf s-sb(1):0.000000                                                                                                      | 17        pdf       uv1 a  -4.99967e-01
pdf s-sb(2):0.000000                                                                                                      | 18        pdf       uv1 b   4.10598e+00
                                                                                                                          | 19       norm       idis      10016  9.62961e-01
reaction: unpol DIS                                                                                                       | 20       norm       idis      10017  9.92950e-01
filters: Q2>1.690000                                                                                                      | 21       norm       idis      10010  1.00965e+00
filters: W2>10.000000                                                                                                     | 22       norm       idis      10011  1.00593e+00
    idx tar        col  npts       chi2  chi2-npts      rchi2      nchi2                                                  | 23       norm       idis      10020  9.92018e-01
  10016   p      BCDMS   348     668.67     320.67      21.72       1.52                                                  | 
  10017   d      BCDMS   254     453.34     199.34      15.93       0.06                                                  | 
  10020   p        NMC   273     701.10     428.10      12.45       0.16                                                  | 
  10021 d/p        NMC   174     327.09     153.09       3.02       0.00                                                  | 
  10010   p       SLAC   218     385.18     167.18       0.00       0.21                                                  | 
  10011   d       SLAC   228     325.68      97.68       0.00       0.12                                                  | 
['pdf']
JAM FITTER                                                                                                                | 1        pdf       db1 N   4.54360e-02
count = 1100                                                                                                              | 2        pdf       db1 a   1.48779e-01
elapsed time(mins)=10.475449                                                                                              | 3        pdf       db1 b   5.40136e+00
shifts  = 3                                                                                                               | 4        pdf       dv1 a  -4.95279e-01
npts    = 1495                                                                                                            | 5        pdf       dv1 b   9.99973e+00
chi2    = 2860.726990                                                                                                     | 6        pdf        g1 a  -6.92840e-01
rchi2   = 53.103219                                                                                                       | 7        pdf        g1 b   3.13534e+00
nchi2   = 1.969165                                                                                                        | 8        pdf        s1 N   4.15372e-02
chi2tot = 2915.799374                                                                                                     | 9        pdf        s1 a   9.99902e-01
dchi2(iter)  = 0.443082                                                                                                   | 10        pdf        s1 b   5.83619e+00
dchi2(local) = -0.443082                                                                                                  | 11        pdf      sea1 N   2.19257e-02
pdf dv(1):1.000000                                                                                                        | 12        pdf      sea1 a  -1.35622e+00
pdf db-ub(2):-0.014810                                                                                                    | 13        pdf      sea1 b   1.36411e+00
pdf msr:1.000000                                                                                                          | 14        pdf       ub1 N   6.02461e-02
pdf db-ub(1):0.096762                                                                                                     | 15        pdf       ub1 a   9.99597e-01
pdf uv(1):2.000000                                                                                                        | 16        pdf       ub1 b   3.70017e+00
pdf s-sb(1):0.000000                                                                                                      | 17        pdf       uv1 a  -4.99999e-01
pdf s-sb(2):0.000000                                                                                                      | 18        pdf       uv1 b   3.84817e+00
                                                                                                                          | 19       norm       idis      10016  9.63479e-01
reaction: unpol DIS                                                                                                       | 20       norm       idis      10017  9.93519e-01
filters: Q2>1.690000                                                                                                      | 21       norm       idis      10010  1.00900e+00
filters: W2>10.000000                                                                                                     | 22       norm       idis      10011  1.00523e+00
    idx tar        col  npts       chi2  chi2-npts      rchi2      nchi2                                                  | 23       norm       idis      10020  9.91950e-01
  10016   p      BCDMS   348     668.76     320.76      21.81       1.48                                                  | 
  10017   d      BCDMS   254     453.79     199.79      16.20       0.05                                                  | 
  10020   p        NMC   273     700.82     427.82      12.29       0.16                                                  | 
  10021 d/p        NMC   174     327.31     153.31       2.81       0.00                                                  | 
  10010   p       SLAC   218     384.84     166.84       0.00       0.18                                                  | 
  10011   d       SLAC   228     325.21      97.21       0.00       0.09                                                  | 
['pdf']
JAM FITTER                                                                                                                | 1        pdf       db1 N   4.49001e-02
count = 1200                                                                                                              | 2        pdf       db1 a   1.82459e-01
elapsed time(mins)=11.425159                                                                                              | 3        pdf       db1 b   5.45567e+00
shifts  = 3                                                                                                               | 4        pdf       dv1 a  -4.89131e-01
npts    = 1495                                                                                                            | 5        pdf       dv1 b   9.99993e+00
chi2    = 2861.539659                                                                                                     | 6        pdf        g1 a  -6.96522e-01
rchi2   = 52.098120                                                                                                       | 7        pdf        g1 b   3.08490e+00
nchi2   = 1.934172                                                                                                        | 8        pdf        s1 N   3.94819e-02
chi2tot = 2915.571951                                                                                                     | 9        pdf        s1 a   1.00000e+00
dchi2(iter)  = 0.227423                                                                                                   | 10        pdf        s1 b   5.82510e+00
dchi2(local) = -0.227423                                                                                                  | 11        pdf      sea1 N   2.24198e-02
pdf dv(1):1.000000                                                                                                        | 12        pdf      sea1 a  -1.34740e+00
pdf db-ub(2):-0.012889                                                                                                    | 13        pdf      sea1 b   1.39046e+00
pdf msr:1.000000                                                                                                          | 14        pdf       ub1 N   5.77896e-02
pdf db-ub(1):0.096028                                                                                                     | 15        pdf       ub1 a   9.99481e-01
pdf uv(1):2.000000                                                                                                        | 16        pdf       ub1 b   3.71298e+00
pdf s-sb(1):-0.000000                                                                                                     | 17        pdf       uv1 a  -4.99999e-01
pdf s-sb(2):-0.000000                                                                                                     | 18        pdf       uv1 b   3.72953e+00
                                                                                                                          | 19       norm       idis      10016  9.63556e-01
reaction: unpol DIS                                                                                                       | 20       norm       idis      10017  9.93609e-01
filters: Q2>1.690000                                                                                                      | 21       norm       idis      10010  1.00857e+00
filters: W2>10.000000                                                                                                     | 22       norm       idis      10011  1.00477e+00
    idx tar        col  npts       chi2  chi2-npts      rchi2      nchi2                                                  | 23       norm       idis      10020  9.91810e-01
  10016   p      BCDMS   348     668.29     320.29      21.14       1.48                                                  | 
  10017   d      BCDMS   254     453.68     199.68      15.91       0.05                                                  | 
  10020   p        NMC   273     700.63     427.63      12.23       0.17                                                  | 
  10021 d/p        NMC   174     327.45     153.45       2.81       0.00                                                  | 
  10010   p       SLAC   218     385.55     167.55       0.00       0.17                                                  | 
  10011   d       SLAC   228     325.94      97.94       0.00       0.08                                                  | 
['pdf']
JAM FITTER                                                                                                                | 1        pdf       db1 N   4.32029e-02
count = 1300                                                                                                              | 2        pdf       db1 a   2.70477e-01
elapsed time(mins)=12.372889                                                                                              | 3        pdf       db1 b   5.56309e+00
shifts  = 3                                                                                                               | 4        pdf       dv1 a  -4.63285e-01
npts    = 1495                                                                                                            | 5        pdf       dv1 b   1.00000e+01
chi2    = 2861.652956                                                                                                     | 6        pdf        g1 a  -7.00202e-01
rchi2   = 51.763503                                                                                                       | 7        pdf        g1 b   3.01079e+00
nchi2   = 1.862114                                                                                                        | 8        pdf        s1 N   3.56537e-02
chi2tot = 2915.278573                                                                                                     | 9        pdf        s1 a   1.00000e+00
dchi2(iter)  = 0.293379                                                                                                   | 10        pdf        s1 b   5.82298e+00
dchi2(local) = -0.293379                                                                                                  | 11        pdf      sea1 N   2.34043e-02
pdf dv(1):1.000000                                                                                                        | 12        pdf      sea1 a  -1.32982e+00
pdf db-ub(2):-0.009425                                                                                                    | 13        pdf      sea1 b   1.45357e+00
pdf msr:1.000000                                                                                                          | 14        pdf       ub1 N   5.26276e-02
pdf db-ub(1):0.088606                                                                                                     | 15        pdf       ub1 a   9.99819e-01
pdf uv(1):2.000000                                                                                                        | 16        pdf       ub1 b   3.75557e+00
pdf s-sb(1):-0.000000                                                                                                     | 17        pdf       uv1 a  -5.00000e-01
pdf s-sb(2):-0.000000                                                                                                     | 18        pdf       uv1 b   3.49108e+00
                                                                                                                          | 19       norm       idis      10016  9.63859e-01
reaction: unpol DIS                                                                                                       | 20       norm       idis      10017  9.93894e-01
filters: Q2>1.690000                                                                                                      | 21       norm       idis      10010  1.00802e+00
filters: W2>10.000000                                                                                                     | 22       norm       idis      10011  1.00405e+00
    idx tar        col  npts       chi2  chi2-npts      rchi2      nchi2                                                  | 23       norm       idis      10020  9.91836e-01
  10016   p      BCDMS   348     667.94     319.94      20.80       1.45                                                  | 
  10017   d      BCDMS   254     453.88     199.88      15.90       0.04                                                  | 
  10020   p        NMC   273     700.70     427.70      12.07       0.17                                                  | 
  10021 d/p        NMC   174     327.30     153.30       3.00       0.00                                                  | 
  10010   p       SLAC   218     385.85     167.85       0.00       0.15                                                  | 
  10011   d       SLAC   228     325.99      97.99       0.00       0.06                                                  | 
['pdf']
JAM FITTER                                                                                                                | 1        pdf       db1 N   4.21057e-02
count = 1400                                                                                                              | 2        pdf       db1 a   3.45013e-01
elapsed time(mins)=13.333246                                                                                              | 3        pdf       db1 b   5.65378e+00
shifts  = 2                                                                                                               | 4        pdf       dv1 a  -4.43753e-01
npts    = 1495                                                                                                            | 5        pdf       dv1 b   1.00000e+01
chi2    = 2861.638824                                                                                                     | 6        pdf        g1 a  -7.07153e-01
rchi2   = 51.703769                                                                                                       | 7        pdf        g1 b   2.93407e+00
nchi2   = 1.790391                                                                                                        | 8        pdf        s1 N   3.19212e-02
chi2tot = 2915.132984                                                                                                     | 9        pdf        s1 a   1.00000e+00
dchi2(iter)  = 0.293379                                                                                                   | 10        pdf        s1 b   5.80261e+00
dchi2(local) = -0.145589                                                                                                  | 11        pdf      sea1 N   2.41227e-02
pdf dv(1):1.000000                                                                                                        | 12        pdf      sea1 a  -1.31680e+00
pdf db-ub(2):-0.006850                                                                                                    | 13        pdf      sea1 b   1.50578e+00
pdf msr:1.000000                                                                                                          | 14        pdf       ub1 N   4.89559e-02
pdf db-ub(1):0.083545                                                                                                     | 15        pdf       ub1 a   9.99909e-01
pdf uv(1):2.000000                                                                                                        | 16        pdf       ub1 b   3.81642e+00
pdf s-sb(1):0.000000                                                                                                      | 17        pdf       uv1 a  -5.00000e-01
pdf s-sb(2):0.000000                                                                                                      | 18        pdf       uv1 b   3.32510e+00
                                                                                                                          | 19       norm       idis      10016  9.64221e-01
reaction: unpol DIS                                                                                                       | 20       norm       idis      10017  9.94293e-01
filters: Q2>1.690000                                                                                                      | 21       norm       idis      10010  1.00766e+00
filters: W2>10.000000                                                                                                     | 22       norm       idis      10011  1.00353e+00
    idx tar        col  npts       chi2  chi2-npts      rchi2      nchi2                                                  | 23       norm       idis      10020  9.92104e-01
  10016   p      BCDMS   348     667.91     319.91      20.80       1.42                                                  | 
  10017   d      BCDMS   254     453.80     199.80      15.93       0.04                                                  | 
  10020   p        NMC   273     700.92     427.92      11.86       0.16                                                  | 
  10021 d/p        NMC   174     327.23     153.23       3.12       0.00                                                  | 
  10010   p       SLAC   218     385.75     167.75       0.00       0.13                                                  | 
  10011   d       SLAC   228     326.03      98.03       0.00       0.04                                                  | 
['pdf']
JAM FITTER                                                                                                                | 1        pdf       db1 N   4.15056e-02
count = 1500                                                                                                              | 2        pdf       db1 a   4.15683e-01
elapsed time(mins)=14.285756                                                                                              | 3        pdf       db1 b   5.74417e+00
shifts  = 3                                                                                                               | 4        pdf       dv1 a  -4.24020e-01
npts    = 1495                                                                                                            | 5        pdf       dv1 b   1.00000e+01
chi2    = 2861.618179                                                                                                     | 6        pdf        g1 a  -7.13081e-01
rchi2   = 51.695233                                                                                                       | 7        pdf        g1 b   2.89656e+00
nchi2   = 1.698167                                                                                                        | 8        pdf        s1 N   2.80988e-02
chi2tot = 2915.011578                                                                                                     | 9        pdf        s1 a   1.00000e+00
dchi2(iter)  = 0.266994                                                                                                   | 10        pdf        s1 b   5.67551e+00
dchi2(local) = -0.266994                                                                                                  | 11        pdf      sea1 N   2.45827e-02
pdf dv(1):1.000000                                                                                                        | 12        pdf      sea1 a  -1.31005e+00
pdf db-ub(2):-0.004633                                                                                                    | 13        pdf      sea1 b   1.54642e+00
pdf msr:1.000000                                                                                                          | 14        pdf       ub1 N   4.61388e-02
pdf db-ub(1):0.080560                                                                                                     | 15        pdf       ub1 a   9.99996e-01
pdf uv(1):2.000000                                                                                                        | 16        pdf       ub1 b   3.87810e+00
pdf s-sb(1):0.000000                                                                                                      | 17        pdf       uv1 a  -4.95765e-01
pdf s-sb(2):-0.000000                                                                                                     | 18        pdf       uv1 b   3.21630e+00
                                                                                                                          | 19       norm       idis      10016  9.65442e-01
reaction: unpol DIS                                                                                                       | 20       norm       idis      10017  9.95618e-01
filters: Q2>1.690000                                                                                                      | 21       norm       idis      10010  1.00853e+00
filters: W2>10.000000                                                                                                     | 22       norm       idis      10011  1.00429e+00
    idx tar        col  npts       chi2  chi2-npts      rchi2      nchi2                                                  | 23       norm       idis      10020  9.93031e-01
  10016   p      BCDMS   348     668.33     320.33      20.91       1.33                                                  | 
  10017   d      BCDMS   254     453.80     199.80      15.86       0.02                                                  | 
  10020   p        NMC   273     700.62     427.62      11.75       0.12                                                  | 
  10021 d/p        NMC   174     327.28     153.28       3.17       0.00                                                  | 
  10010   p       SLAC   218     385.52     167.52       0.00       0.16                                                  | 
  10011   d       SLAC   228     326.06      98.06       0.00       0.06                                                  | 
['pdf']
JAM FITTER                                                                                                                | 1        pdf       db1 N   4.13263e-02
count = 1600                                                                                                              | 2        pdf       db1 a   4.64740e-01
elapsed time(mins)=15.238176                                                                                              | 3        pdf       db1 b   5.79572e+00
shifts  = 3                                                                                                               | 4        pdf       dv1 a  -4.10517e-01
npts    = 1495                                                                                                            | 5        pdf       dv1 b   1.00000e+01
chi2    = 2862.061579                                                                                                     | 6        pdf        g1 a  -7.17366e-01
rchi2   = 51.239295                                                                                                       | 7        pdf        g1 b   2.87287e+00
nchi2   = 1.632143                                                                                                        | 8        pdf        s1 N   2.48439e-02
chi2tot = 2914.933017                                                                                                     | 9        pdf        s1 a   1.00000e+00
dchi2(iter)  = 0.078561                                                                                                   | 10        pdf        s1 b   5.58195e+00
dchi2(local) = -0.078561                                                                                                  | 11        pdf      sea1 N   2.48280e-02
pdf dv(1):1.000000                                                                                                        | 12        pdf      sea1 a  -1.30636e+00
pdf db-ub(2):-0.003395                                                                                                    | 13        pdf      sea1 b   1.57601e+00
pdf msr:1.000000                                                                                                          | 14        pdf       ub1 N   4.47215e-02
pdf db-ub(1):0.078148                                                                                                     | 15        pdf       ub1 a   9.99971e-01
pdf uv(1):2.000000                                                                                                        | 16        pdf       ub1 b   3.92787e+00
pdf s-sb(1):0.000000                                                                                                      | 17        pdf       uv1 a  -4.92636e-01
pdf s-sb(2):0.000000                                                                                                      | 18        pdf       uv1 b   3.15804e+00
                                                                                                                          | 19       norm       idis      10016  9.66596e-01
reaction: unpol DIS                                                                                                       | 20       norm       idis      10017  9.96879e-01
filters: Q2>1.690000                                                                                                      | 21       norm       idis      10010  1.00944e+00
filters: W2>10.000000                                                                                                     | 22       norm       idis      10011  1.00509e+00
    idx tar        col  npts       chi2  chi2-npts      rchi2      nchi2                                                  | 23       norm       idis      10020  9.94003e-01
  10016   p      BCDMS   348     668.19     320.19      20.70       1.24                                                  | 
  10017   d      BCDMS   254     453.48     199.48      15.61       0.01                                                  | 
  10020   p        NMC   273     700.28     427.28      11.66       0.09                                                  | 
  10021 d/p        NMC   174     327.44     153.44       3.28       0.00                                                  | 
  10010   p       SLAC   218     386.10     168.10       0.00       0.20                                                  | 
  10011   d       SLAC   228     326.57      98.57       0.00       0.09                                                  | 
['pdf']
JAM FITTER                                                                                                                | 1        pdf       db1 N   4.12526e-02
count = 1700                                                                                                              | 2        pdf       db1 a   4.78929e-01
elapsed time(mins)=16.195266                                                                                              | 3        pdf       db1 b   5.80869e+00
shifts  = 2                                                                                                               | 4        pdf       dv1 a  -4.06321e-01
npts    = 1495                                                                                                            | 5        pdf       dv1 b   1.00000e+01
chi2    = 2862.071432                                                                                                     | 6        pdf        g1 a  -7.19402e-01
rchi2   = 51.239463                                                                                                       | 7        pdf        g1 b   2.86247e+00
nchi2   = 1.616883                                                                                                        | 8        pdf        s1 N   2.39298e-02
chi2tot = 2914.927778                                                                                                     | 9        pdf        s1 a   1.00000e+00
dchi2(iter)  = 0.078561                                                                                                   | 10        pdf        s1 b   5.56882e+00
dchi2(local) = -0.005239                                                                                                  | 11        pdf      sea1 N   2.48957e-02
pdf dv(1):1.000000                                                                                                        | 12        pdf      sea1 a  -1.30532e+00
pdf db-ub(2):-0.003140                                                                                                    | 13        pdf      sea1 b   1.58414e+00
pdf msr:1.000000                                                                                                          | 14        pdf       ub1 N   4.43922e-02
pdf db-ub(1):0.077108                                                                                                     | 15        pdf       ub1 a   9.99999e-01
pdf uv(1):2.000000                                                                                                        | 16        pdf       ub1 b   3.94102e+00
pdf s-sb(1):0.000000                                                                                                      | 17        pdf       uv1 a  -4.91952e-01
pdf s-sb(2):0.000000                                                                                                      | 18        pdf       uv1 b   3.14295e+00
                                                                                                                          | 19       norm       idis      10016  9.66928e-01
reaction: unpol DIS                                                                                                       | 20       norm       idis      10017  9.97223e-01
filters: Q2>1.690000                                                                                                      | 21       norm       idis      10010  1.00970e+00
filters: W2>10.000000                                                                                                     | 22       norm       idis      10011  1.00531e+00
    idx tar        col  npts       chi2  chi2-npts      rchi2      nchi2                                                  | 23       norm       idis      10020  9.94266e-01
  10016   p      BCDMS   348     668.25     320.25      20.71       1.22                                                  | 
  10017   d      BCDMS   254     453.42     199.42      15.57       0.01                                                  | 
  10020   p        NMC   273     700.21     427.21      11.63       0.08                                                  | 
  10021 d/p        NMC   174     327.43     153.43       3.33       0.00                                                  | 
  10010   p       SLAC   218     386.09     168.09       0.00       0.21                                                  | 
  10011   d       SLAC   228     326.67      98.67       0.00       0.10                                                  | 
['pdf']
JAM FITTER                                                                                                                | 1        pdf       db1 N   4.12483e-02
count = 1756                                                                                                              | 2        pdf       db1 a   4.81102e-01
elapsed time(mins)=16.731915                                                                                              | 3        pdf       db1 b   5.80946e+00
shifts  = 1                                                                                                               | 4        pdf       dv1 a  -4.05636e-01
npts    = 1495                                                                                                            | 5        pdf       dv1 b   1.00000e+01
chi2    = 2862.074677                                                                                                     | 6        pdf        g1 a  -7.19661e-01
rchi2   = 51.238980                                                                                                       | 7        pdf        g1 b   2.86098e+00
nchi2   = 1.613877                                                                                                        | 8        pdf        s1 N   2.37510e-02
chi2tot = 2914.927534                                                                                                     | 9        pdf        s1 a   1.00000e+00
dchi2(iter)  = 0.078561                                                                                                   | 10        pdf        s1 b   5.57141e+00
dchi2(local) = -0.005483                                                                                                  | 11        pdf      sea1 N   2.49054e-02
pdf dv(1):1.000000                                                                                                        | 12        pdf      sea1 a  -1.30516e+00
pdf db-ub(2):-0.003112                                                                                                    | 13        pdf      sea1 b   1.58550e+00
pdf msr:1.000000                                                                                                          | 14        pdf       ub1 N   4.43608e-02
pdf db-ub(1):0.076892                                                                                                     | 15        pdf       ub1 a   1.00000e+00
pdf uv(1):2.000000                                                                                                        | 16        pdf       ub1 b   3.94297e+00
pdf s-sb(1):0.000000                                                                                                      | 17        pdf       uv1 a  -4.91875e-01
pdf s-sb(2):0.000000                                                                                                      | 18        pdf       uv1 b   3.14078e+00
                                                                                                                          | 19       norm       idis      10016  9.66993e-01
reaction: unpol DIS                                                                                                       | 20       norm       idis      10017  9.97291e-01
filters: Q2>1.690000                                                                                                      | 21       norm       idis      10010  1.00975e+00
filters: W2>10.000000                                                                                                     | 22       norm       idis      10011  1.00535e+00
    idx tar        col  npts       chi2  chi2-npts      rchi2      nchi2                                                  | 23       norm       idis      10020  9.94323e-01
  10016   p      BCDMS   348     668.25     320.25      20.71       1.21                                                  | 
  10017   d      BCDMS   254     453.41     199.41      15.56       0.01                                                  | 
  10020   p        NMC   273     700.20     427.20      11.62       0.08                                                  | 
  10021 d/p        NMC   174     327.43     153.43       3.34       0.00                                                  | 
  10010   p       SLAC   218     386.09     168.09       0.00       0.22                                                  | 
  10011   d       SLAC   228     326.69      98.69       0.00       0.10                                                  | 
