('active', 'pdf')

--step 1: npQCD objects = pdf , datasets = idis , tmc = False , ht = False
loading idis data sets 10016
loading idis data sets 10017
loading idis data sets 10020
loading idis data sets 10021
loading idis data sets 10010
loading idis data sets 10011
Loading DIS tables...
10016 has norm uncertainty
10017 has norm uncertainty
10020 has norm uncertainty
10010 has norm uncertainty
10011 has norm uncertainty
[H[J[H[J['pdf']
JAM FITTER                                                                                                                | 1        pdf       db1 N   3.27170e-02
count = 100                                                                                                               | 2        pdf       db1 a  -2.42532e-01
elapsed time(mins)=0.423127                                                                                               | 3        pdf       db1 b   3.24342e+00
shifts  = 2                                                                                                               | 4        pdf       dv1 a  -1.58776e-01
npts    = 1495                                                                                                            | 5        pdf       dv1 b   5.43849e+00
chi2    = 3165.084775                                                                                                     | 6        pdf        g1 a  -1.22035e-01
rchi2   = 67.941622                                                                                                       | 7        pdf        g1 b   6.88367e+00
nchi2   = 42.370439                                                                                                       | 8        pdf        s1 N   9.10617e-02
chi2tot = 3275.396836                                                                                                     | 9        pdf        s1 a  -9.84952e-01
dchi2(iter)  = 0.000000                                                                                                   | 10        pdf        s1 b   9.50373e+00
dchi2(local) = -inf                                                                                                       | 11        pdf      sea1 N   2.22273e-03
pdf dv(1):1.000000                                                                                                        | 12        pdf      sea1 a  -1.66312e+00
pdf db-ub(2):-0.000438                                                                                                    | 13        pdf      sea1 b   8.40863e+00
pdf msr:1.000000                                                                                                          | 14        pdf       ub1 N   3.31551e-02
pdf db-ub(1):0.110288                                                                                                     | 15        pdf       ub1 a   8.67504e-01
pdf uv(1):2.000000                                                                                                        | 16        pdf       ub1 b   3.08691e+00
pdf s-sb(1):0.000000                                                                                                      | 17        pdf       uv1 a  -2.15013e-01
pdf s-sb(2):0.000000                                                                                                      | 18        pdf       uv1 b   3.49959e+00
                                                                                                                          | 19       norm       idis      10016  1.02048e+00
reaction: unpol DIS                                                                                                       | 20       norm       idis      10017  1.04667e+00
filters: Q2>1.690000                                                                                                      | 21       norm       idis      10010  1.07602e+00
filters: W2>10.000000                                                                                                     | 22       norm       idis      10011  1.07702e+00
    idx tar        col  npts       chi2  chi2-npts      rchi2      nchi2                                                  | 23       norm       idis      10020  1.04839e+00
  10016   p      BCDMS   348     765.64     417.64      21.19       0.47                                                  | 
  10017   d      BCDMS   254     558.37     304.37      17.52       2.42                                                  | 
  10020   p        NMC   273     683.20     410.20      28.83       5.85                                                  | 
  10021 d/p        NMC   174     342.14     168.14       0.40       0.00                                                  | 
  10010   p       SLAC   218     380.49     162.49       0.00      13.10                                                  | 
  10011   d       SLAC   228     435.24     207.24       0.00      20.53                                                  | 
['pdf']
JAM FITTER                                                                                                                | 1        pdf       db1 N   2.65953e-02
count = 200                                                                                                               | 2        pdf       db1 a  -5.51930e-01
elapsed time(mins)=0.845822                                                                                               | 3        pdf       db1 b   3.11732e+00
shifts  = 3                                                                                                               | 4        pdf       dv1 a  -2.53679e-01
npts    = 1495                                                                                                            | 5        pdf       dv1 b   4.66980e+00
chi2    = 3049.181995                                                                                                     | 6        pdf        g1 a  -6.94457e-01
rchi2   = 53.036989                                                                                                       | 7        pdf        g1 b   2.82841e+00
nchi2   = 1.632416                                                                                                        | 8        pdf        s1 N   5.81901e-02
chi2tot = 3103.851400                                                                                                     | 9        pdf        s1 a  -8.59465e-01
dchi2(iter)  = inf                                                                                                        | 10        pdf        s1 b   9.98863e+00
dchi2(local) = -inf                                                                                                       | 11        pdf      sea1 N   4.50187e-03
pdf dv(1):1.000000                                                                                                        | 12        pdf      sea1 a  -1.50782e+00
pdf db-ub(2):-0.009825                                                                                                    | 13        pdf      sea1 b   9.70940e+00
pdf msr:1.000000                                                                                                          | 14        pdf       ub1 N   3.64205e-02
pdf db-ub(1):0.130687                                                                                                     | 15        pdf       ub1 a   8.92926e-01
pdf uv(1):2.000000                                                                                                        | 16        pdf       ub1 b   4.39869e+00
pdf s-sb(1):0.000000                                                                                                      | 17        pdf       uv1 a  -4.07817e-01
pdf s-sb(2):-0.000000                                                                                                     | 18        pdf       uv1 b   2.81753e+00
                                                                                                                          | 19       norm       idis      10016  9.66582e-01
reaction: unpol DIS                                                                                                       | 20       norm       idis      10017  9.91516e-01
filters: Q2>1.690000                                                                                                      | 21       norm       idis      10010  1.00135e+00
filters: W2>10.000000                                                                                                     | 22       norm       idis      10[H[J[H[J011  9.98216e-01
    idx tar        col  npts       chi2  chi2-npts      rchi2      nchi2                                                  | 23       norm       idis      10020  9.89111e-01
  10016   p      BCDMS   348     708.45     360.45      21.11       1.24                                                  | 
  10017   d      BCDMS   254     534.30     280.30      18.87       0.08                                                  | 
  10020   p        NMC   273     682.24     409.24      12.09       0.30                                                  | 
  10021 d/p        NMC   174     342.87     168.87       0.96       0.00                                                  | 
  10010   p       SLAC   218     377.36     159.36       0.00       0.00                                                  | 
  10011   d       SLAC   228     403.97     175.97       0.00       0.01                                                  | 
['pdf']
JAM FITTER                                                                                                                | 1        pdf       db1 N   2.31580e-02
count = 300                                                                                                               | 2        pdf       db1 a  -6.78804e-01
elapsed time(mins)=1.267392                                                                                               | 3        pdf       db1 b   2.93009e+00
shifts  = 2                                                                                                               | 4        pdf       dv1 a  -2.35888e-01
npts    = 1495                                                                                                            | 5        pdf       dv1 b   4.55983e+00
chi2    = 3038.595850                                                                                                     | 6        pdf        g1 a  -7.02784e-01
rchi2   = 52.979962                                                                                                       | 7        pdf        g1 b   2.70547e+00
nchi2   = 1.570363                                                                                                        | 8        pdf        s1 N   4.86642e-02
chi2tot = 3093.146175                                                                                                     | 9        pdf        s1 a  -6.34620e-01
dchi2(iter)  = inf                                                                                                        | 10        pdf        s1 b   9.94931e+00
dchi2(local) = -10.705225                                                                                                 | 11        pdf      sea1 N   6.78155e-03
pdf dv(1):1.000000                                                                                                        | 12        pdf      sea1 a  -1.38526e+00
pdf db-ub(2):-0.015556                                                                                                    | 13        pdf      sea1 b   9.41610e+00
pdf msr:1.000000                                                                                                          | 14        pdf       ub1 N   3.87136e-02
pdf db-ub(1):0.158576                                                                                                     | 15        pdf       ub1 a   9.99710e-01
pdf uv(1):2.000000                                                                                                        | 16        pdf       ub1 b   4.64188e+00
pdf s-sb(1):0.000000                                                                                                      | 17        pdf       uv1 a  -4.37316e-01
pdf s-sb(2):0.000000                                                                                                      | 18        pdf       uv1 b   2.73885e+00
                                                                                                                          | 19       norm       idis      10016  9.67172e-01
reaction: unpol DIS                                                                                                       | 20       norm       idis      10017  9.92437e-01
filters: Q2>1.690000                                                                                                      | 21       norm       idis      10010  1.00030e+00
filters: W2>10.000000                                                                                                     | 22       norm       idis      10011  9.97180e-01
    idx tar        col  npts       chi2  chi2-npts      rchi2      nchi2                                                  | 23       norm       idis      10020  9.89386e-01
  10016   p      BCDMS   348     707.58     359.58      21.13       1.20                                                  | 
  10017   d      BCDMS   254     529.20     275.20      17.61       0.06                                                  | 
  10020   p        NMC   273     676.13     403.13      13.35       0.28                                                  | 
  10021 d/p        NMC   174     343.94     169.94       0.89       0.00                                                  | 
  10010   p       SLAC   218     378.28     160.28       0.00       0.00                                                  | 
  10011   d       SLAC   228     403.46     175.46       0.00       0.03                                                  | 
['pdf']
JAM FITTER                                                                                                                | 1        pdf       db1 N   2.19861e-02
count = 400                                                                                                               | 2        pdf       db1 a  -7.59734e-01
elapsed time(mins)=1.688526                                                                                               | 3        pdf       db1 b   2.71960e+00
shifts  = 3                                                                                                               | 4        pdf       dv1 a  -2.24357e-01
npts    = 1495                                                                                                            | 5        pdf       dv1 b   4.55964e+00
chi2    = 3038.128407                                                                                                     | 6        pdf        g1 a  -7.10189e-01
rchi2   = 52.687663                                                                                                       | 7        pdf        g1 b   2.63491e+00
nchi2   = 1.392249                                                                                                        | 8        pdf        s1 N   4.33163e-02
chi2tot = 3092.208320                                                                                                     | 9        pdf        s1 a  -5.05351e-01
dchi2(iter)  = 11.643080                                                                                                  | 10        pdf        s1 b   9.99860e+00
dchi2(local) = -11.643080                                                                                                 | 11        pdf      sea1 N   7.97529e-03
pdf dv(1):1.000000                                                                                                        | 12        pdf      sea1 a  -1.33860e+00
pdf db-ub(2):-0.019808                                                                                                    | 13        pdf      sea1 b   8.96521e+00
pdf msr:1.000000                                                                                                          | 14        pdf       ub1 N   4.17939e-02
pdf db-ub(1):0.202561                                                                                                     | 15        pdf       ub1 a   9.99975e-01
pdf uv(1):2.000000                                                                                                        | 16        pdf       ub1 b   4.64675e+00
pdf s-sb(1):-0.000000                                          [H[J[H[J                                                           | 17        pdf       uv1 a  -4.59697e-01
pdf s-sb(2):0.000000                                                                                                      | 18        pdf       uv1 b   2.70239e+00
                                                                                                                          | 19       norm       idis      10016  9.68660e-01
reaction: unpol DIS                                                                                                       | 20       norm       idis      10017  9.93874e-01
filters: Q2>1.690000                                                                                                      | 21       norm       idis      10010  1.00091e+00
filters: W2>10.000000                                                                                                     | 22       norm       idis      10011  9.97777e-01
    idx tar        col  npts       chi2  chi2-npts      rchi2      nchi2                                                  | 23       norm       idis      10020  9.90197e-01
  10016   p      BCDMS   348     707.46     359.46      20.89       1.09                                                  | 
  10017   d      BCDMS   254     527.69     273.69      17.55       0.04                                                  | 
  10020   p        NMC   273     675.11     402.11      13.43       0.24                                                  | 
  10021 d/p        NMC   174     345.12     171.12       0.82       0.00                                                  | 
  10010   p       SLAC   218     379.08     161.08       0.00       0.00                                                  | 
  10011   d       SLAC   228     403.67     175.67       0.00       0.02                                                  | 
['pdf']
JAM FITTER                                                                                                                | 1        pdf       db1 N   2.20034e-02
count = 500                                                                                                               | 2        pdf       db1 a  -7.62636e-01
elapsed time(mins)=2.113515                                                                                               | 3        pdf       db1 b   2.69813e+00
shifts  = 2                                                                                                               | 4        pdf       dv1 a  -2.23461e-01
npts    = 1495                                                                                                            | 5        pdf       dv1 b   4.56739e+00
chi2    = 3038.276010                                                                                                     | 6        pdf        g1 a  -7.10144e-01
rchi2   = 52.536958                                                                                                       | 7        pdf        g1 b   2.63758e+00
nchi2   = 1.382587                                                                                                        | 8        pdf        s1 N   4.31879e-02
chi2tot = 3092.195555                                                                                                     | 9        pdf        s1 a  -5.13528e-01
dchi2(iter)  = 11.643080                                                                                                  | 10        pdf        s1 b   9.99991e+00
dchi2(local) = -0.012765                                                                                                  | 11        pdf      sea1 N   8.01279e-03
pdf dv(1):1.000000                                                                                                        | 12        pdf      sea1 a  -1.34180e+00
pdf db-ub(2):-0.019853                                                                                                    | 13        pdf      sea1 b   8.77253e+00
pdf msr:1.000000                                                                                                          | 14        pdf       ub1 N   4.18569e-02
pdf db-ub(1):0.204823                                                                                                     | 15        pdf       ub1 a   1.00000e+00
pdf uv(1):2.000000                                                                                                        | 16        pdf       ub1 b   4.64485e+00
pdf s-sb(1):0.000000                                                                                                      | 17        pdf       uv1 a  -4.59937e-01
pdf s-sb(2):0.000000                                                                                                      | 18        pdf       uv1 b   2.70303e+00
                                                                                                                          | 19       norm       idis      10016  9.68727e-01
reaction: unpol DIS                                                                                                       | 20       norm       idis      10017  9.93913e-01
filters: Q2>1.690000                                                                                                      | 21       norm       idis      10010  1.00097e+00
filters: W2>10.000000                                                                                                     | 22       norm       idis      10011  9.97844e-01
    idx tar        col  npts       chi2  chi2-npts      rchi2      nchi2                                                  | 23       norm       idis      10020  9.90273e-01
  10016   p      BCDMS   348     707.44     359.44      20.81       1.09                                                  | 
  10017   d      BCDMS   254     527.63     273.63      17.55       0.04                                                  | 
  10020   p        NMC   273     675.19     402.19      13.36       0.24                                                  | 
  10021 d/p        NMC   174     345.23     171.23       0.81       0.00                                                  | 
  10010   p       SLAC   218     379.16     161.16       0.00       0.00                                                  | 
  10011   d       SLAC   228     403.63     175.63       0.00       0.02                                                  | 
['pdf']
JAM FITTER                                                                                                                | 1        pdf       db1 N   2.19912e-02
count = 600                                                                                                               | 2        pdf       db1 a  -7.63378e-01
elapsed time(mins)=2.527739                                                                                               | 3        pdf       db1 b   2.69641e+00
shifts  = 3                                                                                                               | 4        pdf       dv1 a  -2.23574e-01
npts    = 1495                                                                                                            | 5        pdf       dv1 b   4.56651e+00
chi2    = 3038.292623                                                                                                     | 6        pdf        g1 a  -7.10389e-01
rchi2   = 52.523884                                                                                                       | 7        pdf        g1 b   2.63673e+00
nchi2   = 1.378332                                                                                                        | 8        pdf        s1 N   4.30595e-02
chi2tot = 3092.194839                                                                                                     | 9        pdf        s1 a  -5.14585e-01
dchi2(iter)  = 0.013481                                                                                                   | 10        pdf        s1 b   1.00000e+01
dchi2(local) = -0.013481                                                                                   [H[J               | 11        pdf      sea1 N   8.04662e-03
pdf dv(1):1.000000                                                                                                        | 12        pdf      sea1 a  -1.34233e+00
pdf db-ub(2):-0.019912                                                                                                    | 13        pdf      sea1 b   8.69066e+00
pdf msr:1.000000                                                                                                          | 14        pdf       ub1 N   4.19035e-02
pdf db-ub(1):0.205361                                                                                                     | 15        pdf       ub1 a   1.00000e+00
pdf uv(1):2.000000                                                                                                        | 16        pdf       ub1 b   4.64455e+00
pdf s-sb(1):0.000000                                                                                                      | 17        pdf       uv1 a  -4.60291e-01
pdf s-sb(2):0.000000                                                                                                      | 18        pdf       uv1 b   2.70248e+00
                                                                                                                          | 19       norm       idis      10016  9.68761e-01
reaction: unpol DIS                                                                                                       | 20       norm       idis      10017  9.93947e-01
filters: Q2>1.690000                                                                                                      | 21       norm       idis      10010  1.00099e+00
filters: W2>10.000000                                                                                                     | 22       norm       idis      10011  9.97867e-01
    idx tar        col  npts       chi2  chi2-npts      rchi2      nchi2                                                  | 23       norm       idis      10020  9.90297e-01
  10016   p      BCDMS   348     707.44     359.44      20.80       1.08                                                  | 
  10017   d      BCDMS   254     527.62     273.62      17.55       0.04                                                  | 
  10020   p        NMC   273     675.18     402.18      13.36       0.24                                                  | 
  10021 d/p        NMC   174     345.25     171.25       0.81       0.00                                                  | 
  10010   p       SLAC   218     379.17     161.17       0.00       0.00                                                  | 
  10011   d       SLAC   228     403.62     175.62       0.00       0.02                                                  | 
['pdf']
JAM FITTER                                                                                                                | 1        pdf       db1 N   2.19912e-02
count = 606                                                                                                               | 2        pdf       db1 a  -7.63378e-01
elapsed time(mins)=2.557259                                                                                               | 3        pdf       db1 b   2.69641e+00
shifts  = 2                                                                                                               | 4        pdf       dv1 a  -2.23574e-01
npts    = 1495                                                                                                            | 5        pdf       dv1 b   4.56651e+00
chi2    = 3038.292622                                                                                                     | 6        pdf        g1 a  -7.10389e-01
rchi2   = 52.523885                                                                                                       | 7        pdf        g1 b   2.63673e+00
nchi2   = 1.378332                                                                                                        | 8        pdf        s1 N   4.30595e-02
chi2tot = 3092.194839                                                                                                     | 9        pdf        s1 a  -5.14585e-01
dchi2(iter)  = 0.013481                                                                                                   | 10        pdf        s1 b   1.00000e+01
dchi2(local) = 0.000000                                                                                                   | 11        pdf      sea1 N   8.04662e-03
pdf dv(1):1.000000                                                                                                        | 12        pdf      sea1 a  -1.34233e+00
pdf db-ub(2):-0.019912                                                                                                    | 13        pdf      sea1 b   8.69066e+00
pdf msr:1.000000                                                                                                          | 14        pdf       ub1 N   4.19035e-02
pdf db-ub(1):0.205361                                                                                                     | 15        pdf       ub1 a   1.00000e+00
pdf uv(1):2.000000                                                                                                        | 16        pdf       ub1 b   4.64455e+00
pdf s-sb(1):0.000000                                                                                                      | 17        pdf       uv1 a  -4.60291e-01
pdf s-sb(2):0.000000                                                                                                      | 18        pdf       uv1 b   2.70248e+00
                                                                                                                          | 19       norm       idis      10016  9.68761e-01
reaction: unpol DIS                                                                                                       | 20       norm       idis      10017  9.93947e-01
filters: Q2>1.690000                                                                                                      | 21       norm       idis      10010  1.00099e+00
filters: W2>10.000000                                                                                                     | 22       norm       idis      10011  9.97867e-01
    idx tar        col  npts       chi2  chi2-npts      rchi2      nchi2                                                  | 23       norm       idis      10020  9.90297e-01
  10016   p      BCDMS   348     707.44     359.44      20.80       1.08                                                  | 
  10017   d      BCDMS   254     527.62     273.62      17.55       0.04                                                  | 
  10020   p        NMC   273     675.18     402.18      13.36       0.24                                                  | 
  10021 d/p        NMC   174     345.25     171.25       0.81       0.00                                                  | 
  10010   p       SLAC   218     379.17     161.17       0.00       0.00                                                  | 
  10011   d       SLAC   228     403.62     175.62       0.00       0.02                                                  | 
