('active', 'pdf')

--step 1: npQCD objects = pdf , datasets = idis , tmc = False , ht = False
loading idis data sets 10016
loading idis data sets 10017
loading idis data sets 10020
loading idis data sets 10021
loading idis data sets 10010
loading idis data sets 10011
Loading DIS tables...
10016 has norm uncertainty
10017 has norm uncertainty
10020 has norm uncertainty
10010 has norm uncertainty
10011 has norm uncertainty
[H[J[H[J[H[J[H[J[H[J[H[J[H[J[H[J[H[J[H[J[H[J[H[J[H[J['pdf']
JAM FITTER                                                                                                                | 1        pdf       db1 N   9.20558e-02
count = 100                                                                                                               | 2        pdf       db1 a   9.25614e-01
elapsed time(mins)=0.945061                                                                                               | 3        pdf       db1 b   4.16866e-01
shifts  = 2                                                                                                               | 4        pdf       dv1 a  -3.67316e-02
npts    = 1495                                                                                                            | 5        pdf       dv1 b   8.55202e+00
chi2    = 174350.899821                                                                                                   | 6        pdf        g1 a   8.18476e-01
rchi2   = 24110.446736                                                                                                    | 7        pdf        g1 b   1.45818e+00
nchi2   = 305.081832                                                                                                      | 8        pdf        s1 N   1.64511e-01
chi2tot = 198766.428389                                                                                                   | 9        pdf        s1 a  -2.80957e-01
dchi2(iter)  = 0.000000                                                                                                   | 10        pdf        s1 b   1.15515e+00
dchi2(local) = -inf                                                                                                       | 11        pdf      sea1 N   1.03215e-01
pdf dv(1):1.000000                                                                                                        | 12        pdf      sea1 a  -1.84207e+00
pdf db-ub(2):-0.068673                                                                                                    | 13        pdf      sea1 b   7.65149e+00
pdf msr:1.000000                                                                                                          | 14        pdf       ub1 N   1.60729e-01
pdf db-ub(1):-7.382387                                                                                                    | 15        pdf       ub1 a  -8.55313e-01
pdf uv(1):2.000000                                                                                                        | 16        pdf       ub1 b   5.64472e+00
pdf s-sb(1):0.000000                                                                                                      | 17        pdf       uv1 a  -2.48452e-01
pdf s-sb(2):0.000000                                                                                                      | 18        pdf       uv1 b   3.31590e+00
                                                                                                                          | 19       norm       idis      10016  1.12049e+00
reaction: unpol DIS                                                                                                       | 20       norm       idis      10017  1.02463e+00
filters: Q2>1.690000                                                                                                      | 21       norm       idis      10010  1.17595e+00
filters: W2>10.000000                                                                                                     | 22       norm       idis      10011  1.19727e+00
    idx tar        col  npts       chi2  chi2-npts      rchi2      nchi2                                                  | 23       norm       idis      10020  1.18267e+00
  10016   p      BCDMS   348   18645.43   18297.43    1834.01      16.13                                                  | 
  10017   d      BCDMS   254   16138.26   15884.26    4210.92       0.67                                                  | 
  10020   p        NMC   273   31202.19   30929.19   12157.56      83.42                                                  | 
  10021 d/p        NMC   174   11838.96   11664.96    5907.96       0.00                                                  | 
  10010   p       SLAC   218   51406.87   51188.87       0.00      70.20                                                  | 
  10011   d       SLAC   228   45119.18   44891.18       0.00     134.66                                                  | 
['pdf']
JAM FITTER                                                                                                                | 1        pdf       db1 N   5.21659e-02
count = 200                                                                                                               | 2        pdf       db1 a  -7.38725e-01
elapsed time(mins)=1.882535                                                                                               | 3        pdf       db1 b   3.36661e+00
shifts  = 2                                                                                                               | 4        pdf       dv1 a  -2.92338e-01
npts    = 1495                                                                                                            | 5        pdf       dv1 b   9.92500e+00
chi2    = 6421.476827                                                                                                     | 6        pdf        g1 a   9.75757e-01
rchi2   = 460.037356                                                                                                      | 7        pdf        g1 b   6.27467e+00
nchi2   = 198.508047                                                                                                      | 8        pdf        s1 N   1.21864e-01
chi2tot = 7080.022230                                                                                                     | 9        pdf        s1 a   1.71386e-01
dchi2(iter)  = 0.000000                                                                                                   | 10        pdf        s1 b   3.62806e+00
dchi2(local) = -inf                                                                                                       | 11        pdf      sea1 N   2.73390e-02
pdf dv(1):1.000000                                                                                                        | 12        pdf      sea1 a  -1.88040e+00
pdf db-ub(2):-0.007533                                                                                                    | 13        pdf      sea1 b   2.10265e+00
pdf msr:1.000000                                                                                                          | 14        pdf       ub1 N   5.96988e-02
pdf db-ub(1):0.412586                                                                                                     | 15        pdf       ub1 a  -5.01606e-01
pdf uv(1):2.000000                                                                                                        | 16        pdf       ub1 b   2.77112e+00
pdf s-sb(1):0.000000                                                                                                      | 17        pdf       uv1 a  -4.94901e-01
pdf s-sb(2):0.000000                                                                                                      | 18        pdf       uv1 b   2.56316e+00
                                                                                                                          | 19       norm       idis      10016  1.07339e+00
reaction: unpol DIS                                                                                                       | 20       norm       idis      10017  1.10599e+00
filters: Q2>1.690000                                                                                                      | 21       norm       idis      10010  1.18062e+00
filters: W2>10.000000                                                                                                     | 22       norm       idis      10011  1.17505e+00
    idx tar        col  npts       chi2  chi2-npts      rchi2      nchi2                                                  | 23       norm       idis      10020  9.96024e-01
  10016   p      BCDMS   348    1027.20     679.20      31.30       5.98                                                  | 
  10017   d      BCDMS   254     726.72     472.72      37.34      12.48                                                  | 
  10020   p        NMC   273    2425.26    2152.26     301.77       0.04                                                  | 
  10021 d/p        NMC   174     577.42     403.42      89.62       0.00                                                  | 
  10010   p       SLAC   218     643.67     425.67       0.00      73.98                                                  | 
  10011   d       SLAC   228    1021.20     793.20       0.00     106.02                                                  | 
['pdf']
JAM FITTER                                                                                                                | 1        pdf       db1 N   5.30433e-02
count = 300                                                                                                               | 2        pdf       db1 a  -6.17757e-01
elapsed time(mins)=2.818048                                                                                               | 3        pdf       db1 b   3.32938e+00
shifts  = 2                                                                                                               | 4        pdf       dv1 a  -3.54386e-01
npts    = 1495                                                                                                            | 5        pdf       dv1 b   9.42168e+00
chi2    = 4185.182198                                                                                                     | 6        pdf        g1 a  -1.49975e+00
rchi2   = 251.556012                                                                                                      | 7        pdf        g1 b   6.09289e+00
nchi2   = 143.242768                                                                                                      | 8        pdf        s1 N   1.34940e-01
chi2tot = 4579.980978                                                                                                     | 9        pdf        s1 a   2.96834e-01
dchi2(iter)  = 0.000000                                                                                                   | 10        pdf        s1 b   4.19805e+00
dchi2(local) = -inf                                                                                                       | 11        pdf      sea1 N   1.69340e-02
pdf dv(1):1.000000                                                                                                        | 12        pdf      sea1 a  -1.87807e+00
pdf db-ub(2):-0.005733                                                                                                    | 13        pdf      sea1 b   1.90714e+00
pdf msr:1.000000                                                                                                          | 14        pdf       ub1 N   5.87768e-02
pdf db-ub(1):0.162037                                                                                                     | 15        pdf       ub1 a  -5.12622e-01
pdf uv(1):2.000000                                                                                                        | 16        pdf       ub1 b   2.59054e+00
pdf s-sb(1):0.000000                                                                                                      | 17        pdf       uv1 a  -4.99987e-01
pdf s-sb(2):0.000000                                                                                                      | 18        pdf       uv1 b   2.65010e+00
                                                                                                                          | 19       norm       idis      10016  1.04632e+00
reaction: unpol DIS                                                                                                       | 20       norm       idis      10017  1.08145e+00
filters: Q2>1.690000                                                                                                      | 21       norm       idis      10010  1.15428e+00
filters: W2>10.000000                                                                                                     | 22       norm       idis      10011  1.15094e+00
    idx tar        col  npts       chi2  chi2-npts      rchi2      nchi2                                                  | 23       norm       idis      10020  1.01653e+00
  10016   p      BCDMS   348     746.21     398.21      68.09       2.38                                                  | 
  10017   d      BCDMS   254     559.43     305.43      39.98       7.37                                                  | 
  10020   p        NMC   273    1369.49    1096.49     131.74       0.68                                                  | 
  10021 d/p        NMC   174     415.06     241.06      11.75       0.00                                                  | 
  10010   p       SLAC   218     572.37     354.37       0.00      53.98                                                  | 
  10011   d       SLAC   228     522.63     294.63       0.00      78.83                                                  | 
['pdf']
JAM FITTER                                                                                                                | 1        pdf       db1 N   4.27173e-02
count = 400                                                                                                               | 2        pdf       db1 a  -5.96808e-01
elapsed time(mins)=3.752204                                                                                               | 3        pdf       db1 b   3.60231e+00
shifts  = 2                                                                                                               | 4        pdf       dv1 a  -3.67352e-01
npts    = 1495                                                                                                            | 5        pdf       dv1 b   9.43265e+00
chi2    = 3396.404406                                                                                                     | 6        pdf        g1 a  -1.23032e+00
rchi2   = 208.745509                                                                                                      | 7        pdf        g1 b   6.02843e+00
nchi2   = 50.203590                                                                                                       | 8        pdf        s1 N   1.63188e-01
chi2tot = 3655.353505                                                                                                     | 9        pdf        s1 a   4.76304e-01
dchi2(iter)  = 0.000000                                                                                                   | 10        pdf        s1 b   4.00655e+00
dchi2(local) = -inf                                                                                                       | 11        pdf      sea1 N   9.20228e-03
pdf dv(1):1.000000                                                                                                        | 12        pdf      sea1 a  -1.62691e+00
pdf db-ub(2):0.002873                                                                                                     | 13        pdf      sea1 b   1.94048e+00
pdf msr:1.000000                                                                                                          | 14        pdf       ub1 N   3.98443e-02
pdf db-ub(1):0.101197                                                                                                     | 15        pdf       ub1 a  -6.24490e-01
pdf uv(1):2.000000                                                                                                        | 16        pdf       ub1 b   2.66875e+00
pdf s-sb(1):0.000000                                                                                                      | 17        pdf       uv1 a  -4.99992e-01
pdf s-sb(2):0.000000                                                                                                      | 18        pdf       uv1 b   2.69302e+00
                                                                                                                          | 19       norm       idis      10016  9.93431e-01
reaction: unpol DIS                                                                                                       | 20       norm       idis      10017  1.03299e+00
filters: Q2>1.690000                                                                                                      | 21       norm       idis      10010  1.09040e+00
filters: W2>10.000000                                                                                                     | 22       norm       idis      10011  1.09373e+00
    idx tar        col  npts       chi2  chi2-npts      rchi2      nchi2                                                  | 23       norm       idis      10020  1.00263e+00
  10016   p      BCDMS   348     664.69     316.69      56.31       0.05                                                  | 
  10017   d      BCDMS   254     541.20     287.20      56.54       1.21                                                  | 
  10020   p        NMC   273     883.46     610.46      90.07       0.02                                                  | 
  10021 d/p        NMC   174     413.43     239.43       5.82       0.00                                                  | 
  10010   p       SLAC   218     494.15     276.15       0.00      18.53                                                  | 
  10011   d       SLAC   228     399.48     171.48       0.00      30.40                                                  | 
['pdf']
JAM FITTER                                                                                                                | 1        pdf       db1 N   2.54120e-02
count = 500                                                                                                               | 2        pdf       db1 a  -6.27955e-01
elapsed time(mins)=4.691100                                                                                               | 3        pdf       db1 b   4.60315e+00
shifts  = 2                                                                                                               | 4        pdf       dv1 a  -3.36529e-01
npts    = 1495                                                                                                            | 5        pdf       dv1 b   7.63039e+00
chi2    = 2852.896590                                                                                                     | 6        pdf        g1 a  -3.71762e-01
rchi2   = 95.443065                                                                                                       | 7        pdf        g1 b   5.74066e+00
nchi2   = 5.658124                                                                                                        | 8        pdf        s1 N   1.51309e-01
chi2tot = 2953.997779                                                                                                     | 9        pdf        s1 a   9.85502e-01
dchi2(iter)  = 0.000000                                                                                                   | 10        pdf        s1 b   4.73788e+00
dchi2(local) = -inf                                                                                                       | 11        pdf      sea1 N   9.75337e-03
pdf dv(1):1.000000                                                                                                        | 12        pdf      sea1 a  -1.43991e+00
pdf db-ub(2):-0.002278                                                                                                    | 13        pdf      sea1 b   3.29557e+00
pdf msr:1.000000                                                                                                          | 14        pdf       ub1 N   2.76900e-02
pdf db-ub(1):0.089040                                                                                                     | 15        pdf       ub1 a  -6.81504e-01
pdf uv(1):2.000000                                                                                                        | 16        pdf       ub1 b   2.35171e+00
pdf s-sb(1):0.000000                                                                                                      | 17        pdf       uv1 a  -4.99993e-01
pdf s-sb(2):0.000000                                                                                                      | 18        pdf       uv1 b   2.69011e+00
                                                                                                                          | 19       norm       idis      10016  9.43901e-01
reaction: unpol DIS                                                                                                       | 20       norm       idis      10017  9.73536e-01
filters: Q2>1.690000                                                                                                      | 21       norm       idis      10010  1.01009e+00
filters: W2>10.000000                                                                                                     | 22       norm       idis      10011  1.00664e+00
    idx tar        col  npts       chi2  chi2-npts      rchi2      nchi2                                                  | 23       norm       idis      10020  9.80000e-01
  10016   p      BCDMS   348     622.71     274.71      37.01       3.50                                                  | 
  10017   d      BCDMS   254     435.75     181.75      21.85       0.78                                                  | 
  10020   p        NMC   273     666.19     393.19      34.35       1.00                                                  | 
  10021 d/p        NMC   174     332.59     158.59       2.23       0.00                                                  | 
  10010   p       SLAC   218     429.20     211.20       0.00       0.23                                                  | 
  10011   d       SLAC   228     366.44     138.44       0.00       0.15                                                  | 
['pdf']
JAM FITTER                                                                                                                | 1        pdf       db1 N   1.37296e-02
count = 600                                                                                                               | 2        pdf       db1 a  -6.79945e-01
elapsed time(mins)=5.627279                                                                                               | 3        pdf       db1 b   5.39062e+00
shifts  = 2                                                                                                               | 4        pdf       dv1 a  -2.65887e-01
npts    = 1495                                                                                                            | 5        pdf       dv1 b   7.06642e+00
chi2    = 2817.522286                                                                                                     | 6        pdf        g1 a  -1.33103e-01
rchi2   = 71.862123                                                                                                       | 7        pdf        g1 b   6.36930e+00
nchi2   = 11.044492                                                                                                       | 8        pdf        s1 N   1.52367e-01
chi2tot = 2900.428902                                                                                                     | 9        pdf        s1 a   9.95137e-01
dchi2(iter)  = 0.000000                                                                                                   | 10        pdf        s1 b   4.65576e+00
dchi2(local) = -inf                                                                                                       | 11        pdf      sea1 N   1.24775e-02
pdf dv(1):1.000000                                                                                                        | 12        pdf      sea1 a  -1.32024e+00
pdf db-ub(2):0.001810                                                                                                     | 13        pdf      sea1 b   4.36139e+00
pdf msr:1.000000                                                                                                          | 14        pdf       ub1 N   1.19199e-02
pdf db-ub(1):0.141259                                                                                                     | 15        pdf       ub1 a  -6.90390e-01
pdf uv(1):2.000000                                                                                                        | 16        pdf       ub1 b   2.49853e+00
pdf s-sb(1):0.000000                                                                                                      | 17        pdf       uv1 a  -4.53135e-01
pdf s-sb(2):0.000000                                                                                                      | 18        pdf       uv1 b   2.74289e+00
                                                                                                                          | 19       norm       idis      10016  9.29455e-01
reaction: unpol DIS                                                                                                       | 20       norm       idis      10017  9.58017e-01
filters: Q2>1.690000                                                                                                      | 21       norm       idis      10010  9.90382e-01
filters: W2>10.000000                                                                                                     | 22       norm       idis      10011  9.86844e-01
    idx tar        col  npts       chi2  chi2-npts      rchi2      nchi2                                                  | 23       norm       idis      10020  9.66846e-01
  10016   p      BCDMS   348     604.29     256.29      27.10       5.53                                                  | 
  10017   d      BCDMS   254     434.60     180.60      16.77       1.96                                                  | 
  10020   p        NMC   273     655.65     382.65      26.48       2.75                                                  | 
  10021 d/p        NMC   174     324.09     150.09       1.51       0.00                                                  | 
  10010   p       SLAC   218     429.14     211.14       0.00       0.21                                                  | 
  10011   d       SLAC   228     369.74     141.74       0.00       0.60                                                  | 
['pdf']
JAM FITTER                                                                                                                | 1        pdf       db1 N   9.04457e-03
count = 700                                                                                                               | 2        pdf       db1 a  -7.16267e-01
elapsed time(mins)=6.557048                                                                                               | 3        pdf       db1 b   5.70940e+00
shifts  = 2                                                                                                               | 4        pdf       dv1 a  -2.12626e-01
npts    = 1495                                                                                                            | 5        pdf       dv1 b   6.93149e+00
chi2    = 2799.258733                                                                                                     | 6        pdf        g1 a  -8.77091e-02
rchi2   = 73.231996                                                                                                       | 7        pdf        g1 b   6.07510e+00
nchi2   = 11.125041                                                                                                       | 8        pdf        s1 N   1.46462e-01
chi2tot = 2883.615770                                                                                                     | 9        pdf        s1 a   9.99369e-01
dchi2(iter)  = 0.000000                                                                                                   | 10        pdf        s1 b   4.63065e+00
dchi2(local) = -inf                                                                                                       | 11        pdf      sea1 N   1.37061e-02
pdf dv(1):1.000000                                                                                                        | 12        pdf      sea1 a  -1.24783e+00
pdf db-ub(2):0.006108                                                                                                     | 13        pdf      sea1 b   5.66328e+00
pdf msr:1.000000                                                                                                          | 14        pdf       ub1 N   2.93691e-03
pdf db-ub(1):0.164841                                                                                                     | 15        pdf       ub1 a  -8.15226e-01
pdf uv(1):2.000000                                                                                                        | 16        pdf       ub1 b   2.46924e+00
pdf s-sb(1):0.000000                                                                                                      | 17        pdf       uv1 a  -4.03385e-01
pdf s-sb(2):0.000000                                                                                                      | 18        pdf       uv1 b   2.79016e+00
                                                                                                                          | 19       norm       idis      10016  9.31423e-01
reaction: unpol DIS                                                                                                       | 20       norm       idis      10017  9.57830e-01
filters: Q2>1.690000                                                                                                      | 21       norm       idis      10010  9.89083e-01
filters: W2>10.000000                                                                                                     | 22       norm       idis      10011  9.83775e-01
    idx tar        col  npts       chi2  chi2-npts      rchi2      nchi2                                                  | 23       norm       idis      10020  9.66879e-01
  10016   p      BCDMS   348     603.73     255.73      29.76       5.23                                                  | 
  10017   d      BCDMS   254     437.63     183.63      16.73       1.98                                                  | 
  10020   p        NMC   273     658.11     385.11      25.38       2.74                                                  | 
  10021 d/p        NMC   174     318.45     144.45       1.36       0.00                                                  | 
  10010   p       SLAC   218     417.91     199.91       0.00       0.27                                                  | 
  10011   d       SLAC   228     363.43     135.43       0.00       0.91                                                  | 
['pdf']
JAM FITTER                                                                                                                | 1        pdf       db1 N   8.82494e-03
count = 800                                                                                                               | 2        pdf       db1 a  -5.46019e-01
elapsed time(mins)=7.497378                                                                                               | 3        pdf       db1 b   5.68364e+00
shifts  = 2                                                                                                               | 4        pdf       dv1 a  -2.07533e-01
npts    = 1495                                                                                                            | 5        pdf       dv1 b   6.53951e+00
chi2    = 2789.463627                                                                                                     | 6        pdf        g1 a  -1.66097e-01
rchi2   = 68.628721                                                                                                       | 7        pdf        g1 b   5.24611e+00
nchi2   = 9.728960                                                                                                        | 8        pdf        s1 N   1.33650e-01
chi2tot = 2867.821308                                                                                                     | 9        pdf        s1 a   9.99969e-01
dchi2(iter)  = 0.000000                                                                                                   | 10        pdf        s1 b   4.59810e+00
dchi2(local) = -inf                                                                                                       | 11        pdf      sea1 N   1.35529e-02
pdf dv(1):1.000000                                                                                                        | 12        pdf      sea1 a  -1.19230e+00
pdf db-ub(2):0.008783                                                                                                     | 13        pdf      sea1 b   7.52075e+00
pdf msr:1.000000                                                                                                          | 14        pdf       ub1 N   4.18931e-05
pdf db-ub(1):0.137784                                                                                                     | 15        pdf       ub1 a  -8.36198e-01
pdf uv(1):2.000000                                                                                                        | 16        pdf       ub1 b   2.60451e+00
pdf s-sb(1):0.000000                                                                                                      | 17        pdf       uv1 a  -3.62358e-01
pdf s-sb(2):0.000000                                                                                                      | 18        pdf       uv1 b   2.86170e+00
                                                                                                                          | 19       norm       idis      10016  9.35807e-01
reaction: unpol DIS                                                                                                       | 20       norm       idis      10017  9.61296e-01
filters: Q2>1.690000                                                                                                      | 21       norm       idis      10010  9.89835e-01
filters: W2>10.000000                                                                                                     | 22       norm       idis      10011  9.83295e-01
    idx tar        col  npts       chi2  chi2-npts      rchi2      nchi2                                                  | 23       norm       idis      10020  9.69761e-01
  10016   p      BCDMS   348     598.85     250.85      27.58       4.58                                                  | 
  10017   d      BCDMS   254     436.47     182.47      15.35       1.66                                                  | 
  10020   p        NMC   273     658.10     385.10      24.11       2.29                                                  | 
  10021 d/p        NMC   174     315.16     141.16       1.60       0.00                                                  | 
  10010   p       SLAC   218     415.05     197.05       0.00       0.23                                                  | 
  10011   d       SLAC   228     365.84     137.84       0.00       0.97                                                  | 
['pdf']
JAM FITTER                                                                                                                | 1        pdf       db1 N   1.17317e-02
count = 900                                                                                                               | 2        pdf       db1 a  -3.75735e-01
elapsed time(mins)=8.435458                                                                                               | 3        pdf       db1 b   5.42712e+00
shifts  = 3                                                                                                               | 4        pdf       dv1 a  -2.13895e-01
npts    = 1495                                                                                                            | 5        pdf       dv1 b   6.24928e+00
chi2    = 2786.225343                                                                                                     | 6        pdf        g1 a  -3.11836e-01
rchi2   = 60.879809                                                                                                       | 7        pdf        g1 b   4.39119e+00
nchi2   = 7.550046                                                                                                        | 8        pdf        s1 N   1.14381e-01
chi2tot = 2854.655198                                                                                                     | 9        pdf        s1 a   9.99996e-01
dchi2(iter)  = inf                                                                                                        | 10        pdf        s1 b   4.48792e+00
dchi2(local) = -inf                                                                                                       | 11        pdf      sea1 N   1.29742e-02
pdf dv(1):1.000000                                                                                                        | 12        pdf      sea1 a  -1.15219e+00
pdf db-ub(2):0.011698                                                                                                     | 13        pdf      sea1 b   9.31545e+00
pdf msr:1.000000                                                                                                          | 14        pdf       ub1 N   3.35878e-05
pdf db-ub(1):0.131817                                                                                                     | 15        pdf       ub1 a  -8.47111e-01
pdf uv(1):2.000000                                                                                                        | 16        pdf       ub1 b   2.02631e+00
pdf s-sb(1):0.000000                                                                                                      | 17        pdf       uv1 a  -3.23879e-01
pdf s-sb(2):0.000000                                                                                                      | 18        pdf       uv1 b   2.93616e+00
                                                                                                                          | 19       norm       idis      10016  9.42076e-01
reaction: unpol DIS                                                                                                       | 20       norm       idis      10017  9.67005e-01
filters: Q2>1.690000                                                                                                      | 21       norm       idis      10010  9.92333e-01
filters: W2>10.000000                                                                                                     | 22       norm       idis      10011  9.84782e-01
    idx tar        col  npts       chi2  chi2-npts      rchi2      nchi2                                                  | 23       norm       idis      10020  9.74094e-01
  10016   p      BCDMS   348     599.88     251.88      24.35       3.73                                                  | 
  10017   d      BCDMS   254     437.11     183.11      13.78       1.21                                                  | 
  10020   p        NMC   273     658.33     385.33      20.99       1.68                                                  | 
  10021 d/p        NMC   174     314.01     140.01       1.76       0.00                                                  | 
  10010   p       SLAC   218     411.79     193.79       0.00       0.13                                                  | 
  10011   d       SLAC   228     365.10     137.10       0.00       0.80                                                  | 
['pdf']
JAM FITTER                                                                                                                | 1        pdf       db1 N   1.68655e-02
count = 1000                                                                                                              | 2        pdf       db1 a  -1.82069e-01
elapsed time(mins)=9.371119                                                                                               | 3        pdf       db1 b   4.52876e+00
shifts  = 2                                                                                                               | 4        pdf       dv1 a  -2.26781e-01
npts    = 1495                                                                                                            | 5        pdf       dv1 b   6.41145e+00
chi2    = 2785.590047                                                                                                     | 6        pdf        g1 a  -3.73777e-01
rchi2   = 59.840876                                                                                                       | 7        pdf        g1 b   4.09342e+00
nchi2   = 4.897289                                                                                                        | 8        pdf        s1 N   9.85395e-02
chi2tot = 2850.328212                                                                                                     | 9        pdf        s1 a   9.98918e-01
dchi2(iter)  = inf                                                                                                        | 10        pdf        s1 b   4.44986e+00
dchi2(local) = -4.326986                                                                                                  | 11        pdf      sea1 N   1.31152e-02
pdf dv(1):1.000000                                                                                                        | 12        pdf      sea1 a  -1.13196e+00
pdf db-ub(2):0.016856                                                                                                     | 13        pdf      sea1 b   9.97730e+00
pdf msr:1.000000                                                                                                          | 14        pdf       ub1 N   9.21999e-06
pdf db-ub(1):0.130390                                                                                                     | 15        pdf       ub1 a  -8.86158e-01
pdf uv(1):2.000000                                                                                                        | 16        pdf       ub1 b   4.78375e+00
pdf s-sb(1):0.000000                                                                                                      | 17        pdf       uv1 a  -2.94933e-01
pdf s-sb(2):0.000000                                                                                                      | 18        pdf       uv1 b   2.97556e+00
                                                                                                                          | 19       norm       idis      10016  9.49366e-01
reaction: unpol DIS                                                                                                       | 20       norm       idis      10017  9.74486e-01
filters: Q2>1.690000                                                                                                      | 21       norm       idis      10010  9.98073e-01
filters: W2>10.000000                                                                                                     | 22       norm       idis      10011  9.90270e-01
    idx tar        col  npts       chi2  chi2-npts      rchi2      nchi2                                                  | 23       norm       idis      10020  9.80107e-01
  10016   p      BCDMS   348     600.36     252.36      23.85       2.85                                                  | 
  10017   d      BCDMS   254     438.57     184.57      14.24       0.72                                                  | 
  10020   p        NMC   273     657.93     384.93      19.94       0.99                                                  | 
  10021 d/p        NMC   174     315.29     141.29       1.81       0.00                                                  | 
  10010   p       SLAC   218     411.57     193.57       0.00       0.01                                                  | 
  10011   d       SLAC   228     361.87     133.87       0.00       0.33                                                  | 
['pdf']
JAM FITTER                                                                                                                | 1        pdf       db1 N   1.90166e-02
count = 1100                                                                                                              | 2        pdf       db1 a  -1.17999e-01
elapsed time(mins)=10.309223                                                                                              | 3        pdf       db1 b   4.10483e+00
shifts  = 2                                                                                                               | 4        pdf       dv1 a  -2.12007e-01
npts    = 1495                                                                                                            | 5        pdf       dv1 b   6.67073e+00
chi2    = 2786.645124                                                                                                     | 6        pdf        g1 a  -3.93236e-01
rchi2   = 58.793012                                                                                                       | 7        pdf        g1 b   4.07386e+00
nchi2   = 3.635692                                                                                                        | 8        pdf        s1 N   9.22520e-02
chi2tot = 2849.073827                                                                                                     | 9        pdf        s1 a   9.99995e-01
dchi2(iter)  = inf                                                                                                        | 10        pdf        s1 b   4.55927e+00
dchi2(local) = -5.581371                                                                                                  | 11        pdf      sea1 N   1.33778e-02
pdf dv(1):1.000000                                                                                                        | 12        pdf      sea1 a  -1.12686e+00
pdf db-ub(2):0.019016                                                                                                     | 13        pdf      sea1 b   9.99999e+00
pdf msr:1.000000                                                                                                          | 14        pdf       ub1 N   3.33440e-07
pdf db-ub(1):0.129024                                                                                                     | 15        pdf       ub1 a  -9.69488e-01
pdf uv(1):2.000000                                                                                                        | 16        pdf       ub1 b   4.16664e+00
pdf s-sb(1):0.000000                                                                                                      | 17        pdf       uv1 a  -2.85165e-01
pdf s-sb(2):0.000000                                                                                                      | 18        pdf       uv1 b   2.97444e+00
                                                                                                                          | 19       norm       idis      10016  9.53610e-01
reaction: unpol DIS                                                                                                       | 20       norm       idis      10017  9.79020e-01
filters: Q2>1.690000                                                                                                      | 21       norm       idis      10010  1.00264e+00
filters: W2>10.000000                                                                                                     | 22       norm       idis      10011  9.95002e-01
    idx tar        col  npts       chi2  chi2-npts      rchi2      nchi2                                                  | 23       norm       idis      10020  9.83835e-01
  10016   p      BCDMS   348     599.49     251.49      23.28       2.39                                                  | 
  10017   d      BCDMS   254     437.70     183.70      13.77       0.49                                                  | 
  10020   p        NMC   273     656.96     383.96      19.91       0.65                                                  | 
  10021 d/p        NMC   174     315.59     141.59       1.83       0.00                                                  | 
  10010   p       SLAC   218     414.23     196.23       0.00       0.02                                                  | 
  10011   d       SLAC   228     362.68     134.68       0.00       0.09                                                  | 
['pdf']
JAM FITTER                                                                                                                | 1        pdf       db1 N   1.88733e-02
count = 1200                                                                                                              | 2        pdf       db1 a  -1.34969e-01
elapsed time(mins)=11.251081                                                                                              | 3        pdf       db1 b   4.05462e+00
shifts  = 2                                                                                                               | 4        pdf       dv1 a  -2.08777e-01
npts    = 1495                                                                                                            | 5        pdf       dv1 b   6.65143e+00
chi2    = 2786.840297                                                                                                     | 6        pdf        g1 a  -3.97097e-01
rchi2   = 58.697155                                                                                                       | 7        pdf        g1 b   4.06942e+00
nchi2   = 3.526762                                                                                                        | 8        pdf        s1 N   9.17412e-02
chi2tot = 2849.064215                                                                                                     | 9        pdf        s1 a   1.00000e+00
dchi2(iter)  = inf                                                                                                        | 10        pdf        s1 b   4.55815e+00
dchi2(local) = -5.590983                                                                                                  | 11        pdf      sea1 N   1.34078e-02
pdf dv(1):1.000000                                                                                                        | 12        pdf      sea1 a  -1.12631e+00
pdf db-ub(2):0.018873                                                                                                     | 13        pdf      sea1 b   1.00000e+01
pdf msr:1.000000                                                                                                          | 14        pdf       ub1 N   1.49012e-08
pdf db-ub(1):0.129155                                                                                                     | 15        pdf       ub1 a   9.93748e-01
pdf uv(1):2.000000                                                                                                        | 16        pdf       ub1 b   1.39923e-02
pdf s-sb(1):0.000000                                                                                                      | 17        pdf       uv1 a  -2.83893e-01
pdf s-sb(2):0.000000                                                                                                      | 18        pdf       uv1 b   2.97653e+00
                                                                                                                          | 19       norm       idis      10016  9.54059e-01
reaction: unpol DIS                                                                                                       | 20       norm       idis      10017  9.79489e-01
filters: Q2>1.690000                                                                                                      | 21       norm       idis      10010  1.00316e+00
filters: W2>10.000000                                                                                                     | 22       norm       idis      10011  9.95552e-01
    idx tar        col  npts       chi2  chi2-npts      rchi2      nchi2                                                  | 23       norm       idis      10020  9.84213e-01
  10016   p      BCDMS   348     599.30     251.30      23.23       2.35                                                  | 
  10017   d      BCDMS   254     437.71     183.71      13.74       0.47                                                  | 
  10020   p        NMC   273     656.86     383.86      19.91       0.62                                                  | 
  10021 d/p        NMC   174     315.58     141.58       1.82       0.00                                                  | 
  10010   p       SLAC   218     414.44     196.44       0.00       0.02                                                  | 
  10011   d       SLAC   228     362.95     134.95       0.00       0.07                                                  | 
['pdf']
JAM FITTER                                                                                                                | 1        pdf       db1 N   1.88733e-02
count = 1211                                                                                                              | 2        pdf       db1 a  -1.34969e-01
elapsed time(mins)=11.362837                                                                                              | 3        pdf       db1 b   4.05462e+00
shifts  = 1                                                                                                               | 4        pdf       dv1 a  -2.08777e-01
npts    = 1495                                                                                                            | 5        pdf       dv1 b   6.65143e+00
chi2    = 2786.840386                                                                                                     | 6        pdf        g1 a  -3.97097e-01
rchi2   = 58.696979                                                                                                       | 7        pdf        g1 b   4.06942e+00
nchi2   = 3.526762                                                                                                        | 8        pdf        s1 N   9.17412e-02
chi2tot = 2849.064127                                                                                                     | 9        pdf        s1 a   1.00000e+00
dchi2(iter)  = inf                                                                                                        | 10        pdf        s1 b   4.55815e+00
dchi2(local) = -5.591071                                                                                                  | 11        pdf      sea1 N   1.34078e-02
pdf dv(1):1.000000                                                                                                        | 12        pdf      sea1 a  -1.12631e+00
pdf db-ub(2):0.018873                                                                                                     | 13        pdf      sea1 b   1.00000e+01
pdf msr:1.000000                                                                                                          | 14        pdf       ub1 N   1.24723e-15
pdf db-ub(1):0.129155                                                                                                     | 15        pdf       ub1 a   9.93748e-01
pdf uv(1):2.000000                                                                                                        | 16        pdf       ub1 b   1.39923e-02
pdf s-sb(1):0.000000                                                                                                      | 17        pdf       uv1 a  -2.83893e-01
pdf s-sb(2):0.000000                                                                                                      | 18        pdf       uv1 b   2.97653e+00
                                                                                                                          | 19       norm       idis      10016  9.54059e-01
reaction: unpol DIS                                                                                                       | 20       norm       idis      10017  9.79489e-01
filters: Q2>1.690000                                                                                                      | 21       norm       idis      10010  1.00316e+00
filters: W2>10.000000                                                                                                     | 22       norm       idis      10011  9.95552e-01
    idx tar        col  npts       chi2  chi2-npts      rchi2      nchi2                                                  | 23       norm       idis      10020  9.84213e-01
  10016   p      BCDMS   348     599.30     251.30      23.23       2.35                                                  | 
  10017   d      BCDMS   254     437.71     183.71      13.74       0.47                                                  | 
  10020   p        NMC   273     656.86     383.86      19.91       0.62                                                  | 
  10021 d/p        NMC   174     315.58     141.58       1.82       0.00                                                  | 
  10010   p       SLAC   218     414.44     196.44       0.00       0.02                                                  | 
  10011   d       SLAC   228     362.95     134.95       0.00       0.07                                                  | 
