('active', 'pdf')

--step 1: npQCD objects = pdf , datasets = idis , tmc = False , ht = False
loading idis data sets 10016
loading idis data sets 10017
loading idis data sets 10020
loading idis data sets 10021
loading idis data sets 10010
loading idis data sets 10011
Loading DIS tables...
10016 has norm uncertainty
10017 has norm uncertainty
10020 has norm uncertainty
10010 has norm uncertainty
10011 has norm uncertainty
[H[J[H[J['pdf']
JAM FITTER                                                                                                                | 1        pdf       db1 N   1.30403e-01
count = 100                                                                                                               | 2        pdf       db1 a  -4.94395e-01
elapsed time(mins)=0.408885                                                                                               | 3        pdf       db1 b   2.51029e+00
shifts  = 2                                                                                                               | 4        pdf       dv1 a  -3.44752e-01
npts    = 1495                                                                                                            | 5        pdf       dv1 b   9.23704e+00
chi2    = 50814.500383                                                                                                    | 6        pdf        g1 a   7.39759e-01
rchi2   = 6280.800549                                                                                                     | 7        pdf        g1 b   4.94880e+00
nchi2   = 175.309212                                                                                                      | 8        pdf        s1 N   1.40699e-01
chi2tot = 57270.610145                                                                                                    | 9        pdf        s1 a   2.41095e-01
dchi2(iter)  = 0.000000                                                                                                   | 10        pdf        s1 b   1.81437e+00
dchi2(local) = -inf                                                                                                       | 11        pdf      sea1 N   3.80864e-02
pdf dv(1):1.000000                                                                                                        | 12        pdf      sea1 a  -1.78328e+00
pdf db-ub(2):0.076957                                                                                                     | 13        pdf      sea1 b   9.60471e+00
pdf msr:1.000000                                                                                                          | 14        pdf       ub1 N   5.34462e-02
pdf db-ub(1):0.469539                                                                                                     | 15        pdf       ub1 a  -6.64894e-01
pdf uv(1):2.000000                                                                                                        | 16        pdf       ub1 b   2.21509e+00
pdf s-sb(1):0.000000                                                                                                      | 17        pdf       uv1 a  -2.69305e-01
pdf s-sb(2):0.000000                                                                                                      | 18        pdf       uv1 b   7.70342e+00
                                                                                                                          | 19       norm       idis      10016  8.85826e-01
reaction: unpol DIS                                                                                                       | 20       norm       idis      10017  1.06922e+00
filters: Q2>1.690000                                                                                                      | 21       norm       idis      10010  1.08505e+00
filters: W2>10.000000                                                                                                     | 22       norm       idis      10011  1.18773e+00
    idx tar        col  npts       chi2  chi2-npts      rchi2      nchi2                                                  | 23       norm       idis      10020  1.08283e+00
  10016   p      BCDMS   348   15916.48   15568.48     608.38      14.48                                                  | 
  10017   d      BCDMS   254    3825.31    3571.31     285.32       5.32                                                  | 
  10020   p        NMC   273   10603.02   10330.02    2315.03      17.15                                                  | 
  10021 d/p        NMC   174    6170.04    5996.04    3072.07       0.00                                                  | 
  10010   p       SLAC   218    9767.13    9549.13       0.00      16.40                                                  | 
  10011   d       SLAC   228    4532.53    4304.53       0.00     121.95                                                  | 
['pdf']
JAM FITTER                                                                                                                | 1        pdf       db1 N   6.49906e-02
count = 200                                                                                                               | 2        pdf       db1 a  -3.64612e-01
elapsed time(mins)=0.826735                                                                                               | 3        pdf       db1 b   4.04060e+00
shifts  = 3                                                                                                               | 4        pdf       dv1 a  -4.19033e-01
npts    = 1495                                                                                                            | 5        pdf       dv1 b   9.83022e+00
chi2    = 5555.140792                                                                                                     | 6        pdf        g1 a   9.97525e-01
rchi2   = 585.111593                                                                                                      | 7        pdf        g1 b   2.11246e+00
nchi2   = 188.881529                                                                                                      | 8        pdf        s1 N   1.63662e-01
chi2tot = 6329.133915                                                                                                     | 9        pdf        s1 a   4.99027e-01
dchi2(iter)  = inf                                                                                                        | 10        pdf        s1 b   3.62825e+00
dchi2(local) = -inf                                                                                                       | 11        pdf      sea1 N   1.77434e-02
pdf dv(1):1.000000                                                                                                        | 12        pdf      sea1 a  -1.82621e+00
pdf db-ub(2):-0.040129                                                                                                    | 13        pdf      sea1 b   9.66456e+00
pdf msr:1.000000                                                                                                          | 14        pdf       ub1 N   1.05119e-01
pdf db-ub(1):0.071337                                                                                                     | 15        pdf       ub1 a  -2.12274e-02
pdf uv(1):2.000000                                                                                                        | 16        pdf       ub1 b   2.76273e+00
pdf s-sb(1):0.000000                                                                                                      | 17        pdf       uv1 a  -4.94605e-01
pdf s-sb(2):-0.000000                                                                                                     | 18        pdf       uv1 b   5.96058e+00
                                                                                                                          | 19       norm       idis      10016  1.02563e+00
reaction: unpol DIS                                                                                                       | 20       norm       idis      10017  1.10209e+00
filters: Q2>1.690000                                                                                                      | 21       norm       idis      10010  1.15194e+00
filters: W2>10.000000                                                                                                     | 22       norm       idis      10[H[J[H[J011  1.18681e+00
    idx tar        col  npts       chi2  chi2-npts      rchi2      nchi2                                                  | 23       norm       idis      10020  1.03722e+00
  10016   p      BCDMS   348     920.39     572.39     184.19       0.73                                                  | 
  10017   d      BCDMS   254     640.68     386.68     140.82      11.58                                                  | 
  10020   p        NMC   273    2294.55    2021.55     204.54       3.46                                                  | 
  10021 d/p        NMC   174     495.09     321.09      55.56       0.00                                                  | 
  10010   p       SLAC   218     698.20     480.20       0.00      52.35                                                  | 
  10011   d       SLAC   228     506.23     278.23       0.00     120.76                                                  | 
['pdf']
JAM FITTER                                                                                                                | 1        pdf       db1 N   5.39859e-02
count = 300                                                                                                               | 2        pdf       db1 a  -4.11252e-01
elapsed time(mins)=1.244580                                                                                               | 3        pdf       db1 b   4.82596e+00
shifts  = 2                                                                                                               | 4        pdf       dv1 a  -4.65879e-01
npts    = 1495                                                                                                            | 5        pdf       dv1 b   9.72427e+00
chi2    = 3279.814218                                                                                                     | 6        pdf        g1 a  -4.59824e-01
rchi2   = 158.283426                                                                                                      | 7        pdf        g1 b   6.82673e+00
nchi2   = 100.920633                                                                                                      | 8        pdf        s1 N   1.45319e-01
chi2tot = 3539.018277                                                                                                     | 9        pdf        s1 a   9.54090e-01
dchi2(iter)  = inf                                                                                                        | 10        pdf        s1 b   4.90606e+00
dchi2(local) = -2790.115638                                                                                               | 11        pdf      sea1 N   1.13612e-02
pdf dv(1):1.000000                                                                                                        | 12        pdf      sea1 a  -1.76846e+00
pdf db-ub(2):-0.054226                                                                                                    | 13        pdf      sea1 b   3.62546e-01
pdf msr:1.000000                                                                                                          | 14        pdf       ub1 N   1.08212e-01
pdf db-ub(1):0.121195                                                                                                     | 15        pdf       ub1 a   2.50852e-01
pdf uv(1):2.000000                                                                                                        | 16        pdf       ub1 b   3.14742e+00
pdf s-sb(1):0.000000                                                                                                      | 17        pdf       uv1 a  -4.93557e-01
pdf s-sb(2):0.000000                                                                                                      | 18        pdf       uv1 b   6.97136e+00
                                                                                                                          | 19       norm       idis      10016  1.03138e+00
reaction: unpol DIS                                                                                                       | 20       norm       idis      10017  1.07041e+00
filters: Q2>1.690000                                                                                                      | 21       norm       idis      10010  1.11702e+00
filters: W2>10.000000                                                                                                     | 22       norm       idis      10011  1.12630e+00
    idx tar        col  npts       chi2  chi2-npts      rchi2      nchi2                                                  | 23       norm       idis      10020  1.05680e+00
  10016   p      BCDMS   348     763.25     415.25      42.52       1.09                                                  | 
  10017   d      BCDMS   254     510.99     256.99      39.16       5.51                                                  | 
  10020   p        NMC   273     767.99     494.99      69.16       8.07                                                  | 
  10021 d/p        NMC   174     319.94     145.94       7.44       0.00                                                  | 
  10010   p       SLAC   218     498.06     280.06       0.00      31.05                                                  | 
  10011   d       SLAC   228     419.58     191.58       0.00      55.20                                                  | 
['pdf']
JAM FITTER                                                                                                                | 1        pdf       db1 N   4.63912e-02
count = 400                                                                                                               | 2        pdf       db1 a  -4.71956e-01
elapsed time(mins)=1.663511                                                                                               | 3        pdf       db1 b   3.75414e+00
shifts  = 2                                                                                                               | 4        pdf       dv1 a  -4.95318e-01
npts    = 1495                                                                                                            | 5        pdf       dv1 b   8.66187e+00
chi2    = 2949.087221                                                                                                     | 6        pdf        g1 a  -5.23671e-01
rchi2   = 85.526940                                                                                                       | 7        pdf        g1 b   4.32663e+00
nchi2   = 2.772526                                                                                                        | 8        pdf        s1 N   8.84947e-02
chi2tot = 3037.386687                                                                                                     | 9        pdf        s1 a   9.66109e-01
dchi2(iter)  = inf                                                                                                        | 10        pdf        s1 b   6.07077e+00
dchi2(local) = -3291.747228                                                                                               | 11        pdf      sea1 N   1.30729e-02
pdf dv(1):1.000000                                                                                                        | 12        pdf      sea1 a  -1.56748e+00
pdf db-ub(2):-0.049698                                                                                                    | 13        pdf      sea1 b   7.18180e-01
pdf msr:1.000000                                                                                                          | 14        pdf       ub1 N   9.60890e-02
pdf db-ub(1):0.117477                                                                                                     | 15        pdf       ub1 a   7.99057e-01
pdf uv(1):2.000000                                                                                                        | 16        pdf       ub1 b   3.69006e+00
pdf s-sb(1):0.000000                                           [H[J[H[J                                                           | 17        pdf       uv1 a  -4.97623e-01
pdf s-sb(2):0.000000                                                                                                      | 18        pdf       uv1 b   6.65523e+00
                                                                                                                          | 19       norm       idis      10016  9.63178e-01
reaction: unpol DIS                                                                                                       | 20       norm       idis      10017  9.86870e-01
filters: Q2>1.690000                                                                                                      | 21       norm       idis      10010  1.01410e+00
filters: W2>10.000000                                                                                                     | 22       norm       idis      10011  1.01133e+00
    idx tar        col  npts       chi2  chi2-npts      rchi2      nchi2                                                  | 23       norm       idis      10020  1.00847e+00
  10016   p      BCDMS   348     748.89     400.89      33.89       1.51                                                  | 
  10017   d      BCDMS   254     496.56     242.56      31.57       0.19                                                  | 
  10020   p        NMC   273     606.42     333.42      15.01       0.18                                                  | 
  10021 d/p        NMC   174     294.30     120.30       5.06       0.00                                                  | 
  10010   p       SLAC   218     441.81     223.81       0.00       0.45                                                  | 
  10011   d       SLAC   228     361.10     133.10       0.00       0.44                                                  | 
['pdf']
JAM FITTER                                                                                                                | 1        pdf       db1 N   4.12336e-02
count = 500                                                                                                               | 2        pdf       db1 a  -5.49626e-01
elapsed time(mins)=2.079267                                                                                               | 3        pdf       db1 b   3.61317e+00
shifts  = 3                                                                                                               | 4        pdf       dv1 a  -4.98430e-01
npts    = 1495                                                                                                            | 5        pdf       dv1 b   7.17760e+00
chi2    = 2931.608125                                                                                                     | 6        pdf        g1 a  -6.28378e-01
rchi2   = 66.986755                                                                                                       | 7        pdf        g1 b   3.50318e+00
nchi2   = 2.617873                                                                                                        | 8        pdf        s1 N   8.07775e-02
chi2tot = 3001.212753                                                                                                     | 9        pdf        s1 a   9.98978e-01
dchi2(iter)  = 3327.921162                                                                                                | 10        pdf        s1 b   6.08271e+00
dchi2(local) = -3327.921162                                                                                               | 11        pdf      sea1 N   1.38366e-02
pdf dv(1):1.000000                                                                                                        | 12        pdf      sea1 a  -1.53645e+00
pdf db-ub(2):-0.048191                                                                                                    | 13        pdf      sea1 b   7.88275e-01
pdf msr:1.000000                                                                                                          | 14        pdf       ub1 N   8.94242e-02
pdf db-ub(1):0.149917                                                                                                     | 15        pdf       ub1 a   9.05115e-01
pdf uv(1):2.000000                                                                                                        | 16        pdf       ub1 b   3.77740e+00
pdf s-sb(1):0.000000                                                                                                      | 17        pdf       uv1 a  -4.98612e-01
pdf s-sb(2):0.000000                                                                                                      | 18        pdf       uv1 b   6.12369e+00
                                                                                                                          | 19       norm       idis      10016  9.56628e-01
reaction: unpol DIS                                                                                                       | 20       norm       idis      10017  9.79254e-01
filters: Q2>1.690000                                                                                                      | 21       norm       idis      10010  1.00152e+00
filters: W2>10.000000                                                                                                     | 22       norm       idis      10011  9.97878e-01
    idx tar        col  npts       chi2  chi2-npts      rchi2      nchi2                                                  | 23       norm       idis      10020  9.96611e-01
  10016   p      BCDMS   348     734.18     386.18      23.77       2.09                                                  | 
  10017   d      BCDMS   254     482.61     228.61      24.37       0.48                                                  | 
  10020   p        NMC   273     597.60     324.60      14.73       0.03                                                  | 
  10021 d/p        NMC   174     288.17     114.17       4.12       0.00                                                  | 
  10010   p       SLAC   218     456.57     238.57       0.00       0.01                                                  | 
  10011   d       SLAC   228     372.48     144.48       0.00       0.02                                                  | 
['pdf']
JAM FITTER                                                                                                                | 1        pdf       db1 N   3.86843e-02
count = 600                                                                                                               | 2        pdf       db1 a  -5.71173e-01
elapsed time(mins)=2.508013                                                                                               | 3        pdf       db1 b   3.60573e+00
shifts  = 2                                                                                                               | 4        pdf       dv1 a  -4.99290e-01
npts    = 1495                                                                                                            | 5        pdf       dv1 b   6.58639e+00
chi2    = 2930.981343                                                                                                     | 6        pdf        g1 a  -6.16107e-01
rchi2   = 61.802474                                                                                                       | 7        pdf        g1 b   3.39954e+00
nchi2   = 2.868871                                                                                                        | 8        pdf        s1 N   7.47635e-02
chi2tot = 2995.652689                                                                                                     | 9        pdf        s1 a   9.97374e-01
dchi2(iter)  = 3327.921162                                                                                                | 10        pdf        s1 b   6.03451e+00
dchi2(local) = -5.560064                                                                                   [H[J[H[J               | 11        pdf      sea1 N   1.47013e-02
pdf dv(1):1.000000                                                                                                        | 12        pdf      sea1 a  -1.50423e+00
pdf db-ub(2):-0.046523                                                                                                    | 13        pdf      sea1 b   8.73767e-01
pdf msr:1.000000                                                                                                          | 14        pdf       ub1 N   8.52074e-02
pdf db-ub(1):0.160029                                                                                                     | 15        pdf       ub1 a   9.53106e-01
pdf uv(1):2.000000                                                                                                        | 16        pdf       ub1 b   3.78900e+00
pdf s-sb(1):0.000000                                                                                                      | 17        pdf       uv1 a  -4.98911e-01
pdf s-sb(2):0.000000                                                                                                      | 18        pdf       uv1 b   5.74066e+00
                                                                                                                          | 19       norm       idis      10016  9.55692e-01
reaction: unpol DIS                                                                                                       | 20       norm       idis      10017  9.78313e-01
filters: Q2>1.690000                                                                                                      | 21       norm       idis      10010  9.98477e-01
filters: W2>10.000000                                                                                                     | 22       norm       idis      10011  9.94689e-01
    idx tar        col  npts       chi2  chi2-npts      rchi2      nchi2                                                  | 23       norm       idis      10020  9.95014e-01
  10016   p      BCDMS   348     734.32     386.32      21.21       2.18                                                  | 
  10017   d      BCDMS   254     482.17     228.17      22.34       0.52                                                  | 
  10020   p        NMC   273     595.20     322.20      14.24       0.06                                                  | 
  10021 d/p        NMC   174     287.17     113.17       4.01       0.00                                                  | 
  10010   p       SLAC   218     458.39     240.39       0.00       0.01                                                  | 
  10011   d       SLAC   228     373.74     145.74       0.00       0.10                                                  | 
['pdf']
JAM FITTER                                                                                                                | 1        pdf       db1 N   3.58945e-02
count = 700                                                                                                               | 2        pdf       db1 a  -6.00468e-01
elapsed time(mins)=2.926877                                                                                               | 3        pdf       db1 b   3.72896e+00
shifts  = 3                                                                                                               | 4        pdf       dv1 a  -4.99659e-01
npts    = 1495                                                                                                            | 5        pdf       dv1 b   5.44438e+00
chi2    = 2926.746906                                                                                                     | 6        pdf        g1 a  -6.31636e-01
rchi2   = 59.663106                                                                                                       | 7        pdf        g1 b   3.13759e+00
nchi2   = 2.124984                                                                                                        | 8        pdf        s1 N   5.45865e-02
chi2tot = 2988.534996                                                                                                     | 9        pdf        s1 a   9.96365e-01
dchi2(iter)  = 12.677756                                                                                                  | 10        pdf        s1 b   5.86975e+00
dchi2(local) = -12.677756                                                                                                 | 11        pdf      sea1 N   1.60486e-02
pdf dv(1):1.000000                                                                                                        | 12        pdf      sea1 a  -1.47063e+00
pdf db-ub(2):-0.047295                                                                                                    | 13        pdf      sea1 b   9.48975e-01
pdf msr:1.000000                                                                                                          | 14        pdf       ub1 N   8.31898e-02
pdf db-ub(1):0.173450                                                                                                     | 15        pdf       ub1 a   9.49879e-01
pdf uv(1):2.000000                                                                                                        | 16        pdf       ub1 b   3.78414e+00
pdf s-sb(1):0.000000                                                                                                      | 17        pdf       uv1 a  -4.99301e-01
pdf s-sb(2):0.000000                                                                                                      | 18        pdf       uv1 b   5.29705e+00
                                                                                                                          | 19       norm       idis      10016  9.60368e-01
reaction: unpol DIS                                                                                                       | 20       norm       idis      10017  9.83521e-01
filters: Q2>1.690000                                                                                                      | 21       norm       idis      10010  9.99617e-01
filters: W2>10.000000                                                                                                     | 22       norm       idis      10011  9.95675e-01
    idx tar        col  npts       chi2  chi2-npts      rchi2      nchi2                                                  | 23       norm       idis      10020  9.97723e-01
  10016   p      BCDMS   348     735.59     387.59      20.46       1.75                                                  | 
  10017   d      BCDMS   254     481.51     227.51      21.79       0.30                                                  | 
  10020   p        NMC   273     591.98     318.98      13.38       0.01                                                  | 
  10021 d/p        NMC   174     287.42     113.42       4.04       0.00                                                  | 
  10010   p       SLAC   218     458.46     240.46       0.00       0.00                                                  | 
  10011   d       SLAC   228     371.78     143.78       0.00       0.06                                                  | 
['pdf']
JAM FITTER                                                                                                                | 1        pdf       db1 N   3.22549e-02
count = 800                                                                                                               | 2        pdf       db1 a  -6.00789e-01
elapsed time(mins)=3.348531                                                                                               | 3        pdf       db1 b   4.27304e+00
shifts  = 3                                                                                                               | 4        pdf       dv1 a  -4.99622e-01
npts    = 1495                                                                                                            | 5        pdf       dv1[H[J b   4.55106e+00
chi2    = 2923.458307                                                                                                     | 6        pdf        g1 a  -6.66711e-01
rchi2   = 60.126233                                                                                                       | 7        pdf        g1 b   2.89964e+00
nchi2   = 1.629225                                                                                                        | 8        pdf        s1 N   3.91363e-02
chi2tot = 2985.213765                                                                                                     | 9        pdf        s1 a   9.88833e-01
dchi2(iter)  = 3.321231                                                                                                   | 10        pdf        s1 b   5.86260e+00
dchi2(local) = -3.321231                                                                                                  | 11        pdf      sea1 N   1.71863e-02
pdf dv(1):1.000000                                                                                                        | 12        pdf      sea1 a  -1.44860e+00
pdf db-ub(2):-0.049490                                                                                                    | 13        pdf      sea1 b   9.93893e-01
pdf msr:1.000000                                                                                                          | 14        pdf       ub1 N   8.17446e-02
pdf db-ub(1):0.176383                                                                                                     | 15        pdf       ub1 a   9.56138e-01
pdf uv(1):2.000000                                                                                                        | 16        pdf       ub1 b   3.79004e+00
pdf s-sb(1):0.000000                                                                                                      | 17        pdf       uv1 a  -4.99556e-01
pdf s-sb(2):-0.000000                                                                                                     | 18        pdf       uv1 b   4.99492e+00
                                                                                                                          | 19       norm       idis      10016  9.64071e-01
reaction: unpol DIS                                                                                                       | 20       norm       idis      10017  9.87878e-01
filters: Q2>1.690000                                                                                                      | 21       norm       idis      10010  1.00108e+00
filters: W2>10.000000                                                                                                     | 22       norm       idis      10011  9.97113e-01
    idx tar        col  npts       chi2  chi2-npts      rchi2      nchi2                                                  | 23       norm       idis      10020  9.99757e-01
  10016   p      BCDMS   348     737.71     389.71      21.62       1.43                                                  | 
  10017   d      BCDMS   254     481.79     227.79      22.04       0.16                                                  | 
  10020   p        NMC   273     590.58     317.58      12.41       0.00                                                  | 
  10021 d/p        NMC   174     287.07     113.07       4.06       0.00                                                  | 
  10010   p       SLAC   218     456.99     238.99       0.00       0.00                                                  | 
  10011   d       SLAC   228     369.32     141.32       0.00       0.03                                                  | 
['pdf']
JAM FITTER                                                                                                                | 1        pdf       db1 N   3.10368e-02
count = 900                                                                                                               | 2        pdf       db1 a  -6.09124e-01
elapsed time(mins)=3.776086                                                                                               | 3        pdf       db1 b   4.38624e+00
shifts  = 2                                                                                                               | 4        pdf       dv1 a  -4.88984e-01
npts    = 1495                                                                                                            | 5        pdf       dv1 b   4.45996e+00
chi2    = 2925.120134                                                                                                     | 6        pdf        g1 a  -6.68573e-01
rchi2   = 58.112755                                                                                                       | 7        pdf        g1 b   2.88460e+00
nchi2   = 1.562135                                                                                                        | 8        pdf        s1 N   3.69602e-02
chi2tot = 2984.795025                                                                                                     | 9        pdf        s1 a   9.94667e-01
dchi2(iter)  = 3.321231                                                                                                   | 10        pdf        s1 b   5.95012e+00
dchi2(local) = -0.418741                                                                                                  | 11        pdf      sea1 N   1.73152e-02
pdf dv(1):1.000000                                                                                                        | 12        pdf      sea1 a  -1.44552e+00
pdf db-ub(2):-0.050520                                                                                                    | 13        pdf      sea1 b   1.00579e+00
pdf msr:1.000000                                                                                                          | 14        pdf       ub1 N   8.15565e-02
pdf db-ub(1):0.177580                                                                                                     | 15        pdf       ub1 a   9.58490e-01
pdf uv(1):2.000000                                                                                                        | 16        pdf       ub1 b   3.79282e+00
pdf s-sb(1):0.000000                                                                                                      | 17        pdf       uv1 a  -4.99708e-01
pdf s-sb(2):0.000000                                                                                                      | 18        pdf       uv1 b   4.95330e+00
                                                                                                                          | 19       norm       idis      10016  9.64682e-01
reaction: unpol DIS                                                                                                       | 20       norm       idis      10017  9.88467e-01
filters: Q2>1.690000                                                                                                      | 21       norm       idis      10010  1.00131e+00
filters: W2>10.000000                                                                                                     | 22       norm       idis      10011  9.97337e-01
    idx tar        col  npts       chi2  chi2-npts      rchi2      nchi2                                                  | 23       norm       idis      10020  1.00002e+00
  10016   p      BCDMS   348     737.35     389.35      20.77       1.39                                                  | 
  10017   d      BCDMS   254     482.32     228.32      21.01       0.15                                                  | 
  10020   p        NMC   273     590.07     317.07      12.26       0.00                                                  | 
  10021 d/p        NMC   174     286.64     112.64       4.07       0.00                                                  | 
  10010   p       SLAC   218     457.98     239.98       0.00       0.00                                            [H[J[H[J      | 
  10011   d       SLAC   228     370.77     142.77       0.00       0.02                                                  | 
['pdf']
JAM FITTER                                                                                                                | 1        pdf       db1 N   2.73277e-02
count = 1000                                                                                                              | 2        pdf       db1 a  -6.72367e-01
elapsed time(mins)=4.182554                                                                                               | 3        pdf       db1 b   4.42842e+00
shifts  = 2                                                                                                               | 4        pdf       dv1 a  -4.30386e-01
npts    = 1495                                                                                                            | 5        pdf       dv1 b   4.52500e+00
chi2    = 2925.229230                                                                                                     | 6        pdf        g1 a  -6.68224e-01
rchi2   = 57.754624                                                                                                       | 7        pdf        g1 b   2.87439e+00
nchi2   = 1.458548                                                                                                        | 8        pdf        s1 N   3.42161e-02
chi2tot = 2984.442402                                                                                                     | 9        pdf        s1 a   9.99058e-01
dchi2(iter)  = 3.321231                                                                                                   | 10        pdf        s1 b   5.85515e+00
dchi2(local) = -0.771363                                                                                                  | 11        pdf      sea1 N   1.76045e-02
pdf dv(1):1.000000                                                                                                        | 12        pdf      sea1 a  -1.43885e+00
pdf db-ub(2):-0.053552                                                                                                    | 13        pdf      sea1 b   1.02201e+00
pdf msr:1.000000                                                                                                          | 14        pdf       ub1 N   8.08800e-02
pdf db-ub(1):0.200955                                                                                                     | 15        pdf       ub1 a   9.53310e-01
pdf uv(1):2.000000                                                                                                        | 16        pdf       ub1 b   3.78850e+00
pdf s-sb(1):0.000000                                                                                                      | 17        pdf       uv1 a  -4.99836e-01
pdf s-sb(2):0.000000                                                                                                      | 18        pdf       uv1 b   4.87356e+00
                                                                                                                          | 19       norm       idis      10016  9.65648e-01
reaction: unpol DIS                                                                                                       | 20       norm       idis      10017  9.89457e-01
filters: Q2>1.690000                                                                                                      | 21       norm       idis      10010  1.00189e+00
filters: W2>10.000000                                                                                                     | 22       norm       idis      10011  9.97926e-01
    idx tar        col  npts       chi2  chi2-npts      rchi2      nchi2                                                  | 23       norm       idis      10020  1.00058e+00
  10016   p      BCDMS   348     737.52     389.52      20.67       1.31                                                  | 
  10017   d      BCDMS   254     482.54     228.54      20.90       0.12                                                  | 
  10020   p        NMC   273     589.58     316.58      12.21       0.00                                                  | 
  10021 d/p        NMC   174     286.44     112.44       3.98       0.00                                                  | 
  10010   p       SLAC   218     458.40     240.40       0.00       0.01                                                  | 
  10011   d       SLAC   228     370.74     142.74       0.00       0.01                                                  | 
['pdf']
JAM FITTER                                                                                                                | 1        pdf       db1 N   2.48824e-02
count = 1100                                                                                                              | 2        pdf       db1 a  -7.09707e-01
elapsed time(mins)=4.583141                                                                                               | 3        pdf       db1 b   4.55250e+00
shifts  = 2                                                                                                               | 4        pdf       dv1 a  -3.92573e-01
npts    = 1495                                                                                                            | 5        pdf       dv1 b   4.57176e+00
chi2    = 2925.534636                                                                                                     | 6        pdf        g1 a  -6.67243e-01
rchi2   = 57.381226                                                                                                       | 7        pdf        g1 b   2.86139e+00
nchi2   = 1.398816                                                                                                        | 8        pdf        s1 N   3.21461e-02
chi2tot = 2984.314678                                                                                                     | 9        pdf        s1 a   9.99792e-01
dchi2(iter)  = 3.321231                                                                                                   | 10        pdf        s1 b   5.72441e+00
dchi2(local) = -0.899087                                                                                                  | 11        pdf      sea1 N   1.79677e-02
pdf dv(1):1.000000                                                                                                        | 12        pdf      sea1 a  -1.43014e+00
pdf db-ub(2):-0.054663                                                                                                    | 13        pdf      sea1 b   1.04526e+00
pdf msr:1.000000                                                                                                          | 14        pdf       ub1 N   7.95455e-02
pdf db-ub(1):0.226242                                                                                                     | 15        pdf       ub1 a   9.50344e-01
pdf uv(1):2.000000                                                                                                        | 16        pdf       ub1 b   3.78176e+00
pdf s-sb(1):0.000000                                                                                                      | 17        pdf       uv1 a  -4.99978e-01
pdf s-sb(2):0.000000                                                                                                      | 18        pdf       uv1 b   4.76739e+00
                                                                                                                          | 19       norm       idis      10016  9.66249e-01
reaction: unpol DIS                                                                                                       | 20       norm       idis      10017  9.90072e-01
filters: Q2>1.690000                                                                                                      | 21       norm       idis      10010  1.00212e+00
filters: W2>10.000000 [H[J[H[J                                                                                                    | 22       norm       idis      10011  9.98164e-01
    idx tar        col  npts       chi2  chi2-npts      rchi2      nchi2                                                  | 23       norm       idis      10020  1.00082e+00
  10016   p      BCDMS   348     737.71     389.71      20.50       1.27                                                  | 
  10017   d      BCDMS   254     483.03     229.03      20.72       0.11                                                  | 
  10020   p        NMC   273     589.19     316.19      12.18       0.00                                                  | 
  10021 d/p        NMC   174     286.25     112.25       3.99       0.00                                                  | 
  10010   p       SLAC   218     458.65     240.65       0.00       0.01                                                  | 
  10011   d       SLAC   228     370.72     142.72       0.00       0.01                                                  | 
['pdf']
JAM FITTER                                                                                                                | 1        pdf       db1 N   2.47731e-02
count = 1200                                                                                                              | 2        pdf       db1 a  -7.11306e-01
elapsed time(mins)=4.991075                                                                                               | 3        pdf       db1 b   4.55827e+00
shifts  = 2                                                                                                               | 4        pdf       dv1 a  -3.90883e-01
npts    = 1495                                                                                                            | 5        pdf       dv1 b   4.57401e+00
chi2    = 2925.567273                                                                                                     | 6        pdf        g1 a  -6.66861e-01
rchi2   = 57.350746                                                                                                       | 7        pdf        g1 b   2.86124e+00
nchi2   = 1.395137                                                                                                        | 8        pdf        s1 N   3.20153e-02
chi2tot = 2984.313156                                                                                                     | 9        pdf        s1 a   9.99990e-01
dchi2(iter)  = 3.321231                                                                                                   | 10        pdf        s1 b   5.71891e+00
dchi2(local) = -0.900610                                                                                                  | 11        pdf      sea1 N   1.79915e-02
pdf dv(1):1.000000                                                                                                        | 12        pdf      sea1 a  -1.42956e+00
pdf db-ub(2):-0.054675                                                                                                    | 13        pdf      sea1 b   1.04704e+00
pdf msr:1.000000                                                                                                          | 14        pdf       ub1 N   7.94480e-02
pdf db-ub(1):0.227508                                                                                                     | 15        pdf       ub1 a   9.50223e-01
pdf uv(1):2.000000                                                                                                        | 16        pdf       ub1 b   3.78124e+00
pdf s-sb(1):0.000000                                                                                                      | 17        pdf       uv1 a  -5.00000e-01
pdf s-sb(2):0.000000                                                                                                      | 18        pdf       uv1 b   4.75985e+00
                                                                                                                          | 19       norm       idis      10016  9.66287e-01
reaction: unpol DIS                                                                                                       | 20       norm       idis      10017  9.90110e-01
filters: Q2>1.690000                                                                                                      | 21       norm       idis      10010  1.00213e+00
filters: W2>10.000000                                                                                                     | 22       norm       idis      10011  9.98171e-01
    idx tar        col  npts       chi2  chi2-npts      rchi2      nchi2                                                  | 23       norm       idis      10020  1.00083e+00
  10016   p      BCDMS   348     737.72     389.72      20.48       1.26                                                  | 
  10017   d      BCDMS   254     483.07     229.07      20.70       0.11                                                  | 
  10020   p        NMC   273     589.16     316.16      12.18       0.00                                                  | 
  10021 d/p        NMC   174     286.24     112.24       3.99       0.00                                                  | 
  10010   p       SLAC   218     458.67     240.67       0.00       0.01                                                  | 
  10011   d       SLAC   228     370.70     142.70       0.00       0.01                                                  | 
['pdf']
JAM FITTER                                                                                                                | 1        pdf       db1 N   2.47462e-02
count = 1230                                                                                                              | 2        pdf       db1 a  -7.11403e-01
elapsed time(mins)=5.121214                                                                                               | 3        pdf       db1 b   4.56350e+00
shifts  = 1                                                                                                               | 4        pdf       dv1 a  -3.90642e-01
npts    = 1495                                                                                                            | 5        pdf       dv1 b   4.57307e+00
chi2    = 2925.565964                                                                                                     | 6        pdf        g1 a  -6.66903e-01
rchi2   = 57.351920                                                                                                       | 7        pdf        g1 b   2.86094e+00
nchi2   = 1.395246                                                                                                        | 8        pdf        s1 N   3.20127e-02
chi2tot = 2984.313129                                                                                                     | 9        pdf        s1 a   9.99995e-01
dchi2(iter)  = 3.321231                                                                                                   | 10        pdf        s1 b   5.71811e+00
dchi2(local) = -0.900636                                                                                                  | 11        pdf      sea1 N   1.79930e-02
pdf dv(1):1.000000                                                                                                        | 12        pdf      sea1 a  -1.42952e+00
pdf db-ub(2):-0.054694                                                                                                    | 13        pdf      sea1 b   1.04715e+00
pdf msr:1.000000                                                                                                          | 14        pdf       ub1 N   7.94399e-02
pdf db-ub(1):0.227601                                                                                                     | 15        pdf       ub1 a   9.50216e-01
pdf uv(1):2.000000                                                                                                        | 16        pdf       ub1 b   3.78120e+00
pdf s-sb(1):0.000000                                                                                                      | 17        pdf       uv1 a  -5.00000e-01
pdf s-sb(2):0.000000                                                                                                      | 18        pdf       uv1 b   4.75937e+00
                                                                                                                          | 19       norm       idis      10016  9.66286e-01
reaction: unpol DIS                                                                                                       | 20       norm       idis      10017  9.90109e-01
filters: Q2>1.690000                                                                                                      | 21       norm       idis      10010  1.00213e+00
filters: W2>10.000000                                                                                                     | 22       norm       idis      10011  9.98169e-01
    idx tar        col  npts       chi2  chi2-npts      rchi2      nchi2                                                  | 23       norm       idis      10020  1.00083e+00
  10016   p      BCDMS   348     737.72     389.72      20.48       1.26                                                  | 
  10017   d      BCDMS   254     483.07     229.07      20.71       0.11                                                  | 
  10020   p        NMC   273     589.16     316.16      12.18       0.00                                                  | 
  10021 d/p        NMC   174     286.24     112.24       3.99       0.00                                                  | 
  10010   p       SLAC   218     458.67     240.67       0.00       0.01                                                  | 
  10011   d       SLAC   228     370.70     142.70       0.00       0.01                                                  | 
