('active', 'pdf')

--step 1: npQCD objects = pdf , datasets = idis , tmc = False , ht = False
loading idis data sets 10016
loading idis data sets 10017
loading idis data sets 10020
loading idis data sets 10021
loading idis data sets 10010
loading idis data sets 10011
Loading DIS tables...
10016 has norm uncertainty
10017 has norm uncertainty
10020 has norm uncertainty
10010 has norm uncertainty
10011 has norm uncertainty
[H[J[H[J[H[J[H[J[H[J[H[J[H[J[H[J[H[J[H[J[H[J['pdf']
JAM FITTER                                                                                                                | 1        pdf       db1 N   1.00889e-01
count = 100                                                                                                               | 2        pdf       db1 a  -5.04755e-01
elapsed time(mins)=0.959964                                                                                               | 3        pdf       db1 b   8.65175e+00
shifts  = 2                                                                                                               | 4        pdf       dv1 a  -4.05898e-01
npts    = 1495                                                                                                            | 5        pdf       dv1 b   8.88494e+00
chi2    = 51521.261905                                                                                                    | 6        pdf        g1 a   9.79898e-01
rchi2   = 5483.753651                                                                                                     | 7        pdf        g1 b   9.96995e-01
nchi2   = 242.143121                                                                                                      | 8        pdf        s1 N   6.73490e-02
chi2tot = 57247.158677                                                                                                    | 9        pdf        s1 a   9.15579e-01
dchi2(iter)  = 0.000000                                                                                                   | 10        pdf        s1 b   3.18047e+00
dchi2(local) = -inf                                                                                                       | 11        pdf      sea1 N   5.93732e-02
pdf dv(1):1.000000                                                                                                        | 12        pdf      sea1 a  -1.86084e+00
pdf db-ub(2):-0.093932                                                                                                    | 13        pdf      sea1 b   9.43339e+00
pdf msr:1.000000                                                                                                          | 14        pdf       ub1 N   1.94821e-01
pdf db-ub(1):1.226366                                                                                                     | 15        pdf       ub1 a   3.78161e-01
pdf uv(1):2.000000                                                                                                        | 16        pdf       ub1 b   3.56915e+00
pdf s-sb(1):0.000000                                                                                                      | 17        pdf       uv1 a  -4.01903e-01
pdf s-sb(2):0.000000                                                                                                      | 18        pdf       uv1 b   9.30300e+00
                                                                                                                          | 19       norm       idis      10016  1.15922e+00
reaction: unpol DIS                                                                                                       | 20       norm       idis      10017  1.18767e+00
filters: Q2>1.690000                                                                                                      | 21       norm       idis      10010  1.19080e+00
filters: W2>10.000000                                                                                                     | 22       norm       idis      10011  1.11285e+00
    idx tar        col  npts       chi2  chi2-npts      rchi2      nchi2                                                  | 23       norm       idis      10020  1.13889e+00
  10016   p      BCDMS   348    1388.56    1040.56     782.26      28.17                                                  | 
  10017   d      BCDMS   254    3023.98    2769.98      97.24      39.13                                                  | 
  10020   p        NMC   273    8643.68    8370.68    2182.04      48.22                                                  | 
  10021 d/p        NMC   174    4943.01    4769.01    2422.21       0.00                                                  | 
  10010   p       SLAC   218    9118.67    8900.67       0.00      82.55                                                  | 
  10011   d       SLAC   228   24403.37   24175.37       0.00      44.07                                                  | 
['pdf']
JAM FITTER                                                                                                                | 1        pdf       db1 N   7.57986e-02
count = 200                                                                                                               | 2        pdf       db1 a  -3.22572e-01
elapsed time(mins)=1.912335                                                                                               | 3        pdf       db1 b   4.13532e+00
shifts  = 2                                                                                                               | 4        pdf       dv1 a  -4.59879e-01
npts    = 1495                                                                                                            | 5        pdf       dv1 b   9.05949e+00
chi2    = 3364.465602                                                                                                     | 6        pdf        g1 a  -7.39661e-01
rchi2   = 156.159824                                                                                                      | 7        pdf        g1 b   5.13674e+00
nchi2   = 106.544447                                                                                                      | 8        pdf        s1 N   3.55898e-02
chi2tot = 3627.169873                                                                                                     | 9        pdf        s1 a   4.07345e-01
dchi2(iter)  = 0.000000                                                                                                   | 10        pdf        s1 b   1.58423e+00
dchi2(local) = -inf                                                                                                       | 11        pdf      sea1 N   1.44495e-02
pdf dv(1):1.000000                                                                                                        | 12        pdf      sea1 a  -1.88308e+00
pdf db-ub(2):-0.073218                                                                                                    | 13        pdf      sea1 b   3.87860e-01
pdf msr:1.000000                                                                                                          | 14        pdf       ub1 N   1.49016e-01
pdf db-ub(1):0.007389                                                                                                     | 15        pdf       ub1 a   5.11073e-01
pdf uv(1):2.000000                                                                                                        | 16        pdf       ub1 b   4.00925e+00
pdf s-sb(1):0.000000                                                                                                      | 17        pdf       uv1 a  -4.90030e-01
pdf s-sb(2):0.000000                                                                                                      | 18        pdf       uv1 b   9.37749e+00
                                                                                                                          | 19       norm       idis      10016  1.06145e+00
reaction: unpol DIS                                                                                                       | 20       norm       idis      10017  1.07542e+00
filters: Q2>1.690000                                                                                                      | 21       norm       idis      10010  1.12045e+00
filters: W2>10.000000                                                                                                     | 22       norm       idis      10011  1.12140e+00
    idx tar        col  npts       chi2  chi2-npts      rchi2      nchi2                                                  | 23       norm       idis      10020  1.06967e+00
  10016   p      BCDMS   348     761.54     413.54      46.05       4.20                                                  | 
  10017   d      BCDMS   254     541.94     287.94      68.12       6.32                                                  | 
  10020   p        NMC   273     822.58     549.58      35.23      12.13                                                  | 
  10021 d/p        NMC   174     433.87     259.87       6.77       0.00                                                  | 
  10010   p       SLAC   218     373.95     155.95       0.00      32.90                                                  | 
  10011   d       SLAC   228     430.59     202.59       0.00      50.99                                                  | 
['pdf']
JAM FITTER                                                                                                                | 1        pdf       db1 N   7.18262e-02
count = 300                                                                                                               | 2        pdf       db1 a  -2.80964e-01
elapsed time(mins)=2.860989                                                                                               | 3        pdf       db1 b   4.25958e+00
shifts  = 2                                                                                                               | 4        pdf       dv1 a  -4.99290e-01
npts    = 1495                                                                                                            | 5        pdf       dv1 b   9.16949e+00
chi2    = 3173.906053                                                                                                     | 6        pdf        g1 a  -5.95577e-01
rchi2   = 59.229230                                                                                                       | 7        pdf        g1 b   5.99723e+00
nchi2   = 20.445386                                                                                                       | 8        pdf        s1 N   1.99267e-02
chi2tot = 3253.580668                                                                                                     | 9        pdf        s1 a   1.35996e-01
dchi2(iter)  = 0.000000                                                                                                   | 10        pdf        s1 b   1.19443e+00
dchi2(local) = -inf                                                                                                       | 11        pdf      sea1 N   9.71095e-03
pdf dv(1):1.000000                                                                                                        | 12        pdf      sea1 a  -1.76416e+00
pdf db-ub(2):-0.063376                                                                                                    | 13        pdf      sea1 b   5.51141e-01
pdf msr:1.000000                                                                                                          | 14        pdf       ub1 N   1.35202e-01
pdf db-ub(1):0.034708                                                                                                     | 15        pdf       ub1 a   5.83938e-01
pdf uv(1):2.000000                                                                                                        | 16        pdf       ub1 b   4.00607e+00
pdf s-sb(1):0.000000                                                                                                      | 17        pdf       uv1 a  -4.99943e-01
pdf s-sb(2):0.000000                                                                                                      | 18        pdf       uv1 b   8.44969e+00
                                                                                                                          | 19       norm       idis      10016  1.00623e+00
reaction: unpol DIS                                                                                                       | 20       norm       idis      10017  1.02186e+00
filters: Q2>1.690000                                                                                                      | 21       norm       idis      10010  1.05558e+00
filters: W2>10.000000                                                                                                     | 22       norm       idis      10011  1.05403e+00
    idx tar        col  npts       chi2  chi2-npts      rchi2      nchi2                                                  | 23       norm       idis      10020  1.03327e+00
  10016   p      BCDMS   348     749.61     401.61      20.53       0.04                                                  | 
  10017   d      BCDMS   254     530.44     276.44      19.34       0.53                                                  | 
  10020   p        NMC   273     711.21     438.21      14.23       2.77                                                  | 
  10021 d/p        NMC   174     408.78     234.78       5.13       0.00                                                  | 
  10010   p       SLAC   218     379.83     161.83       0.00       7.00                                                  | 
  10011   d       SLAC   228     394.04     166.04       0.00      10.10                                                  | 
['pdf']
JAM FITTER                                                                                                                | 1        pdf       db1 N   6.71699e-02
count = 400                                                                                                               | 2        pdf       db1 a  -1.51156e-01
elapsed time(mins)=3.803322                                                                                               | 3        pdf       db1 b   4.38086e+00
shifts  = 2                                                                                                               | 4        pdf       dv1 a  -4.99992e-01
npts    = 1495                                                                                                            | 5        pdf       dv1 b   9.62646e+00
chi2    = 3066.938887                                                                                                     | 6        pdf        g1 a  -8.33895e-01
rchi2   = 62.392996                                                                                                       | 7        pdf        g1 b   2.80296e+00
nchi2   = 7.470477                                                                                                        | 8        pdf        s1 N   1.41302e-02
chi2tot = 3136.802360                                                                                                     | 9        pdf        s1 a   3.22286e-01
dchi2(iter)  = 0.000000                                                                                                   | 10        pdf        s1 b   6.33934e-01
dchi2(local) = -inf                                                                                                       | 11        pdf      sea1 N   1.12024e-02
pdf dv(1):1.000000                                                                                                        | 12        pdf      sea1 a  -1.55806e+00
pdf db-ub(2):-0.049475                                                                                                    | 13        pdf      sea1 b   1.92308e+00
pdf msr:1.000000                                                                                                          | 14        pdf       ub1 N   1.16645e-01
pdf db-ub(1):0.047354                                                                                                     | 15        pdf       ub1 a   7.51588e-01
pdf uv(1):2.000000                                                                                                        | 16        pdf       ub1 b   3.93987e+00
pdf s-sb(1):0.000000                                                                                                      | 17        pdf       uv1 a  -4.99992e-01
pdf s-sb(2):0.000000                                                                                                      | 18        pdf       uv1 b   6.50166e+00
                                                                                                                          | 19       norm       idis      10016  9.98784e-01
reaction: unpol DIS                                                                                                       | 20       norm       idis      10017  1.01524e+00
filters: Q2>1.690000                                                                                                      | 21       norm       idis      10010  1.03615e+00
filters: W2>10.000000                                                                                                     | 22       norm       idis      10011  1.03251e+00
    idx tar        col  npts       chi2  chi2-npts      rchi2      nchi2                                                  | 23       norm       idis      10020  1.01536e+00
  10016   p      BCDMS   348     735.64     387.64      19.65       0.00                                                  | 
  10017   d      BCDMS   254     502.72     248.72      22.57       0.26                                                  | 
  10020   p        NMC   273     697.34     424.34      15.35       0.59                                                  | 
  10021 d/p        NMC   174     393.79     219.79       4.83       0.00                                                  | 
  10010   p       SLAC   218     349.63     131.63       0.00       2.96                                                  | 
  10011   d       SLAC   228     387.82     159.82       0.00       3.66                                                  | 
['pdf']
JAM FITTER                                                                                                                | 1        pdf       db1 N   6.52624e-02
count = 500                                                                                                               | 2        pdf       db1 a  -1.56306e-02
elapsed time(mins)=4.755195                                                                                               | 3        pdf       db1 b   4.53633e+00
shifts  = 3                                                                                                               | 4        pdf       dv1 a  -5.00000e-01
npts    = 1495                                                                                                            | 5        pdf       dv1 b   9.95430e+00
chi2    = 3029.570894                                                                                                     | 6        pdf        g1 a  -8.16715e-01
rchi2   = 56.440181                                                                                                       | 7        pdf        g1 b   2.37358e+00
nchi2   = 1.303741                                                                                                        | 8        pdf        s1 N   9.70943e-03
chi2tot = 3087.314816                                                                                                     | 9        pdf        s1 a   4.43800e-01
dchi2(iter)  = inf                                                                                                        | 10        pdf        s1 b   4.62819e-01
dchi2(local) = -inf                                                                                                       | 11        pdf      sea1 N   1.11666e-02
pdf dv(1):1.000000                                                                                                        | 12        pdf      sea1 a  -1.41437e+00
pdf db-ub(2):-0.032776                                                                                                    | 13        pdf      sea1 b   4.13190e+00
pdf msr:1.000000                                                                                                          | 14        pdf       ub1 N   9.80379e-02
pdf db-ub(1):0.076245                                                                                                     | 15        pdf       ub1 a   7.99556e-01
pdf uv(1):2.000000                                                                                                        | 16        pdf       ub1 b   3.73635e+00
pdf s-sb(1):-0.000000                                                                                                     | 17        pdf       uv1 a  -4.99993e-01
pdf s-sb(2):-0.000000                                                                                                     | 18        pdf       uv1 b   4.95895e+00
                                                                                                                          | 19       norm       idis      10016  9.84865e-01
reaction: unpol DIS                                                                                                       | 20       norm       idis      10017  1.00353e+00
filters: Q2>1.690000                                                                                                      | 21       norm       idis      10010  1.01572e+00
filters: W2>10.000000                                                                                                     | 22       norm       idis      10011  1.01168e+00
    idx tar        col  npts       chi2  chi2-npts      rchi2      nchi2                                                  | 23       norm       idis      10020  1.00107e+00
  10016   p      BCDMS   348     731.81     383.81      20.43       0.25                                                  | 
  10017   d      BCDMS   254     496.33     242.33      20.00       0.01                                                  | 
  10020   p        NMC   273     692.79     419.79      13.14       0.00                                                  | 
  10021 d/p        NMC   174     374.57     200.57       2.88       0.00                                                  | 
  10010   p       SLAC   218     344.61     126.61       0.00       0.56                                                  | 
  10011   d       SLAC   228     389.45     161.45       0.00       0.47                                                  | 
['pdf']
JAM FITTER                                                                                                                | 1        pdf       db1 N   6.37667e-02
count = 600                                                                                                               | 2        pdf       db1 a   6.26101e-02
elapsed time(mins)=5.703611                                                                                               | 3        pdf       db1 b   4.65709e+00
shifts  = 2                                                                                                               | 4        pdf       dv1 a  -5.00000e-01
npts    = 1495                                                                                                            | 5        pdf       dv1 b   9.99978e+00
chi2    = 3025.923674                                                                                                     | 6        pdf        g1 a  -7.94831e-01
rchi2   = 52.891681                                                                                                       | 7        pdf        g1 b   2.27240e+00
nchi2   = 0.706236                                                                                                        | 8        pdf        s1 N   7.92419e-03
chi2tot = 3079.521591                                                                                                     | 9        pdf        s1 a   8.37005e-01
dchi2(iter)  = inf                                                                                                        | 10        pdf        s1 b   5.52913e-01
dchi2(local) = -7.793224                                                                                                  | 11        pdf      sea1 N   1.18747e-02
pdf dv(1):1.000000                                                                                                        | 12        pdf      sea1 a  -1.35145e+00
pdf db-ub(2):-0.022255                                                                                                    | 13        pdf      sea1 b   4.76284e+00
pdf msr:1.000000                                                                                                          | 14        pdf       ub1 N   8.60216e-02
pdf db-ub(1):0.093405                                                                                                     | 15        pdf       ub1 a   7.78727e-01
pdf uv(1):2.000000                                                                                                        | 16        pdf       ub1 b   3.62808e+00
pdf s-sb(1):0.000000                                                                                                      | 17        pdf       uv1 a  -4.99979e-01
pdf s-sb(2):0.000000                                                                                                      | 18        pdf       uv1 b   4.23494e+00
                                                                                                                          | 19       norm       idis      10016  9.80017e-01
reaction: unpol DIS                                                                                                       | 20       norm       idis      10017  9.99758e-01
filters: Q2>1.690000                                                                                                      | 21       norm       idis      10010  1.00850e+00
filters: W2>10.000000                                                                                                     | 22       norm       idis      10011  1.00461e+00
    idx tar        col  npts       chi2  chi2-npts      rchi2      nchi2                                                  | 23       norm       idis      10020  9.96828e-01
  10016   p      BCDMS   348     730.04     382.04      19.59       0.44                                                  | 
  10017   d      BCDMS   254     494.70     240.70      18.52       0.00                                                  | 
  10020   p        NMC   273     695.41     422.41      12.79       0.03                                                  | 
  10021 d/p        NMC   174     369.50     195.50       1.99       0.00                                                  | 
  10010   p       SLAC   218     343.43     125.43       0.00       0.16                                                  | 
  10011   d       SLAC   228     392.84     164.84       0.00       0.07                                                  | 
['pdf']
JAM FITTER                                                                                                                | 1        pdf       db1 N   6.13312e-02
count = 700                                                                                                               | 2        pdf       db1 a   9.62181e-02
elapsed time(mins)=6.645703                                                                                               | 3        pdf       db1 b   4.72647e+00
shifts  = 23                                                                                                              | 4        pdf       dv1 a  -5.00000e-01
npts    = 1495                                                                                                            | 5        pdf       dv1 b   1.00000e+01
chi2    = 3026.942345                                                                                                     | 6        pdf        g1 a  -7.86348e-01
rchi2   = 50.875298                                                                                                       | 7        pdf        g1 b   2.28024e+00
nchi2   = 0.702665                                                                                                        | 8        pdf        s1 N   7.96918e-03
chi2tot = 3078.520308                                                                                                     | 9        pdf        s1 a   9.49146e-01
dchi2(iter)  = 8.794507                                                                                                   | 10        pdf        s1 b   6.23159e-01
dchi2(local) = -8.794507                                                                                                  | 11        pdf      sea1 N   1.37925e-02
pdf dv(1):1.000000                                                                                                        | 12        pdf      sea1 a  -1.34188e+00
pdf db-ub(2):-0.017432                                                                                                    | 13        pdf      sea1 b   3.79016e+00
pdf msr:1.000000                                                                                                          | 14        pdf       ub1 N   7.87630e-02
pdf db-ub(1):0.100661                                                                                                     | 15        pdf       ub1 a   8.02390e-01
pdf uv(1):2.000000                                                                                                        | 16        pdf       ub1 b   3.62918e+00
pdf s-sb(1):0.000000                                                                                                      | 17        pdf       uv1 a  -4.98662e-01
pdf s-sb(2):0.000000                                                                                                      | 18        pdf       uv1 b   3.96458e+00
                                                                                                                          | 19       norm       idis      10016  9.78525e-01
reaction: unpol DIS                                                                                                       | 20       norm       idis      10017  9.98489e-01
filters: Q2>1.690000                                                                                                      | 21       norm       idis      10010  1.00691e+00
filters: W2>10.000000                                                                                                     | 22       norm       idis      10011  1.00319e+00
    idx tar        col  npts       chi2  chi2-npts      rchi2      nchi2                                                  | 23       norm       idis      10020  9.95806e-01
  10016   p      BCDMS   348     730.39     382.39      18.75       0.51                                                  | 
  10017   d      BCDMS   254     494.15     240.15      17.77       0.00                                                  | 
  10020   p        NMC   273     696.39     423.39      12.63       0.04                                                  | 
  10021 d/p        NMC   174     368.64     194.64       1.72       0.00                                                  | 
  10010   p       SLAC   218     342.96     124.96       0.00       0.11                                                  | 
  10011   d       SLAC   228     394.41     166.41       0.00       0.04                                                  | 
['pdf']
JAM FITTER                                                                                                                | 1        pdf       db1 N   6.17582e-02
count = 800                                                                                                               | 2        pdf       db1 a   1.10286e-01
elapsed time(mins)=7.584835                                                                                               | 3        pdf       db1 b   4.77265e+00
shifts  = 2                                                                                                               | 4        pdf       dv1 a  -5.00000e-01
npts    = 1495                                                                                                            | 5        pdf       dv1 b   1.00000e+01
chi2    = 3026.493641                                                                                                     | 6        pdf        g1 a  -7.88129e-01
rchi2   = 50.456675                                                                                                       | 7        pdf        g1 b   2.30115e+00
nchi2   = 0.725639                                                                                                        | 8        pdf        s1 N   8.98299e-03
chi2tot = 3077.675955                                                                                                     | 9        pdf        s1 a   9.93096e-01
dchi2(iter)  = 8.794507                                                                                                   | 10        pdf        s1 b   7.42113e-01
dchi2(local) = -0.844353                                                                                                  | 11        pdf      sea1 N   1.34728e-02
pdf dv(1):1.000000                                                                                                        | 12        pdf      sea1 a  -1.34107e+00
pdf db-ub(2):-0.014120                                                                                                    | 13        pdf      sea1 b   4.09538e+00
pdf msr:1.000000                                                                                                          | 14        pdf       ub1 N   7.58784e-02
pdf db-ub(1):0.117732                                                                                                     | 15        pdf       ub1 a   8.76953e-01
pdf uv(1):2.000000                                                                                                        | 16        pdf       ub1 b   3.68121e+00
pdf s-sb(1):0.000000                                                                                                      | 17        pdf       uv1 a  -4.76371e-01
pdf s-sb(2):0.000000                                                                                                      | 18        pdf       uv1 b   3.99891e+00
                                                                                                                          | 19       norm       idis      10016  9.78431e-01
reaction: unpol DIS                                                                                                       | 20       norm       idis      10017  9.98598e-01
filters: Q2>1.690000                                                                                                      | 21       norm       idis      10010  1.00717e+00
filters: W2>10.000000                                                                                                     | 22       norm       idis      10011  1.00381e+00
    idx tar        col  npts       chi2  chi2-npts      rchi2      nchi2                                                  | 23       norm       idis      10020  9.96023e-01
  10016   p      BCDMS   348     732.04     384.04      18.86       0.52                                                  | 
  10017   d      BCDMS   254     493.30     239.30      17.68       0.00                                                  | 
  10020   p        NMC   273     695.65     422.65      12.57       0.04                                                  | 
  10021 d/p        NMC   174     368.18     194.18       1.34       0.00                                                  | 
  10010   p       SLAC   218     342.13     124.13       0.00       0.12                                                  | 
  10011   d       SLAC   228     395.20     167.20       0.00       0.05                                                  | 
['pdf']
JAM FITTER                                                                                                                | 1        pdf       db1 N   6.23003e-02
count = 900                                                                                                               | 2        pdf       db1 a   1.06504e-01
elapsed time(mins)=8.524215                                                                                               | 3        pdf       db1 b   4.76294e+00
shifts  = 2                                                                                                               | 4        pdf       dv1 a  -5.00000e-01
npts    = 1495                                                                                                            | 5        pdf       dv1 b   1.00000e+01
chi2    = 3026.533786                                                                                                     | 6        pdf        g1 a  -7.89244e-01
rchi2   = 50.405871                                                                                                       | 7        pdf        g1 b   2.29679e+00
nchi2   = 0.721622                                                                                                        | 8        pdf        s1 N   8.92646e-03
chi2tot = 3077.661279                                                                                                     | 9        pdf        s1 a   9.99231e-01
dchi2(iter)  = 8.794507                                                                                                   | 10        pdf        s1 b   7.34095e-01
dchi2(local) = -0.859030                                                                                                  | 11        pdf      sea1 N   1.30366e-02
pdf dv(1):1.000000                                                                                                        | 12        pdf      sea1 a  -1.34080e+00
pdf db-ub(2):-0.014561                                                                                                    | 13        pdf      sea1 b   4.36134e+00
pdf msr:1.000000                                                                                                          | 14        pdf       ub1 N   7.68615e-02
pdf db-ub(1):0.117990                                                                                                     | 15        pdf       ub1 a   8.74219e-01
pdf uv(1):2.000000                                                                                                        | 16        pdf       ub1 b   3.67996e+00
pdf s-sb(1):0.000000                                                                                                      | 17        pdf       uv1 a  -4.75047e-01
pdf s-sb(2):0.000000                                                                                                      | 18        pdf       uv1 b   4.03642e+00
                                                                                                                          | 19       norm       idis      10016  9.78597e-01
reaction: unpol DIS                                                                                                       | 20       norm       idis      10017  9.98774e-01
filters: Q2>1.690000                                                                                                      | 21       norm       idis      10010  1.00730e+00
filters: W2>10.000000                                                                                                     | 22       norm       idis      10011  1.00392e+00
    idx tar        col  npts       chi2  chi2-npts      rchi2      nchi2                                                  | 23       norm       idis      10020  9.96155e-01
  10016   p      BCDMS   348     732.13     384.13      18.86       0.51                                                  | 
  10017   d      BCDMS   254     493.26     239.26      17.65       0.00                                                  | 
  10020   p        NMC   273     695.61     422.61      12.55       0.04                                                  | 
  10021 d/p        NMC   174     368.15     194.15       1.34       0.00                                                  | 
  10010   p       SLAC   218     342.15     124.15       0.00       0.12                                                  | 
  10011   d       SLAC   228     395.23     167.23       0.00       0.05                                                  | 
['pdf']
JAM FITTER                                                                                                                | 1        pdf       db1 N   6.22892e-02
count = 1000                                                                                                              | 2        pdf       db1 a   1.06555e-01
elapsed time(mins)=9.459239                                                                                               | 3        pdf       db1 b   4.76300e+00
shifts  = 3                                                                                                               | 4        pdf       dv1 a  -5.00000e-01
npts    = 1495                                                                                                            | 5        pdf       dv1 b   1.00000e+01
chi2    = 3026.532502                                                                                                     | 6        pdf        g1 a  -7.89292e-01
rchi2   = 50.406660                                                                                                       | 7        pdf        g1 b   2.29652e+00
nchi2   = 0.721683                                                                                                        | 8        pdf        s1 N   8.92378e-03
chi2tot = 3077.660844                                                                                                     | 9        pdf        s1 a   9.99983e-01
dchi2(iter)  = 0.859464                                                                                                   | 10        pdf        s1 b   7.34123e-01
dchi2(local) = -0.859464                                                                                                  | 11        pdf      sea1 N   1.30456e-02
pdf dv(1):1.000000                                                                                                        | 12        pdf      sea1 a  -1.34082e+00
pdf db-ub(2):-0.014554                                                                                                    | 13        pdf      sea1 b   4.35538e+00
pdf msr:1.000000                                                                                                          | 14        pdf       ub1 N   7.68434e-02
pdf db-ub(1):0.117974                                                                                                     | 15        pdf       ub1 a   8.74231e-01
pdf uv(1):2.000000                                                                                                        | 16        pdf       ub1 b   3.67993e+00
pdf s-sb(1):-0.000000                                                                                                     | 17        pdf       uv1 a  -4.75089e-01
pdf s-sb(2):-0.000000                                                                                                     | 18        pdf       uv1 b   4.03563e+00
                                                                                                                          | 19       norm       idis      10016  9.78591e-01
reaction: unpol DIS                                                                                                       | 20       norm       idis      10017  9.98768e-01
filters: Q2>1.690000                                                                                                      | 21       norm       idis      10010  1.00729e+00
filters: W2>10.000000                                                                                                     | 22       norm       idis      10011  1.00392e+00
    idx tar        col  npts       chi2  chi2-npts      rchi2      nchi2                                                  | 23       norm       idis      10020  9.96148e-01
  10016   p      BCDMS   348     732.13     384.13      18.86       0.51                                                  | 
  10017   d      BCDMS   254     493.26     239.26      17.65       0.00                                                  | 
  10020   p        NMC   273     695.61     422.61      12.55       0.04                                                  | 
  10021 d/p        NMC   174     368.15     194.15       1.34       0.00                                                  | 
  10010   p       SLAC   218     342.14     124.14       0.00       0.12                                                  | 
  10011   d       SLAC   228     395.23     167.23       0.00       0.05                                                  | 
['pdf']
JAM FITTER                                                                                                                | 1        pdf       db1 N   6.22892e-02
count = 1015                                                                                                              | 2        pdf       db1 a   1.06555e-01
elapsed time(mins)=9.611704                                                                                               | 3        pdf       db1 b   4.76300e+00
shifts  = 2                                                                                                               | 4        pdf       dv1 a  -5.00000e-01
npts    = 1495                                                                                                            | 5        pdf       dv1 b   1.00000e+01
chi2    = 3026.532497                                                                                                     | 6        pdf        g1 a  -7.89292e-01
rchi2   = 50.406665                                                                                                       | 7        pdf        g1 b   2.29652e+00
nchi2   = 0.721683                                                                                                        | 8        pdf        s1 N   8.92378e-03
chi2tot = 3077.660844                                                                                                     | 9        pdf        s1 a   9.99983e-01
dchi2(iter)  = 0.859464                                                                                                   | 10        pdf        s1 b   7.34123e-01
dchi2(local) = -0.000000                                                                                                  | 11        pdf      sea1 N   1.30456e-02
pdf dv(1):1.000000                                                                                                        | 12        pdf      sea1 a  -1.34082e+00
pdf db-ub(2):-0.014554                                                                                                    | 13        pdf      sea1 b   4.35538e+00
pdf msr:1.000000                                                                                                          | 14        pdf       ub1 N   7.68434e-02
pdf db-ub(1):0.117974                                                                                                     | 15        pdf       ub1 a   8.74231e-01
pdf uv(1):2.000000                                                                                                        | 16        pdf       ub1 b   3.67993e+00
pdf s-sb(1):-0.000000                                                                                                     | 17        pdf       uv1 a  -4.75089e-01
pdf s-sb(2):-0.000000                                                                                                     | 18        pdf       uv1 b   4.03563e+00
                                                                                                                          | 19       norm       idis      10016  9.78591e-01
reaction: unpol DIS                                                                                                       | 20       norm       idis      10017  9.98768e-01
filters: Q2>1.690000                                                                                                      | 21       norm       idis      10010  1.00729e+00
filters: W2>10.000000                                                                                                     | 22       norm       idis      10011  1.00392e+00
    idx tar        col  npts       chi2  chi2-npts      rchi2      nchi2                                                  | 23       norm       idis      10020  9.96148e-01
  10016   p      BCDMS   348     732.13     384.13      18.86       0.51                                                  | 
  10017   d      BCDMS   254     493.26     239.26      17.65       0.00                                                  | 
  10020   p        NMC   273     695.61     422.61      12.55       0.04                                                  | 
  10021 d/p        NMC   174     368.15     194.15       1.34       0.00                                                  | 
  10010   p       SLAC   218     342.14     124.14       0.00       0.12                                                  | 
  10011   d       SLAC   228     395.23     167.23       0.00       0.05                                                  | 
