('active', 'pdf')

--step 1: npQCD objects = pdf , datasets = idis , tmc = False , ht = False
loading idis data sets 10016
loading idis data sets 10017
loading idis data sets 10020
loading idis data sets 10021
loading idis data sets 10010
loading idis data sets 10011
Loading DIS tables...
10016 has norm uncertainty
10017 has norm uncertainty
10020 has norm uncertainty
10010 has norm uncertainty
10011 has norm uncertainty
[H[J[H[J[H[J[H[J[H[J[H[J[H[J[H[J[H[J['pdf']
JAM FITTER                                                                                                                | 1        pdf       db1 N   1.56988e-02
count = 100                                                                                                               | 2        pdf       db1 a  -5.62084e-01
elapsed time(mins)=0.949223                                                                                               | 3        pdf       db1 b   6.85039e+00
shifts  = 2                                                                                                               | 4        pdf       dv1 a  -4.66529e-01
npts    = 1495                                                                                                            | 5        pdf       dv1 b   9.13053e+00
chi2    = 51333.245395                                                                                                    | 6        pdf        g1 a  -9.30314e-02
rchi2   = 7793.624421                                                                                                     | 7        pdf        g1 b   1.47449e+00
nchi2   = 281.618367                                                                                                      | 8        pdf        s1 N   4.91324e-02
chi2tot = 59408.488183                                                                                                    | 9        pdf        s1 a   9.94898e-01
dchi2(iter)  = 0.000000                                                                                                   | 10        pdf        s1 b   1.73290e-01
dchi2(local) = -inf                                                                                                       | 11        pdf      sea1 N   5.40410e-02
pdf dv(1):1.000000                                                                                                        | 12        pdf      sea1 a  -1.70614e+00
pdf db-ub(2):-0.142253                                                                                                    | 13        pdf      sea1 b   4.38491e+00
pdf msr:1.000000                                                                                                          | 14        pdf       ub1 N   1.57952e-01
pdf db-ub(1):-0.461394                                                                                                    | 15        pdf       ub1 a  -2.80910e-01
pdf uv(1):2.000000                                                                                                        | 16        pdf       ub1 b   1.73415e+00
pdf s-sb(1):0.000000                                                                                                      | 17        pdf       uv1 a  -1.44600e-01
pdf s-sb(2):0.000000                                                                                                      | 18        pdf       uv1 b   6.29366e+00
                                                                                                                          | 19       norm       idis      10016  1.11665e+00
reaction: unpol DIS                                                                                                       | 20       norm       idis      10017  9.99620e-01
filters: Q2>1.690000                                                                                                      | 21       norm       idis      10010  1.14580e+00
filters: W2>10.000000                                                                                                     | 22       norm       idis      10011  1.19317e+00
    idx tar        col  npts       chi2  chi2-npts      rchi2      nchi2                                                  | 23       norm       idis      10020  1.18886e+00
  10016   p      BCDMS   348    7370.33    7022.33    2131.75      15.12                                                  | 
  10017   d      BCDMS   254    7210.46    6956.46    1216.67       0.00                                                  | 
  10020   p        NMC   273    9093.44    8820.44    2221.41      89.17                                                  | 
  10021 d/p        NMC   174    4646.43    4472.43    2223.79       0.00                                                  | 
  10010   p       SLAC   218   16241.44   16023.44       0.00      48.21                                                  | 
  10011   d       SLAC   228    6771.15    6543.15       0.00     129.12                                                  | 
['pdf']
JAM FITTER                                                                                                                | 1        pdf       db1 N   4.78742e-02
count = 200                                                                                                               | 2        pdf       db1 a  -3.87762e-01
elapsed time(mins)=1.887788                                                                                               | 3        pdf       db1 b   4.26200e+00
shifts  = 3                                                                                                               | 4        pdf       dv1 a  -4.65030e-01
npts    = 1495                                                                                                            | 5        pdf       dv1 b   5.07572e+00
chi2    = 3042.399831                                                                                                     | 6        pdf        g1 a  -5.80693e-01
rchi2   = 101.582355                                                                                                      | 7        pdf        g1 b   3.51397e+00
nchi2   = 112.797417                                                                                                      | 8        pdf        s1 N   1.95197e-02
chi2tot = 3256.779602                                                                                                     | 9        pdf        s1 a  -6.53441e-02
dchi2(iter)  = inf                                                                                                        | 10        pdf        s1 b   2.33667e+00
dchi2(local) = -inf                                                                                                       | 11        pdf      sea1 N   1.81906e-02
pdf dv(1):1.000000                                                                                                        | 12        pdf      sea1 a  -1.49597e+00
pdf db-ub(2):-0.057048                                                                                                    | 13        pdf      sea1 b   1.21551e+00
pdf msr:1.000000                                                                                                          | 14        pdf       ub1 N   1.04922e-01
pdf db-ub(1):0.057002                                                                                                     | 15        pdf       ub1 a   5.97443e-01
pdf uv(1):2.000000                                                                                                        | 16        pdf       ub1 b   3.52814e+00
pdf s-sb(1):0.000000                                                                                                      | 17        pdf       uv1 a  -4.97364e-01
pdf s-sb(2):0.000000                                                                                                      | 18        pdf       uv1 b   4.70190e+00
                                                                                                                          | 19       norm       idis      10016  1.07294e+00
reaction: unpol DIS                                                                                                       | 20       norm       idis      10017  1.09550e+00
filters: Q2>1.690000                                                                                                      | 21       norm       idis      10010  1.12670e+00
filters: W2>10.000000                                                                                                     | 22       norm       idis      10011  1.12235e+00
    idx tar        col  npts       chi2  chi2-npts      rchi2      nchi2                                                  | 23       norm       idis      10020  1.05851e+00
  10016   p      BCDMS   348     687.81     339.81      35.03       5.91                                                  | 
  10017   d      BCDMS   254     532.79     278.79      20.47      10.13                                                  | 
  10020   p        NMC   273     709.43     436.43      43.84       8.56                                                  | 
  10021 d/p        NMC   174     316.19     142.19       2.24       0.00                                                  | 
  10010   p       SLAC   218     423.08     205.08       0.00      36.40                                                  | 
  10011   d       SLAC   228     373.10     145.10       0.00      51.80                                                  | 
['pdf']
JAM FITTER                                                                                                                | 1        pdf       db1 N   3.54202e-02
count = 300                                                                                                               | 2        pdf       db1 a  -4.51028e-01
elapsed time(mins)=2.835281                                                                                               | 3        pdf       db1 b   4.55724e+00
shifts  = 3                                                                                                               | 4        pdf       dv1 a  -4.77759e-01
npts    = 1495                                                                                                            | 5        pdf       dv1 b   4.37814e+00
chi2    = 2960.248899                                                                                                     | 6        pdf        g1 a  -5.39775e-01
rchi2   = 55.234597                                                                                                       | 7        pdf        g1 b   2.95643e+00
nchi2   = 2.064360                                                                                                        | 8        pdf        s1 N   7.86971e-03
chi2tot = 3017.547855                                                                                                     | 9        pdf        s1 a  -1.75882e-01
dchi2(iter)  = 239.231747                                                                                                 | 10        pdf        s1 b   3.07066e+00
dchi2(local) = -239.231747                                                                                                | 11        pdf      sea1 N   1.80982e-02
pdf dv(1):1.000000                                                                                                        | 12        pdf      sea1 a  -1.46018e+00
pdf db-ub(2):-0.048555                                                                                                    | 13        pdf      sea1 b   1.01297e+00
pdf msr:1.000000                                                                                                          | 14        pdf       ub1 N   8.39753e-02
pdf db-ub(1):0.096296                                                                                                     | 15        pdf       ub1 a   8.84084e-01
pdf uv(1):2.000000                                                                                                        | 16        pdf       ub1 b   3.79477e+00
pdf s-sb(1):0.000000                                                                                                      | 17        pdf       uv1 a  -4.99466e-01
pdf s-sb(2):0.000000                                                                                                      | 18        pdf       uv1 b   4.47637e+00
                                                                                                                          | 19       norm       idis      10016  9.86838e-01
reaction: unpol DIS                                                                                                       | 20       norm       idis      10017  1.00976e+00
filters: Q2>1.690000                                                                                                      | 21       norm       idis      10010  1.02092e+00
filters: W2>10.000000                                                                                                     | 22       norm       idis      10011  1.01420e+00
    idx tar        col  npts       chi2  chi2-npts      rchi2      nchi2                                                  | 23       norm       idis      10020  9.94515e-01
  10016   p      BCDMS   348     701.50     353.50      21.70       0.19                                                  | 
  10017   d      BCDMS   254     512.23     258.23      11.67       0.11                                                  | 
  10020   p        NMC   273     659.28     386.28      20.28       0.08                                                  | 
  10021 d/p        NMC   174     319.71     145.71       1.59       0.00                                                  | 
  10010   p       SLAC   218     412.37     194.37       0.00       0.99                                                  | 
  10011   d       SLAC   228     355.15     127.15       0.00       0.70                                                  | 
['pdf']
JAM FITTER                                                                                                                | 1        pdf       db1 N   3.52461e-02
count = 400                                                                                                               | 2        pdf       db1 a  -4.35772e-01
elapsed time(mins)=3.779840                                                                                               | 3        pdf       db1 b   4.46589e+00
shifts  = 3                                                                                                               | 4        pdf       dv1 a  -4.88307e-01
npts    = 1495                                                                                                            | 5        pdf       dv1 b   4.48555e+00
chi2    = 2959.728081                                                                                                     | 6        pdf        g1 a  -5.58055e-01
rchi2   = 52.583505                                                                                                       | 7        pdf        g1 b   2.87933e+00
nchi2   = 1.725274                                                                                                        | 8        pdf        s1 N   1.30954e-02
chi2tot = 3014.036860                                                                                                     | 9        pdf        s1 a  -2.11790e-01
dchi2(iter)  = 3.510995                                                                                                   | 10        pdf        s1 b   4.01255e+00
dchi2(local) = -3.510995                                                                                                  | 11        pdf      sea1 N   1.83857e-02
pdf dv(1):1.000000                                                                                                        | 12        pdf      sea1 a  -1.45047e+00
pdf db-ub(2):-0.043775                                                                                                    | 13        pdf      sea1 b   1.05080e+00
pdf msr:1.000000                                                                                                          | 14        pdf       ub1 N   7.90209e-02
pdf db-ub(1):0.099279                                                                                                     | 15        pdf       ub1 a   9.09373e-01
pdf uv(1):2.000000                                                                                                        | 16        pdf       ub1 b   3.79365e+00
pdf s-sb(1):0.000000                                                                                                      | 17        pdf       uv1 a  -4.99992e-01
pdf s-sb(2):0.000000                                                                                                      | 18        pdf       uv1 b   4.27127e+00
                                                                                                                          | 19       norm       idis      10016  9.83437e-01
reaction: unpol DIS                                                                                                       | 20       norm       idis      10017  1.00634e+00
filters: Q2>1.690000                                                                                                      | 21       norm       idis      10010  1.01796e+00
filters: W2>10.000000                                                                                                     | 22       norm       idis      10011  1.01131e+00
    idx tar        col  npts       chi2  chi2-npts      rchi2      nchi2                                                  | 23       norm       idis      10020  9.91016e-01
  10016   p      BCDMS   348     699.58     351.58      20.12       0.30                                                  | 
  10017   d      BCDMS   254     511.72     257.72      10.28       0.04                                                  | 
  10020   p        NMC   273     659.26     386.26      20.70       0.20                                                  | 
  10021 d/p        NMC   174     318.50     144.50       1.48       0.00                                                  | 
  10010   p       SLAC   218     414.21     196.21       0.00       0.73                                                  | 
  10011   d       SLAC   228     356.46     128.46       0.00       0.44                                                  | 
['pdf']
JAM FITTER                                                                                                                | 1        pdf       db1 N   3.26512e-02
count = 500                                                                                                               | 2        pdf       db1 a  -4.48951e-01
elapsed time(mins)=4.718078                                                                                               | 3        pdf       db1 b   4.60141e+00
shifts  = 2                                                                                                               | 4        pdf       dv1 a  -4.91965e-01
npts    = 1495                                                                                                            | 5        pdf       dv1 b   4.47887e+00
chi2    = 2956.015716                                                                                                     | 6        pdf        g1 a  -5.16068e-01
rchi2   = 53.911240                                                                                                       | 7        pdf        g1 b   3.04154e+00
nchi2   = 1.633019                                                                                                        | 8        pdf        s1 N   2.39272e-02
chi2tot = 3011.559975                                                                                                     | 9        pdf        s1 a   2.73475e-01
dchi2(iter)  = 3.510995                                                                                                   | 10        pdf        s1 b   4.74264e+00
dchi2(local) = -2.476885                                                                                                  | 11        pdf      sea1 N   1.87904e-02
pdf dv(1):1.000000                                                                                                        | 12        pdf      sea1 a  -1.43822e+00
pdf db-ub(2):-0.042307                                                                                                    | 13        pdf      sea1 b   1.08193e+00
pdf msr:1.000000                                                                                                          | 14        pdf       ub1 N   7.49585e-02
pdf db-ub(1):0.105371                                                                                                     | 15        pdf       ub1 a   9.51082e-01
pdf uv(1):2.000000                                                                                                        | 16        pdf       ub1 b   3.79506e+00
pdf s-sb(1):0.000000                                                                                                      | 17        pdf       uv1 a  -4.99999e-01
pdf s-sb(2):0.000000                                                                                                      | 18        pdf       uv1 b   4.20962e+00
                                                                                                                          | 19       norm       idis      10016  9.79747e-01
reaction: unpol DIS                                                                                                       | 20       norm       idis      10017  1.00267e+00
filters: Q2>1.690000                                                                                                      | 21       norm       idis      10010  1.01560e+00
filters: W2>10.000000                                                                                                     | 22       norm       idis      10011  1.00919e+00
    idx tar        col  npts       chi2  chi2-npts      rchi2      nchi2                                                  | 23       norm       idis      10020  9.88592e-01
  10016   p      BCDMS   348     699.07     351.07      21.03       0.46                                                  | 
  10017   d      BCDMS   254     510.20     256.20      10.80       0.01                                                  | 
  10020   p        NMC   273     659.93     386.93      20.76       0.33                                                  | 
  10021 d/p        NMC   174     317.59     143.59       1.33       0.00                                                  | 
  10010   p       SLAC   218     413.21     195.21       0.00       0.55                                                  | 
  10011   d       SLAC   228     356.01     128.01       0.00       0.29                                                  | 
['pdf']
JAM FITTER                                                                                                                | 1        pdf       db1 N   3.20435e-02
count = 600                                                                                                               | 2        pdf       db1 a  -4.67639e-01
elapsed time(mins)=5.654109                                                                                               | 3        pdf       db1 b   4.68441e+00
shifts  = 2                                                                                                               | 4        pdf       dv1 a  -4.87023e-01
npts    = 1495                                                                                                            | 5        pdf       dv1 b   4.71854e+00
chi2    = 2948.424007                                                                                                     | 6        pdf        g1 a  -4.84492e-01
rchi2   = 54.719395                                                                                                       | 7        pdf        g1 b   3.07624e+00
nchi2   = 1.549069                                                                                                        | 8        pdf        s1 N   3.36576e-02
chi2tot = 3004.692471                                                                                                     | 9        pdf        s1 a   9.95721e-01
dchi2(iter)  = 3.510995                                                                                                   | 10        pdf        s1 b   5.47295e+00
dchi2(local) = -9.344389                                                                                                  | 11        pdf      sea1 N   1.82374e-02
pdf dv(1):1.000000                                                                                                        | 12        pdf      sea1 a  -1.43844e+00
pdf db-ub(2):-0.044177                                                                                                    | 13        pdf      sea1 b   1.11106e+00
pdf msr:1.000000                                                                                                          | 14        pdf       ub1 N   7.62209e-02
pdf db-ub(1):0.110587                                                                                                     | 15        pdf       ub1 a   9.12497e-01
pdf uv(1):2.000000                                                                                                        | 16        pdf       ub1 b   3.70184e+00
pdf s-sb(1):0.000000                                                                                                      | 17        pdf       uv1 a  -4.99907e-01
pdf s-sb(2):0.000000                                                                                                      | 18        pdf       uv1 b   4.43346e+00
                                                                                                                          | 19       norm       idis      10016  9.74609e-01
reaction: unpol DIS                                                                                                       | 20       norm       idis      10017  9.98112e-01
filters: Q2>1.690000                                                                                                      | 21       norm       idis      10010  1.01105e+00
filters: W2>10.000000                                                                                                     | 22       norm       idis      10011  1.00466e+00
    idx tar        col  npts       chi2  chi2-npts      rchi2      nchi2                                                  | 23       norm       idis      10020  9.86193e-01
  10016   p      BCDMS   348     696.90     348.90      22.56       0.72                                                  | 
  10017   d      BCDMS   254     505.99     251.99      10.13       0.00                                                  | 
  10020   p        NMC   273     661.27     388.27      20.86       0.48                                                  | 
  10021 d/p        NMC   174     314.83     140.83       1.17       0.00                                                  | 
  10010   p       SLAC   218     410.69     192.69       0.00       0.28                                                  | 
  10011   d       SLAC   228     358.74     130.74       0.00       0.08                                                  | 
['pdf']
JAM FITTER                                                                                                                | 1        pdf       db1 N   3.13629e-02
count = 700                                                                                                               | 2        pdf       db1 a  -4.86926e-01
elapsed time(mins)=6.594377                                                                                               | 3        pdf       db1 b   4.79260e+00
shifts  = 2                                                                                                               | 4        pdf       dv1 a  -4.86824e-01
npts    = 1495                                                                                                            | 5        pdf       dv1 b   4.80401e+00
chi2    = 2946.097999                                                                                                     | 6        pdf        g1 a  -4.56809e-01
rchi2   = 55.852367                                                                                                       | 7        pdf        g1 b   3.24988e+00
nchi2   = 1.750484                                                                                                        | 8        pdf        s1 N   4.49070e-02
chi2tot = 3003.700851                                                                                                     | 9        pdf        s1 a   9.98226e-01
dchi2(iter)  = 3.510995                                                                                                   | 10        pdf        s1 b   5.47794e+00
dchi2(local) = -10.336009                                                                                                 | 11        pdf      sea1 N   1.74339e-02
pdf dv(1):1.000000                                                                                                        | 12        pdf      sea1 a  -1.45479e+00
pdf db-ub(2):-0.046705                                                                                                    | 13        pdf      sea1 b   1.06645e+00
pdf msr:1.000000                                                                                                          | 14        pdf       ub1 N   7.80681e-02
pdf db-ub(1):0.116075                                                                                                     | 15        pdf       ub1 a   9.14260e-01
pdf uv(1):2.000000                                                                                                        | 16        pdf       ub1 b   3.69092e+00
pdf s-sb(1):0.000000                                                                                                      | 17        pdf       uv1 a  -4.99956e-01
pdf s-sb(2):0.000000                                                                                                      | 18        pdf       uv1 b   4.66304e+00
                                                                                                                          | 19       norm       idis      10016  9.71628e-01
reaction: unpol DIS                                                                                                       | 20       norm       idis      10017  9.95269e-01
filters: Q2>1.690000                                                                                                      | 21       norm       idis      10010  1.01012e+00
filters: W2>10.000000                                                                                                     | 22       norm       idis      10011  1.00391e+00
    idx tar        col  npts       chi2  chi2-npts      rchi2      nchi2                                                  | 23       norm       idis      10020  9.85218e-01
  10016   p      BCDMS   348     696.48     348.48      23.82       0.89                                                  | 
  10017   d      BCDMS   254     504.31     250.31       9.88       0.02                                                  | 
  10020   p        NMC   273     662.01     389.01      21.13       0.55                                                  | 
  10021 d/p        NMC   174     313.58     139.58       1.02       0.00                                                  | 
  10010   p       SLAC   218     409.73     191.73       0.00       0.23                                                  | 
  10011   d       SLAC   228     360.00     132.00       0.00       0.05                                                  | 
['pdf']
JAM FITTER                                                                                                                | 1        pdf       db1 N   3.15311e-02
count = 800                                                                                                               | 2        pdf       db1 a  -4.90370e-01
elapsed time(mins)=7.542525                                                                                               | 3        pdf       db1 b   4.80999e+00
shifts  = 1                                                                                                               | 4        pdf       dv1 a  -4.88270e-01
npts    = 1495                                                                                                            | 5        pdf       dv1 b   4.80301e+00
chi2    = 2946.341392                                                                                                     | 6        pdf        g1 a  -4.58545e-01
rchi2   = 55.526391                                                                                                       | 7        pdf        g1 b   3.26210e+00
nchi2   = 1.772916                                                                                                        | 8        pdf        s1 N   4.61881e-02
chi2tot = 3003.640699                                                                                                     | 9        pdf        s1 a   9.99998e-01
dchi2(iter)  = 3.510995                                                                                                   | 10        pdf        s1 b   5.47879e+00
dchi2(local) = -10.396161                                                                                                 | 11        pdf      sea1 N   1.72040e-02
pdf dv(1):1.000000                                                                                                        | 12        pdf      sea1 a  -1.46115e+00
pdf db-ub(2):-0.047684                                                                                                    | 13        pdf      sea1 b   1.04259e+00
pdf msr:1.000000                                                                                                          | 14        pdf       ub1 N   7.92149e-02
pdf db-ub(1):0.117161                                                                                                     | 15        pdf       ub1 a   9.11876e-01
pdf uv(1):2.000000                                                                                                        | 16        pdf       ub1 b   3.69727e+00
pdf s-sb(1):0.000000                                                                                                      | 17        pdf       uv1 a  -5.00000e-01
pdf s-sb(2):0.000000                                                                                                      | 18        pdf       uv1 b   4.74697e+00
                                                                                                                          | 19       norm       idis      10016  9.71396e-01
reaction: unpol DIS                                                                                                       | 20       norm       idis      10017  9.95047e-01
filters: Q2>1.690000                                                                                                      | 21       norm       idis      10010  1.01022e+00
filters: W2>10.000000                                                                                                     | 22       norm       idis      10011  1.00403e+00
    idx tar        col  npts       chi2  chi2-npts      rchi2      nchi2                                                  | 23       norm       idis      10020  9.85252e-01
  10016   p      BCDMS   348     696.81     348.81      23.70       0.91                                                  | 
  10017   d      BCDMS   254     503.79     249.79       9.77       0.03                                                  | 
  10020   p        NMC   273     662.14     389.14      21.07       0.54                                                  | 
  10021 d/p        NMC   174     313.53     139.53       1.00       0.00                                                  | 
  10010   p       SLAC   218     409.80     191.80       0.00       0.24                                                  | 
  10011   d       SLAC   228     360.27     132.27       0.00       0.06                                                  | 
['pdf']
JAM FITTER                                                                                                                | 1        pdf       db1 N   3.16214e-02
count = 895                                                                                                               | 2        pdf       db1 a  -4.89396e-01
elapsed time(mins)=8.447519                                                                                               | 3        pdf       db1 b   4.80424e+00
shifts  = 1                                                                                                               | 4        pdf       dv1 a  -4.89100e-01
npts    = 1495                                                                                                            | 5        pdf       dv1 b   4.80739e+00
chi2    = 2946.340465                                                                                                     | 6        pdf        g1 a  -4.58596e-01
rchi2   = 55.527010                                                                                                       | 7        pdf        g1 b   3.26210e+00
nchi2   = 1.773124                                                                                                        | 8        pdf        s1 N   4.61976e-02
chi2tot = 3003.640599                                                                                                     | 9        pdf        s1 a   1.00000e+00
dchi2(iter)  = 3.510995                                                                                                   | 10        pdf        s1 b   5.47874e+00
dchi2(local) = -10.396261                                                                                                 | 11        pdf      sea1 N   1.72015e-02
pdf dv(1):1.000000                                                                                                        | 12        pdf      sea1 a  -1.46122e+00
pdf db-ub(2):-0.047606                                                                                                    | 13        pdf      sea1 b   1.04233e+00
pdf msr:1.000000                                                                                                          | 14        pdf       ub1 N   7.92276e-02
pdf db-ub(1):0.117186                                                                                                     | 15        pdf       ub1 a   9.11842e-01
pdf uv(1):2.000000                                                                                                        | 16        pdf       ub1 b   3.69734e+00
pdf s-sb(1):0.000000                                                                                                      | 17        pdf       uv1 a  -5.00000e-01
pdf s-sb(2):0.000000                                                                                                      | 18        pdf       uv1 b   4.74785e+00
                                                                                                                          | 19       norm       idis      10016  9.71393e-01
reaction: unpol DIS                                                                                                       | 20       norm       idis      10017  9.95045e-01
filters: Q2>1.690000                                                                                                      | 21       norm       idis      10010  1.01022e+00
filters: W2>10.000000                                                                                                     | 22       norm       idis      10011  1.00403e+00
    idx tar        col  npts       chi2  chi2-npts      rchi2      nchi2                                                  | 23       norm       idis      10020  9.85252e-01
  10016   p      BCDMS   348     696.82     348.82      23.70       0.91                                                  | 
  10017   d      BCDMS   254     503.79     249.79       9.77       0.03                                                  | 
  10020   p        NMC   273     662.14     389.14      21.07       0.54                                                  | 
  10021 d/p        NMC   174     313.53     139.53       1.00       0.00                                                  | 
  10010   p       SLAC   218     409.80     191.80       0.00       0.24                                                  | 
  10011   d       SLAC   228     360.27     132.27       0.00       0.06                                                  | 
