('active', 'pdf')

--step 1: npQCD objects = pdf , datasets = idis , tmc = False , ht = False
loading idis data sets 10016
loading idis data sets 10017
loading idis data sets 10020
loading idis data sets 10021
loading idis data sets 10010
loading idis data sets 10011
Loading DIS tables...
10016 has norm uncertainty
10017 has norm uncertainty
10020 has norm uncertainty
10010 has norm uncertainty
10011 has norm uncertainty
[H[J[H[J['pdf']
JAM FITTER                                                                                                                | 1        pdf       db1 N   5.61430e-02
count = 100                                                                                                               | 2        pdf       db1 a  -2.61259e-01
elapsed time(mins)=0.425803                                                                                               | 3        pdf       db1 b   7.61383e-01
shifts  = 3                                                                                                               | 4        pdf       dv1 a  -2.24360e-01
npts    = 1495                                                                                                            | 5        pdf       dv1 b   9.84242e+00
chi2    = 118856.943196                                                                                                   | 6        pdf        g1 a  -5.25463e-01
rchi2   = 19669.804495                                                                                                    | 7        pdf        g1 b   3.08890e+00
nchi2   = 212.348536                                                                                                      | 8        pdf        s1 N   2.81458e-01
chi2tot = 138739.096228                                                                                                   | 9        pdf        s1 a   8.92596e-01
dchi2(iter)  = inf                                                                                                        | 10        pdf        s1 b   5.30644e+00
dchi2(local) = -inf                                                                                                       | 11        pdf      sea1 N   1.60711e-01
pdf dv(1):1.000000                                                                                                        | 12        pdf      sea1 a  -1.74370e+00
pdf db-ub(2):-0.026610                                                                                                    | 13        pdf      sea1 b   9.80037e+00
pdf msr:1.000000                                                                                                          | 14        pdf       ub1 N   8.27532e-02
pdf db-ub(1):-1.125024                                                                                                    | 15        pdf       ub1 a  -9.02105e-01
pdf uv(1):2.000000                                                                                                        | 16        pdf       ub1 b   4.57748e-01
pdf s-sb(1):-0.000000                                                                                                     | 17        pdf       uv1 a  -2.53664e-01
pdf s-sb(2):-0.000000                                                                                                     | 18        pdf       uv1 b   7.55029e+00
                                                                                                                          | 19       norm       idis      10016  9.23984e-01
reaction: unpol DIS                                                                                                       | 20       norm       idis      10017  1.01001e+00
filters: Q2>1.690000                                                                                                      | 21       norm       idis      10010  1.17122e+00
filters: W2>10.000000                                                                                                     | 22       norm       idis      10011  1.11505e+00
    idx tar        col  npts       chi2  chi2-npts      rchi2      nchi2                                                  | 23       norm       idis      10020  1.19344e+00
  10016   p      BCDMS   348   11299.48   10951.48    1704.57       6.42                                                  | 
  10017   d      BCDMS   254    6389.59    6135.59    1645.07       0.11                                                  | 
  10020   p        NMC   273   57860.81   57587.81   15791.41      93.54                                                  | 
  10021 d/p        NMC   174    2619.37    2445.37     528.76       0.00                                                  | 
  10010   p       SLAC   218   12890.35   12672.35       0.00      66.48                                                  | 
  10011   d       SLAC   228   27797.35   27569.35       0.00      45.80                                                  | 
['pdf']
JAM FITTER                                                                                                                | 1        pdf       db1 N   2.71641e-02
count = 200                                                                                                               | 2        pdf       db1 a  -2.81734e-01
elapsed time(mins)=0.842138                                                                                               | 3        pdf       db1 b   4.95964e+00
shifts  = 2                                                                                                               | 4        pdf       dv1 a  -1.10389e-01
npts    = 1495                                                                                                            | 5        pdf       dv1 b   9.76331e+00
chi2    = 7691.892095                                                                                                     | 6        pdf        g1 a   9.99682e-01
rchi2   = 887.454710                                                                                                      | 7        pdf        g1 b   6.31643e-01
nchi2   = 204.774392                                                                                                      | 8        pdf        s1 N   1.45285e-01
chi2tot = 8784.121197                                                                                                     | 9        pdf        s1 a   9.63068e-01
dchi2(iter)  = inf                                                                                                        | 10        pdf        s1 b   4.21931e+00
dchi2(local) = -129954.975031                                                                                             | 11        pdf      sea1 N   4.14806e-02
pdf dv(1):1.000000                                                                                                        | 12        pdf      sea1 a  -1.82130e+00
pdf db-ub(2):-0.030881                                                                                                    | 13        pdf      sea1 b   2.06754e-01
pdf msr:1.000000                                                                                                          | 14        pdf       ub1 N   5.80450e-02
pdf db-ub(1):0.024597                                                                                                     | 15        pdf       ub1 a   3.99784e-01
pdf uv(1):2.000000                                                                                                        | 16        pdf       ub1 b   3.09747e+00
pdf s-sb(1):0.000000                                                                                                      | 17        pdf       uv1 a  -3.62015e-01
pdf s-sb(2):0.000000                                                                                                      | 18        pdf       uv1 b   4.46303e+00
                                                                                                                          | 19       norm       idis      10016  1.05955e+00
reaction: unpol DIS                                                                                                       | 20       norm       idis      10017  1.08578e+00
filters: Q2>1.690000                                                                                                      | 21       norm       idis      10010  1.19268e+00
filters: W2>10.000000                                                                                                     | 22       norm       idis      10[H[J[H[J011  1.17316e+00
    idx tar        col  npts       chi2  chi2-npts      rchi2      nchi2                                                  | 23       norm       idis      10020  9.56551e-01
  10016   p      BCDMS   348     880.11     532.11     100.91       3.94                                                  | 
  10017   d      BCDMS   254     721.08     467.08     101.20       8.18                                                  | 
  10020   p        NMC   273    4517.60    4244.60     669.85       4.72                                                  | 
  10021 d/p        NMC   174     443.58     269.58      15.50       0.00                                                  | 
  10010   p       SLAC   218     618.18     400.18       0.00      84.18                                                  | 
  10011   d       SLAC   228     511.34     283.34       0.00     103.76                                                  | 
['pdf']
JAM FITTER                                                                                                                | 1        pdf       db1 N   3.70803e-02
count = 300                                                                                                               | 2        pdf       db1 a  -3.19796e-01
elapsed time(mins)=1.264657                                                                                               | 3        pdf       db1 b   4.82019e+00
shifts  = 2                                                                                                               | 4        pdf       dv1 a  -2.93897e-01
npts    = 1495                                                                                                            | 5        pdf       dv1 b   9.11891e+00
chi2    = 3728.818405                                                                                                     | 6        pdf        g1 a  -7.14726e-01
rchi2   = 141.766482                                                                                                      | 7        pdf        g1 b   4.92210e+00
nchi2   = 82.102993                                                                                                       | 8        pdf        s1 N   1.16597e-01
chi2tot = 3952.687880                                                                                                     | 9        pdf        s1 a   9.82514e-01
dchi2(iter)  = inf                                                                                                        | 10        pdf        s1 b   4.83161e+00
dchi2(local) = -134786.408347                                                                                             | 11        pdf      sea1 N   1.34513e-02
pdf dv(1):1.000000                                                                                                        | 12        pdf      sea1 a  -1.49692e+00
pdf db-ub(2):-0.051675                                                                                                    | 13        pdf      sea1 b   1.04532e+00
pdf msr:1.000000                                                                                                          | 14        pdf       ub1 N   8.87551e-02
pdf db-ub(1):0.008522                                                                                                     | 15        pdf       ub1 a   4.87342e-01
pdf uv(1):2.000000                                                                                                        | 16        pdf       ub1 b   3.30813e+00
pdf s-sb(1):0.000000                                                                                                      | 17        pdf       uv1 a  -4.84796e-01
pdf s-sb(2):0.000000                                                                                                      | 18        pdf       uv1 b   5.31209e+00
                                                                                                                          | 19       norm       idis      10016  1.03580e+00
reaction: unpol DIS                                                                                                       | 20       norm       idis      10017  1.05805e+00
filters: Q2>1.690000                                                                                                      | 21       norm       idis      10010  1.11458e+00
filters: W2>10.000000                                                                                                     | 22       norm       idis      10011  1.11093e+00
    idx tar        col  npts       chi2  chi2-npts      rchi2      nchi2                                                  | 23       norm       idis      10020  1.04282e+00
  10016   p      BCDMS   348     763.64     415.64      14.52       1.42                                                  | 
  10017   d      BCDMS   254     596.97     342.97      22.34       3.74                                                  | 
  10020   p        NMC   273     921.33     648.33      91.03       4.58                                                  | 
  10021 d/p        NMC   174     344.43     170.43      13.87       0.00                                                  | 
  10010   p       SLAC   218     544.03     326.03       0.00      29.77                                                  | 
  10011   d       SLAC   228     558.42     330.42       0.00      42.58                                                  | 
['pdf']
JAM FITTER                                                                                                                | 1        pdf       db1 N   3.94001e-02
count = 400                                                                                                               | 2        pdf       db1 a  -2.76453e-01
elapsed time(mins)=1.681360                                                                                               | 3        pdf       db1 b   4.84997e+00
shifts  = 2                                                                                                               | 4        pdf       dv1 a  -4.99996e-01
npts    = 1495                                                                                                            | 5        pdf       dv1 b   7.55878e+00
chi2    = 3140.383928                                                                                                     | 6        pdf        g1 a  -5.47321e-01
rchi2   = 72.355412                                                                                                       | 7        pdf        g1 b   4.83019e+00
nchi2   = 3.479192                                                                                                        | 8        pdf        s1 N   8.62721e-02
chi2tot = 3216.218532                                                                                                     | 9        pdf        s1 a   9.96005e-01
dchi2(iter)  = inf                                                                                                        | 10        pdf        s1 b   5.25931e+00
dchi2(local) = -135522.877696                                                                                             | 11        pdf      sea1 N   1.67164e-02
pdf dv(1):1.000000                                                                                                        | 12        pdf      sea1 a  -1.43961e+00
pdf db-ub(2):-0.038159                                                                                                    | 13        pdf      sea1 b   1.22290e+00
pdf msr:1.000000                                                                                                          | 14        pdf       ub1 N   7.75591e-02
pdf db-ub(1):0.084454                                                                                                     | 15        pdf       ub1 a   7.67419e-01
pdf uv(1):2.000000                                                                                                        | 16        pdf       ub1 b   3.46512e+00
pdf s-sb(1):0.000000                                           [H[J[H[J                                                           | 17        pdf       uv1 a  -4.98392e-01
pdf s-sb(2):0.000000                                                                                                      | 18        pdf       uv1 b   4.98446e+00
                                                                                                                          | 19       norm       idis      10016  9.68212e-01
reaction: unpol DIS                                                                                                       | 20       norm       idis      10017  9.91891e-01
filters: Q2>1.690000                                                                                                      | 21       norm       idis      10010  1.02136e+00
filters: W2>10.000000                                                                                                     | 22       norm       idis      10011  1.01872e+00
    idx tar        col  npts       chi2  chi2-npts      rchi2      nchi2                                                  | 23       norm       idis      10020  1.00380e+00
  10016   p      BCDMS   348     756.61     408.61      28.78       1.12                                                  | 
  10017   d      BCDMS   254     558.16     304.16      20.18       0.07                                                  | 
  10020   p        NMC   273     701.74     428.74      18.16       0.04                                                  | 
  10021 d/p        NMC   174     317.50     143.50       5.23       0.00                                                  | 
  10010   p       SLAC   218     420.43     202.43       0.00       1.03                                                  | 
  10011   d       SLAC   228     385.95     157.95       0.00       1.21                                                  | 
['pdf']
JAM FITTER                                                                                                                | 1        pdf       db1 N   3.81300e-02
count = 500                                                                                                               | 2        pdf       db1 a  -3.66982e-01
elapsed time(mins)=2.100589                                                                                               | 3        pdf       db1 b   4.15415e+00
shifts  = 2                                                                                                               | 4        pdf       dv1 a  -4.98725e-01
npts    = 1495                                                                                                            | 5        pdf       dv1 b   7.00931e+00
chi2    = 3129.247195                                                                                                     | 6        pdf        g1 a  -6.73827e-01
rchi2   = 63.884761                                                                                                       | 7        pdf        g1 b   3.62927e+00
nchi2   = 2.240502                                                                                                        | 8        pdf        s1 N   6.84346e-02
chi2tot = 3195.372457                                                                                                     | 9        pdf        s1 a   9.99918e-01
dchi2(iter)  = inf                                                                                                        | 10        pdf        s1 b   6.02429e+00
dchi2(local) = -135543.723771                                                                                             | 11        pdf      sea1 N   1.79444e-02
pdf dv(1):1.000000                                                                                                        | 12        pdf      sea1 a  -1.41498e+00
pdf db-ub(2):-0.035602                                                                                                    | 13        pdf      sea1 b   1.23733e+00
pdf msr:1.000000                                                                                                          | 14        pdf       ub1 N   7.37320e-02
pdf db-ub(1):0.101730                                                                                                     | 15        pdf       ub1 a   9.96715e-01
pdf uv(1):2.000000                                                                                                        | 16        pdf       ub1 b   3.68847e+00
pdf s-sb(1):0.000000                                                                                                      | 17        pdf       uv1 a  -4.99736e-01
pdf s-sb(2):0.000000                                                                                                      | 18        pdf       uv1 b   4.74662e+00
                                                                                                                          | 19       norm       idis      10016  9.60641e-01
reaction: unpol DIS                                                                                                       | 20       norm       idis      10017  9.83530e-01
filters: Q2>1.690000                                                                                                      | 21       norm       idis      10010  1.00627e+00
filters: W2>10.000000                                                                                                     | 22       norm       idis      10011  1.00307e+00
    idx tar        col  npts       chi2  chi2-npts      rchi2      nchi2                                                  | 23       norm       idis      10020  9.93800e-01
  10016   p      BCDMS   348     745.87     397.87      25.51       1.72                                                  | 
  10017   d      BCDMS   254     556.80     302.80      19.18       0.30                                                  | 
  10020   p        NMC   273     697.50     424.50      14.79       0.10                                                  | 
  10021 d/p        NMC   174     317.21     143.21       4.40       0.00                                                  | 
  10010   p       SLAC   218     422.44     204.44       0.00       0.09                                                  | 
  10011   d       SLAC   228     389.42     161.42       0.00       0.03                                                  | 
['pdf']
JAM FITTER                                                                                                                | 1        pdf       db1 N   3.74582e-02
count = 600                                                                                                               | 2        pdf       db1 a  -3.69037e-01
elapsed time(mins)=2.522763                                                                                               | 3        pdf       db1 b   4.17462e+00
shifts  = 2                                                                                                               | 4        pdf       dv1 a  -4.99642e-01
npts    = 1495                                                                                                            | 5        pdf       dv1 b   6.85795e+00
chi2    = 3132.546427                                                                                                     | 6        pdf        g1 a  -6.80232e-01
rchi2   = 58.648900                                                                                                       | 7        pdf        g1 b   3.56648e+00
nchi2   = 2.217213                                                                                                        | 8        pdf        s1 N   6.66807e-02
chi2tot = 3193.412540                                                                                                     | 9        pdf        s1 a   9.99999e-01
dchi2(iter)  = inf                                                                                                        | 10        pdf        s1 b   6.00124e+00
dchi2(local) = -135545.683688                                                                              [H[J[H[J               | 11        pdf      sea1 N   1.82776e-02
pdf dv(1):1.000000                                                                                                        | 12        pdf      sea1 a  -1.40747e+00
pdf db-ub(2):-0.034753                                                                                                    | 13        pdf      sea1 b   1.25159e+00
pdf msr:1.000000                                                                                                          | 14        pdf       ub1 N   7.22116e-02
pdf db-ub(1):0.103117                                                                                                     | 15        pdf       ub1 a   9.98708e-01
pdf uv(1):2.000000                                                                                                        | 16        pdf       ub1 b   3.68678e+00
pdf s-sb(1):0.000000                                                                                                      | 17        pdf       uv1 a  -4.99949e-01
pdf s-sb(2):0.000000                                                                                                      | 18        pdf       uv1 b   4.65545e+00
                                                                                                                          | 19       norm       idis      10016  9.60730e-01
reaction: unpol DIS                                                                                                       | 20       norm       idis      10017  9.83610e-01
filters: Q2>1.690000                                                                                                      | 21       norm       idis      10010  1.00595e+00
filters: W2>10.000000                                                                                                     | 22       norm       idis      10011  1.00273e+00
    idx tar        col  npts       chi2  chi2-npts      rchi2      nchi2                                                  | 23       norm       idis      10020  9.93705e-01
  10016   p      BCDMS   348     746.06     398.06      22.48       1.71                                                  | 
  10017   d      BCDMS   254     557.29     303.29      17.28       0.30                                                  | 
  10020   p        NMC   273     697.12     424.12      14.53       0.10                                                  | 
  10021 d/p        NMC   174     317.34     143.34       4.35       0.00                                                  | 
  10010   p       SLAC   218     423.93     205.93       0.00       0.08                                                  | 
  10011   d       SLAC   228     390.81     162.81       0.00       0.03                                                  | 
['pdf']
JAM FITTER                                                                                                                | 1        pdf       db1 N   3.44242e-02
count = 700                                                                                                               | 2        pdf       db1 a  -3.94459e-01
elapsed time(mins)=2.930835                                                                                               | 3        pdf       db1 b   4.25773e+00
shifts  = 3                                                                                                               | 4        pdf       dv1 a  -4.99886e-01
npts    = 1495                                                                                                            | 5        pdf       dv1 b   6.18054e+00
chi2    = 3131.465531                                                                                                     | 6        pdf        g1 a  -6.93829e-01
rchi2   = 58.672273                                                                                                       | 7        pdf        g1 b   3.41377e+00
nchi2   = 2.104689                                                                                                        | 8        pdf        s1 N   6.05443e-02
chi2tot = 3192.242493                                                                                                     | 9        pdf        s1 a   1.00000e+00
dchi2(iter)  = 135546.853735                                                                                              | 10        pdf        s1 b   5.85734e+00
dchi2(local) = -135546.853735                                                                                             | 11        pdf      sea1 N   1.94793e-02
pdf dv(1):1.000000                                                                                                        | 12        pdf      sea1 a  -1.38423e+00
pdf db-ub(2):-0.033217                                                                                                    | 13        pdf      sea1 b   1.30018e+00
pdf msr:1.000000                                                                                                          | 14        pdf       ub1 N   6.76407e-02
pdf db-ub(1):0.107690                                                                                                     | 15        pdf       ub1 a   9.99274e-01
pdf uv(1):2.000000                                                                                                        | 16        pdf       ub1 b   3.66970e+00
pdf s-sb(1):0.000000                                                                                                      | 17        pdf       uv1 a  -4.99985e-01
pdf s-sb(2):0.000000                                                                                                      | 18        pdf       uv1 b   4.35207e+00
                                                                                                                          | 19       norm       idis      10016  9.61353e-01
reaction: unpol DIS                                                                                                       | 20       norm       idis      10017  9.84368e-01
filters: Q2>1.690000                                                                                                      | 21       norm       idis      10010  1.00534e+00
filters: W2>10.000000                                                                                                     | 22       norm       idis      10011  1.00206e+00
    idx tar        col  npts       chi2  chi2-npts      rchi2      nchi2                                                  | 23       norm       idis      10020  9.93860e-01
  10016   p      BCDMS   348     746.89     398.89      23.02       1.66                                                  | 
  10017   d      BCDMS   254     557.20     303.20      17.39       0.27                                                  | 
  10020   p        NMC   273     696.61     423.61      14.07       0.09                                                  | 
  10021 d/p        NMC   174     317.29     143.29       4.19       0.00                                                  | 
  10010   p       SLAC   218     422.71     204.71       0.00       0.06                                                  | 
  10011   d       SLAC   228     390.76     162.76       0.00       0.01                                                  | 
['pdf']
JAM FITTER                                                                                                                | 1        pdf       db1 N   3.20638e-02
count = 800                                                                                                               | 2        pdf       db1 a  -4.18779e-01
elapsed time(mins)=3.341435                                                                                               | 3        pdf       db1 b   4.41090e+00
shifts  = 3                                                                                                               | 4        pdf       dv1 a  -4.99933e-01
npts    = 1495                                                                                                            | 5        pdf       dv1[H[J b   5.54556e+00
chi2    = 3132.606057                                                                                                     | 6        pdf        g1 a  -7.10723e-01
rchi2   = 57.195648                                                                                                       | 7        pdf        g1 b   3.26810e+00
nchi2   = 1.868614                                                                                                        | 8        pdf        s1 N   5.21865e-02
chi2tot = 3191.670319                                                                                                     | 9        pdf        s1 a   1.00000e+00
dchi2(iter)  = 0.572174                                                                                                   | 10        pdf        s1 b   5.78116e+00
dchi2(local) = -0.572174                                                                                                  | 11        pdf      sea1 N   2.03552e-02
pdf dv(1):1.000000                                                                                                        | 12        pdf      sea1 a  -1.37007e+00
pdf db-ub(2):-0.033439                                                                                                    | 13        pdf      sea1 b   1.31976e+00
pdf msr:1.000000                                                                                                          | 14        pdf       ub1 N   6.55024e-02
pdf db-ub(1):0.110981                                                                                                     | 15        pdf       ub1 a   9.86397e-01
pdf uv(1):2.000000                                                                                                        | 16        pdf       ub1 b   3.67253e+00
pdf s-sb(1):0.000000                                                                                                      | 17        pdf       uv1 a  -4.99996e-01
pdf s-sb(2):-0.000000                                                                                                     | 18        pdf       uv1 b   4.16544e+00
                                                                                                                          | 19       norm       idis      10016  9.63260e-01
reaction: unpol DIS                                                                                                       | 20       norm       idis      10017  9.86437e-01
filters: Q2>1.690000                                                                                                      | 21       norm       idis      10010  1.00601e+00
filters: W2>10.000000                                                                                                     | 22       norm       idis      10011  1.00264e+00
    idx tar        col  npts       chi2  chi2-npts      rchi2      nchi2                                                  | 23       norm       idis      10020  9.95165e-01
  10016   p      BCDMS   348     747.82     399.82      22.66       1.50                                                  | 
  10017   d      BCDMS   254     557.25     303.25      16.91       0.20                                                  | 
  10020   p        NMC   273     696.04     423.04      13.58       0.06                                                  | 
  10021 d/p        NMC   174     317.50     143.50       4.04       0.00                                                  | 
  10010   p       SLAC   218     422.44     204.44       0.00       0.08                                                  | 
  10011   d       SLAC   228     391.55     163.55       0.00       0.02                                                  | 
['pdf']
JAM FITTER                                                                                                                | 1        pdf       db1 N   3.02205e-02
count = 900                                                                                                               | 2        pdf       db1 a  -4.22063e-01
elapsed time(mins)=3.741947                                                                                               | 3        pdf       db1 b   4.63248e+00
shifts  = 2                                                                                                               | 4        pdf       dv1 a  -4.99934e-01
npts    = 1495                                                                                                            | 5        pdf       dv1 b   5.16971e+00
chi2    = 3133.528145                                                                                                     | 6        pdf        g1 a  -7.18224e-01
rchi2   = 56.263726                                                                                                       | 7        pdf        g1 b   3.19783e+00
nchi2   = 1.746388                                                                                                        | 8        pdf        s1 N   4.74260e-02
chi2tot = 3191.538259                                                                                                     | 9        pdf        s1 a   1.00000e+00
dchi2(iter)  = 0.572174                                                                                                   | 10        pdf        s1 b   5.73829e+00
dchi2(local) = -0.132060                                                                                                  | 11        pdf      sea1 N   2.09872e-02
pdf dv(1):1.000000                                                                                                        | 12        pdf      sea1 a  -1.35975e+00
pdf db-ub(2):-0.033225                                                                                                    | 13        pdf      sea1 b   1.34126e+00
pdf msr:1.000000                                                                                                          | 14        pdf       ub1 N   6.34454e-02
pdf db-ub(1):0.111352                                                                                                     | 15        pdf       ub1 a   9.77928e-01
pdf uv(1):2.000000                                                                                                        | 16        pdf       ub1 b   3.67468e+00
pdf s-sb(1):0.000000                                                                                                      | 17        pdf       uv1 a  -5.00000e-01
pdf s-sb(2):0.000000                                                                                                      | 18        pdf       uv1 b   4.02270e+00
                                                                                                                          | 19       norm       idis      10016  9.64395e-01
reaction: unpol DIS                                                                                                       | 20       norm       idis      10017  9.87632e-01
filters: Q2>1.690000                                                                                                      | 21       norm       idis      10010  1.00643e+00
filters: W2>10.000000                                                                                                     | 22       norm       idis      10011  1.00301e+00
    idx tar        col  npts       chi2  chi2-npts      rchi2      nchi2                                                  | 23       norm       idis      10020  9.95874e-01
  10016   p      BCDMS   348     747.99     399.99      22.28       1.41                                                  | 
  10017   d      BCDMS   254     557.53     303.53      16.58       0.17                                                  | 
  10020   p        NMC   273     695.74     422.74      13.35       0.04                                                  | 
  10021 d/p        NMC   174     317.63     143.63       4.04       0.00                                                  | 
  10010   p       SLAC   218     422.63     204.63       0.00       0.09                                            [H[J[H[J      | 
  10011   d       SLAC   228     392.02     164.02       0.00       0.03                                                  | 
['pdf']
JAM FITTER                                                                                                                | 1        pdf       db1 N   2.89206e-02
count = 1000                                                                                                              | 2        pdf       db1 a  -4.32966e-01
elapsed time(mins)=4.141446                                                                                               | 3        pdf       db1 b   4.75756e+00
shifts  = 3                                                                                                               | 4        pdf       dv1 a  -4.94078e-01
npts    = 1495                                                                                                            | 5        pdf       dv1 b   5.01922e+00
chi2    = 3133.780132                                                                                                     | 6        pdf        g1 a  -7.19143e-01
rchi2   = 56.017855                                                                                                       | 7        pdf        g1 b   3.18676e+00
nchi2   = 1.727646                                                                                                        | 8        pdf        s1 N   4.66205e-02
chi2tot = 3191.525632                                                                                                     | 9        pdf        s1 a   1.00000e+00
dchi2(iter)  = 0.144687                                                                                                   | 10        pdf        s1 b   5.72923e+00
dchi2(local) = -0.144687                                                                                                  | 11        pdf      sea1 N   2.11253e-02
pdf dv(1):1.000000                                                                                                        | 12        pdf      sea1 a  -1.35750e+00
pdf db-ub(2):-0.034012                                                                                                    | 13        pdf      sea1 b   1.34610e+00
pdf msr:1.000000                                                                                                          | 14        pdf       ub1 N   6.29326e-02
pdf db-ub(1):0.110779                                                                                                     | 15        pdf       ub1 a   9.76589e-01
pdf uv(1):2.000000                                                                                                        | 16        pdf       ub1 b   3.67550e+00
pdf s-sb(1):0.000000                                                                                                      | 17        pdf       uv1 a  -5.00000e-01
pdf s-sb(2):0.000000                                                                                                      | 18        pdf       uv1 b   3.99197e+00
                                                                                                                          | 19       norm       idis      10016  9.64569e-01
reaction: unpol DIS                                                                                                       | 20       norm       idis      10017  9.87810e-01
filters: Q2>1.690000                                                                                                      | 21       norm       idis      10010  1.00648e+00
filters: W2>10.000000                                                                                                     | 22       norm       idis      10011  1.00304e+00
    idx tar        col  npts       chi2  chi2-npts      rchi2      nchi2                                                  | 23       norm       idis      10020  9.95988e-01
  10016   p      BCDMS   348     747.96     399.96      22.18       1.39                                                  | 
  10017   d      BCDMS   254     557.53     303.53      16.47       0.17                                                  | 
  10020   p        NMC   273     695.70     422.70      13.32       0.04                                                  | 
  10021 d/p        NMC   174     317.62     143.62       4.05       0.00                                                  | 
  10010   p       SLAC   218     422.73     204.73       0.00       0.10                                                  | 
  10011   d       SLAC   228     392.25     164.25       0.00       0.03                                                  | 
['pdf']
JAM FITTER                                                                                                                | 1        pdf       db1 N   2.75173e-02
count = 1100                                                                                                              | 2        pdf       db1 a  -4.56582e-01
elapsed time(mins)=4.569826                                                                                               | 3        pdf       db1 b   4.81841e+00
shifts  = 3                                                                                                               | 4        pdf       dv1 a  -4.80479e-01
npts    = 1495                                                                                                            | 5        pdf       dv1 b   4.93997e+00
chi2    = 3133.735962                                                                                                     | 6        pdf        g1 a  -7.19782e-01
rchi2   = 56.061816                                                                                                       | 7        pdf        g1 b   3.18248e+00
nchi2   = 1.722084                                                                                                        | 8        pdf        s1 N   4.63971e-02
chi2tot = 3191.519861                                                                                                     | 9        pdf        s1 a   1.00000e+00
dchi2(iter)  = 0.005771                                                                                                   | 10        pdf        s1 b   5.73256e+00
dchi2(local) = -0.005771                                                                                                  | 11        pdf      sea1 N   2.11298e-02
pdf dv(1):1.000000                                                                                                        | 12        pdf      sea1 a  -1.35753e+00
pdf db-ub(2):-0.035461                                                                                                    | 13        pdf      sea1 b   1.34549e+00
pdf msr:1.000000                                                                                                          | 14        pdf       ub1 N   6.29787e-02
pdf db-ub(1):0.110165                                                                                                     | 15        pdf       ub1 a   9.76437e-01
pdf uv(1):2.000000                                                                                                        | 16        pdf       ub1 b   3.67608e+00
pdf s-sb(1):0.000000                                                                                                      | 17        pdf       uv1 a  -5.00000e-01
pdf s-sb(2):-0.000000                                                                                                     | 18        pdf       uv1 b   3.99213e+00
                                                                                                                          | 19       norm       idis      10016  9.64621e-01
reaction: unpol DIS                                                                                                       | 20       norm       idis      10017  9.87872e-01
filters: Q2>1.690000                                                                                                      | 21       norm       idis      10010  1.00651e+00
filters: W2>10.000000 [H[J[H[J                                                                                                    | 22       norm       idis      10011  1.00307e+00
    idx tar        col  npts       chi2  chi2-npts      rchi2      nchi2                                                  | 23       norm       idis      10020  9.96034e-01
  10016   p      BCDMS   348     747.99     399.99      22.20       1.39                                                  | 
  10017   d      BCDMS   254     557.48     303.48      16.52       0.16                                                  | 
  10020   p        NMC   273     695.69     422.69      13.30       0.04                                                  | 
  10021 d/p        NMC   174     317.68     143.68       4.04       0.00                                                  | 
  10010   p       SLAC   218     422.70     204.70       0.00       0.10                                                  | 
  10011   d       SLAC   228     392.20     164.20       0.00       0.03                                                  | 
['pdf']
JAM FITTER                                                                                                                | 1        pdf       db1 N   2.69696e-02
count = 1200                                                                                                              | 2        pdf       db1 a  -4.65866e-01
elapsed time(mins)=4.975104                                                                                               | 3        pdf       db1 b   4.84199e+00
shifts  = 3                                                                                                               | 4        pdf       dv1 a  -4.74479e-01
npts    = 1495                                                                                                            | 5        pdf       dv1 b   4.92167e+00
chi2    = 3133.811994                                                                                                     | 6        pdf        g1 a  -7.19788e-01
rchi2   = 55.984024                                                                                                       | 7        pdf        g1 b   3.18209e+00
nchi2   = 1.721323                                                                                                        | 8        pdf        s1 N   4.63649e-02
chi2tot = 3191.517341                                                                                                     | 9        pdf        s1 a   1.00000e+00
dchi2(iter)  = 0.002520                                                                                                   | 10        pdf        s1 b   5.73367e+00
dchi2(local) = -0.002520                                                                                                  | 11        pdf      sea1 N   2.11366e-02
pdf dv(1):1.000000                                                                                                        | 12        pdf      sea1 a  -1.35741e+00
pdf db-ub(2):-0.035979                                                                                                    | 13        pdf      sea1 b   1.34588e+00
pdf msr:1.000000                                                                                                          | 14        pdf       ub1 N   6.29486e-02
pdf db-ub(1):0.110069                                                                                                     | 15        pdf       ub1 a   9.76539e-01
pdf uv(1):2.000000                                                                                                        | 16        pdf       ub1 b   3.67619e+00
pdf s-sb(1):-0.000000                                                                                                     | 17        pdf       uv1 a  -5.00000e-01
pdf s-sb(2):-0.000000                                                                                                     | 18        pdf       uv1 b   3.99044e+00
                                                                                                                          | 19       norm       idis      10016  9.64628e-01
reaction: unpol DIS                                                                                                       | 20       norm       idis      10017  9.87878e-01
filters: Q2>1.690000                                                                                                      | 21       norm       idis      10010  1.00651e+00
filters: W2>10.000000                                                                                                     | 22       norm       idis      10011  1.00307e+00
    idx tar        col  npts       chi2  chi2-npts      rchi2      nchi2                                                  | 23       norm       idis      10020  9.96037e-01
  10016   p      BCDMS   348     747.99     399.99      22.17       1.39                                                  | 
  10017   d      BCDMS   254     557.52     303.52      16.45       0.16                                                  | 
  10020   p        NMC   273     695.69     422.69      13.30       0.04                                                  | 
  10021 d/p        NMC   174     317.64     143.64       4.06       0.00                                                  | 
  10010   p       SLAC   218     422.71     204.71       0.00       0.10                                                  | 
  10011   d       SLAC   228     392.27     164.27       0.00       0.03                                                  | 
['pdf']
JAM FITTER                                                                                                                | 1        pdf       db1 N   2.65181e-02
count = 1300                                                                                                              | 2        pdf       db1 a  -4.71374e-01
elapsed time(mins)=5.372019                                                                                               | 3        pdf       db1 b   4.88773e+00
shifts  = 2                                                                                                               | 4        pdf       dv1 a  -4.70946e-01
npts    = 1495                                                                                                            | 5        pdf       dv1 b   4.89057e+00
chi2    = 3133.815047                                                                                                     | 6        pdf        g1 a  -7.19811e-01
rchi2   = 55.981175                                                                                                       | 7        pdf        g1 b   3.18184e+00
nchi2   = 1.720889                                                                                                        | 8        pdf        s1 N   4.63463e-02
chi2tot = 3191.517111                                                                                                     | 9        pdf        s1 a   1.00000e+00
dchi2(iter)  = 0.002520                                                                                                   | 10        pdf        s1 b   5.73310e+00
dchi2(local) = -0.000231                                                                                                  | 11        pdf      sea1 N   2.11404e-02
pdf dv(1):1.000000                                                                                                        | 12        pdf      sea1 a  -1.35735e+00
pdf db-ub(2):-0.036415                                                                                                    | 13        pdf      sea1 b   1.34603e+00
pdf msr:1.000000                                                                                                          | 14        pdf       ub1 N   6.29336e-02
pdf db-ub(1):0.110042                                                                                                     | 15        pdf       ub1 a   9.76469e-01
pdf uv(1):2.000000                                                                           [H[J                             | 16        pdf       ub1 b   3.67617e+00
pdf s-sb(1):0.000000                                                                                                      | 17        pdf       uv1 a  -5.00000e-01
pdf s-sb(2):0.000000                                                                                                      | 18        pdf       uv1 b   3.98957e+00
                                                                                                                          | 19       norm       idis      10016  9.64632e-01
reaction: unpol DIS                                                                                                       | 20       norm       idis      10017  9.87882e-01
filters: Q2>1.690000                                                                                                      | 21       norm       idis      10010  1.00651e+00
filters: W2>10.000000                                                                                                     | 22       norm       idis      10011  1.00307e+00
    idx tar        col  npts       chi2  chi2-npts      rchi2      nchi2                                                  | 23       norm       idis      10020  9.96040e-01
  10016   p      BCDMS   348     747.99     399.99      22.17       1.39                                                  | 
  10017   d      BCDMS   254     557.52     303.52      16.45       0.16                                                  | 
  10020   p        NMC   273     695.69     422.69      13.30       0.04                                                  | 
  10021 d/p        NMC   174     317.64     143.64       4.06       0.00                                                  | 
  10010   p       SLAC   218     422.71     204.71       0.00       0.10                                                  | 
  10011   d       SLAC   228     392.28     164.28       0.00       0.03                                                  | 
['pdf']
JAM FITTER                                                                                                                | 1        pdf       db1 N   2.65181e-02
count = 1300                                                                                                              | 2        pdf       db1 a  -4.71374e-01
elapsed time(mins)=5.376932                                                                                               | 3        pdf       db1 b   4.88773e+00
shifts  = 1                                                                                                               | 4        pdf       dv1 a  -4.70946e-01
npts    = 1495                                                                                                            | 5        pdf       dv1 b   4.89057e+00
chi2    = 3133.815043                                                                                                     | 6        pdf        g1 a  -7.19811e-01
rchi2   = 55.981178                                                                                                       | 7        pdf        g1 b   3.18184e+00
nchi2   = 1.720890                                                                                                        | 8        pdf        s1 N   4.63463e-02
chi2tot = 3191.517111                                                                                                     | 9        pdf        s1 a   1.00000e+00
dchi2(iter)  = 0.002520                                                                                                   | 10        pdf        s1 b   5.73310e+00
dchi2(local) = -0.000231                                                                                                  | 11        pdf      sea1 N   2.11404e-02
pdf dv(1):1.000000                                                                                                        | 12        pdf      sea1 a  -1.35735e+00
pdf db-ub(2):-0.036415                                                                                                    | 13        pdf      sea1 b   1.34603e+00
pdf msr:1.000000                                                                                                          | 14        pdf       ub1 N   6.29336e-02
pdf db-ub(1):0.110042                                                                                                     | 15        pdf       ub1 a   9.76469e-01
pdf uv(1):2.000000                                                                                                        | 16        pdf       ub1 b   3.67617e+00
pdf s-sb(1):0.000000                                                                                                      | 17        pdf       uv1 a  -5.00000e-01
pdf s-sb(2):0.000000                                                                                                      | 18        pdf       uv1 b   3.98957e+00
                                                                                                                          | 19       norm       idis      10016  9.64632e-01
reaction: unpol DIS                                                                                                       | 20       norm       idis      10017  9.87882e-01
filters: Q2>1.690000                                                                                                      | 21       norm       idis      10010  1.00651e+00
filters: W2>10.000000                                                                                                     | 22       norm       idis      10011  1.00307e+00
    idx tar        col  npts       chi2  chi2-npts      rchi2      nchi2                                                  | 23       norm       idis      10020  9.96040e-01
  10016   p      BCDMS   348     747.99     399.99      22.17       1.39                                                  | 
  10017   d      BCDMS   254     557.52     303.52      16.45       0.16                                                  | 
  10020   p        NMC   273     695.69     422.69      13.30       0.04                                                  | 
  10021 d/p        NMC   174     317.64     143.64       4.06       0.00                                                  | 
  10010   p       SLAC   218     422.71     204.71       0.00       0.10                                                  | 
  10011   d       SLAC   228     392.28     164.28       0.00       0.03                                                  | 
