('active', 'pdf')

--step 1: npQCD objects = pdf , datasets = idis , tmc = False , ht = False
loading idis data sets 10016
loading idis data sets 10017
loading idis data sets 10020
loading idis data sets 10021
loading idis data sets 10010
loading idis data sets 10011
Loading DIS tables...
10016 has norm uncertainty
10017 has norm uncertainty
10020 has norm uncertainty
10010 has norm uncertainty
10011 has norm uncertainty
[H[J[H[J[H[J[H[J[H[J[H[J[H[J[H[J[H[J[H[J[H[J[H[J[H[J[H[J[H[J[H[J['pdf']
JAM FITTER                                                                                                                | 1        pdf       db1 N   8.68416e-02
count = 100                                                                                                               | 2        pdf       db1 a  -9.45057e-01
elapsed time(mins)=0.981074                                                                                               | 3        pdf       db1 b   3.08862e+00
shifts  = 2                                                                                                               | 4        pdf       dv1 a  -4.81067e-01
npts    = 1495                                                                                                            | 5        pdf       dv1 b   8.66094e+00
chi2    = 86832.753502                                                                                                    | 6        pdf        g1 a   4.49594e-02
rchi2   = 17068.050680                                                                                                    | 7        pdf        g1 b   3.22450e+00
nchi2   = 288.136832                                                                                                      | 8        pdf        s1 N   1.39150e-01
chi2tot = 104188.941014                                                                                                   | 9        pdf        s1 a   9.89210e-01
dchi2(iter)  = 0.000000                                                                                                   | 10        pdf        s1 b   4.98133e+00
dchi2(local) = -inf                                                                                                       | 11        pdf      sea1 N   1.35915e-01
pdf dv(1):1.000000                                                                                                        | 12        pdf      sea1 a  -1.78348e+00
pdf db-ub(2):-0.022733                                                                                                    | 13        pdf      sea1 b   8.72311e+00
pdf msr:1.000000                                                                                                          | 14        pdf       ub1 N   1.09575e-01
pdf db-ub(1):6.257851                                                                                                     | 15        pdf       ub1 a  -3.09730e-01
pdf uv(1):2.000000                                                                                                        | 16        pdf       ub1 b   1.45419e-01
pdf s-sb(1):0.000000                                                                                                      | 17        pdf       uv1 a  -1.33784e-01
pdf s-sb(2):0.000000                                                                                                      | 18        pdf       uv1 b   5.05971e+00
                                                                                                                          | 19       norm       idis      10016  9.96682e-01
reaction: unpol DIS                                                                                                       | 20       norm       idis      10017  9.71127e-01
filters: Q2>1.690000                                                                                                      | 21       norm       idis      10010  1.18493e+00
filters: W2>10.000000                                                                                                     | 22       norm       idis      10011  1.18945e+00
    idx tar        col  npts       chi2  chi2-npts      rchi2      nchi2                                                  | 23       norm       idis      10020  1.18488e+00
  10016   p      BCDMS   348   11495.30   11147.30    3475.58       0.01                                                  | 
  10017   d      BCDMS   254    5588.58    5334.58    2982.93       0.93                                                  | 
  10020   p        NMC   273   40961.41   40688.41    9981.59      85.45                                                  | 
  10021 d/p        NMC   174    1511.07    1337.07     627.95       0.00                                                  | 
  10010   p       SLAC   218   10890.64   10672.64       0.00      77.55                                                  | 
  10011   d       SLAC   228   16385.75   16157.75       0.00     124.19                                                  | 
['pdf']
JAM FITTER                                                                                                                | 1        pdf       db1 N   6.85113e-02
count = 200                                                                                                               | 2        pdf       db1 a  -4.62386e-01
elapsed time(mins)=1.948424                                                                                               | 3        pdf       db1 b   3.39248e+00
shifts  = 3                                                                                                               | 4        pdf       dv1 a  -4.81869e-01
npts    = 1495                                                                                                            | 5        pdf       dv1 b   8.93462e+00
chi2    = 14960.720321                                                                                                    | 6        pdf        g1 a   6.31120e-01
rchi2   = 3729.466414                                                                                                     | 7        pdf        g1 b   2.13072e+00
nchi2   = 294.738602                                                                                                      | 8        pdf        s1 N   1.08380e-01
chi2tot = 18984.925337                                                                                                    | 9        pdf        s1 a   9.68287e-01
dchi2(iter)  = inf                                                                                                        | 10        pdf        s1 b   6.23640e+00
dchi2(local) = -inf                                                                                                       | 11        pdf      sea1 N   5.03911e-02
pdf dv(1):1.000000                                                                                                        | 12        pdf      sea1 a  -1.83257e+00
pdf db-ub(2):-0.021527                                                                                                    | 13        pdf      sea1 b   8.00420e+00
pdf msr:1.000000                                                                                                          | 14        pdf       ub1 N   9.00386e-02
pdf db-ub(1):0.157585                                                                                                     | 15        pdf       ub1 a  -4.25073e-01
pdf uv(1):2.000000                                                                                                        | 16        pdf       ub1 b   1.43056e+00
pdf s-sb(1):0.000000                                                                                                      | 17        pdf       uv1 a  -3.31127e-01
pdf s-sb(2):0.000000                                                                                                      | 18        pdf       uv1 b   4.42552e+00
                                                                                                                          | 19       norm       idis      10016  9.68593e-01
reaction: unpol DIS                                                                                                       | 20       norm       idis      10017  1.00969e+00
filters: Q2>1.690000                                                                                                      | 21       norm       idis      10010  1.19847e+00
filters: W2>10.000000                                                                                                     | 22       norm       idis      10011  1.19969e+00
    idx tar        col  npts       chi2  chi2-npts      rchi2      nchi2                                                  | 23       norm       idis      10020  1.16276e+00
  10016   p      BCDMS   348    2005.71    1657.71    1358.66       1.10                                                  | 
  10017   d      BCDMS   254     931.94     677.94     680.49       0.10                                                  | 
  10020   p        NMC   273    8799.44    8526.44    1662.75      66.23                                                  | 
  10021 d/p        NMC   174     591.75     417.75      27.56       0.00                                                  | 
  10010   p       SLAC   218    1403.67    1185.67       0.00      89.32                                                  | 
  10011   d       SLAC   228    1228.21    1000.21       0.00     137.99                                                  | 
['pdf']
JAM FITTER                                                                                                                | 1        pdf       db1 N   6.02515e-02
count = 300                                                                                                               | 2        pdf       db1 a  -2.35698e-01
elapsed time(mins)=2.921589                                                                                               | 3        pdf       db1 b   4.65453e+00
shifts  = 2                                                                                                               | 4        pdf       dv1 a  -4.34481e-01
npts    = 1495                                                                                                            | 5        pdf       dv1 b   9.13263e+00
chi2    = 4038.192311                                                                                                     | 6        pdf        g1 a  -7.94542e-01
rchi2   = 203.378506                                                                                                      | 7        pdf        g1 b   7.13017e+00
nchi2   = 85.107272                                                                                                       | 8        pdf        s1 N   6.53351e-02
chi2tot = 4326.678089                                                                                                     | 9        pdf        s1 a   7.99244e-01
dchi2(iter)  = inf                                                                                                        | 10        pdf        s1 b   3.80172e+00
dchi2(local) = -14658.247248                                                                                              | 11        pdf      sea1 N   1.91288e-02
pdf dv(1):1.000000                                                                                                        | 12        pdf      sea1 a  -1.84186e+00
pdf db-ub(2):-0.014272                                                                                                    | 13        pdf      sea1 b   4.89809e-01
pdf msr:1.000000                                                                                                          | 14        pdf       ub1 N   7.45236e-02
pdf db-ub(1):0.087911                                                                                                     | 15        pdf       ub1 a  -1.76300e-01
pdf uv(1):2.000000                                                                                                        | 16        pdf       ub1 b   2.79749e+00
pdf s-sb(1):0.000000                                                                                                      | 17        pdf       uv1 a  -4.97069e-01
pdf s-sb(2):0.000000                                                                                                      | 18        pdf       uv1 b   3.06791e+00
                                                                                                                          | 19       norm       idis      10016  1.04241e+00
reaction: unpol DIS                                                                                                       | 20       norm       idis      10017  1.06780e+00
filters: Q2>1.690000                                                                                                      | 21       norm       idis      10010  1.12624e+00
filters: W2>10.000000                                                                                                     | 22       norm       idis      10011  1.10977e+00
    idx tar        col  npts       chi2  chi2-npts      rchi2      nchi2                                                  | 23       norm       idis      10020  1.00835e+00
  10016   p      BCDMS   348     826.11     478.11      64.93       2.00                                                  | 
  10017   d      BCDMS   254     643.61     389.61      61.42       5.11                                                  | 
  10020   p        NMC   273    1380.53    1107.53      70.26       0.17                                                  | 
  10021 d/p        NMC   174     362.13     188.13       6.77       0.00                                                  | 
  10010   p       SLAC   218     396.94     178.94       0.00      36.13                                                  | 
  10011   d       SLAC   228     428.87     200.87       0.00      41.69                                                  | 
['pdf']
JAM FITTER                                                                                                                | 1        pdf       db1 N   5.06772e-02
count = 400                                                                                                               | 2        pdf       db1 a  -1.14698e-01
elapsed time(mins)=3.902518                                                                                               | 3        pdf       db1 b   4.98649e+00
shifts  = 2                                                                                                               | 4        pdf       dv1 a  -4.67292e-01
npts    = 1495                                                                                                            | 5        pdf       dv1 b   9.50833e+00
chi2    = 3132.060253                                                                                                     | 6        pdf        g1 a  -2.37728e-01
rchi2   = 88.882658                                                                                                       | 7        pdf        g1 b   6.19661e+00
nchi2   = 7.955871                                                                                                        | 8        pdf        s1 N   8.72835e-02
chi2tot = 3228.898782                                                                                                     | 9        pdf        s1 a   8.97635e-01
dchi2(iter)  = inf                                                                                                        | 10        pdf        s1 b   4.55940e+00
dchi2(local) = -15756.026555                                                                                              | 11        pdf      sea1 N   1.20267e-02
pdf dv(1):1.000000                                                                                                        | 12        pdf      sea1 a  -1.55247e+00
pdf db-ub(2):-0.000521                                                                                                    | 13        pdf      sea1 b   1.97903e+00
pdf msr:1.000000                                                                                                          | 14        pdf       ub1 N   5.11980e-02
pdf db-ub(1):0.119405                                                                                                     | 15        pdf       ub1 a  -1.31291e-01
pdf uv(1):2.000000                                                                                                        | 16        pdf       ub1 b   2.77967e+00
pdf s-sb(1):0.000000                                                                                                      | 17        pdf       uv1 a  -4.99119e-01
pdf s-sb(2):0.000000                                                                                                      | 18        pdf       uv1 b   2.96200e+00
                                                                                                                          | 19       norm       idis      10016  9.81753e-01
reaction: unpol DIS                                                                                                       | 20       norm       idis      10017  1.01201e+00
filters: Q2>1.690000                                                                                                      | 21       norm       idis      10010  1.03906e+00
filters: W2>10.000000                                                                                                     | 22       norm       idis      10011  1.03370e+00
    idx tar        col  npts       chi2  chi2-npts      rchi2      nchi2                                                  | 23       norm       idis      10020  9.96113e-01
  10016   p      BCDMS   348     751.86     403.86      25.58       0.37                                                  | 
  10017   d      BCDMS   254     546.15     292.15      24.75       0.16                                                  | 
  10020   p        NMC   273     707.56     434.56      37.20       0.04                                                  | 
  10021 d/p        NMC   174     339.96     165.96       1.35       0.00                                                  | 
  10010   p       SLAC   218     403.27     185.27       0.00       3.46                                                  | 
  10011   d       SLAC   228     383.26     155.26       0.00       3.93                                                  | 
['pdf']
JAM FITTER                                                                                                                | 1        pdf       db1 N   4.28450e-02
count = 500                                                                                                               | 2        pdf       db1 a   9.18574e-02
elapsed time(mins)=4.876647                                                                                               | 3        pdf       db1 b   5.56440e+00
shifts  = 3                                                                                                               | 4        pdf       dv1 a  -4.70770e-01
npts    = 1495                                                                                                            | 5        pdf       dv1 b   9.59119e+00
chi2    = 2977.976090                                                                                                     | 6        pdf        g1 a  -1.88988e-01
rchi2   = 65.690900                                                                                                       | 7        pdf        g1 b   5.64971e+00
nchi2   = 2.563334                                                                                                        | 8        pdf        s1 N   9.57689e-02
chi2tot = 3046.230324                                                                                                     | 9        pdf        s1 a   9.95102e-01
dchi2(iter)  = 15938.695013                                                                                               | 10        pdf        s1 b   4.63729e+00
dchi2(local) = -15938.695013                                                                                              | 11        pdf      sea1 N   1.34769e-02
pdf dv(1):1.000000                                                                                                        | 12        pdf      sea1 a  -1.35333e+00
pdf db-ub(2):0.002518                                                                                                     | 13        pdf      sea1 b   4.08630e+00
pdf msr:1.000000                                                                                                          | 14        pdf       ub1 N   4.03270e-02
pdf db-ub(1):0.118620                                                                                                     | 15        pdf       ub1 a   1.29861e-01
pdf uv(1):2.000000                                                                                                        | 16        pdf       ub1 b   2.96416e+00
pdf s-sb(1):0.000000                                                                                                      | 17        pdf       uv1 a  -4.99511e-01
pdf s-sb(2):0.000000                                                                                                      | 18        pdf       uv1 b   2.88611e+00
                                                                                                                          | 19       norm       idis      10016  9.60634e-01
reaction: unpol DIS                                                                                                       | 20       norm       idis      10017  9.86626e-01
filters: Q2>1.690000                                                                                                      | 21       norm       idis      10010  1.01221e+00
filters: W2>10.000000                                                                                                     | 22       norm       idis      10011  1.00383e+00
    idx tar        col  npts       chi2  chi2-npts      rchi2      nchi2                                                  | 23       norm       idis      10020  9.89920e-01
  10016   p      BCDMS   348     745.18     397.18      25.06       1.72                                                  | 
  10017   d      BCDMS   254     539.42     285.42      24.47       0.20                                                  | 
  10020   p        NMC   273     647.80     374.80      15.17       0.25                                                  | 
  10021 d/p        NMC   174     326.48     152.48       0.99       0.00                                                  | 
  10010   p       SLAC   218     355.43     137.43       0.00       0.34                                                  | 
  10011   d       SLAC   228     363.66     135.66       0.00       0.05                                                  | 
['pdf']
JAM FITTER                                                                                                                | 1        pdf       db1 N   4.39671e-02
count = 600                                                                                                               | 2        pdf       db1 a   1.73744e-01
elapsed time(mins)=5.867331                                                                                               | 3        pdf       db1 b   5.35790e+00
shifts  = 2                                                                                                               | 4        pdf       dv1 a  -4.53347e-01
npts    = 1495                                                                                                            | 5        pdf       dv1 b   9.97235e+00
chi2    = 2963.109903                                                                                                     | 6        pdf        g1 a  -4.29915e-01
rchi2   = 61.755736                                                                                                       | 7        pdf        g1 b   3.98537e+00
nchi2   = 2.844960                                                                                                        | 8        pdf        s1 N   7.47109e-02
chi2tot = 3027.710599                                                                                                     | 9        pdf        s1 a   9.96224e-01
dchi2(iter)  = 15938.695013                                                                                               | 10        pdf        s1 b   4.87032e+00
dchi2(local) = -18.519726                                                                                                 | 11        pdf      sea1 N   1.45300e-02
pdf dv(1):1.000000                                                                                                        | 12        pdf      sea1 a  -1.32125e+00
pdf db-ub(2):-0.001555                                                                                                    | 13        pdf      sea1 b   4.03372e+00
pdf msr:1.000000                                                                                                          | 14        pdf       ub1 N   4.55218e-02
pdf db-ub(1):0.108367                                                                                                     | 15        pdf       ub1 a   4.63419e-01
pdf uv(1):2.000000                                                                                                        | 16        pdf       ub1 b   3.12257e+00
pdf s-sb(1):0.000000                                                                                                      | 17        pdf       uv1 a  -4.99882e-01
pdf s-sb(2):0.000000                                                                                                      | 18        pdf       uv1 b   3.04753e+00
                                                                                                                          | 19       norm       idis      10016  9.58778e-01
reaction: unpol DIS                                                                                                       | 20       norm       idis      10017  9.83924e-01
filters: Q2>1.690000                                                                                                      | 21       norm       idis      10010  1.00361e+00
filters: W2>10.000000                                                                                                     | 22       norm       idis      10011  9.93524e-01
    idx tar        col  npts       chi2  chi2-npts      rchi2      nchi2                                                  | 23       norm       idis      10020  9.85927e-01
  10016   p      BCDMS   348     736.28     388.28      24.72       1.89                                                  | 
  10017   d      BCDMS   254     538.49     284.49      23.86       0.29                                                  | 
  10020   p        NMC   273     649.95     376.95      12.09       0.50                                                  | 
  10021 d/p        NMC   174     323.67     149.67       1.09       0.00                                                  | 
  10010   p       SLAC   218     347.75     129.75       0.00       0.03                                                  | 
  10011   d       SLAC   228     366.97     138.97       0.00       0.15                                                  | 
['pdf']
JAM FITTER                                                                                                                | 1        pdf       db1 N   4.62768e-02
count = 700                                                                                                               | 2        pdf       db1 a   1.42478e-01
elapsed time(mins)=6.845327                                                                                               | 3        pdf       db1 b   5.11308e+00
shifts  = 3                                                                                                               | 4        pdf       dv1 a  -4.56682e-01
npts    = 1495                                                                                                            | 5        pdf       dv1 b   9.98711e+00
chi2    = 2965.606332                                                                                                     | 6        pdf        g1 a  -4.88594e-01
rchi2   = 57.646730                                                                                                       | 7        pdf        g1 b   3.80015e+00
nchi2   = 2.168612                                                                                                        | 8        pdf        s1 N   6.25414e-02
chi2tot = 3025.421673                                                                                                     | 9        pdf        s1 a   9.91909e-01
dchi2(iter)  = 20.808651                                                                                                  | 10        pdf        s1 b   5.13676e+00
dchi2(local) = -20.808651                                                                                                 | 11        pdf      sea1 N   1.49225e-02
pdf dv(1):1.000000                                                                                                        | 12        pdf      sea1 a  -1.33121e+00
pdf db-ub(2):-0.004900                                                                                                    | 13        pdf      sea1 b   3.70239e+00
pdf msr:1.000000                                                                                                          | 14        pdf       ub1 N   5.11765e-02
pdf db-ub(1):0.106237                                                                                                     | 15        pdf       ub1 a   5.55511e-01
pdf uv(1):2.000000                                                                                                        | 16        pdf       ub1 b   3.14825e+00
pdf s-sb(1):0.000000                                                                                                      | 17        pdf       uv1 a  -4.98539e-01
pdf s-sb(2):-0.000000                                                                                                     | 18        pdf       uv1 b   3.19126e+00
                                                                                                                          | 19       norm       idis      10016  9.62753e-01
reaction: unpol DIS                                                                                                       | 20       norm       idis      10017  9.87856e-01
filters: Q2>1.690000                                                                                                      | 21       norm       idis      10010  1.00654e+00
filters: W2>10.000000                                                                                                     | 22       norm       idis      10011  9.96135e-01
    idx tar        col  npts       chi2  chi2-npts      rchi2      nchi2                                                  | 23       norm       idis      10020  9.88781e-01
  10016   p      BCDMS   348     736.05     388.05      23.21       1.54                                                  | 
  10017   d      BCDMS   254     538.96     284.96      22.21       0.16                                                  | 
  10020   p        NMC   273     648.37     375.37      11.07       0.31                                                  | 
  10021 d/p        NMC   174     323.12     149.12       1.16       0.00                                                  | 
  10010   p       SLAC   218     349.30     131.30       0.00       0.10                                                  | 
  10011   d       SLAC   228     369.80     141.80       0.00       0.05                                                  | 
['pdf']
JAM FITTER                                                                                                                | 1        pdf       db1 N   4.72558e-02
count = 800                                                                                                               | 2        pdf       db1 a   8.14546e-02
elapsed time(mins)=7.821405                                                                                               | 3        pdf       db1 b   4.99519e+00
shifts  = 2                                                                                                               | 4        pdf       dv1 a  -4.68894e-01
npts    = 1495                                                                                                            | 5        pdf       dv1 b   9.98974e+00
chi2    = 2963.780957                                                                                                     | 6        pdf        g1 a  -5.03714e-01
rchi2   = 58.306062                                                                                                       | 7        pdf        g1 b   3.78600e+00
nchi2   = 2.200830                                                                                                        | 8        pdf        s1 N   6.36347e-02
chi2tot = 3024.287849                                                                                                     | 9        pdf        s1 a   9.96736e-01
dchi2(iter)  = 20.808651                                                                                                  | 10        pdf        s1 b   5.28012e+00
dchi2(local) = -1.133825                                                                                                  | 11        pdf      sea1 N   1.44337e-02
pdf dv(1):1.000000                                                                                                        | 12        pdf      sea1 a  -1.34757e+00
pdf db-ub(2):-0.009513                                                                                                    | 13        pdf      sea1 b   3.61504e+00
pdf msr:1.000000                                                                                                          | 14        pdf       ub1 N   5.67687e-02
pdf db-ub(1):0.108241                                                                                                     | 15        pdf       ub1 a   6.27937e-01
pdf uv(1):2.000000                                                                                                        | 16        pdf       ub1 b   3.13561e+00
pdf s-sb(1):0.000000                                                                                                      | 17        pdf       uv1 a  -4.97004e-01
pdf s-sb(2):0.000000                                                                                                      | 18        pdf       uv1 b   3.44127e+00
                                                                                                                          | 19       norm       idis      10016  9.62507e-01
reaction: unpol DIS                                                                                                       | 20       norm       idis      10017  9.87656e-01
filters: Q2>1.690000                                                                                                      | 21       norm       idis      10010  1.00672e+00
filters: W2>10.000000                                                                                                     | 22       norm       idis      10011  9.96402e-01
    idx tar        col  npts       chi2  chi2-npts      rchi2      nchi2                                                  | 23       norm       idis      10020  9.88644e-01
  10016   p      BCDMS   348     736.40     388.40      23.71       1.56                                                  | 
  10017   d      BCDMS   254     538.66     284.66      22.47       0.17                                                  | 
  10020   p        NMC   273     647.44     374.44      11.00       0.32                                                  | 
  10021 d/p        NMC   174     323.00     149.00       1.13       0.00                                                  | 
  10010   p       SLAC   218     348.73     130.73       0.00       0.10                                                  | 
  10011   d       SLAC   228     369.55     141.55       0.00       0.04                                                  | 
['pdf']
JAM FITTER                                                                                                                | 1        pdf       db1 N   4.77731e-02
count = 900                                                                                                               | 2        pdf       db1 a   4.90816e-03
elapsed time(mins)=8.791548                                                                                               | 3        pdf       db1 b   4.84606e+00
shifts  = 2                                                                                                               | 4        pdf       dv1 a  -4.84564e-01
npts    = 1495                                                                                                            | 5        pdf       dv1 b   9.99079e+00
chi2    = 2962.115432                                                                                                     | 6        pdf        g1 a  -5.08751e-01
rchi2   = 58.459359                                                                                                       | 7        pdf        g1 b   3.81957e+00
nchi2   = 2.303578                                                                                                        | 8        pdf        s1 N   6.56947e-02
chi2tot = 3022.878370                                                                                                     | 9        pdf        s1 a   9.99870e-01
dchi2(iter)  = 20.808651                                                                                                  | 10        pdf        s1 b   5.51336e+00
dchi2(local) = -2.543304                                                                                                  | 11        pdf      sea1 N   1.43294e-02
pdf dv(1):1.000000                                                                                                        | 12        pdf      sea1 a  -1.37092e+00
pdf db-ub(2):-0.014472                                                                                                    | 13        pdf      sea1 b   3.21626e+00
pdf msr:1.000000                                                                                                          | 14        pdf       ub1 N   6.22448e-02
pdf db-ub(1):0.111966                                                                                                     | 15        pdf       ub1 a   7.20843e-01
pdf uv(1):2.000000                                                                                                        | 16        pdf       ub1 b   3.18794e+00
pdf s-sb(1):0.000000                                                                                                      | 17        pdf       uv1 a  -4.97015e-01
pdf s-sb(2):0.000000                                                                                                      | 18        pdf       uv1 b   3.73798e+00
                                                                                                                          | 19       norm       idis      10016  9.61701e-01
reaction: unpol DIS                                                                                                       | 20       norm       idis      10017  9.86923e-01
filters: Q2>1.690000                                                                                                      | 21       norm       idis      10010  1.00646e+00
filters: W2>10.000000                                                                                                     | 22       norm       idis      10011  9.96359e-01
    idx tar        col  npts       chi2  chi2-npts      rchi2      nchi2                                                  | 23       norm       idis      10020  9.88284e-01
  10016   p      BCDMS   348     735.84     387.84      23.77       1.63                                                  | 
  10017   d      BCDMS   254     538.54     284.54      22.66       0.19                                                  | 
  10020   p        NMC   273     646.47     373.47      10.96       0.34                                                  | 
  10021 d/p        NMC   174     322.98     148.98       1.06       0.00                                                  | 
  10010   p       SLAC   218     348.79     130.79       0.00       0.09                                                  | 
  10011   d       SLAC   228     369.49     141.49       0.00       0.05                                                  | 
['pdf']
JAM FITTER                                                                                                                | 1        pdf       db1 N   4.64407e-02
count = 1000                                                                                                              | 2        pdf       db1 a  -2.13138e-02
elapsed time(mins)=9.759314                                                                                               | 3        pdf       db1 b   4.90924e+00
shifts  = 3                                                                                                               | 4        pdf       dv1 a  -4.95853e-01
npts    = 1495                                                                                                            | 5        pdf       dv1 b   9.99225e+00
chi2    = 2958.588472                                                                                                     | 6        pdf        g1 a  -5.03147e-01
rchi2   = 59.618118                                                                                                       | 7        pdf        g1 b   3.91380e+00
nchi2   = 2.302021                                                                                                        | 8        pdf        s1 N   6.66860e-02
chi2tot = 3020.508611                                                                                                     | 9        pdf        s1 a   9.91988e-01
dchi2(iter)  = 4.913063                                                                                                   | 10        pdf        s1 b   5.62632e+00
dchi2(local) = -4.913063                                                                                                  | 11        pdf      sea1 N   1.59206e-02
pdf dv(1):1.000000                                                                                                        | 12        pdf      sea1 a  -1.38887e+00
pdf db-ub(2):-0.016274                                                                                                    | 13        pdf      sea1 b   2.27584e+00
pdf msr:1.000000                                                                                                          | 14        pdf       ub1 N   6.27146e-02
pdf db-ub(1):0.114510                                                                                                     | 15        pdf       ub1 a   7.83909e-01
pdf uv(1):2.000000                                                                                                        | 16        pdf       ub1 b   3.25597e+00
pdf s-sb(1):0.000000                                                                                                      | 17        pdf       uv1 a  -4.97992e-01
pdf s-sb(2):0.000000                                                                                                      | 18        pdf       uv1 b   3.86675e+00
                                                                                                                          | 19       norm       idis      10016  9.61668e-01
reaction: unpol DIS                                                                                                       | 20       norm       idis      10017  9.86607e-01
filters: Q2>1.690000                                                                                                      | 21       norm       idis      10010  1.00704e+00
filters: W2>10.000000                                                                                                     | 22       norm       idis      10011  9.97171e-01
    idx tar        col  npts       chi2  chi2-npts      rchi2      nchi2                                                  | 23       norm       idis      10020  9.88508e-01
  10016   p      BCDMS   348     735.92     387.92      23.68       1.63                                                  | 
  10017   d      BCDMS   254     537.65     283.65      23.32       0.20                                                  | 
  10020   p        NMC   273     645.33     372.33      11.64       0.33                                                  | 
  10021 d/p        NMC   174     322.78     148.78       0.97       0.00                                                  | 
  10010   p       SLAC   218     349.28     131.28       0.00       0.11                                                  | 
  10011   d       SLAC   228     367.63     139.63       0.00       0.03                                                  | 
['pdf']
JAM FITTER                                                                                                                | 1        pdf       db1 N   4.51572e-02
count = 1100                                                                                                              | 2        pdf       db1 a  -7.30351e-03
elapsed time(mins)=10.735940                                                                                              | 3        pdf       db1 b   5.04164e+00
shifts  = 2                                                                                                               | 4        pdf       dv1 a  -4.98403e-01
npts    = 1495                                                                                                            | 5        pdf       dv1 b   9.99961e+00
chi2    = 2953.169361                                                                                                     | 6        pdf        g1 a  -5.03230e-01
rchi2   = 60.275336                                                                                                       | 7        pdf        g1 b   3.92007e+00
nchi2   = 2.296647                                                                                                        | 8        pdf        s1 N   6.44016e-02
chi2tot = 3015.741344                                                                                                     | 9        pdf        s1 a   9.99972e-01
dchi2(iter)  = 4.913063                                                                                                   | 10        pdf        s1 b   5.69175e+00
dchi2(local) = -4.767266                                                                                                  | 11        pdf      sea1 N   1.77448e-02
pdf dv(1):1.000000                                                                                                        | 12        pdf      sea1 a  -1.39276e+00
pdf db-ub(2):-0.015958                                                                                                    | 13        pdf      sea1 b   1.72955e+00
pdf msr:1.000000                                                                                                          | 14        pdf       ub1 N   6.11149e-02
pdf db-ub(1):0.114335                                                                                                     | 15        pdf       ub1 a   8.47352e-01
pdf uv(1):2.000000                                                                                                        | 16        pdf       ub1 b   3.36904e+00
pdf s-sb(1):0.000000                                                                                                      | 17        pdf       uv1 a  -4.98262e-01
pdf s-sb(2):0.000000                                                                                                      | 18        pdf       uv1 b   3.87592e+00
                                                                                                                          | 19       norm       idis      10016  9.61842e-01
reaction: unpol DIS                                                                                                       | 20       norm       idis      10017  9.86105e-01
filters: Q2>1.690000                                                                                                      | 21       norm       idis      10010  1.00677e+00
filters: W2>10.000000                                                                                                     | 22       norm       idis      10011  9.97146e-01
    idx tar        col  npts       chi2  chi2-npts      rchi2      nchi2                                                  | 23       norm       idis      10020  9.88472e-01
  10016   p      BCDMS   348     734.17     386.17      23.26       1.62                                                  | 
  10017   d      BCDMS   254     533.39     279.39      24.80       0.21                                                  | 
  10020   p        NMC   273     645.68     372.68      11.29       0.33                                                  | 
  10021 d/p        NMC   174     324.18     150.18       0.92       0.00                                                  | 
  10010   p       SLAC   218     350.73     132.73       0.00       0.10                                                  | 
  10011   d       SLAC   228     365.01     137.01       0.00       0.03                                                  | 
['pdf']
JAM FITTER                                                                                                                | 1        pdf       db1 N   4.52713e-02
count = 1200                                                                                                              | 2        pdf       db1 a  -5.34454e-03
elapsed time(mins)=11.723760                                                                                              | 3        pdf       db1 b   5.06497e+00
shifts  = 2                                                                                                               | 4        pdf       dv1 a  -5.00000e-01
npts    = 1495                                                                                                            | 5        pdf       dv1 b   9.99957e+00
chi2    = 2953.540232                                                                                                     | 6        pdf        g1 a  -5.02768e-01
rchi2   = 56.456810                                                                                                       | 7        pdf        g1 b   3.93085e+00
nchi2   = 2.255266                                                                                                        | 8        pdf        s1 N   6.12541e-02
chi2tot = 3012.252307                                                                                                     | 9        pdf        s1 a   1.00000e+00
dchi2(iter)  = 4.913063                                                                                                   | 10        pdf        s1 b   5.86566e+00
dchi2(local) = -8.256303                                                                                                  | 11        pdf      sea1 N   1.83976e-02
pdf dv(1):1.000000                                                                                                        | 12        pdf      sea1 a  -1.40329e+00
pdf db-ub(2):-0.015934                                                                                                    | 13        pdf      sea1 b   1.49254e+00
pdf msr:1.000000                                                                                                          | 14        pdf       ub1 N   6.12054e-02
pdf db-ub(1):0.118896                                                                                                     | 15        pdf       ub1 a   9.54427e-01
pdf uv(1):2.000000                                                                                                        | 16        pdf       ub1 b   3.50930e+00
pdf s-sb(1):0.000000                                                                                                      | 17        pdf       uv1 a  -4.89826e-01
pdf s-sb(2):0.000000                                                                                                      | 18        pdf       uv1 b   3.97820e+00
                                                                                                                          | 19       norm       idis      10016  9.62210e-01
reaction: unpol DIS                                                                                                       | 20       norm       idis      10017  9.85959e-01
filters: Q2>1.690000                                                                                                      | 21       norm       idis      10010  1.00663e+00
filters: W2>10.000000                                                                                                     | 22       norm       idis      10011  9.97150e-01
    idx tar        col  npts       chi2  chi2-npts      rchi2      nchi2                                                  | 23       norm       idis      10020  9.88658e-01
  10016   p      BCDMS   348     734.20     386.20      21.14       1.59                                                  | 
  10017   d      BCDMS   254     530.66     276.66      23.64       0.22                                                  | 
  10020   p        NMC   273     644.69     371.69      10.83       0.32                                                  | 
  10021 d/p        NMC   174     324.67     150.67       0.85       0.00                                                  | 
  10010   p       SLAC   218     353.18     135.18       0.00       0.10                                                  | 
  10011   d       SLAC   228     366.14     138.14       0.00       0.03                                                  | 
['pdf']
JAM FITTER                                                                                                                | 1        pdf       db1 N   4.57537e-02
count = 1300                                                                                                              | 2        pdf       db1 a  -7.84466e-03
elapsed time(mins)=12.705000                                                                                              | 3        pdf       db1 b   5.06639e+00
shifts  = 23                                                                                                              | 4        pdf       dv1 a  -5.00000e-01
npts    = 1495                                                                                                            | 5        pdf       dv1 b   1.00000e+01
chi2    = 2954.021682                                                                                                     | 6        pdf        g1 a  -5.03446e-01
rchi2   = 55.259482                                                                                                       | 7        pdf        g1 b   3.94938e+00
nchi2   = 2.179870                                                                                                        | 8        pdf        s1 N   5.90896e-02
chi2tot = 3011.461033                                                                                                     | 9        pdf        s1 a   1.00000e+00
dchi2(iter)  = 9.047577                                                                                                   | 10        pdf        s1 b   5.92199e+00
dchi2(local) = -9.047577                                                                                                  | 11        pdf      sea1 N   1.84944e-02
pdf dv(1):1.000000                                                                                                        | 12        pdf      sea1 a  -1.41411e+00
pdf db-ub(2):-0.016712                                                                                                    | 13        pdf      sea1 b   1.37737e+00
pdf msr:1.000000                                                                                                          | 14        pdf       ub1 N   6.24656e-02
pdf db-ub(1):0.119797                                                                                                     | 15        pdf       ub1 a   9.99743e-01
pdf uv(1):2.000000                                                                                                        | 16        pdf       ub1 b   3.58577e+00
pdf s-sb(1):0.000000                                                                                                      | 17        pdf       uv1 a  -4.85267e-01
pdf s-sb(2):0.000000                                                                                                      | 18        pdf       uv1 b   4.07319e+00
                                                                                                                          | 19       norm       idis      10016  9.62802e-01
reaction: unpol DIS                                                                                                       | 20       norm       idis      10017  9.86215e-01
filters: Q2>1.690000                                                                                                      | 21       norm       idis      10010  1.00695e+00
filters: W2>10.000000                                                                                                     | 22       norm       idis      10011  9.97536e-01
    idx tar        col  npts       chi2  chi2-npts      rchi2      nchi2                                                  | 23       norm       idis      10020  9.89033e-01
  10016   p      BCDMS   348     734.38     386.38      20.48       1.54                                                  | 
  10017   d      BCDMS   254     528.73     274.73      23.30       0.21                                                  | 
  10020   p        NMC   273     643.95     370.95      10.61       0.30                                                  | 
  10021 d/p        NMC   174     325.41     151.41       0.87       0.00                                                  | 
  10010   p       SLAC   218     355.02     137.02       0.00       0.11                                                  | 
  10011   d       SLAC   228     366.53     138.53       0.00       0.02                                                  | 
['pdf']
JAM FITTER                                                                                                                | 1        pdf       db1 N   4.57394e-02
count = 1400                                                                                                              | 2        pdf       db1 a  -1.82782e-02
elapsed time(mins)=13.674114                                                                                              | 3        pdf       db1 b   5.05161e+00
shifts  = 3                                                                                                               | 4        pdf       dv1 a  -5.00000e-01
npts    = 1495                                                                                                            | 5        pdf       dv1 b   1.00000e+01
chi2    = 2953.996450                                                                                                     | 6        pdf        g1 a  -5.05575e-01
rchi2   = 55.203079                                                                                                       | 7        pdf        g1 b   3.95822e+00
nchi2   = 2.233113                                                                                                        | 8        pdf        s1 N   6.03466e-02
chi2tot = 3011.432642                                                                                                     | 9        pdf        s1 a   1.00000e+00
dchi2(iter)  = 0.028392                                                                                                   | 10        pdf        s1 b   5.92631e+00
dchi2(local) = -0.028392                                                                                                  | 11        pdf      sea1 N   1.83042e-02
pdf dv(1):1.000000                                                                                                        | 12        pdf      sea1 a  -1.41844e+00
pdf db-ub(2):-0.017668                                                                                                    | 13        pdf      sea1 b   1.36282e+00
pdf msr:1.000000                                                                                                          | 14        pdf       ub1 N   6.34073e-02
pdf db-ub(1):0.118811                                                                                                     | 15        pdf       ub1 a   9.99943e-01
pdf uv(1):2.000000                                                                                                        | 16        pdf       ub1 b   3.58838e+00
pdf s-sb(1):0.000000                                                                                                      | 17        pdf       uv1 a  -4.85787e-01
pdf s-sb(2):0.000000                                                                                                      | 18        pdf       uv1 b   4.12737e+00
                                                                                                                          | 19       norm       idis      10016  9.62457e-01
reaction: unpol DIS                                                                                                       | 20       norm       idis      10017  9.85829e-01
filters: Q2>1.690000                                                                                                      | 21       norm       idis      10010  1.00684e+00
filters: W2>10.000000                                                                                                     | 22       norm       idis      10011  9.97424e-01
    idx tar        col  npts       chi2  chi2-npts      rchi2      nchi2                                                  | 23       norm       idis      10020  9.88777e-01
  10016   p      BCDMS   348     734.12     386.12      20.46       1.57                                                  | 
  10017   d      BCDMS   254     528.37     274.37      23.22       0.22                                                  | 
  10020   p        NMC   273     643.84     370.84      10.65       0.31                                                  | 
  10021 d/p        NMC   174     325.47     151.47       0.88       0.00                                                  | 
  10010   p       SLAC   218     355.32     137.32       0.00       0.11                                                  | 
  10011   d       SLAC   228     366.87     138.87       0.00       0.02                                                  | 
['pdf']
JAM FITTER                                                                                                                | 1        pdf       db1 N   4.56961e-02
count = 1500                                                                                                              | 2        pdf       db1 a  -2.25167e-02
elapsed time(mins)=14.659549                                                                                              | 3        pdf       db1 b   5.04801e+00
shifts  = 2                                                                                                               | 4        pdf       dv1 a  -5.00000e-01
npts    = 1495                                                                                                            | 5        pdf       dv1 b   1.00000e+01
chi2    = 2953.917733                                                                                                     | 6        pdf        g1 a  -5.04858e-01
rchi2   = 55.251249                                                                                                       | 7        pdf        g1 b   3.96917e+00
nchi2   = 2.260914                                                                                                        | 8        pdf        s1 N   6.10316e-02
chi2tot = 3011.429896                                                                                                     | 9        pdf        s1 a   1.00000e+00
dchi2(iter)  = 0.028392                                                                                                   | 10        pdf        s1 b   5.92168e+00
dchi2(local) = -0.002746                                                                                                  | 11        pdf      sea1 N   1.82279e-02
pdf dv(1):1.000000                                                                                                        | 12        pdf      sea1 a  -1.42013e+00
pdf db-ub(2):-0.018022                                                                                                    | 13        pdf      sea1 b   1.35736e+00
pdf msr:1.000000                                                                                                          | 14        pdf       ub1 N   6.37185e-02
pdf db-ub(1):0.118523                                                                                                     | 15        pdf       ub1 a   1.00000e+00
pdf uv(1):2.000000                                                                                                        | 16        pdf       ub1 b   3.58866e+00
pdf s-sb(1):0.000000                                                                                                      | 17        pdf       uv1 a  -4.85932e-01
pdf s-sb(2):0.000000                                                                                                      | 18        pdf       uv1 b   4.14846e+00
                                                                                                                          | 19       norm       idis      10016  9.62262e-01
reaction: unpol DIS                                                                                                       | 20       norm       idis      10017  9.85620e-01
filters: Q2>1.690000                                                                                                      | 21       norm       idis      10010  1.00676e+00
filters: W2>10.000000                                                                                                     | 22       norm       idis      10011  9.97352e-01
    idx tar        col  npts       chi2  chi2-npts      rchi2      nchi2                                                  | 23       norm       idis      10020  9.88674e-01
  10016   p      BCDMS   348     734.11     386.11      20.48       1.58                                                  | 
  10017   d      BCDMS   254     528.21     274.21      23.22       0.23                                                  | 
  10020   p        NMC   273     643.83     370.83      10.66       0.32                                                  | 
  10021 d/p        NMC   174     325.49     151.49       0.89       0.00                                                  | 
  10010   p       SLAC   218     355.36     137.36       0.00       0.10                                                  | 
  10011   d       SLAC   228     366.92     138.92       0.00       0.02                                                  | 
['pdf']
JAM FITTER                                                                                                                | 1        pdf       db1 N   4.56961e-02
count = 1518                                                                                                              | 2        pdf       db1 a  -2.25167e-02
elapsed time(mins)=14.844775                                                                                              | 3        pdf       db1 b   5.04801e+00
shifts  = 1                                                                                                               | 4        pdf       dv1 a  -5.00000e-01
npts    = 1495                                                                                                            | 5        pdf       dv1 b   1.00000e+01
chi2    = 2953.917732                                                                                                     | 6        pdf        g1 a  -5.04858e-01
rchi2   = 55.251250                                                                                                       | 7        pdf        g1 b   3.96917e+00
nchi2   = 2.260914                                                                                                        | 8        pdf        s1 N   6.10316e-02
chi2tot = 3011.429896                                                                                                     | 9        pdf        s1 a   1.00000e+00
dchi2(iter)  = 0.028392                                                                                                   | 10        pdf        s1 b   5.92168e+00
dchi2(local) = -0.002746                                                                                                  | 11        pdf      sea1 N   1.82279e-02
pdf dv(1):1.000000                                                                                                        | 12        pdf      sea1 a  -1.42013e+00
pdf db-ub(2):-0.018022                                                                                                    | 13        pdf      sea1 b   1.35736e+00
pdf msr:1.000000                                                                                                          | 14        pdf       ub1 N   6.37185e-02
pdf db-ub(1):0.118523                                                                                                     | 15        pdf       ub1 a   1.00000e+00
pdf uv(1):2.000000                                                                                                        | 16        pdf       ub1 b   3.58866e+00
pdf s-sb(1):0.000000                                                                                                      | 17        pdf       uv1 a  -4.85932e-01
pdf s-sb(2):0.000000                                                                                                      | 18        pdf       uv1 b   4.14846e+00
                                                                                                                          | 19       norm       idis      10016  9.62262e-01
reaction: unpol DIS                                                                                                       | 20       norm       idis      10017  9.85620e-01
filters: Q2>1.690000                                                                                                      | 21       norm       idis      10010  1.00676e+00
filters: W2>10.000000                                                                                                     | 22       norm       idis      10011  9.97352e-01
    idx tar        col  npts       chi2  chi2-npts      rchi2      nchi2                                                  | 23       norm       idis      10020  9.88674e-01
  10016   p      BCDMS   348     734.11     386.11      20.48       1.58                                                  | 
  10017   d      BCDMS   254     528.21     274.21      23.22       0.23                                                  | 
  10020   p        NMC   273     643.83     370.83      10.66       0.32                                                  | 
  10021 d/p        NMC   174     325.49     151.49       0.89       0.00                                                  | 
  10010   p       SLAC   218     355.36     137.36       0.00       0.10                                                  | 
  10011   d       SLAC   228     366.92     138.92       0.00       0.02                                                  | 
