('active', 'pdf')

--step 1: npQCD objects = pdf , datasets = idis , tmc = False , ht = False
loading idis data sets 10016
loading idis data sets 10017
loading idis data sets 10020
loading idis data sets 10021
loading idis data sets 10010
loading idis data sets 10011
Loading DIS tables...
10016 has norm uncertainty
10017 has norm uncertainty
10020 has norm uncertainty
10010 has norm uncertainty
10011 has norm uncertainty
[H[J[H[J['pdf']
JAM FITTER                                                                                                                | 1        pdf       db1 N   1.43465e-01
count = 100                                                                                                               | 2        pdf       db1 a   7.45621e-01
elapsed time(mins)=0.414783                                                                                               | 3        pdf       db1 b   6.79839e-02
shifts  = 2                                                                                                               | 4        pdf       dv1 a  -3.89222e-01
npts    = 1495                                                                                                            | 5        pdf       dv1 b   7.40307e+00
chi2    = 110425.750868                                                                                                   | 6        pdf        g1 a   7.28967e-01
rchi2   = 15084.150545                                                                                                    | 7        pdf        g1 b   2.98695e+00
nchi2   = 267.844973                                                                                                      | 8        pdf        s1 N   2.82273e-02
chi2tot = 125777.746386                                                                                                   | 9        pdf        s1 a  -9.67802e-01
dchi2(iter)  = 0.000000                                                                                                   | 10        pdf        s1 b   2.61862e-02
dchi2(local) = -inf                                                                                                       | 11        pdf      sea1 N   9.38003e-02
pdf dv(1):1.000000                                                                                                        | 12        pdf      sea1 a  -1.79207e+00
pdf db-ub(2):-0.046347                                                                                                    | 13        pdf      sea1 b   9.53203e+00
pdf msr:1.000000                                                                                                          | 14        pdf       ub1 N   1.89812e-01
pdf db-ub(1):-0.733100                                                                                                    | 15        pdf       ub1 a   2.21045e-01
pdf uv(1):2.000000                                                                                                        | 16        pdf       ub1 b   3.98246e+00
pdf s-sb(1):0.000000                                                                                                      | 17        pdf       uv1 a  -1.68515e-01
pdf s-sb(2):0.000000                                                                                                      | 18        pdf       uv1 b   8.51455e+00
                                                                                                                          | 19       norm       idis      10016  1.19918e+00
reaction: unpol DIS                                                                                                       | 20       norm       idis      10017  1.06192e+00
filters: Q2>1.690000                                                                                                      | 21       norm       idis      10010  1.14022e+00
filters: W2>10.000000                                                                                                     | 22       norm       idis      10011  1.17017e+00
    idx tar        col  npts       chi2  chi2-npts      rchi2      nchi2                                                  | 23       norm       idis      10020  1.17288e+00
  10016   p      BCDMS   348    5898.76    5550.76    1044.64      44.08                                                  | 
  10017   d      BCDMS   254   11120.91   10866.91    4993.44       4.26                                                  | 
  10020   p        NMC   273   17721.09   17448.09    5123.52      74.72                                                  | 
  10021 d/p        NMC   174   13076.86   12902.86    3922.55       0.00                                                  | 
  10010   p       SLAC   218   27798.52   27580.52       0.00      44.59                                                  | 
  10011   d       SLAC   228   34809.61   34581.61       0.00     100.19                                                  | 
['pdf']
JAM FITTER                                                                                                                | 1        pdf       db1 N   3.28084e-02
count = 200                                                                                                               | 2        pdf       db1 a  -5.03369e-01
elapsed time(mins)=0.825129                                                                                               | 3        pdf       db1 b   1.35835e+00
shifts  = 2                                                                                                               | 4        pdf       dv1 a  -5.00955e-04
npts    = 1495                                                                                                            | 5        pdf       dv1 b   7.29107e+00
chi2    = 5039.706724                                                                                                     | 6        pdf        g1 a  -7.04271e-01
rchi2   = 580.822114                                                                                                      | 7        pdf        g1 b   4.45725e+00
nchi2   = 154.207675                                                                                                      | 8        pdf        s1 N   3.61235e-02
chi2tot = 5774.736513                                                                                                     | 9        pdf        s1 a  -7.89789e-01
dchi2(iter)  = 0.000000                                                                                                   | 10        pdf        s1 b   9.89514e+00
dchi2(local) = -inf                                                                                                       | 11        pdf      sea1 N   2.34966e-02
pdf dv(1):1.000000                                                                                                        | 12        pdf      sea1 a  -1.82259e+00
pdf db-ub(2):-0.088394                                                                                                    | 13        pdf      sea1 b   2.45973e-03
pdf msr:1.000000                                                                                                          | 14        pdf       ub1 N   1.21203e-01
pdf db-ub(1):-0.258718                                                                                                    | 15        pdf       ub1 a   9.73863e-01
pdf uv(1):2.000000                                                                                                        | 16        pdf       ub1 b   4.31107e+00
pdf s-sb(1):0.000000                                                                                                      | 17        pdf       uv1 a  -3.74517e-01
pdf s-sb(2):0.000000                                                                                                      | 18        pdf       uv1 b   7.00227e+00
                                                                                                                          | 19       norm       idis      10016  1.08513e+00
reaction: unpol DIS                                                                                                       | 20       norm       idis      10017  1.06336e+00
filters: Q2>1.690000                                                                                                      | 21       norm       idis      10010  1.15462e+00
filters: W2>10.000000                                                                                                     | 22       norm       idis      10[H[J[H[J011  1.14648e+00
    idx tar        col  npts       chi2  chi2-npts      rchi2      nchi2                                                  | 23       norm       idis      10020  1.07277e+00
  10016   p      BCDMS   348     839.11     491.11       9.09       8.05                                                  | 
  10017   d      BCDMS   254     758.84     504.84      78.19       4.46                                                  | 
  10020   p        NMC   273    1401.51    1128.51     131.17      13.24                                                  | 
  10021 d/p        NMC   174     943.90     769.90     362.37       0.00                                                  | 
  10010   p       SLAC   218     448.45     230.45       0.00      54.21                                                  | 
  10011   d       SLAC   228     647.90     419.90       0.00      74.25                                                  | 
['pdf']
JAM FITTER                                                                                                                | 1        pdf       db1 N   3.96012e-02
count = 300                                                                                                               | 2        pdf       db1 a  -6.42399e-01
elapsed time(mins)=1.239496                                                                                               | 3        pdf       db1 b   3.31928e+00
shifts  = 2                                                                                                               | 4        pdf       dv1 a  -3.66368e-01
npts    = 1495                                                                                                            | 5        pdf       dv1 b   5.03738e+00
chi2    = 2961.190165                                                                                                     | 6        pdf        g1 a  -7.73332e-01
rchi2   = 61.181262                                                                                                       | 7        pdf        g1 b   2.91716e+00
nchi2   = 14.959583                                                                                                       | 8        pdf        s1 N   6.56210e-03
chi2tot = 3037.331011                                                                                                     | 9        pdf        s1 a  -9.60353e-01
dchi2(iter)  = 0.000000                                                                                                   | 10        pdf        s1 b   9.57733e+00
dchi2(local) = -inf                                                                                                       | 11        pdf      sea1 N   1.57822e-02
pdf dv(1):1.000000                                                                                                        | 12        pdf      sea1 a  -1.50705e+00
pdf db-ub(2):-0.066461                                                                                                    | 13        pdf      sea1 b   7.47011e-01
pdf msr:1.000000                                                                                                          | 14        pdf       ub1 N   1.06062e-01
pdf db-ub(1):0.125263                                                                                                     | 15        pdf       ub1 a   8.18555e-01
pdf uv(1):2.000000                                                                                                        | 16        pdf       ub1 b   3.91407e+00
pdf s-sb(1):0.000000                                                                                                      | 17        pdf       uv1 a  -4.99463e-01
pdf s-sb(2):0.000000                                                                                                      | 18        pdf       uv1 b   5.67509e+00
                                                                                                                          | 19       norm       idis      10016  1.00240e+00
reaction: unpol DIS                                                                                                       | 20       norm       idis      10017  1.02631e+00
filters: Q2>1.690000                                                                                                      | 21       norm       idis      10010  1.04632e+00
filters: W2>10.000000                                                                                                     | 22       norm       idis      10011  1.04259e+00
    idx tar        col  npts       chi2  chi2-npts      rchi2      nchi2                                                  | 23       norm       idis      10020  1.03489e+00
  10016   p      BCDMS   348     739.90     391.90      22.59       0.01                                                  | 
  10017   d      BCDMS   254     506.12     252.12      24.71       0.77                                                  | 
  10020   p        NMC   273     681.63     408.63      10.69       3.04                                                  | 
  10021 d/p        NMC   174     308.20     134.20       3.20       0.00                                                  | 
  10010   p       SLAC   218     372.30     154.30       0.00       4.86                                                  | 
  10011   d       SLAC   228     353.04     125.04       0.00       6.28                                                  | 
['pdf']
JAM FITTER                                                                                                                | 1        pdf       db1 N   3.12777e-02
count = 400                                                                                                               | 2        pdf       db1 a  -6.32556e-01
elapsed time(mins)=1.657482                                                                                               | 3        pdf       db1 b   4.15644e+00
shifts  = 2                                                                                                               | 4        pdf       dv1 a  -3.70170e-01
npts    = 1495                                                                                                            | 5        pdf       dv1 b   4.32486e+00
chi2    = 2947.159862                                                                                                     | 6        pdf        g1 a  -7.96720e-01
rchi2   = 45.847079                                                                                                       | 7        pdf        g1 b   2.68055e+00
nchi2   = 1.565509                                                                                                        | 8        pdf        s1 N   1.48515e-02
chi2tot = 2994.572449                                                                                                     | 9        pdf        s1 a  -9.99252e-01
dchi2(iter)  = 0.000000                                                                                                   | 10        pdf        s1 b   9.97603e+00
dchi2(local) = -inf                                                                                                       | 11        pdf      sea1 N   1.41441e-02
pdf dv(1):1.000000                                                                                                        | 12        pdf      sea1 a  -1.52734e+00
pdf db-ub(2):-0.059649                                                                                                    | 13        pdf      sea1 b   7.02207e-01
pdf msr:1.000000                                                                                                          | 14        pdf       ub1 N   9.09266e-02
pdf db-ub(1):0.142646                                                                                                     | 15        pdf       ub1 a   8.49079e-01
pdf uv(1):2.000000                                                                                                        | 16        pdf       ub1 b   3.81218e+00
pdf s-sb(1):0.000000                                           [H[J[H[J                                                           | 17        pdf       uv1 a  -4.99920e-01
pdf s-sb(2):0.000000                                                                                                      | 18        pdf       uv1 b   4.82204e+00
                                                                                                                          | 19       norm       idis      10016  9.74118e-01
reaction: unpol DIS                                                                                                       | 20       norm       idis      10017  9.99839e-01
filters: Q2>1.690000                                                                                                      | 21       norm       idis      10010  1.01292e+00
filters: W2>10.000000                                                                                                     | 22       norm       idis      10011  1.00941e+00
    idx tar        col  npts       chi2  chi2-npts      rchi2      nchi2                                                  | 23       norm       idis      10020  1.00738e+00
  10016   p      BCDMS   348     740.81     392.81      18.99       0.74                                                  | 
  10017   d      BCDMS   254     501.64     247.64      18.20       0.00                                                  | 
  10020   p        NMC   273     674.35     401.35       6.62       0.14                                                  | 
  10021 d/p        NMC   174     301.76     127.76       2.04       0.00                                                  | 
  10010   p       SLAC   218     367.07     149.07       0.00       0.38                                                  | 
  10011   d       SLAC   228     361.54     133.54       0.00       0.31                                                  | 
['pdf']
JAM FITTER                                                                                                                | 1        pdf       db1 N   2.85703e-02
count = 500                                                                                                               | 2        pdf       db1 a  -6.17556e-01
elapsed time(mins)=2.072648                                                                                               | 3        pdf       db1 b   4.20790e+00
shifts  = 2                                                                                                               | 4        pdf       dv1 a  -3.45886e-01
npts    = 1495                                                                                                            | 5        pdf       dv1 b   4.28612e+00
chi2    = 2940.537092                                                                                                     | 6        pdf        g1 a  -7.64491e-01
rchi2   = 47.138108                                                                                                       | 7        pdf        g1 b   2.71640e+00
nchi2   = 1.330159                                                                                                        | 8        pdf        s1 N   2.69893e-02
chi2tot = 2989.005359                                                                                                     | 9        pdf        s1 a  -9.99945e-01
dchi2(iter)  = 0.000000                                                                                                   | 10        pdf        s1 b   9.99482e+00
dchi2(local) = -inf                                                                                                       | 11        pdf      sea1 N   1.18140e-02
pdf dv(1):1.000000                                                                                                        | 12        pdf      sea1 a  -1.55076e+00
pdf db-ub(2):-0.050737                                                                                                    | 13        pdf      sea1 b   6.27301e-01
pdf msr:1.000000                                                                                                          | 14        pdf       ub1 N   7.93078e-02
pdf db-ub(1):0.130946                                                                                                     | 15        pdf       ub1 a   7.91099e-01
pdf uv(1):2.000000                                                                                                        | 16        pdf       ub1 b   3.68327e+00
pdf s-sb(1):0.000000                                                                                                      | 17        pdf       uv1 a  -4.99977e-01
pdf s-sb(2):0.000000                                                                                                      | 18        pdf       uv1 b   4.06309e+00
                                                                                                                          | 19       norm       idis      10016  9.67841e-01
reaction: unpol DIS                                                                                                       | 20       norm       idis      10017  9.93658e-01
filters: Q2>1.690000                                                                                                      | 21       norm       idis      10010  1.00660e+00
filters: W2>10.000000                                                                                                     | 22       norm       idis      10011  1.00292e+00
    idx tar        col  npts       chi2  chi2-npts      rchi2      nchi2                                                  | 23       norm       idis      10020  1.00181e+00
  10016   p      BCDMS   348     736.24     388.24      19.74       1.15                                                  | 
  10017   d      BCDMS   254     502.12     248.12      18.54       0.04                                                  | 
  10020   p        NMC   273     674.47     401.47       6.76       0.01                                                  | 
  10021 d/p        NMC   174     299.40     125.40       2.10       0.00                                                  | 
  10010   p       SLAC   218     366.56     148.56       0.00       0.10                                                  | 
  10011   d       SLAC   228     361.75     133.75       0.00       0.03                                                  | 
['pdf']
JAM FITTER                                                                                                                | 1        pdf       db1 N   2.66655e-02
count = 600                                                                                                               | 2        pdf       db1 a  -6.20864e-01
elapsed time(mins)=2.487333                                                                                               | 3        pdf       db1 b   4.22348e+00
shifts  = 2                                                                                                               | 4        pdf       dv1 a  -3.26461e-01
npts    = 1495                                                                                                            | 5        pdf       dv1 b   4.29686e+00
chi2    = 2940.302505                                                                                                     | 6        pdf        g1 a  -7.46098e-01
rchi2   = 45.746361                                                                                                       | 7        pdf        g1 b   2.72155e+00
nchi2   = 1.544799                                                                                                        | 8        pdf        s1 N   3.24489e-02
chi2tot = 2987.593665                                                                                                     | 9        pdf        s1 a  -1.00000e+00
dchi2(iter)  = 0.000000                                                                                                   | 10        pdf        s1 b   9.99997e+00
dchi2(local) = -inf                                                                                        [H[J[H[J               | 11        pdf      sea1 N   1.09186e-02
pdf dv(1):1.000000                                                                                                        | 12        pdf      sea1 a  -1.55592e+00
pdf db-ub(2):-0.045211                                                                                                    | 13        pdf      sea1 b   6.08031e-01
pdf msr:1.000000                                                                                                          | 14        pdf       ub1 N   7.18762e-02
pdf db-ub(1):0.130722                                                                                                     | 15        pdf       ub1 a   7.47058e-01
pdf uv(1):2.000000                                                                                                        | 16        pdf       ub1 b   3.65340e+00
pdf s-sb(1):0.000000                                                                                                      | 17        pdf       uv1 a  -4.99991e-01
pdf s-sb(2):0.000000                                                                                                      | 18        pdf       uv1 b   3.68402e+00
                                                                                                                          | 19       norm       idis      10016  9.64317e-01
reaction: unpol DIS                                                                                                       | 20       norm       idis      10017  9.90264e-01
filters: Q2>1.690000                                                                                                      | 21       norm       idis      10010  1.00274e+00
filters: W2>10.000000                                                                                                     | 22       norm       idis      10011  9.99038e-01
    idx tar        col  npts       chi2  chi2-npts      rchi2      nchi2                                                  | 23       norm       idis      10020  9.98668e-01
  10016   p      BCDMS   348     733.98     385.98      18.96       1.41                                                  | 
  10017   d      BCDMS   254     501.68     247.68      17.92       0.11                                                  | 
  10020   p        NMC   273     674.92     401.92       6.79       0.00                                                  | 
  10021 d/p        NMC   174     298.73     124.73       2.08       0.00                                                  | 
  10010   p       SLAC   218     367.05     149.05       0.00       0.02                                                  | 
  10011   d       SLAC   228     363.94     135.94       0.00       0.00                                                  | 
['pdf']
JAM FITTER                                                                                                                | 1        pdf       db1 N   2.31589e-02
count = 700                                                                                                               | 2        pdf       db1 a  -6.35999e-01
elapsed time(mins)=2.887069                                                                                               | 3        pdf       db1 b   4.29053e+00
shifts  = 1                                                                                                               | 4        pdf       dv1 a  -3.00309e-01
npts    = 1495                                                                                                            | 5        pdf       dv1 b   4.30701e+00
chi2    = 2937.043086                                                                                                     | 6        pdf        g1 a  -7.31546e-01
rchi2   = 48.077595                                                                                                       | 7        pdf        g1 b   2.76408e+00
nchi2   = 1.778030                                                                                                        | 8        pdf        s1 N   3.63549e-02
chi2tot = 2986.898711                                                                                                     | 9        pdf        s1 a  -9.20637e-01
dchi2(iter)  = 0.000000                                                                                                   | 10        pdf        s1 b   1.00000e+01
dchi2(local) = -inf                                                                                                       | 11        pdf      sea1 N   1.14507e-02
pdf dv(1):1.000000                                                                                                        | 12        pdf      sea1 a  -1.54484e+00
pdf db-ub(2):-0.037235                                                                                                    | 13        pdf      sea1 b   7.26380e-01
pdf msr:1.000000                                                                                                          | 14        pdf       ub1 N   6.03940e-02
pdf db-ub(1):0.132386                                                                                                     | 15        pdf       ub1 a   7.25260e-01
pdf uv(1):2.000000                                                                                                        | 16        pdf       ub1 b   3.77001e+00
pdf s-sb(1):0.000000                                                                                                      | 17        pdf       uv1 a  -4.99997e-01
pdf s-sb(2):0.000000                                                                                                      | 18        pdf       uv1 b   3.20538e+00
                                                                                                                          | 19       norm       idis      10016  9.62290e-01
reaction: unpol DIS                                                                                                       | 20       norm       idis      10017  9.88315e-01
filters: Q2>1.690000                                                                                                      | 21       norm       idis      10010  1.00104e+00
filters: W2>10.000000                                                                                                     | 22       norm       idis      10011  9.97327e-01
    idx tar        col  npts       chi2  chi2-npts      rchi2      nchi2                                                  | 23       norm       idis      10020  9.97236e-01
  10016   p      BCDMS   348     732.69     384.69      20.38       1.58                                                  | 
  10017   d      BCDMS   254     502.89     248.89      18.74       0.15                                                  | 
  10020   p        NMC   273     675.38     402.38       6.87       0.02                                                  | 
  10021 d/p        NMC   174     297.92     123.92       2.09       0.00                                                  | 
  10010   p       SLAC   218     366.15     148.15       0.00       0.00                                                  | 
  10011   d       SLAC   228     362.01     134.01       0.00       0.02                                                  | 
['pdf']
JAM FITTER                                                                                                                | 1        pdf       db1 N   2.09000e-02
count = 800                                                                                                               | 2        pdf       db1 a  -6.50148e-01
elapsed time(mins)=3.294830                                                                                               | 3        pdf       db1 b   4.27919e+00
shifts  = 3                                                                                                               | 4        pdf       dv1 a  -2.91679e-01
npts    = 1495                                                                                                            | 5        pdf       dv1[H[J b   4.28455e+00
chi2    = 2935.683043                                                                                                     | 6        pdf        g1 a  -7.29004e-01
rchi2   = 47.141680                                                                                                       | 7        pdf        g1 b   2.77007e+00
nchi2   = 1.982686                                                                                                        | 8        pdf        s1 N   3.81882e-02
chi2tot = 2984.807409                                                                                                     | 9        pdf        s1 a  -8.36480e-01
dchi2(iter)  = inf                                                                                                        | 10        pdf        s1 b   1.00000e+01
dchi2(local) = -inf                                                                                                       | 11        pdf      sea1 N   1.21118e-02
pdf dv(1):1.000000                                                                                                        | 12        pdf      sea1 a  -1.52659e+00
pdf db-ub(2):-0.031483                                                                                                    | 13        pdf      sea1 b   9.59657e-01
pdf msr:1.000000                                                                                                          | 14        pdf       ub1 N   5.23826e-02
pdf db-ub(1):0.134770                                                                                                     | 15        pdf       ub1 a   7.66744e-01
pdf uv(1):2.000000                                                                                                        | 16        pdf       ub1 b   4.02959e+00
pdf s-sb(1):0.000000                                                                                                      | 17        pdf       uv1 a  -4.99998e-01
pdf s-sb(2):0.000000                                                                                                      | 18        pdf       uv1 b   2.93006e+00
                                                                                                                          | 19       norm       idis      10016  9.60716e-01
reaction: unpol DIS                                                                                                       | 20       norm       idis      10017  9.87135e-01
filters: Q2>1.690000                                                                                                      | 21       norm       idis      10010  9.99852e-01
filters: W2>10.000000                                                                                                     | 22       norm       idis      10011  9.96157e-01
    idx tar        col  npts       chi2  chi2-npts      rchi2      nchi2                                                  | 23       norm       idis      10020  9.96373e-01
  10016   p      BCDMS   348     729.83     381.83      20.16       1.71                                                  | 
  10017   d      BCDMS   254     502.95     248.95      18.04       0.18                                                  | 
  10020   p        NMC   273     675.10     402.10       6.86       0.03                                                  | 
  10021 d/p        NMC   174     296.79     122.79       2.09       0.00                                                  | 
  10010   p       SLAC   218     367.36     149.36       0.00       0.00                                                  | 
  10011   d       SLAC   228     363.67     135.67       0.00       0.05                                                  | 
['pdf']
JAM FITTER                                                                                                                | 1        pdf       db1 N   1.88696e-02
count = 900                                                                                                               | 2        pdf       db1 a  -6.73634e-01
elapsed time(mins)=3.693548                                                                                               | 3        pdf       db1 b   4.25651e+00
shifts  = 2                                                                                                               | 4        pdf       dv1 a  -2.94249e-01
npts    = 1495                                                                                                            | 5        pdf       dv1 b   4.25958e+00
chi2    = 2935.050476                                                                                                     | 6        pdf        g1 a  -7.34308e-01
rchi2   = 46.315688                                                                                                       | 7        pdf        g1 b   2.72421e+00
nchi2   = 1.941515                                                                                                        | 8        pdf        s1 N   3.44832e-02
chi2tot = 2983.307679                                                                                                     | 9        pdf        s1 a  -7.28164e-01
dchi2(iter)  = inf                                                                                                        | 10        pdf        s1 b   9.96938e+00
dchi2(local) = -1.499730                                                                                                  | 11        pdf      sea1 N   1.41855e-02
pdf dv(1):1.000000                                                                                                        | 12        pdf      sea1 a  -1.46983e+00
pdf db-ub(2):-0.028186                                                                                                    | 13        pdf      sea1 b   1.33763e+00
pdf msr:1.000000                                                                                                          | 14        pdf       ub1 N   4.70560e-02
pdf db-ub(1):0.142162                                                                                                     | 15        pdf       ub1 a   8.67963e-01
pdf uv(1):2.000000                                                                                                        | 16        pdf       ub1 b   4.30220e+00
pdf s-sb(1):0.000000                                                                                                      | 17        pdf       uv1 a  -4.99997e-01
pdf s-sb(2):0.000000                                                                                                      | 18        pdf       uv1 b   2.79879e+00
                                                                                                                          | 19       norm       idis      10016  9.60948e-01
reaction: unpol DIS                                                                                                       | 20       norm       idis      10017  9.87773e-01
filters: Q2>1.690000                                                                                                      | 21       norm       idis      10010  9.99798e-01
filters: W2>10.000000                                                                                                     | 22       norm       idis      10011  9.96112e-01
    idx tar        col  npts       chi2  chi2-npts      rchi2      nchi2                                                  | 23       norm       idis      10020  9.96623e-01
  10016   p      BCDMS   348     728.01     380.01      20.03       1.69                                                  | 
  10017   d      BCDMS   254     503.04     249.04      17.52       0.17                                                  | 
  10020   p        NMC   273     674.28     401.28       6.74       0.03                                                  | 
  10021 d/p        NMC   174     295.93     121.93       2.03       0.00                                                  | 
  10010   p       SLAC   218     368.83     150.83       0.00       0.00                                            [H[J[H[J      | 
  10011   d       SLAC   228     364.96     136.96       0.00       0.05                                                  | 
['pdf']
JAM FITTER                                                                                                                | 1        pdf       db1 N   1.79607e-02
count = 1000                                                                                                              | 2        pdf       db1 a  -6.80402e-01
elapsed time(mins)=4.093197                                                                                               | 3        pdf       db1 b   4.13570e+00
shifts  = 2                                                                                                               | 4        pdf       dv1 a  -3.12892e-01
npts    = 1495                                                                                                            | 5        pdf       dv1 b   4.21947e+00
chi2    = 2934.922979                                                                                                     | 6        pdf        g1 a  -7.43733e-01
rchi2   = 45.925472                                                                                                       | 7        pdf        g1 b   2.66626e+00
nchi2   = 1.745419                                                                                                        | 8        pdf        s1 N   2.84640e-02
chi2tot = 2982.593871                                                                                                     | 9        pdf        s1 a  -5.90838e-01
dchi2(iter)  = inf                                                                                                        | 10        pdf        s1 b   9.99167e+00
dchi2(local) = -2.213538                                                                                                  | 11        pdf      sea1 N   1.66681e-02
pdf dv(1):1.000000                                                                                                        | 12        pdf      sea1 a  -1.41008e+00
pdf db-ub(2):-0.025279                                                                                                    | 13        pdf      sea1 b   1.71342e+00
pdf msr:1.000000                                                                                                          | 14        pdf       ub1 N   4.32397e-02
pdf db-ub(1):0.142269                                                                                                     | 15        pdf       ub1 a   9.71681e-01
pdf uv(1):2.000000                                                                                                        | 16        pdf       ub1 b   4.52054e+00
pdf s-sb(1):0.000000                                                                                                      | 17        pdf       uv1 a  -4.99965e-01
pdf s-sb(2):0.000000                                                                                                      | 18        pdf       uv1 b   2.72214e+00
                                                                                                                          | 19       norm       idis      10016  9.62346e-01
reaction: unpol DIS                                                                                                       | 20       norm       idis      10017  9.89485e-01
filters: Q2>1.690000                                                                                                      | 21       norm       idis      10010  1.00076e+00
filters: W2>10.000000                                                                                                     | 22       norm       idis      10011  9.97035e-01
    idx tar        col  npts       chi2  chi2-npts      rchi2      nchi2                                                  | 23       norm       idis      10020  9.97510e-01
  10016   p      BCDMS   348     728.20     380.20      20.07       1.58                                                  | 
  10017   d      BCDMS   254     503.67     249.67      17.32       0.12                                                  | 
  10020   p        NMC   273     673.83     400.83       6.53       0.02                                                  | 
  10021 d/p        NMC   174     295.24     121.24       2.01       0.00                                                  | 
  10010   p       SLAC   218     369.21     151.21       0.00       0.00                                                  | 
  10011   d       SLAC   228     364.78     136.78       0.00       0.03                                                  | 
['pdf']
JAM FITTER                                                                                                                | 1        pdf       db1 N   1.77699e-02
count = 1100                                                                                                              | 2        pdf       db1 a  -6.71938e-01
elapsed time(mins)=4.505531                                                                                               | 3        pdf       db1 b   4.21008e+00
shifts  = 3                                                                                                               | 4        pdf       dv1 a  -3.18799e-01
npts    = 1495                                                                                                            | 5        pdf       dv1 b   4.19757e+00
chi2    = 2934.556583                                                                                                     | 6        pdf        g1 a  -7.43449e-01
rchi2   = 46.147419                                                                                                       | 7        pdf        g1 b   2.65766e+00
nchi2   = 1.670776                                                                                                        | 8        pdf        s1 N   2.64564e-02
chi2tot = 2982.374778                                                                                                     | 9        pdf        s1 a  -5.52529e-01
dchi2(iter)  = 2.432631                                                                                                   | 10        pdf        s1 b   9.99628e+00
dchi2(local) = -2.432631                                                                                                  | 11        pdf      sea1 N   1.73420e-02
pdf dv(1):1.000000                                                                                                        | 12        pdf      sea1 a  -1.39617e+00
pdf db-ub(2):-0.024816                                                                                                    | 13        pdf      sea1 b   1.77125e+00
pdf msr:1.000000                                                                                                          | 14        pdf       ub1 N   4.25858e-02
pdf db-ub(1):0.139006                                                                                                     | 15        pdf       ub1 a   9.96196e-01
pdf uv(1):2.000000                                                                                                        | 16        pdf       ub1 b   4.54944e+00
pdf s-sb(1):0.000000                                                                                                      | 17        pdf       uv1 a  -4.98604e-01
pdf s-sb(2):-0.000000                                                                                                     | 18        pdf       uv1 b   2.72256e+00
                                                                                                                          | 19       norm       idis      10016  9.62961e-01
reaction: unpol DIS                                                                                                       | 20       norm       idis      10017  9.90106e-01
filters: Q2>1.690000                                                                                                      | 21       norm       idis      10010  1.00115e+00
filters: W2>10.000000 [H[J[H[J                                                                                                    | 22       norm       idis      10011  9.97378e-01
    idx tar        col  npts       chi2  chi2-npts      rchi2      nchi2                                                  | 23       norm       idis      10020  9.97908e-01
  10016   p      BCDMS   348     727.56     379.56      20.11       1.52                                                  | 
  10017   d      BCDMS   254     503.64     249.64      17.40       0.11                                                  | 
  10020   p        NMC   273     673.39     400.39       6.62       0.01                                                  | 
  10021 d/p        NMC   174     295.25     121.25       2.03       0.00                                                  | 
  10010   p       SLAC   218     370.00     152.00       0.00       0.00                                                  | 
  10011   d       SLAC   228     364.72     136.72       0.00       0.02                                                  | 
['pdf']
JAM FITTER                                                                                                                | 1        pdf       db1 N   1.77901e-02
count = 1200                                                                                                              | 2        pdf       db1 a  -6.71128e-01
elapsed time(mins)=4.902635                                                                                               | 3        pdf       db1 b   4.20054e+00
shifts  = 2                                                                                                               | 4        pdf       dv1 a  -3.19949e-01
npts    = 1495                                                                                                            | 5        pdf       dv1 b   4.19563e+00
chi2    = 2934.562246                                                                                                     | 6        pdf        g1 a  -7.43565e-01
rchi2   = 46.131275                                                                                                       | 7        pdf        g1 b   2.65666e+00
nchi2   = 1.666399                                                                                                        | 8        pdf        s1 N   2.62981e-02
chi2tot = 2982.359920                                                                                                     | 9        pdf        s1 a  -5.46852e-01
dchi2(iter)  = 2.432631                                                                                                   | 10        pdf        s1 b   9.99859e+00
dchi2(local) = -0.014857                                                                                                  | 11        pdf      sea1 N   1.74052e-02
pdf dv(1):1.000000                                                                                                        | 12        pdf      sea1 a  -1.39465e+00
pdf db-ub(2):-0.024681                                                                                                    | 13        pdf      sea1 b   1.78256e+00
pdf msr:1.000000                                                                                                          | 14        pdf       ub1 N   4.24714e-02
pdf db-ub(1):0.138640                                                                                                     | 15        pdf       ub1 a   9.99994e-01
pdf uv(1):2.000000                                                                                                        | 16        pdf       ub1 b   4.55654e+00
pdf s-sb(1):0.000000                                                                                                      | 17        pdf       uv1 a  -4.98518e-01
pdf s-sb(2):0.000000                                                                                                      | 18        pdf       uv1 b   2.72064e+00
                                                                                                                          | 19       norm       idis      10016  9.62996e-01
reaction: unpol DIS                                                                                                       | 20       norm       idis      10017  9.90151e-01
filters: Q2>1.690000                                                                                                      | 21       norm       idis      10010  1.00117e+00
filters: W2>10.000000                                                                                                     | 22       norm       idis      10011  9.97400e-01
    idx tar        col  npts       chi2  chi2-npts      rchi2      nchi2                                                  | 23       norm       idis      10020  9.97932e-01
  10016   p      BCDMS   348     727.56     379.56      20.11       1.52                                                  | 
  10017   d      BCDMS   254     503.65     249.65      17.39       0.11                                                  | 
  10020   p        NMC   273     673.37     400.37       6.61       0.01                                                  | 
  10021 d/p        NMC   174     295.22     121.22       2.03       0.00                                                  | 
  10010   p       SLAC   218     370.03     152.03       0.00       0.00                                                  | 
  10011   d       SLAC   228     364.73     136.73       0.00       0.02                                                  | 
['pdf']
JAM FITTER                                                                                                                | 1        pdf       db1 N   1.79249e-02
count = 1300                                                                                                              | 2        pdf       db1 a  -6.70856e-01
elapsed time(mins)=5.287451                                                                                               | 3        pdf       db1 b   4.15940e+00
shifts  = 3                                                                                                               | 4        pdf       dv1 a  -3.20631e-01
npts    = 1495                                                                                                            | 5        pdf       dv1 b   4.20300e+00
chi2    = 2934.581736                                                                                                     | 6        pdf        g1 a  -7.43555e-01
rchi2   = 46.111287                                                                                                       | 7        pdf        g1 b   2.65696e+00
nchi2   = 1.666172                                                                                                        | 8        pdf        s1 N   2.63143e-02
chi2tot = 2982.359195                                                                                                     | 9        pdf        s1 a  -5.48674e-01
dchi2(iter)  = 0.015582                                                                                                   | 10        pdf        s1 b   9.99946e+00
dchi2(local) = -0.015582                                                                                                  | 11        pdf      sea1 N   1.73945e-02
pdf dv(1):1.000000                                                                                                        | 12        pdf      sea1 a  -1.39495e+00
pdf db-ub(2):-0.024523                                                                                                    | 13        pdf      sea1 b   1.78028e+00
pdf msr:1.000000                                                                                                          | 14        pdf       ub1 N   4.24483e-02
pdf db-ub(1):0.138532                                                                                                     | 15        pdf       ub1 a   1.00000e+00
pdf uv(1):2.000000                                                                           [H[J[H[J                             | 16        pdf       ub1 b   4.55596e+00
pdf s-sb(1):-0.000000                                                                                                     | 17        pdf       uv1 a  -4.98243e-01
pdf s-sb(2):-0.000000                                                                                                     | 18        pdf       uv1 b   2.72147e+00
                                                                                                                          | 19       norm       idis      10016  9.62997e-01
reaction: unpol DIS                                                                                                       | 20       norm       idis      10017  9.90151e-01
filters: Q2>1.690000                                                                                                      | 21       norm       idis      10010  1.00117e+00
filters: W2>10.000000                                                                                                     | 22       norm       idis      10011  9.97405e-01
    idx tar        col  npts       chi2  chi2-npts      rchi2      nchi2                                                  | 23       norm       idis      10020  9.97937e-01
  10016   p      BCDMS   348     727.56     379.56      20.10       1.52                                                  | 
  10017   d      BCDMS   254     503.63     249.63      17.37       0.11                                                  | 
  10020   p        NMC   273     673.37     400.37       6.61       0.01                                                  | 
  10021 d/p        NMC   174     295.22     121.22       2.02       0.00                                                  | 
  10010   p       SLAC   218     370.02     152.02       0.00       0.00                                                  | 
  10011   d       SLAC   228     364.77     136.77       0.00       0.02                                                  | 
['pdf']
JAM FITTER                                                                                                                | 1        pdf       db1 N   1.79018e-02
count = 1400                                                                                                              | 2        pdf       db1 a  -6.70674e-01
elapsed time(mins)=5.669149                                                                                               | 3        pdf       db1 b   4.16847e+00
shifts  = 3                                                                                                               | 4        pdf       dv1 a  -3.20465e-01
npts    = 1495                                                                                                            | 5        pdf       dv1 b   4.20172e+00
chi2    = 2934.584980                                                                                                     | 6        pdf        g1 a  -7.43564e-01
rchi2   = 46.107962                                                                                                       | 7        pdf        g1 b   2.65696e+00
nchi2   = 1.666002                                                                                                        | 8        pdf        s1 N   2.63148e-02
chi2tot = 2982.358945                                                                                                     | 9        pdf        s1 a  -5.48940e-01
dchi2(iter)  = 0.000251                                                                                                   | 10        pdf        s1 b   9.99983e+00
dchi2(local) = -0.000251                                                                                                  | 11        pdf      sea1 N   1.73930e-02
pdf dv(1):1.000000                                                                                                        | 12        pdf      sea1 a  -1.39499e+00
pdf db-ub(2):-0.024542                                                                                                    | 13        pdf      sea1 b   1.78007e+00
pdf msr:1.000000                                                                                                          | 14        pdf       ub1 N   4.24434e-02
pdf db-ub(1):0.138505                                                                                                     | 15        pdf       ub1 a   1.00000e+00
pdf uv(1):2.000000                                                                                                        | 16        pdf       ub1 b   4.55590e+00
pdf s-sb(1):0.000000                                                                                                      | 17        pdf       uv1 a  -4.98194e-01
pdf s-sb(2):0.000000                                                                                                      | 18        pdf       uv1 b   2.72158e+00
                                                                                                                          | 19       norm       idis      10016  9.62999e-01
reaction: unpol DIS                                                                                                       | 20       norm       idis      10017  9.90153e-01
filters: Q2>1.690000                                                                                                      | 21       norm       idis      10010  1.00118e+00
filters: W2>10.000000                                                                                                     | 22       norm       idis      10011  9.97406e-01
    idx tar        col  npts       chi2  chi2-npts      rchi2      nchi2                                                  | 23       norm       idis      10020  9.97938e-01
  10016   p      BCDMS   348     727.56     379.56      20.10       1.52                                                  | 
  10017   d      BCDMS   254     503.63     249.63      17.37       0.11                                                  | 
  10020   p        NMC   273     673.37     400.37       6.61       0.01                                                  | 
  10021 d/p        NMC   174     295.21     121.21       2.02       0.00                                                  | 
  10010   p       SLAC   218     370.02     152.02       0.00       0.00                                                  | 
  10011   d       SLAC   228     364.78     136.78       0.00       0.02                                                  | 
['pdf']
JAM FITTER                                                                                                                | 1        pdf       db1 N   1.79018e-02
count = 1420                                                                                                              | 2        pdf       db1 a  -6.70674e-01
elapsed time(mins)=5.749146                                                                                               | 3        pdf       db1 b   4.16847e+00
shifts  = 2                                                                                                               | 4        pdf       dv1 a  -3.20465e-01
npts    = 1495                                                                                                            | 5        pdf       dv1 b   4.20172e+00
chi2    = 2934.584934                                                                                                     | 6        pdf        g1 a  -7.43564e-01
rchi2   = 46.108008                                                                                                       | 7        pdf        g1 b   2.65696e+00
nchi2   = 1.666002                                                                                                        | 8        pdf        s1 N   2.63148e-02
chi2tot = 2982.358945                                                                                                     | 9        pdf        s1 a  -5.48940e-01
dchi2(iter)  = 0.000251                                                                                                   | 10        pdf        s1 b   9.99983e+00
dchi2(local) = 0.000000                                                                                                   | 11        pdf      sea1 N   1.73930e-02
pdf dv(1):1.000000                                                                                                        | 12        pdf      sea1 a  -1.39499e+00
pdf db-ub(2):-0.024542                                                                                                    | 13        pdf      sea1 b   1.78007e+00
pdf msr:1.000000                                                                                                          | 14        pdf       ub1 N   4.24434e-02
pdf db-ub(1):0.138505                                                                                                     | 15        pdf       ub1 a   1.00000e+00
pdf uv(1):2.000000                                                                                                        | 16        pdf       ub1 b   4.55590e+00
pdf s-sb(1):0.000000                                                                                                      | 17        pdf       uv1 a  -4.98194e-01
pdf s-sb(2):0.000000                                                                                                      | 18        pdf       uv1 b   2.72158e+00
                                                                                                                          | 19       norm       idis      10016  9.62999e-01
reaction: unpol DIS                                                                                                       | 20       norm       idis      10017  9.90153e-01
filters: Q2>1.690000                                                                                                      | 21       norm       idis      10010  1.00118e+00
filters: W2>10.000000                                                                                                     | 22       norm       idis      10011  9.97406e-01
    idx tar        col  npts       chi2  chi2-npts      rchi2      nchi2                                                  | 23       norm       idis      10020  9.97938e-01
  10016   p      BCDMS   348     727.56     379.56      20.10       1.52                                                  | 
  10017   d      BCDMS   254     503.63     249.63      17.37       0.11                                                  | 
  10020   p        NMC   273     673.37     400.37       6.61       0.01                                                  | 
  10021 d/p        NMC   174     295.21     121.21       2.02       0.00                                                  | 
  10010   p       SLAC   218     370.02     152.02       0.00       0.00                                                  | 
  10011   d       SLAC   228     364.78     136.78       0.00       0.02                                                  | 
