('active', 'pdf')

--step 1: npQCD objects = pdf , datasets = idis , tmc = False , ht = False
loading idis data sets 10016
loading idis data sets 10017
loading idis data sets 10020
loading idis data sets 10021
loading idis data sets 10010
loading idis data sets 10011
Loading DIS tables...
10016 has norm uncertainty
10017 has norm uncertainty
10020 has norm uncertainty
10010 has norm uncertainty
10011 has norm uncertainty
[H[J[H[J[H[J[H[J[H[J[H[J[H[J[H[J[H[J[H[J[H[J[H[J['pdf']
JAM FITTER                                                                                                                | 1        pdf       db1 N   1.44703e-01
count = 100                                                                                                               | 2        pdf       db1 a   2.18337e-01
elapsed time(mins)=0.939121                                                                                               | 3        pdf       db1 b   3.36504e-01
shifts  = 2                                                                                                               | 4        pdf       dv1 a   3.30037e-01
npts    = 1495                                                                                                            | 5        pdf       dv1 b   7.32550e+00
chi2    = 92105.071553                                                                                                    | 6        pdf        g1 a  -1.65123e+00
rchi2   = 12688.315486                                                                                                    | 7        pdf        g1 b   2.99648e+00
nchi2   = 100.244136                                                                                                      | 8        pdf        s1 N   2.49984e-02
chi2tot = 104893.631174                                                                                                   | 9        pdf        s1 a  -2.15992e-01
dchi2(iter)  = 0.000000                                                                                                   | 10        pdf        s1 b   5.03903e+00
dchi2(local) = -inf                                                                                                       | 11        pdf      sea1 N   4.30086e-02
pdf dv(1):1.000000                                                                                                        | 12        pdf      sea1 a  -1.48156e+00
pdf db-ub(2):0.141820                                                                                                     | 13        pdf      sea1 b   7.80765e+00
pdf msr:1.000000                                                                                                          | 14        pdf       ub1 N   2.88322e-03
pdf db-ub(1):0.059008                                                                                                     | 15        pdf       ub1 a  -9.23897e-01
pdf uv(1):2.000000                                                                                                        | 16        pdf       ub1 b   5.37573e+00
pdf s-sb(1):0.000000                                                                                                      | 17        pdf       uv1 a  -3.81269e-01
pdf s-sb(2):0.000000                                                                                                      | 18        pdf       uv1 b   3.68483e+00
                                                                                                                          | 19       norm       idis      10016  9.36392e-01
reaction: unpol DIS                                                                                                       | 20       norm       idis      10017  1.00586e+00
filters: Q2>1.690000                                                                                                      | 21       norm       idis      10010  1.01902e+00
filters: W2>10.000000                                                                                                     | 22       norm       idis      10011  1.08844e+00
    idx tar        col  npts       chi2  chi2-npts      rchi2      nchi2                                                  | 23       norm       idis      10020  1.16471e+00
  10016   p      BCDMS   348   25181.82   24833.82     554.63       4.50                                                  | 
  10017   d      BCDMS   254   12078.39   11824.39    3707.63       0.04                                                  | 
  10020   p        NMC   273   15418.79   15145.79    3166.45      67.82                                                  | 
  10021 d/p        NMC   174   10997.24   10823.24    5259.60       0.00                                                  | 
  10010   p       SLAC   218    7919.38    7701.38       0.00       0.82                                                  | 
  10011   d       SLAC   228   20509.45   20281.45       0.00      27.07                                                  | 
['pdf']
JAM FITTER                                                                                                                | 1        pdf       db1 N   4.62053e-02
count = 200                                                                                                               | 2        pdf       db1 a  -4.30566e-01
elapsed time(mins)=1.869164                                                                                               | 3        pdf       db1 b   2.12218e+00
shifts  = 3                                                                                                               | 4        pdf       dv1 a  -8.51120e-02
npts    = 1495                                                                                                            | 5        pdf       dv1 b   6.98919e+00
chi2    = 3915.152599                                                                                                     | 6        pdf        g1 a  -1.03780e+00
rchi2   = 157.645864                                                                                                      | 7        pdf        g1 b   5.05494e+00
nchi2   = 97.310586                                                                                                       | 8        pdf        s1 N   1.03858e-02
chi2tot = 4170.109049                                                                                                     | 9        pdf        s1 a   9.74132e-01
dchi2(iter)  = inf                                                                                                        | 10        pdf        s1 b   3.78067e+00
dchi2(local) = -inf                                                                                                       | 11        pdf      sea1 N   2.04640e-02
pdf dv(1):1.000000                                                                                                        | 12        pdf      sea1 a  -1.23747e+00
pdf db-ub(2):0.032232                                                                                                     | 13        pdf      sea1 b   5.87694e+00
pdf msr:1.000000                                                                                                          | 14        pdf       ub1 N   1.39735e-02
pdf db-ub(1):0.216410                                                                                                     | 15        pdf       ub1 a  -3.16224e-01
pdf uv(1):2.000000                                                                                                        | 16        pdf       ub1 b   2.38444e+00
pdf s-sb(1):0.000000                                                                                                      | 17        pdf       uv1 a  -1.93698e-01
pdf s-sb(2):-0.000000                                                                                                     | 18        pdf       uv1 b   3.10152e+00
                                                                                                                          | 19       norm       idis      10016  1.02710e+00
reaction: unpol DIS                                                                                                       | 20       norm       idis      10017  1.06465e+00
filters: Q2>1.690000                                                                                                      | 21       norm       idis      10010  1.10190e+00
filters: W2>10.000000                                                                                                     | 22       norm       idis      10011  1.13794e+00
    idx tar        col  npts       chi2  chi2-npts      rchi2      nchi2                                                  | 23       norm       idis      10020  1.03140e+00
  10016   p      BCDMS   348     968.51     620.51      37.10       0.82                                                  | 
  10017   d      BCDMS   254     718.27     464.27      49.81       4.64                                                  | 
  10020   p        NMC   273     757.85     484.85      21.82       2.46                                                  | 
  10021 d/p        NMC   174     483.71     309.71      48.92       0.00                                                  | 
  10010   p       SLAC   218     438.54     220.54       0.00      23.54                                                  | 
  10011   d       SLAC   228     548.27     320.27       0.00      65.84                                                  | 
['pdf']
JAM FITTER                                                                                                                | 1        pdf       db1 N   1.62257e-02
count = 300                                                                                                               | 2        pdf       db1 a  -3.59743e-01
elapsed time(mins)=2.800893                                                                                               | 3        pdf       db1 b   3.42812e+00
shifts  = 2                                                                                                               | 4        pdf       dv1 a  -1.41347e-01
npts    = 1495                                                                                                            | 5        pdf       dv1 b   6.63806e+00
chi2    = 3099.066648                                                                                                     | 6        pdf        g1 a  -5.61826e-01
rchi2   = 59.182891                                                                                                       | 7        pdf        g1 b   3.95696e+00
nchi2   = 2.386308                                                                                                        | 8        pdf        s1 N   9.07316e-02
chi2tot = 3160.635847                                                                                                     | 9        pdf        s1 a   9.89671e-01
dchi2(iter)  = inf                                                                                                        | 10        pdf        s1 b   4.53723e+00
dchi2(local) = -1009.473202                                                                                               | 11        pdf      sea1 N   1.40366e-02
pdf dv(1):1.000000                                                                                                        | 12        pdf      sea1 a  -1.11955e+00
pdf db-ub(2):0.016193                                                                                                     | 13        pdf      sea1 b   9.83936e+00
pdf msr:1.000000                                                                                                          | 14        pdf       ub1 N   3.24177e-05
pdf db-ub(1):0.128205                                                                                                     | 15        pdf       ub1 a  -5.77639e-01
pdf uv(1):2.000000                                                                                                        | 16        pdf       ub1 b   1.71199e+00
pdf s-sb(1):-0.000000                                                                                                     | 17        pdf       uv1 a  -2.65695e-01
pdf s-sb(2):-0.000000                                                                                                     | 18        pdf       uv1 b   3.01220e+00
                                                                                                                          | 19       norm       idis      10016  9.67029e-01
reaction: unpol DIS                                                                                                       | 20       norm       idis      10017  9.86328e-01
filters: Q2>1.690000                                                                                                      | 21       norm       idis      10010  1.01514e+00
filters: W2>10.000000                                                                                                     | 22       norm       idis      10011  1.00961e+00
    idx tar        col  npts       chi2  chi2-npts      rchi2      nchi2                                                  | 23       norm       idis      10020  9.92759e-01
  10016   p      BCDMS   348     808.27     460.27      23.51       1.21                                                  | 
  10017   d      BCDMS   254     494.58     240.58      13.66       0.21                                                  | 
  10020   p        NMC   273     675.79     402.79      17.91       0.13                                                  | 
  10021 d/p        NMC   174     367.83     193.83       4.11       0.00                                                  | 
  10010   p       SLAC   218     407.84     189.84       0.00       0.52                                                  | 
  10011   d       SLAC   228     344.76     116.76       0.00       0.32                                                  | 
['pdf']
JAM FITTER                                                                                                                | 1        pdf       db1 N   2.02663e-02
count = 400                                                                                                               | 2        pdf       db1 a   4.60836e-02
elapsed time(mins)=3.729631                                                                                               | 3        pdf       db1 b   4.26643e+00
shifts  = 3                                                                                                               | 4        pdf       dv1 a  -1.98292e-01
npts    = 1495                                                                                                            | 5        pdf       dv1 b   7.29132e+00
chi2    = 3086.482398                                                                                                     | 6        pdf        g1 a  -6.53087e-01
rchi2   = 58.710293                                                                                                       | 7        pdf        g1 b   3.57174e+00
nchi2   = 4.140802                                                                                                        | 8        pdf        s1 N   9.83414e-02
chi2tot = 3149.333493                                                                                                     | 9        pdf        s1 a   9.99993e-01
dchi2(iter)  = 1020.775556                                                                                                | 10        pdf        s1 b   4.71580e+00
dchi2(local) = -1020.775556                                                                                               | 11        pdf      sea1 N   1.34663e-02
pdf dv(1):1.000000                                                                                                        | 12        pdf      sea1 a  -1.12809e+00
pdf db-ub(2):0.019791                                                                                                     | 13        pdf      sea1 b   9.98394e+00
pdf msr:1.000000                                                                                                          | 14        pdf       ub1 N   4.75414e-04
pdf db-ub(1):0.118803                                                                                                     | 15        pdf       ub1 a  -7.48403e-01
pdf uv(1):2.000000                                                                                                        | 16        pdf       ub1 b   5.96616e-01
pdf s-sb(1):0.000000                                                                                                      | 17        pdf       uv1 a  -2.97524e-01
pdf s-sb(2):0.000000                                                                                                      | 18        pdf       uv1 b   2.94638e+00
                                                                                                                          | 19       norm       idis      10016  9.53762e-01
reaction: unpol DIS                                                                                                       | 20       norm       idis      10017  9.73477e-01
filters: Q2>1.690000                                                                                                      | 21       norm       idis      10010  1.00201e+00
filters: W2>10.000000                                                                                                     | 22       norm       idis      10011  9.96138e-01
    idx tar        col  npts       chi2  chi2-npts      rchi2      nchi2                                                  | 23       norm       idis      10020  9.80787e-01
  10016   p      BCDMS   348     811.23     463.23      25.43       2.38                                                  | 
  10017   d      BCDMS   254     486.51     232.51      14.54       0.78                                                  | 
  10020   p        NMC   273     678.13     405.13      14.23       0.92                                                  | 
  10021 d/p        NMC   174     368.45     194.45       4.52       0.00                                                  | 
  10010   p       SLAC   218     403.27     185.27       0.00       0.01                                                  | 
  10011   d       SLAC   228     338.90     110.90       0.00       0.05                                                  | 
['pdf']
JAM FITTER                                                                                                                | 1        pdf       db1 N   2.33284e-02
count = 500                                                                                                               | 2        pdf       db1 a   4.31832e-01
elapsed time(mins)=4.656677                                                                                               | 3        pdf       db1 b   4.95918e+00
shifts  = 2                                                                                                               | 4        pdf       dv1 a  -1.77169e-01
npts    = 1495                                                                                                            | 5        pdf       dv1 b   8.09962e+00
chi2    = 3085.039186                                                                                                     | 6        pdf        g1 a  -6.65018e-01
rchi2   = 58.242948                                                                                                       | 7        pdf        g1 b   3.49801e+00
nchi2   = 4.029592                                                                                                        | 8        pdf        s1 N   9.52070e-02
chi2tot = 3147.311725                                                                                                     | 9        pdf        s1 a   9.98899e-01
dchi2(iter)  = 1020.775556                                                                                                | 10        pdf        s1 b   4.72255e+00
dchi2(local) = -2.021768                                                                                                  | 11        pdf      sea1 N   1.35093e-02
pdf dv(1):1.000000                                                                                                        | 12        pdf      sea1 a  -1.12826e+00
pdf db-ub(2):0.022863                                                                                                     | 13        pdf      sea1 b   1.00000e+01
pdf msr:1.000000                                                                                                          | 14        pdf       ub1 N   4.65754e-04
pdf db-ub(1):0.115210                                                                                                     | 15        pdf       ub1 a  -8.79675e-01
pdf uv(1):2.000000                                                                                                        | 16        pdf       ub1 b   2.25583e-01
pdf s-sb(1):0.000000                                                                                                      | 17        pdf       uv1 a  -2.93262e-01
pdf s-sb(2):0.000000                                                                                                      | 18        pdf       uv1 b   2.94947e+00
                                                                                                                          | 19       norm       idis      10016  9.54335e-01
reaction: unpol DIS                                                                                                       | 20       norm       idis      10017  9.74176e-01
filters: Q2>1.690000                                                                                                      | 21       norm       idis      10010  1.00229e+00
filters: W2>10.000000                                                                                                     | 22       norm       idis      10011  9.96206e-01
    idx tar        col  npts       chi2  chi2-npts      rchi2      nchi2                                                  | 23       norm       idis      10020  9.80923e-01
  10016   p      BCDMS   348     812.38     464.38      25.39       2.32                                                  | 
  10017   d      BCDMS   254     484.77     230.77      13.95       0.74                                                  | 
  10020   p        NMC   273     677.03     404.03      14.10       0.91                                                  | 
  10021 d/p        NMC   174     368.69     194.69       4.80       0.00                                                  | 
  10010   p       SLAC   218     402.70     184.70       0.00       0.01                                                  | 
  10011   d       SLAC   228     339.47     111.47       0.00       0.05                                                  | 
['pdf']
JAM FITTER                                                                                                                | 1        pdf       db1 N   2.50336e-02
count = 600                                                                                                               | 2        pdf       db1 a   9.99740e-01
elapsed time(mins)=5.581907                                                                                               | 3        pdf       db1 b   5.95773e+00
shifts  = 2                                                                                                               | 4        pdf       dv1 a  -9.51905e-02
npts    = 1495                                                                                                            | 5        pdf       dv1 b   9.10661e+00
chi2    = 3081.802409                                                                                                     | 6        pdf        g1 a  -6.90233e-01
rchi2   = 58.039561                                                                                                       | 7        pdf        g1 b   3.38516e+00
nchi2   = 3.385217                                                                                                        | 8        pdf        s1 N   8.70428e-02
chi2tot = 3143.227187                                                                                                     | 9        pdf        s1 a   1.00000e+00
dchi2(iter)  = 1020.775556                                                                                                | 10        pdf        s1 b   4.57107e+00
dchi2(local) = -6.106306                                                                                                  | 11        pdf      sea1 N   1.37913e-02
pdf dv(1):1.000000                                                                                                        | 12        pdf      sea1 a  -1.12864e+00
pdf db-ub(2):0.024435                                                                                                     | 13        pdf      sea1 b   1.00000e+01
pdf msr:1.000000                                                                                                          | 14        pdf       ub1 N   5.98547e-04
pdf db-ub(1):0.110683                                                                                                     | 15        pdf       ub1 a  -7.48192e-02
pdf uv(1):2.000000                                                                                                        | 16        pdf       ub1 b   3.17501e-01
pdf s-sb(1):0.000000                                                                                                      | 17        pdf       uv1 a  -2.75376e-01
pdf s-sb(2):0.000000                                                                                                      | 18        pdf       uv1 b   2.99388e+00
                                                                                                                          | 19       norm       idis      10016  9.57341e-01
reaction: unpol DIS                                                                                                       | 20       norm       idis      10017  9.77309e-01
filters: Q2>1.690000                                                                                                      | 21       norm       idis      10010  1.00490e+00
filters: W2>10.000000                                                                                                     | 22       norm       idis      10011  9.98345e-01
    idx tar        col  npts       chi2  chi2-npts      rchi2      nchi2                                                  | 23       norm       idis      10020  9.82945e-01
  10016   p      BCDMS   348     815.91     467.91      25.92       2.02                                                  | 
  10017   d      BCDMS   254     479.64     225.64      13.31       0.57                                                  | 
  10020   p        NMC   273     674.82     401.82      13.57       0.73                                                  | 
  10021 d/p        NMC   174     370.41     196.41       5.23       0.00                                                  | 
  10010   p       SLAC   218     400.38     182.38       0.00       0.05                                                  | 
  10011   d       SLAC   228     340.63     112.63       0.00       0.01                                                  | 
['pdf']
JAM FITTER                                                                                                                | 1        pdf       db1 N   2.53241e-02
count = 700                                                                                                               | 2        pdf       db1 a   1.00000e+00
elapsed time(mins)=6.509854                                                                                               | 3        pdf       db1 b   5.96610e+00
shifts  = 23                                                                                                              | 4        pdf       dv1 a  -9.33673e-02
npts    = 1495                                                                                                            | 5        pdf       dv1 b   9.16639e+00
chi2    = 3081.428452                                                                                                     | 6        pdf        g1 a  -6.90893e-01
rchi2   = 58.230027                                                                                                       | 7        pdf        g1 b   3.38985e+00
nchi2   = 3.416018                                                                                                        | 8        pdf        s1 N   8.68251e-02
chi2tot = 3143.074496                                                                                                     | 9        pdf        s1 a   1.00000e+00
dchi2(iter)  = 6.258997                                                                                                   | 10        pdf        s1 b   4.57189e+00
dchi2(local) = -6.258997                                                                                                  | 11        pdf      sea1 N   1.37399e-02
pdf dv(1):1.000000                                                                                                        | 12        pdf      sea1 a  -1.12992e+00
pdf db-ub(2):0.024748                                                                                                     | 13        pdf      sea1 b   1.00000e+01
pdf msr:1.000000                                                                                                          | 14        pdf       ub1 N   5.75837e-04
pdf db-ub(1):0.112304                                                                                                     | 15        pdf       ub1 a   4.09783e-01
pdf uv(1):2.000000                                                                                                        | 16        pdf       ub1 b   5.89161e-01
pdf s-sb(1):0.000000                                                                                                      | 17        pdf       uv1 a  -2.74730e-01
pdf s-sb(2):0.000000                                                                                                      | 18        pdf       uv1 b   2.99624e+00
                                                                                                                          | 19       norm       idis      10016  9.57218e-01
reaction: unpol DIS                                                                                                       | 20       norm       idis      10017  9.77322e-01
filters: Q2>1.690000                                                                                                      | 21       norm       idis      10010  1.00479e+00
filters: W2>10.000000                                                                                                     | 22       norm       idis      10011  9.98370e-01
    idx tar        col  npts       chi2  chi2-npts      rchi2      nchi2                                                  | 23       norm       idis      10020  9.82684e-01
  10016   p      BCDMS   348     815.40     467.40      25.95       2.03                                                  | 
  10017   d      BCDMS   254     479.73     225.73      13.31       0.57                                                  | 
  10020   p        NMC   273     674.24     401.24      13.74       0.75                                                  | 
  10021 d/p        NMC   174     370.64     196.64       5.22       0.00                                                  | 
  10010   p       SLAC   218     400.82     182.82       0.00       0.05                                                  | 
  10011   d       SLAC   228     340.61     112.61       0.00       0.01                                                  | 
['pdf']
JAM FITTER                                                                                                                | 1        pdf       db1 N   2.52959e-02
count = 800                                                                                                               | 2        pdf       db1 a   1.00000e+00
elapsed time(mins)=7.432380                                                                                               | 3        pdf       db1 b   5.96741e+00
shifts  = 2                                                                                                               | 4        pdf       dv1 a  -9.33954e-02
npts    = 1495                                                                                                            | 5        pdf       dv1 b   9.16104e+00
chi2    = 3081.384210                                                                                                     | 6        pdf        g1 a  -6.90170e-01
rchi2   = 58.256265                                                                                                       | 7        pdf        g1 b   3.39338e+00
nchi2   = 3.417411                                                                                                        | 8        pdf        s1 N   8.68606e-02
chi2tot = 3143.057885                                                                                                     | 9        pdf        s1 a   1.00000e+00
dchi2(iter)  = 6.258997                                                                                                   | 10        pdf        s1 b   4.56854e+00
dchi2(local) = -0.016611                                                                                                  | 11        pdf      sea1 N   1.37446e-02
pdf dv(1):1.000000                                                                                                        | 12        pdf      sea1 a  -1.12978e+00
pdf db-ub(2):0.024787                                                                                                     | 13        pdf      sea1 b   1.00000e+01
pdf msr:1.000000                                                                                                          | 14        pdf       ub1 N   5.08809e-04
pdf db-ub(1):0.112452                                                                                                     | 15        pdf       ub1 a   7.70926e-01
pdf uv(1):2.000000                                                                                                        | 16        pdf       ub1 b   5.95131e-01
pdf s-sb(1):0.000000                                                                                                      | 17        pdf       uv1 a  -2.74431e-01
pdf s-sb(2):0.000000                                                                                                      | 18        pdf       uv1 b   2.99622e+00
                                                                                                                          | 19       norm       idis      10016  9.57205e-01
reaction: unpol DIS                                                                                                       | 20       norm       idis      10017  9.77308e-01
filters: Q2>1.690000                                                                                                      | 21       norm       idis      10010  1.00478e+00
filters: W2>10.000000                                                                                                     | 22       norm       idis      10011  9.98367e-01
    idx tar        col  npts       chi2  chi2-npts      rchi2      nchi2                                                  | 23       norm       idis      10020  9.82688e-01
  10016   p      BCDMS   348     815.54     467.54      25.98       2.03                                                  | 
  10017   d      BCDMS   254     479.66     225.66      13.33       0.57                                                  | 
  10020   p        NMC   273     674.27     401.27      13.73       0.75                                                  | 
  10021 d/p        NMC   174     370.60     196.60       5.22       0.00                                                  | 
  10010   p       SLAC   218     400.80     182.80       0.00       0.05                                                  | 
  10011   d       SLAC   228     340.51     112.51       0.00       0.01                                                  | 
['pdf']
JAM FITTER                                                                                                                | 1        pdf       db1 N   2.52926e-02
count = 900                                                                                                               | 2        pdf       db1 a   1.00000e+00
elapsed time(mins)=8.358199                                                                                               | 3        pdf       db1 b   5.97751e+00
shifts  = 2                                                                                                               | 4        pdf       dv1 a  -9.37676e-02
npts    = 1495                                                                                                            | 5        pdf       dv1 b   9.16277e+00
chi2    = 3081.381689                                                                                                     | 6        pdf        g1 a  -6.89515e-01
rchi2   = 58.248567                                                                                                       | 7        pdf        g1 b   3.39932e+00
nchi2   = 3.426560                                                                                                        | 8        pdf        s1 N   8.70467e-02
chi2tot = 3143.056815                                                                                                     | 9        pdf        s1 a   1.00000e+00
dchi2(iter)  = 6.258997                                                                                                   | 10        pdf        s1 b   4.56244e+00
dchi2(local) = -0.017681                                                                                                  | 11        pdf      sea1 N   1.37403e-02
pdf dv(1):1.000000                                                                                                        | 12        pdf      sea1 a  -1.12987e+00
pdf db-ub(2):0.024777                                                                                                     | 13        pdf      sea1 b   1.00000e+01
pdf msr:1.000000                                                                                                          | 14        pdf       ub1 N   5.15247e-04
pdf db-ub(1):0.112555                                                                                                     | 15        pdf       ub1 a   7.81433e-01
pdf uv(1):2.000000                                                                                                        | 16        pdf       ub1 b   5.97240e-01
pdf s-sb(1):0.000000                                                                                                      | 17        pdf       uv1 a  -2.74443e-01
pdf s-sb(2):0.000000                                                                                                      | 18        pdf       uv1 b   2.99743e+00
                                                                                                                          | 19       norm       idis      10016  9.57155e-01
reaction: unpol DIS                                                                                                       | 20       norm       idis      10017  9.77259e-01
filters: Q2>1.690000                                                                                                      | 21       norm       idis      10010  1.00476e+00
filters: W2>10.000000                                                                                                     | 22       norm       idis      10011  9.98361e-01
    idx tar        col  npts       chi2  chi2-npts      rchi2      nchi2                                                  | 23       norm       idis      10020  9.82661e-01
  10016   p      BCDMS   348     815.53     467.53      25.97       2.04                                                  | 
  10017   d      BCDMS   254     479.67     225.67      13.33       0.57                                                  | 
  10020   p        NMC   273     674.27     401.27      13.74       0.75                                                  | 
  10021 d/p        NMC   174     370.57     196.57       5.21       0.00                                                  | 
  10010   p       SLAC   218     400.82     182.82       0.00       0.05                                                  | 
  10011   d       SLAC   228     340.52     112.52       0.00       0.01                                                  | 
['pdf']
JAM FITTER                                                                                                                | 1        pdf       db1 N   2.52872e-02
count = 1000                                                                                                              | 2        pdf       db1 a   1.00000e+00
elapsed time(mins)=9.287577                                                                                               | 3        pdf       db1 b   5.97665e+00
shifts  = 2                                                                                                               | 4        pdf       dv1 a  -9.37476e-02
npts    = 1495                                                                                                            | 5        pdf       dv1 b   9.16093e+00
chi2    = 3081.382535                                                                                                     | 6        pdf        g1 a  -6.89574e-01
rchi2   = 58.243631                                                                                                       | 7        pdf        g1 b   3.39870e+00
nchi2   = 3.426387                                                                                                        | 8        pdf        s1 N   8.70222e-02
chi2tot = 3143.052553                                                                                                     | 9        pdf        s1 a   1.00000e+00
dchi2(iter)  = 6.258997                                                                                                   | 10        pdf        s1 b   4.56215e+00
dchi2(local) = -0.021943                                                                                                  | 11        pdf      sea1 N   1.37422e-02
pdf dv(1):1.000000                                                                                                        | 12        pdf      sea1 a  -1.12982e+00
pdf db-ub(2):0.024791                                                                                                     | 13        pdf      sea1 b   1.00000e+01
pdf msr:1.000000                                                                                                          | 14        pdf       ub1 N   4.96269e-04
pdf db-ub(1):0.112580                                                                                                     | 15        pdf       ub1 a   8.81557e-01
pdf uv(1):2.000000                                                                                                        | 16        pdf       ub1 b   5.96965e-01
pdf s-sb(1):0.000000                                                                                                      | 17        pdf       uv1 a  -2.74363e-01
pdf s-sb(2):0.000000                                                                                                      | 18        pdf       uv1 b   2.99723e+00
                                                                                                                          | 19       norm       idis      10016  9.57156e-01
reaction: unpol DIS                                                                                                       | 20       norm       idis      10017  9.77260e-01
filters: Q2>1.690000                                                                                                      | 21       norm       idis      10010  1.00476e+00
filters: W2>10.000000                                                                                                     | 22       norm       idis      10011  9.98358e-01
    idx tar        col  npts       chi2  chi2-npts      rchi2      nchi2                                                  | 23       norm       idis      10020  9.82661e-01
  10016   p      BCDMS   348     815.53     467.53      25.97       2.04                                                  | 
  10017   d      BCDMS   254     479.67     225.67      13.33       0.57                                                  | 
  10020   p        NMC   273     674.27     401.27      13.74       0.75                                                  | 
  10021 d/p        NMC   174     370.56     196.56       5.21       0.00                                                  | 
  10010   p       SLAC   218     400.82     182.82       0.00       0.05                                                  | 
  10011   d       SLAC   228     340.52     112.52       0.00       0.01                                                  | 
['pdf']
JAM FITTER                                                                                                                | 1        pdf       db1 N   2.52828e-02
count = 1100                                                                                                              | 2        pdf       db1 a   1.00000e+00
elapsed time(mins)=10.225082                                                                                              | 3        pdf       db1 b   5.97544e+00
shifts  = 2                                                                                                               | 4        pdf       dv1 a  -9.37094e-02
npts    = 1495                                                                                                            | 5        pdf       dv1 b   9.15926e+00
chi2    = 3081.381564                                                                                                     | 6        pdf        g1 a  -6.89627e-01
rchi2   = 58.242241                                                                                                       | 7        pdf        g1 b   3.39814e+00
nchi2   = 3.424732                                                                                                        | 8        pdf        s1 N   8.69935e-02
chi2tot = 3143.048537                                                                                                     | 9        pdf        s1 a   1.00000e+00
dchi2(iter)  = 6.258997                                                                                                   | 10        pdf        s1 b   4.56218e+00
dchi2(local) = -0.025959                                                                                                  | 11        pdf      sea1 N   1.37442e-02
pdf dv(1):1.000000                                                                                                        | 12        pdf      sea1 a  -1.12977e+00
pdf db-ub(2):0.024801                                                                                                     | 13        pdf      sea1 b   1.00000e+01
pdf msr:1.000000                                                                                                          | 14        pdf       ub1 N   4.81474e-04
pdf db-ub(1):0.112591                                                                                                     | 15        pdf       ub1 a   9.72502e-01
pdf uv(1):2.000000                                                                                                        | 16        pdf       ub1 b   5.98644e-01
pdf s-sb(1):0.000000                                                                                                      | 17        pdf       uv1 a  -2.74293e-01
pdf s-sb(2):0.000000                                                                                                      | 18        pdf       uv1 b   2.99703e+00
                                                                                                                          | 19       norm       idis      10016  9.57164e-01
reaction: unpol DIS                                                                                                       | 20       norm       idis      10017  9.77268e-01
filters: Q2>1.690000                                                                                                      | 21       norm       idis      10010  1.00476e+00
filters: W2>10.000000                                                                                                     | 22       norm       idis      10011  9.98361e-01
    idx tar        col  npts       chi2  chi2-npts      rchi2      nchi2                                                  | 23       norm       idis      10020  9.82667e-01
  10016   p      BCDMS   348     815.54     467.54      25.97       2.04                                                  | 
  10017   d      BCDMS   254     479.67     225.67      13.33       0.57                                                  | 
  10020   p        NMC   273     674.28     401.28      13.74       0.75                                                  | 
  10021 d/p        NMC   174     370.56     196.56       5.21       0.00                                                  | 
  10010   p       SLAC   218     400.82     182.82       0.00       0.05                                                  | 
  10011   d       SLAC   228     340.52     112.52       0.00       0.01                                                  | 
['pdf']
JAM FITTER                                                                                                                | 1        pdf       db1 N   2.52830e-02
count = 1157                                                                                                              | 2        pdf       db1 a   1.00000e+00
elapsed time(mins)=10.765108                                                                                              | 3        pdf       db1 b   5.97581e+00
shifts  = 1                                                                                                               | 4        pdf       dv1 a  -9.37123e-02
npts    = 1495                                                                                                            | 5        pdf       dv1 b   9.15991e+00
chi2    = 3081.378276                                                                                                     | 6        pdf        g1 a  -6.89608e-01
rchi2   = 58.244798                                                                                                       | 7        pdf        g1 b   3.39844e+00
nchi2   = 3.425393                                                                                                        | 8        pdf        s1 N   8.70114e-02
chi2tot = 3143.048467                                                                                                     | 9        pdf        s1 a   1.00000e+00
dchi2(iter)  = 6.258997                                                                                                   | 10        pdf        s1 b   4.56221e+00
dchi2(local) = -0.026029                                                                                                  | 11        pdf      sea1 N   1.37436e-02
pdf dv(1):1.000000                                                                                                        | 12        pdf      sea1 a  -1.12978e+00
pdf db-ub(2):0.024799                                                                                                     | 13        pdf      sea1 b   1.00000e+01
pdf msr:1.000000                                                                                                          | 14        pdf       ub1 N   4.84317e-04
pdf db-ub(1):0.112588                                                                                                     | 15        pdf       ub1 a   9.73299e-01
pdf uv(1):2.000000                                                                                                        | 16        pdf       ub1 b   6.08832e-01
pdf s-sb(1):0.000000                                                                                                      | 17        pdf       uv1 a  -2.74312e-01
pdf s-sb(2):0.000000                                                                                                      | 18        pdf       uv1 b   2.99712e+00
                                                                                                                          | 19       norm       idis      10016  9.57160e-01
reaction: unpol DIS                                                                                                       | 20       norm       idis      10017  9.77266e-01
filters: Q2>1.690000                                                                                                      | 21       norm       idis      10010  1.00476e+00
filters: W2>10.000000                                                                                                     | 22       norm       idis      10011  9.98362e-01
    idx tar        col  npts       chi2  chi2-npts      rchi2      nchi2                                                  | 23       norm       idis      10020  9.82665e-01
  10016   p      BCDMS   348     815.53     467.53      25.97       2.04                                                  | 
  10017   d      BCDMS   254     479.67     225.67      13.33       0.57                                                  | 
  10020   p        NMC   273     674.27     401.27      13.74       0.75                                                  | 
  10021 d/p        NMC   174     370.56     196.56       5.21       0.00                                                  | 
  10010   p       SLAC   218     400.82     182.82       0.00       0.05                                                  | 
  10011   d       SLAC   228     340.52     112.52       0.00       0.01                                                  | 
