('active', 'pdf')

--step 1: npQCD objects = pdf , datasets = idis , tmc = False , ht = False
loading idis data sets 10016
loading idis data sets 10017
loading idis data sets 10020
loading idis data sets 10021
loading idis data sets 10010
loading idis data sets 10011
Loading DIS tables...
10016 has norm uncertainty
10017 has norm uncertainty
10020 has norm uncertainty
10010 has norm uncertainty
10011 has norm uncertainty
[H[J[H[J[H[J[H[J[H[J[H[J[H[J[H[J[H[J[H[J[H[J[H[J[H[J[H[J[H[J[H[J['pdf']
JAM FITTER                                                                                                                | 1        pdf       db1 N   1.59124e-01
count = 100                                                                                                               | 2        pdf       db1 a  -9.80757e-01
elapsed time(mins)=0.970853                                                                                               | 3        pdf       db1 b   3.10656e+00
shifts  = 2                                                                                                               | 4        pdf       dv1 a  -4.57462e-01
npts    = 1495                                                                                                            | 5        pdf       dv1 b   9.08459e+00
chi2    = 89462.540774                                                                                                    | 6        pdf        g1 a   3.22092e-01
rchi2   = 16746.421544                                                                                                    | 7        pdf        g1 b   2.01423e+00
nchi2   = 246.348563                                                                                                      | 8        pdf        s1 N   2.35328e-02
chi2tot = 106455.310882                                                                                                   | 9        pdf        s1 a  -7.88270e-02
dchi2(iter)  = 0.000000                                                                                                   | 10        pdf        s1 b   3.49993e+00
dchi2(local) = -inf                                                                                                       | 11        pdf      sea1 N   7.67542e-02
pdf dv(1):1.000000                                                                                                        | 12        pdf      sea1 a  -1.77374e+00
pdf db-ub(2):0.024870                                                                                                     | 13        pdf      sea1 b   9.14387e+00
pdf msr:1.000000                                                                                                          | 14        pdf       ub1 N   1.34254e-01
pdf db-ub(1):33.595696                                                                                                    | 15        pdf       ub1 a  -6.15603e-01
pdf uv(1):2.000000                                                                                                        | 16        pdf       ub1 b   1.10445e-01
pdf s-sb(1):0.000000                                                                                                      | 17        pdf       uv1 a  -3.60345e-01
pdf s-sb(2):0.000000                                                                                                      | 18        pdf       uv1 b   3.61797e+00
                                                                                                                          | 19       norm       idis      10016  9.76863e-01
reaction: unpol DIS                                                                                                       | 20       norm       idis      10017  1.06966e+00
filters: Q2>1.690000                                                                                                      | 21       norm       idis      10010  1.17108e+00
filters: W2>10.000000                                                                                                     | 22       norm       idis      10011  1.15725e+00
    idx tar        col  npts       chi2  chi2-npts      rchi2      nchi2                                                  | 23       norm       idis      10020  1.18808e+00
  10016   p      BCDMS   348   13295.93   12947.93    4553.77       0.59                                                  | 
  10017   d      BCDMS   254    8769.07    8515.07    2524.66       5.39                                                  | 
  10020   p        NMC   273   23288.58   23015.58    5575.85      88.43                                                  | 
  10021 d/p        NMC   174    5685.79    5511.79    4092.14       0.00                                                  | 
  10010   p       SLAC   218   12340.10   12122.10       0.00      66.37                                                  | 
  10011   d       SLAC   228   26083.07   25855.07       0.00      85.57                                                  | 
['pdf']
JAM FITTER                                                                                                                | 1        pdf       db1 N   6.87887e-02
count = 200                                                                                                               | 2        pdf       db1 a  -3.39025e-01
elapsed time(mins)=1.927712                                                                                               | 3        pdf       db1 b   3.63922e+00
shifts  = 2                                                                                                               | 4        pdf       dv1 a  -4.33096e-01
npts    = 1495                                                                                                            | 5        pdf       dv1 b   8.24273e+00
chi2    = 4315.016834                                                                                                     | 6        pdf        g1 a  -5.03523e-01
rchi2   = 210.838744                                                                                                      | 7        pdf        g1 b   9.59778e+00
nchi2   = 50.442363                                                                                                       | 8        pdf        s1 N   2.27579e-02
chi2tot = 4576.297941                                                                                                     | 9        pdf        s1 a   5.73077e-01
dchi2(iter)  = 0.000000                                                                                                   | 10        pdf        s1 b   3.89084e+00
dchi2(local) = -inf                                                                                                       | 11        pdf      sea1 N   1.97205e-02
pdf dv(1):1.000000                                                                                                        | 12        pdf      sea1 a  -1.85464e+00
pdf db-ub(2):0.017039                                                                                                     | 13        pdf      sea1 b   1.52673e+00
pdf msr:1.000000                                                                                                          | 14        pdf       ub1 N   5.17502e-02
pdf db-ub(1):0.143249                                                                                                     | 15        pdf       ub1 a  -4.97584e-01
pdf uv(1):2.000000                                                                                                        | 16        pdf       ub1 b   2.46206e+00
pdf s-sb(1):0.000000                                                                                                      | 17        pdf       uv1 a  -3.81463e-01
pdf s-sb(2):0.000000                                                                                                      | 18        pdf       uv1 b   2.85190e+00
                                                                                                                          | 19       norm       idis      10016  1.02195e+00
reaction: unpol DIS                                                                                                       | 20       norm       idis      10017  1.04858e+00
filters: Q2>1.690000                                                                                                      | 21       norm       idis      10010  1.09306e+00
filters: W2>10.000000                                                                                                     | 22       norm       idis      10011  1.08914e+00
    idx tar        col  npts       chi2  chi2-npts      rchi2      nchi2                                                  | 23       norm       idis      10020  9.92225e-01
  10016   p      BCDMS   348     929.67     581.67      60.02       0.54                                                  | 
  10017   d      BCDMS   254     621.06     367.06      57.36       2.62                                                  | 
  10020   p        NMC   273    1473.47    1200.47      86.70       0.15                                                  | 
  10021 d/p        NMC   174     354.27     180.27       6.76       0.00                                                  | 
  10010   p       SLAC   218     497.87     279.87       0.00      19.64                                                  | 
  10011   d       SLAC   228     438.68     210.68       0.00      27.49                                                  | 
['pdf']
JAM FITTER                                                                                                                | 1        pdf       db1 N   4.54279e-02
count = 300                                                                                                               | 2        pdf       db1 a  -3.62692e-01
elapsed time(mins)=2.896969                                                                                               | 3        pdf       db1 b   4.56440e+00
shifts  = 3                                                                                                               | 4        pdf       dv1 a  -4.53852e-01
npts    = 1495                                                                                                            | 5        pdf       dv1 b   9.14254e+00
chi2    = 3050.517753                                                                                                     | 6        pdf        g1 a  -1.07458e-01
rchi2   = 94.359896                                                                                                       | 7        pdf        g1 b   9.30484e+00
nchi2   = 7.451591                                                                                                        | 8        pdf        s1 N   1.30675e-01
chi2tot = 3152.329241                                                                                                     | 9        pdf        s1 a   7.80289e-01
dchi2(iter)  = inf                                                                                                        | 10        pdf        s1 b   4.31063e+00
dchi2(local) = -inf                                                                                                       | 11        pdf      sea1 N   9.93541e-03
pdf dv(1):1.000000                                                                                                        | 12        pdf      sea1 a  -1.62604e+00
pdf db-ub(2):0.016069                                                                                                     | 13        pdf      sea1 b   1.39376e+00
pdf msr:1.000000                                                                                                          | 14        pdf       ub1 N   2.93587e-02
pdf db-ub(1):0.069085                                                                                                     | 15        pdf       ub1 a  -6.75203e-01
pdf uv(1):2.000000                                                                                                        | 16        pdf       ub1 b   2.80148e+00
pdf s-sb(1):0.000000                                                                                                      | 17        pdf       uv1 a  -4.54775e-01
pdf s-sb(2):-0.000000                                                                                                     | 18        pdf       uv1 b   2.78802e+00
                                                                                                                          | 19       norm       idis      10016  9.64378e-01
reaction: unpol DIS                                                                                                       | 20       norm       idis      10017  9.94280e-01
filters: Q2>1.690000                                                                                                      | 21       norm       idis      10010  1.03077e+00
filters: W2>10.000000                                                                                                     | 22       norm       idis      10011  1.03310e+00
    idx tar        col  npts       chi2  chi2-npts      rchi2      nchi2                                                  | 23       norm       idis      10020  9.94756e-01
  10016   p      BCDMS   348     676.34     328.34      27.53       1.41                                                  | 
  10017   d      BCDMS   254     491.27     237.27      37.28       0.04                                                  | 
  10020   p        NMC   273     661.46     388.46      25.60       0.07                                                  | 
  10021 d/p        NMC   174     355.19     181.19       3.95       0.00                                                  | 
  10010   p       SLAC   218     489.45     271.45       0.00       2.15                                                  | 
  10011   d       SLAC   228     376.81     148.81       0.00       3.79                                                  | 
['pdf']
JAM FITTER                                                                                                                | 1        pdf       db1 N   2.75343e-02
count = 400                                                                                                               | 2        pdf       db1 a  -2.59725e-01
elapsed time(mins)=3.862202                                                                                               | 3        pdf       db1 b   5.95383e+00
shifts  = 2                                                                                                               | 4        pdf       dv1 a  -4.47609e-01
npts    = 1495                                                                                                            | 5        pdf       dv1 b   7.62616e+00
chi2    = 2891.041036                                                                                                     | 6        pdf        g1 a  -1.80785e-01
rchi2   = 76.199541                                                                                                       | 7        pdf        g1 b   6.42167e+00
nchi2   = 7.741745                                                                                                        | 8        pdf        s1 N   1.53052e-01
chi2tot = 2974.982322                                                                                                     | 9        pdf        s1 a   9.93574e-01
dchi2(iter)  = inf                                                                                                        | 10        pdf        s1 b   4.58075e+00
dchi2(local) = -177.346919                                                                                                | 11        pdf      sea1 N   1.12475e-02
pdf dv(1):1.000000                                                                                                        | 12        pdf      sea1 a  -1.37190e+00
pdf db-ub(2):0.012506                                                                                                     | 13        pdf      sea1 b   4.27922e+00
pdf msr:1.000000                                                                                                          | 14        pdf       ub1 N   1.50282e-02
pdf db-ub(1):0.077754                                                                                                     | 15        pdf       ub1 a  -7.17460e-01
pdf uv(1):2.000000                                                                                                        | 16        pdf       ub1 b   2.63602e+00
pdf s-sb(1):0.000000                                                                                                      | 17        pdf       uv1 a  -4.55483e-01
pdf s-sb(2):0.000000                                                                                                      | 18        pdf       uv1 b   2.74673e+00
                                                                                                                          | 19       norm       idis      10016  9.39361e-01
reaction: unpol DIS                                                                                                       | 20       norm       idis      10017  9.60821e-01
filters: Q2>1.690000                                                                                                      | 21       norm       idis      10010  9.93690e-01
filters: W2>10.000000                                                                                                     | 22       norm       idis      10011  9.89632e-01
    idx tar        col  npts       chi2  chi2-npts      rchi2      nchi2                                                  | 23       norm       idis      10020  9.75601e-01
  10016   p      BCDMS   348     637.24     289.24      26.57       4.09                                                  | 
  10017   d      BCDMS   254     475.63     221.63      29.64       1.71                                                  | 
  10020   p        NMC   273     629.65     356.65      18.46       1.49                                                  | 
  10021 d/p        NMC   174     326.56     152.56       1.52       0.00                                                  | 
  10010   p       SLAC   218     455.29     237.29       0.00       0.09                                                  | 
  10011   d       SLAC   228     366.67     138.67       0.00       0.37                                                  | 
['pdf']
JAM FITTER                                                                                                                | 1        pdf       db1 N   2.33859e-02
count = 500                                                                                                               | 2        pdf       db1 a  -1.53192e-01
elapsed time(mins)=4.824228                                                                                               | 3        pdf       db1 b   6.08652e+00
shifts  = 3                                                                                                               | 4        pdf       dv1 a  -4.20539e-01
npts    = 1495                                                                                                            | 5        pdf       dv1 b   7.54488e+00
chi2    = 2888.523160                                                                                                     | 6        pdf        g1 a  -1.57689e-01
rchi2   = 63.814103                                                                                                       | 7        pdf        g1 b   6.14961e+00
nchi2   = 8.953180                                                                                                        | 8        pdf        s1 N   1.49253e-01
chi2tot = 2961.290443                                                                                                     | 9        pdf        s1 a   9.99630e-01
dchi2(iter)  = 191.038798                                                                                                 | 10        pdf        s1 b   4.58991e+00
dchi2(local) = -191.038798                                                                                                | 11        pdf      sea1 N   1.34113e-02
pdf dv(1):1.000000                                                                                                        | 12        pdf      sea1 a  -1.30178e+00
pdf db-ub(2):0.016075                                                                                                     | 13        pdf      sea1 b   4.64502e+00
pdf msr:1.000000                                                                                                          | 14        pdf       ub1 N   7.31134e-03
pdf db-ub(1):0.098609                                                                                                     | 15        pdf       ub1 a  -7.61745e-01
pdf uv(1):2.000000                                                                                                        | 16        pdf       ub1 b   2.68792e+00
pdf s-sb(1):-0.000000                                                                                                     | 17        pdf       uv1 a  -4.26104e-01
pdf s-sb(2):-0.000000                                                                                                     | 18        pdf       uv1 b   2.78021e+00
                                                                                                                          | 19       norm       idis      10016  9.37689e-01
reaction: unpol DIS                                                                                                       | 20       norm       idis      10017  9.58728e-01
filters: Q2>1.690000                                                                                                      | 21       norm       idis      10010  9.89663e-01
filters: W2>10.000000                                                                                                     | 22       norm       idis      10011  9.85384e-01
    idx tar        col  npts       chi2  chi2-npts      rchi2      nchi2                                                  | 23       norm       idis      10020  9.73430e-01
  10016   p      BCDMS   348     636.34     288.34      21.45       4.31                                                  | 
  10017   d      BCDMS   254     473.09     219.09      24.19       1.89                                                  | 
  10020   p        NMC   273     629.22     356.22      17.00       1.76                                                  | 
  10021 d/p        NMC   174     323.96     149.96       1.17       0.00                                                  | 
  10010   p       SLAC   218     456.55     238.55       0.00       0.24                                                  | 
  10011   d       SLAC   228     369.36     141.36       0.00       0.74                                                  | 
['pdf']
JAM FITTER                                                                                                                | 1        pdf       db1 N   2.47974e-02
count = 600                                                                                                               | 2        pdf       db1 a  -1.89988e-02
elapsed time(mins)=5.783966                                                                                               | 3        pdf       db1 b   5.85285e+00
shifts  = 2                                                                                                               | 4        pdf       dv1 a  -3.91748e-01
npts    = 1495                                                                                                            | 5        pdf       dv1 b   7.80192e+00
chi2    = 2880.322563                                                                                                     | 6        pdf        g1 a  -2.90213e-01
rchi2   = 61.330180                                                                                                       | 7        pdf        g1 b   5.10456e+00
nchi2   = 9.243940                                                                                                        | 8        pdf        s1 N   1.41444e-01
chi2tot = 2950.896682                                                                                                     | 9        pdf        s1 a   9.98454e-01
dchi2(iter)  = 191.038798                                                                                                 | 10        pdf        s1 b   4.57853e+00
dchi2(local) = -10.393760                                                                                                 | 11        pdf      sea1 N   1.24337e-02
pdf dv(1):1.000000                                                                                                        | 12        pdf      sea1 a  -1.25253e+00
pdf db-ub(2):0.019935                                                                                                     | 13        pdf      sea1 b   6.58961e+00
pdf msr:1.000000                                                                                                          | 14        pdf       ub1 N   4.86199e-03
pdf db-ub(1):0.087334                                                                                                     | 15        pdf       ub1 a  -8.26455e-01
pdf uv(1):2.000000                                                                                                        | 16        pdf       ub1 b   2.77735e+00
pdf s-sb(1):0.000000                                                                                                      | 17        pdf       uv1 a  -3.93781e-01
pdf s-sb(2):0.000000                                                                                                      | 18        pdf       uv1 b   2.83418e+00
                                                                                                                          | 19       norm       idis      10016  9.39128e-01
reaction: unpol DIS                                                                                                       | 20       norm       idis      10017  9.59273e-01
filters: Q2>1.690000                                                                                                      | 21       norm       idis      10010  9.88096e-01
filters: W2>10.000000                                                                                                     | 22       norm       idis      10011  9.82704e-01
    idx tar        col  npts       chi2  chi2-npts      rchi2      nchi2                                                  | 23       norm       idis      10020  9.72234e-01
  10016   p      BCDMS   348     633.39     285.39      20.18       4.12                                                  | 
  10017   d      BCDMS   254     473.20     219.20      23.29       1.84                                                  | 
  10020   p        NMC   273     628.37     355.37      16.51       1.93                                                  | 
  10021 d/p        NMC   174     321.37     147.37       1.36       0.00                                                  | 
  10010   p       SLAC   218     453.60     235.60       0.00       0.32                                                  | 
  10011   d       SLAC   228     370.40     142.40       0.00       1.04                                                  | 
['pdf']
JAM FITTER                                                                                                                | 1        pdf       db1 N   3.06330e-02
count = 700                                                                                                               | 2        pdf       db1 a   2.26884e-01
elapsed time(mins)=6.750556                                                                                               | 3        pdf       db1 b   5.31221e+00
shifts  = 23                                                                                                              | 4        pdf       dv1 a  -2.93627e-01
npts    = 1495                                                                                                            | 5        pdf       dv1 b   8.63889e+00
chi2    = 2874.957370                                                                                                     | 6        pdf        g1 a  -4.68503e-01
rchi2   = 55.507502                                                                                                       | 7        pdf        g1 b   3.91039e+00
nchi2   = 5.090563                                                                                                        | 8        pdf        s1 N   1.08262e-01
chi2tot = 2935.555436                                                                                                     | 9        pdf        s1 a   9.98037e-01
dchi2(iter)  = 25.735007                                                                                                  | 10        pdf        s1 b   4.53815e+00
dchi2(local) = -25.735007                                                                                                 | 11        pdf      sea1 N   1.14738e-02
pdf dv(1):1.000000                                                                                                        | 12        pdf      sea1 a  -1.18369e+00
pdf db-ub(2):0.025880                                                                                                     | 13        pdf      sea1 b   9.84377e+00
pdf msr:1.000000                                                                                                          | 14        pdf       ub1 N   4.75279e-03
pdf db-ub(1):0.088728                                                                                                     | 15        pdf       ub1 a  -8.14272e-01
pdf uv(1):2.000000                                                                                                        | 16        pdf       ub1 b   2.70286e+00
pdf s-sb(1):0.000000                                                                                                      | 17        pdf       uv1 a  -3.30715e-01
pdf s-sb(2):0.000000                                                                                                      | 18        pdf       uv1 b   2.93362e+00
                                                                                                                          | 19       norm       idis      10016  9.51251e-01
reaction: unpol DIS                                                                                                       | 20       norm       idis      10017  9.71014e-01
filters: Q2>1.690000                                                                                                      | 21       norm       idis      10010  9.94571e-01
filters: W2>10.000000                                                                                                     | 22       norm       idis      10011  9.87802e-01
    idx tar        col  npts       chi2  chi2-npts      rchi2      nchi2                                                  | 23       norm       idis      10020  9.80663e-01
  10016   p      BCDMS   348     633.61     285.61      18.20       2.64                                                  | 
  10017   d      BCDMS   254     471.78     217.78      21.72       0.93                                                  | 
  10020   p        NMC   273     627.19     354.19      13.96       0.93                                                  | 
  10021 d/p        NMC   174     321.94     147.94       1.62       0.00                                                  | 
  10010   p       SLAC   218     451.13     233.13       0.00       0.07                                                  | 
  10011   d       SLAC   228     369.29     141.29       0.00       0.51                                                  | 
['pdf']
JAM FITTER                                                                                                                | 1        pdf       db1 N   2.93813e-02
count = 800                                                                                                               | 2        pdf       db1 a   6.38427e-01
elapsed time(mins)=7.721781                                                                                               | 3        pdf       db1 b   5.36293e+00
shifts  = 2                                                                                                               | 4        pdf       dv1 a  -1.69504e-01
npts    = 1495                                                                                                            | 5        pdf       dv1 b   9.05471e+00
chi2    = 2874.994307                                                                                                     | 6        pdf        g1 a  -5.25018e-01
rchi2   = 53.403991                                                                                                       | 7        pdf        g1 b   3.57375e+00
nchi2   = 2.939398                                                                                                        | 8        pdf        s1 N   8.68971e-02
chi2tot = 2931.337696                                                                                                     | 9        pdf        s1 a   9.99891e-01
dchi2(iter)  = 25.735007                                                                                                  | 10        pdf        s1 b   4.53962e+00
dchi2(local) = -4.217739                                                                                                  | 11        pdf      sea1 N   1.29585e-02
pdf dv(1):1.000000                                                                                                        | 12        pdf      sea1 a  -1.14672e+00
pdf db-ub(2):0.028044                                                                                                     | 13        pdf      sea1 b   9.98570e+00
pdf msr:1.000000                                                                                                          | 14        pdf       ub1 N   1.33772e-03
pdf db-ub(1):0.104390                                                                                                     | 15        pdf       ub1 a  -8.65351e-01
pdf uv(1):2.000000                                                                                                        | 16        pdf       ub1 b   2.80053e+00
pdf s-sb(1):0.000000                                                                                                      | 17        pdf       uv1 a  -2.84023e-01
pdf s-sb(2):0.000000                                                                                                      | 18        pdf       uv1 b   2.98562e+00
                                                                                                                          | 19       norm       idis      10016  9.59396e-01
reaction: unpol DIS                                                                                                       | 20       norm       idis      10017  9.79256e-01
filters: Q2>1.690000                                                                                                      | 21       norm       idis      10010  1.00026e+00
filters: W2>10.000000                                                                                                     | 22       norm       idis      10011  9.92974e-01
    idx tar        col  npts       chi2  chi2-npts      rchi2      nchi2                                                  | 23       norm       idis      10020  9.86459e-01
  10016   p      BCDMS   348     635.61     287.61      17.69       1.83                                                  | 
  10017   d      BCDMS   254     471.10     217.10      21.10       0.48                                                  | 
  10020   p        NMC   273     626.22     353.22      12.95       0.46                                                  | 
  10021 d/p        NMC   174     322.67     148.67       1.67       0.00                                                  | 
  10010   p       SLAC   218     450.47     232.47       0.00       0.00                                                  | 
  10011   d       SLAC   228     368.94     140.94       0.00       0.17                                                  | 
['pdf']
JAM FITTER                                                                                                                | 1        pdf       db1 N   2.83478e-02
count = 900                                                                                                               | 2        pdf       db1 a   9.26037e-01
elapsed time(mins)=8.691955                                                                                               | 3        pdf       db1 b   5.68103e+00
shifts  = 3                                                                                                               | 4        pdf       dv1 a  -1.08087e-01
npts    = 1495                                                                                                            | 5        pdf       dv1 b   9.30113e+00
chi2    = 2874.553326                                                                                                     | 6        pdf        g1 a  -5.49344e-01
rchi2   = 52.692234                                                                                                       | 7        pdf        g1 b   3.43946e+00
nchi2   = 2.611063                                                                                                        | 8        pdf        s1 N   8.02761e-02
chi2tot = 2929.856623                                                                                                     | 9        pdf        s1 a   1.00000e+00
dchi2(iter)  = 5.698813                                                                                                   | 10        pdf        s1 b   4.49241e+00
dchi2(local) = -5.698813                                                                                                  | 11        pdf      sea1 N   1.34553e-02
pdf dv(1):1.000000                                                                                                        | 12        pdf      sea1 a  -1.13858e+00
pdf db-ub(2):0.027785                                                                                                     | 13        pdf      sea1 b   9.99863e+00
pdf msr:1.000000                                                                                                          | 14        pdf       ub1 N   5.62898e-04
pdf db-ub(1):0.121621                                                                                                     | 15        pdf       ub1 a  -5.67811e-01
pdf uv(1):2.000000                                                                                                        | 16        pdf       ub1 b   2.45294e+00
pdf s-sb(1):0.000000                                                                                                      | 17        pdf       uv1 a  -2.71318e-01
pdf s-sb(2):0.000000                                                                                                      | 18        pdf       uv1 b   3.00417e+00
                                                                                                                          | 19       norm       idis      10016  9.61193e-01
reaction: unpol DIS                                                                                                       | 20       norm       idis      10017  9.81057e-01
filters: Q2>1.690000                                                                                                      | 21       norm       idis      10010  1.00119e+00
filters: W2>10.000000                                                                                                     | 22       norm       idis      10011  9.93598e-01
    idx tar        col  npts       chi2  chi2-npts      rchi2      nchi2                                                  | 23       norm       idis      10020  9.87446e-01
  10016   p      BCDMS   348     637.23     289.23      17.82       1.67                                                  | 
  10017   d      BCDMS   254     469.46     215.46      20.72       0.40                                                  | 
  10020   p        NMC   273     625.77     352.77      12.44       0.39                                                  | 
  10021 d/p        NMC   174     323.15     149.15       1.71       0.00                                                  | 
  10010   p       SLAC   218     448.99     230.99       0.00       0.00                                                  | 
  10011   d       SLAC   228     369.96     141.96       0.00       0.14                                                  | 
['pdf']
JAM FITTER                                                                                                                | 1        pdf       db1 N   2.80559e-02
count = 1000                                                                                                              | 2        pdf       db1 a   9.99883e-01
elapsed time(mins)=9.661694                                                                                               | 3        pdf       db1 b   5.75183e+00
shifts  = 2                                                                                                               | 4        pdf       dv1 a  -9.52082e-02
npts    = 1495                                                                                                            | 5        pdf       dv1 b   9.29699e+00
chi2    = 2874.668983                                                                                                     | 6        pdf        g1 a  -5.55447e-01
rchi2   = 52.326218                                                                                                       | 7        pdf        g1 b   3.39714e+00
nchi2   = 2.490735                                                                                                        | 8        pdf        s1 N   7.78599e-02
chi2tot = 2929.485936                                                                                                     | 9        pdf        s1 a   1.00000e+00
dchi2(iter)  = 5.698813                                                                                                   | 10        pdf        s1 b   4.46852e+00
dchi2(local) = -0.370687                                                                                                  | 11        pdf      sea1 N   1.36111e-02
pdf dv(1):1.000000                                                                                                        | 12        pdf      sea1 a  -1.13474e+00
pdf db-ub(2):0.027982                                                                                                     | 13        pdf      sea1 b   9.99995e+00
pdf msr:1.000000                                                                                                          | 14        pdf       ub1 N   7.42588e-05
pdf db-ub(1):0.122548                                                                                                     | 15        pdf       ub1 a  -2.99623e-02
pdf uv(1):2.000000                                                                                                        | 16        pdf       ub1 b   1.00428e+00
pdf s-sb(1):0.000000                                                                                                      | 17        pdf       uv1 a  -2.64854e-01
pdf s-sb(2):0.000000                                                                                                      | 18        pdf       uv1 b   3.01458e+00
                                                                                                                          | 19       norm       idis      10016  9.61884e-01
reaction: unpol DIS                                                                                                       | 20       norm       idis      10017  9.81725e-01
filters: Q2>1.690000                                                                                                      | 21       norm       idis      10010  1.00150e+00
filters: W2>10.000000                                                                                                     | 22       norm       idis      10011  9.93805e-01
    idx tar        col  npts       chi2  chi2-npts      rchi2      nchi2                                                  | 23       norm       idis      10020  9.87876e-01
  10016   p      BCDMS   348     637.30     289.30      17.65       1.61                                                  | 
  10017   d      BCDMS   254     469.08     215.08      20.52       0.37                                                  | 
  10020   p        NMC   273     625.47     352.47      12.42       0.37                                                  | 
  10021 d/p        NMC   174     323.29     149.29       1.74       0.00                                                  | 
  10010   p       SLAC   218     449.11     231.11       0.00       0.01                                                  | 
  10011   d       SLAC   228     370.41     142.41       0.00       0.13                                                  | 
['pdf']
JAM FITTER                                                                                                                | 1        pdf       db1 N   2.79662e-02
count = 1100                                                                                                              | 2        pdf       db1 a   1.00000e+00
elapsed time(mins)=10.621481                                                                                              | 3        pdf       db1 b   5.84323e+00
shifts  = 2                                                                                                               | 4        pdf       dv1 a  -9.66942e-02
npts    = 1495                                                                                                            | 5        pdf       dv1 b   9.34874e+00
chi2    = 2873.949064                                                                                                     | 6        pdf        g1 a  -5.46564e-01
rchi2   = 52.828760                                                                                                       | 7        pdf        g1 b   3.47351e+00
nchi2   = 2.525943                                                                                                        | 8        pdf        s1 N   8.05601e-02
chi2tot = 2929.303767                                                                                                     | 9        pdf        s1 a   1.00000e+00
dchi2(iter)  = 5.698813                                                                                                   | 10        pdf        s1 b   4.40055e+00
dchi2(local) = -0.552855                                                                                                  | 11        pdf      sea1 N   1.35611e-02
pdf dv(1):1.000000                                                                                                        | 12        pdf      sea1 a  -1.13624e+00
pdf db-ub(2):0.027695                                                                                                     | 13        pdf      sea1 b   1.00000e+01
pdf msr:1.000000                                                                                                          | 14        pdf       ub1 N   2.71664e-04
pdf db-ub(1):0.122986                                                                                                     | 15        pdf       ub1 a   9.45765e-02
pdf uv(1):2.000000                                                                                                        | 16        pdf       ub1 b   6.04057e-01
pdf s-sb(1):0.000000                                                                                                      | 17        pdf       uv1 a  -2.64869e-01
pdf s-sb(2):0.000000                                                                                                      | 18        pdf       uv1 b   3.03255e+00
                                                                                                                          | 19       norm       idis      10016  9.61467e-01
reaction: unpol DIS                                                                                                       | 20       norm       idis      10017  9.81360e-01
filters: Q2>1.690000                                                                                                      | 21       norm       idis      10010  1.00178e+00
filters: W2>10.000000                                                                                                     | 22       norm       idis      10011  9.94257e-01
    idx tar        col  npts       chi2  chi2-npts      rchi2      nchi2                                                  | 23       norm       idis      10020  9.87854e-01
  10016   p      BCDMS   348     636.62     288.62      17.77       1.65                                                  | 
  10017   d      BCDMS   254     468.60     214.60      20.69       0.39                                                  | 
  10020   p        NMC   273     625.39     352.39      12.65       0.37                                                  | 
  10021 d/p        NMC   174     323.33     149.33       1.72       0.00                                                  | 
  10010   p       SLAC   218     449.86     231.86       0.00       0.01                                                  | 
  10011   d       SLAC   228     370.15     142.15       0.00       0.11                                                  | 
['pdf']
JAM FITTER                                                                                                                | 1        pdf       db1 N   2.79323e-02
count = 1200                                                                                                              | 2        pdf       db1 a   1.00000e+00
elapsed time(mins)=11.593753                                                                                              | 3        pdf       db1 b   5.84445e+00
shifts  = 2                                                                                                               | 4        pdf       dv1 a  -9.65995e-02
npts    = 1495                                                                                                            | 5        pdf       dv1 b   9.34217e+00
chi2    = 2873.827013                                                                                                     | 6        pdf        g1 a  -5.46048e-01
rchi2   = 52.912729                                                                                                       | 7        pdf        g1 b   3.47777e+00
nchi2   = 2.522214                                                                                                        | 8        pdf        s1 N   8.06242e-02
chi2tot = 2929.261956                                                                                                     | 9        pdf        s1 a   1.00000e+00
dchi2(iter)  = 5.698813                                                                                                   | 10        pdf        s1 b   4.39353e+00
dchi2(local) = -0.594667                                                                                                  | 11        pdf      sea1 N   1.35697e-02
pdf dv(1):1.000000                                                                                                        | 12        pdf      sea1 a  -1.13603e+00
pdf db-ub(2):0.027724                                                                                                     | 13        pdf      sea1 b   1.00000e+01
pdf msr:1.000000                                                                                                          | 14        pdf       ub1 N   2.08155e-04
pdf db-ub(1):0.123140                                                                                                     | 15        pdf       ub1 a   6.00875e-01
pdf uv(1):2.000000                                                                                                        | 16        pdf       ub1 b   3.48516e-01
pdf s-sb(1):0.000000                                                                                                      | 17        pdf       uv1 a  -2.64357e-01
pdf s-sb(2):0.000000                                                                                                      | 18        pdf       uv1 b   3.03351e+00
                                                                                                                          | 19       norm       idis      10016  9.61461e-01
reaction: unpol DIS                                                                                                       | 20       norm       idis      10017  9.81367e-01
filters: Q2>1.690000                                                                                                      | 21       norm       idis      10010  1.00183e+00
filters: W2>10.000000                                                                                                     | 22       norm       idis      10011  9.94319e-01
    idx tar        col  npts       chi2  chi2-npts      rchi2      nchi2                                                  | 23       norm       idis      10020  9.87885e-01
  10016   p      BCDMS   348     636.61     288.61      17.81       1.65                                                  | 
  10017   d      BCDMS   254     468.50     214.50      20.73       0.39                                                  | 
  10020   p        NMC   273     625.41     352.41      12.66       0.37                                                  | 
  10021 d/p        NMC   174     323.32     149.32       1.72       0.00                                                  | 
  10010   p       SLAC   218     449.96     231.96       0.00       0.01                                                  | 
  10011   d       SLAC   228     370.04     142.04       0.00       0.11                                                  | 
['pdf']
JAM FITTER                                                                                                                | 1        pdf       db1 N   2.79350e-02
count = 1300                                                                                                              | 2        pdf       db1 a   1.00000e+00
elapsed time(mins)=12.548236                                                                                              | 3        pdf       db1 b   5.83564e+00
shifts  = 3                                                                                                               | 4        pdf       dv1 a  -9.62685e-02
npts    = 1495                                                                                                            | 5        pdf       dv1 b   9.33906e+00
chi2    = 2873.836477                                                                                                     | 6        pdf        g1 a  -5.47185e-01
rchi2   = 52.906231                                                                                                       | 7        pdf        g1 b   3.47135e+00
nchi2   = 2.513125                                                                                                        | 8        pdf        s1 N   8.04357e-02
chi2tot = 2929.255833                                                                                                     | 9        pdf        s1 a   1.00000e+00
dchi2(iter)  = 0.600790                                                                                                   | 10        pdf        s1 b   4.39882e+00
dchi2(local) = -0.600790                                                                                                  | 11        pdf      sea1 N   1.35756e-02
pdf dv(1):1.000000                                                                                                        | 12        pdf      sea1 a  -1.13589e+00
pdf db-ub(2):0.027739                                                                                                     | 13        pdf      sea1 b   1.00000e+01
pdf msr:1.000000                                                                                                          | 14        pdf       ub1 N   1.96181e-04
pdf db-ub(1):0.123064                                                                                                     | 15        pdf       ub1 a   7.55647e-01
pdf uv(1):2.000000                                                                                                        | 16        pdf       ub1 b   3.56485e-01
pdf s-sb(1):0.000000                                                                                                      | 17        pdf       uv1 a  -2.64261e-01
pdf s-sb(2):0.000000                                                                                                      | 18        pdf       uv1 b   3.03257e+00
                                                                                                                          | 19       norm       idis      10016  9.61512e-01
reaction: unpol DIS                                                                                                       | 20       norm       idis      10017  9.81424e-01
filters: Q2>1.690000                                                                                                      | 21       norm       idis      10010  1.00186e+00
filters: W2>10.000000                                                                                                     | 22       norm       idis      10011  9.94343e-01
    idx tar        col  npts       chi2  chi2-npts      rchi2      nchi2                                                  | 23       norm       idis      10020  9.87913e-01
  10016   p      BCDMS   348     636.59     288.59      17.81       1.65                                                  | 
  10017   d      BCDMS   254     468.46     214.46      20.72       0.38                                                  | 
  10020   p        NMC   273     625.40     352.40      12.65       0.37                                                  | 
  10021 d/p        NMC   174     323.33     149.33       1.72       0.00                                                  | 
  10010   p       SLAC   218     449.98     231.98       0.00       0.01                                                  | 
  10011   d       SLAC   228     370.08     142.08       0.00       0.11                                                  | 
['pdf']
JAM FITTER                                                                                                                | 1        pdf       db1 N   2.79330e-02
count = 1400                                                                                                              | 2        pdf       db1 a   1.00000e+00
elapsed time(mins)=13.503161                                                                                              | 3        pdf       db1 b   5.83575e+00
shifts  = 2                                                                                                               | 4        pdf       dv1 a  -9.62866e-02
npts    = 1495                                                                                                            | 5        pdf       dv1 b   9.33909e+00
chi2    = 2873.835743                                                                                                     | 6        pdf        g1 a  -5.47061e-01
rchi2   = 52.903656                                                                                                       | 7        pdf        g1 b   3.47147e+00
nchi2   = 2.515369                                                                                                        | 8        pdf        s1 N   8.04433e-02
chi2tot = 2929.254768                                                                                                     | 9        pdf        s1 a   1.00000e+00
dchi2(iter)  = 0.600790                                                                                                   | 10        pdf        s1 b   4.39902e+00
dchi2(local) = -0.001065                                                                                                  | 11        pdf      sea1 N   1.35751e-02
pdf dv(1):1.000000                                                                                                        | 12        pdf      sea1 a  -1.13589e+00
pdf db-ub(2):0.027740                                                                                                     | 13        pdf      sea1 b   1.00000e+01
pdf msr:1.000000                                                                                                          | 14        pdf       ub1 N   1.93260e-04
pdf db-ub(1):0.123066                                                                                                     | 15        pdf       ub1 a   7.83530e-01
pdf uv(1):2.000000                                                                                                        | 16        pdf       ub1 b   3.44187e-01
pdf s-sb(1):0.000000                                                                                                      | 17        pdf       uv1 a  -2.64287e-01
pdf s-sb(2):0.000000                                                                                                      | 18        pdf       uv1 b   3.03243e+00
                                                                                                                          | 19       norm       idis      10016  9.61502e-01
reaction: unpol DIS                                                                                                       | 20       norm       idis      10017  9.81413e-01
filters: Q2>1.690000                                                                                                      | 21       norm       idis      10010  1.00184e+00
filters: W2>10.000000                                                                                                     | 22       norm       idis      10011  9.94328e-01
    idx tar        col  npts       chi2  chi2-npts      rchi2      nchi2                                                  | 23       norm       idis      10020  9.87905e-01
  10016   p      BCDMS   348     636.58     288.58      17.81       1.65                                                  | 
  10017   d      BCDMS   254     468.45     214.45      20.72       0.38                                                  | 
  10020   p        NMC   273     625.40     352.40      12.65       0.37                                                  | 
  10021 d/p        NMC   174     323.33     149.33       1.72       0.00                                                  | 
  10010   p       SLAC   218     449.98     231.98       0.00       0.01                                                  | 
  10011   d       SLAC   228     370.09     142.09       0.00       0.11                                                  | 
['pdf']
JAM FITTER                                                                                                                | 1        pdf       db1 N   2.79317e-02
count = 1500                                                                                                              | 2        pdf       db1 a   1.00000e+00
elapsed time(mins)=14.466791                                                                                              | 3        pdf       db1 b   5.83341e+00
shifts  = 1                                                                                                               | 4        pdf       dv1 a  -9.61998e-02
npts    = 1495                                                                                                            | 5        pdf       dv1 b   9.33754e+00
chi2    = 2873.830135                                                                                                     | 6        pdf        g1 a  -5.47310e-01
rchi2   = 52.905196                                                                                                       | 7        pdf        g1 b   3.46992e+00
nchi2   = 2.513024                                                                                                        | 8        pdf        s1 N   8.03884e-02
chi2tot = 2929.248354                                                                                                     | 9        pdf        s1 a   1.00000e+00
dchi2(iter)  = 0.600790                                                                                                   | 10        pdf        s1 b   4.39988e+00
dchi2(local) = -0.007479                                                                                                  | 11        pdf      sea1 N   1.35774e-02
pdf dv(1):1.000000                                                                                                        | 12        pdf      sea1 a  -1.13584e+00
pdf db-ub(2):0.027749                                                                                                     | 13        pdf      sea1 b   1.00000e+01
pdf msr:1.000000                                                                                                          | 14        pdf       ub1 N   1.82984e-04
pdf db-ub(1):0.123059                                                                                                     | 15        pdf       ub1 a   9.74549e-01
pdf uv(1):2.000000                                                                                                        | 16        pdf       ub1 b   3.41052e-01
pdf s-sb(1):0.000000                                                                                                      | 17        pdf       uv1 a  -2.64225e-01
pdf s-sb(2):0.000000                                                                                                      | 18        pdf       uv1 b   3.03213e+00
                                                                                                                          | 19       norm       idis      10016  9.61515e-01
reaction: unpol DIS                                                                                                       | 20       norm       idis      10017  9.81427e-01
filters: Q2>1.690000                                                                                                      | 21       norm       idis      10010  1.00185e+00
filters: W2>10.000000                                                                                                     | 22       norm       idis      10011  9.94334e-01
    idx tar        col  npts       chi2  chi2-npts      rchi2      nchi2                                                  | 23       norm       idis      10020  9.87913e-01
  10016   p      BCDMS   348     636.58     288.58      17.81       1.65                                                  | 
  10017   d      BCDMS   254     468.44     214.44      20.72       0.38                                                  | 
  10020   p        NMC   273     625.40     352.40      12.65       0.37                                                  | 
  10021 d/p        NMC   174     323.34     149.34       1.72       0.00                                                  | 
  10010   p       SLAC   218     449.99     231.99       0.00       0.01                                                  | 
  10011   d       SLAC   228     370.09     142.09       0.00       0.11                                                  | 
['pdf']
JAM FITTER                                                                                                                | 1        pdf       db1 N   2.79306e-02
count = 1572                                                                                                              | 2        pdf       db1 a   1.00000e+00
elapsed time(mins)=15.160844                                                                                              | 3        pdf       db1 b   5.83418e+00
shifts  = 1                                                                                                               | 4        pdf       dv1 a  -9.62200e-02
npts    = 1495                                                                                                            | 5        pdf       dv1 b   9.33799e+00
chi2    = 2873.828270                                                                                                     | 6        pdf        g1 a  -5.47197e-01
rchi2   = 52.906385                                                                                                       | 7        pdf        g1 b   3.47065e+00
nchi2   = 2.513625                                                                                                        | 8        pdf        s1 N   8.04123e-02
chi2tot = 2929.248280                                                                                                     | 9        pdf        s1 a   1.00000e+00
dchi2(iter)  = 0.600790                                                                                                   | 10        pdf        s1 b   4.39953e+00
dchi2(local) = -0.007553                                                                                                  | 11        pdf      sea1 N   1.35768e-02
pdf dv(1):1.000000                                                                                                        | 12        pdf      sea1 a  -1.13585e+00
pdf db-ub(2):0.027746                                                                                                     | 13        pdf      sea1 b   1.00000e+01
pdf msr:1.000000                                                                                                          | 14        pdf       ub1 N   1.84336e-04
pdf db-ub(1):0.123062                                                                                                     | 15        pdf       ub1 a   9.75326e-01
pdf uv(1):2.000000                                                                                                        | 16        pdf       ub1 b   3.51620e-01
pdf s-sb(1):0.000000                                                                                                      | 17        pdf       uv1 a  -2.64237e-01
pdf s-sb(2):0.000000                                                                                                      | 18        pdf       uv1 b   3.03224e+00
                                                                                                                          | 19       norm       idis      10016  9.61511e-01
reaction: unpol DIS                                                                                                       | 20       norm       idis      10017  9.81423e-01
filters: Q2>1.690000                                                                                                      | 21       norm       idis      10010  1.00185e+00
filters: W2>10.000000                                                                                                     | 22       norm       idis      10011  9.94335e-01
    idx tar        col  npts       chi2  chi2-npts      rchi2      nchi2                                                  | 23       norm       idis      10020  9.87912e-01
  10016   p      BCDMS   348     636.58     288.58      17.81       1.65                                                  | 
  10017   d      BCDMS   254     468.44     214.44      20.72       0.38                                                  | 
  10020   p        NMC   273     625.40     352.40      12.65       0.37                                                  | 
  10021 d/p        NMC   174     323.34     149.34       1.72       0.00                                                  | 
  10010   p       SLAC   218     449.99     231.99       0.00       0.01                                                  | 
  10011   d       SLAC   228     370.09     142.09       0.00       0.11                                                  | 
