('active', 'pdf')

--step 1: npQCD objects = pdf , datasets = idis , tmc = False , ht = False
loading idis data sets 10016
loading idis data sets 10017
loading idis data sets 10020
loading idis data sets 10021
loading idis data sets 10010
loading idis data sets 10011
Loading DIS tables...
10016 has norm uncertainty
10017 has norm uncertainty
10020 has norm uncertainty
10010 has norm uncertainty
10011 has norm uncertainty
[H[J[H[J['pdf']
JAM FITTER                                                                                                                | 1        pdf       db1 N   1.01161e-01
count = 100                                                                                                               | 2        pdf       db1 a   8.33845e-01
elapsed time(mins)=0.408002                                                                                               | 3        pdf       db1 b   5.63491e+00
shifts  = 3                                                                                                               | 4        pdf       dv1 a  -4.19900e-01
npts    = 1495                                                                                                            | 5        pdf       dv1 b   8.68096e+00
chi2    = 93283.257776                                                                                                    | 6        pdf        g1 a   4.48895e-01
rchi2   = 12785.190712                                                                                                    | 7        pdf        g1 b   5.38147e-01
nchi2   = 221.522993                                                                                                      | 8        pdf        s1 N   7.67066e-02
chi2tot = 106289.971482                                                                                                   | 9        pdf        s1 a  -9.76145e-01
dchi2(iter)  = inf                                                                                                        | 10        pdf        s1 b   7.42537e+00
dchi2(local) = -inf                                                                                                       | 11        pdf      sea1 N   1.14069e-01
pdf dv(1):1.000000                                                                                                        | 12        pdf      sea1 a  -1.71859e+00
pdf db-ub(2):-0.048056                                                                                                    | 13        pdf      sea1 b   9.16847e+00
pdf msr:1.000000                                                                                                          | 14        pdf       ub1 N   1.49217e-01
pdf db-ub(1):-0.051946                                                                                                    | 15        pdf       ub1 a   5.73658e-01
pdf uv(1):2.000000                                                                                                        | 16        pdf       ub1 b   2.90095e+00
pdf s-sb(1):0.000000                                                                                                      | 17        pdf       uv1 a  -6.45751e-02
pdf s-sb(2):0.000000                                                                                                      | 18        pdf       uv1 b   9.26412e+00
                                                                                                                          | 19       norm       idis      10016  1.05989e+00
reaction: unpol DIS                                                                                                       | 20       norm       idis      10017  1.08447e+00
filters: Q2>1.690000                                                                                                      | 21       norm       idis      10010  1.13034e+00
filters: W2>10.000000                                                                                                     | 22       norm       idis      10011  1.14351e+00
    idx tar        col  npts       chi2  chi2-npts      rchi2      nchi2                                                  | 23       norm       idis      10020  1.19982e+00
  10016   p      BCDMS   348    6265.02    5917.02     935.32       3.99                                                  | 
  10017   d      BCDMS   254    2984.90    2730.90     636.37       7.93                                                  | 
  10020   p        NMC   273   38875.53   38602.53   11055.65      99.82                                                  | 
  10021 d/p        NMC   174    1306.98    1132.98     157.86       0.00                                                  | 
  10010   p       SLAC   218   16930.87   16712.87       0.00      38.52                                                  | 
  10011   d       SLAC   228   26919.95   26691.95       0.00      71.26                                                  | 
['pdf']
JAM FITTER                                                                                                                | 1        pdf       db1 N   5.59339e-02
count = 200                                                                                                               | 2        pdf       db1 a   2.95099e-01
elapsed time(mins)=0.815268                                                                                               | 3        pdf       db1 b   5.83228e+00
shifts  = 2                                                                                                               | 4        pdf       dv1 a  -3.80213e-01
npts    = 1495                                                                                                            | 5        pdf       dv1 b   9.74957e+00
chi2    = 4737.375749                                                                                                     | 6        pdf        g1 a  -6.12858e-01
rchi2   = 285.074421                                                                                                      | 7        pdf        g1 b   4.46872e+00
nchi2   = 162.219688                                                                                                      | 8        pdf        s1 N   3.35263e-02
chi2tot = 5184.669858                                                                                                     | 9        pdf        s1 a  -7.27075e-01
dchi2(iter)  = inf                                                                                                        | 10        pdf        s1 b   1.77150e+00
dchi2(local) = -101105.301623                                                                                             | 11        pdf      sea1 N   2.70772e-02
pdf dv(1):1.000000                                                                                                        | 12        pdf      sea1 a  -1.74963e+00
pdf db-ub(2):-0.061008                                                                                                    | 13        pdf      sea1 b   1.62580e-01
pdf msr:1.000000                                                                                                          | 14        pdf       ub1 N   1.16942e-01
pdf db-ub(1):-0.081918                                                                                                    | 15        pdf       ub1 a   9.68658e-01
pdf uv(1):2.000000                                                                                                        | 16        pdf       ub1 b   4.31951e+00
pdf s-sb(1):0.000000                                                                                                      | 17        pdf       uv1 a  -4.24760e-01
pdf s-sb(2):0.000000                                                                                                      | 18        pdf       uv1 b   7.10687e+00
                                                                                                                          | 19       norm       idis      10016  1.08061e+00
reaction: unpol DIS                                                                                                       | 20       norm       idis      10017  1.10524e+00
filters: Q2>1.690000                                                                                                      | 21       norm       idis      10010  1.15446e+00
filters: W2>10.000000                                                                                                     | 22       norm       idis      10[H[J[H[J011  1.15061e+00
    idx tar        col  npts       chi2  chi2-npts      rchi2      nchi2                                                  | 23       norm       idis      10020  1.06357e+00
  10016   p      BCDMS   348     818.97     470.97      12.95       7.22                                                  | 
  10017   d      BCDMS   254     586.22     332.22      19.84      12.31                                                  | 
  10020   p        NMC   273    1825.69    1552.69     196.21      10.10                                                  | 
  10021 d/p        NMC   174     446.15     272.15      56.08       0.00                                                  | 
  10010   p       SLAC   218     421.15     203.15       0.00      54.10                                                  | 
  10011   d       SLAC   228     639.19     411.19       0.00      78.49                                                  | 
['pdf']
JAM FITTER                                                                                                                | 1        pdf       db1 N   6.17909e-02
count = 300                                                                                                               | 2        pdf       db1 a  -6.65343e-02
elapsed time(mins)=1.222366                                                                                               | 3        pdf       db1 b   4.75190e+00
shifts  = 2                                                                                                               | 4        pdf       dv1 a  -4.98544e-01
npts    = 1495                                                                                                            | 5        pdf       dv1 b   9.47540e+00
chi2    = 2803.737488                                                                                                     | 6        pdf        g1 a  -7.66155e-01
rchi2   = 60.250534                                                                                                       | 7        pdf        g1 b   3.23054e+00
nchi2   = 12.364078                                                                                                       | 8        pdf        s1 N   4.04420e-03
chi2tot = 2876.352100                                                                                                     | 9        pdf        s1 a  -8.87512e-01
dchi2(iter)  = inf                                                                                                        | 10        pdf        s1 b   3.19717e+00
dchi2(local) = -103413.619382                                                                                             | 11        pdf      sea1 N   1.70536e-02
pdf dv(1):1.000000                                                                                                        | 12        pdf      sea1 a  -1.50980e+00
pdf db-ub(2):-0.041345                                                                                                    | 13        pdf      sea1 b   7.21125e-01
pdf msr:1.000000                                                                                                          | 14        pdf       ub1 N   1.03136e-01
pdf db-ub(1):0.069341                                                                                                     | 15        pdf       ub1 a   9.15979e-01
pdf uv(1):2.000000                                                                                                        | 16        pdf       ub1 b   4.01701e+00
pdf s-sb(1):0.000000                                                                                                      | 17        pdf       uv1 a  -4.74392e-01
pdf s-sb(2):0.000000                                                                                                      | 18        pdf       uv1 b   5.77674e+00
                                                                                                                          | 19       norm       idis      10016  1.00262e+00
reaction: unpol DIS                                                                                                       | 20       norm       idis      10017  1.02094e+00
filters: Q2>1.690000                                                                                                      | 21       norm       idis      10010  1.04701e+00
filters: W2>10.000000                                                                                                     | 22       norm       idis      10011  1.03980e+00
    idx tar        col  npts       chi2  chi2-npts      rchi2      nchi2                                                  | 23       norm       idis      10020  1.02347e+00
  10016   p      BCDMS   348     694.36     346.36      21.23       0.01                                                  | 
  10017   d      BCDMS   254     498.96     244.96      14.86       0.49                                                  | 
  10020   p        NMC   273     608.01     335.01      18.26       1.38                                                  | 
  10021 d/p        NMC   174     343.55     169.55       5.91       0.00                                                  | 
  10010   p       SLAC   218     322.33     104.33       0.00       5.01                                                  | 
  10011   d       SLAC   228     336.53     108.53       0.00       5.48                                                  | 
['pdf']
JAM FITTER                                                                                                                | 1        pdf       db1 N   5.53283e-02
count = 400                                                                                                               | 2        pdf       db1 a   5.98440e-02
elapsed time(mins)=1.632663                                                                                               | 3        pdf       db1 b   5.01567e+00
shifts  = 3                                                                                                               | 4        pdf       dv1 a  -4.99855e-01
npts    = 1495                                                                                                            | 5        pdf       dv1 b   9.71114e+00
chi2    = 2763.582087                                                                                                     | 6        pdf        g1 a  -8.44426e-01
rchi2   = 58.711417                                                                                                       | 7        pdf        g1 b   2.25690e+00
nchi2   = 2.348214                                                                                                        | 8        pdf        s1 N   2.22243e-03
chi2tot = 2824.641718                                                                                                     | 9        pdf        s1 a  -9.12797e-01
dchi2(iter)  = 103465.329764                                                                                              | 10        pdf        s1 b   3.36752e+00
dchi2(local) = -103465.329764                                                                                             | 11        pdf      sea1 N   2.02408e-02
pdf dv(1):1.000000                                                                                                        | 12        pdf      sea1 a  -1.40416e+00
pdf db-ub(2):-0.024507                                                                                                    | 13        pdf      sea1 b   1.12837e+00
pdf msr:1.000000                                                                                                          | 14        pdf       ub1 N   7.98357e-02
pdf db-ub(1):0.088986                                                                                                     | 15        pdf       ub1 a   9.31423e-01
pdf uv(1):2.000000                                                                                                        | 16        pdf       ub1 b   3.85179e+00
pdf s-sb(1):0.000000                                           [H[J[H[J                                                           | 17        pdf       uv1 a  -4.94509e-01
pdf s-sb(2):0.000000                                                                                                      | 18        pdf       uv1 b   4.35665e+00
                                                                                                                          | 19       norm       idis      10016  9.85954e-01
reaction: unpol DIS                                                                                                       | 20       norm       idis      10017  1.00536e+00
filters: Q2>1.690000                                                                                                      | 21       norm       idis      10010  1.02321e+00
filters: W2>10.000000                                                                                                     | 22       norm       idis      10011  1.01581e+00
    idx tar        col  npts       chi2  chi2-npts      rchi2      nchi2                                                  | 23       norm       idis      10020  1.00206e+00
  10016   p      BCDMS   348     674.80     326.80      20.01       0.22                                                  | 
  10017   d      BCDMS   254     496.09     242.09      15.92       0.03                                                  | 
  10020   p        NMC   273     598.17     325.17      18.49       0.01                                                  | 
  10021 d/p        NMC   174     340.17     166.17       4.30       0.00                                                  | 
  10010   p       SLAC   218     317.58      99.58       0.00       1.22                                                  | 
  10011   d       SLAC   228     336.77     108.77       0.00       0.87                                                  | 
['pdf']
JAM FITTER                                                                                                                | 1        pdf       db1 N   5.15590e-02
count = 500                                                                                                               | 2        pdf       db1 a   1.85885e-01
elapsed time(mins)=2.037710                                                                                               | 3        pdf       db1 b   5.29824e+00
shifts  = 3                                                                                                               | 4        pdf       dv1 a  -4.86986e-01
npts    = 1495                                                                                                            | 5        pdf       dv1 b   9.98925e+00
chi2    = 2754.648601                                                                                                     | 6        pdf        g1 a  -8.30866e-01
rchi2   = 57.385580                                                                                                       | 7        pdf        g1 b   2.15201e+00
nchi2   = 1.200884                                                                                                        | 8        pdf        s1 N   1.94089e-03
chi2tot = 2813.235065                                                                                                     | 9        pdf        s1 a  -9.78057e-01
dchi2(iter)  = 11.406653                                                                                                  | 10        pdf        s1 b   5.47860e+00
dchi2(local) = -11.406653                                                                                                 | 11        pdf      sea1 N   2.25336e-02
pdf dv(1):1.000000                                                                                                        | 12        pdf      sea1 a  -1.34795e+00
pdf db-ub(2):-0.012576                                                                                                    | 13        pdf      sea1 b   1.31584e+00
pdf msr:1.000000                                                                                                          | 14        pdf       ub1 N   6.41353e-02
pdf db-ub(1):0.100127                                                                                                     | 15        pdf       ub1 a   9.31103e-01
pdf uv(1):2.000000                                                                                                        | 16        pdf       ub1 b   3.85148e+00
pdf s-sb(1):-0.000000                                                                                                     | 17        pdf       uv1 a  -4.98968e-01
pdf s-sb(2):-0.000000                                                                                                     | 18        pdf       uv1 b   3.64185e+00
                                                                                                                          | 19       norm       idis      10016  9.79830e-01
reaction: unpol DIS                                                                                                       | 20       norm       idis      10017  9.99918e-01
filters: Q2>1.690000                                                                                                      | 21       norm       idis      10010  1.01501e+00
filters: W2>10.000000                                                                                                     | 22       norm       idis      10011  1.00780e+00
    idx tar        col  npts       chi2  chi2-npts      rchi2      nchi2                                                  | 23       norm       idis      10020  9.96697e-01
  10016   p      BCDMS   348     669.83     321.83      20.43       0.45                                                  | 
  10017   d      BCDMS   254     495.67     241.67      15.85       0.00                                                  | 
  10020   p        NMC   273     595.83     322.83      17.69       0.03                                                  | 
  10021 d/p        NMC   174     338.75     164.75       3.42       0.00                                                  | 
  10010   p       SLAC   218     316.52      98.52       0.00       0.51                                                  | 
  10011   d       SLAC   228     338.05     110.05       0.00       0.21                                                  | 
['pdf']
JAM FITTER                                                                                                                | 1        pdf       db1 N   4.64641e-02
count = 600                                                                                                               | 2        pdf       db1 a   3.95841e-01
elapsed time(mins)=2.447328                                                                                               | 3        pdf       db1 b   5.43674e+00
shifts  = 2                                                                                                               | 4        pdf       dv1 a  -4.09265e-01
npts    = 1495                                                                                                            | 5        pdf       dv1 b   9.99595e+00
chi2    = 2742.766824                                                                                                     | 6        pdf        g1 a  -8.06742e-01
rchi2   = 63.817639                                                                                                       | 7        pdf        g1 b   2.15908e+00
nchi2   = 1.202544                                                                                                        | 8        pdf        s1 N   1.62666e-02
chi2tot = 2807.787007                                                                                                     | 9        pdf        s1 a  -9.93606e-01
dchi2(iter)  = 11.406653                                                                                                  | 10        pdf        s1 b   6.03575e+00
dchi2(local) = -5.448058                                                                                   [H[J[H[J               | 11        pdf      sea1 N   2.07952e-02
pdf dv(1):1.000000                                                                                                        | 12        pdf      sea1 a  -1.32976e+00
pdf db-ub(2):-0.002503                                                                                                    | 13        pdf      sea1 b   1.45069e+00
pdf msr:1.000000                                                                                                          | 14        pdf       ub1 N   4.89668e-02
pdf db-ub(1):0.082832                                                                                                     | 15        pdf       ub1 a   9.24878e-01
pdf uv(1):2.000000                                                                                                        | 16        pdf       ub1 b   4.06817e+00
pdf s-sb(1):0.000000                                                                                                      | 17        pdf       uv1 a  -4.99754e-01
pdf s-sb(2):0.000000                                                                                                      | 18        pdf       uv1 b   3.01382e+00
                                                                                                                          | 19       norm       idis      10016  9.72739e-01
reaction: unpol DIS                                                                                                       | 20       norm       idis      10017  9.93105e-01
filters: Q2>1.690000                                                                                                      | 21       norm       idis      10010  1.00879e+00
filters: W2>10.000000                                                                                                     | 22       norm       idis      10011  1.00108e+00
    idx tar        col  npts       chi2  chi2-npts      rchi2      nchi2                                                  | 23       norm       idis      10020  9.92387e-01
  10016   p      BCDMS   348     665.79     317.79      25.02       0.83                                                  | 
  10017   d      BCDMS   254     494.35     240.35      17.13       0.05                                                  | 
  10020   p        NMC   273     598.03     325.03      17.75       0.14                                                  | 
  10021 d/p        NMC   174     335.10     161.10       3.92       0.00                                                  | 
  10010   p       SLAC   218     312.71      94.71       0.00       0.18                                                  | 
  10011   d       SLAC   228     336.79     108.79       0.00       0.00                                                  | 
['pdf']
JAM FITTER                                                                                                                | 1        pdf       db1 N   4.39911e-02
count = 700                                                                                                               | 2        pdf       db1 a   4.66277e-01
elapsed time(mins)=2.837872                                                                                               | 3        pdf       db1 b   5.50333e+00
shifts  = 3                                                                                                               | 4        pdf       dv1 a  -3.87611e-01
npts    = 1495                                                                                                            | 5        pdf       dv1 b   9.97611e+00
chi2    = 2743.479926                                                                                                     | 6        pdf        g1 a  -8.18491e-01
rchi2   = 59.130046                                                                                                       | 7        pdf        g1 b   2.03578e+00
nchi2   = 1.113504                                                                                                        | 8        pdf        s1 N   7.55481e-03
chi2tot = 2803.723475                                                                                                     | 9        pdf        s1 a  -9.99962e-01
dchi2(iter)  = 9.511590                                                                                                   | 10        pdf        s1 b   6.30905e+00
dchi2(local) = -9.511590                                                                                                  | 11        pdf      sea1 N   2.31247e-02
pdf dv(1):1.000000                                                                                                        | 12        pdf      sea1 a  -1.29036e+00
pdf db-ub(2):-0.000153                                                                                                    | 13        pdf      sea1 b   1.71828e+00
pdf msr:1.000000                                                                                                          | 14        pdf       ub1 N   4.41442e-02
pdf db-ub(1):0.077080                                                                                                     | 15        pdf       ub1 a   9.73786e-01
pdf uv(1):2.000000                                                                                                        | 16        pdf       ub1 b   4.27064e+00
pdf s-sb(1):0.000000                                                                                                      | 17        pdf       uv1 a  -4.99717e-01
pdf s-sb(2):0.000000                                                                                                      | 18        pdf       uv1 b   2.88343e+00
                                                                                                                          | 19       norm       idis      10016  9.72932e-01
reaction: unpol DIS                                                                                                       | 20       norm       idis      10017  9.93844e-01
filters: Q2>1.690000                                                                                                      | 21       norm       idis      10010  1.00763e+00
filters: W2>10.000000                                                                                                     | 22       norm       idis      10011  9.99601e-01
    idx tar        col  npts       chi2  chi2-npts      rchi2      nchi2                                                  | 23       norm       idis      10020  9.92935e-01
  10016   p      BCDMS   348     659.74     311.74      22.35       0.81                                                  | 
  10017   d      BCDMS   254     492.17     238.17      15.21       0.04                                                  | 
  10020   p        NMC   273     597.57     324.57      17.34       0.12                                                  | 
  10021 d/p        NMC   174     335.71     161.71       4.22       0.00                                                  | 
  10010   p       SLAC   218     315.37      97.37       0.00       0.13                                                  | 
  10011   d       SLAC   228     342.92     114.92       0.00       0.00                                                  | 
['pdf']
JAM FITTER                                                                                                                | 1        pdf       db1 N   4.32529e-02
count = 800                                                                                                               | 2        pdf       db1 a   4.90216e-01
elapsed time(mins)=3.236233                                                                                               | 3        pdf       db1 b   5.53497e+00
shifts  = 3                                                                                                               | 4        pdf       dv1 a  -3.79576e-01
npts    = 1495                                                                                                            | 5        pdf       dv1[H[J b   9.98200e+00
chi2    = 2743.583821                                                                                                     | 6        pdf        g1 a  -8.22696e-01
rchi2   = 58.915707                                                                                                       | 7        pdf        g1 b   2.02843e+00
nchi2   = 1.048536                                                                                                        | 8        pdf        s1 N   4.61999e-03
chi2tot = 2803.548064                                                                                                     | 9        pdf        s1 a  -8.83958e-01
dchi2(iter)  = 0.175412                                                                                                   | 10        pdf        s1 b   6.35674e+00
dchi2(local) = -0.175412                                                                                                  | 11        pdf      sea1 N   2.40265e-02
pdf dv(1):1.000000                                                                                                        | 12        pdf      sea1 a  -1.28625e+00
pdf db-ub(2):0.000432                                                                                                     | 13        pdf      sea1 b   1.76461e+00
pdf msr:1.000000                                                                                                          | 14        pdf       ub1 N   4.28211e-02
pdf db-ub(1):0.076331                                                                                                     | 15        pdf       ub1 a   9.99862e-01
pdf uv(1):2.000000                                                                                                        | 16        pdf       ub1 b   4.31364e+00
pdf s-sb(1):0.000000                                                                                                      | 17        pdf       uv1 a  -4.96237e-01
pdf s-sb(2):0.000000                                                                                                      | 18        pdf       uv1 b   2.87085e+00
                                                                                                                          | 19       norm       idis      10016  9.73960e-01
reaction: unpol DIS                                                                                                       | 20       norm       idis      10017  9.94930e-01
filters: Q2>1.690000                                                                                                      | 21       norm       idis      10010  1.00860e+00
filters: W2>10.000000                                                                                                     | 22       norm       idis      10011  1.00051e+00
    idx tar        col  npts       chi2  chi2-npts      rchi2      nchi2                                                  | 23       norm       idis      10020  9.93739e-01
  10016   p      BCDMS   348     660.11     312.11      22.38       0.75                                                  | 
  10017   d      BCDMS   254     492.18     238.18      15.12       0.03                                                  | 
  10020   p        NMC   273     597.25     324.25      17.15       0.10                                                  | 
  10021 d/p        NMC   174     335.67     161.67       4.26       0.00                                                  | 
  10010   p       SLAC   218     315.37      97.37       0.00       0.17                                                  | 
  10011   d       SLAC   228     343.01     115.01       0.00       0.00                                                  | 
['pdf']
JAM FITTER                                                                                                                | 1        pdf       db1 N   4.32579e-02
count = 900                                                                                                               | 2        pdf       db1 a   4.93203e-01
elapsed time(mins)=3.631531                                                                                               | 3        pdf       db1 b   5.54160e+00
shifts  = 3                                                                                                               | 4        pdf       dv1 a  -3.79754e-01
npts    = 1495                                                                                                            | 5        pdf       dv1 b   9.99959e+00
chi2    = 2743.367107                                                                                                     | 6        pdf        g1 a  -8.23885e-01
rchi2   = 59.063924                                                                                                       | 7        pdf        g1 b   2.02642e+00
nchi2   = 1.046806                                                                                                        | 8        pdf        s1 N   4.47300e-03
chi2tot = 2803.477837                                                                                                     | 9        pdf        s1 a  -7.67041e-01
dchi2(iter)  = 0.070227                                                                                                   | 10        pdf        s1 b   6.90463e+00
dchi2(local) = -0.070227                                                                                                  | 11        pdf      sea1 N   2.40867e-02
pdf dv(1):1.000000                                                                                                        | 12        pdf      sea1 a  -1.28659e+00
pdf db-ub(2):0.000354                                                                                                     | 13        pdf      sea1 b   1.76753e+00
pdf msr:1.000000                                                                                                          | 14        pdf       ub1 N   4.29042e-02
pdf db-ub(1):0.075799                                                                                                     | 15        pdf       ub1 a   1.00000e+00
pdf uv(1):2.000000                                                                                                        | 16        pdf       ub1 b   4.31716e+00
pdf s-sb(1):0.000000                                                                                                      | 17        pdf       uv1 a  -4.97272e-01
pdf s-sb(2):0.000000                                                                                                      | 18        pdf       uv1 b   2.86709e+00
                                                                                                                          | 19       norm       idis      10016  9.73993e-01
reaction: unpol DIS                                                                                                       | 20       norm       idis      10017  9.94977e-01
filters: Q2>1.690000                                                                                                      | 21       norm       idis      10010  1.00867e+00
filters: W2>10.000000                                                                                                     | 22       norm       idis      10011  1.00058e+00
    idx tar        col  npts       chi2  chi2-npts      rchi2      nchi2                                                  | 23       norm       idis      10020  9.93818e-01
  10016   p      BCDMS   348     660.22     312.22      22.46       0.75                                                  | 
  10017   d      BCDMS   254     492.09     238.09      15.11       0.03                                                  | 
  10020   p        NMC   273     597.08     324.08      17.22       0.10                                                  | 
  10021 d/p        NMC   174     335.60     161.60       4.27       0.00                                                  | 
  10010   p       SLAC   218     315.28      97.28       0.00       0.17                                            [H[J[H[J      | 
  10011   d       SLAC   228     343.09     115.09       0.00       0.00                                                  | 
['pdf']
JAM FITTER                                                                                                                | 1        pdf       db1 N   4.38725e-02
count = 1000                                                                                                              | 2        pdf       db1 a   5.02913e-01
elapsed time(mins)=4.014570                                                                                               | 3        pdf       db1 b   5.55170e+00
shifts  = 2                                                                                                               | 4        pdf       dv1 a  -3.76867e-01
npts    = 1495                                                                                                            | 5        pdf       dv1 b   1.00000e+01
chi2    = 2742.983484                                                                                                     | 6        pdf        g1 a  -8.25480e-01
rchi2   = 59.143499                                                                                                       | 7        pdf        g1 b   2.03988e+00
nchi2   = 1.082383                                                                                                        | 8        pdf        s1 N   6.65162e-03
chi2tot = 2803.209366                                                                                                     | 9        pdf        s1 a  -6.87006e-01
dchi2(iter)  = 0.070227                                                                                                   | 10        pdf        s1 b   9.92878e+00
dchi2(local) = -0.268470                                                                                                  | 11        pdf      sea1 N   2.31576e-02
pdf dv(1):1.000000                                                                                                        | 12        pdf      sea1 a  -1.30119e+00
pdf db-ub(2):0.000798                                                                                                     | 13        pdf      sea1 b   1.71180e+00
pdf msr:1.000000                                                                                                          | 14        pdf       ub1 N   4.30742e-02
pdf db-ub(1):0.077092                                                                                                     | 15        pdf       ub1 a   9.94200e-01
pdf uv(1):2.000000                                                                                                        | 16        pdf       ub1 b   4.32234e+00
pdf s-sb(1):0.000000                                                                                                      | 17        pdf       uv1 a  -4.94182e-01
pdf s-sb(2):0.000000                                                                                                      | 18        pdf       uv1 b   2.87047e+00
                                                                                                                          | 19       norm       idis      10016  9.73398e-01
reaction: unpol DIS                                                                                                       | 20       norm       idis      10017  9.94412e-01
filters: Q2>1.690000                                                                                                      | 21       norm       idis      10010  1.00849e+00
filters: W2>10.000000                                                                                                     | 22       norm       idis      10011  1.00044e+00
    idx tar        col  npts       chi2  chi2-npts      rchi2      nchi2                                                  | 23       norm       idis      10020  9.93761e-01
  10016   p      BCDMS   348     660.98     312.98      22.76       0.79                                                  | 
  10017   d      BCDMS   254     491.17     237.17      15.02       0.03                                                  | 
  10020   p        NMC   273     597.32     324.32      17.15       0.10                                                  | 
  10021 d/p        NMC   174     335.36     161.36       4.21       0.00                                                  | 
  10010   p       SLAC   218     314.69      96.69       0.00       0.16                                                  | 
  10011   d       SLAC   228     343.46     115.46       0.00       0.00                                                  | 
['pdf']
JAM FITTER                                                                                                                | 1        pdf       db1 N   4.38121e-02
count = 1100                                                                                                              | 2        pdf       db1 a   5.11629e-01
elapsed time(mins)=4.418342                                                                                               | 3        pdf       db1 b   5.55868e+00
shifts  = 2                                                                                                               | 4        pdf       dv1 a  -3.71921e-01
npts    = 1495                                                                                                            | 5        pdf       dv1 b   1.00000e+01
chi2    = 2742.868851                                                                                                     | 6        pdf        g1 a  -8.26443e-01
rchi2   = 59.242337                                                                                                       | 7        pdf        g1 b   2.03956e+00
nchi2   = 1.089828                                                                                                        | 8        pdf        s1 N   7.07607e-03
chi2tot = 2803.201016                                                                                                     | 9        pdf        s1 a  -7.37118e-01
dchi2(iter)  = 0.070227                                                                                                   | 10        pdf        s1 b   9.93704e+00
dchi2(local) = -0.276821                                                                                                  | 11        pdf      sea1 N   2.29747e-02
pdf dv(1):1.000000                                                                                                        | 12        pdf      sea1 a  -1.30332e+00
pdf db-ub(2):0.001172                                                                                                     | 13        pdf      sea1 b   1.70257e+00
pdf msr:1.000000                                                                                                          | 14        pdf       ub1 N   4.26402e-02
pdf db-ub(1):0.077720                                                                                                     | 15        pdf       ub1 a   9.99975e-01
pdf uv(1):2.000000                                                                                                        | 16        pdf       ub1 b   4.32564e+00
pdf s-sb(1):0.000000                                                                                                      | 17        pdf       uv1 a  -4.90640e-01
pdf s-sb(2):0.000000                                                                                                      | 18        pdf       uv1 b   2.87568e+00
                                                                                                                          | 19       norm       idis      10016  9.73323e-01
reaction: unpol DIS                                                                                                       | 20       norm       idis      10017  9.94344e-01
filters: Q2>1.690000                                                                                                      | 21       norm       idis      10010  1.00850e+00
filters: W2>10.000000 [H[J                                                                                                    | 22       norm       idis      10011  1.00045e+00
    idx tar        col  npts       chi2  chi2-npts      rchi2      nchi2                                                  | 23       norm       idis      10020  9.93707e-01
  10016   p      BCDMS   348     660.95     312.95      22.84       0.79                                                  | 
  10017   d      BCDMS   254     491.04     237.04      15.04       0.04                                                  | 
  10020   p        NMC   273     597.31     324.31      17.17       0.10                                                  | 
  10021 d/p        NMC   174     335.32     161.32       4.20       0.00                                                  | 
  10010   p       SLAC   218     314.67      96.67       0.00       0.16                                                  | 
  10011   d       SLAC   228     343.57     115.57       0.00       0.00                                                  | 
['pdf']
JAM FITTER                                                                                                                | 1        pdf       db1 N   4.38004e-02
count = 1161                                                                                                              | 2        pdf       db1 a   5.10046e-01
elapsed time(mins)=4.668345                                                                                               | 3        pdf       db1 b   5.55785e+00
shifts  = 2                                                                                                               | 4        pdf       dv1 a  -3.73289e-01
npts    = 1495                                                                                                            | 5        pdf       dv1 b   1.00000e+01
chi2    = 2742.892139                                                                                                     | 6        pdf        g1 a  -8.26766e-01
rchi2   = 59.221149                                                                                                       | 7        pdf        g1 b   2.03779e+00
nchi2   = 1.087205                                                                                                        | 8        pdf        s1 N   6.86605e-03
chi2tot = 2803.200493                                                                                                     | 9        pdf        s1 a  -7.13142e-01
dchi2(iter)  = 0.070227                                                                                                   | 10        pdf        s1 b   9.94653e+00
dchi2(local) = -0.277343                                                                                                  | 11        pdf      sea1 N   2.30650e-02
pdf dv(1):1.000000                                                                                                        | 12        pdf      sea1 a  -1.30256e+00
pdf db-ub(2):0.001099                                                                                                     | 13        pdf      sea1 b   1.70776e+00
pdf msr:1.000000                                                                                                          | 14        pdf       ub1 N   4.27019e-02
pdf db-ub(1):0.077557                                                                                                     | 15        pdf       ub1 a   9.99988e-01
pdf uv(1):2.000000                                                                                                        | 16        pdf       ub1 b   4.32802e+00
pdf s-sb(1):0.000000                                                                                                      | 17        pdf       uv1 a  -4.91632e-01
pdf s-sb(2):0.000000                                                                                                      | 18        pdf       uv1 b   2.87288e+00
                                                                                                                          | 19       norm       idis      10016  9.73358e-01
reaction: unpol DIS                                                                                                       | 20       norm       idis      10017  9.94385e-01
filters: Q2>1.690000                                                                                                      | 21       norm       idis      10010  1.00852e+00
filters: W2>10.000000                                                                                                     | 22       norm       idis      10011  1.00047e+00
    idx tar        col  npts       chi2  chi2-npts      rchi2      nchi2                                                  | 23       norm       idis      10020  9.93732e-01
  10016   p      BCDMS   348     660.96     312.96      22.84       0.79                                                  | 
  10017   d      BCDMS   254     491.05     237.05      15.04       0.04                                                  | 
  10020   p        NMC   273     597.30     324.30      17.15       0.10                                                  | 
  10021 d/p        NMC   174     335.33     161.33       4.20       0.00                                                  | 
  10010   p       SLAC   218     314.68      96.68       0.00       0.16                                                  | 
  10011   d       SLAC   228     343.57     115.57       0.00       0.00                                                  | 
