('active', 'pdf')

--step 1: npQCD objects = pdf , datasets = idis , tmc = False , ht = False
loading idis data sets 10016
loading idis data sets 10017
loading idis data sets 10020
loading idis data sets 10021
loading idis data sets 10010
loading idis data sets 10011
Loading DIS tables...
10016 has norm uncertainty
10017 has norm uncertainty
10020 has norm uncertainty
10010 has norm uncertainty
10011 has norm uncertainty
[H[J[H[J['pdf']
JAM FITTER                                                                                                                | 1        pdf       db1 N   1.08427e-01
count = 100                                                                                                               | 2        pdf       db1 a  -3.93353e-01
elapsed time(mins)=0.418388                                                                                               | 3        pdf       db1 b   3.02782e+00
shifts  = 3                                                                                                               | 4        pdf       dv1 a   7.81956e-02
npts    = 1495                                                                                                            | 5        pdf       dv1 b   7.83052e+00
chi2    = 14561.912095                                                                                                    | 6        pdf        g1 a  -1.61976e-02
rchi2   = 3549.162554                                                                                                     | 7        pdf        g1 b   1.95412e+00
nchi2   = 176.633240                                                                                                      | 8        pdf        s1 N   6.10734e-02
chi2tot = 18287.707888                                                                                                    | 9        pdf        s1 a   9.63842e-01
dchi2(iter)  = inf                                                                                                        | 10        pdf        s1 b   1.90099e+00
dchi2(local) = -inf                                                                                                       | 11        pdf      sea1 N   4.16286e-03
pdf dv(1):1.000000                                                                                                        | 12        pdf      sea1 a  -1.55758e+00
pdf db-ub(2):0.085045                                                                                                     | 13        pdf      sea1 b   7.22352e+00
pdf msr:1.000000                                                                                                          | 14        pdf       ub1 N   2.33826e-02
pdf db-ub(1):0.246775                                                                                                     | 15        pdf       ub1 a  -5.97296e-01
pdf uv(1):2.000000                                                                                                        | 16        pdf       ub1 b   8.61303e+00
pdf s-sb(1):-0.000000                                                                                                     | 17        pdf       uv1 a  -2.18585e-01
pdf s-sb(2):-0.000000                                                                                                     | 18        pdf       uv1 b   3.27099e+00
                                                                                                                          | 19       norm       idis      10016  9.98902e-01
reaction: unpol DIS                                                                                                       | 20       norm       idis      10017  1.07512e+00
filters: Q2>1.690000                                                                                                      | 21       norm       idis      10010  1.09065e+00
filters: W2>10.000000                                                                                                     | 22       norm       idis      10011  1.19814e+00
    idx tar        col  npts       chi2  chi2-npts      rchi2      nchi2                                                  | 23       norm       idis      10020  1.07971e+00
  10016   p      BCDMS   348    1572.91    1224.91     391.02       0.00                                                  | 
  10017   d      BCDMS   254    1274.78    1020.78    1362.27       6.27                                                  | 
  10020   p        NMC   273    1970.99    1697.99     356.91      15.89                                                  | 
  10021 d/p        NMC   174    3023.35    2849.35    1438.97       0.00                                                  | 
  10010   p       SLAC   218    1824.71    1606.71       0.00      18.63                                                  | 
  10011   d       SLAC   228    4895.18    4667.18       0.00     135.84                                                  | 
['pdf']
JAM FITTER                                                                                                                | 1        pdf       db1 N   4.91496e-02
count = 200                                                                                                               | 2        pdf       db1 a  -5.46777e-01
elapsed time(mins)=0.833707                                                                                               | 3        pdf       db1 b   3.00274e+00
shifts  = 3                                                                                                               | 4        pdf       dv1 a  -2.65597e-01
npts    = 1495                                                                                                            | 5        pdf       dv1 b   6.53820e+00
chi2    = 3053.159507                                                                                                     | 6        pdf        g1 a  -4.85290e-01
rchi2   = 88.019907                                                                                                       | 7        pdf        g1 b   4.77717e+00
nchi2   = 76.769567                                                                                                       | 8        pdf        s1 N   3.47060e-02
chi2tot = 3217.948981                                                                                                     | 9        pdf        s1 a   9.15570e-01
dchi2(iter)  = 15069.758907                                                                                               | 10        pdf        s1 b   4.35323e+00
dchi2(local) = -15069.758907                                                                                              | 11        pdf      sea1 N   9.41659e-03
pdf dv(1):1.000000                                                                                                        | 12        pdf      sea1 a  -1.32562e+00
pdf db-ub(2):0.035999                                                                                                     | 13        pdf      sea1 b   8.42841e+00
pdf msr:1.000000                                                                                                          | 14        pdf       ub1 N   1.31510e-02
pdf db-ub(1):-0.071806                                                                                                    | 15        pdf       ub1 a  -7.34237e-01
pdf uv(1):2.000000                                                                                                        | 16        pdf       ub1 b   9.95065e+00
pdf s-sb(1):0.000000                                                                                                      | 17        pdf       uv1 a  -1.12185e-01
pdf s-sb(2):-0.000000                                                                                                     | 18        pdf       uv1 b   3.17735e+00
                                                                                                                          | 19       norm       idis      10016  1.04799e+00
reaction: unpol DIS                                                                                                       | 20       norm       idis      10017  1.07275e+00
filters: Q2>1.690000                                                                                                      | 21       norm       idis      10010  1.11048e+00
filters: W2>10.000000                                                                                                     | 22       norm       idis      10[H[J[H[J011  1.09668e+00
    idx tar        col  npts       chi2  chi2-npts      rchi2      nchi2                                                  | 23       norm       idis      10020  1.05766e+00
  10016   p      BCDMS   348     752.77     404.77      33.63       2.56                                                  | 
  10017   d      BCDMS   254     506.78     252.78      25.56       5.88                                                  | 
  10020   p        NMC   273     676.97     403.97      24.74       8.31                                                  | 
  10021 d/p        NMC   174     362.00     188.00       4.10       0.00                                                  | 
  10010   p       SLAC   218     407.71     189.71       0.00      27.68                                                  | 
  10011   d       SLAC   228     346.93     118.93       0.00      32.34                                                  | 
['pdf']
JAM FITTER                                                                                                                | 1        pdf       db1 N   3.76221e-02
count = 300                                                                                                               | 2        pdf       db1 a  -5.23957e-01
elapsed time(mins)=1.252839                                                                                               | 3        pdf       db1 b   3.45395e+00
shifts  = 2                                                                                                               | 4        pdf       dv1 a  -3.26995e-01
npts    = 1495                                                                                                            | 5        pdf       dv1 b   5.46967e+00
chi2    = 3032.757885                                                                                                     | 6        pdf        g1 a  -5.27287e-01
rchi2   = 65.256683                                                                                                       | 7        pdf        g1 b   3.75152e+00
nchi2   = 12.783459                                                                                                       | 8        pdf        s1 N   3.87608e-02
chi2tot = 3110.798027                                                                                                     | 9        pdf        s1 a   9.46246e-01
dchi2(iter)  = 15069.758907                                                                                               | 10        pdf        s1 b   4.32275e+00
dchi2(local) = -107.150954                                                                                                | 11        pdf      sea1 N   1.01795e-02
pdf dv(1):1.000000                                                                                                        | 12        pdf      sea1 a  -1.24873e+00
pdf db-ub(2):0.029529                                                                                                     | 13        pdf      sea1 b   8.96305e+00
pdf msr:1.000000                                                                                                          | 14        pdf       ub1 N   8.09297e-03
pdf db-ub(1):-0.206893                                                                                                    | 15        pdf       ub1 a  -8.49007e-01
pdf uv(1):2.000000                                                                                                        | 16        pdf       ub1 b   9.97838e+00
pdf s-sb(1):-0.000000                                                                                                     | 17        pdf       uv1 a  -1.77387e-01
pdf s-sb(2):-0.000000                                                                                                     | 18        pdf       uv1 b   3.08026e+00
                                                                                                                          | 19       norm       idis      10016  1.00113e+00
reaction: unpol DIS                                                                                                       | 20       norm       idis      10017  1.02733e+00
filters: Q2>1.690000                                                                                                      | 21       norm       idis      10010  1.05257e+00
filters: W2>10.000000                                                                                                     | 22       norm       idis      10011  1.03781e+00
    idx tar        col  npts       chi2  chi2-npts      rchi2      nchi2                                                  | 23       norm       idis      10020  1.01718e+00
  10016   p      BCDMS   348     766.78     418.78      29.06       0.00                                                  | 
  10017   d      BCDMS   254     491.25     237.25      17.55       0.83                                                  | 
  10020   p        NMC   273     670.11     397.11      15.57       0.74                                                  | 
  10021 d/p        NMC   174     353.64     179.64       3.07       0.00                                                  | 
  10010   p       SLAC   218     396.92     178.92       0.00       6.27                                                  | 
  10011   d       SLAC   228     354.06     126.06       0.00       4.95                                                  | 
['pdf']
JAM FITTER                                                                                                                | 1        pdf       db1 N   2.89592e-02
count = 400                                                                                                               | 2        pdf       db1 a  -7.04791e-01
elapsed time(mins)=1.675322                                                                                               | 3        pdf       db1 b   4.03561e+00
shifts  = 2                                                                                                               | 4        pdf       dv1 a  -3.11630e-01
npts    = 1495                                                                                                            | 5        pdf       dv1 b   6.16622e+00
chi2    = 3003.394923                                                                                                     | 6        pdf        g1 a  -4.48306e-01
rchi2   = 67.102830                                                                                                       | 7        pdf        g1 b   3.89175e+00
nchi2   = 2.945939                                                                                                        | 8        pdf        s1 N   9.94342e-02
chi2tot = 3073.443692                                                                                                     | 9        pdf        s1 a   9.99515e-01
dchi2(iter)  = 15069.758907                                                                                               | 10        pdf        s1 b   4.52957e+00
dchi2(local) = -144.505289                                                                                                | 11        pdf      sea1 N   6.93528e-03
pdf dv(1):1.000000                                                                                                        | 12        pdf      sea1 a  -1.32450e+00
pdf db-ub(2):0.020351                                                                                                     | 13        pdf      sea1 b   9.89763e+00
pdf msr:1.000000                                                                                                          | 14        pdf       ub1 N   8.60864e-03
pdf db-ub(1):-0.309849                                                                                                    | 15        pdf       ub1 a  -8.85124e-01
pdf uv(1):2.000000                                                                                                        | 16        pdf       ub1 b   9.99806e+00
pdf s-sb(1):0.000000                                           [H[J[H[J                                                           | 17        pdf       uv1 a  -2.97460e-01
pdf s-sb(2):0.000000                                                                                                      | 18        pdf       uv1 b   2.93684e+00
                                                                                                                          | 19       norm       idis      10016  9.59946e-01
reaction: unpol DIS                                                                                                       | 20       norm       idis      10017  9.86230e-01
filters: Q2>1.690000                                                                                                      | 21       norm       idis      10010  1.01184e+00
filters: W2>10.000000                                                                                                     | 22       norm       idis      10011  9.98707e-01
    idx tar        col  npts       chi2  chi2-npts      rchi2      nchi2                                                  | 23       norm       idis      10020  9.84140e-01
  10016   p      BCDMS   348     755.00     407.00      30.91       1.78                                                  | 
  10017   d      BCDMS   254     481.41     227.41      18.52       0.21                                                  | 
  10020   p        NMC   273     676.94     403.94      15.10       0.63                                                  | 
  10021 d/p        NMC   174     350.41     176.41       2.58       0.00                                                  | 
  10010   p       SLAC   218     388.58     170.58       0.00       0.32                                                  | 
  10011   d       SLAC   228     351.06     123.06       0.00       0.01                                                  | 
['pdf']
JAM FITTER                                                                                                                | 1        pdf       db1 N   2.98073e-02
count = 500                                                                                                               | 2        pdf       db1 a  -9.42174e-01
elapsed time(mins)=2.094984                                                                                               | 3        pdf       db1 b   3.76518e+00
shifts  = 2                                                                                                               | 4        pdf       dv1 a  -2.72915e-01
npts    = 1495                                                                                                            | 5        pdf       dv1 b   6.61966e+00
chi2    = 2997.891406                                                                                                     | 6        pdf        g1 a  -4.21564e-01
rchi2   = 67.475011                                                                                                       | 7        pdf        g1 b   4.01909e+00
nchi2   = 4.260847                                                                                                        | 8        pdf        s1 N   1.15076e-01
chi2tot = 3069.627264                                                                                                     | 9        pdf        s1 a   1.00000e+00
dchi2(iter)  = 15069.758907                                                                                               | 10        pdf        s1 b   4.60992e+00
dchi2(local) = -148.321717                                                                                                | 11        pdf      sea1 N   3.64396e-03
pdf dv(1):1.000000                                                                                                        | 12        pdf      sea1 a  -1.48680e+00
pdf db-ub(2):0.017577                                                                                                     | 13        pdf      sea1 b   9.99727e+00
pdf msr:1.000000                                                                                                          | 14        pdf       ub1 N   1.22305e-02
pdf db-ub(1):-2.449805                                                                                                    | 15        pdf       ub1 a  -9.72676e-01
pdf uv(1):2.000000                                                                                                        | 16        pdf       ub1 b   1.00000e+01
pdf s-sb(1):0.000000                                                                                                      | 17        pdf       uv1 a  -3.25236e-01
pdf s-sb(2):0.000000                                                                                                      | 18        pdf       uv1 b   2.89546e+00
                                                                                                                          | 19       norm       idis      10016  9.53107e-01
reaction: unpol DIS                                                                                                       | 20       norm       idis      10017  9.79212e-01
filters: Q2>1.690000                                                                                                      | 21       norm       idis      10010  1.00580e+00
filters: W2>10.000000                                                                                                     | 22       norm       idis      10011  9.93148e-01
    idx tar        col  npts       chi2  chi2-npts      rchi2      nchi2                                                  | 23       norm       idis      10020  9.79036e-01
  10016   p      BCDMS   348     752.37     404.37      31.22       2.44                                                  | 
  10017   d      BCDMS   254     480.37     226.37      18.84       0.48                                                  | 
  10020   p        NMC   273     679.35     406.35      15.23       1.10                                                  | 
  10021 d/p        NMC   174     348.28     174.28       2.18       0.00                                                  | 
  10010   p       SLAC   218     387.88     169.88       0.00       0.08                                                  | 
  10011   d       SLAC   228     349.63     121.63       0.00       0.16                                                  | 
['pdf']
JAM FITTER                                                                                                                | 1        pdf       db1 N   3.10962e-02
count = 600                                                                                                               | 2        pdf       db1 a  -9.82878e-01
elapsed time(mins)=2.515285                                                                                               | 3        pdf       db1 b   3.66692e+00
shifts  = 2                                                                                                               | 4        pdf       dv1 a  -2.74317e-01
npts    = 1495                                                                                                            | 5        pdf       dv1 b   6.60938e+00
chi2    = 2997.692262                                                                                                     | 6        pdf        g1 a  -4.33163e-01
rchi2   = 67.239856                                                                                                       | 7        pdf        g1 b   3.98319e+00
nchi2   = 4.086095                                                                                                        | 8        pdf        s1 N   1.14199e-01
chi2tot = 3069.018213                                                                                                     | 9        pdf        s1 a   1.00000e+00
dchi2(iter)  = 15069.758907                                                                                               | 10        pdf        s1 b   4.61415e+00
dchi2(local) = -148.930769                                                                                 [H[J               | 11        pdf      sea1 N   2.86295e-03
pdf dv(1):1.000000                                                                                                        | 12        pdf      sea1 a  -1.55893e+00
pdf db-ub(2):0.017829                                                                                                     | 13        pdf      sea1 b   1.00000e+01
pdf msr:1.000000                                                                                                          | 14        pdf       ub1 N   1.32676e-02
pdf db-ub(1):-35121.704486                                                                                                | 15        pdf       ub1 a  -9.99996e-01
pdf uv(1):2.000000                                                                                                        | 16        pdf       ub1 b   1.00000e+01
pdf s-sb(1):0.000000                                                                                                      | 17        pdf       uv1 a  -3.23431e-01
pdf s-sb(2):0.000000                                                                                                      | 18        pdf       uv1 b   2.89775e+00
                                                                                                                          | 19       norm       idis      10016  9.53764e-01
reaction: unpol DIS                                                                                                       | 20       norm       idis      10017  9.79883e-01
filters: Q2>1.690000                                                                                                      | 21       norm       idis      10010  1.00640e+00
filters: W2>10.000000                                                                                                     | 22       norm       idis      10011  9.93754e-01
    idx tar        col  npts       chi2  chi2-npts      rchi2      nchi2                                                  | 23       norm       idis      10020  9.79670e-01
  10016   p      BCDMS   348     752.05     404.05      31.15       2.38                                                  | 
  10017   d      BCDMS   254     480.34     226.34      18.90       0.45                                                  | 
  10020   p        NMC   273     679.21     406.21      15.02       1.03                                                  | 
  10021 d/p        NMC   174     348.40     174.40       2.17       0.00                                                  | 
  10010   p       SLAC   218     388.18     170.18       0.00       0.09                                                  | 
  10011   d       SLAC   228     349.52     121.52       0.00       0.13                                                  | 
['pdf']
JAM FITTER                                                                                                                | 1        pdf       db1 N   3.11302e-02
count = 673                                                                                                               | 2        pdf       db1 a  -9.83107e-01
elapsed time(mins)=2.824954                                                                                               | 3        pdf       db1 b   3.66428e+00
shifts  = 1                                                                                                               | 4        pdf       dv1 a  -2.74511e-01
npts    = 1495                                                                                                            | 5        pdf       dv1 b   6.61112e+00
chi2    = 2997.692416                                                                                                     | 6        pdf        g1 a  -4.32886e-01
rchi2   = 67.246297                                                                                                       | 7        pdf        g1 b   3.98680e+00
nchi2   = 4.079280                                                                                                        | 8        pdf        s1 N   1.14224e-01
chi2tot = 3069.017993                                                                                                     | 9        pdf        s1 a   1.00000e+00
dchi2(iter)  = 15069.758907                                                                                               | 10        pdf        s1 b   4.61551e+00
dchi2(local) = -148.930988                                                                                                | 11        pdf      sea1 N   2.85493e-03
pdf dv(1):1.000000                                                                                                        | 12        pdf      sea1 a  -1.56080e+00
pdf db-ub(2):0.017846                                                                                                     | 13        pdf      sea1 b   1.00000e+01
pdf msr:1.000000                                                                                                          | 14        pdf       ub1 N   1.32845e-02
pdf db-ub(1):-147095750939.944824                                                                                         | 15        pdf       ub1 a  -1.00000e+00
pdf uv(1):2.000000                                                                                                        | 16        pdf       ub1 b   1.00000e+01
pdf s-sb(1):0.000000                                                                                                      | 17        pdf       uv1 a  -3.23478e-01
pdf s-sb(2):0.000000                                                                                                      | 18        pdf       uv1 b   2.89747e+00
                                                                                                                          | 19       norm       idis      10016  9.53781e-01
reaction: unpol DIS                                                                                                       | 20       norm       idis      10017  9.79900e-01
filters: Q2>1.690000                                                                                                      | 21       norm       idis      10010  1.00644e+00
filters: W2>10.000000                                                                                                     | 22       norm       idis      10011  9.93795e-01
    idx tar        col  npts       chi2  chi2-npts      rchi2      nchi2                                                  | 23       norm       idis      10020  9.79706e-01
  10016   p      BCDMS   348     752.05     404.05      31.16       2.37                                                  | 
  10017   d      BCDMS   254     480.30     226.30      18.89       0.45                                                  | 
  10020   p        NMC   273     679.21     406.21      15.02       1.03                                                  | 
  10021 d/p        NMC   174     348.40     174.40       2.17       0.00                                                  | 
  10010   p       SLAC   218     388.19     170.19       0.00       0.09                                                  | 
  10011   d       SLAC   228     349.53     121.53       0.00       0.13                                                  | 
