('active', 'pdf')

--step 1: npQCD objects = pdf , datasets = idis , tmc = False , ht = False
loading idis data sets 10016
loading idis data sets 10017
loading idis data sets 10020
loading idis data sets 10021
loading idis data sets 10010
loading idis data sets 10011
Loading DIS tables...
10016 has norm uncertainty
10017 has norm uncertainty
10020 has norm uncertainty
10010 has norm uncertainty
10011 has norm uncertainty
[H[J[H[J['pdf']
JAM FITTER                                                                                                                | 1        pdf       db1 N   6.74169e-02
count = 100                                                                                                               | 2        pdf       db1 a   9.92506e-01
elapsed time(mins)=0.421632                                                                                               | 3        pdf       db1 b   4.50852e+00
shifts  = 2                                                                                                               | 4        pdf       dv1 a  -1.26727e-01
npts    = 1495                                                                                                            | 5        pdf       dv1 b   9.75699e+00
chi2    = 97157.897166                                                                                                    | 6        pdf        g1 a   1.48778e-01
rchi2   = 17070.817017                                                                                                    | 7        pdf        g1 b   2.74855e-01
nchi2   = 298.337459                                                                                                      | 8        pdf        s1 N   1.27300e-01
chi2tot = 114527.051641                                                                                                   | 9        pdf        s1 a   8.48080e-01
dchi2(iter)  = 0.000000                                                                                                   | 10        pdf        s1 b   7.10153e-01
dchi2(local) = -inf                                                                                                       | 11        pdf      sea1 N   1.24513e-01
pdf dv(1):1.000000                                                                                                        | 12        pdf      sea1 a  -1.78929e+00
pdf db-ub(2):-0.041800                                                                                                    | 13        pdf      sea1 b   7.78310e+00
pdf msr:1.000000                                                                                                          | 14        pdf       ub1 N   1.09217e-01
pdf db-ub(1):-2.528015                                                                                                    | 15        pdf       ub1 a  -7.76814e-01
pdf uv(1):2.000000                                                                                                        | 16        pdf       ub1 b   4.46145e+00
pdf s-sb(1):0.000000                                                                                                      | 17        pdf       uv1 a  -2.78805e-01
pdf s-sb(2):0.000000                                                                                                      | 18        pdf       uv1 b   2.68634e+00
                                                                                                                          | 19       norm       idis      10016  1.02948e+00
reaction: unpol DIS                                                                                                       | 20       norm       idis      10017  1.03761e+00
filters: Q2>1.690000                                                                                                      | 21       norm       idis      10010  1.19958e+00
filters: W2>10.000000                                                                                                     | 22       norm       idis      10011  1.17527e+00
    idx tar        col  npts       chi2  chi2-npts      rchi2      nchi2                                                  | 23       norm       idis      10020  1.19918e+00
  10016   p      BCDMS   348    6210.58    5862.58    2759.98       0.97                                                  | 
  10017   d      BCDMS   254    4431.38    4177.38    1890.38       1.57                                                  | 
  10020   p        NMC   273   35364.32   35091.32   10934.61      99.18                                                  | 
  10021 d/p        NMC   174    3633.93    3459.93    1485.85       0.00                                                  | 
  10010   p       SLAC   218   20884.36   20666.36       0.00      90.32                                                  | 
  10011   d       SLAC   228   26633.33   26405.33       0.00     106.29                                                  | 
['pdf']
JAM FITTER                                                                                                                | 1        pdf       db1 N   5.52491e-02
count = 200                                                                                                               | 2        pdf       db1 a  -2.49717e-01
elapsed time(mins)=0.838829                                                                                               | 3        pdf       db1 b   5.06629e+00
shifts  = 2                                                                                                               | 4        pdf       dv1 a  -4.99467e-01
npts    = 1495                                                                                                            | 5        pdf       dv1 b   9.91608e+00
chi2    = 6972.163277                                                                                                     | 6        pdf        g1 a  -1.09363e-01
rchi2   = 465.560851                                                                                                      | 7        pdf        g1 b   2.10186e+00
nchi2   = 240.407319                                                                                                      | 8        pdf        s1 N   1.07175e-01
chi2tot = 7678.131447                                                                                                     | 9        pdf        s1 a   3.44526e-01
dchi2(iter)  = 0.000000                                                                                                   | 10        pdf        s1 b   3.70994e+00
dchi2(local) = -inf                                                                                                       | 11        pdf      sea1 N   3.35127e-02
pdf dv(1):1.000000                                                                                                        | 12        pdf      sea1 a  -1.83360e+00
pdf db-ub(2):-0.003354                                                                                                    | 13        pdf      sea1 b   1.08919e-01
pdf msr:1.000000                                                                                                          | 14        pdf       ub1 N   5.86034e-02
pdf db-ub(1):0.039385                                                                                                     | 15        pdf       ub1 a  -4.69136e-01
pdf uv(1):2.000000                                                                                                        | 16        pdf       ub1 b   2.65938e+00
pdf s-sb(1):0.000000                                                                                                      | 17        pdf       uv1 a  -4.84504e-01
pdf s-sb(2):0.000000                                                                                                      | 18        pdf       uv1 b   2.79001e+00
                                                                                                                          | 19       norm       idis      10016  1.08283e+00
reaction: unpol DIS                                                                                                       | 20       norm       idis      10017  1.11791e+00
filters: Q2>1.690000                                                                                                      | 21       norm       idis      10010  1.19959e+00
filters: W2>10.000000                                                                                                     | 22       norm       idis      10[H[J[H[J011  1.18922e+00
    idx tar        col  npts       chi2  chi2-npts      rchi2      nchi2                                                  | 23       norm       idis      10020  1.03532e+00
  10016   p      BCDMS   348    1293.21     945.21      56.44       7.62                                                  | 
  10017   d      BCDMS   254     817.85     563.85      47.27      15.45                                                  | 
  10020   p        NMC   273    3088.59    2815.59     346.51       3.12                                                  | 
  10021 d/p        NMC   174     419.03     245.03      15.33       0.00                                                  | 
  10010   p       SLAC   218     608.39     390.39       0.00      90.33                                                  | 
  10011   d       SLAC   228     745.09     517.09       0.00     123.89                                                  | 
['pdf']
JAM FITTER                                                                                                                | 1        pdf       db1 N   6.25150e-02
count = 300                                                                                                               | 2        pdf       db1 a  -3.67940e-01
elapsed time(mins)=1.260247                                                                                               | 3        pdf       db1 b   4.09189e+00
shifts  = 2                                                                                                               | 4        pdf       dv1 a  -4.99711e-01
npts    = 1495                                                                                                            | 5        pdf       dv1 b   9.96821e+00
chi2    = 4002.666649                                                                                                     | 6        pdf        g1 a  -1.08309e+00
rchi2   = 273.330263                                                                                                      | 7        pdf        g1 b   5.99023e+00
nchi2   = 69.926242                                                                                                       | 8        pdf        s1 N   1.04954e-01
chi2tot = 4345.923153                                                                                                     | 9        pdf        s1 a   6.71611e-01
dchi2(iter)  = 0.000000                                                                                                   | 10        pdf        s1 b   4.34136e+00
dchi2(local) = -inf                                                                                                       | 11        pdf      sea1 N   1.28656e-02
pdf dv(1):1.000000                                                                                                        | 12        pdf      sea1 a  -1.83302e+00
pdf db-ub(2):0.012945                                                                                                     | 13        pdf      sea1 b   7.85769e-01
pdf msr:1.000000                                                                                                          | 14        pdf       ub1 N   4.95704e-02
pdf db-ub(1):0.098314                                                                                                     | 15        pdf       ub1 a  -5.62404e-01
pdf uv(1):2.000000                                                                                                        | 16        pdf       ub1 b   2.69224e+00
pdf s-sb(1):0.000000                                                                                                      | 17        pdf       uv1 a  -4.87242e-01
pdf s-sb(2):0.000000                                                                                                      | 18        pdf       uv1 b   2.53821e+00
                                                                                                                          | 19       norm       idis      10016  1.02394e+00
reaction: unpol DIS                                                                                                       | 20       norm       idis      10017  1.06574e+00
filters: Q2>1.690000                                                                                                      | 21       norm       idis      10010  1.10329e+00
filters: W2>10.000000                                                                                                     | 22       norm       idis      10011  1.10550e+00
    idx tar        col  npts       chi2  chi2-npts      rchi2      nchi2                                                  | 23       norm       idis      10020  1.02672e+00
  10016   p      BCDMS   348     954.75     606.75      99.91       0.64                                                  | 
  10017   d      BCDMS   254     697.43     443.43      91.13       4.80                                                  | 
  10020   p        NMC   273    1100.67     827.67      75.39       1.79                                                  | 
  10021 d/p        NMC   174     407.34     233.34       6.90       0.00                                                  | 
  10010   p       SLAC   218     417.57     199.57       0.00      24.19                                                  | 
  10011   d       SLAC   228     424.91     196.91       0.00      38.51                                                  | 
['pdf']
JAM FITTER                                                                                                                | 1        pdf       db1 N   4.77564e-02
count = 400                                                                                                               | 2        pdf       db1 a  -2.98630e-01
elapsed time(mins)=1.680809                                                                                               | 3        pdf       db1 b   4.86623e+00
shifts  = 3                                                                                                               | 4        pdf       dv1 a  -4.99592e-01
npts    = 1495                                                                                                            | 5        pdf       dv1 b   9.95060e+00
chi2    = 2951.105533                                                                                                     | 6        pdf        g1 a  -3.57455e-01
rchi2   = 127.439664                                                                                                      | 7        pdf        g1 b   6.38699e+00
nchi2   = 6.749779                                                                                                        | 8        pdf        s1 N   1.27884e-01
chi2tot = 3085.294976                                                                                                     | 9        pdf        s1 a   9.80792e-01
dchi2(iter)  = inf                                                                                                        | 10        pdf        s1 b   4.71246e+00
dchi2(local) = -inf                                                                                                       | 11        pdf      sea1 N   1.02375e-02
pdf dv(1):1.000000                                                                                                        | 12        pdf      sea1 a  -1.49115e+00
pdf db-ub(2):0.016764                                                                                                     | 13        pdf      sea1 b   2.85286e+00
pdf msr:1.000000                                                                                                          | 14        pdf       ub1 N   3.09920e-02
pdf db-ub(1):0.094048                                                                                                     | 15        pdf       ub1 a  -6.91997e-01
pdf uv(1):2.000000                                                                                                        | 16        pdf       ub1 b   2.20155e+00
pdf s-sb(1):0.000000                                           [H[J[H[J                                                           | 17        pdf       uv1 a  -4.79840e-01
pdf s-sb(2):0.000000                                                                                                      | 18        pdf       uv1 b   2.68111e+00
                                                                                                                          | 19       norm       idis      10016  9.60295e-01
reaction: unpol DIS                                                                                                       | 20       norm       idis      10017  9.99010e-01
filters: Q2>1.690000                                                                                                      | 21       norm       idis      10010  1.02800e+00
filters: W2>10.000000                                                                                                     | 22       norm       idis      10011  1.03050e+00
    idx tar        col  npts       chi2  chi2-npts      rchi2      nchi2                                                  | 23       norm       idis      10020  1.00034e+00
  10016   p      BCDMS   348     764.98     416.98      57.77       1.75                                                  | 
  10017   d      BCDMS   254     523.97     269.97      38.04       0.00                                                  | 
  10020   p        NMC   273     587.45     314.45      27.20       0.00                                                  | 
  10021 d/p        NMC   174     383.01     209.01       4.44       0.00                                                  | 
  10010   p       SLAC   218     378.53     160.53       0.00       1.78                                                  | 
  10011   d       SLAC   228     313.17      85.17       0.00       3.22                                                  | 
['pdf']
JAM FITTER                                                                                                                | 1        pdf       db1 N   4.22413e-02
count = 500                                                                                                               | 2        pdf       db1 a  -2.37492e-01
elapsed time(mins)=2.099365                                                                                               | 3        pdf       db1 b   5.24743e+00
shifts  = 2                                                                                                               | 4        pdf       dv1 a  -4.99995e-01
npts    = 1495                                                                                                            | 5        pdf       dv1 b   9.84940e+00
chi2    = 2874.692089                                                                                                     | 6        pdf        g1 a  -3.22083e-01
rchi2   = 89.879978                                                                                                       | 7        pdf        g1 b   6.39386e+00
nchi2   = 5.454084                                                                                                        | 8        pdf        s1 N   1.34702e-01
chi2tot = 2970.026150                                                                                                     | 9        pdf        s1 a   9.92429e-01
dchi2(iter)  = inf                                                                                                        | 10        pdf        s1 b   4.75809e+00
dchi2(local) = -115.268826                                                                                                | 11        pdf      sea1 N   1.11745e-02
pdf dv(1):1.000000                                                                                                        | 12        pdf      sea1 a  -1.43160e+00
pdf db-ub(2):0.020680                                                                                                     | 13        pdf      sea1 b   2.99194e+00
pdf msr:1.000000                                                                                                          | 14        pdf       ub1 N   2.15613e-02
pdf db-ub(1):0.083794                                                                                                     | 15        pdf       ub1 a  -7.25187e-01
pdf uv(1):2.000000                                                                                                        | 16        pdf       ub1 b   2.60676e+00
pdf s-sb(1):0.000000                                                                                                      | 17        pdf       uv1 a  -4.73663e-01
pdf s-sb(2):0.000000                                                                                                      | 18        pdf       uv1 b   2.64909e+00
                                                                                                                          | 19       norm       idis      10016  9.40042e-01
reaction: unpol DIS                                                                                                       | 20       norm       idis      10017  9.77148e-01
filters: Q2>1.690000                                                                                                      | 21       norm       idis      10010  1.00428e+00
filters: W2>10.000000                                                                                                     | 22       norm       idis      10011  1.00598e+00
    idx tar        col  npts       chi2  chi2-npts      rchi2      nchi2                                                  | 23       norm       idis      10020  9.83102e-01
  10016   p      BCDMS   348     712.28     364.28      39.60       3.99                                                  | 
  10017   d      BCDMS   254     504.99     250.99      24.22       0.58                                                  | 
  10020   p        NMC   273     573.84     300.84      22.89       0.71                                                  | 
  10021 d/p        NMC   174     378.69     204.69       3.17       0.00                                                  | 
  10010   p       SLAC   218     392.25     174.25       0.00       0.04                                                  | 
  10011   d       SLAC   228     312.64      84.64       0.00       0.12                                                  | 
['pdf']
JAM FITTER                                                                                                                | 1        pdf       db1 N   3.64883e-02
count = 600                                                                                                               | 2        pdf       db1 a  -6.88585e-02
elapsed time(mins)=2.516909                                                                                               | 3        pdf       db1 b   6.06800e+00
shifts  = 2                                                                                                               | 4        pdf       dv1 a  -4.98958e-01
npts    = 1495                                                                                                            | 5        pdf       dv1 b   9.69774e+00
chi2    = 2856.893236                                                                                                     | 6        pdf        g1 a  -2.23764e-01
rchi2   = 79.430186                                                                                                       | 7        pdf        g1 b   6.48712e+00
nchi2   = 9.103111                                                                                                        | 8        pdf        s1 N   1.46053e-01
chi2tot = 2945.426533                                                                                                     | 9        pdf        s1 a   9.99670e-01
dchi2(iter)  = inf                                                                                                        | 10        pdf        s1 b   4.66960e+00
dchi2(local) = -139.868443                                                                                 [H[J[H[J               | 11        pdf      sea1 N   1.18397e-02
pdf dv(1):1.000000                                                                                                        | 12        pdf      sea1 a  -1.35630e+00
pdf db-ub(2):0.020148                                                                                                     | 13        pdf      sea1 b   4.01479e+00
pdf msr:1.000000                                                                                                          | 14        pdf       ub1 N   1.63405e-02
pdf db-ub(1):0.092700                                                                                                     | 15        pdf       ub1 a  -7.28825e-01
pdf uv(1):2.000000                                                                                                        | 16        pdf       ub1 b   2.39240e+00
pdf s-sb(1):0.000000                                                                                                      | 17        pdf       uv1 a  -4.66073e-01
pdf s-sb(2):0.000000                                                                                                      | 18        pdf       uv1 b   2.71209e+00
                                                                                                                          | 19       norm       idis      10016  9.30141e-01
reaction: unpol DIS                                                                                                       | 20       norm       idis      10017  9.64001e-01
filters: Q2>1.690000                                                                                                      | 21       norm       idis      10010  9.91598e-01
filters: W2>10.000000                                                                                                     | 22       norm       idis      10011  9.91346e-01
    idx tar        col  npts       chi2  chi2-npts      rchi2      nchi2                                                  | 23       norm       idis      10020  9.73008e-01
  10016   p      BCDMS   348     697.54     349.54      34.31       5.42                                                  | 
  10017   d      BCDMS   254     506.88     252.88      21.50       1.44                                                  | 
  10020   p        NMC   273     573.91     300.91      21.49       1.82                                                  | 
  10021 d/p        NMC   174     370.60     196.60       2.13       0.00                                                  | 
  10010   p       SLAC   218     393.42     175.42       0.00       0.16                                                  | 
  10011   d       SLAC   228     314.55      86.55       0.00       0.26                                                  | 
['pdf']
JAM FITTER                                                                                                                | 1        pdf       db1 N   3.83000e-02
count = 700                                                                                                               | 2        pdf       db1 a   5.72748e-02
elapsed time(mins)=2.933171                                                                                               | 3        pdf       db1 b   6.24958e+00
shifts  = 3                                                                                                               | 4        pdf       dv1 a  -4.98146e-01
npts    = 1495                                                                                                            | 5        pdf       dv1 b   9.96890e+00
chi2    = 2848.800973                                                                                                     | 6        pdf        g1 a  -2.22859e-01
rchi2   = 77.357222                                                                                                       | 7        pdf        g1 b   6.10302e+00
nchi2   = 8.352420                                                                                                        | 8        pdf        s1 N   1.40618e-01
chi2tot = 2934.510615                                                                                                     | 9        pdf        s1 a   1.00000e+00
dchi2(iter)  = 150.784361                                                                                                 | 10        pdf        s1 b   4.63981e+00
dchi2(local) = -150.784361                                                                                                | 11        pdf      sea1 N   1.12871e-02
pdf dv(1):1.000000                                                                                                        | 12        pdf      sea1 a  -1.29873e+00
pdf db-ub(2):0.027621                                                                                                     | 13        pdf      sea1 b   5.65735e+00
pdf msr:1.000000                                                                                                          | 14        pdf       ub1 N   1.06791e-02
pdf db-ub(1):0.038500                                                                                                     | 15        pdf       ub1 a  -8.46493e-01
pdf uv(1):2.000000                                                                                                        | 16        pdf       ub1 b   2.61862e+00
pdf s-sb(1):0.000000                                                                                                      | 17        pdf       uv1 a  -4.23741e-01
pdf s-sb(2):-0.000000                                                                                                     | 18        pdf       uv1 b   2.75363e+00
                                                                                                                          | 19       norm       idis      10016  9.32829e-01
reaction: unpol DIS                                                                                                       | 20       norm       idis      10017  9.65729e-01
filters: Q2>1.690000                                                                                                      | 21       norm       idis      10010  9.91867e-01
filters: W2>10.000000                                                                                                     | 22       norm       idis      10011  9.90733e-01
    idx tar        col  npts       chi2  chi2-npts      rchi2      nchi2                                                  | 23       norm       idis      10020  9.74805e-01
  10016   p      BCDMS   348     690.91     342.91      33.52       5.01                                                  | 
  10017   d      BCDMS   254     508.43     254.43      20.06       1.30                                                  | 
  10020   p        NMC   273     574.59     301.59      21.85       1.59                                                  | 
  10021 d/p        NMC   174     363.73     189.73       1.93       0.00                                                  | 
  10010   p       SLAC   218     393.19     175.19       0.00       0.15                                                  | 
  10011   d       SLAC   228     317.96      89.96       0.00       0.30                                                  | 
['pdf']
JAM FITTER                                                                                                                | 1        pdf       db1 N   4.16029e-02
count = 800                                                                                                               | 2        pdf       db1 a   6.51286e-02
elapsed time(mins)=3.351979                                                                                               | 3        pdf       db1 b   6.10286e+00
shifts  = 2                                                                                                               | 4        pdf       dv1 a  -4.98925e-01
npts    = 1495                                                                                                            | 5        pdf       dv1[H[J b   9.98174e+00
chi2    = 2845.793427                                                                                                     | 6        pdf        g1 a  -3.50477e-01
rchi2   = 72.547754                                                                                                       | 7        pdf        g1 b   5.21048e+00
nchi2   = 7.634111                                                                                                        | 8        pdf        s1 N   1.31087e-01
chi2tot = 2925.975293                                                                                                     | 9        pdf        s1 a   1.00000e+00
dchi2(iter)  = 150.784361                                                                                                 | 10        pdf        s1 b   4.62496e+00
dchi2(local) = -8.535322                                                                                                  | 11        pdf      sea1 N   9.83434e-03
pdf dv(1):1.000000                                                                                                        | 12        pdf      sea1 a  -1.26371e+00
pdf db-ub(2):0.030416                                                                                                     | 13        pdf      sea1 b   7.92735e+00
pdf msr:1.000000                                                                                                          | 14        pdf       ub1 N   1.11870e-02
pdf db-ub(1):-0.011149                                                                                                    | 15        pdf       ub1 a  -8.71512e-01
pdf uv(1):2.000000                                                                                                        | 16        pdf       ub1 b   2.66381e+00
pdf s-sb(1):0.000000                                                                                                      | 17        pdf       uv1 a  -4.01745e-01
pdf s-sb(2):0.000000                                                                                                      | 18        pdf       uv1 b   2.79479e+00
                                                                                                                          | 19       norm       idis      10016  9.35642e-01
reaction: unpol DIS                                                                                                       | 20       norm       idis      10017  9.68046e-01
filters: Q2>1.690000                                                                                                      | 21       norm       idis      10010  9.92199e-01
filters: W2>10.000000                                                                                                     | 22       norm       idis      10011  9.90240e-01
    idx tar        col  npts       chi2  chi2-npts      rchi2      nchi2                                                  | 23       norm       idis      10020  9.76085e-01
  10016   p      BCDMS   348     690.15     342.15      31.61       4.60                                                  | 
  10017   d      BCDMS   254     509.48     255.48      18.79       1.13                                                  | 
  10020   p        NMC   273     575.60     302.60      20.19       1.43                                                  | 
  10021 d/p        NMC   174     361.35     187.35       1.96       0.00                                                  | 
  10010   p       SLAC   218     390.32     172.32       0.00       0.14                                                  | 
  10011   d       SLAC   228     318.89      90.89       0.00       0.33                                                  | 
['pdf']
JAM FITTER                                                                                                                | 1        pdf       db1 N   4.25687e-02
count = 900                                                                                                               | 2        pdf       db1 a   2.12262e-01
elapsed time(mins)=3.770792                                                                                               | 3        pdf       db1 b   5.89280e+00
shifts  = 2                                                                                                               | 4        pdf       dv1 a  -4.28020e-01
npts    = 1495                                                                                                            | 5        pdf       dv1 b   9.99030e+00
chi2    = 2844.878500                                                                                                     | 6        pdf        g1 a  -4.57279e-01
rchi2   = 70.814657                                                                                                       | 7        pdf        g1 b   4.50004e+00
nchi2   = 4.835117                                                                                                        | 8        pdf        s1 N   1.09135e-01
chi2tot = 2920.528273                                                                                                     | 9        pdf        s1 a   1.00000e+00
dchi2(iter)  = 150.784361                                                                                                 | 10        pdf        s1 b   4.54490e+00
dchi2(local) = -13.982342                                                                                                 | 11        pdf      sea1 N   1.03696e-02
pdf dv(1):1.000000                                                                                                        | 12        pdf      sea1 a  -1.20674e+00
pdf db-ub(2):0.034191                                                                                                     | 13        pdf      sea1 b   9.34948e+00
pdf msr:1.000000                                                                                                          | 14        pdf       ub1 N   8.37785e-03
pdf db-ub(1):-0.096839                                                                                                    | 15        pdf       ub1 a  -9.14852e-01
pdf uv(1):2.000000                                                                                                        | 16        pdf       ub1 b   2.79169e+00
pdf s-sb(1):0.000000                                                                                                      | 17        pdf       uv1 a  -3.51081e-01
pdf s-sb(2):0.000000                                                                                                      | 18        pdf       uv1 b   2.86570e+00
                                                                                                                          | 19       norm       idis      10016  9.44625e-01
reaction: unpol DIS                                                                                                       | 20       norm       idis      10017  9.76790e-01
filters: Q2>1.690000                                                                                                      | 21       norm       idis      10010  9.98255e-01
filters: W2>10.000000                                                                                                     | 22       norm       idis      10011  9.95378e-01
    idx tar        col  npts       chi2  chi2-npts      rchi2      nchi2                                                  | 23       norm       idis      10020  9.82696e-01
  10016   p      BCDMS   348     692.93     344.93      31.39       3.41                                                  | 
  10017   d      BCDMS   254     511.88     257.88      18.38       0.60                                                  | 
  10020   p        NMC   273     576.53     303.53      18.73       0.75                                                  | 
  10021 d/p        NMC   174     359.27     185.27       2.32       0.00                                                  | 
  10010   p       SLAC   218     386.80     168.80       0.00       0.01                                            [H[J[H[J      | 
  10011   d       SLAC   228     317.46      89.46       0.00       0.07                                                  | 
['pdf']
JAM FITTER                                                                                                                | 1        pdf       db1 N   4.11975e-02
count = 1000                                                                                                              | 2        pdf       db1 a   3.24180e-01
elapsed time(mins)=4.196248                                                                                               | 3        pdf       db1 b   5.87032e+00
shifts  = 2                                                                                                               | 4        pdf       dv1 a  -3.70083e-01
npts    = 1495                                                                                                            | 5        pdf       dv1 b   9.99137e+00
chi2    = 2847.713113                                                                                                     | 6        pdf        g1 a  -4.90892e-01
rchi2   = 66.496950                                                                                                       | 7        pdf        g1 b   4.25074e+00
nchi2   = 4.264983                                                                                                        | 8        pdf        s1 N   1.00971e-01
chi2tot = 2918.475046                                                                                                     | 9        pdf        s1 a   9.99999e-01
dchi2(iter)  = 150.784361                                                                                                 | 10        pdf        s1 b   4.52222e+00
dchi2(local) = -16.035569                                                                                                 | 11        pdf      sea1 N   1.07925e-02
pdf dv(1):1.000000                                                                                                        | 12        pdf      sea1 a  -1.18464e+00
pdf db-ub(2):0.033864                                                                                                     | 13        pdf      sea1 b   9.80220e+00
pdf msr:1.000000                                                                                                          | 14        pdf       ub1 N   7.33370e-03
pdf db-ub(1):-0.084494                                                                                                    | 15        pdf       ub1 a  -9.16536e-01
pdf uv(1):2.000000                                                                                                        | 16        pdf       ub1 b   2.77968e+00
pdf s-sb(1):0.000000                                                                                                      | 17        pdf       uv1 a  -3.33333e-01
pdf s-sb(2):0.000000                                                                                                      | 18        pdf       uv1 b   2.89653e+00
                                                                                                                          | 19       norm       idis      10016  9.47090e-01
reaction: unpol DIS                                                                                                       | 20       norm       idis      10017  9.79052e-01
filters: Q2>1.690000                                                                                                      | 21       norm       idis      10010  9.99350e-01
filters: W2>10.000000                                                                                                     | 22       norm       idis      10011  9.96030e-01
    idx tar        col  npts       chi2  chi2-npts      rchi2      nchi2                                                  | 23       norm       idis      10020  9.84362e-01
  10016   p      BCDMS   348     692.03     344.03      29.36       3.11                                                  | 
  10017   d      BCDMS   254     512.02     258.02      17.07       0.49                                                  | 
  10020   p        NMC   273     577.42     304.42      17.82       0.61                                                  | 
  10021 d/p        NMC   174     359.48     185.48       2.24       0.00                                                  | 
  10010   p       SLAC   218     387.11     169.11       0.00       0.00                                                  | 
  10011   d       SLAC   228     319.65      91.65       0.00       0.05                                                  | 
['pdf']
JAM FITTER                                                                                                                | 1        pdf       db1 N   3.81749e-02
count = 1100                                                                                                              | 2        pdf       db1 a   5.87833e-01
elapsed time(mins)=4.610955                                                                                               | 3        pdf       db1 b   6.01674e+00
shifts  = 2                                                                                                               | 4        pdf       dv1 a  -2.77574e-01
npts    = 1495                                                                                                            | 5        pdf       dv1 b   9.98824e+00
chi2    = 2848.446133                                                                                                     | 6        pdf        g1 a  -5.56576e-01
rchi2   = 64.855932                                                                                                       | 7        pdf        g1 b   3.85191e+00
nchi2   = 3.760785                                                                                                        | 8        pdf        s1 N   8.97584e-02
chi2tot = 2917.062850                                                                                                     | 9        pdf        s1 a   1.00000e+00
dchi2(iter)  = 150.784361                                                                                                 | 10        pdf        s1 b   4.46785e+00
dchi2(local) = -17.447765                                                                                                 | 11        pdf      sea1 N   1.19703e-02
pdf dv(1):1.000000                                                                                                        | 12        pdf      sea1 a  -1.15569e+00
pdf db-ub(2):0.033671                                                                                                     | 13        pdf      sea1 b   9.81450e+00
pdf msr:1.000000                                                                                                          | 14        pdf       ub1 N   4.50435e-03
pdf db-ub(1):-0.179160                                                                                                    | 15        pdf       ub1 a  -9.55683e-01
pdf uv(1):2.000000                                                                                                        | 16        pdf       ub1 b   2.75376e+00
pdf s-sb(1):0.000000                                                                                                      | 17        pdf       uv1 a  -3.06463e-01
pdf s-sb(2):0.000000                                                                                                      | 18        pdf       uv1 b   2.93478e+00
                                                                                                                          | 19       norm       idis      10016  9.49618e-01
reaction: unpol DIS                                                                                                       | 20       norm       idis      10017  9.81536e-01
filters: Q2>1.690000                                                                                                      | 21       norm       idis      10010  1.00021e+00
filters: W2>10.000000 [H[J[H[J                                                                                                    | 22       norm       idis      10011  9.96417e-01
    idx tar        col  npts       chi2  chi2-npts      rchi2      nchi2                                                  | 23       norm       idis      10020  9.85618e-01
  10016   p      BCDMS   348     692.29     344.29      29.03       2.82                                                  | 
  10017   d      BCDMS   254     512.19     258.19      16.51       0.38                                                  | 
  10020   p        NMC   273     577.91     304.91      17.20       0.52                                                  | 
  10021 d/p        NMC   174     358.86     184.86       2.11       0.00                                                  | 
  10010   p       SLAC   218     385.63     167.63       0.00       0.00                                                  | 
  10011   d       SLAC   228     321.56      93.56       0.00       0.04                                                  | 
['pdf']
JAM FITTER                                                                                                                | 1        pdf       db1 N   3.57734e-02
count = 1200                                                                                                              | 2        pdf       db1 a   8.24333e-01
elapsed time(mins)=5.022516                                                                                               | 3        pdf       db1 b   6.24701e+00
shifts  = 2                                                                                                               | 4        pdf       dv1 a  -2.12723e-01
npts    = 1495                                                                                                            | 5        pdf       dv1 b   9.99800e+00
chi2    = 2847.793339                                                                                                     | 6        pdf        g1 a  -5.78723e-01
rchi2   = 64.854426                                                                                                       | 7        pdf        g1 b   3.71361e+00
nchi2   = 3.448218                                                                                                        | 8        pdf        s1 N   8.36822e-02
chi2tot = 2916.095983                                                                                                     | 9        pdf        s1 a   1.00000e+00
dchi2(iter)  = 150.784361                                                                                                 | 10        pdf        s1 b   4.39553e+00
dchi2(local) = -18.414632                                                                                                 | 11        pdf      sea1 N   1.27379e-02
pdf dv(1):1.000000                                                                                                        | 12        pdf      sea1 a  -1.14140e+00
pdf db-ub(2):0.032813                                                                                                     | 13        pdf      sea1 b   9.76529e+00
pdf msr:1.000000                                                                                                          | 14        pdf       ub1 N   2.96044e-03
pdf db-ub(1):-1.164699                                                                                                    | 15        pdf       ub1 a  -9.92474e-01
pdf uv(1):2.000000                                                                                                        | 16        pdf       ub1 b   2.40552e+00
pdf s-sb(1):0.000000                                                                                                      | 17        pdf       uv1 a  -2.90368e-01
pdf s-sb(2):0.000000                                                                                                      | 18        pdf       uv1 b   2.96476e+00
                                                                                                                          | 19       norm       idis      10016  9.51202e-01
reaction: unpol DIS                                                                                                       | 20       norm       idis      10017  9.83010e-01
filters: Q2>1.690000                                                                                                      | 21       norm       idis      10010  1.00093e+00
filters: W2>10.000000                                                                                                     | 22       norm       idis      10011  9.96824e-01
    idx tar        col  npts       chi2  chi2-npts      rchi2      nchi2                                                  | 23       norm       idis      10020  9.86663e-01
  10016   p      BCDMS   348     692.65     344.65      29.19       2.65                                                  | 
  10017   d      BCDMS   254     511.92     257.92      16.37       0.32                                                  | 
  10020   p        NMC   273     577.74     304.74      17.00       0.44                                                  | 
  10021 d/p        NMC   174     358.78     184.78       2.29       0.00                                                  | 
  10010   p       SLAC   218     384.72     166.72       0.00       0.00                                                  | 
  10011   d       SLAC   228     321.99      93.99       0.00       0.03                                                  | 
['pdf']
JAM FITTER                                                                                                                | 1        pdf       db1 N   3.41700e-02
count = 1300                                                                                                              | 2        pdf       db1 a   9.56442e-01
elapsed time(mins)=5.408126                                                                                               | 3        pdf       db1 b   6.43623e+00
shifts  = 23                                                                                                              | 4        pdf       dv1 a  -1.80893e-01
npts    = 1495                                                                                                            | 5        pdf       dv1 b   9.99724e+00
chi2    = 2847.119729                                                                                                     | 6        pdf        g1 a  -5.75695e-01
rchi2   = 64.769799                                                                                                       | 7        pdf        g1 b   3.74891e+00
nchi2   = 3.421490                                                                                                        | 8        pdf        s1 N   8.39352e-02
chi2tot = 2915.311019                                                                                                     | 9        pdf        s1 a   1.00000e+00
dchi2(iter)  = 19.199596                                                                                                  | 10        pdf        s1 b   4.34279e+00
dchi2(local) = -19.199596                                                                                                 | 11        pdf      sea1 N   1.30431e-02
pdf dv(1):1.000000                                                                                                        | 12        pdf      sea1 a  -1.13899e+00
pdf db-ub(2):0.031443                                                                                                     | 13        pdf      sea1 b   9.73010e+00
pdf msr:1.000000                                                                                                          | 14        pdf       ub1 N   2.72691e-03
pdf db-ub(1):-2.901541                                                                                                    | 15        pdf       ub1 a  -9.97730e-01
pdf uv(1):2.000000                                                                           [H[J[H[J                             | 16        pdf       ub1 b   1.55014e+00
pdf s-sb(1):0.000000                                                                                                      | 17        pdf       uv1 a  -2.87005e-01
pdf s-sb(2):0.000000                                                                                                      | 18        pdf       uv1 b   2.98738e+00
                                                                                                                          | 19       norm       idis      10016  9.51257e-01
reaction: unpol DIS                                                                                                       | 20       norm       idis      10017  9.83072e-01
filters: Q2>1.690000                                                                                                      | 21       norm       idis      10010  1.00124e+00
filters: W2>10.000000                                                                                                     | 22       norm       idis      10011  9.97171e-01
    idx tar        col  npts       chi2  chi2-npts      rchi2      nchi2                                                  | 23       norm       idis      10020  9.86855e-01
  10016   p      BCDMS   348     693.89     345.89      29.34       2.64                                                  | 
  10017   d      BCDMS   254     510.68     256.68      16.54       0.32                                                  | 
  10020   p        NMC   273     577.93     304.93      16.73       0.43                                                  | 
  10021 d/p        NMC   174     358.73     184.73       2.16       0.00                                                  | 
  10010   p       SLAC   218     384.26     166.26       0.00       0.00                                                  | 
  10011   d       SLAC   228     321.62      93.62       0.00       0.03                                                  | 
['pdf']
JAM FITTER                                                                                                                | 1        pdf       db1 N   3.34997e-02
count = 1400                                                                                                              | 2        pdf       db1 a   9.99823e-01
elapsed time(mins)=5.802723                                                                                               | 3        pdf       db1 b   6.51712e+00
shifts  = 2                                                                                                               | 4        pdf       dv1 a  -1.65078e-01
npts    = 1495                                                                                                            | 5        pdf       dv1 b   1.00000e+01
chi2    = 2846.143254                                                                                                     | 6        pdf        g1 a  -5.69950e-01
rchi2   = 65.097309                                                                                                       | 7        pdf        g1 b   3.79452e+00
nchi2   = 3.437898                                                                                                        | 8        pdf        s1 N   8.51634e-02
chi2tot = 2914.678461                                                                                                     | 9        pdf        s1 a   1.00000e+00
dchi2(iter)  = 19.199596                                                                                                  | 10        pdf        s1 b   4.27318e+00
dchi2(local) = -0.632558                                                                                                  | 11        pdf      sea1 N   1.30238e-02
pdf dv(1):1.000000                                                                                                        | 12        pdf      sea1 a  -1.13290e+00
pdf db-ub(2):0.030770                                                                                                     | 13        pdf      sea1 b   9.99999e+00
pdf msr:1.000000                                                                                                          | 14        pdf       ub1 N   2.72947e-03
pdf db-ub(1):-358923.889362                                                                                               | 15        pdf       ub1 a  -1.00000e+00
pdf uv(1):2.000000                                                                                                        | 16        pdf       ub1 b   9.85655e-01
pdf s-sb(1):0.000000                                                                                                      | 17        pdf       uv1 a  -2.81181e-01
pdf s-sb(2):0.000000                                                                                                      | 18        pdf       uv1 b   3.02594e+00
                                                                                                                          | 19       norm       idis      10016  9.50976e-01
reaction: unpol DIS                                                                                                       | 20       norm       idis      10017  9.82983e-01
filters: Q2>1.690000                                                                                                      | 21       norm       idis      10010  1.00139e+00
filters: W2>10.000000                                                                                                     | 22       norm       idis      10011  9.97619e-01
    idx tar        col  npts       chi2  chi2-npts      rchi2      nchi2                                                  | 23       norm       idis      10020  9.87010e-01
  10016   p      BCDMS   348     691.36     343.36      29.23       2.67                                                  | 
  10017   d      BCDMS   254     509.22     255.22      16.70       0.32                                                  | 
  10020   p        NMC   273     578.17     305.17      16.90       0.42                                                  | 
  10021 d/p        NMC   174     359.93     185.93       2.26       0.00                                                  | 
  10010   p       SLAC   218     386.28     168.28       0.00       0.00                                                  | 
  10011   d       SLAC   228     321.20      93.20       0.00       0.02                                                  | 
['pdf']
JAM FITTER                                                                                                                | 1        pdf       db1 N   3.34929e-02
count = 1467                                                                                                              | 2        pdf       db1 a   1.00000e+00
elapsed time(mins)=6.071806                                                                                               | 3        pdf       db1 b   6.51727e+00
shifts  = 1                                                                                                               | 4        pdf       dv1 a  -1.65015e-01
npts    = 1495                                                                                                            | 5        pdf       dv1 b   1.00000e+01
chi2    = 2846.131741                                                                                                     | 6        pdf        g1 a  -5.69972e-01
rchi2   = 65.104713                                                                                                       | 7        pdf        g1 b   3.79442e+00
nchi2   = 3.440949                                                                                                        | 8        pdf        s1 N   8.51819e-02
chi2tot = 2914.677403                                                                                                     | 9        pdf        s1 a   1.00000e+00
dchi2(iter)  = 19.199596                                                                                                  | 10        pdf        s1 b   4.27328e+00
dchi2(local) = -0.633616                                                                                                  | 11        pdf      sea1 N   1.30245e-02
pdf dv(1):1.000000                                                                                                        | 12        pdf      sea1 a  -1.13289e+00
pdf db-ub(2):0.030767                                                                                                     | 13        pdf      sea1 b   1.00000e+01
pdf msr:1.000000                                                                                                          | 14        pdf       ub1 N   2.72584e-03
pdf db-ub(1):-11175795608.583450                                                                                          | 15        pdf       ub1 a  -1.00000e+00
pdf uv(1):2.000000                                                                                                        | 16        pdf       ub1 b   9.82787e-01
pdf s-sb(1):0.000000                                                                                                      | 17        pdf       uv1 a  -2.81192e-01
pdf s-sb(2):0.000000                                                                                                      | 18        pdf       uv1 b   3.02598e+00
                                                                                                                          | 19       norm       idis      10016  9.50961e-01
reaction: unpol DIS                                                                                                       | 20       norm       idis      10017  9.82971e-01
filters: Q2>1.690000                                                                                                      | 21       norm       idis      10010  1.00137e+00
filters: W2>10.000000                                                                                                     | 22       norm       idis      10011  9.97609e-01
    idx tar        col  npts       chi2  chi2-npts      rchi2      nchi2                                                  | 23       norm       idis      10020  9.86998e-01
  10016   p      BCDMS   348     691.34     343.34      29.24       2.67                                                  | 
  10017   d      BCDMS   254     509.21     255.21      16.70       0.32                                                  | 
  10020   p        NMC   273     578.17     305.17      16.90       0.42                                                  | 
  10021 d/p        NMC   174     359.94     185.94       2.26       0.00                                                  | 
  10010   p       SLAC   218     386.28     168.28       0.00       0.00                                                  | 
  10011   d       SLAC   228     321.20      93.20       0.00       0.02                                                  | 
