('active', 'pdf')

--step 1: npQCD objects = pdf , datasets = idis , tmc = False , ht = False
loading idis data sets 10016
loading idis data sets 10017
loading idis data sets 10020
loading idis data sets 10021
loading idis data sets 10010
loading idis data sets 10011
Loading DIS tables...
10016 has norm uncertainty
10017 has norm uncertainty
10020 has norm uncertainty
10010 has norm uncertainty
10011 has norm uncertainty
[H[J[H[J['pdf']
JAM FITTER                                                                                                                | 1        pdf       db1 N   1.02177e-01
count = 100                                                                                                               | 2        pdf       db1 a  -7.45370e-01
elapsed time(mins)=0.417094                                                                                               | 3        pdf       db1 b   4.88538e+00
shifts  = 2                                                                                                               | 4        pdf       dv1 a  -3.64558e-01
npts    = 1495                                                                                                            | 5        pdf       dv1 b   6.43140e+00
chi2    = 58321.613155                                                                                                    | 6        pdf        g1 a   7.40126e-01
rchi2   = 9099.684401                                                                                                     | 7        pdf        g1 b   1.91443e+00
nchi2   = 238.761626                                                                                                      | 8        pdf        s1 N   9.33165e-03
chi2tot = 67660.059182                                                                                                    | 9        pdf        s1 a  -8.25927e-01
dchi2(iter)  = 0.000000                                                                                                   | 10        pdf        s1 b   4.43682e-01
dchi2(local) = -inf                                                                                                       | 11        pdf      sea1 N   1.08294e-01
pdf dv(1):1.000000                                                                                                        | 12        pdf      sea1 a  -1.83934e+00
pdf db-ub(2):-0.030564                                                                                                    | 13        pdf      sea1 b   9.58101e+00
pdf msr:1.000000                                                                                                          | 14        pdf       ub1 N   1.32741e-01
pdf db-ub(1):1.930240                                                                                                     | 15        pdf       ub1 a  -1.18960e-01
pdf uv(1):2.000000                                                                                                        | 16        pdf       ub1 b   1.66064e+00
pdf s-sb(1):0.000000                                                                                                      | 17        pdf       uv1 a  -1.27542e-01
pdf s-sb(2):0.000000                                                                                                      | 18        pdf       uv1 b   5.92533e+00
                                                                                                                          | 19       norm       idis      10016  9.92152e-01
reaction: unpol DIS                                                                                                       | 20       norm       idis      10017  1.08144e+00
filters: Q2>1.690000                                                                                                      | 21       norm       idis      10010  1.18794e+00
filters: W2>10.000000                                                                                                     | 22       norm       idis      10011  1.16532e+00
    idx tar        col  npts       chi2  chi2-npts      rchi2      nchi2                                                  | 23       norm       idis      10020  1.15054e+00
  10016   p      BCDMS   348    6080.55    5732.55    2059.69       0.07                                                  | 
  10017   d      BCDMS   254    6135.40    5881.40     261.64       7.37                                                  | 
  10020   p        NMC   273   21086.95   20813.95    5529.82      56.66                                                  | 
  10021 d/p        NMC   174    2300.98    2126.98    1248.53       0.00                                                  | 
  10010   p       SLAC   218    7103.04    6885.04       0.00      80.09                                                  | 
  10011   d       SLAC   228   15614.70   15386.70       0.00      94.57                                                  | 
['pdf']
JAM FITTER                                                                                                                | 1        pdf       db1 N   7.29333e-02
count = 200                                                                                                               | 2        pdf       db1 a  -2.07873e-01
elapsed time(mins)=0.830505                                                                                               | 3        pdf       db1 b   3.91072e+00
shifts  = 2                                                                                                               | 4        pdf       dv1 a  -4.99693e-01
npts    = 1495                                                                                                            | 5        pdf       dv1 b   8.22787e+00
chi2    = 3639.663659                                                                                                     | 6        pdf        g1 a  -8.60593e-01
rchi2   = 214.472026                                                                                                      | 7        pdf        g1 b   5.38813e+00
nchi2   = 181.588746                                                                                                      | 8        pdf        s1 N   5.16547e-02
chi2tot = 4035.724431                                                                                                     | 9        pdf        s1 a  -9.55103e-01
dchi2(iter)  = 0.000000                                                                                                   | 10        pdf        s1 b   5.68398e+00
dchi2(local) = -inf                                                                                                       | 11        pdf      sea1 N   2.05213e-02
pdf dv(1):1.000000                                                                                                        | 12        pdf      sea1 a  -1.87906e+00
pdf db-ub(2):-0.040485                                                                                                    | 13        pdf      sea1 b   3.25765e-02
pdf msr:1.000000                                                                                                          | 14        pdf       ub1 N   1.13419e-01
pdf db-ub(1):0.106718                                                                                                     | 15        pdf       ub1 a   7.17789e-01
pdf uv(1):2.000000                                                                                                        | 16        pdf       ub1 b   3.61849e+00
pdf s-sb(1):0.000000                                                                                                      | 17        pdf       uv1 a  -4.12745e-01
pdf s-sb(2):0.000000                                                                                                      | 18        pdf       uv1 b   5.39905e+00
                                                                                                                          | 19       norm       idis      10016  1.07946e+00
reaction: unpol DIS                                                                                                       | 20       norm       idis      10017  1.09905e+00
filters: Q2>1.690000                                                                                                      | 21       norm       idis      10010  1.17124e+00
filters: W2>10.000000                                                                                                     | 22       norm       idis      10[H[J[H[J011  1.16388e+00
    idx tar        col  npts       chi2  chi2-npts      rchi2      nchi2                                                  | 23       norm       idis      10020  1.04125e+00
  10016   p      BCDMS   348     717.34     369.34      62.77       7.01                                                  | 
  10017   d      BCDMS   254     591.47     337.47      49.93      10.90                                                  | 
  10020   p        NMC   273    1179.03     906.03      96.95       4.25                                                  | 
  10021 d/p        NMC   174     346.50     172.50       4.82       0.00                                                  | 
  10010   p       SLAC   218     424.98     206.98       0.00      66.49                                                  | 
  10011   d       SLAC   228     380.35     152.35       0.00      92.93                                                  | 
['pdf']
JAM FITTER                                                                                                                | 1        pdf       db1 N   6.78278e-02
count = 300                                                                                                               | 2        pdf       db1 a  -1.49612e-01
elapsed time(mins)=1.242723                                                                                               | 3        pdf       db1 b   4.09822e+00
shifts  = 3                                                                                                               | 4        pdf       dv1 a  -4.99858e-01
npts    = 1495                                                                                                            | 5        pdf       dv1 b   8.38556e+00
chi2    = 3047.464596                                                                                                     | 6        pdf        g1 a  -2.59181e-01
rchi2   = 67.331124                                                                                                       | 7        pdf        g1 b   7.23387e+00
nchi2   = 42.603961                                                                                                       | 8        pdf        s1 N   4.19687e-02
chi2tot = 3157.399681                                                                                                     | 9        pdf        s1 a  -8.75538e-01
dchi2(iter)  = inf                                                                                                        | 10        pdf        s1 b   7.08559e+00
dchi2(local) = -inf                                                                                                       | 11        pdf      sea1 N   9.34917e-03
pdf dv(1):1.000000                                                                                                        | 12        pdf      sea1 a  -1.84386e+00
pdf db-ub(2):-0.038366                                                                                                    | 13        pdf      sea1 b   4.56063e-02
pdf msr:1.000000                                                                                                          | 14        pdf       ub1 N   1.06194e-01
pdf db-ub(1):0.093829                                                                                                     | 15        pdf       ub1 a   8.88436e-01
pdf uv(1):2.000000                                                                                                        | 16        pdf       ub1 b   3.88038e+00
pdf s-sb(1):0.000000                                                                                                      | 17        pdf       uv1 a  -4.31311e-01
pdf s-sb(2):0.000000                                                                                                      | 18        pdf       uv1 b   5.55279e+00
                                                                                                                          | 19       norm       idis      10016  1.02412e+00
reaction: unpol DIS                                                                                                       | 20       norm       idis      10017  1.03986e+00
filters: Q2>1.690000                                                                                                      | 21       norm       idis      10010  1.08016e+00
filters: W2>10.000000                                                                                                     | 22       norm       idis      10011  1.07293e+00
    idx tar        col  npts       chi2  chi2-npts      rchi2      nchi2                                                  | 23       norm       idis      10020  1.05374e+00
  10016   p      BCDMS   348     745.45     397.45      18.89       0.65                                                  | 
  10017   d      BCDMS   254     558.31     304.31      14.15       1.77                                                  | 
  10020   p        NMC   273     634.08     361.08      28.90       7.22                                                  | 
  10021 d/p        NMC   174     333.35     159.35       5.40       0.00                                                  | 
  10010   p       SLAC   218     416.17     198.17       0.00      14.57                                                  | 
  10011   d       SLAC   228     360.10     132.10       0.00      18.40                                                  | 
['pdf']
JAM FITTER                                                                                                                | 1        pdf       db1 N   6.46373e-02
count = 400                                                                                                               | 2        pdf       db1 a  -1.31935e-01
elapsed time(mins)=1.659356                                                                                               | 3        pdf       db1 b   4.19529e+00
shifts  = 2                                                                                                               | 4        pdf       dv1 a  -4.95945e-01
npts    = 1495                                                                                                            | 5        pdf       dv1 b   8.38618e+00
chi2    = 2979.754606                                                                                                     | 6        pdf        g1 a  -3.20391e-01
rchi2   = 58.337317                                                                                                       | 7        pdf        g1 b   7.23079e+00
nchi2   = 20.814812                                                                                                       | 8        pdf        s1 N   3.61988e-02
chi2tot = 3058.906735                                                                                                     | 9        pdf        s1 a  -8.88920e-01
dchi2(iter)  = inf                                                                                                        | 10        pdf        s1 b   7.09031e+00
dchi2(local) = -98.492946                                                                                                 | 11        pdf      sea1 N   1.02330e-02
pdf dv(1):1.000000                                                                                                        | 12        pdf      sea1 a  -1.73939e+00
pdf db-ub(2):-0.038092                                                                                                    | 13        pdf      sea1 b   4.50515e-02
pdf msr:1.000000                                                                                                          | 14        pdf       ub1 N   1.02729e-01
pdf db-ub(1):0.081280                                                                                                     | 15        pdf       ub1 a   8.87714e-01
pdf uv(1):2.000000                                                                                                        | 16        pdf       ub1 b   3.91505e+00
pdf s-sb(1):0.000000                                           [H[J[H[J                                                           | 17        pdf       uv1 a  -4.51409e-01
pdf s-sb(2):0.000000                                                                                                      | 18        pdf       uv1 b   5.40424e+00
                                                                                                                          | 19       norm       idis      10016  1.00353e+00
reaction: unpol DIS                                                                                                       | 20       norm       idis      10017  1.01738e+00
filters: Q2>1.690000                                                                                                      | 21       norm       idis      10010  1.05718e+00
filters: W2>10.000000                                                                                                     | 22       norm       idis      10011  1.04926e+00
    idx tar        col  npts       chi2  chi2-npts      rchi2      nchi2                                                  | 23       norm       idis      10020  1.04315e+00
  10016   p      BCDMS   348     732.11     384.11      23.84       0.01                                                  | 
  10017   d      BCDMS   254     539.98     285.98      15.34       0.34                                                  | 
  10020   p        NMC   273     592.57     319.57      12.81       4.66                                                  | 
  10021 d/p        NMC   174     336.79     162.79       6.34       0.00                                                  | 
  10010   p       SLAC   218     421.46     203.46       0.00       7.41                                                  | 
  10011   d       SLAC   228     356.84     128.84       0.00       8.39                                                  | 
['pdf']
JAM FITTER                                                                                                                | 1        pdf       db1 N   5.88988e-02
count = 500                                                                                                               | 2        pdf       db1 a   9.12354e-02
elapsed time(mins)=2.074148                                                                                               | 3        pdf       db1 b   4.72301e+00
shifts  = 2                                                                                                               | 4        pdf       dv1 a  -4.99891e-01
npts    = 1495                                                                                                            | 5        pdf       dv1 b   9.06428e+00
chi2    = 2907.667988                                                                                                     | 6        pdf        g1 a  -6.75509e-01
rchi2   = 73.954863                                                                                                       | 7        pdf        g1 b   3.84369e+00
nchi2   = 3.491123                                                                                                        | 8        pdf        s1 N   3.73686e-02
chi2tot = 2985.113974                                                                                                     | 9        pdf        s1 a  -9.85259e-01
dchi2(iter)  = inf                                                                                                        | 10        pdf        s1 b   7.68719e+00
dchi2(local) = -172.285707                                                                                                | 11        pdf      sea1 N   1.13186e-02
pdf dv(1):1.000000                                                                                                        | 12        pdf      sea1 a  -1.52536e+00
pdf db-ub(2):-0.017561                                                                                                    | 13        pdf      sea1 b   6.51038e-01
pdf msr:1.000000                                                                                                          | 14        pdf       ub1 N   7.64597e-02
pdf db-ub(1):0.096694                                                                                                     | 15        pdf       ub1 a   8.68622e-01
pdf uv(1):2.000000                                                                                                        | 16        pdf       ub1 b   3.75690e+00
pdf s-sb(1):0.000000                                                                                                      | 17        pdf       uv1 a  -4.72511e-01
pdf s-sb(2):0.000000                                                                                                      | 18        pdf       uv1 b   3.94624e+00
                                                                                                                          | 19       norm       idis      10016  9.82359e-01
reaction: unpol DIS                                                                                                       | 20       norm       idis      10017  9.96214e-01
filters: Q2>1.690000                                                                                                      | 21       norm       idis      10010  1.02629e+00
filters: W2>10.000000                                                                                                     | 22       norm       idis      10011  1.01681e+00
    idx tar        col  npts       chi2  chi2-npts      rchi2      nchi2                                                  | 23       norm       idis      10020  1.01529e+00
  10016   p      BCDMS   348     714.12     366.12      33.01       0.35                                                  | 
  10017   d      BCDMS   254     524.30     270.30      20.35       0.02                                                  | 
  10020   p        NMC   273     581.04     308.04      14.47       0.58                                                  | 
  10021 d/p        NMC   174     333.08     159.08       6.13       0.00                                                  | 
  10010   p       SLAC   218     403.29     185.29       0.00       1.57                                                  | 
  10011   d       SLAC   228     351.85     123.85       0.00       0.98                                                  | 
['pdf']
JAM FITTER                                                                                                                | 1        pdf       db1 N   5.66931e-02
count = 600                                                                                                               | 2        pdf       db1 a   1.90586e-01
elapsed time(mins)=2.497021                                                                                               | 3        pdf       db1 b   4.98196e+00
shifts  = 2                                                                                                               | 4        pdf       dv1 a  -4.99987e-01
npts    = 1495                                                                                                            | 5        pdf       dv1 b   9.55199e+00
chi2    = 2899.226714                                                                                                     | 6        pdf        g1 a  -7.17451e-01
rchi2   = 52.227274                                                                                                       | 7        pdf        g1 b   3.11597e+00
nchi2   = 1.358489                                                                                                        | 8        pdf        s1 N   3.44154e-02
chi2tot = 2952.812477                                                                                                     | 9        pdf        s1 a  -9.96670e-01
dchi2(iter)  = inf                                                                                                        | 10        pdf        s1 b   8.43510e+00
dchi2(local) = -204.587204                                                                                 [H[J[H[J               | 11        pdf      sea1 N   1.26532e-02
pdf dv(1):1.000000                                                                                                        | 12        pdf      sea1 a  -1.46169e+00
pdf db-ub(2):-0.006271                                                                                                    | 13        pdf      sea1 b   8.56582e-01
pdf msr:1.000000                                                                                                          | 14        pdf       ub1 N   6.29636e-02
pdf db-ub(1):0.115071                                                                                                     | 15        pdf       ub1 a   8.48646e-01
pdf uv(1):2.000000                                                                                                        | 16        pdf       ub1 b   3.80065e+00
pdf s-sb(1):0.000000                                                                                                      | 17        pdf       uv1 a  -4.76536e-01
pdf s-sb(2):0.000000                                                                                                      | 18        pdf       uv1 b   3.47953e+00
                                                                                                                          | 19       norm       idis      10016  9.71219e-01
reaction: unpol DIS                                                                                                       | 20       norm       idis      10017  9.86332e-01
filters: Q2>1.690000                                                                                                      | 21       norm       idis      10010  1.00957e+00
filters: W2>10.000000                                                                                                     | 22       norm       idis      10011  1.00004e+00
    idx tar        col  npts       chi2  chi2-npts      rchi2      nchi2                                                  | 23       norm       idis      10020  1.00303e+00
  10016   p      BCDMS   348     713.90     365.90      21.80       0.92                                                  | 
  10017   d      BCDMS   254     520.92     266.92      13.77       0.21                                                  | 
  10020   p        NMC   273     580.15     307.15      11.55       0.02                                                  | 
  10021 d/p        NMC   174     333.76     159.76       5.11       0.00                                                  | 
  10010   p       SLAC   218     398.26     180.26       0.00       0.21                                                  | 
  10011   d       SLAC   228     352.24     124.24       0.00       0.00                                                  | 
['pdf']
JAM FITTER                                                                                                                | 1        pdf       db1 N   5.52009e-02
count = 700                                                                                                               | 2        pdf       db1 a   2.33383e-01
elapsed time(mins)=2.912045                                                                                               | 3        pdf       db1 b   5.14442e+00
shifts  = 2                                                                                                               | 4        pdf       dv1 a  -4.98307e-01
npts    = 1495                                                                                                            | 5        pdf       dv1 b   9.87804e+00
chi2    = 2900.698521                                                                                                     | 6        pdf        g1 a  -7.26280e-01
rchi2   = 49.130424                                                                                                       | 7        pdf        g1 b   3.00380e+00
nchi2   = 1.277205                                                                                                        | 8        pdf        s1 N   2.60648e-02
chi2tot = 2951.106150                                                                                                     | 9        pdf        s1 a  -9.48902e-01
dchi2(iter)  = inf                                                                                                        | 10        pdf        s1 b   9.08312e+00
dchi2(local) = -206.293532                                                                                                | 11        pdf      sea1 N   1.56140e-02
pdf dv(1):1.000000                                                                                                        | 12        pdf      sea1 a  -1.40885e+00
pdf db-ub(2):-0.002936                                                                                                    | 13        pdf      sea1 b   1.08402e+00
pdf msr:1.000000                                                                                                          | 14        pdf       ub1 N   5.81371e-02
pdf db-ub(1):0.120705                                                                                                     | 15        pdf       ub1 a   8.70429e-01
pdf uv(1):2.000000                                                                                                        | 16        pdf       ub1 b   3.86955e+00
pdf s-sb(1):0.000000                                                                                                      | 17        pdf       uv1 a  -4.77089e-01
pdf s-sb(2):0.000000                                                                                                      | 18        pdf       uv1 b   3.35441e+00
                                                                                                                          | 19       norm       idis      10016  9.71600e-01
reaction: unpol DIS                                                                                                       | 20       norm       idis      10017  9.87108e-01
filters: Q2>1.690000                                                                                                      | 21       norm       idis      10010  1.00855e+00
filters: W2>10.000000                                                                                                     | 22       norm       idis      10011  9.99102e-01
    idx tar        col  npts       chi2  chi2-npts      rchi2      nchi2                                                  | 23       norm       idis      10020  1.00332e+00
  10016   p      BCDMS   348     713.53     365.53      20.73       0.90                                                  | 
  10017   d      BCDMS   254     520.35     266.35      12.92       0.18                                                  | 
  10020   p        NMC   273     580.49     307.49      10.56       0.03                                                  | 
  10021 d/p        NMC   174     334.16     160.16       4.92       0.00                                                  | 
  10010   p       SLAC   218     398.62     180.62       0.00       0.17                                                  | 
  10011   d       SLAC   228     353.56     125.56       0.00       0.00                                                  | 
['pdf']
JAM FITTER                                                                                                                | 1        pdf       db1 N   5.11137e-02
count = 800                                                                                                               | 2        pdf       db1 a   3.44265e-01
elapsed time(mins)=3.327421                                                                                               | 3        pdf       db1 b   5.34775e+00
shifts  = 1                                                                                                               | 4        pdf       dv1 a  -4.66145e-01
npts    = 1495                                                                                                            | 5        pdf       dv1[H[J b   9.99797e+00
chi2    = 2900.489674                                                                                                     | 6        pdf        g1 a  -7.39672e-01
rchi2   = 48.831766                                                                                                       | 7        pdf        g1 b   2.93201e+00
nchi2   = 1.216816                                                                                                        | 8        pdf        s1 N   1.86582e-02
chi2tot = 2950.538255                                                                                                     | 9        pdf        s1 a  -7.96671e-01
dchi2(iter)  = inf                                                                                                        | 10        pdf        s1 b   9.61166e+00
dchi2(local) = -206.861426                                                                                                | 11        pdf      sea1 N   1.93025e-02
pdf dv(1):1.000000                                                                                                        | 12        pdf      sea1 a  -1.36343e+00
pdf db-ub(2):0.001656                                                                                                     | 13        pdf      sea1 b   1.32087e+00
pdf msr:1.000000                                                                                                          | 14        pdf       ub1 N   4.94581e-02
pdf db-ub(1):0.115495                                                                                                     | 15        pdf       ub1 a   9.68181e-01
pdf uv(1):2.000000                                                                                                        | 16        pdf       ub1 b   4.07480e+00
pdf s-sb(1):0.000000                                                                                                      | 17        pdf       uv1 a  -4.69364e-01
pdf s-sb(2):0.000000                                                                                                      | 18        pdf       uv1 b   3.16386e+00
                                                                                                                          | 19       norm       idis      10016  9.72704e-01
reaction: unpol DIS                                                                                                       | 20       norm       idis      10017  9.88420e-01
filters: Q2>1.690000                                                                                                      | 21       norm       idis      10010  1.00921e+00
filters: W2>10.000000                                                                                                     | 22       norm       idis      10011  9.99686e-01
    idx tar        col  npts       chi2  chi2-npts      rchi2      nchi2                                                  | 23       norm       idis      10020  1.00434e+00
  10016   p      BCDMS   348     713.73     365.73      20.81       0.83                                                  | 
  10017   d      BCDMS   254     519.35     265.35      12.65       0.15                                                  | 
  10020   p        NMC   273     580.33     307.33      10.43       0.05                                                  | 
  10021 d/p        NMC   174     334.26     160.26       4.94       0.00                                                  | 
  10010   p       SLAC   218     398.52     180.52       0.00       0.19                                                  | 
  10011   d       SLAC   228     354.30     126.30       0.00       0.00                                                  | 
['pdf']
JAM FITTER                                                                                                                | 1        pdf       db1 N   5.00800e-02
count = 900                                                                                                               | 2        pdf       db1 a   3.86729e-01
elapsed time(mins)=3.744934                                                                                               | 3        pdf       db1 b   5.40478e+00
shifts  = 2                                                                                                               | 4        pdf       dv1 a  -4.44901e-01
npts    = 1495                                                                                                            | 5        pdf       dv1 b   9.99999e+00
chi2    = 2900.507731                                                                                                     | 6        pdf        g1 a  -7.41294e-01
rchi2   = 48.736842                                                                                                       | 7        pdf        g1 b   2.92592e+00
nchi2   = 1.205036                                                                                                        | 8        pdf        s1 N   1.74759e-02
chi2tot = 2950.449609                                                                                                     | 9        pdf        s1 a  -8.18374e-01
dchi2(iter)  = inf                                                                                                        | 10        pdf        s1 b   9.99249e+00
dchi2(local) = -206.950073                                                                                                | 11        pdf      sea1 N   1.96358e-02
pdf dv(1):1.000000                                                                                                        | 12        pdf      sea1 a  -1.35795e+00
pdf db-ub(2):0.002605                                                                                                     | 13        pdf      sea1 b   1.33909e+00
pdf msr:1.000000                                                                                                          | 14        pdf       ub1 N   4.74750e-02
pdf db-ub(1):0.112791                                                                                                     | 15        pdf       ub1 a   9.99786e-01
pdf uv(1):2.000000                                                                                                        | 16        pdf       ub1 b   4.10174e+00
pdf s-sb(1):0.000000                                                                                                      | 17        pdf       uv1 a  -4.59067e-01
pdf s-sb(2):0.000000                                                                                                      | 18        pdf       uv1 b   3.16664e+00
                                                                                                                          | 19       norm       idis      10016  9.73093e-01
reaction: unpol DIS                                                                                                       | 20       norm       idis      10017  9.88824e-01
filters: Q2>1.690000                                                                                                      | 21       norm       idis      10010  1.00956e+00
filters: W2>10.000000                                                                                                     | 22       norm       idis      10011  9.99984e-01
    idx tar        col  npts       chi2  chi2-npts      rchi2      nchi2                                                  | 23       norm       idis      10020  1.00467e+00
  10016   p      BCDMS   348     713.65     365.65      20.75       0.80                                                  | 
  10017   d      BCDMS   254     518.82     264.82      12.58       0.14                                                  | 
  10020   p        NMC   273     580.24     307.24      10.41       0.05                                                  | 
  10021 d/p        NMC   174     334.35     160.35       4.99       0.00                                                  | 
  10010   p       SLAC   218     398.80     180.80       0.00       0.21                                            [H[J[H[J      | 
  10011   d       SLAC   228     354.64     126.64       0.00       0.00                                                  | 
['pdf']
JAM FITTER                                                                                                                | 1        pdf       db1 N   5.00991e-02
count = 1000                                                                                                              | 2        pdf       db1 a   3.87700e-01
elapsed time(mins)=4.157311                                                                                               | 3        pdf       db1 b   5.40522e+00
shifts  = 3                                                                                                               | 4        pdf       dv1 a  -4.43769e-01
npts    = 1495                                                                                                            | 5        pdf       dv1 b   1.00000e+01
chi2    = 2900.490111                                                                                                     | 6        pdf        g1 a  -7.41030e-01
rchi2   = 48.752085                                                                                                       | 7        pdf        g1 b   2.92742e+00
nchi2   = 1.206375                                                                                                        | 8        pdf        s1 N   1.76436e-02
chi2tot = 2950.448571                                                                                                     | 9        pdf        s1 a  -8.26176e-01
dchi2(iter)  = 206.951111                                                                                                 | 10        pdf        s1 b   1.00000e+01
dchi2(local) = -206.951111                                                                                                | 11        pdf      sea1 N   1.95532e-02
pdf dv(1):1.000000                                                                                                        | 12        pdf      sea1 a  -1.35868e+00
pdf db-ub(2):0.002603                                                                                                     | 13        pdf      sea1 b   1.33337e+00
pdf msr:1.000000                                                                                                          | 14        pdf       ub1 N   4.74957e-02
pdf db-ub(1):0.112784                                                                                                     | 15        pdf       ub1 a   1.00000e+00
pdf uv(1):2.000000                                                                                                        | 16        pdf       ub1 b   4.09780e+00
pdf s-sb(1):0.000000                                                                                                      | 17        pdf       uv1 a  -4.58211e-01
pdf s-sb(2):0.000000                                                                                                      | 18        pdf       uv1 b   3.17153e+00
                                                                                                                          | 19       norm       idis      10016  9.73063e-01
reaction: unpol DIS                                                                                                       | 20       norm       idis      10017  9.88788e-01
filters: Q2>1.690000                                                                                                      | 21       norm       idis      10010  1.00954e+00
filters: W2>10.000000                                                                                                     | 22       norm       idis      10011  9.99966e-01
    idx tar        col  npts       chi2  chi2-npts      rchi2      nchi2                                                  | 23       norm       idis      10020  1.00464e+00
  10016   p      BCDMS   348     713.67     365.67      20.75       0.81                                                  | 
  10017   d      BCDMS   254     518.79     264.79      12.58       0.14                                                  | 
  10020   p        NMC   273     580.23     307.23      10.42       0.05                                                  | 
  10021 d/p        NMC   174     334.35     160.35       4.99       0.00                                                  | 
  10010   p       SLAC   218     398.79     180.79       0.00       0.21                                                  | 
  10011   d       SLAC   228     354.65     126.65       0.00       0.00                                                  | 
['pdf']
JAM FITTER                                                                                                                | 1        pdf       db1 N   5.00938e-02
count = 1039                                                                                                              | 2        pdf       db1 a   3.87600e-01
elapsed time(mins)=4.320503                                                                                               | 3        pdf       db1 b   5.40523e+00
shifts  = 1                                                                                                               | 4        pdf       dv1 a  -4.43929e-01
npts    = 1495                                                                                                            | 5        pdf       dv1 b   1.00000e+01
chi2    = 2900.490647                                                                                                     | 6        pdf        g1 a  -7.41112e-01
rchi2   = 48.751821                                                                                                       | 7        pdf        g1 b   2.92692e+00
nchi2   = 1.206091                                                                                                        | 8        pdf        s1 N   1.76120e-02
chi2tot = 2950.448559                                                                                                     | 9        pdf        s1 a  -8.24883e-01
dchi2(iter)  = 206.951111                                                                                                 | 10        pdf        s1 b   1.00000e+01
dchi2(local) = -0.000012                                                                                                  | 11        pdf      sea1 N   1.95679e-02
pdf dv(1):1.000000                                                                                                        | 12        pdf      sea1 a  -1.35853e+00
pdf db-ub(2):0.002605                                                                                                     | 13        pdf      sea1 b   1.33444e+00
pdf msr:1.000000                                                                                                          | 14        pdf       ub1 N   4.74887e-02
pdf db-ub(1):0.112780                                                                                                     | 15        pdf       ub1 a   1.00000e+00
pdf uv(1):2.000000                                                                                                        | 16        pdf       ub1 b   4.09851e+00
pdf s-sb(1):0.000000                                                                                                      | 17        pdf       uv1 a  -4.58344e-01
pdf s-sb(2):0.000000                                                                                                      | 18        pdf       uv1 b   3.17068e+00
                                                                                                                          | 19       norm       idis      10016  9.73067e-01
reaction: unpol DIS                                                                                                       | 20       norm       idis      10017  9.88794e-01
filters: Q2>1.690000                                                                                                      | 21       norm       idis      10010  1.00955e+00
filters: W2>10.000000                                                                                                     | 22       norm       idis      10011  9.99967e-01
    idx tar        col  npts       chi2  chi2-npts      rchi2      nchi2                                                  | 23       norm       idis      10020  1.00465e+00
  10016   p      BCDMS   348     713.66     365.66      20.75       0.81                                                  | 
  10017   d      BCDMS   254     518.80     264.80      12.58       0.14                                                  | 
  10020   p        NMC   273     580.23     307.23      10.42       0.05                                                  | 
  10021 d/p        NMC   174     334.35     160.35       4.99       0.00                                                  | 
  10010   p       SLAC   218     398.79     180.79       0.00       0.21                                                  | 
  10011   d       SLAC   228     354.65     126.65       0.00       0.00                                                  | 
