('active', 'pdf')

--step 1: npQCD objects = pdf , datasets = idis , tmc = False , ht = False
loading idis data sets 10016
loading idis data sets 10017
loading idis data sets 10020
loading idis data sets 10021
loading idis data sets 10010
loading idis data sets 10011
Loading DIS tables...
10016 has norm uncertainty
10017 has norm uncertainty
10020 has norm uncertainty
10010 has norm uncertainty
10011 has norm uncertainty
[H[J[H[J[H[J[H[J[H[J[H[J[H[J[H[J[H[J[H[J[H[J[H[J[H[J[H[J[H[J[H[J[H[J['pdf']
JAM FITTER                                                                                                                | 1        pdf       db1 N   1.45374e-01
count = 100                                                                                                               | 2        pdf       db1 a   1.30949e-01
elapsed time(mins)=0.948013                                                                                               | 3        pdf       db1 b   1.09286e+00
shifts  = 3                                                                                                               | 4        pdf       dv1 a  -1.95382e-01
npts    = 1495                                                                                                            | 5        pdf       dv1 b   9.10366e+00
chi2    = 211032.948466                                                                                                   | 6        pdf        g1 a   9.80372e-01
rchi2   = 20272.331730                                                                                                    | 7        pdf        g1 b   1.95949e+00
nchi2   = 304.030824                                                                                                      | 8        pdf        s1 N   1.85844e-01
chi2tot = 231609.311019                                                                                                   | 9        pdf        s1 a  -9.96473e-02
dchi2(iter)  = inf                                                                                                        | 10        pdf        s1 b   2.46418e+00
dchi2(local) = -inf                                                                                                       | 11        pdf      sea1 N   1.33765e-01
pdf dv(1):1.000000                                                                                                        | 12        pdf      sea1 a  -1.76098e+00
pdf db-ub(2):-0.021190                                                                                                    | 13        pdf      sea1 b   8.50842e+00
pdf msr:1.000000                                                                                                          | 14        pdf       ub1 N   1.66564e-01
pdf db-ub(1):-1.157438                                                                                                    | 15        pdf       ub1 a  -4.93041e-01
pdf uv(1):2.000000                                                                                                        | 16        pdf       ub1 b   3.27712e+00
pdf s-sb(1):0.000000                                                                                                      | 17        pdf       uv1 a  -2.19996e-01
pdf s-sb(2):-0.000000                                                                                                     | 18        pdf       uv1 b   8.47753e+00
                                                                                                                          | 19       norm       idis      10016  1.11747e+00
reaction: unpol DIS                                                                                                       | 20       norm       idis      10017  1.19729e+00
filters: Q2>1.690000                                                                                                      | 21       norm       idis      10010  1.17794e+00
filters: W2>10.000000                                                                                                     | 22       norm       idis      10011  1.14592e+00
    idx tar        col  npts       chi2  chi2-npts      rchi2      nchi2                                                  | 23       norm       idis      10020  1.19997e+00
  10016   p      BCDMS   348   14815.58   14467.58    1014.79      15.33                                                  | 
  10017   d      BCDMS   254   10309.33   10055.33    2762.10      43.25                                                  | 
  10020   p        NMC   273   37637.66   37364.66   13356.29      99.97                                                  | 
  10021 d/p        NMC   174    9862.77    9688.77    3139.15       0.00                                                  | 
  10010   p       SLAC   218   40579.72   40361.72       0.00      71.80                                                  | 
  10011   d       SLAC   228   97827.88   97599.88       0.00      73.68                                                  | 
['pdf']
JAM FITTER                                                                                                                | 1        pdf       db1 N   7.40812e-02
count = 200                                                                                                               | 2        pdf       db1 a  -4.92425e-01
elapsed time(mins)=1.885171                                                                                               | 3        pdf       db1 b   2.54118e+00
shifts  = 3                                                                                                               | 4        pdf       dv1 a  -2.57371e-01
npts    = 1495                                                                                                            | 5        pdf       dv1 b   9.27357e+00
chi2    = 11623.063000                                                                                                    | 6        pdf        g1 a   9.28655e-01
rchi2   = 1610.149157                                                                                                     | 7        pdf        g1 b   6.69084e-01
nchi2   = 315.806914                                                                                                      | 8        pdf        s1 N   1.42417e-03
chi2tot = 13549.019070                                                                                                    | 9        pdf        s1 a  -2.36764e-01
dchi2(iter)  = 218060.291949                                                                                              | 10        pdf        s1 b   4.28252e+00
dchi2(local) = -218060.291949                                                                                             | 11        pdf      sea1 N   4.39284e-02
pdf dv(1):1.000000                                                                                                        | 12        pdf      sea1 a  -1.83398e+00
pdf db-ub(2):-0.071714                                                                                                    | 13        pdf      sea1 b   8.13203e+00
pdf msr:1.000000                                                                                                          | 14        pdf       ub1 N   1.45796e-01
pdf db-ub(1):-0.008035                                                                                                    | 15        pdf       ub1 a   4.27551e-01
pdf uv(1):2.000000                                                                                                        | 16        pdf       ub1 b   3.43710e+00
pdf s-sb(1):-0.000000                                                                                                     | 17        pdf       uv1 a  -3.63590e-01
pdf s-sb(2):0.000000                                                                                                      | 18        pdf       uv1 b   8.03851e+00
                                                                                                                          | 19       norm       idis      10016  1.09060e+00
reaction: unpol DIS                                                                                                       | 20       norm       idis      10017  1.12889e+00
filters: Q2>1.690000                                                                                                      | 21       norm       idis      10010  1.18902e+00
filters: W2>10.000000                                                                                                     | 22       norm       idis      10011  1.17618e+00
    idx tar        col  npts       chi2  chi2-npts      rchi2      nchi2                                                  | 23       norm       idis      10020  1.19980e+00
  10016   p      BCDMS   348    1275.69     927.69      92.06       9.12                                                  | 
  10017   d      BCDMS   254    1030.37     776.37     106.94      18.46                                                  | 
  10020   p        NMC   273    6993.51    6720.51    1354.31      99.80                                                  | 
  10021 d/p        NMC   174     627.76     453.76      56.85       0.00                                                  | 
  10010   p       SLAC   218     684.83     466.83       0.00      81.02                                                  | 
  10011   d       SLAC   228    1010.90     782.90       0.00     107.40                                                  | 
['pdf']
JAM FITTER                                                                                                                | 1        pdf       db1 N   7.94257e-02
count = 300                                                                                                               | 2        pdf       db1 a  -4.75985e-01
elapsed time(mins)=2.820911                                                                                               | 3        pdf       db1 b   3.08200e+00
shifts  = 2                                                                                                               | 4        pdf       dv1 a  -3.63382e-01
npts    = 1495                                                                                                            | 5        pdf       dv1 b   8.51557e+00
chi2    = 4721.013089                                                                                                     | 6        pdf        g1 a  -6.79602e-01
rchi2   = 394.029239                                                                                                      | 7        pdf        g1 b   3.16838e+00
nchi2   = 228.590189                                                                                                      | 8        pdf        s1 N   2.16833e-03
chi2tot = 5343.632517                                                                                                     | 9        pdf        s1 a  -1.61436e-01
dchi2(iter)  = 218060.291949                                                                                              | 10        pdf        s1 b   4.62730e+00
dchi2(local) = -8205.386553                                                                                               | 11        pdf      sea1 N   2.28147e-02
pdf dv(1):1.000000                                                                                                        | 12        pdf      sea1 a  -1.85575e+00
pdf db-ub(2):-0.082464                                                                                                    | 13        pdf      sea1 b   4.13596e+00
pdf msr:1.000000                                                                                                          | 14        pdf       ub1 N   1.61890e-01
pdf db-ub(1):0.000042                                                                                                     | 15        pdf       ub1 a   3.84067e-01
pdf uv(1):2.000000                                                                                                        | 16        pdf       ub1 b   3.58429e+00
pdf s-sb(1):0.000000                                                                                                      | 17        pdf       uv1 a  -4.99977e-01
pdf s-sb(2):0.000000                                                                                                      | 18        pdf       uv1 b   7.94254e+00
                                                                                                                          | 19       norm       idis      10016  1.11034e+00
reaction: unpol DIS                                                                                                       | 20       norm       idis      10017  1.13337e+00
filters: Q2>1.690000                                                                                                      | 21       norm       idis      10010  1.18055e+00
filters: W2>10.000000                                                                                                     | 22       norm       idis      10011  1.17494e+00
    idx tar        col  npts       chi2  chi2-npts      rchi2      nchi2                                                  | 23       norm       idis      10020  1.07869e+00
  10016   p      BCDMS   348     770.01     422.01      94.77      13.53                                                  | 
  10017   d      BCDMS   254     626.27     372.27      80.96      19.76                                                  | 
  10020   p        NMC   273    1965.22    1692.22     209.21      15.48                                                  | 
  10021 d/p        NMC   174     386.96     212.96       9.09       0.00                                                  | 
  10010   p       SLAC   218     447.46     229.46       0.00      73.92                                                  | 
  10011   d       SLAC   228     525.10     297.10       0.00     105.90                                                  | 
['pdf']
JAM FITTER                                                                                                                | 1        pdf       db1 N   6.80875e-02
count = 400                                                                                                               | 2        pdf       db1 a  -4.29616e-01
elapsed time(mins)=3.763073                                                                                               | 3        pdf       db1 b   3.72123e+00
shifts  = 2                                                                                                               | 4        pdf       dv1 a  -4.98604e-01
npts    = 1495                                                                                                            | 5        pdf       dv1 b   6.73750e+00
chi2    = 3130.979287                                                                                                     | 6        pdf        g1 a  -6.31698e-01
rchi2   = 66.165520                                                                                                       | 7        pdf        g1 b   5.20138e+00
nchi2   = 43.410236                                                                                                       | 8        pdf        s1 N   1.80259e-03
chi2tot = 3240.555043                                                                                                     | 9        pdf        s1 a   5.21624e-01
dchi2(iter)  = 218060.291949                                                                                              | 10        pdf        s1 b   2.41956e-01
dchi2(local) = -10308.464027                                                                                              | 11        pdf      sea1 N   1.07232e-02
pdf dv(1):1.000000                                                                                                        | 12        pdf      sea1 a  -1.71653e+00
pdf db-ub(2):-0.068741                                                                                                    | 13        pdf      sea1 b   7.84033e-02
pdf msr:1.000000                                                                                                          | 14        pdf       ub1 N   1.36828e-01
pdf db-ub(1):0.068974                                                                                                     | 15        pdf       ub1 a   5.82139e-01
pdf uv(1):2.000000                                                                                                        | 16        pdf       ub1 b   3.92425e+00
pdf s-sb(1):-0.000000                                                                                                     | 17        pdf       uv1 a  -4.95418e-01
pdf s-sb(2):0.000000                                                                                                      | 18        pdf       uv1 b   8.16976e+00
                                                                                                                          | 19       norm       idis      10016  1.02469e+00
reaction: unpol DIS                                                                                                       | 20       norm       idis      10017  1.04660e+00
filters: Q2>1.690000                                                                                                      | 21       norm       idis      10010  1.07666e+00
filters: W2>10.000000                                                                                                     | 22       norm       idis      10011  1.07673e+00
    idx tar        col  npts       chi2  chi2-npts      rchi2      nchi2                                                  | 23       norm       idis      10020  1.05146e+00
  10016   p      BCDMS   348     762.95     414.95      17.65       0.68                                                  | 
  10017   d      BCDMS   254     569.68     315.68      20.19       2.41                                                  | 
  10020   p        NMC   273     658.13     385.13      25.81       6.62                                                  | 
  10021 d/p        NMC   174     340.45     166.45       2.52       0.00                                                  | 
  10010   p       SLAC   218     403.62     185.62       0.00      13.33                                                  | 
  10011   d       SLAC   228     396.14     168.14       0.00      20.37                                                  | 
['pdf']
JAM FITTER                                                                                                                | 1        pdf       db1 N   4.99580e-02
count = 500                                                                                                               | 2        pdf       db1 a  -5.20106e-01
elapsed time(mins)=4.705707                                                                                               | 3        pdf       db1 b   3.75101e+00
shifts  = 2                                                                                                               | 4        pdf       dv1 a  -4.99514e-01
npts    = 1495                                                                                                            | 5        pdf       dv1 b   5.03749e+00
chi2    = 2939.939486                                                                                                     | 6        pdf        g1 a  -8.25266e-01
rchi2   = 79.917211                                                                                                       | 7        pdf        g1 b   2.82174e+00
nchi2   = 5.246603                                                                                                        | 8        pdf        s1 N   1.75519e-03
chi2tot = 3025.103300                                                                                                     | 9        pdf        s1 a   8.83839e-01
dchi2(iter)  = 218060.291949                                                                                              | 10        pdf        s1 b   6.35188e+00
dchi2(local) = -10523.915770                                                                                              | 11        pdf      sea1 N   1.52276e-02
pdf dv(1):1.000000                                                                                                        | 12        pdf      sea1 a  -1.55252e+00
pdf db-ub(2):-0.062774                                                                                                    | 13        pdf      sea1 b   5.79633e-01
pdf msr:1.000000                                                                                                          | 14        pdf       ub1 N   1.12732e-01
pdf db-ub(1):0.120646                                                                                                     | 15        pdf       ub1 a   8.18315e-01
pdf uv(1):2.000000                                                                                                        | 16        pdf       ub1 b   4.01905e+00
pdf s-sb(1):0.000000                                                                                                      | 17        pdf       uv1 a  -4.98920e-01
pdf s-sb(2):0.000000                                                                                                      | 18        pdf       uv1 b   6.46883e+00
                                                                                                                          | 19       norm       idis      10016  9.89653e-01
reaction: unpol DIS                                                                                                       | 20       norm       idis      10017  1.01253e+00
filters: Q2>1.690000                                                                                                      | 21       norm       idis      10010  1.02859e+00
filters: W2>10.000000                                                                                                     | 22       norm       idis      10011  1.02765e+00
    idx tar        col  npts       chi2  chi2-npts      rchi2      nchi2                                                  | 23       norm       idis      10020  1.01349e+00
  10016   p      BCDMS   348     720.01     372.01      34.83       0.12                                                  | 
  10017   d      BCDMS   254     543.05     289.05      29.06       0.17                                                  | 
  10020   p        NMC   273     579.55     306.55      15.14       0.46                                                  | 
  10021 d/p        NMC   174     338.98     164.98       0.89       0.00                                                  | 
  10010   p       SLAC   218     386.93     168.93       0.00       1.85                                                  | 
  10011   d       SLAC   228     371.42     143.42       0.00       2.64                                                  | 
['pdf']
JAM FITTER                                                                                                                | 1        pdf       db1 N   4.32587e-02
count = 600                                                                                                               | 2        pdf       db1 a  -5.01810e-01
elapsed time(mins)=5.653396                                                                                               | 3        pdf       db1 b   4.03062e+00
shifts  = 3                                                                                                               | 4        pdf       dv1 a  -4.99592e-01
npts    = 1495                                                                                                            | 5        pdf       dv1 b   4.64904e+00
chi2    = 2919.757320                                                                                                     | 6        pdf        g1 a  -7.98048e-01
rchi2   = 65.072124                                                                                                       | 7        pdf        g1 b   2.79251e+00
nchi2   = 2.455938                                                                                                        | 8        pdf        s1 N   1.94494e-03
chi2tot = 2987.285382                                                                                                     | 9        pdf        s1 a   7.53176e-01
dchi2(iter)  = 10561.733688                                                                                               | 10        pdf        s1 b   6.18816e+00
dchi2(local) = -10561.733688                                                                                              | 11        pdf      sea1 N   1.74512e-02
pdf dv(1):1.000000                                                                                                        | 12        pdf      sea1 a  -1.48296e+00
pdf db-ub(2):-0.055043                                                                                                    | 13        pdf      sea1 b   8.35217e-01
pdf msr:1.000000                                                                                                          | 14        pdf       ub1 N   9.83016e-02
pdf db-ub(1):0.124436                                                                                                     | 15        pdf       ub1 a   8.90620e-01
pdf uv(1):2.000000                                                                                                        | 16        pdf       ub1 b   3.94935e+00
pdf s-sb(1):0.000000                                                                                                      | 17        pdf       uv1 a  -4.99783e-01
pdf s-sb(2):-0.000000                                                                                                     | 18        pdf       uv1 b   5.45282e+00
                                                                                                                          | 19       norm       idis      10016  9.82559e-01
reaction: unpol DIS                                                                                                       | 20       norm       idis      10017  1.00596e+00
filters: Q2>1.690000                                                                                                      | 21       norm       idis      10010  1.01932e+00
filters: W2>10.000000                                                                                                     | 22       norm       idis      10011  1.01818e+00
    idx tar        col  npts       chi2  chi2-npts      rchi2      nchi2                                                  | 23       norm       idis      10020  1.00597e+00
  10016   p      BCDMS   348     723.72     375.72      27.36       0.34                                                  | 
  10017   d      BCDMS   254     550.29     296.29      24.45       0.04                                                  | 
  10020   p        NMC   273     571.49     298.49      12.19       0.09                                                  | 
  10021 d/p        NMC   174     335.73     161.73       1.07       0.00                                                  | 
  10010   p       SLAC   218     373.62     155.62       0.00       0.85                                                  | 
  10011   d       SLAC   228     364.91     136.91       0.00       1.14                                                  | 
['pdf']
JAM FITTER                                                                                                                | 1        pdf       db1 N   3.71721e-02
count = 700                                                                                                               | 2        pdf       db1 a  -4.58281e-01
elapsed time(mins)=6.598974                                                                                               | 3        pdf       db1 b   4.37490e+00
shifts  = 1                                                                                                               | 4        pdf       dv1 a  -4.99603e-01
npts    = 1495                                                                                                            | 5        pdf       dv1 b   4.43703e+00
chi2    = 2914.260591                                                                                                     | 6        pdf        g1 a  -7.75476e-01
rchi2   = 62.602865                                                                                                       | 7        pdf        g1 b   2.69118e+00
nchi2   = 1.304430                                                                                                        | 8        pdf        s1 N   2.76384e-03
chi2tot = 2978.167886                                                                                                     | 9        pdf        s1 a   8.99982e-01
dchi2(iter)  = 10561.733688                                                                                               | 10        pdf        s1 b   5.81106e+00
dchi2(local) = -9.117496                                                                                                  | 11        pdf      sea1 N   2.01431e-02
pdf dv(1):1.000000                                                                                                        | 12        pdf      sea1 a  -1.41288e+00
pdf db-ub(2):-0.044353                                                                                                    | 13        pdf      sea1 b   1.07040e+00
pdf msr:1.000000                                                                                                          | 14        pdf       ub1 N   8.15247e-02
pdf db-ub(1):0.119386                                                                                                     | 15        pdf       ub1 a   9.41436e-01
pdf uv(1):2.000000                                                                                                        | 16        pdf       ub1 b   3.88380e+00
pdf s-sb(1):0.000000                                                                                                      | 17        pdf       uv1 a  -4.99968e-01
pdf s-sb(2):0.000000                                                                                                      | 18        pdf       uv1 b   4.48737e+00
                                                                                                                          | 19       norm       idis      10016  9.77607e-01
reaction: unpol DIS                                                                                                       | 20       norm       idis      10017  1.00096e+00
filters: Q2>1.690000                                                                                                      | 21       norm       idis      10010  1.01224e+00
filters: W2>10.000000                                                                                                     | 22       norm       idis      10011  1.01084e+00
    idx tar        col  npts       chi2  chi2-npts      rchi2      nchi2                                                  | 23       norm       idis      10020  1.00021e+00
  10016   p      BCDMS   348     720.70     372.70      25.32       0.56                                                  | 
  10017   d      BCDMS   254     552.76     298.76      23.90       0.00                                                  | 
  10020   p        NMC   273     568.74     295.74      12.05       0.00                                                  | 
  10021 d/p        NMC   174     334.18     160.18       1.34       0.00                                                  | 
  10010   p       SLAC   218     372.67     154.67       0.00       0.34                                                  | 
  10011   d       SLAC   228     365.22     137.22       0.00       0.41                                                  | 
['pdf']
JAM FITTER                                                                                                                | 1        pdf       db1 N   3.38400e-02
count = 800                                                                                                               | 2        pdf       db1 a  -4.30484e-01
elapsed time(mins)=7.535905                                                                                               | 3        pdf       db1 b   4.51517e+00
shifts  = 3                                                                                                               | 4        pdf       dv1 a  -4.99109e-01
npts    = 1495                                                                                                            | 5        pdf       dv1 b   4.61067e+00
chi2    = 2909.947265                                                                                                     | 6        pdf        g1 a  -7.42509e-01
rchi2   = 64.439256                                                                                                       | 7        pdf        g1 b   2.77193e+00
nchi2   = 1.167508                                                                                                        | 8        pdf        s1 N   1.35236e-02
chi2tot = 2975.554028                                                                                                     | 9        pdf        s1 a   9.96697e-01
dchi2(iter)  = 11.731354                                                                                                  | 10        pdf        s1 b   5.18514e+00
dchi2(local) = -11.731354                                                                                                 | 11        pdf      sea1 N   2.15683e-02
pdf dv(1):1.000000                                                                                                        | 12        pdf      sea1 a  -1.37774e+00
pdf db-ub(2):-0.035984                                                                                                    | 13        pdf      sea1 b   1.18913e+00
pdf msr:1.000000                                                                                                          | 14        pdf       ub1 N   6.98236e-02
pdf db-ub(1):0.119087                                                                                                     | 15        pdf       ub1 a   9.57545e-01
pdf uv(1):2.000000                                                                                                        | 16        pdf       ub1 b   3.83991e+00
pdf s-sb(1):0.000000                                                                                                      | 17        pdf       uv1 a  -4.99997e-01
pdf s-sb(2):0.000000                                                                                                      | 18        pdf       uv1 b   4.03259e+00
                                                                                                                          | 19       norm       idis      10016  9.72295e-01
reaction: unpol DIS                                                                                                       | 20       norm       idis      10017  9.95659e-01
filters: Q2>1.690000                                                                                                      | 21       norm       idis      10010  1.00746e+00
filters: W2>10.000000                                                                                                     | 22       norm       idis      10011  1.00610e+00
    idx tar        col  npts       chi2  chi2-npts      rchi2      nchi2                                                  | 23       norm       idis      10020  9.96056e-01
  10016   p      BCDMS   348     718.55     370.55      26.19       0.85                                                  | 
  10017   d      BCDMS   254     552.68     298.68      24.44       0.02                                                  | 
  10020   p        NMC   273     569.55     296.55      12.39       0.04                                                  | 
  10021 d/p        NMC   174     333.11     159.11       1.42       0.00                                                  | 
  10010   p       SLAC   218     370.65     152.65       0.00       0.13                                                  | 
  10011   d       SLAC   228     365.41     137.41       0.00       0.13                                                  | 
['pdf']
JAM FITTER                                                                                                                | 1        pdf       db1 N   3.24243e-02
count = 900                                                                                                               | 2        pdf       db1 a  -4.20674e-01
elapsed time(mins)=8.486431                                                                                               | 3        pdf       db1 b   4.51754e+00
shifts  = 3                                                                                                               | 4        pdf       dv1 a  -4.95207e-01
npts    = 1495                                                                                                            | 5        pdf       dv1 b   4.74352e+00
chi2    = 2909.730609                                                                                                     | 6        pdf        g1 a  -7.28156e-01
rchi2   = 64.012273                                                                                                       | 7        pdf        g1 b   2.80161e+00
nchi2   = 1.258321                                                                                                        | 8        pdf        s1 N   1.81974e-02
chi2tot = 2975.001203                                                                                                     | 9        pdf        s1 a   9.99309e-01
dchi2(iter)  = 0.552826                                                                                                   | 10        pdf        s1 b   5.21194e+00
dchi2(local) = -0.552826                                                                                                  | 11        pdf      sea1 N   2.22210e-02
pdf dv(1):1.000000                                                                                                        | 12        pdf      sea1 a  -1.36260e+00
pdf db-ub(2):-0.031898                                                                                                    | 13        pdf      sea1 b   1.24292e+00
pdf msr:1.000000                                                                                                          | 14        pdf       ub1 N   6.43224e-02
pdf db-ub(1):0.118747                                                                                                     | 15        pdf       ub1 a   9.66590e-01
pdf uv(1):2.000000                                                                                                        | 16        pdf       ub1 b   3.83576e+00
pdf s-sb(1):0.000000                                                                                                      | 17        pdf       uv1 a  -5.00000e-01
pdf s-sb(2):-0.000000                                                                                                     | 18        pdf       uv1 b   3.83766e+00
                                                                                                                          | 19       norm       idis      10016  9.69908e-01
reaction: unpol DIS                                                                                                       | 20       norm       idis      10017  9.93268e-01
filters: Q2>1.690000                                                                                                      | 21       norm       idis      10010  1.00527e+00
filters: W2>10.000000                                                                                                     | 22       norm       idis      10011  1.00394e+00
    idx tar        col  npts       chi2  chi2-npts      rchi2      nchi2                                                  | 23       norm       idis      10020  9.94164e-01
  10016   p      BCDMS   348     717.02     369.02      25.76       1.01                                                  | 
  10017   d      BCDMS   254     552.67     298.67      24.18       0.05                                                  | 
  10020   p        NMC   273     570.10     297.10      12.61       0.09                                                  | 
  10021 d/p        NMC   174     332.73     158.73       1.46       0.00                                                  | 
  10010   p       SLAC   218     370.82     152.82       0.00       0.06                                                  | 
  10011   d       SLAC   228     366.39     138.39       0.00       0.05                                                  | 
['pdf']
JAM FITTER                                                                                                                | 1        pdf       db1 N   2.83142e-02
count = 1000                                                                                                              | 2        pdf       db1 a  -4.55815e-01
elapsed time(mins)=9.427421                                                                                               | 3        pdf       db1 b   4.64942e+00
shifts  = 2                                                                                                               | 4        pdf       dv1 a  -4.61259e-01
npts    = 1495                                                                                                            | 5        pdf       dv1 b   4.68892e+00
chi2    = 2909.207065                                                                                                     | 6        pdf        g1 a  -7.20008e-01
rchi2   = 64.165550                                                                                                       | 7        pdf        g1 b   2.80997e+00
nchi2   = 1.323719                                                                                                        | 8        pdf        s1 N   1.97636e-02
chi2tot = 2974.696334                                                                                                     | 9        pdf        s1 a   9.99942e-01
dchi2(iter)  = 0.552826                                                                                                   | 10        pdf        s1 b   5.14886e+00
dchi2(local) = -0.304869                                                                                                  | 11        pdf      sea1 N   2.28433e-02
pdf dv(1):1.000000                                                                                                        | 12        pdf      sea1 a  -1.34985e+00
pdf db-ub(2):-0.031617                                                                                                    | 13        pdf      sea1 b   1.28988e+00
pdf msr:1.000000                                                                                                          | 14        pdf       ub1 N   5.99315e-02
pdf db-ub(1):0.114760                                                                                                     | 15        pdf       ub1 a   9.69674e-01
pdf uv(1):2.000000                                                                                                        | 16        pdf       ub1 b   3.84975e+00
pdf s-sb(1):0.000000                                                                                                      | 17        pdf       uv1 a  -5.00000e-01
pdf s-sb(2):0.000000                                                                                                      | 18        pdf       uv1 b   3.66725e+00
                                                                                                                          | 19       norm       idis      10016  9.68900e-01
reaction: unpol DIS                                                                                                       | 20       norm       idis      10017  9.92190e-01
filters: Q2>1.690000                                                                                                      | 21       norm       idis      10010  1.00420e+00
filters: W2>10.000000                                                                                                     | 22       norm       idis      10011  1.00280e+00
    idx tar        col  npts       chi2  chi2-npts      rchi2      nchi2                                                  | 23       norm       idis      10020  9.93243e-01
  10016   p      BCDMS   348     716.15     368.15      25.68       1.07                                                  | 
  10017   d      BCDMS   254     553.08     299.08      24.23       0.07                                                  | 
  10020   p        NMC   273     570.44     297.44      12.72       0.11                                                  | 
  10021 d/p        NMC   174     332.26     158.26       1.54       0.00                                                  | 
  10010   p       SLAC   218     370.80     152.80       0.00       0.04                                                  | 
  10011   d       SLAC   228     366.46     138.46       0.00       0.03                                                  | 
['pdf']
JAM FITTER                                                                                                                | 1        pdf       db1 N   2.70294e-02
count = 1100                                                                                                              | 2        pdf       db1 a  -4.54907e-01
elapsed time(mins)=10.370534                                                                                              | 3        pdf       db1 b   4.64976e+00
shifts  = 2                                                                                                               | 4        pdf       dv1 a  -4.52380e-01
npts    = 1495                                                                                                            | 5        pdf       dv1 b   4.70581e+00
chi2    = 2909.064720                                                                                                     | 6        pdf        g1 a  -7.17810e-01
rchi2   = 64.207313                                                                                                       | 7        pdf        g1 b   2.78600e+00
nchi2   = 1.341068                                                                                                        | 8        pdf        s1 N   1.88255e-02
chi2tot = 2974.613100                                                                                                     | 9        pdf        s1 a   9.99999e-01
dchi2(iter)  = 0.552826                                                                                                   | 10        pdf        s1 b   5.10324e+00
dchi2(local) = -0.388102                                                                                                  | 11        pdf      sea1 N   2.34951e-02
pdf dv(1):1.000000                                                                                                        | 12        pdf      sea1 a  -1.33678e+00
pdf db-ub(2):-0.028812                                                                                                    | 13        pdf      sea1 b   1.34262e+00
pdf msr:1.000000                                                                                                          | 14        pdf       ub1 N   5.58414e-02
pdf db-ub(1):0.112963                                                                                                     | 15        pdf       ub1 a   9.73012e-01
pdf uv(1):2.000000                                                                                                        | 16        pdf       ub1 b   3.88926e+00
pdf s-sb(1):0.000000                                                                                                      | 17        pdf       uv1 a  -5.00000e-01
pdf s-sb(2):0.000000                                                                                                      | 18        pdf       uv1 b   3.49635e+00
                                                                                                                          | 19       norm       idis      10016  9.68585e-01
reaction: unpol DIS                                                                                                       | 20       norm       idis      10017  9.91868e-01
filters: Q2>1.690000                                                                                                      | 21       norm       idis      10010  1.00348e+00
filters: W2>10.000000                                                                                                     | 22       norm       idis      10011  1.00203e+00
    idx tar        col  npts       chi2  chi2-npts      rchi2      nchi2                                                  | 23       norm       idis      10020  9.92805e-01
  10016   p      BCDMS   348     715.43     367.43      25.55       1.10                                                  | 
  10017   d      BCDMS   254     553.83     299.83      24.32       0.07                                                  | 
  10020   p        NMC   273     570.63     297.63      12.72       0.13                                                  | 
  10021 d/p        NMC   174     332.06     158.06       1.62       0.00                                                  | 
  10010   p       SLAC   218     370.91     152.91       0.00       0.03                                                  | 
  10011   d       SLAC   228     366.21     138.21       0.00       0.01                                                  | 
['pdf']
JAM FITTER                                                                                                                | 1        pdf       db1 N   2.55157e-02
count = 1200                                                                                                              | 2        pdf       db1 a  -4.63001e-01
elapsed time(mins)=11.304608                                                                                              | 3        pdf       db1 b   4.73799e+00
shifts  = 2                                                                                                               | 4        pdf       dv1 a  -4.42055e-01
npts    = 1495                                                                                                            | 5        pdf       dv1 b   4.65017e+00
chi2    = 2909.303906                                                                                                     | 6        pdf        g1 a  -7.16726e-01
rchi2   = 63.926246                                                                                                       | 7        pdf        g1 b   2.76736e+00
nchi2   = 1.333731                                                                                                        | 8        pdf        s1 N   1.76436e-02
chi2tot = 2974.563883                                                                                                     | 9        pdf        s1 a   1.00000e+00
dchi2(iter)  = 0.552826                                                                                                   | 10        pdf        s1 b   5.09654e+00
dchi2(local) = -0.437320                                                                                                  | 11        pdf      sea1 N   2.39081e-02
pdf dv(1):1.000000                                                                                                        | 12        pdf      sea1 a  -1.32818e+00
pdf db-ub(2):-0.027804                                                                                                    | 13        pdf      sea1 b   1.38149e+00
pdf msr:1.000000                                                                                                          | 14        pdf       ub1 N   5.33192e-02
pdf db-ub(1):0.111921                                                                                                     | 15        pdf       ub1 a   9.77614e-01
pdf uv(1):2.000000                                                                                                        | 16        pdf       ub1 b   3.92992e+00
pdf s-sb(1):0.000000                                                                                                      | 17        pdf       uv1 a  -5.00000e-01
pdf s-sb(2):0.000000                                                                                                      | 18        pdf       uv1 b   3.39055e+00
                                                                                                                          | 19       norm       idis      10016  9.68575e-01
reaction: unpol DIS                                                                                                       | 20       norm       idis      10017  9.91874e-01
filters: Q2>1.690000                                                                                                      | 21       norm       idis      10010  1.00315e+00
filters: W2>10.000000                                                                                                     | 22       norm       idis      10011  1.00164e+00
    idx tar        col  npts       chi2  chi2-npts      rchi2      nchi2                                                  | 23       norm       idis      10020  9.92754e-01
  10016   p      BCDMS   348     714.74     366.74      25.36       1.10                                                  | 
  10017   d      BCDMS   254     554.21     300.21      24.23       0.07                                                  | 
  10020   p        NMC   273     570.80     297.80      12.68       0.13                                                  | 
  10021 d/p        NMC   174     331.92     157.92       1.66       0.00                                                  | 
  10010   p       SLAC   218     371.30     153.30       0.00       0.02                                                  | 
  10011   d       SLAC   228     366.33     138.33       0.00       0.01                                                  | 
['pdf']
JAM FITTER                                                                                                                | 1        pdf       db1 N   2.60292e-02
count = 1300                                                                                                              | 2        pdf       db1 a  -4.43093e-01
elapsed time(mins)=12.238748                                                                                              | 3        pdf       db1 b   4.60799e+00
shifts  = 3                                                                                                               | 4        pdf       dv1 a  -4.47809e-01
npts    = 1495                                                                                                            | 5        pdf       dv1 b   4.70681e+00
chi2    = 2909.272803                                                                                                     | 6        pdf        g1 a  -7.17984e-01
rchi2   = 63.895530                                                                                                       | 7        pdf        g1 b   2.73449e+00
nchi2   = 1.319402                                                                                                        | 8        pdf        s1 N   1.59125e-02
chi2tot = 2974.487735                                                                                                     | 9        pdf        s1 a   1.00000e+00
dchi2(iter)  = 0.513468                                                                                                   | 10        pdf        s1 b   5.02629e+00
dchi2(local) = -0.513468                                                                                                  | 11        pdf      sea1 N   2.43514e-02
pdf dv(1):1.000000                                                                                                        | 12        pdf      sea1 a  -1.31815e+00
pdf db-ub(2):-0.024429                                                                                                    | 13        pdf      sea1 b   1.43387e+00
pdf msr:1.000000                                                                                                          | 14        pdf       ub1 N   5.04579e-02
pdf db-ub(1):0.110640                                                                                                     | 15        pdf       ub1 a   9.83051e-01
pdf uv(1):2.000000                                                                                                        | 16        pdf       ub1 b   3.99292e+00
pdf s-sb(1):0.000000                                                                                                      | 17        pdf       uv1 a  -5.00000e-01
pdf s-sb(2):0.000000                                                                                                      | 18        pdf       uv1 b   3.27048e+00
                                                                                                                          | 19       norm       idis      10016  9.68622e-01
reaction: unpol DIS                                                                                                       | 20       norm       idis      10017  9.91985e-01
filters: Q2>1.690000                                                                                                      | 21       norm       idis      10010  1.00280e+00
filters: W2>10.000000                                                                                                     | 22       norm       idis      10011  1.00122e+00
    idx tar        col  npts       chi2  chi2-npts      rchi2      nchi2                                                  | 23       norm       idis      10020  9.92756e-01
  10016   p      BCDMS   348     714.05     366.05      25.32       1.09                                                  | 
  10017   d      BCDMS   254     554.75     300.75      24.25       0.07                                                  | 
  10020   p        NMC   273     571.05     298.05      12.61       0.13                                                  | 
  10021 d/p        NMC   174     331.75     157.75       1.73       0.00                                                  | 
  10010   p       SLAC   218     371.51     153.51       0.00       0.02                                                  | 
  10011   d       SLAC   228     366.18     138.18       0.00       0.01                                                  | 
['pdf']
JAM FITTER                                                                                                                | 1        pdf       db1 N   2.51538e-02
count = 1400                                                                                                              | 2        pdf       db1 a  -4.41983e-01
elapsed time(mins)=13.176679                                                                                              | 3        pdf       db1 b   4.66412e+00
shifts  = 23                                                                                                              | 4        pdf       dv1 a  -4.43010e-01
npts    = 1495                                                                                                            | 5        pdf       dv1 b   4.65191e+00
chi2    = 2909.336145                                                                                                     | 6        pdf        g1 a  -7.20113e-01
rchi2   = 63.808716                                                                                                       | 7        pdf        g1 b   2.70754e+00
nchi2   = 1.288197                                                                                                        | 8        pdf        s1 N   1.41435e-02
chi2tot = 2974.433059                                                                                                     | 9        pdf        s1 a   1.00000e+00
dchi2(iter)  = 0.054676                                                                                                   | 10        pdf        s1 b   4.97656e+00
dchi2(local) = -0.054676                                                                                                  | 11        pdf      sea1 N   2.46930e-02
pdf dv(1):1.000000                                                                                                        | 12        pdf      sea1 a  -1.31084e+00
pdf db-ub(2):-0.022952                                                                                                    | 13        pdf      sea1 b   1.47682e+00
pdf msr:1.000000                                                                                                          | 14        pdf       ub1 N   4.81055e-02
pdf db-ub(1):0.110619                                                                                                     | 15        pdf       ub1 a   9.99946e-01
pdf uv(1):2.000000                                                                                                        | 16        pdf       ub1 b   4.06173e+00
pdf s-sb(1):0.000000                                                                                                      | 17        pdf       uv1 a  -4.97951e-01
pdf s-sb(2):-0.000000                                                                                                     | 18        pdf       uv1 b   3.18655e+00
                                                                                                                          | 19       norm       idis      10016  9.68851e-01
reaction: unpol DIS                                                                                                       | 20       norm       idis      10017  9.92298e-01
filters: Q2>1.690000                                                                                                      | 21       norm       idis      10010  1.00274e+00
filters: W2>10.000000                                                                                                     | 22       norm       idis      10011  1.00111e+00
    idx tar        col  npts       chi2  chi2-npts      rchi2      nchi2                                                  | 23       norm       idis      10020  9.92986e-01
  10016   p      BCDMS   348     713.61     365.61      25.37       1.08                                                  | 
  10017   d      BCDMS   254     555.01     301.01      24.16       0.07                                                  | 
  10020   p        NMC   273     571.20     298.20      12.53       0.12                                                  | 
  10021 d/p        NMC   174     331.63     157.63       1.75       0.00                                                  | 
  10010   p       SLAC   218     371.63     153.63       0.00       0.02                                                  | 
  10011   d       SLAC   228     366.25     138.25       0.00       0.00                                                  | 
['pdf']
JAM FITTER                                                                                                                | 1        pdf       db1 N   2.50249e-02
count = 1500                                                                                                              | 2        pdf       db1 a  -4.42162e-01
elapsed time(mins)=14.116302                                                                                              | 3        pdf       db1 b   4.64828e+00
shifts  = 2                                                                                                               | 4        pdf       dv1 a  -4.40914e-01
npts    = 1495                                                                                                            | 5        pdf       dv1 b   4.64686e+00
chi2    = 2909.359988                                                                                                     | 6        pdf        g1 a  -7.20530e-01
rchi2   = 63.804858                                                                                                       | 7        pdf        g1 b   2.70180e+00
nchi2   = 1.257560                                                                                                        | 8        pdf        s1 N   1.33283e-02
chi2tot = 2974.422406                                                                                                     | 9        pdf        s1 a   1.00000e+00
dchi2(iter)  = 0.054676                                                                                                   | 10        pdf        s1 b   4.91462e+00
dchi2(local) = -0.010653                                                                                                  | 11        pdf      sea1 N   2.47714e-02
pdf dv(1):1.000000                                                                                                        | 12        pdf      sea1 a  -1.30846e+00
pdf db-ub(2):-0.022440                                                                                                    | 13        pdf      sea1 b   1.49666e+00
pdf msr:1.000000                                                                                                          | 14        pdf       ub1 N   4.74647e-02
pdf db-ub(1):0.110283                                                                                                     | 15        pdf       ub1 a   9.99907e-01
pdf uv(1):2.000000                                                                                                        | 16        pdf       ub1 b   4.08408e+00
pdf s-sb(1):0.000000                                                                                                      | 17        pdf       uv1 a  -4.97649e-01
pdf s-sb(2):0.000000                                                                                                      | 18        pdf       uv1 b   3.15652e+00
                                                                                                                          | 19       norm       idis      10016  9.69162e-01
reaction: unpol DIS                                                                                                       | 20       norm       idis      10017  9.92655e-01
filters: Q2>1.690000                                                                                                      | 21       norm       idis      10010  1.00297e+00
filters: W2>10.000000                                                                                                     | 22       norm       idis      10011  1.00132e+00
    idx tar        col  npts       chi2  chi2-npts      rchi2      nchi2                                                  | 23       norm       idis      10020  9.93218e-01
  10016   p      BCDMS   348     713.40     365.40      25.39       1.06                                                  | 
  10017   d      BCDMS   254     555.27     301.27      24.14       0.06                                                  | 
  10020   p        NMC   273     571.17     298.17      12.52       0.12                                                  | 
  10021 d/p        NMC   174     331.56     157.56       1.76       0.00                                                  | 
  10010   p       SLAC   218     371.69     153.69       0.00       0.02                                                  | 
  10011   d       SLAC   228     366.27     138.27       0.00       0.01                                                  | 
['pdf']
JAM FITTER                                                                                                                | 1        pdf       db1 N   2.50346e-02
count = 1600                                                                                                              | 2        pdf       db1 a  -4.41427e-01
elapsed time(mins)=15.064500                                                                                              | 3        pdf       db1 b   4.64577e+00
shifts  = 2                                                                                                               | 4        pdf       dv1 a  -4.41055e-01
npts    = 1495                                                                                                            | 5        pdf       dv1 b   4.64578e+00
chi2    = 2909.365137                                                                                                     | 6        pdf        g1 a  -7.20754e-01
rchi2   = 63.802871                                                                                                       | 7        pdf        g1 b   2.69967e+00
nchi2   = 1.253979                                                                                                        | 8        pdf        s1 N   1.31855e-02
chi2tot = 2974.421987                                                                                                     | 9        pdf        s1 a   1.00000e+00
dchi2(iter)  = 0.054676                                                                                                   | 10        pdf        s1 b   4.90381e+00
dchi2(local) = -0.011072                                                                                                  | 11        pdf      sea1 N   2.47855e-02
pdf dv(1):1.000000                                                                                                        | 12        pdf      sea1 a  -1.30802e+00
pdf db-ub(2):-0.022331                                                                                                    | 13        pdf      sea1 b   1.49996e+00
pdf msr:1.000000                                                                                                          | 14        pdf       ub1 N   4.73654e-02
pdf db-ub(1):0.110202                                                                                                     | 15        pdf       ub1 a   9.99966e-01
pdf uv(1):2.000000                                                                                                        | 16        pdf       ub1 b   4.08816e+00
pdf s-sb(1):0.000000                                                                                                      | 17        pdf       uv1 a  -4.97667e-01
pdf s-sb(2):0.000000                                                                                                      | 18        pdf       uv1 b   3.15155e+00
                                                                                                                          | 19       norm       idis      10016  9.69195e-01
reaction: unpol DIS                                                                                                       | 20       norm       idis      10017  9.92696e-01
filters: Q2>1.690000                                                                                                      | 21       norm       idis      10010  1.00298e+00
filters: W2>10.000000                                                                                                     | 22       norm       idis      10011  1.00132e+00
    idx tar        col  npts       chi2  chi2-npts      rchi2      nchi2                                                  | 23       norm       idis      10020  9.93244e-01
  10016   p      BCDMS   348     713.37     365.37      25.39       1.05                                                  | 
  10017   d      BCDMS   254     555.31     301.31      24.14       0.06                                                  | 
  10020   p        NMC   273     571.18     298.18      12.51       0.11                                                  | 
  10021 d/p        NMC   174     331.55     157.55       1.76       0.00                                                  | 
  10010   p       SLAC   218     371.70     153.70       0.00       0.02                                                  | 
  10011   d       SLAC   228     366.26     138.26       0.00       0.01                                                  | 
['pdf']
JAM FITTER                                                                                                                | 1        pdf       db1 N   2.50346e-02
count = 1620                                                                                                              | 2        pdf       db1 a  -4.41427e-01
elapsed time(mins)=15.263351                                                                                              | 3        pdf       db1 b   4.64577e+00
shifts  = 1                                                                                                               | 4        pdf       dv1 a  -4.41055e-01
npts    = 1495                                                                                                            | 5        pdf       dv1 b   4.64578e+00
chi2    = 2909.365093                                                                                                     | 6        pdf        g1 a  -7.20754e-01
rchi2   = 63.802915                                                                                                       | 7        pdf        g1 b   2.69967e+00
nchi2   = 1.253979                                                                                                        | 8        pdf        s1 N   1.31855e-02
chi2tot = 2974.421987                                                                                                     | 9        pdf        s1 a   1.00000e+00
dchi2(iter)  = 0.054676                                                                                                   | 10        pdf        s1 b   4.90381e+00
dchi2(local) = -0.011072                                                                                                  | 11        pdf      sea1 N   2.47855e-02
pdf dv(1):1.000000                                                                                                        | 12        pdf      sea1 a  -1.30802e+00
pdf db-ub(2):-0.022331                                                                                                    | 13        pdf      sea1 b   1.49996e+00
pdf msr:1.000000                                                                                                          | 14        pdf       ub1 N   4.73654e-02
pdf db-ub(1):0.110202                                                                                                     | 15        pdf       ub1 a   9.99966e-01
pdf uv(1):2.000000                                                                                                        | 16        pdf       ub1 b   4.08816e+00
pdf s-sb(1):0.000000                                                                                                      | 17        pdf       uv1 a  -4.97667e-01
pdf s-sb(2):0.000000                                                                                                      | 18        pdf       uv1 b   3.15155e+00
                                                                                                                          | 19       norm       idis      10016  9.69195e-01
reaction: unpol DIS                                                                                                       | 20       norm       idis      10017  9.92696e-01
filters: Q2>1.690000                                                                                                      | 21       norm       idis      10010  1.00298e+00
filters: W2>10.000000                                                                                                     | 22       norm       idis      10011  1.00132e+00
    idx tar        col  npts       chi2  chi2-npts      rchi2      nchi2                                                  | 23       norm       idis      10020  9.93244e-01
  10016   p      BCDMS   348     713.37     365.37      25.39       1.05                                                  | 
  10017   d      BCDMS   254     555.31     301.31      24.14       0.06                                                  | 
  10020   p        NMC   273     571.18     298.18      12.51       0.11                                                  | 
  10021 d/p        NMC   174     331.55     157.55       1.76       0.00                                                  | 
  10010   p       SLAC   218     371.70     153.70       0.00       0.02                                                  | 
  10011   d       SLAC   228     366.26     138.26       0.00       0.01                                                  | 
