('active', 'pdf')

--step 1: npQCD objects = pdf , datasets = idis , tmc = False , ht = False
loading idis data sets 10016
loading idis data sets 10017
loading idis data sets 10020
loading idis data sets 10021
loading idis data sets 10010
loading idis data sets 10011
Loading DIS tables...
10016 has norm uncertainty
10017 has norm uncertainty
10020 has norm uncertainty
10010 has norm uncertainty
10011 has norm uncertainty
[H[J[H[J[H[J[H[J[H[J[H[J[H[J[H[J[H[J[H[J[H[J[H[J[H[J[H[J[H[J['pdf']
JAM FITTER                                                                                                                | 1        pdf       db1 N   1.20098e-01
count = 100                                                                                                               | 2        pdf       db1 a  -8.91767e-01
elapsed time(mins)=0.990721                                                                                               | 3        pdf       db1 b   8.39228e+00
shifts  = 2                                                                                                               | 4        pdf       dv1 a  -4.84820e-01
npts    = 1495                                                                                                            | 5        pdf       dv1 b   8.76260e+00
chi2    = 62743.443549                                                                                                    | 6        pdf        g1 a   1.40758e-01
rchi2   = 10102.103106                                                                                                    | 7        pdf        g1 b   1.32648e+00
nchi2   = 205.327196                                                                                                      | 8        pdf        s1 N   6.91380e-02
chi2tot = 73050.873851                                                                                                    | 9        pdf        s1 a   4.51959e-01
dchi2(iter)  = 0.000000                                                                                                   | 10        pdf        s1 b   3.55961e+00
dchi2(local) = -inf                                                                                                       | 11        pdf      sea1 N   4.70801e-02
pdf dv(1):1.000000                                                                                                        | 12        pdf      sea1 a  -1.72920e+00
pdf db-ub(2):-0.023486                                                                                                    | 13        pdf      sea1 b   3.39457e+00
pdf msr:1.000000                                                                                                          | 14        pdf       ub1 N   1.43584e-01
pdf db-ub(1):9.994287                                                                                                     | 15        pdf       ub1 a   4.90727e-01
pdf uv(1):2.000000                                                                                                        | 16        pdf       ub1 b   3.19627e+00
pdf s-sb(1):0.000000                                                                                                      | 17        pdf       uv1 a  -3.09287e-01
pdf s-sb(2):0.000000                                                                                                      | 18        pdf       uv1 b   9.10005e+00
                                                                                                                          | 19       norm       idis      10016  1.05547e+00
reaction: unpol DIS                                                                                                       | 20       norm       idis      10017  1.13728e+00
filters: Q2>1.690000                                                                                                      | 21       norm       idis      10010  1.12737e+00
filters: W2>10.000000                                                                                                     | 22       norm       idis      10011  1.13733e+00
    idx tar        col  npts       chi2  chi2-npts      rchi2      nchi2                                                  | 23       norm       idis      10020  1.17768e+00
  10016   p      BCDMS   348    3891.88    3543.88     644.26       3.42                                                  | 
  10017   d      BCDMS   254    9157.88    8903.88     296.85      20.94                                                  | 
  10020   p        NMC   273   12371.68   12098.68    3193.96      78.93                                                  | 
  10021 d/p        NMC   174    8952.00    8778.00    5967.02       0.00                                                  | 
  10010   p       SLAC   218    7324.28    7106.28       0.00      36.79                                                  | 
  10011   d       SLAC   228   21045.73   20817.73       0.00      65.26                                                  | 
['pdf']
JAM FITTER                                                                                                                | 1        pdf       db1 N   7.45091e-02
count = 200                                                                                                               | 2        pdf       db1 a  -3.73529e-01
elapsed time(mins)=1.967266                                                                                               | 3        pdf       db1 b   4.06316e+00
shifts  = 2                                                                                                               | 4        pdf       dv1 a  -4.58760e-01
npts    = 1495                                                                                                            | 5        pdf       dv1 b   8.36023e+00
chi2    = 3382.489723                                                                                                     | 6        pdf        g1 a  -1.18725e+00
rchi2   = 81.670816                                                                                                       | 7        pdf        g1 b   2.10349e+00
nchi2   = 132.425198                                                                                                      | 8        pdf        s1 N   1.71077e-02
chi2tot = 3596.585737                                                                                                     | 9        pdf        s1 a   2.66529e-01
dchi2(iter)  = 0.000000                                                                                                   | 10        pdf        s1 b   1.11830e+00
dchi2(local) = -inf                                                                                                       | 11        pdf      sea1 N   1.39041e-02
pdf dv(1):1.000000                                                                                                        | 12        pdf      sea1 a  -1.75435e+00
pdf db-ub(2):-0.071563                                                                                                    | 13        pdf      sea1 b   8.40472e-01
pdf msr:1.000000                                                                                                          | 14        pdf       ub1 N   1.46072e-01
pdf db-ub(1):0.073036                                                                                                     | 15        pdf       ub1 a   6.14029e-01
pdf uv(1):2.000000                                                                                                        | 16        pdf       ub1 b   4.05612e+00
pdf s-sb(1):0.000000                                                                                                      | 17        pdf       uv1 a  -4.59200e-01
pdf s-sb(2):0.000000                                                                                                      | 18        pdf       uv1 b   9.19974e+00
                                                                                                                          | 19       norm       idis      10016  1.07551e+00
reaction: unpol DIS                                                                                                       | 20       norm       idis      10017  1.09152e+00
filters: Q2>1.690000                                                                                                      | 21       norm       idis      10010  1.13249e+00
filters: W2>10.000000                                                                                                     | 22       norm       idis      10011  1.12910e+00
    idx tar        col  npts       chi2  chi2-npts      rchi2      nchi2                                                  | 23       norm       idis      10020  1.08789e+00
  10016   p      BCDMS   348     774.20     426.20      18.75       6.34                                                  | 
  10017   d      BCDMS   254     554.43     300.43      26.21       9.31                                                  | 
  10020   p        NMC   273     774.93     501.93      30.43      19.31                                                  | 
  10021 d/p        NMC   174     374.53     200.53       6.27       0.00                                                  | 
  10010   p       SLAC   218     426.22     208.22       0.00      39.80                                                  | 
  10011   d       SLAC   228     478.18     250.18       0.00      57.67                                                  | 
['pdf']
JAM FITTER                                                                                                                | 1        pdf       db1 N   6.75195e-02
count = 300                                                                                                               | 2        pdf       db1 a  -2.98585e-01
elapsed time(mins)=2.944892                                                                                               | 3        pdf       db1 b   3.98776e+00
shifts  = 2                                                                                                               | 4        pdf       dv1 a  -4.95917e-01
npts    = 1495                                                                                                            | 5        pdf       dv1 b   8.47598e+00
chi2    = 3108.488395                                                                                                     | 6        pdf        g1 a  -8.75736e-01
rchi2   = 61.928323                                                                                                       | 7        pdf        g1 b   3.34695e+00
nchi2   = 24.435267                                                                                                       | 8        pdf        s1 N   8.45558e-03
chi2tot = 3194.851985                                                                                                     | 9        pdf        s1 a   5.60782e-01
dchi2(iter)  = 0.000000                                                                                                   | 10        pdf        s1 b   2.18255e-01
dchi2(local) = -inf                                                                                                       | 11        pdf      sea1 N   1.21456e-02
pdf dv(1):1.000000                                                                                                        | 12        pdf      sea1 a  -1.59270e+00
pdf db-ub(2):-0.060453                                                                                                    | 13        pdf      sea1 b   1.16600e+00
pdf msr:1.000000                                                                                                          | 14        pdf       ub1 N   1.27973e-01
pdf db-ub(1):0.042706                                                                                                     | 15        pdf       ub1 a   7.01431e-01
pdf uv(1):2.000000                                                                                                        | 16        pdf       ub1 b   4.01195e+00
pdf s-sb(1):-0.000000                                                                                                     | 17        pdf       uv1 a  -4.97279e-01
pdf s-sb(2):-0.000000                                                                                                     | 18        pdf       uv1 b   7.47628e+00
                                                                                                                          | 19       norm       idis      10016  1.01238e+00
reaction: unpol DIS                                                                                                       | 20       norm       idis      10017  1.02982e+00
filters: Q2>1.690000                                                                                                      | 21       norm       idis      10010  1.05838e+00
filters: W2>10.000000                                                                                                     | 22       norm       idis      10011  1.05669e+00
    idx tar        col  npts       chi2  chi2-npts      rchi2      nchi2                                                  | 23       norm       idis      10020  1.04208e+00
  10016   p      BCDMS   348     735.06     387.06      19.24       0.17                                                  | 
  10017   d      BCDMS   254     560.28     306.28      22.15       0.99                                                  | 
  10020   p        NMC   273     639.34     366.34      12.66       4.43                                                  | 
  10021 d/p        NMC   174     366.04     192.04       7.89       0.00                                                  | 
  10010   p       SLAC   218     419.80     201.80       0.00       7.73                                                  | 
  10011   d       SLAC   228     387.98     159.98       0.00      11.12                                                  | 
['pdf']
JAM FITTER                                                                                                                | 1        pdf       db1 N   6.50079e-02
count = 400                                                                                                               | 2        pdf       db1 a  -1.00287e-01
elapsed time(mins)=3.909386                                                                                               | 3        pdf       db1 b   4.33267e+00
shifts  = 2                                                                                                               | 4        pdf       dv1 a  -4.99938e-01
npts    = 1495                                                                                                            | 5        pdf       dv1 b   9.55420e+00
chi2    = 3047.816500                                                                                                     | 6        pdf        g1 a  -8.55783e-01
rchi2   = 65.850394                                                                                                       | 7        pdf        g1 b   2.69216e+00
nchi2   = 2.454782                                                                                                        | 8        pdf        s1 N   1.09430e-02
chi2tot = 3116.121675                                                                                                     | 9        pdf        s1 a   8.57100e-01
dchi2(iter)  = 0.000000                                                                                                   | 10        pdf        s1 b   6.95840e-01
dchi2(local) = -inf                                                                                                       | 11        pdf      sea1 N   1.13463e-02
pdf dv(1):1.000000                                                                                                        | 12        pdf      sea1 a  -1.44396e+00
pdf db-ub(2):-0.038562                                                                                                    | 13        pdf      sea1 b   3.47084e+00
pdf msr:1.000000                                                                                                          | 14        pdf       ub1 N   1.03570e-01
pdf db-ub(1):0.071385                                                                                                     | 15        pdf       ub1 a   8.33378e-01
pdf uv(1):2.000000                                                                                                        | 16        pdf       ub1 b   3.87439e+00
pdf s-sb(1):0.000000                                                                                                      | 17        pdf       uv1 a  -4.99394e-01
pdf s-sb(2):0.000000                                                                                                      | 18        pdf       uv1 b   5.37676e+00
                                                                                                                          | 19       norm       idis      10016  9.83070e-01
reaction: unpol DIS                                                                                                       | 20       norm       idis      10017  1.00262e+00
filters: Q2>1.690000                                                                                                      | 21       norm       idis      10010  1.01939e+00
filters: W2>10.000000                                                                                                     | 22       norm       idis      10011  1.01718e+00
    idx tar        col  npts       chi2  chi2-npts      rchi2      nchi2                                                  | 23       norm       idis      10020  1.01011e+00
  10016   p      BCDMS   348     716.39     368.39      23.91       0.32                                                  | 
  10017   d      BCDMS   254     547.61     293.61      23.75       0.01                                                  | 
  10020   p        NMC   273     625.51     352.51      11.39       0.26                                                  | 
  10021 d/p        NMC   174     354.81     180.81       6.80       0.00                                                  | 
  10010   p       SLAC   218     415.03     197.03       0.00       0.85                                                  | 
  10011   d       SLAC   228     388.47     160.47       0.00       1.02                                                  | 
['pdf']
JAM FITTER                                                                                                                | 1        pdf       db1 N   6.43885e-02
count = 500                                                                                                               | 2        pdf       db1 a   8.41838e-03
elapsed time(mins)=4.879163                                                                                               | 3        pdf       db1 b   4.55583e+00
shifts  = 3                                                                                                               | 4        pdf       dv1 a  -4.99999e-01
npts    = 1495                                                                                                            | 5        pdf       dv1 b   9.96424e+00
chi2    = 3037.696583                                                                                                     | 6        pdf        g1 a  -8.50682e-01
rchi2   = 54.343680                                                                                                       | 7        pdf        g1 b   2.45878e+00
nchi2   = 1.041717                                                                                                        | 8        pdf        s1 N   1.01402e-02
chi2tot = 3093.081980                                                                                                     | 9        pdf        s1 a   9.22843e-01
dchi2(iter)  = inf                                                                                                        | 10        pdf        s1 b   8.43352e-01
dchi2(local) = -inf                                                                                                       | 11        pdf      sea1 N   1.13500e-02
pdf dv(1):1.000000                                                                                                        | 12        pdf      sea1 a  -1.36284e+00
pdf db-ub(2):-0.026593                                                                                                    | 13        pdf      sea1 b   4.97791e+00
pdf msr:1.000000                                                                                                          | 14        pdf       ub1 N   9.09814e-02
pdf db-ub(1):0.090609                                                                                                     | 15        pdf       ub1 a   8.20155e-01
pdf uv(1):2.000000                                                                                                        | 16        pdf       ub1 b   3.75225e+00
pdf s-sb(1):0.000000                                                                                                      | 17        pdf       uv1 a  -4.99625e-01
pdf s-sb(2):-0.000000                                                                                                     | 18        pdf       uv1 b   4.54173e+00
                                                                                                                          | 19       norm       idis      10016  9.75415e-01
reaction: unpol DIS                                                                                                       | 20       norm       idis      10017  9.96591e-01
filters: Q2>1.690000                                                                                                      | 21       norm       idis      10010  1.00868e+00
filters: W2>10.000000                                                                                                     | 22       norm       idis      10011  1.00678e+00
    idx tar        col  npts       chi2  chi2-npts      rchi2      nchi2                                                  | 23       norm       idis      10020  1.00332e+00
  10016   p      BCDMS   348     713.49     365.49      19.64       0.67                                                  | 
  10017   d      BCDMS   254     545.22     291.22      19.63       0.01                                                  | 
  10020   p        NMC   273     625.46     352.46       9.79       0.03                                                  | 
  10021 d/p        NMC   174     350.93     176.93       5.28       0.00                                                  | 
  10010   p       SLAC   218     409.94     191.94       0.00       0.17                                                  | 
  10011   d       SLAC   228     392.67     164.67       0.00       0.16                                                  | 
['pdf']
JAM FITTER                                                                                                                | 1        pdf       db1 N   6.37521e-02
count = 600                                                                                                               | 2        pdf       db1 a   4.61757e-02
elapsed time(mins)=5.852844                                                                                               | 3        pdf       db1 b   4.62670e+00
shifts  = 2                                                                                                               | 4        pdf       dv1 a  -5.00000e-01
npts    = 1495                                                                                                            | 5        pdf       dv1 b   9.99999e+00
chi2    = 3038.822926                                                                                                     | 6        pdf        g1 a  -8.44450e-01
rchi2   = 51.743631                                                                                                       | 7        pdf        g1 b   2.40607e+00
nchi2   = 0.952456                                                                                                        | 8        pdf        s1 N   1.00179e-02
chi2tot = 3091.519013                                                                                                     | 9        pdf        s1 a   9.98874e-01
dchi2(iter)  = inf                                                                                                        | 10        pdf        s1 b   9.24673e-01
dchi2(local) = -1.562967                                                                                                  | 11        pdf      sea1 N   1.15818e-02
pdf dv(1):1.000000                                                                                                        | 12        pdf      sea1 a  -1.33385e+00
pdf db-ub(2):-0.021485                                                                                                    | 13        pdf      sea1 b   5.36199e+00
pdf msr:1.000000                                                                                                          | 14        pdf       ub1 N   8.52375e-02
pdf db-ub(1):0.098757                                                                                                     | 15        pdf       ub1 a   8.04675e-01
pdf uv(1):2.000000                                                                                                        | 16        pdf       ub1 b   3.71378e+00
pdf s-sb(1):0.000000                                                                                                      | 17        pdf       uv1 a  -4.99652e-01
pdf s-sb(2):0.000000                                                                                                      | 18        pdf       uv1 b   4.22065e+00
                                                                                                                          | 19       norm       idis      10016  9.72975e-01
reaction: unpol DIS                                                                                                       | 20       norm       idis      10017  9.94618e-01
filters: Q2>1.690000                                                                                                      | 21       norm       idis      10010  1.00525e+00
filters: W2>10.000000                                                                                                     | 22       norm       idis      10011  1.00348e+00
    idx tar        col  npts       chi2  chi2-npts      rchi2      nchi2                                                  | 23       norm       idis      10020  1.00131e+00
  10016   p      BCDMS   348     712.39     364.39      18.64       0.81                                                  | 
  10017   d      BCDMS   254     544.78     290.78      18.77       0.03                                                  | 
  10020   p        NMC   273     626.50     353.50       9.51       0.00                                                  | 
  10021 d/p        NMC   174     350.84     176.84       4.83       0.00                                                  | 
  10010   p       SLAC   218     409.51     191.51       0.00       0.06                                                  | 
  10011   d       SLAC   228     394.81     166.81       0.00       0.04                                                  | 
['pdf']
JAM FITTER                                                                                                                | 1        pdf       db1 N   6.20459e-02
count = 700                                                                                                               | 2        pdf       db1 a   7.48552e-02
elapsed time(mins)=6.822750                                                                                               | 3        pdf       db1 b   4.65291e+00
shifts  = 2                                                                                                               | 4        pdf       dv1 a  -4.89229e-01
npts    = 1495                                                                                                            | 5        pdf       dv1 b   1.00000e+01
chi2    = 3038.796298                                                                                                     | 6        pdf        g1 a  -8.41800e-01
rchi2   = 51.674510                                                                                                       | 7        pdf        g1 b   2.41507e+00
nchi2   = 0.964447                                                                                                        | 8        pdf        s1 N   1.00182e-02
chi2tot = 3091.435255                                                                                                     | 9        pdf        s1 a   9.99894e-01
dchi2(iter)  = inf                                                                                                        | 10        pdf        s1 b   9.24607e-01
dchi2(local) = -1.646725                                                                                                  | 11        pdf      sea1 N   1.25928e-02
pdf dv(1):1.000000                                                                                                        | 12        pdf      sea1 a  -1.32871e+00
pdf db-ub(2):-0.019142                                                                                                    | 13        pdf      sea1 b   4.75702e+00
pdf msr:1.000000                                                                                                          | 14        pdf       ub1 N   8.11880e-02
pdf db-ub(1):0.096402                                                                                                     | 15        pdf       ub1 a   8.15000e-01
pdf uv(1):2.000000                                                                                                        | 16        pdf       ub1 b   3.71186e+00
pdf s-sb(1):0.000000                                                                                                      | 17        pdf       uv1 a  -4.99415e-01
pdf s-sb(2):0.000000                                                                                                      | 18        pdf       uv1 b   4.04667e+00
                                                                                                                          | 19       norm       idis      10016  9.72630e-01
reaction: unpol DIS                                                                                                       | 20       norm       idis      10017  9.94274e-01
filters: Q2>1.690000                                                                                                      | 21       norm       idis      10010  1.00501e+00
filters: W2>10.000000                                                                                                     | 22       norm       idis      10011  1.00323e+00
    idx tar        col  npts       chi2  chi2-npts      rchi2      nchi2                                                  | 23       norm       idis      10020  1.00104e+00
  10016   p      BCDMS   348     712.47     364.47      18.57       0.83                                                  | 
  10017   d      BCDMS   254     544.60     290.60      18.70       0.04                                                  | 
  10020   p        NMC   273     626.71     353.71       9.53       0.00                                                  | 
  10021 d/p        NMC   174     350.72     176.72       4.88       0.00                                                  | 
  10010   p       SLAC   218     409.34     191.34       0.00       0.06                                                  | 
  10011   d       SLAC   228     394.96     166.96       0.00       0.04                                                  | 
['pdf']
JAM FITTER                                                                                                                | 1        pdf       db1 N   6.04099e-02
count = 800                                                                                                               | 2        pdf       db1 a   1.04593e-01
elapsed time(mins)=7.791460                                                                                               | 3        pdf       db1 b   4.68598e+00
shifts  = 3                                                                                                               | 4        pdf       dv1 a  -4.77974e-01
npts    = 1495                                                                                                            | 5        pdf       dv1 b   1.00000e+01
chi2    = 3038.456850                                                                                                     | 6        pdf        g1 a  -8.39488e-01
rchi2   = 51.940424                                                                                                       | 7        pdf        g1 b   2.42057e+00
nchi2   = 0.976708                                                                                                        | 8        pdf        s1 N   1.00385e-02
chi2tot = 3091.373981                                                                                                     | 9        pdf        s1 a   9.99995e-01
dchi2(iter)  = 1.707998                                                                                                   | 10        pdf        s1 b   9.29728e-01
dchi2(local) = -1.707998                                                                                                  | 11        pdf      sea1 N   1.35177e-02
pdf dv(1):1.000000                                                                                                        | 12        pdf      sea1 a  -1.32278e+00
pdf db-ub(2):-0.016872                                                                                                    | 13        pdf      sea1 b   4.32857e+00
pdf msr:1.000000                                                                                                          | 14        pdf       ub1 N   7.72823e-02
pdf db-ub(1):0.094259                                                                                                     | 15        pdf       ub1 a   8.23327e-01
pdf uv(1):2.000000                                                                                                        | 16        pdf       ub1 b   3.71470e+00
pdf s-sb(1):0.000000                                                                                                      | 17        pdf       uv1 a  -4.98699e-01
pdf s-sb(2):-0.000000                                                                                                     | 18        pdf       uv1 b   3.89049e+00
                                                                                                                          | 19       norm       idis      10016  9.72276e-01
reaction: unpol DIS                                                                                                       | 20       norm       idis      10017  9.93919e-01
filters: Q2>1.690000                                                                                                      | 21       norm       idis      10010  1.00472e+00
filters: W2>10.000000                                                                                                     | 22       norm       idis      10011  1.00293e+00
    idx tar        col  npts       chi2  chi2-npts      rchi2      nchi2                                                  | 23       norm       idis      10020  1.00075e+00
  10016   p      BCDMS   348     712.41     364.41      18.68       0.85                                                  | 
  10017   d      BCDMS   254     544.43     290.43      18.75       0.04                                                  | 
  10020   p        NMC   273     626.88     353.88       9.58       0.00                                                  | 
  10021 d/p        NMC   174     350.62     176.62       4.94       0.00                                                  | 
  10010   p       SLAC   218     409.13     191.13       0.00       0.05                                                  | 
  10011   d       SLAC   228     394.98     166.98       0.00       0.03                                                  | 
['pdf']
JAM FITTER                                                                                                                | 1        pdf       db1 N   5.81035e-02
count = 900                                                                                                               | 2        pdf       db1 a   1.56245e-01
elapsed time(mins)=8.761016                                                                                               | 3        pdf       db1 b   4.74946e+00
shifts  = 2                                                                                                               | 4        pdf       dv1 a  -4.58518e-01
npts    = 1495                                                                                                            | 5        pdf       dv1 b   1.00000e+01
chi2    = 3037.382624                                                                                                     | 6        pdf        g1 a  -8.35955e-01
rchi2   = 52.897487                                                                                                       | 7        pdf        g1 b   2.42725e+00
nchi2   = 0.995762                                                                                                        | 8        pdf        s1 N   1.01368e-02
chi2tot = 3091.275873                                                                                                     | 9        pdf        s1 a   1.00000e+00
dchi2(iter)  = 1.707998                                                                                                   | 10        pdf        s1 b   9.52229e-01
dchi2(local) = -0.098109                                                                                                  | 11        pdf      sea1 N   1.46804e-02
pdf dv(1):1.000000                                                                                                        | 12        pdf      sea1 a  -1.31198e+00
pdf db-ub(2):-0.013208                                                                                                    | 13        pdf      sea1 b   3.96365e+00
pdf msr:1.000000                                                                                                          | 14        pdf       ub1 N   7.13118e-02
pdf db-ub(1):0.092031                                                                                                     | 15        pdf       ub1 a   8.37650e-01
pdf uv(1):2.000000                                                                                                        | 16        pdf       ub1 b   3.73333e+00
pdf s-sb(1):0.000000                                                                                                      | 17        pdf       uv1 a  -4.95122e-01
pdf s-sb(2):0.000000                                                                                                      | 18        pdf       uv1 b   3.67571e+00
                                                                                                                          | 19       norm       idis      10016  9.71786e-01
reaction: unpol DIS                                                                                                       | 20       norm       idis      10017  9.93437e-01
filters: Q2>1.690000                                                                                                      | 21       norm       idis      10010  1.00430e+00
filters: W2>10.000000                                                                                                     | 22       norm       idis      10011  1.00248e+00
    idx tar        col  npts       chi2  chi2-npts      rchi2      nchi2                                                  | 23       norm       idis      10020  1.00037e+00
  10016   p      BCDMS   348     712.23     364.23      19.17       0.88                                                  | 
  10017   d      BCDMS   254     544.17     290.17      19.05       0.05                                                  | 
  10020   p        NMC   273     627.11     354.11       9.68       0.00                                                  | 
  10021 d/p        NMC   174     350.48     176.48       5.01       0.00                                                  | 
  10010   p       SLAC   218     408.65     190.65       0.00       0.04                                                  | 
  10011   d       SLAC   228     394.73     166.73       0.00       0.02                                                  | 
['pdf']
JAM FITTER                                                                                                                | 1        pdf       db1 N   5.54875e-02
count = 1000                                                                                                              | 2        pdf       db1 a   2.47011e-01
elapsed time(mins)=9.721945                                                                                               | 3        pdf       db1 b   4.84848e+00
shifts  = 2                                                                                                               | 4        pdf       dv1 a  -4.21512e-01
npts    = 1495                                                                                                            | 5        pdf       dv1 b   1.00000e+01
chi2    = 3036.497000                                                                                                     | 6        pdf        g1 a  -8.33509e-01
rchi2   = 53.002896                                                                                                       | 7        pdf        g1 b   2.42809e+00
nchi2   = 1.012795                                                                                                        | 8        pdf        s1 N   1.03769e-02
chi2tot = 3090.512691                                                                                                     | 9        pdf        s1 a   1.00000e+00
dchi2(iter)  = 1.707998                                                                                                   | 10        pdf        s1 b   1.00478e+00
dchi2(local) = -0.861291                                                                                                  | 11        pdf      sea1 N   1.54700e-02
pdf dv(1):1.000000                                                                                                        | 12        pdf      sea1 a  -1.29500e+00
pdf db-ub(2):-0.007708                                                                                                    | 13        pdf      sea1 b   4.01734e+00
pdf msr:1.000000                                                                                                          | 14        pdf       ub1 N   6.31951e-02
pdf db-ub(1):0.090783                                                                                                     | 15        pdf       ub1 a   8.74442e-01
pdf uv(1):2.000000                                                                                                        | 16        pdf       ub1 b   3.79758e+00
pdf s-sb(1):0.000000                                                                                                      | 17        pdf       uv1 a  -4.81145e-01
pdf s-sb(2):0.000000                                                                                                      | 18        pdf       uv1 b   3.44631e+00
                                                                                                                          | 19       norm       idis      10016  9.71419e-01
reaction: unpol DIS                                                                                                       | 20       norm       idis      10017  9.93132e-01
filters: Q2>1.690000                                                                                                      | 21       norm       idis      10010  1.00401e+00
filters: W2>10.000000                                                                                                     | 22       norm       idis      10011  1.00216e+00
    idx tar        col  npts       chi2  chi2-npts      rchi2      nchi2                                                  | 23       norm       idis      10020  1.00016e+00
  10016   p      BCDMS   348     712.12     364.12      19.26       0.91                                                  | 
  10017   d      BCDMS   254     543.37     289.37      18.98       0.05                                                  | 
  10020   p        NMC   273     627.54     354.54       9.70       0.00                                                  | 
  10021 d/p        NMC   174     350.29     176.29       5.07       0.00                                                  | 
  10010   p       SLAC   218     408.11     190.11       0.00       0.04                                                  | 
  10011   d       SLAC   228     395.07     167.07       0.00       0.02                                                  | 
['pdf']
JAM FITTER                                                                                                                | 1        pdf       db1 N   5.24159e-02
count = 1100                                                                                                              | 2        pdf       db1 a   3.44915e-01
elapsed time(mins)=10.692090                                                                                              | 3        pdf       db1 b   4.95459e+00
shifts  = 2                                                                                                               | 4        pdf       dv1 a  -3.86909e-01
npts    = 1495                                                                                                            | 5        pdf       dv1 b   1.00000e+01
chi2    = 3034.721845                                                                                                     | 6        pdf        g1 a  -8.31446e-01
rchi2   = 53.435446                                                                                                       | 7        pdf        g1 b   2.41465e+00
nchi2   = 1.046615                                                                                                        | 8        pdf        s1 N   1.01538e-02
chi2tot = 3089.203906                                                                                                     | 9        pdf        s1 a   9.72731e-01
dchi2(iter)  = 1.707998                                                                                                   | 10        pdf        s1 b   1.09293e+00
dchi2(local) = -2.170076                                                                                                  | 11        pdf      sea1 N   1.67173e-02
pdf dv(1):1.000000                                                                                                        | 12        pdf      sea1 a  -1.27910e+00
pdf db-ub(2):-0.002565                                                                                                    | 13        pdf      sea1 b   3.84198e+00
pdf msr:1.000000                                                                                                          | 14        pdf       ub1 N   5.49808e-02
pdf db-ub(1):0.088130                                                                                                     | 15        pdf       ub1 a   9.11867e-01
pdf uv(1):2.000000                                                                                                        | 16        pdf       ub1 b   3.91612e+00
pdf s-sb(1):0.000000                                                                                                      | 17        pdf       uv1 a  -4.72753e-01
pdf s-sb(2):0.000000                                                                                                      | 18        pdf       uv1 b   3.21860e+00
                                                                                                                          | 19       norm       idis      10016  9.70690e-01
reaction: unpol DIS                                                                                                       | 20       norm       idis      10017  9.92552e-01
filters: Q2>1.690000                                                                                                      | 21       norm       idis      10010  1.00327e+00
filters: W2>10.000000                                                                                                     | 22       norm       idis      10011  1.00133e+00
    idx tar        col  npts       chi2  chi2-npts      rchi2      nchi2                                                  | 23       norm       idis      10020  9.99767e-01
  10016   p      BCDMS   348     710.50     362.50      19.53       0.95                                                  | 
  10017   d      BCDMS   254     542.32     288.32      18.95       0.06                                                  | 
  10020   p        NMC   273     628.04     355.04       9.72       0.00                                                  | 
  10021 d/p        NMC   174     349.92     175.92       5.24       0.00                                                  | 
  10010   p       SLAC   218     407.98     189.98       0.00       0.02                                                  | 
  10011   d       SLAC   228     395.97     167.97       0.00       0.01                                                  | 
['pdf']
JAM FITTER                                                                                                                | 1        pdf       db1 N   4.86923e-02
count = 1200                                                                                                              | 2        pdf       db1 a   4.64450e-01
elapsed time(mins)=11.668633                                                                                              | 3        pdf       db1 b   5.09759e+00
shifts  = 3                                                                                                               | 4        pdf       dv1 a  -3.48856e-01
npts    = 1495                                                                                                            | 5        pdf       dv1 b   1.00000e+01
chi2    = 3032.451626                                                                                                     | 6        pdf        g1 a  -8.30402e-01
rchi2   = 53.426720                                                                                                       | 7        pdf        g1 b   2.40719e+00
nchi2   = 1.106880                                                                                                        | 8        pdf        s1 N   9.92073e-03
chi2tot = 3086.985227                                                                                                     | 9        pdf        s1 a   9.93377e-01
dchi2(iter)  = 4.388754                                                                                                   | 10        pdf        s1 b   1.22873e+00
dchi2(local) = -4.388754                                                                                                  | 11        pdf      sea1 N   1.84015e-02
pdf dv(1):1.000000                                                                                                        | 12        pdf      sea1 a  -1.26748e+00
pdf db-ub(2):0.002593                                                                                                     | 13        pdf      sea1 b   3.50606e+00
pdf msr:1.000000                                                                                                          | 14        pdf       ub1 N   4.60992e-02
pdf db-ub(1):0.086849                                                                                                     | 15        pdf       ub1 a   9.98227e-01
pdf uv(1):2.000000                                                                                                        | 16        pdf       ub1 b   4.13592e+00
pdf s-sb(1):0.000000                                                                                                      | 17        pdf       uv1 a  -4.60165e-01
pdf s-sb(2):0.000000                                                                                                      | 18        pdf       uv1 b   3.04054e+00
                                                                                                                          | 19       norm       idis      10016  9.69742e-01
reaction: unpol DIS                                                                                                       | 20       norm       idis      10017  9.91857e-01
filters: Q2>1.690000                                                                                                      | 21       norm       idis      10010  1.00250e+00
filters: W2>10.000000                                                                                                     | 22       norm       idis      10011  1.00051e+00
    idx tar        col  npts       chi2  chi2-npts      rchi2      nchi2                                                  | 23       norm       idis      10020  9.99409e-01
  10016   p      BCDMS   348     709.40     361.40      19.60       1.02                                                  | 
  10017   d      BCDMS   254     540.80     286.80      18.62       0.07                                                  | 
  10020   p        NMC   273     628.20     355.20       9.76       0.00                                                  | 
  10021 d/p        NMC   174     349.72     175.72       5.44       0.00                                                  | 
  10010   p       SLAC   218     407.37     189.37       0.00       0.01                                                  | 
  10011   d       SLAC   228     396.96     168.96       0.00       0.00                                                  | 
['pdf']
JAM FITTER                                                                                                                | 1        pdf       db1 N   4.82541e-02
count = 1300                                                                                                              | 2        pdf       db1 a   5.22779e-01
elapsed time(mins)=12.635557                                                                                              | 3        pdf       db1 b   5.11343e+00
shifts  = 1                                                                                                               | 4        pdf       dv1 a  -3.23841e-01
npts    = 1495                                                                                                            | 5        pdf       dv1 b   1.00000e+01
chi2    = 3031.257899                                                                                                     | 6        pdf        g1 a  -8.31469e-01
rchi2   = 54.208601                                                                                                       | 7        pdf        g1 b   2.40234e+00
nchi2   = 1.057533                                                                                                        | 8        pdf        s1 N   9.11861e-03
chi2tot = 3086.524034                                                                                                     | 9        pdf        s1 a   9.95145e-01
dchi2(iter)  = 4.388754                                                                                                   | 10        pdf        s1 b   1.28862e+00
dchi2(local) = -0.461193                                                                                                  | 11        pdf      sea1 N   1.80087e-02
pdf dv(1):1.000000                                                                                                        | 12        pdf      sea1 a  -1.25976e+00
pdf db-ub(2):0.004416                                                                                                     | 13        pdf      sea1 b   3.83602e+00
pdf msr:1.000000                                                                                                          | 14        pdf       ub1 N   4.38385e-02
pdf db-ub(1):0.084215                                                                                                     | 15        pdf       ub1 a   9.99996e-01
pdf uv(1):2.000000                                                                                                        | 16        pdf       ub1 b   4.19742e+00
pdf s-sb(1):0.000000                                                                                                      | 17        pdf       uv1 a  -4.52521e-01
pdf s-sb(2):0.000000                                                                                                      | 18        pdf       uv1 b   2.97971e+00
                                                                                                                          | 19       norm       idis      10016  9.70476e-01
reaction: unpol DIS                                                                                                       | 20       norm       idis      10017  9.92861e-01
filters: Q2>1.690000                                                                                                      | 21       norm       idis      10010  1.00343e+00
filters: W2>10.000000                                                                                                     | 22       norm       idis      10011  1.00129e+00
    idx tar        col  npts       chi2  chi2-npts      rchi2      nchi2                                                  | 23       norm       idis      10020  9.99938e-01
  10016   p      BCDMS   348     708.49     360.49      20.06       0.97                                                  | 
  10017   d      BCDMS   254     540.49     286.49      18.67       0.06                                                  | 
  10020   p        NMC   273     628.14     355.14       9.77       0.00                                                  | 
  10021 d/p        NMC   174     349.53     175.53       5.70       0.00                                                  | 
  10010   p       SLAC   218     407.17     189.17       0.00       0.03                                                  | 
  10011   d       SLAC   228     397.44     169.44       0.00       0.01                                                  | 
['pdf']
JAM FITTER                                                                                                                | 1        pdf       db1 N   4.84172e-02
count = 1400                                                                                                              | 2        pdf       db1 a   5.41699e-01
elapsed time(mins)=13.604205                                                                                              | 3        pdf       db1 b   5.12203e+00
shifts  = 2                                                                                                               | 4        pdf       dv1 a  -3.14632e-01
npts    = 1495                                                                                                            | 5        pdf       dv1 b   1.00000e+01
chi2    = 3031.500471                                                                                                     | 6        pdf        g1 a  -8.31884e-01
rchi2   = 53.945430                                                                                                       | 7        pdf        g1 b   2.40336e+00
nchi2   = 1.038438                                                                                                        | 8        pdf        s1 N   9.06971e-03
chi2tot = 3086.484339                                                                                                     | 9        pdf        s1 a   9.99936e-01
dchi2(iter)  = 4.388754                                                                                                   | 10        pdf        s1 b   1.29134e+00
dchi2(local) = -0.500888                                                                                                  | 11        pdf      sea1 N   1.75825e-02
pdf dv(1):1.000000                                                                                                        | 12        pdf      sea1 a  -1.25661e+00
pdf db-ub(2):0.004912                                                                                                     | 13        pdf      sea1 b   4.08219e+00
pdf msr:1.000000                                                                                                          | 14        pdf       ub1 N   4.35054e-02
pdf db-ub(1):0.084054                                                                                                     | 15        pdf       ub1 a   1.00000e+00
pdf uv(1):2.000000                                                                                                        | 16        pdf       ub1 b   4.20034e+00
pdf s-sb(1):0.000000                                                                                                      | 17        pdf       uv1 a  -4.47413e-01
pdf s-sb(2):0.000000                                                                                                      | 18        pdf       uv1 b   2.98160e+00
                                                                                                                          | 19       norm       idis      10016  9.70849e-01
reaction: unpol DIS                                                                                                       | 20       norm       idis      10017  9.93275e-01
filters: Q2>1.690000                                                                                                      | 21       norm       idis      10010  1.00387e+00
filters: W2>10.000000                                                                                                     | 22       norm       idis      10011  1.00169e+00
    idx tar        col  npts       chi2  chi2-npts      rchi2      nchi2                                                  | 23       norm       idis      10020  1.00025e+00
  10016   p      BCDMS   348     708.52     360.52      19.96       0.94                                                  | 
  10017   d      BCDMS   254     540.30     286.30      18.46       0.05                                                  | 
  10020   p        NMC   273     628.18     355.18       9.76       0.00                                                  | 
  10021 d/p        NMC   174     349.47     175.47       5.76       0.00                                                  | 
  10010   p       SLAC   218     407.15     189.15       0.00       0.03                                                  | 
  10011   d       SLAC   228     397.88     169.88       0.00       0.01                                                  | 
['pdf']
JAM FITTER                                                                                                                | 1        pdf       db1 N   4.84030e-02
count = 1494                                                                                                              | 2        pdf       db1 a   5.41596e-01
elapsed time(mins)=14.532600                                                                                              | 3        pdf       db1 b   5.12203e+00
shifts  = 1                                                                                                               | 4        pdf       dv1 a  -3.14770e-01
npts    = 1495                                                                                                            | 5        pdf       dv1 b   1.00000e+01
chi2    = 3031.543305                                                                                                     | 6        pdf        g1 a  -8.31909e-01
rchi2   = 53.902467                                                                                                       | 7        pdf        g1 b   2.40340e+00
nchi2   = 1.038294                                                                                                        | 8        pdf        s1 N   9.04888e-03
chi2tot = 3086.484066                                                                                                     | 9        pdf        s1 a   9.99995e-01
dchi2(iter)  = 4.388754                                                                                                   | 10        pdf        s1 b   1.28964e+00
dchi2(local) = -0.501161                                                                                                  | 11        pdf      sea1 N   1.76028e-02
pdf dv(1):1.000000                                                                                                        | 12        pdf      sea1 a  -1.25664e+00
pdf db-ub(2):0.004903                                                                                                     | 13        pdf      sea1 b   4.07379e+00
pdf msr:1.000000                                                                                                          | 14        pdf       ub1 N   4.34995e-02
pdf db-ub(1):0.084010                                                                                                     | 15        pdf       ub1 a   1.00000e+00
pdf uv(1):2.000000                                                                                                        | 16        pdf       ub1 b   4.20063e+00
pdf s-sb(1):0.000000                                                                                                      | 17        pdf       uv1 a  -4.47558e-01
pdf s-sb(2):0.000000                                                                                                      | 18        pdf       uv1 b   2.98100e+00
                                                                                                                          | 19       norm       idis      10016  9.70853e-01
reaction: unpol DIS                                                                                                       | 20       norm       idis      10017  9.93282e-01
filters: Q2>1.690000                                                                                                      | 21       norm       idis      10010  1.00388e+00
filters: W2>10.000000                                                                                                     | 22       norm       idis      10011  1.00170e+00
    idx tar        col  npts       chi2  chi2-npts      rchi2      nchi2                                                  | 23       norm       idis      10020  1.00026e+00
  10016   p      BCDMS   348     708.53     360.53      19.94       0.94                                                  | 
  10017   d      BCDMS   254     540.30     286.30      18.44       0.05                                                  | 
  10020   p        NMC   273     628.20     355.20       9.76       0.00                                                  | 
  10021 d/p        NMC   174     349.46     175.46       5.76       0.00                                                  | 
  10010   p       SLAC   218     407.14     189.14       0.00       0.03                                                  | 
  10011   d       SLAC   228     397.91     169.91       0.00       0.01                                                  | 
