('active', 'pdf')

--step 1: npQCD objects = pdf , datasets = idis , tmc = False , ht = False
loading idis data sets 10016
loading idis data sets 10017
loading idis data sets 10020
loading idis data sets 10021
loading idis data sets 10010
loading idis data sets 10011
Loading DIS tables...
10016 has norm uncertainty
10017 has norm uncertainty
10020 has norm uncertainty
10010 has norm uncertainty
10011 has norm uncertainty
[H[J[H[J[H[J[H[J[H[J[H[J[H[J[H[J[H[J[H[J[H[J['pdf']
JAM FITTER                                                                                                                | 1        pdf       db1 N   1.07073e-01
count = 100                                                                                                               | 2        pdf       db1 a  -2.96355e-01
elapsed time(mins)=0.970899                                                                                               | 3        pdf       db1 b   4.43927e+00
shifts  = 3                                                                                                               | 4        pdf       dv1 a  -3.42999e-01
npts    = 1495                                                                                                            | 5        pdf       dv1 b   9.27336e+00
chi2    = 40126.911355                                                                                                    | 6        pdf        g1 a   9.29048e-01
rchi2   = 4043.834249                                                                                                     | 7        pdf        g1 b   3.58294e-01
nchi2   = 362.498436                                                                                                      | 8        pdf        s1 N   1.76470e-01
chi2tot = 44533.244039                                                                                                    | 9        pdf        s1 a   9.12938e-01
dchi2(iter)  = inf                                                                                                        | 10        pdf        s1 b   1.87468e-01
dchi2(local) = -inf                                                                                                       | 11        pdf      sea1 N   1.03481e-02
pdf dv(1):1.000000                                                                                                        | 12        pdf      sea1 a  -1.87153e+00
pdf db-ub(2):0.054131                                                                                                     | 13        pdf      sea1 b   9.36672e+00
pdf msr:1.000000                                                                                                          | 14        pdf       ub1 N   5.29412e-02
pdf db-ub(1):-0.075636                                                                                                    | 15        pdf       ub1 a  -5.69598e-01
pdf uv(1):2.000000                                                                                                        | 16        pdf       ub1 b   6.78391e+00
pdf s-sb(1):-0.000000                                                                                                     | 17        pdf       uv1 a  -1.13786e-01
pdf s-sb(2):-0.000000                                                                                                     | 18        pdf       uv1 b   2.98887e+00
                                                                                                                          | 19       norm       idis      10016  1.18103e+00
reaction: unpol DIS                                                                                                       | 20       norm       idis      10017  1.17564e+00
filters: Q2>1.690000                                                                                                      | 21       norm       idis      10010  1.16992e+00
filters: W2>10.000000                                                                                                     | 22       norm       idis      10011  1.19245e+00
    idx tar        col  npts       chi2  chi2-npts      rchi2      nchi2                                                  | 23       norm       idis      10020  1.19817e+00
  10016   p      BCDMS   348    6456.43    6108.43    1627.81      36.41                                                  | 
  10017   d      BCDMS   254    4123.38    3869.38    2061.72      34.28                                                  | 
  10020   p        NMC   273    1560.86    1287.86     270.22      98.18                                                  | 
  10021 d/p        NMC   174     553.94     379.94      84.08       0.00                                                  | 
  10010   p       SLAC   218    9435.67    9217.67       0.00      65.47                                                  | 
  10011   d       SLAC   228   17996.62   17768.62       0.00     128.16                                                  | 
['pdf']
JAM FITTER                                                                                                                | 1        pdf       db1 N   7.78364e-02
count = 200                                                                                                               | 2        pdf       db1 a  -3.43175e-01
elapsed time(mins)=1.936289                                                                                               | 3        pdf       db1 b   3.97283e+00
shifts  = 2                                                                                                               | 4        pdf       dv1 a  -4.99710e-01
npts    = 1495                                                                                                            | 5        pdf       dv1 b   9.75881e+00
chi2    = 3307.716338                                                                                                     | 6        pdf        g1 a  -3.36142e-02
rchi2   = 138.053180                                                                                                      | 7        pdf        g1 b   9.49941e+00
nchi2   = 124.630773                                                                                                      | 8        pdf        s1 N   4.76791e-02
chi2tot = 3570.400292                                                                                                     | 9        pdf        s1 a  -4.49582e-01
dchi2(iter)  = inf                                                                                                        | 10        pdf        s1 b   1.88033e+00
dchi2(local) = -40962.843747                                                                                              | 11        pdf      sea1 N   1.08604e-02
pdf dv(1):1.000000                                                                                                        | 12        pdf      sea1 a  -1.86205e+00
pdf db-ub(2):0.055869                                                                                                     | 13        pdf      sea1 b   1.68202e+00
pdf msr:1.000000                                                                                                          | 14        pdf       ub1 N   2.19677e-02
pdf db-ub(1):-0.710733                                                                                                    | 15        pdf       ub1 a  -8.63410e-01
pdf uv(1):2.000000                                                                                                        | 16        pdf       ub1 b   7.43068e+00
pdf s-sb(1):0.000000                                                                                                      | 17        pdf       uv1 a  -1.15301e-01
pdf s-sb(2):0.000000                                                                                                      | 18        pdf       uv1 b   3.19817e+00
                                                                                                                          | 19       norm       idis      10016  1.05639e+00
reaction: unpol DIS                                                                                                       | 20       norm       idis      10017  1.07836e+00
filters: Q2>1.690000                                                                                                      | 21       norm       idis      10010  1.13385e+00
filters: W2>10.000000                                                                                                     | 22       norm       idis      10011  1.13566e+00
    idx tar        col  npts       chi2  chi2-npts      rchi2      nchi2                                                  | 23       norm       idis      10020  1.06316e+00
  10016   p      BCDMS   348     747.58     399.58      45.44       3.53                                                  | 
  10017   d      BCDMS   254     588.97     334.97      39.44       6.82                                                  | 
  10020   p        NMC   273     768.45     495.45      41.83       9.97                                                  | 
  10021 d/p        NMC   174     404.24     230.24      11.35       0.00                                                  | 
  10010   p       SLAC   218     437.20     219.20       0.00      40.62                                                  | 
  10011   d       SLAC   228     361.28     133.28       0.00      63.68                                                  | 
['pdf']
JAM FITTER                                                                                                                | 1        pdf       db1 N   7.26666e-02
count = 300                                                                                                               | 2        pdf       db1 a  -2.09597e-01
elapsed time(mins)=2.890469                                                                                               | 3        pdf       db1 b   4.14394e+00
shifts  = 3                                                                                                               | 4        pdf       dv1 a  -4.99973e-01
npts    = 1495                                                                                                            | 5        pdf       dv1 b   9.99028e+00
chi2    = 3179.851755                                                                                                     | 6        pdf        g1 a  -2.79583e-02
rchi2   = 71.734334                                                                                                       | 7        pdf        g1 b   9.50756e+00
nchi2   = 30.003660                                                                                                       | 8        pdf        s1 N   2.99240e-02
chi2tot = 3281.589750                                                                                                     | 9        pdf        s1 a  -5.91696e-01
dchi2(iter)  = 41251.654290                                                                                               | 10        pdf        s1 b   2.79294e+00
dchi2(local) = -41251.654290                                                                                              | 11        pdf      sea1 N   9.18095e-03
pdf dv(1):1.000000                                                                                                        | 12        pdf      sea1 a  -1.70812e+00
pdf db-ub(2):0.058101                                                                                                     | 13        pdf      sea1 b   1.20738e+00
pdf msr:1.000000                                                                                                          | 14        pdf       ub1 N   1.45652e-02
pdf db-ub(1):-0.617113                                                                                                    | 15        pdf       ub1 a  -8.74197e-01
pdf uv(1):2.000000                                                                                                        | 16        pdf       ub1 b   8.91664e+00
pdf s-sb(1):0.000000                                                                                                      | 17        pdf       uv1 a  -1.46006e-01
pdf s-sb(2):-0.000000                                                                                                     | 18        pdf       uv1 b   3.15282e+00
                                                                                                                          | 19       norm       idis      10016  1.00729e+00
reaction: unpol DIS                                                                                                       | 20       norm       idis      10017  1.03162e+00
filters: Q2>1.690000                                                                                                      | 21       norm       idis      10010  1.06649e+00
filters: W2>10.000000                                                                                                     | 22       norm       idis      10011  1.06767e+00
    idx tar        col  npts       chi2  chi2-npts      rchi2      nchi2                                                  | 23       norm       idis      10020  1.03442e+00
  10016   p      BCDMS   348     743.06     395.06      27.42       0.06                                                  | 
  10017   d      BCDMS   254     565.89     311.89      19.05       1.11                                                  | 
  10020   p        NMC   273     661.95     388.95      15.48       2.96                                                  | 
  10021 d/p        NMC   174     377.68     203.68       9.78       0.00                                                  | 
  10010   p       SLAC   218     459.94     241.94       0.00      10.02                                                  | 
  10011   d       SLAC   228     371.33     143.33       0.00      15.85                                                  | 
['pdf']
JAM FITTER                                                                                                                | 1        pdf       db1 N   6.68878e-02
count = 400                                                                                                               | 2        pdf       db1 a   4.11428e-02
elapsed time(mins)=3.838435                                                                                               | 3        pdf       db1 b   4.53031e+00
shifts  = 3                                                                                                               | 4        pdf       dv1 a  -4.99992e-01
npts    = 1495                                                                                                            | 5        pdf       dv1 b   9.99207e+00
chi2    = 3094.613064                                                                                                     | 6        pdf        g1 a  -2.20355e-01
rchi2   = 66.530263                                                                                                       | 7        pdf        g1 b   6.71331e+00
nchi2   = 22.767807                                                                                                       | 8        pdf        s1 N   2.92888e-02
chi2tot = 3183.911133                                                                                                     | 9        pdf        s1 a  -8.02105e-01
dchi2(iter)  = 97.678616                                                                                                  | 10        pdf        s1 b   2.83752e+00
dchi2(local) = -97.678616                                                                                                 | 11        pdf      sea1 N   1.14463e-02
pdf dv(1):1.000000                                                                                                        | 12        pdf      sea1 a  -1.42182e+00
pdf db-ub(2):0.058278                                                                                                     | 13        pdf      sea1 b   3.42086e+00
pdf msr:1.000000                                                                                                          | 14        pdf       ub1 N   8.61008e-03
pdf db-ub(1):-0.723845                                                                                                    | 15        pdf       ub1 a  -9.21368e-01
pdf uv(1):2.000000                                                                                                        | 16        pdf       ub1 b   9.38748e+00
pdf s-sb(1):0.000000                                                                                                      | 17        pdf       uv1 a  -1.63422e-01
pdf s-sb(2):-0.000000                                                                                                     | 18        pdf       uv1 b   3.07005e+00
                                                                                                                          | 19       norm       idis      10016  1.00467e+00
reaction: unpol DIS                                                                                                       | 20       norm       idis      10017  1.03076e+00
filters: Q2>1.690000                                                                                                      | 21       norm       idis      10010  1.05719e+00
filters: W2>10.000000                                                                                                     | 22       norm       idis      10011  1.05808e+00
    idx tar        col  npts       chi2  chi2-npts      rchi2      nchi2                                                  | 23       norm       idis      10020  1.03227e+00
  10016   p      BCDMS   348     748.64     400.64      29.39       0.02                                                  | 
  10017   d      BCDMS   254     546.50     292.50      16.83       1.05                                                  | 
  10020   p        NMC   273     647.13     374.13      15.99       2.60                                                  | 
  10021 d/p        NMC   174     357.06     183.06       4.31       0.00                                                  | 
  10010   p       SLAC   218     429.35     211.35       0.00       7.42                                                  | 
  10011   d       SLAC   228     365.93     137.93       0.00      11.67                                                  | 
['pdf']
JAM FITTER                                                                                                                | 1        pdf       db1 N   6.86871e-02
count = 500                                                                                                               | 2        pdf       db1 a   1.02663e-01
elapsed time(mins)=4.793612                                                                                               | 3        pdf       db1 b   4.61450e+00
shifts  = 3                                                                                                               | 4        pdf       dv1 a  -5.00000e-01
npts    = 1495                                                                                                            | 5        pdf       dv1 b   1.00000e+01
chi2    = 3027.827830                                                                                                     | 6        pdf        g1 a  -7.09771e-01
rchi2   = 56.654425                                                                                                       | 7        pdf        g1 b   2.87757e+00
nchi2   = 6.395882                                                                                                        | 8        pdf        s1 N   7.40203e-03
chi2tot = 3090.878137                                                                                                     | 9        pdf        s1 a  -9.15727e-01
dchi2(iter)  = 93.032997                                                                                                  | 10        pdf        s1 b   2.15293e+00
dchi2(local) = -93.032997                                                                                                 | 11        pdf      sea1 N   9.97613e-03
pdf dv(1):1.000000                                                                                                        | 12        pdf      sea1 a  -1.27389e+00
pdf db-ub(2):0.060714                                                                                                     | 13        pdf      sea1 b   8.31948e+00
pdf msr:1.000000                                                                                                          | 14        pdf       ub1 N   7.97287e-03
pdf db-ub(1):-0.554552                                                                                                    | 15        pdf       ub1 a  -9.09201e-01
pdf uv(1):2.000000                                                                                                        | 16        pdf       ub1 b   9.99001e+00
pdf s-sb(1):0.000000                                                                                                      | 17        pdf       uv1 a  -1.54600e-01
pdf s-sb(2):0.000000                                                                                                      | 18        pdf       uv1 b   3.09181e+00
                                                                                                                          | 19       norm       idis      10016  9.92989e-01
reaction: unpol DIS                                                                                                       | 20       norm       idis      10017  1.01943e+00
filters: Q2>1.690000                                                                                                      | 21       norm       idis      10010  1.03187e+00
filters: W2>10.000000                                                                                                     | 22       norm       idis      10011  1.03070e+00
    idx tar        col  npts       chi2  chi2-npts      rchi2      nchi2                                                  | 23       norm       idis      10020  1.01194e+00
  10016   p      BCDMS   348     729.80     381.80      23.55       0.05                                                  | 
  10017   d      BCDMS   254     534.82     280.82      15.18       0.42                                                  | 
  10020   p        NMC   273     645.68     372.68      14.05       0.36                                                  | 
  10021 d/p        NMC   174     355.47     181.47       3.87       0.00                                                  | 
  10010   p       SLAC   218     407.23     189.23       0.00       2.30                                                  | 
  10011   d       SLAC   228     354.84     126.84       0.00       3.26                                                  | 
['pdf']
JAM FITTER                                                                                                                | 1        pdf       db1 N   6.56258e-02
count = 600                                                                                                               | 2        pdf       db1 a   2.13364e-01
elapsed time(mins)=5.747024                                                                                               | 3        pdf       db1 b   4.73345e+00
shifts  = 2                                                                                                               | 4        pdf       dv1 a  -4.17316e-01
npts    = 1495                                                                                                            | 5        pdf       dv1 b   9.94034e+00
chi2    = 3016.855256                                                                                                     | 6        pdf        g1 a  -7.43696e-01
rchi2   = 54.482817                                                                                                       | 7        pdf        g1 b   2.59994e+00
nchi2   = 4.168009                                                                                                        | 8        pdf        s1 N   1.43731e-03
chi2tot = 3075.506081                                                                                                     | 9        pdf        s1 a  -2.45498e-01
dchi2(iter)  = 93.032997                                                                                                  | 10        pdf        s1 b   2.73900e-01
dchi2(local) = -15.372055                                                                                                 | 11        pdf      sea1 N   1.01105e-02
pdf dv(1):1.000000                                                                                                        | 12        pdf      sea1 a  -1.23600e+00
pdf db-ub(2):0.057989                                                                                                     | 13        pdf      sea1 b   9.93036e+00
pdf msr:1.000000                                                                                                          | 14        pdf       ub1 N   7.63660e-03
pdf db-ub(1):-0.209578                                                                                                    | 15        pdf       ub1 a  -8.54583e-01
pdf uv(1):2.000000                                                                                                        | 16        pdf       ub1 b   9.99999e+00
pdf s-sb(1):0.000000                                                                                                      | 17        pdf       uv1 a  -1.51751e-01
pdf s-sb(2):0.000000                                                                                                      | 18        pdf       uv1 b   3.10444e+00
                                                                                                                          | 19       norm       idis      10016  9.89417e-01
reaction: unpol DIS                                                                                                       | 20       norm       idis      10017  1.01597e+00
filters: Q2>1.690000                                                                                                      | 21       norm       idis      10010  1.02559e+00
filters: W2>10.000000                                                                                                     | 22       norm       idis      10011  1.02425e+00
    idx tar        col  npts       chi2  chi2-npts      rchi2      nchi2                                                  | 23       norm       idis      10020  1.00979e+00
  10016   p      BCDMS   348     725.30     377.30      23.54       0.12                                                  | 
  10017   d      BCDMS   254     528.53     274.53      14.50       0.28                                                  | 
  10020   p        NMC   273     646.63     373.63      12.81       0.24                                                  | 
  10021 d/p        NMC   174     351.78     177.78       3.63       0.00                                                  | 
  10010   p       SLAC   218     406.80     188.80       0.00       1.49                                                  | 
  10011   d       SLAC   228     357.82     129.82       0.00       2.03                                                  | 
['pdf']
JAM FITTER                                                                                                                | 1        pdf       db1 N   5.45945e-02
count = 700                                                                                                               | 2        pdf       db1 a   6.39044e-01
elapsed time(mins)=6.703947                                                                                               | 3        pdf       db1 b   5.13922e+00
shifts  = 23                                                                                                              | 4        pdf       dv1 a  -2.18333e-01
npts    = 1495                                                                                                            | 5        pdf       dv1 b   9.97299e+00
chi2    = 3011.361166                                                                                                     | 6        pdf        g1 a  -7.36614e-01
rchi2   = 54.325518                                                                                                       | 7        pdf        g1 b   2.59834e+00
nchi2   = 3.264557                                                                                                        | 8        pdf        s1 N   2.01118e-03
chi2tot = 3068.951241                                                                                                     | 9        pdf        s1 a  -2.00739e-02
dchi2(iter)  = 21.926896                                                                                                  | 10        pdf        s1 b   3.01330e-01
dchi2(local) = -21.926896                                                                                                 | 11        pdf      sea1 N   1.20653e-02
pdf dv(1):1.000000                                                                                                        | 12        pdf      sea1 a  -1.19163e+00
pdf db-ub(2):0.049663                                                                                                     | 13        pdf      sea1 b   9.98638e+00
pdf msr:1.000000                                                                                                          | 14        pdf       ub1 N   4.93153e-03
pdf db-ub(1):-0.036233                                                                                                    | 15        pdf       ub1 a  -8.13190e-01
pdf uv(1):2.000000                                                                                                        | 16        pdf       ub1 b   1.00000e+01
pdf s-sb(1):0.000000                                                                                                      | 17        pdf       uv1 a  -1.53037e-01
pdf s-sb(2):0.000000                                                                                                      | 18        pdf       uv1 b   3.10734e+00
                                                                                                                          | 19       norm       idis      10016  9.86823e-01
reaction: unpol DIS                                                                                                       | 20       norm       idis      10017  1.01323e+00
filters: Q2>1.690000                                                                                                      | 21       norm       idis      10010  1.02279e+00
filters: W2>10.000000                                                                                                     | 22       norm       idis      10011  1.02131e+00
    idx tar        col  npts       chi2  chi2-npts      rchi2      nchi2                                                  | 23       norm       idis      10020  1.00716e+00
  10016   p      BCDMS   348     723.90     375.90      23.70       0.19                                                  | 
  10017   d      BCDMS   254     523.22     269.22      14.38       0.19                                                  | 
  10020   p        NMC   273     647.16     374.16      12.74       0.13                                                  | 
  10021 d/p        NMC   174     352.86     178.86       3.50       0.00                                                  | 
  10010   p       SLAC   218     406.60     188.60       0.00       1.18                                                  | 
  10011   d       SLAC   228     357.62     129.62       0.00       1.57                                                  | 
['pdf']
JAM FITTER                                                                                                                | 1        pdf       db1 N   5.07069e-02
count = 800                                                                                                               | 2        pdf       db1 a   8.49567e-01
elapsed time(mins)=7.659715                                                                                               | 3        pdf       db1 b   5.36761e+00
shifts  = 2                                                                                                               | 4        pdf       dv1 a  -1.42625e-01
npts    = 1495                                                                                                            | 5        pdf       dv1 b   9.99995e+00
chi2    = 3009.284156                                                                                                     | 6        pdf        g1 a  -7.33400e-01
rchi2   = 54.576591                                                                                                       | 7        pdf        g1 b   2.60066e+00
nchi2   = 2.990406                                                                                                        | 8        pdf        s1 N   2.33943e-03
chi2tot = 3066.851152                                                                                                     | 9        pdf        s1 a   7.02420e-01
dchi2(iter)  = 21.926896                                                                                                  | 10        pdf        s1 b   7.49857e-01
dchi2(local) = -2.100089                                                                                                  | 11        pdf      sea1 N   1.27450e-02
pdf dv(1):1.000000                                                                                                        | 12        pdf      sea1 a  -1.17807e+00
pdf db-ub(2):0.046709                                                                                                     | 13        pdf      sea1 b   9.99991e+00
pdf msr:1.000000                                                                                                          | 14        pdf       ub1 N   3.99800e-03
pdf db-ub(1):0.009000                                                                                                     | 15        pdf       ub1 a  -7.92831e-01
pdf uv(1):2.000000                                                                                                        | 16        pdf       ub1 b   1.00000e+01
pdf s-sb(1):0.000000                                                                                                      | 17        pdf       uv1 a  -1.53212e-01
pdf s-sb(2):0.000000                                                                                                      | 18        pdf       uv1 b   3.11016e+00
                                                                                                                          | 19       norm       idis      10016  9.85901e-01
reaction: unpol DIS                                                                                                       | 20       norm       idis      10017  1.01224e+00
filters: Q2>1.690000                                                                                                      | 21       norm       idis      10010  1.02185e+00
filters: W2>10.000000                                                                                                     | 22       norm       idis      10011  1.02027e+00
    idx tar        col  npts       chi2  chi2-npts      rchi2      nchi2                                                  | 23       norm       idis      10020  1.00630e+00
  10016   p      BCDMS   348     723.23     375.23      24.11       0.22                                                  | 
  10017   d      BCDMS   254     520.46     266.46      14.19       0.17                                                  | 
  10020   p        NMC   273     647.15     374.15      12.83       0.10                                                  | 
  10021 d/p        NMC   174     352.44     178.44       3.44       0.00                                                  | 
  10010   p       SLAC   218     406.54     188.54       0.00       1.08                                                  | 
  10011   d       SLAC   228     359.46     131.46       0.00       1.42                                                  | 
['pdf']
JAM FITTER                                                                                                                | 1        pdf       db1 N   4.84718e-02
count = 900                                                                                                               | 2        pdf       db1 a   9.87060e-01
elapsed time(mins)=8.620955                                                                                               | 3        pdf       db1 b   5.54382e+00
shifts  = 2                                                                                                               | 4        pdf       dv1 a  -1.06403e-01
npts    = 1495                                                                                                            | 5        pdf       dv1 b   9.99999e+00
chi2    = 3007.920601                                                                                                     | 6        pdf        g1 a  -7.30101e-01
rchi2   = 54.966144                                                                                                       | 7        pdf        g1 b   2.60943e+00
nchi2   = 2.804074                                                                                                        | 8        pdf        s1 N   3.62123e-03
chi2tot = 3065.690819                                                                                                     | 9        pdf        s1 a   9.50227e-01
dchi2(iter)  = 21.926896                                                                                                  | 10        pdf        s1 b   1.36876e+00
dchi2(local) = -3.260422                                                                                                  | 11        pdf      sea1 N   1.30857e-02
pdf dv(1):1.000000                                                                                                        | 12        pdf      sea1 a  -1.17011e+00
pdf db-ub(2):0.045011                                                                                                     | 13        pdf      sea1 b   1.00000e+01
pdf msr:1.000000                                                                                                          | 14        pdf       ub1 N   3.46077e-03
pdf db-ub(1):0.019360                                                                                                     | 15        pdf       ub1 a  -7.94534e-01
pdf uv(1):2.000000                                                                                                        | 16        pdf       ub1 b   1.00000e+01
pdf s-sb(1):0.000000                                                                                                      | 17        pdf       uv1 a  -1.53725e-01
pdf s-sb(2):0.000000                                                                                                      | 18        pdf       uv1 b   3.11605e+00
                                                                                                                          | 19       norm       idis      10016  9.85113e-01
reaction: unpol DIS                                                                                                       | 20       norm       idis      10017  1.01139e+00
filters: Q2>1.690000                                                                                                      | 21       norm       idis      10010  1.02115e+00
filters: W2>10.000000                                                                                                     | 22       norm       idis      10011  1.01953e+00
    idx tar        col  npts       chi2  chi2-npts      rchi2      nchi2                                                  | 23       norm       idis      10020  1.00562e+00
  10016   p      BCDMS   348     722.37     374.37      24.28       0.25                                                  | 
  10017   d      BCDMS   254     519.01     265.01      14.39       0.14                                                  | 
  10020   p        NMC   273     647.45     374.45      12.87       0.08                                                  | 
  10021 d/p        NMC   174     353.10     179.10       3.44       0.00                                                  | 
  10010   p       SLAC   218     406.51     188.51       0.00       1.01                                                  | 
  10011   d       SLAC   228     359.47     131.47       0.00       1.32                                                  | 
['pdf']
JAM FITTER                                                                                                                | 1        pdf       db1 N   4.82239e-02
count = 1000                                                                                                              | 2        pdf       db1 a   1.00000e+00
elapsed time(mins)=9.573874                                                                                               | 3        pdf       db1 b   5.56445e+00
shifts  = 2                                                                                                               | 4        pdf       dv1 a  -1.03289e-01
npts    = 1495                                                                                                            | 5        pdf       dv1 b   1.00000e+01
chi2    = 3007.789352                                                                                                     | 6        pdf        g1 a  -7.29112e-01
rchi2   = 55.014599                                                                                                       | 7        pdf        g1 b   2.61506e+00
nchi2   = 2.786086                                                                                                        | 8        pdf        s1 N   4.06742e-03
chi2tot = 3065.590037                                                                                                     | 9        pdf        s1 a   8.18629e-01
dchi2(iter)  = 21.926896                                                                                                  | 10        pdf        s1 b   1.41566e+00
dchi2(local) = -3.361203                                                                                                  | 11        pdf      sea1 N   1.31150e-02
pdf dv(1):1.000000                                                                                                        | 12        pdf      sea1 a  -1.16943e+00
pdf db-ub(2):0.044819                                                                                                     | 13        pdf      sea1 b   1.00000e+01
pdf msr:1.000000                                                                                                          | 14        pdf       ub1 N   3.40471e-03
pdf db-ub(1):0.020464                                                                                                     | 15        pdf       ub1 a  -7.94939e-01
pdf uv(1):2.000000                                                                                                        | 16        pdf       ub1 b   1.00000e+01
pdf s-sb(1):0.000000                                                                                                      | 17        pdf       uv1 a  -1.54073e-01
pdf s-sb(2):0.000000                                                                                                      | 18        pdf       uv1 b   3.11677e+00
                                                                                                                          | 19       norm       idis      10016  9.84981e-01
reaction: unpol DIS                                                                                                       | 20       norm       idis      10017  1.01124e+00
filters: Q2>1.690000                                                                                                      | 21       norm       idis      10010  1.02108e+00
filters: W2>10.000000                                                                                                     | 22       norm       idis      10011  1.01946e+00
    idx tar        col  npts       chi2  chi2-npts      rchi2      nchi2                                                  | 23       norm       idis      10020  1.00553e+00
  10016   p      BCDMS   348     722.32     374.32      24.30       0.25                                                  | 
  10017   d      BCDMS   254     518.97     264.97      14.40       0.14                                                  | 
  10020   p        NMC   273     647.49     374.49      12.88       0.08                                                  | 
  10021 d/p        NMC   174     353.08     179.08       3.43       0.00                                                  | 
  10010   p       SLAC   218     406.47     188.47       0.00       1.01                                                  | 
  10011   d       SLAC   228     359.46     131.46       0.00       1.31                                                  | 
['pdf']
JAM FITTER                                                                                                                | 1        pdf       db1 N   4.82229e-02
count = 1086                                                                                                              | 2        pdf       db1 a   1.00000e+00
elapsed time(mins)=10.407715                                                                                              | 3        pdf       db1 b   5.56429e+00
shifts  = 1                                                                                                               | 4        pdf       dv1 a  -1.03265e-01
npts    = 1495                                                                                                            | 5        pdf       dv1 b   1.00000e+01
chi2    = 3007.780996                                                                                                     | 6        pdf        g1 a  -7.29171e-01
rchi2   = 55.022875                                                                                                       | 7        pdf        g1 b   2.61487e+00
nchi2   = 2.786128                                                                                                        | 8        pdf        s1 N   4.06947e-03
chi2tot = 3065.589998                                                                                                     | 9        pdf        s1 a   8.10873e-01
dchi2(iter)  = 21.926896                                                                                                  | 10        pdf        s1 b   1.41107e+00
dchi2(local) = -3.361243                                                                                                  | 11        pdf      sea1 N   1.31150e-02
pdf dv(1):1.000000                                                                                                        | 12        pdf      sea1 a  -1.16946e+00
pdf db-ub(2):0.044818                                                                                                     | 13        pdf      sea1 b   1.00000e+01
pdf msr:1.000000                                                                                                          | 14        pdf       ub1 N   3.40500e-03
pdf db-ub(1):0.020658                                                                                                     | 15        pdf       ub1 a  -7.94693e-01
pdf uv(1):2.000000                                                                                                        | 16        pdf       ub1 b   1.00000e+01
pdf s-sb(1):0.000000                                                                                                      | 17        pdf       uv1 a  -1.54094e-01
pdf s-sb(2):0.000000                                                                                                      | 18        pdf       uv1 b   3.11669e+00
                                                                                                                          | 19       norm       idis      10016  9.84978e-01
reaction: unpol DIS                                                                                                       | 20       norm       idis      10017  1.01124e+00
filters: Q2>1.690000                                                                                                      | 21       norm       idis      10010  1.02108e+00
filters: W2>10.000000                                                                                                     | 22       norm       idis      10011  1.01947e+00
    idx tar        col  npts       chi2  chi2-npts      rchi2      nchi2                                                  | 23       norm       idis      10020  1.00552e+00
  10016   p      BCDMS   348     722.34     374.34      24.31       0.25                                                  | 
  10017   d      BCDMS   254     518.97     264.97      14.41       0.14                                                  | 
  10020   p        NMC   273     647.49     374.49      12.88       0.08                                                  | 
  10021 d/p        NMC   174     353.08     179.08       3.43       0.00                                                  | 
  10010   p       SLAC   218     406.46     188.46       0.00       1.01                                                  | 
  10011   d       SLAC   228     359.44     131.44       0.00       1.31                                                  | 
