('active', 'pdf')

--step 1: npQCD objects = pdf , datasets = idis , tmc = False , ht = False
loading idis data sets 10016
loading idis data sets 10017
loading idis data sets 10020
loading idis data sets 10021
loading idis data sets 10010
loading idis data sets 10011
Loading DIS tables...
10016 has norm uncertainty
10017 has norm uncertainty
10020 has norm uncertainty
10010 has norm uncertainty
10011 has norm uncertainty
[H[J[H[J['pdf']
JAM FITTER                                                                                                                | 1        pdf       db1 N   2.00577e-02
count = 100                                                                                                               | 2        pdf       db1 a   9.53734e-01
elapsed time(mins)=0.414915                                                                                               | 3        pdf       db1 b   2.14676e-01
shifts  = 3                                                                                                               | 4        pdf       dv1 a  -2.20176e-01
npts    = 1495                                                                                                            | 5        pdf       dv1 b   7.30857e+00
chi2    = 70490.173620                                                                                                    | 6        pdf        g1 a   8.62545e-01
rchi2   = 14702.766040                                                                                                    | 7        pdf        g1 b   3.12557e-02
nchi2   = 269.144583                                                                                                      | 8        pdf        s1 N   2.73539e-02
chi2tot = 85462.084242                                                                                                    | 9        pdf        s1 a  -4.73321e-01
dchi2(iter)  = inf                                                                                                        | 10        pdf        s1 b   9.69777e+00
dchi2(local) = -inf                                                                                                       | 11        pdf      sea1 N   4.83456e-02
pdf dv(1):1.000000                                                                                                        | 12        pdf      sea1 a  -1.79082e+00
pdf db-ub(2):-0.107857                                                                                                    | 13        pdf      sea1 b   9.51369e+00
pdf msr:1.000000                                                                                                          | 14        pdf       ub1 N   1.27915e-01
pdf db-ub(1):-1.200106                                                                                                    | 15        pdf       ub1 a  -3.35588e-01
pdf uv(1):2.000000                                                                                                        | 16        pdf       ub1 b   4.73809e+00
pdf s-sb(1):-0.000000                                                                                                     | 17        pdf       uv1 a  -3.30287e-01
pdf s-sb(2):-0.000000                                                                                                     | 18        pdf       uv1 b   1.72677e+00
                                                                                                                          | 19       norm       idis      10016  1.12818e+00
reaction: unpol DIS                                                                                                       | 20       norm       idis      10017  9.65404e-01
filters: Q2>1.690000                                                                                                      | 21       norm       idis      10010  1.19325e+00
filters: W2>10.000000                                                                                                     | 22       norm       idis      10011  1.15431e+00
    idx tar        col  npts       chi2  chi2-npts      rchi2      nchi2                                                  | 23       norm       idis      10020  1.18164e+00
  10016   p      BCDMS   348    4044.80    3696.80    5161.65      18.25                                                  | 
  10017   d      BCDMS   254    3321.05    3067.05    4028.63       1.33                                                  | 
  10020   p        NMC   273    7600.98    7327.98    1893.33      82.48                                                  | 
  10021 d/p        NMC   174    5987.91    5813.91    3619.16       0.00                                                  | 
  10010   p       SLAC   218   31927.52   31709.52       0.00      84.69                                                  | 
  10011   d       SLAC   228   17607.91   17379.91       0.00      82.39                                                  | 
['pdf']
JAM FITTER                                                                                                                | 1        pdf       db1 N   9.53065e-03
count = 200                                                                                                               | 2        pdf       db1 a   4.47933e-01
elapsed time(mins)=0.830552                                                                                               | 3        pdf       db1 b   1.72824e+00
shifts  = 2                                                                                                               | 4        pdf       dv1 a   1.36381e-01
npts    = 1495                                                                                                            | 5        pdf       dv1 b   6.01539e+00
chi2    = 3913.426597                                                                                                     | 6        pdf        g1 a  -1.86680e-01
rchi2   = 394.699130                                                                                                      | 7        pdf        g1 b   2.35004e+00
nchi2   = 127.113654                                                                                                      | 8        pdf        s1 N   1.13120e-01
chi2tot = 4435.239381                                                                                                     | 9        pdf        s1 a  -9.25817e-01
dchi2(iter)  = inf                                                                                                        | 10        pdf        s1 b   8.71009e+00
dchi2(local) = -81026.844861                                                                                              | 11        pdf      sea1 N   5.83608e-03
pdf dv(1):1.000000                                                                                                        | 12        pdf      sea1 a  -1.80168e+00
pdf db-ub(2):-0.012716                                                                                                    | 13        pdf      sea1 b   7.20670e+00
pdf msr:1.000000                                                                                                          | 14        pdf       ub1 N   2.22468e-02
pdf db-ub(1):-0.087299                                                                                                    | 15        pdf       ub1 a  -5.17309e-02
pdf uv(1):2.000000                                                                                                        | 16        pdf       ub1 b   2.94455e+00
pdf s-sb(1):0.000000                                                                                                      | 17        pdf       uv1 a  -2.16387e-01
pdf s-sb(2):0.000000                                                                                                      | 18        pdf       uv1 b   2.88345e+00
                                                                                                                          | 19       norm       idis      10016  1.07016e+00
reaction: unpol DIS                                                                                                       | 20       norm       idis      10017  1.07762e+00
filters: Q2>1.690000                                                                                                      | 21       norm       idis      10010  1.14486e+00
filters: W2>10.000000                                                                                                     | 22       norm       idis      10[H[J[H[J011  1.11936e+00
    idx tar        col  npts       chi2  chi2-npts      rchi2      nchi2                                                  | 23       norm       idis      10020  1.08502e+00
  10016   p      BCDMS   348     932.62     584.62     105.61       5.47                                                  | 
  10017   d      BCDMS   254     727.24     473.24      68.64       6.69                                                  | 
  10020   p        NMC   273     831.90     558.90      58.72      18.07                                                  | 
  10021 d/p        NMC   174     572.58     398.58     161.74       0.00                                                  | 
  10010   p       SLAC   218     411.90     193.90       0.00      47.58                                                  | 
  10011   d       SLAC   228     437.18     209.18       0.00      49.29                                                  | 
['pdf']
JAM FITTER                                                                                                                | 1        pdf       db1 N   2.62668e-02
count = 300                                                                                                               | 2        pdf       db1 a   3.56459e-02
elapsed time(mins)=1.248632                                                                                               | 3        pdf       db1 b   3.57212e+00
shifts  = 2                                                                                                               | 4        pdf       dv1 a  -1.77572e-01
npts    = 1495                                                                                                            | 5        pdf       dv1 b   5.37440e+00
chi2    = 3092.534906                                                                                                     | 6        pdf        g1 a  -5.24028e-01
rchi2   = 90.232277                                                                                                       | 7        pdf        g1 b   4.18919e+00
nchi2   = 10.237704                                                                                                       | 8        pdf        s1 N   9.62359e-02
chi2tot = 3193.004886                                                                                                     | 9        pdf        s1 a  -9.59633e-01
dchi2(iter)  = inf                                                                                                        | 10        pdf        s1 b   9.48681e+00
dchi2(local) = -82269.079356                                                                                              | 11        pdf      sea1 N   1.61301e-03
pdf dv(1):1.000000                                                                                                        | 12        pdf      sea1 a  -1.56385e+00
pdf db-ub(2):0.026253                                                                                                     | 13        pdf      sea1 b   7.57332e+00
pdf msr:1.000000                                                                                                          | 14        pdf       ub1 N   1.37403e-05
pdf db-ub(1):0.142173                                                                                                     | 15        pdf       ub1 a   4.63167e-01
pdf uv(1):2.000000                                                                                                        | 16        pdf       ub1 b   3.41801e+00
pdf s-sb(1):0.000000                                                                                                      | 17        pdf       uv1 a  -1.36405e-01
pdf s-sb(2):0.000000                                                                                                      | 18        pdf       uv1 b   3.11202e+00
                                                                                                                          | 19       norm       idis      10016  9.90972e-01
reaction: unpol DIS                                                                                                       | 20       norm       idis      10017  1.01823e+00
filters: Q2>1.690000                                                                                                      | 21       norm       idis      10010  1.04316e+00
filters: W2>10.000000                                                                                                     | 22       norm       idis      10011  1.03729e+00
    idx tar        col  npts       chi2  chi2-npts      rchi2      nchi2                                                  | 23       norm       idis      10020  1.01722e+00
  10016   p      BCDMS   348     730.51     382.51      28.74       0.09                                                  | 
  10017   d      BCDMS   254     565.26     311.26      15.38       0.37                                                  | 
  10020   p        NMC   273     674.80     401.80      43.81       0.74                                                  | 
  10021 d/p        NMC   174     346.40     172.40       2.30       0.00                                                  | 
  10010   p       SLAC   218     409.98     191.98       0.00       4.22                                                  | 
  10011   d       SLAC   228     365.58     137.58       0.00       4.81                                                  | 
['pdf']
JAM FITTER                                                                                                                | 1        pdf       db1 N   2.65797e-02
count = 400                                                                                                               | 2        pdf       db1 a  -7.34991e-02
elapsed time(mins)=1.663680                                                                                               | 3        pdf       db1 b   3.52827e+00
shifts  = 3                                                                                                               | 4        pdf       dv1 a  -2.15922e-01
npts    = 1495                                                                                                            | 5        pdf       dv1 b   5.08566e+00
chi2    = 3033.894738                                                                                                     | 6        pdf        g1 a  -4.91886e-01
rchi2   = 71.621928                                                                                                       | 7        pdf        g1 b   3.87494e+00
nchi2   = 3.783505                                                                                                        | 8        pdf        s1 N   8.60819e-02
chi2tot = 3109.300171                                                                                                     | 9        pdf        s1 a  -9.85452e-01
dchi2(iter)  = 82352.784071                                                                                               | 10        pdf        s1 b   9.84415e+00
dchi2(local) = -82352.784071                                                                                              | 11        pdf      sea1 N   2.79619e-03
pdf dv(1):1.000000                                                                                                        | 12        pdf      sea1 a  -1.50629e+00
pdf db-ub(2):0.026460                                                                                                     | 13        pdf      sea1 b   7.80271e+00
pdf msr:1.000000                                                                                                          | 14        pdf       ub1 N   1.19294e-04
pdf db-ub(1):0.156015                                                                                                     | 15        pdf       ub1 a   4.99103e-01
pdf uv(1):2.000000                                                                                                        | 16        pdf       ub1 b   3.45250e+00
pdf s-sb(1):0.000000                                           [H[J[H[J                                                           | 17        pdf       uv1 a  -1.51059e-01
pdf s-sb(2):0.000000                                                                                                      | 18        pdf       uv1 b   3.09462e+00
                                                                                                                          | 19       norm       idis      10016  9.79409e-01
reaction: unpol DIS                                                                                                       | 20       norm       idis      10017  1.00798e+00
filters: Q2>1.690000                                                                                                      | 21       norm       idis      10010  1.02640e+00
filters: W2>10.000000                                                                                                     | 22       norm       idis      10011  1.02115e+00
    idx tar        col  npts       chi2  chi2-npts      rchi2      nchi2                                                  | 23       norm       idis      10020  1.00675e+00
  10016   p      BCDMS   348     733.95     385.95      29.43       0.47                                                  | 
  10017   d      BCDMS   254     559.38     305.38      17.48       0.07                                                  | 
  10020   p        NMC   273     634.61     361.61      22.50       0.11                                                  | 
  10021 d/p        NMC   174     356.46     182.46       2.21       0.00                                                  | 
  10010   p       SLAC   218     403.38     185.38       0.00       1.58                                                  | 
  10011   d       SLAC   228     346.12     118.12       0.00       1.55                                                  | 
['pdf']
JAM FITTER                                                                                                                | 1        pdf       db1 N   3.43556e-02
count = 500                                                                                                               | 2        pdf       db1 a  -1.75946e-01
elapsed time(mins)=2.085726                                                                                               | 3        pdf       db1 b   3.50607e+00
shifts  = 3                                                                                                               | 4        pdf       dv1 a  -2.94505e-01
npts    = 1495                                                                                                            | 5        pdf       dv1 b   5.17085e+00
chi2    = 2993.403347                                                                                                     | 6        pdf        g1 a  -5.34123e-01
rchi2   = 63.721733                                                                                                       | 7        pdf        g1 b   3.50226e+00
nchi2   = 3.256146                                                                                                        | 8        pdf        s1 N   6.92480e-02
chi2tot = 3060.381226                                                                                                     | 9        pdf        s1 a  -9.56721e-01
dchi2(iter)  = 48.918946                                                                                                  | 10        pdf        s1 b   9.77966e+00
dchi2(local) = -48.918946                                                                                                 | 11        pdf      sea1 N   3.53225e-03
pdf dv(1):1.000000                                                                                                        | 12        pdf      sea1 a  -1.53642e+00
pdf db-ub(2):0.012492                                                                                                     | 13        pdf      sea1 b   9.09823e+00
pdf msr:1.000000                                                                                                          | 14        pdf       ub1 N   2.18639e-02
pdf db-ub(1):0.137688                                                                                                     | 15        pdf       ub1 a   9.49272e-01
pdf uv(1):2.000000                                                                                                        | 16        pdf       ub1 b   4.58704e+00
pdf s-sb(1):0.000000                                                                                                      | 17        pdf       uv1 a  -2.99347e-01
pdf s-sb(2):0.000000                                                                                                      | 18        pdf       uv1 b   2.91774e+00
                                                                                                                          | 19       norm       idis      10016  9.82455e-01
reaction: unpol DIS                                                                                                       | 20       norm       idis      10017  1.00933e+00
filters: Q2>1.690000                                                                                                      | 21       norm       idis      10010  1.02472e+00
filters: W2>10.000000                                                                                                     | 22       norm       idis      10011  1.01835e+00
    idx tar        col  npts       chi2  chi2-npts      rchi2      nchi2                                                  | 23       norm       idis      10020  1.01032e+00
  10016   p      BCDMS   348     713.64     365.64      24.38       0.34                                                  | 
  10017   d      BCDMS   254     550.02     296.02      16.12       0.10                                                  | 
  10020   p        NMC   273     631.88     358.88      20.76       0.27                                                  | 
  10021 d/p        NMC   174     342.16     168.16       2.47       0.00                                                  | 
  10010   p       SLAC   218     411.25     193.25       0.00       1.39                                                  | 
  10011   d       SLAC   228     344.46     116.46       0.00       1.16                                                  | 
['pdf']
JAM FITTER                                                                                                                | 1        pdf       db1 N   3.38627e-02
count = 600                                                                                                               | 2        pdf       db1 a  -3.16607e-01
elapsed time(mins)=2.504384                                                                                               | 3        pdf       db1 b   3.43852e+00
shifts  = 2                                                                                                               | 4        pdf       dv1 a  -3.74903e-01
npts    = 1495                                                                                                            | 5        pdf       dv1 b   4.67849e+00
chi2    = 2967.844109                                                                                                     | 6        pdf        g1 a  -6.88107e-01
rchi2   = 58.136918                                                                                                       | 7        pdf        g1 b   2.64276e+00
nchi2   = 1.539993                                                                                                        | 8        pdf        s1 N   5.57226e-02
chi2tot = 3027.521021                                                                                                     | 9        pdf        s1 a  -7.74441e-01
dchi2(iter)  = 48.918946                                                                                                  | 10        pdf        s1 b   9.97962e+00
dchi2(local) = -32.860205                                                                                  [H[J[H[J               | 11        pdf      sea1 N   5.50406e-03
pdf dv(1):1.000000                                                                                                        | 12        pdf      sea1 a  -1.51157e+00
pdf db-ub(2):-0.000570                                                                                                    | 13        pdf      sea1 b   8.82925e+00
pdf msr:1.000000                                                                                                          | 14        pdf       ub1 N   3.44329e-02
pdf db-ub(1):0.120761                                                                                                     | 15        pdf       ub1 a   9.98821e-01
pdf uv(1):2.000000                                                                                                        | 16        pdf       ub1 b   4.72373e+00
pdf s-sb(1):0.000000                                                                                                      | 17        pdf       uv1 a  -4.11423e-01
pdf s-sb(2):0.000000                                                                                                      | 18        pdf       uv1 b   2.75055e+00
                                                                                                                          | 19       norm       idis      10016  9.66175e-01
reaction: unpol DIS                                                                                                       | 20       norm       idis      10017  9.92655e-01
filters: Q2>1.690000                                                                                                      | 21       norm       idis      10010  1.00139e+00
filters: W2>10.000000                                                                                                     | 22       norm       idis      10011  9.94690e-01
    idx tar        col  npts       chi2  chi2-npts      rchi2      nchi2                                                  | 23       norm       idis      10020  9.93462e-01
  10016   p      BCDMS   348     712.37     364.37      23.67       1.27                                                  | 
  10017   d      BCDMS   254     541.08     287.08      16.08       0.06                                                  | 
  10020   p        NMC   273     629.52     356.52      14.71       0.11                                                  | 
  10021 d/p        NMC   174     342.07     168.07       3.67       0.00                                                  | 
  10010   p       SLAC   218     408.81     190.81       0.00       0.00                                                  | 
  10011   d       SLAC   228     333.99     105.99       0.00       0.10                                                  | 
['pdf']
JAM FITTER                                                                                                                | 1        pdf       db1 N   3.22301e-02
count = 700                                                                                                               | 2        pdf       db1 a  -3.62652e-01
elapsed time(mins)=2.924018                                                                                               | 3        pdf       db1 b   3.68692e+00
shifts  = 2                                                                                                               | 4        pdf       dv1 a  -4.22853e-01
npts    = 1495                                                                                                            | 5        pdf       dv1 b   4.15447e+00
chi2    = 2964.854348                                                                                                     | 6        pdf        g1 a  -7.16514e-01
rchi2   = 58.732351                                                                                                       | 7        pdf        g1 b   2.52811e+00
nchi2   = 1.190163                                                                                                        | 8        pdf        s1 N   4.41650e-02
chi2tot = 3024.776862                                                                                                     | 9        pdf        s1 a  -5.05303e-01
dchi2(iter)  = 48.918946                                                                                                  | 10        pdf        s1 b   9.97745e+00
dchi2(local) = -35.604364                                                                                                 | 11        pdf      sea1 N   8.02040e-03
pdf dv(1):1.000000                                                                                                        | 12        pdf      sea1 a  -1.38303e+00
pdf db-ub(2):-0.007790                                                                                                    | 13        pdf      sea1 b   8.76286e+00
pdf msr:1.000000                                                                                                          | 14        pdf       ub1 N   4.00202e-02
pdf db-ub(1):0.114065                                                                                                     | 15        pdf       ub1 a   9.97836e-01
pdf uv(1):2.000000                                                                                                        | 16        pdf       ub1 b   4.74878e+00
pdf s-sb(1):0.000000                                                                                                      | 17        pdf       uv1 a  -4.54728e-01
pdf s-sb(2):-0.000000                                                                                                     | 18        pdf       uv1 b   2.66309e+00
                                                                                                                          | 19       norm       idis      10016  9.69339e-01
reaction: unpol DIS                                                                                                       | 20       norm       idis      10017  9.96225e-01
filters: Q2>1.690000                                                                                                      | 21       norm       idis      10010  1.00369e+00
filters: W2>10.000000                                                                                                     | 22       norm       idis      10011  9.96767e-01
    idx tar        col  npts       chi2  chi2-npts      rchi2      nchi2                                                  | 23       norm       idis      10020  9.94991e-01
  10016   p      BCDMS   348     714.89     366.89      24.53       1.04                                                  | 
  10017   d      BCDMS   254     539.73     285.73      16.32       0.02                                                  | 
  10020   p        NMC   273     627.31     354.31      13.96       0.06                                                  | 
  10021 d/p        NMC   174     341.98     167.98       3.92       0.00                                                  | 
  10010   p       SLAC   218     409.52     191.52       0.00       0.03                                                  | 
  10011   d       SLAC   228     331.42     103.42       0.00       0.04                                                  | 
['pdf']
JAM FITTER                                                                                                                | 1        pdf       db1 N   3.40653e-02
count = 800                                                                                                               | 2        pdf       db1 a  -3.08790e-01
elapsed time(mins)=3.350054                                                                                               | 3        pdf       db1 b   3.89409e+00
shifts  = 3                                                                                                               | 4        pdf       dv1 a  -4.65585e-01
npts    = 1495                                                                                                            | 5        pdf       dv1[H[J b   4.00559e+00
chi2    = 2964.610916                                                                                                     | 6        pdf        g1 a  -7.12868e-01
rchi2   = 58.566722                                                                                                       | 7        pdf        g1 b   2.52738e+00
nchi2   = 1.144834                                                                                                        | 8        pdf        s1 N   4.33830e-02
chi2tot = 3024.322472                                                                                                     | 9        pdf        s1 a  -4.47834e-01
dchi2(iter)  = 36.058753                                                                                                  | 10        pdf        s1 b   9.99847e+00
dchi2(local) = -36.058753                                                                                                 | 11        pdf      sea1 N   8.35642e-03
pdf dv(1):1.000000                                                                                                        | 12        pdf      sea1 a  -1.36996e+00
pdf db-ub(2):-0.006976                                                                                                    | 13        pdf      sea1 b   8.61217e+00
pdf msr:1.000000                                                                                                          | 14        pdf       ub1 N   4.10418e-02
pdf db-ub(1):0.116354                                                                                                     | 15        pdf       ub1 a   9.99858e-01
pdf uv(1):2.000000                                                                                                        | 16        pdf       ub1 b   4.74338e+00
pdf s-sb(1):0.000000                                                                                                      | 17        pdf       uv1 a  -4.62605e-01
pdf s-sb(2):-0.000000                                                                                                     | 18        pdf       uv1 b   2.64943e+00
                                                                                                                          | 19       norm       idis      10016  9.69853e-01
reaction: unpol DIS                                                                                                       | 20       norm       idis      10017  9.96732e-01
filters: Q2>1.690000                                                                                                      | 21       norm       idis      10010  1.00408e+00
filters: W2>10.000000                                                                                                     | 22       norm       idis      10011  9.97129e-01
    idx tar        col  npts       chi2  chi2-npts      rchi2      nchi2                                                  | 23       norm       idis      10020  9.95231e-01
  10016   p      BCDMS   348     715.55     367.55      24.37       1.01                                                  | 
  10017   d      BCDMS   254     539.67     285.67      15.91       0.01                                                  | 
  10020   p        NMC   273     626.52     353.52      14.43       0.06                                                  | 
  10021 d/p        NMC   174     341.47     167.47       3.85       0.00                                                  | 
  10010   p       SLAC   218     409.23     191.23       0.00       0.04                                                  | 
  10011   d       SLAC   228     332.16     104.16       0.00       0.03                                                  | 
['pdf']
JAM FITTER                                                                                                                | 1        pdf       db1 N   3.55774e-02
count = 900                                                                                                               | 2        pdf       db1 a  -2.84678e-01
elapsed time(mins)=3.775787                                                                                               | 3        pdf       db1 b   3.91495e+00
shifts  = 2                                                                                                               | 4        pdf       dv1 a  -4.85296e-01
npts    = 1495                                                                                                            | 5        pdf       dv1 b   4.00646e+00
chi2    = 2964.796461                                                                                                     | 6        pdf        g1 a  -7.12503e-01
rchi2   = 58.303542                                                                                                       | 7        pdf        g1 b   2.52881e+00
nchi2   = 1.133057                                                                                                        | 8        pdf        s1 N   4.29658e-02
chi2tot = 3024.233059                                                                                                     | 9        pdf        s1 a  -4.43246e-01
dchi2(iter)  = 36.058753                                                                                                  | 10        pdf        s1 b   9.99988e+00
dchi2(local) = -0.089413                                                                                                  | 11        pdf      sea1 N   8.53918e-03
pdf dv(1):1.000000                                                                                                        | 12        pdf      sea1 a  -1.37181e+00
pdf db-ub(2):-0.005973                                                                                                    | 13        pdf      sea1 b   8.21791e+00
pdf msr:1.000000                                                                                                          | 14        pdf       ub1 N   4.15503e-02
pdf db-ub(1):0.119195                                                                                                     | 15        pdf       ub1 a   9.99988e-01
pdf uv(1):2.000000                                                                                                        | 16        pdf       ub1 b   4.74159e+00
pdf s-sb(1):0.000000                                                                                                      | 17        pdf       uv1 a  -4.66740e-01
pdf s-sb(2):0.000000                                                                                                      | 18        pdf       uv1 b   2.64148e+00
                                                                                                                          | 19       norm       idis      10016  9.69947e-01
reaction: unpol DIS                                                                                                       | 20       norm       idis      10017  9.96880e-01
filters: Q2>1.690000                                                                                                      | 21       norm       idis      10010  1.00418e+00
filters: W2>10.000000                                                                                                     | 22       norm       idis      10011  9.97253e-01
    idx tar        col  npts       chi2  chi2-npts      rchi2      nchi2                                                  | 23       norm       idis      10020  9.95394e-01
  10016   p      BCDMS   348     715.90     367.90      24.40       1.00                                                  | 
  10017   d      BCDMS   254     539.53     285.53      15.72       0.01                                                  | 
  10020   p        NMC   273     626.54     353.54      14.40       0.05                                                  | 
  10021 d/p        NMC   174     341.27     167.27       3.77       0.00                                                  | 
  10010   p       SLAC   218     409.12     191.12       0.00       0.04                                            [H[J[H[J      | 
  10011   d       SLAC   228     332.44     104.44       0.00       0.03                                                  | 
['pdf']
JAM FITTER                                                                                                                | 1        pdf       db1 N   3.73104e-02
count = 1000                                                                                                              | 2        pdf       db1 a  -2.62647e-01
elapsed time(mins)=4.201870                                                                                               | 3        pdf       db1 b   3.84941e+00
shifts  = 2                                                                                                               | 4        pdf       dv1 a  -4.95824e-01
npts    = 1495                                                                                                            | 5        pdf       dv1 b   4.11863e+00
chi2    = 2964.741966                                                                                                     | 6        pdf        g1 a  -7.12929e-01
rchi2   = 58.328846                                                                                                       | 7        pdf        g1 b   2.52698e+00
nchi2   = 1.131557                                                                                                        | 8        pdf        s1 N   4.27453e-02
chi2tot = 3024.202368                                                                                                     | 9        pdf        s1 a  -4.44068e-01
dchi2(iter)  = 36.058753                                                                                                  | 10        pdf        s1 b   1.00000e+01
dchi2(local) = -0.120104                                                                                                  | 11        pdf      sea1 N   8.62608e-03
pdf dv(1):1.000000                                                                                                        | 12        pdf      sea1 a  -1.37349e+00
pdf db-ub(2):-0.004484                                                                                                    | 13        pdf      sea1 b   8.00473e+00
pdf msr:1.000000                                                                                                          | 14        pdf       ub1 N   4.17943e-02
pdf db-ub(1):0.120950                                                                                                     | 15        pdf       ub1 a   9.99966e-01
pdf uv(1):2.000000                                                                                                        | 16        pdf       ub1 b   4.73988e+00
pdf s-sb(1):0.000000                                                                                                      | 17        pdf       uv1 a  -4.68647e-01
pdf s-sb(2):0.000000                                                                                                      | 18        pdf       uv1 b   2.63845e+00
                                                                                                                          | 19       norm       idis      10016  9.69958e-01
reaction: unpol DIS                                                                                                       | 20       norm       idis      10017  9.96892e-01
filters: Q2>1.690000                                                                                                      | 21       norm       idis      10010  1.00416e+00
filters: W2>10.000000                                                                                                     | 22       norm       idis      10011  9.97251e-01
    idx tar        col  npts       chi2  chi2-npts      rchi2      nchi2                                                  | 23       norm       idis      10020  9.95412e-01
  10016   p      BCDMS   348     715.92     367.92      24.43       1.00                                                  | 
  10017   d      BCDMS   254     539.50     285.50      15.78       0.01                                                  | 
  10020   p        NMC   273     626.56     353.56      14.39       0.05                                                  | 
  10021 d/p        NMC   174     341.35     167.35       3.74       0.00                                                  | 
  10010   p       SLAC   218     409.14     191.14       0.00       0.04                                                  | 
  10011   d       SLAC   228     332.27     104.27       0.00       0.03                                                  | 
['pdf']
JAM FITTER                                                                                                                | 1        pdf       db1 N   3.77457e-02
count = 1100                                                                                                              | 2        pdf       db1 a  -2.56475e-01
elapsed time(mins)=4.624110                                                                                               | 3        pdf       db1 b   3.84750e+00
shifts  = 3                                                                                                               | 4        pdf       dv1 a  -4.99813e-01
npts    = 1495                                                                                                            | 5        pdf       dv1 b   4.13729e+00
chi2    = 2964.874992                                                                                                     | 6        pdf        g1 a  -7.13178e-01
rchi2   = 58.182897                                                                                                       | 7        pdf        g1 b   2.52567e+00
nchi2   = 1.130958                                                                                                        | 8        pdf        s1 N   4.26281e-02
chi2tot = 3024.188848                                                                                                     | 9        pdf        s1 a  -4.44559e-01
dchi2(iter)  = 0.133624                                                                                                   | 10        pdf        s1 b   1.00000e+01
dchi2(local) = -0.133624                                                                                                  | 11        pdf      sea1 N   8.67253e-03
pdf dv(1):1.000000                                                                                                        | 12        pdf      sea1 a  -1.37436e+00
pdf db-ub(2):-0.004162                                                                                                    | 13        pdf      sea1 b   7.89459e+00
pdf msr:1.000000                                                                                                          | 14        pdf       ub1 N   4.19076e-02
pdf db-ub(1):0.121669                                                                                                     | 15        pdf       ub1 a   9.99999e-01
pdf uv(1):2.000000                                                                                                        | 16        pdf       ub1 b   4.73910e+00
pdf s-sb(1):0.000000                                                                                                      | 17        pdf       uv1 a  -4.69575e-01
pdf s-sb(2):0.000000                                                                                                      | 18        pdf       uv1 b   2.63690e+00
                                                                                                                          | 19       norm       idis      10016  9.69962e-01
reaction: unpol DIS                                                                                                       | 20       norm       idis      10017  9.96899e-01
filters: Q2>1.690000                                                                                                      | 21       norm       idis      10010  1.00415e+00
filters: W2>10.000000 [H[J[H[J                                                                                                    | 22       norm       idis      10011  9.97247e-01
    idx tar        col  npts       chi2  chi2-npts      rchi2      nchi2                                                  | 23       norm       idis      10020  9.95423e-01
  10016   p      BCDMS   348     715.92     367.92      24.39       1.00                                                  | 
  10017   d      BCDMS   254     539.45     285.45      15.69       0.01                                                  | 
  10020   p        NMC   273     626.55     353.55      14.38       0.05                                                  | 
  10021 d/p        NMC   174     341.27     167.27       3.72       0.00                                                  | 
  10010   p       SLAC   218     409.19     191.19       0.00       0.04                                                  | 
  10011   d       SLAC   228     332.50     104.50       0.00       0.03                                                  | 
['pdf']
JAM FITTER                                                                                                                | 1        pdf       db1 N   3.78433e-02
count = 1200                                                                                                              | 2        pdf       db1 a  -2.54898e-01
elapsed time(mins)=5.047049                                                                                               | 3        pdf       db1 b   3.84482e+00
shifts  = 2                                                                                                               | 4        pdf       dv1 a  -4.99999e-01
npts    = 1495                                                                                                            | 5        pdf       dv1 b   4.14589e+00
chi2    = 2964.867148                                                                                                     | 6        pdf        g1 a  -7.12652e-01
rchi2   = 58.186994                                                                                                       | 7        pdf        g1 b   2.52816e+00
nchi2   = 1.134010                                                                                                        | 8        pdf        s1 N   4.27910e-02
chi2tot = 3024.188152                                                                                                     | 9        pdf        s1 a  -4.42894e-01
dchi2(iter)  = 0.133624                                                                                                   | 10        pdf        s1 b   1.00000e+01
dchi2(local) = -0.000696                                                                                                  | 11        pdf      sea1 N   8.63267e-03
pdf dv(1):1.000000                                                                                                        | 12        pdf      sea1 a  -1.37385e+00
pdf db-ub(2):-0.004051                                                                                                    | 13        pdf      sea1 b   7.97830e+00
pdf msr:1.000000                                                                                                          | 14        pdf       ub1 N   4.18940e-02
pdf db-ub(1):0.121782                                                                                                     | 15        pdf       ub1 a   1.00000e+00
pdf uv(1):2.000000                                                                                                        | 16        pdf       ub1 b   4.73981e+00
pdf s-sb(1):0.000000                                                                                                      | 17        pdf       uv1 a  -4.69422e-01
pdf s-sb(2):0.000000                                                                                                      | 18        pdf       uv1 b   2.63711e+00
                                                                                                                          | 19       norm       idis      10016  9.69927e-01
reaction: unpol DIS                                                                                                       | 20       norm       idis      10017  9.96863e-01
filters: Q2>1.690000                                                                                                      | 21       norm       idis      10010  1.00414e+00
filters: W2>10.000000                                                                                                     | 22       norm       idis      10011  9.97233e-01
    idx tar        col  npts       chi2  chi2-npts      rchi2      nchi2                                                  | 23       norm       idis      10020  9.95398e-01
  10016   p      BCDMS   348     715.93     367.93      24.39       1.00                                                  | 
  10017   d      BCDMS   254     539.44     285.44      15.69       0.01                                                  | 
  10020   p        NMC   273     626.56     353.56      14.39       0.05                                                  | 
  10021 d/p        NMC   174     341.27     167.27       3.72       0.00                                                  | 
  10010   p       SLAC   218     409.18     191.18       0.00       0.04                                                  | 
  10011   d       SLAC   228     332.48     104.48       0.00       0.03                                                  | 
['pdf']
JAM FITTER                                                                                                                | 1        pdf       db1 N   3.77479e-02
count = 1228                                                                                                              | 2        pdf       db1 a  -2.56314e-01
elapsed time(mins)=5.171412                                                                                               | 3        pdf       db1 b   3.84984e+00
shifts  = 2                                                                                                               | 4        pdf       dv1 a  -5.00000e-01
npts    = 1495                                                                                                            | 5        pdf       dv1 b   4.13462e+00
chi2    = 2964.870277                                                                                                     | 6        pdf        g1 a  -7.12739e-01
rchi2   = 58.184400                                                                                                       | 7        pdf        g1 b   2.52738e+00
nchi2   = 1.133455                                                                                                        | 8        pdf        s1 N   4.27569e-02
chi2tot = 3024.188132                                                                                                     | 9        pdf        s1 a  -4.41707e-01
dchi2(iter)  = 0.133624                                                                                                   | 10        pdf        s1 b   1.00000e+01
dchi2(local) = -0.000716                                                                                                  | 11        pdf      sea1 N   8.64249e-03
pdf dv(1):1.000000                                                                                                        | 12        pdf      sea1 a  -1.37351e+00
pdf db-ub(2):-0.004165                                                                                                    | 13        pdf      sea1 b   7.97467e+00
pdf msr:1.000000                                                                                                          | 14        pdf       ub1 N   4.19133e-02
pdf db-ub(1):0.121717                                                                                                     | 15        pdf       ub1 a   1.00000e+00
pdf uv(1):2.000000                                                                                                        | 16        pdf       ub1 b   4.73972e+00
pdf s-sb(1):0.000000                                                                                                      | 17        pdf       uv1 a  -4.69588e-01
pdf s-sb(2):0.000000                                                                                                      | 18        pdf       uv1 b   2.63679e+00
                                                                                                                          | 19       norm       idis      10016  9.69935e-01
reaction: unpol DIS                                                                                                       | 20       norm       idis      10017  9.96872e-01
filters: Q2>1.690000                                                                                                      | 21       norm       idis      10010  1.00414e+00
filters: W2>10.000000                                                                                                     | 22       norm       idis      10011  9.97235e-01
    idx tar        col  npts       chi2  chi2-npts      rchi2      nchi2                                                  | 23       norm       idis      10020  9.95397e-01
  10016   p      BCDMS   348     715.94     367.94      24.39       1.00                                                  | 
  10017   d      BCDMS   254     539.44     285.44      15.69       0.01                                                  | 
  10020   p        NMC   273     626.55     353.55      14.39       0.05                                                  | 
  10021 d/p        NMC   174     341.27     167.27       3.72       0.00                                                  | 
  10010   p       SLAC   218     409.18     191.18       0.00       0.04                                                  | 
  10011   d       SLAC   228     332.48     104.48       0.00       0.03                                                  | 
