('active', 'pdf')

--step 1: npQCD objects = pdf , datasets = idis , tmc = False , ht = False
loading idis data sets 10016
loading idis data sets 10017
loading idis data sets 10020
loading idis data sets 10021
loading idis data sets 10010
loading idis data sets 10011
Loading DIS tables...
10016 has norm uncertainty
10017 has norm uncertainty
10020 has norm uncertainty
10010 has norm uncertainty
10011 has norm uncertainty
[H[J[H[J['pdf']
JAM FITTER                                                                                                                | 1        pdf       db1 N   5.55193e-02
count = 100                                                                                                               | 2        pdf       db1 a   2.80142e-01
elapsed time(mins)=0.434584                                                                                               | 3        pdf       db1 b   4.90681e+00
shifts  = 2                                                                                                               | 4        pdf       dv1 a  -4.24499e-01
npts    = 1495                                                                                                            | 5        pdf       dv1 b   8.35333e+00
chi2    = 56969.281544                                                                                                    | 6        pdf        g1 a   3.60967e-01
rchi2   = 7952.831361                                                                                                     | 7        pdf        g1 b   1.66551e+00
nchi2   = 279.280609                                                                                                      | 8        pdf        s1 N   3.11721e-02
chi2tot = 65201.393514                                                                                                    | 9        pdf        s1 a   2.61437e-01
dchi2(iter)  = 0.000000                                                                                                   | 10        pdf        s1 b   4.79847e+00
dchi2(local) = -inf                                                                                                       | 11        pdf      sea1 N   7.61436e-02
pdf dv(1):1.000000                                                                                                        | 12        pdf      sea1 a  -1.78598e+00
pdf db-ub(2):-0.135127                                                                                                    | 13        pdf      sea1 b   7.74857e+00
pdf msr:1.000000                                                                                                          | 14        pdf       ub1 N   1.90647e-01
pdf db-ub(1):-0.965308                                                                                                    | 15        pdf       ub1 a  -5.37797e-01
pdf uv(1):2.000000                                                                                                        | 16        pdf       ub1 b   1.63376e+00
pdf s-sb(1):0.000000                                                                                                      | 17        pdf       uv1 a  -2.88739e-01
pdf s-sb(2):0.000000                                                                                                      | 18        pdf       uv1 b   9.59966e+00
                                                                                                                          | 19       norm       idis      10016  1.05428e+00
reaction: unpol DIS                                                                                                       | 20       norm       idis      10017  1.09233e+00
filters: Q2>1.690000                                                                                                      | 21       norm       idis      10010  1.16113e+00
filters: W2>10.000000                                                                                                     | 22       norm       idis      10011  1.17932e+00
    idx tar        col  npts       chi2  chi2-npts      rchi2      nchi2                                                  | 23       norm       idis      10020  1.19636e+00
  10016   p      BCDMS   348   11329.27   10981.27    1496.23       3.27                                                  | 
  10017   d      BCDMS   254    5284.47    5030.47     229.37       9.47                                                  | 
  10020   p        NMC   273   18813.90   18540.90    5042.33      96.40                                                  | 
  10021 d/p        NMC   174    2895.45    2721.45    1184.90       0.00                                                  | 
  10010   p       SLAC   218   11496.35   11278.35       0.00      58.87                                                  | 
  10011   d       SLAC   228    7149.85    6921.85       0.00     111.27                                                  | 
['pdf']
JAM FITTER                                                                                                                | 1        pdf       db1 N   7.72884e-02
count = 200                                                                                                               | 2        pdf       db1 a  -3.25900e-01
elapsed time(mins)=0.866659                                                                                               | 3        pdf       db1 b   3.76017e+00
shifts  = 3                                                                                                               | 4        pdf       dv1 a  -4.39378e-01
npts    = 1495                                                                                                            | 5        pdf       dv1 b   9.89715e+00
chi2    = 3960.789168                                                                                                     | 6        pdf        g1 a  -8.68391e-01
rchi2   = 174.213058                                                                                                      | 7        pdf        g1 b   3.19791e+00
nchi2   = 254.783172                                                                                                      | 8        pdf        s1 N   3.07500e-02
chi2tot = 4389.785398                                                                                                     | 9        pdf        s1 a   7.70512e-01
dchi2(iter)  = inf                                                                                                        | 10        pdf        s1 b   7.60904e+00
dchi2(local) = -inf                                                                                                       | 11        pdf      sea1 N   1.90707e-02
pdf dv(1):1.000000                                                                                                        | 12        pdf      sea1 a  -1.84611e+00
pdf db-ub(2):-0.066450                                                                                                    | 13        pdf      sea1 b   3.76617e-01
pdf msr:1.000000                                                                                                          | 14        pdf       ub1 N   1.43738e-01
pdf db-ub(1):0.059229                                                                                                     | 15        pdf       ub1 a   5.58651e-01
pdf uv(1):2.000000                                                                                                        | 16        pdf       ub1 b   3.55538e+00
pdf s-sb(1):0.000000                                                                                                      | 17        pdf       uv1 a  -4.36451e-01
pdf s-sb(2):-0.000000                                                                                                     | 18        pdf       uv1 b   8.30061e+00
                                                                                                                          | 19       norm       idis      10016  1.11828e+00
reaction: unpol DIS                                                                                                       | 20       norm       idis      10017  1.14702e+00
filters: Q2>1.690000                                                                                                      | 21       norm       idis      10010  1.17945e+00
filters: W2>10.000000                                                                                                     | 22       norm       idis      10[H[J[H[J011  1.18500e+00
    idx tar        col  npts       chi2  chi2-npts      rchi2      nchi2                                                  | 23       norm       idis      10020  1.09750e+00
  10016   p      BCDMS   348    1109.94     761.94      61.27      15.55                                                  | 
  10017   d      BCDMS   254     596.96     342.96      63.93      24.02                                                  | 
  10020   p        NMC   273     994.31     721.31      45.79      23.77                                                  | 
  10021 d/p        NMC   174     388.08     214.08       3.22       0.00                                                  | 
  10010   p       SLAC   218     433.38     215.38       0.00      73.02                                                  | 
  10011   d       SLAC   228     438.11     210.11       0.00     118.43                                                  | 
['pdf']
JAM FITTER                                                                                                                | 1        pdf       db1 N   7.09780e-02
count = 300                                                                                                               | 2        pdf       db1 a  -2.74092e-01
elapsed time(mins)=1.302017                                                                                               | 3        pdf       db1 b   4.22849e+00
shifts  = 2                                                                                                               | 4        pdf       dv1 a  -4.85736e-01
npts    = 1495                                                                                                            | 5        pdf       dv1 b   9.95522e+00
chi2    = 2932.353236                                                                                                     | 6        pdf        g1 a  -7.45315e-01
rchi2   = 60.807132                                                                                                       | 7        pdf        g1 b   4.42385e+00
nchi2   = 45.013993                                                                                                       | 8        pdf        s1 N   2.07082e-02
chi2tot = 3038.174361                                                                                                     | 9        pdf        s1 a   9.05078e-01
dchi2(iter)  = inf                                                                                                        | 10        pdf        s1 b   6.12415e+00
dchi2(local) = -1351.611037                                                                                               | 11        pdf      sea1 N   1.27011e-02
pdf dv(1):1.000000                                                                                                        | 12        pdf      sea1 a  -1.72320e+00
pdf db-ub(2):-0.060452                                                                                                    | 13        pdf      sea1 b   1.17679e-01
pdf msr:1.000000                                                                                                          | 14        pdf       ub1 N   1.31430e-01
pdf db-ub(1):0.051294                                                                                                     | 15        pdf       ub1 a   6.04259e-01
pdf uv(1):2.000000                                                                                                        | 16        pdf       ub1 b   3.87619e+00
pdf s-sb(1):0.000000                                                                                                      | 17        pdf       uv1 a  -4.95189e-01
pdf s-sb(2):0.000000                                                                                                      | 18        pdf       uv1 b   8.00971e+00
                                                                                                                          | 19       norm       idis      10016  1.02586e+00
reaction: unpol DIS                                                                                                       | 20       norm       idis      10017  1.04687e+00
filters: Q2>1.690000                                                                                                      | 21       norm       idis      10010  1.07759e+00
filters: W2>10.000000                                                                                                     | 22       norm       idis      10011  1.07771e+00
    idx tar        col  npts       chi2  chi2-npts      rchi2      nchi2                                                  | 23       norm       idis      10020  1.05398e+00
  10016   p      BCDMS   348     738.21     390.21      22.70       0.74                                                  | 
  10017   d      BCDMS   254     438.49     184.49      17.53       2.44                                                  | 
  10020   p        NMC   273     571.92     298.92      16.52       7.28                                                  | 
  10021 d/p        NMC   174     383.24     209.24       4.06       0.00                                                  | 
  10010   p       SLAC   218     440.55     222.55       0.00      13.65                                                  | 
  10011   d       SLAC   228     359.94     131.94       0.00      20.89                                                  | 
['pdf']
JAM FITTER                                                                                                                | 1        pdf       db1 N   5.49385e-02
count = 400                                                                                                               | 2        pdf       db1 a  -3.17227e-01
elapsed time(mins)=1.738290                                                                                               | 3        pdf       db1 b   4.38721e+00
shifts  = 3                                                                                                               | 4        pdf       dv1 a  -4.97190e-01
npts    = 1495                                                                                                            | 5        pdf       dv1 b   9.99627e+00
chi2    = 2880.517730                                                                                                     | 6        pdf        g1 a  -6.50232e-01
rchi2   = 62.110511                                                                                                       | 7        pdf        g1 b   4.51349e+00
nchi2   = 3.020264                                                                                                        | 8        pdf        s1 N   7.20425e-02
chi2tot = 2945.648505                                                                                                     | 9        pdf        s1 a   9.40481e-01
dchi2(iter)  = 1444.136893                                                                                                | 10        pdf        s1 b   5.93529e+00
dchi2(local) = -1444.136893                                                                                               | 11        pdf      sea1 N   1.22376e-02
pdf dv(1):1.000000                                                                                                        | 12        pdf      sea1 a  -1.67142e+00
pdf db-ub(2):-0.051353                                                                                                    | 13        pdf      sea1 b   2.94945e-01
pdf msr:1.000000                                                                                                          | 14        pdf       ub1 N   1.06291e-01
pdf db-ub(1):0.086594                                                                                                     | 15        pdf       ub1 a   7.25492e-01
pdf uv(1):2.000000                                                                                                        | 16        pdf       ub1 b   3.79747e+00
pdf s-sb(1):0.000000                                           [H[J[H[J                                                           | 17        pdf       uv1 a  -4.99993e-01
pdf s-sb(2):0.000000                                                                                                      | 18        pdf       uv1 b   7.19346e+00
                                                                                                                          | 19       norm       idis      10016  9.70832e-01
reaction: unpol DIS                                                                                                       | 20       norm       idis      10017  9.91992e-01
filters: Q2>1.690000                                                                                                      | 21       norm       idis      10010  1.01858e+00
filters: W2>10.000000                                                                                                     | 22       norm       idis      10011  1.01779e+00
    idx tar        col  npts       chi2  chi2-npts      rchi2      nchi2                                                  | 23       norm       idis      10020  1.00709e+00
  10016   p      BCDMS   348     717.53     369.53      28.50       0.95                                                  | 
  10017   d      BCDMS   254     426.04     172.04      17.10       0.07                                                  | 
  10020   p        NMC   273     559.70     286.70      13.09       0.13                                                  | 
  10021 d/p        NMC   174     372.76     198.76       3.42       0.00                                                  | 
  10010   p       SLAC   218     437.90     219.90       0.00       0.78                                                  | 
  10011   d       SLAC   228     366.59     138.59       0.00       1.10                                                  | 
['pdf']
JAM FITTER                                                                                                                | 1        pdf       db1 N   5.10985e-02
count = 500                                                                                                               | 2        pdf       db1 a  -2.08436e-01
elapsed time(mins)=2.173341                                                                                               | 3        pdf       db1 b   4.69028e+00
shifts  = 2                                                                                                               | 4        pdf       dv1 a  -4.99672e-01
npts    = 1495                                                                                                            | 5        pdf       dv1 b   9.99944e+00
chi2    = 2860.151518                                                                                                     | 6        pdf        g1 a  -6.78734e-01
rchi2   = 60.127111                                                                                                       | 7        pdf        g1 b   3.64146e+00
nchi2   = 2.125023                                                                                                        | 8        pdf        s1 N   6.41169e-02
chi2tot = 2922.403652                                                                                                     | 9        pdf        s1 a   9.99951e-01
dchi2(iter)  = 1444.136893                                                                                                | 10        pdf        s1 b   5.89148e+00
dchi2(local) = -23.244853                                                                                                 | 11        pdf      sea1 N   1.43038e-02
pdf dv(1):1.000000                                                                                                        | 12        pdf      sea1 a  -1.55734e+00
pdf db-ub(2):-0.039369                                                                                                    | 13        pdf      sea1 b   6.73341e-01
pdf msr:1.000000                                                                                                          | 14        pdf       ub1 N   9.04671e-02
pdf db-ub(1):0.098064                                                                                                     | 15        pdf       ub1 a   8.91306e-01
pdf uv(1):2.000000                                                                                                        | 16        pdf       ub1 b   3.80622e+00
pdf s-sb(1):0.000000                                                                                                      | 17        pdf       uv1 a  -4.99998e-01
pdf s-sb(2):0.000000                                                                                                      | 18        pdf       uv1 b   5.81926e+00
                                                                                                                          | 19       norm       idis      10016  9.61518e-01
reaction: unpol DIS                                                                                                       | 20       norm       idis      10017  9.82460e-01
filters: Q2>1.690000                                                                                                      | 21       norm       idis      10010  1.00201e+00
filters: W2>10.000000                                                                                                     | 22       norm       idis      10011  1.00054e+00
    idx tar        col  npts       chi2  chi2-npts      rchi2      nchi2                                                  | 23       norm       idis      10020  9.92856e-01
  10016   p      BCDMS   348     705.68     357.68      27.76       1.65                                                  | 
  10017   d      BCDMS   254     427.13     173.13      16.46       0.34                                                  | 
  10020   p        NMC   273     555.47     282.47      13.08       0.13                                                  | 
  10021 d/p        NMC   174     370.51     196.51       2.83       0.00                                                  | 
  10010   p       SLAC   218     436.61     218.61       0.00       0.01                                                  | 
  10011   d       SLAC   228     364.74     136.74       0.00       0.00                                                  | 
['pdf']
JAM FITTER                                                                                                                | 1        pdf       db1 N   5.07719e-02
count = 600                                                                                                               | 2        pdf       db1 a  -1.61896e-01
elapsed time(mins)=2.610227                                                                                               | 3        pdf       db1 b   4.72218e+00
shifts  = 3                                                                                                               | 4        pdf       dv1 a  -4.99896e-01
npts    = 1495                                                                                                            | 5        pdf       dv1 b   9.99955e+00
chi2    = 2862.192267                                                                                                     | 6        pdf        g1 a  -6.79609e-01
rchi2   = 52.135843                                                                                                       | 7        pdf        g1 b   3.44969e+00
nchi2   = 2.322236                                                                                                        | 8        pdf        s1 N   5.65632e-02
chi2tot = 2916.650346                                                                                                     | 9        pdf        s1 a   9.99980e-01
dchi2(iter)  = 28.998159                                                                                                  | 10        pdf        s1 b   5.97993e+00
dchi2(local) = -28.998159                                                                                  [H[J[H[J               | 11        pdf      sea1 N   1.53183e-02
pdf dv(1):1.000000                                                                                                        | 12        pdf      sea1 a  -1.52149e+00
pdf db-ub(2):-0.034185                                                                                                    | 13        pdf      sea1 b   7.95656e-01
pdf msr:1.000000                                                                                                          | 14        pdf       ub1 N   8.49572e-02
pdf db-ub(1):0.102363                                                                                                     | 15        pdf       ub1 a   9.42097e-01
pdf uv(1):2.000000                                                                                                        | 16        pdf       ub1 b   3.80278e+00
pdf s-sb(1):-0.000000                                                                                                     | 17        pdf       uv1 a  -5.00000e-01
pdf s-sb(2):-0.000000                                                                                                     | 18        pdf       uv1 b   5.35860e+00
                                                                                                                          | 19       norm       idis      10016  9.60871e-01
reaction: unpol DIS                                                                                                       | 20       norm       idis      10017  9.81900e-01
filters: Q2>1.690000                                                                                                      | 21       norm       idis      10010  9.98784e-01
filters: W2>10.000000                                                                                                     | 22       norm       idis      10011  9.97274e-01
    idx tar        col  npts       chi2  chi2-npts      rchi2      nchi2                                                  | 23       norm       idis      10020  9.90451e-01
  10016   p      BCDMS   348     705.34     357.34      22.83       1.70                                                  | 
  10017   d      BCDMS   254     430.60     176.60      14.74       0.36                                                  | 
  10020   p        NMC   273     555.20     282.20      11.96       0.23                                                  | 
  10021 d/p        NMC   174     371.85     197.85       2.60       0.00                                                  | 
  10010   p       SLAC   218     435.41     217.41       0.00       0.00                                                  | 
  10011   d       SLAC   228     363.80     135.80       0.00       0.03                                                  | 
['pdf']
JAM FITTER                                                                                                                | 1        pdf       db1 N   5.04981e-02
count = 700                                                                                                               | 2        pdf       db1 a  -8.71963e-02
elapsed time(mins)=3.049760                                                                                               | 3        pdf       db1 b   4.90207e+00
shifts  = 2                                                                                                               | 4        pdf       dv1 a  -4.99998e-01
npts    = 1495                                                                                                            | 5        pdf       dv1 b   9.99983e+00
chi2    = 2862.169388                                                                                                     | 6        pdf        g1 a  -6.85264e-01
rchi2   = 51.097449                                                                                                       | 7        pdf        g1 b   3.29753e+00
nchi2   = 2.273170                                                                                                        | 8        pdf        s1 N   4.85503e-02
chi2tot = 2915.540007                                                                                                     | 9        pdf        s1 a   1.00000e+00
dchi2(iter)  = 28.998159                                                                                                  | 10        pdf        s1 b   5.75788e+00
dchi2(local) = -1.110339                                                                                                  | 11        pdf      sea1 N   1.66243e-02
pdf dv(1):1.000000                                                                                                        | 12        pdf      sea1 a  -1.48336e+00
pdf db-ub(2):-0.028310                                                                                                    | 13        pdf      sea1 b   9.24872e-01
pdf msr:1.000000                                                                                                          | 14        pdf       ub1 N   7.88082e-02
pdf db-ub(1):0.105587                                                                                                     | 15        pdf       ub1 a   9.49084e-01
pdf uv(1):2.000000                                                                                                        | 16        pdf       ub1 b   3.76381e+00
pdf s-sb(1):0.000000                                                                                                      | 17        pdf       uv1 a  -5.00000e-01
pdf s-sb(2):0.000000                                                                                                      | 18        pdf       uv1 b   4.85387e+00
                                                                                                                          | 19       norm       idis      10016  9.61815e-01
reaction: unpol DIS                                                                                                       | 20       norm       idis      10017  9.82981e-01
filters: Q2>1.690000                                                                                                      | 21       norm       idis      10010  9.97745e-01
filters: W2>10.000000                                                                                                     | 22       norm       idis      10011  9.96168e-01
    idx tar        col  npts       chi2  chi2-npts      rchi2      nchi2                                                  | 23       norm       idis      10020  9.89629e-01
  10016   p      BCDMS   348     703.65     355.65      22.24       1.62                                                  | 
  10017   d      BCDMS   254     432.63     178.63      14.71       0.32                                                  | 
  10020   p        NMC   273     555.37     282.37      11.63       0.27                                                  | 
  10021 d/p        NMC   174     372.66     198.66       2.51       0.00                                                  | 
  10010   p       SLAC   218     435.16     217.16       0.00       0.01                                                  | 
  10011   d       SLAC   228     362.70     134.70       0.00       0.05                                                  | 
['pdf']
JAM FITTER                                                                                                                | 1        pdf       db1 N   5.06904e-02
count = 800                                                                                                               | 2        pdf       db1 a  -8.46660e-02
elapsed time(mins)=3.460779                                                                                               | 3        pdf       db1 b   4.87677e+00
shifts  = 2                                                                                                               | 4        pdf       dv1 a  -5.00000e-01
npts    = 1495                                                                                                            | 5        pdf       dv1[H[J b   9.99993e+00
chi2    = 2863.069494                                                                                                     | 6        pdf        g1 a  -6.85881e-01
rchi2   = 50.172587                                                                                                       | 7        pdf        g1 b   3.27611e+00
nchi2   = 2.226254                                                                                                        | 8        pdf        s1 N   4.68641e-02
chi2tot = 2915.468336                                                                                                     | 9        pdf        s1 a   1.00000e+00
dchi2(iter)  = 28.998159                                                                                                  | 10        pdf        s1 b   5.83930e+00
dchi2(local) = -1.182010                                                                                                  | 11        pdf      sea1 N   1.67298e-02
pdf dv(1):1.000000                                                                                                        | 12        pdf      sea1 a  -1.48051e+00
pdf db-ub(2):-0.027856                                                                                                    | 13        pdf      sea1 b   9.34904e-01
pdf msr:1.000000                                                                                                          | 14        pdf       ub1 N   7.85467e-02
pdf db-ub(1):0.106071                                                                                                     | 15        pdf       ub1 a   9.55463e-01
pdf uv(1):2.000000                                                                                                        | 16        pdf       ub1 b   3.76808e+00
pdf s-sb(1):0.000000                                                                                                      | 17        pdf       uv1 a  -5.00000e-01
pdf s-sb(2):0.000000                                                                                                      | 18        pdf       uv1 b   4.82066e+00
                                                                                                                          | 19       norm       idis      10016  9.62145e-01
reaction: unpol DIS                                                                                                       | 20       norm       idis      10017  9.83346e-01
filters: Q2>1.690000                                                                                                      | 21       norm       idis      10010  9.97721e-01
filters: W2>10.000000                                                                                                     | 22       norm       idis      10011  9.96150e-01
    idx tar        col  npts       chi2  chi2-npts      rchi2      nchi2                                                  | 23       norm       idis      10020  9.89748e-01
  10016   p      BCDMS   348     703.37     355.37      21.70       1.59                                                  | 
  10017   d      BCDMS   254     433.03     179.03      14.49       0.31                                                  | 
  10020   p        NMC   273     555.44     282.44      11.50       0.26                                                  | 
  10021 d/p        NMC   174     372.90     198.90       2.48       0.00                                                  | 
  10010   p       SLAC   218     435.36     217.36       0.00       0.01                                                  | 
  10011   d       SLAC   228     362.97     134.97       0.00       0.05                                                  | 
['pdf']
JAM FITTER                                                                                                                | 1        pdf       db1 N   5.06735e-02
count = 900                                                                                                               | 2        pdf       db1 a  -8.38294e-02
elapsed time(mins)=3.872389                                                                                               | 3        pdf       db1 b   4.88200e+00
shifts  = 3                                                                                                               | 4        pdf       dv1 a  -5.00000e-01
npts    = 1495                                                                                                            | 5        pdf       dv1 b   9.99996e+00
chi2    = 2863.074626                                                                                                     | 6        pdf        g1 a  -6.85391e-01
rchi2   = 50.167725                                                                                                       | 7        pdf        g1 b   3.27958e+00
nchi2   = 2.225341                                                                                                        | 8        pdf        s1 N   4.69266e-02
chi2tot = 2915.467692                                                                                                     | 9        pdf        s1 a   1.00000e+00
dchi2(iter)  = 1.182654                                                                                                   | 10        pdf        s1 b   5.82659e+00
dchi2(local) = -1.182654                                                                                                  | 11        pdf      sea1 N   1.67351e-02
pdf dv(1):1.000000                                                                                                        | 12        pdf      sea1 a  -1.48036e+00
pdf db-ub(2):-0.027822                                                                                                    | 13        pdf      sea1 b   9.35575e-01
pdf msr:1.000000                                                                                                          | 14        pdf       ub1 N   7.84958e-02
pdf db-ub(1):0.106062                                                                                                     | 15        pdf       ub1 a   9.54441e-01
pdf uv(1):2.000000                                                                                                        | 16        pdf       ub1 b   3.76686e+00
pdf s-sb(1):0.000000                                                                                                      | 17        pdf       uv1 a  -5.00000e-01
pdf s-sb(2):0.000000                                                                                                      | 18        pdf       uv1 b   4.81780e+00
                                                                                                                          | 19       norm       idis      10016  9.62145e-01
reaction: unpol DIS                                                                                                       | 20       norm       idis      10017  9.83346e-01
filters: Q2>1.690000                                                                                                      | 21       norm       idis      10010  9.97737e-01
filters: W2>10.000000                                                                                                     | 22       norm       idis      10011  9.96168e-01
    idx tar        col  npts       chi2  chi2-npts      rchi2      nchi2                                                  | 23       norm       idis      10020  9.89753e-01
  10016   p      BCDMS   348     703.37     355.37      21.70       1.59                                                  | 
  10017   d      BCDMS   254     433.03     179.03      14.49       0.31                                                  | 
  10020   p        NMC   273     555.44     282.44      11.50       0.26                                                  | 
  10021 d/p        NMC   174     372.89     198.89       2.48       0.00                                                  | 
  10010   p       SLAC   218     435.37     217.37       0.00       0.01                                            [H[J[H[J      | 
  10011   d       SLAC   228     362.98     134.98       0.00       0.05                                                  | 
['pdf']
JAM FITTER                                                                                                                | 1        pdf       db1 N   5.06835e-02
count = 1000                                                                                                              | 2        pdf       db1 a  -8.41577e-02
elapsed time(mins)=4.281118                                                                                               | 3        pdf       db1 b   4.87971e+00
shifts  = 2                                                                                                               | 4        pdf       dv1 a  -5.00000e-01
npts    = 1495                                                                                                            | 5        pdf       dv1 b   9.99999e+00
chi2    = 2863.080186                                                                                                     | 6        pdf        g1 a  -6.85470e-01
rchi2   = 50.163117                                                                                                       | 7        pdf        g1 b   3.27885e+00
nchi2   = 2.224280                                                                                                        | 8        pdf        s1 N   4.68923e-02
chi2tot = 2915.467583                                                                                                     | 9        pdf        s1 a   1.00000e+00
dchi2(iter)  = 1.182654                                                                                                   | 10        pdf        s1 b   5.83225e+00
dchi2(local) = -0.000108                                                                                                  | 11        pdf      sea1 N   1.67327e-02
pdf dv(1):1.000000                                                                                                        | 12        pdf      sea1 a  -1.48043e+00
pdf db-ub(2):-0.027836                                                                                                    | 13        pdf      sea1 b   9.35370e-01
pdf msr:1.000000                                                                                                          | 14        pdf       ub1 N   7.85192e-02
pdf db-ub(1):0.106064                                                                                                     | 15        pdf       ub1 a   9.54825e-01
pdf uv(1):2.000000                                                                                                        | 16        pdf       ub1 b   3.76732e+00
pdf s-sb(1):0.000000                                                                                                      | 17        pdf       uv1 a  -5.00000e-01
pdf s-sb(2):0.000000                                                                                                      | 18        pdf       uv1 b   4.81890e+00
                                                                                                                          | 19       norm       idis      10016  9.62151e-01
reaction: unpol DIS                                                                                                       | 20       norm       idis      10017  9.83353e-01
filters: Q2>1.690000                                                                                                      | 21       norm       idis      10010  9.97737e-01
filters: W2>10.000000                                                                                                     | 22       norm       idis      10011  9.96168e-01
    idx tar        col  npts       chi2  chi2-npts      rchi2      nchi2                                                  | 23       norm       idis      10020  9.89758e-01
  10016   p      BCDMS   348     703.37     355.37      21.70       1.59                                                  | 
  10017   d      BCDMS   254     433.03     179.03      14.49       0.31                                                  | 
  10020   p        NMC   273     555.44     282.44      11.50       0.26                                                  | 
  10021 d/p        NMC   174     372.89     198.89       2.48       0.00                                                  | 
  10010   p       SLAC   218     435.37     217.37       0.00       0.01                                                  | 
  10011   d       SLAC   228     362.98     134.98       0.00       0.05                                                  | 
['pdf']
JAM FITTER                                                                                                                | 1        pdf       db1 N   5.06785e-02
count = 1060                                                                                                              | 2        pdf       db1 a  -8.40112e-02
elapsed time(mins)=4.539656                                                                                               | 3        pdf       db1 b   4.88083e+00
shifts  = 2                                                                                                               | 4        pdf       dv1 a  -5.00000e-01
npts    = 1495                                                                                                            | 5        pdf       dv1 b   9.99999e+00
chi2    = 2863.076931                                                                                                     | 6        pdf        g1 a  -6.85438e-01
rchi2   = 50.165704                                                                                                       | 7        pdf        g1 b   3.27922e+00
nchi2   = 2.224901                                                                                                        | 8        pdf        s1 N   4.69119e-02
chi2tot = 2915.467537                                                                                                     | 9        pdf        s1 a   1.00000e+00
dchi2(iter)  = 1.182654                                                                                                   | 10        pdf        s1 b   5.82944e+00
dchi2(local) = -0.000155                                                                                                  | 11        pdf      sea1 N   1.67335e-02
pdf dv(1):1.000000                                                                                                        | 12        pdf      sea1 a  -1.48040e+00
pdf db-ub(2):-0.027831                                                                                                    | 13        pdf      sea1 b   9.35431e-01
pdf msr:1.000000                                                                                                          | 14        pdf       ub1 N   7.85092e-02
pdf db-ub(1):0.106062                                                                                                     | 15        pdf       ub1 a   9.54634e-01
pdf uv(1):2.000000                                                                                                        | 16        pdf       ub1 b   3.76710e+00
pdf s-sb(1):0.000000                                                                                                      | 17        pdf       uv1 a  -5.00000e-01
pdf s-sb(2):0.000000                                                                                                      | 18        pdf       uv1 b   4.81849e+00
                                                                                                                          | 19       norm       idis      10016  9.62147e-01
reaction: unpol DIS                                                                                                       | 20       norm       idis      10017  9.83349e-01
filters: Q2>1.690000                                                                                                      | 21       norm       idis      10010  9.97737e-01
filters: W2>10.000000                                                                                                     | 22       norm       idis      10011  9.96168e-01
    idx tar        col  npts       chi2  chi2-npts      rchi2      nchi2                                                  | 23       norm       idis      10020  9.89756e-01
  10016   p      BCDMS   348     703.37     355.37      21.70       1.59                                                  | 
  10017   d      BCDMS   254     433.03     179.03      14.49       0.31                                                  | 
  10020   p        NMC   273     555.44     282.44      11.50       0.26                                                  | 
  10021 d/p        NMC   174     372.89     198.89       2.48       0.00                                                  | 
  10010   p       SLAC   218     435.37     217.37       0.00       0.01                                                  | 
  10011   d       SLAC   228     362.98     134.98       0.00       0.05                                                  | 
