('active', 'pdf')

--step 1: npQCD objects = pdf , datasets = idis , tmc = False , ht = False
loading idis data sets 10016
loading idis data sets 10017
loading idis data sets 10020
loading idis data sets 10021
loading idis data sets 10010
loading idis data sets 10011
Loading DIS tables...
10016 has norm uncertainty
10017 has norm uncertainty
10020 has norm uncertainty
10010 has norm uncertainty
10011 has norm uncertainty
[H[J[H[J['pdf']
JAM FITTER                                                                                                                | 1        pdf       db1 N   3.45754e-02
count = 100                                                                                                               | 2        pdf       db1 a   7.43783e-01
elapsed time(mins)=0.439557                                                                                               | 3        pdf       db1 b   4.98149e+00
shifts  = 2                                                                                                               | 4        pdf       dv1 a  -3.46572e-01
npts    = 1495                                                                                                            | 5        pdf       dv1 b   8.57219e+00
chi2    = 26826.473971                                                                                                    | 6        pdf        g1 a   9.94606e-01
rchi2   = 5716.595458                                                                                                     | 7        pdf        g1 b   1.29726e-01
nchi2   = 253.040675                                                                                                      | 8        pdf        s1 N   1.43027e-01
chi2tot = 32796.110105                                                                                                    | 9        pdf        s1 a  -1.14545e-01
dchi2(iter)  = 0.000000                                                                                                   | 10        pdf        s1 b   1.49108e+00
dchi2(local) = -inf                                                                                                       | 11        pdf      sea1 N   8.71111e-02
pdf dv(1):1.000000                                                                                                        | 12        pdf      sea1 a  -1.69557e+00
pdf db-ub(2):0.032913                                                                                                     | 13        pdf      sea1 b   2.35731e+00
pdf msr:1.000000                                                                                                          | 14        pdf       ub1 N   1.66208e-03
pdf db-ub(1):0.149905                                                                                                     | 15        pdf       ub1 a   7.49684e-01
pdf uv(1):2.000000                                                                                                        | 16        pdf       ub1 b   6.92748e-01
pdf s-sb(1):0.000000                                                                                                      | 17        pdf       uv1 a  -2.18306e-01
pdf s-sb(2):0.000000                                                                                                      | 18        pdf       uv1 b   3.12288e+00
                                                                                                                          | 19       norm       idis      10016  1.00175e+00
reaction: unpol DIS                                                                                                       | 20       norm       idis      10017  1.05187e+00
filters: Q2>1.690000                                                                                                      | 21       norm       idis      10010  1.14890e+00
filters: W2>10.000000                                                                                                     | 22       norm       idis      10011  1.18831e+00
    idx tar        col  npts       chi2  chi2-npts      rchi2      nchi2                                                  | 23       norm       idis      10020  1.17559e+00
  10016   p      BCDMS   348    1505.38    1157.38     868.17       0.00                                                  | 
  10017   d      BCDMS   254    1428.74    1174.74     491.63       2.99                                                  | 
  10020   p        NMC   273   17786.19   17513.19    4324.86      77.08                                                  | 
  10021 d/p        NMC   174     550.79     376.79      31.94       0.00                                                  | 
  10010   p       SLAC   218    2568.53    2350.53       0.00      50.27                                                  | 
  10011   d       SLAC   228    2986.83    2758.83       0.00     122.70                                                  | 
['pdf']
JAM FITTER                                                                                                                | 1        pdf       db1 N   4.74860e-02
count = 200                                                                                                               | 2        pdf       db1 a   7.60030e-01
elapsed time(mins)=0.890550                                                                                               | 3        pdf       db1 b   5.52485e+00
shifts  = 3                                                                                                               | 4        pdf       dv1 a  -2.71192e-01
npts    = 1495                                                                                                            | 5        pdf       dv1 b   9.50405e+00
chi2    = 3793.465533                                                                                                     | 6        pdf        g1 a  -1.05143e+00
rchi2   = 204.646323                                                                                                      | 7        pdf        g1 b   3.00436e+00
nchi2   = 109.044755                                                                                                      | 8        pdf        s1 N   5.48690e-02
chi2tot = 4107.156611                                                                                                     | 9        pdf        s1 a  -6.85175e-01
dchi2(iter)  = inf                                                                                                        | 10        pdf        s1 b   2.42386e+00
dchi2(local) = -inf                                                                                                       | 11        pdf      sea1 N   2.20638e-02
pdf dv(1):1.000000                                                                                                        | 12        pdf      sea1 a  -1.37187e+00
pdf db-ub(2):0.024485                                                                                                     | 13        pdf      sea1 b   2.16969e+00
pdf msr:1.000000                                                                                                          | 14        pdf       ub1 N   2.30008e-02
pdf db-ub(1):0.144458                                                                                                     | 15        pdf       ub1 a   8.36564e-01
pdf uv(1):2.000000                                                                                                        | 16        pdf       ub1 b   3.47701e+00
pdf s-sb(1):0.000000                                                                                                      | 17        pdf       uv1 a  -3.15574e-01
pdf s-sb(2):0.000000                                                                                                      | 18        pdf       uv1 b   2.92715e+00
                                                                                                                          | 19       norm       idis      10016  1.07220e+00
reaction: unpol DIS                                                                                                       | 20       norm       idis      10017  1.10904e+00
filters: Q2>1.690000                                                                                                      | 21       norm       idis      10010  1.11921e+00
filters: W2>10.000000                                                                                                     | 22       norm       idis      10[H[J[H[J011  1.11800e+00
    idx tar        col  npts       chi2  chi2-npts      rchi2      nchi2                                                  | 23       norm       idis      10020  1.06208e+00
  10016   p      BCDMS   348    1027.88     679.88      70.00       5.79                                                  | 
  10017   d      BCDMS   254     641.19     387.19      80.63      13.21                                                  | 
  10020   p        NMC   273     821.59     548.59      50.83       9.63                                                  | 
  10021 d/p        NMC   174     376.18     202.18       3.19       0.00                                                  | 
  10010   p       SLAC   218     464.93     246.93       0.00      32.23                                                  | 
  10011   d       SLAC   228     461.70     233.70       0.00      48.18                                                  | 
['pdf']
JAM FITTER                                                                                                                | 1        pdf       db1 N   4.42961e-02
count = 300                                                                                                               | 2        pdf       db1 a   6.98935e-01
elapsed time(mins)=1.344803                                                                                               | 3        pdf       db1 b   5.37707e+00
shifts  = 2                                                                                                               | 4        pdf       dv1 a  -2.77636e-01
npts    = 1495                                                                                                            | 5        pdf       dv1 b   9.67338e+00
chi2    = 2897.104291                                                                                                     | 6        pdf        g1 a  -5.74580e-01
rchi2   = 60.282868                                                                                                       | 7        pdf        g1 b   3.70203e+00
nchi2   = 4.626433                                                                                                        | 8        pdf        s1 N   2.64132e-02
chi2tot = 2962.013592                                                                                                     | 9        pdf        s1 a  -7.51788e-01
dchi2(iter)  = inf                                                                                                        | 10        pdf        s1 b   1.84511e+00
dchi2(local) = -1145.143019                                                                                               | 11        pdf      sea1 N   1.85362e-02
pdf dv(1):1.000000                                                                                                        | 12        pdf      sea1 a  -1.30262e+00
pdf db-ub(2):0.014814                                                                                                     | 13        pdf      sea1 b   3.25922e+00
pdf msr:1.000000                                                                                                          | 14        pdf       ub1 N   2.94817e-02
pdf db-ub(1):0.102344                                                                                                     | 15        pdf       ub1 a   9.79726e-01
pdf uv(1):2.000000                                                                                                        | 16        pdf       ub1 b   4.28740e+00
pdf s-sb(1):0.000000                                                                                                      | 17        pdf       uv1 a  -3.89358e-01
pdf s-sb(2):0.000000                                                                                                      | 18        pdf       uv1 b   2.87194e+00
                                                                                                                          | 19       norm       idis      10016  9.91891e-01
reaction: unpol DIS                                                                                                       | 20       norm       idis      10017  1.01858e+00
filters: Q2>1.690000                                                                                                      | 21       norm       idis      10010  1.03046e+00
filters: W2>10.000000                                                                                                     | 22       norm       idis      10011  1.02372e+00
    idx tar        col  npts       chi2  chi2-npts      rchi2      nchi2                                                  | 23       norm       idis      10020  1.00687e+00
  10016   p      BCDMS   348     795.07     447.07      22.71       0.07                                                  | 
  10017   d      BCDMS   254     449.26     195.26      16.18       0.38                                                  | 
  10020   p        NMC   273     615.45     342.45      16.09       0.12                                                  | 
  10021 d/p        NMC   174     365.28     191.28       5.30       0.00                                                  | 
  10010   p       SLAC   218     374.47     156.47       0.00       2.10                                                  | 
  10011   d       SLAC   228     297.58      69.58       0.00       1.95                                                  | 
['pdf']
JAM FITTER                                                                                                                | 1        pdf       db1 N   5.10421e-02
count = 400                                                                                                               | 2        pdf       db1 a   4.21599e-01
elapsed time(mins)=1.791375                                                                                               | 3        pdf       db1 b   5.21292e+00
shifts  = 3                                                                                                               | 4        pdf       dv1 a  -3.86897e-01
npts    = 1495                                                                                                            | 5        pdf       dv1 b   9.93634e+00
chi2    = 2874.433516                                                                                                     | 6        pdf        g1 a  -6.27353e-01
rchi2   = 49.346057                                                                                                       | 7        pdf        g1 b   3.04870e+00
nchi2   = 0.811534                                                                                                        | 8        pdf        s1 N   1.99183e-02
chi2tot = 2924.591106                                                                                                     | 9        pdf        s1 a  -7.51685e-01
dchi2(iter)  = 1182.565505                                                                                                | 10        pdf        s1 b   6.65443e-01
dchi2(local) = -1182.565505                                                                                               | 11        pdf      sea1 N   1.69241e-02
pdf dv(1):1.000000                                                                                                        | 12        pdf      sea1 a  -1.30070e+00
pdf db-ub(2):0.006888                                                                                                     | 13        pdf      sea1 b   3.51128e+00
pdf msr:1.000000                                                                                                          | 14        pdf       ub1 N   4.41537e-02
pdf db-ub(1):0.117985                                                                                                     | 15        pdf       ub1 a   9.90091e-01
pdf uv(1):2.000000                                                                                                        | 16        pdf       ub1 b   4.04699e+00
pdf s-sb(1):0.000000                                           [H[J[H[J                                                           | 17        pdf       uv1 a  -4.38712e-01
pdf s-sb(2):0.000000                                                                                                      | 18        pdf       uv1 b   3.09429e+00
                                                                                                                          | 19       norm       idis      10016  9.78532e-01
reaction: unpol DIS                                                                                                       | 20       norm       idis      10017  1.00424e+00
filters: Q2>1.690000                                                                                                      | 21       norm       idis      10010  1.00947e+00
filters: W2>10.000000                                                                                                     | 22       norm       idis      10011  1.00326e+00
    idx tar        col  npts       chi2  chi2-npts      rchi2      nchi2                                                  | 23       norm       idis      10020  9.96028e-01
  10016   p      BCDMS   348     782.71     434.71      18.31       0.51                                                  | 
  10017   d      BCDMS   254     434.88     180.88      13.57       0.02                                                  | 
  10020   p        NMC   273     614.89     341.89      13.42       0.04                                                  | 
  10021 d/p        NMC   174     365.16     191.16       4.05       0.00                                                  | 
  10010   p       SLAC   218     374.34     156.34       0.00       0.20                                                  | 
  10011   d       SLAC   228     302.45      74.45       0.00       0.04                                                  | 
['pdf']
JAM FITTER                                                                                                                | 1        pdf       db1 N   5.46401e-02
count = 500                                                                                                               | 2        pdf       db1 a   3.11221e-01
elapsed time(mins)=2.234203                                                                                               | 3        pdf       db1 b   5.05733e+00
shifts  = 2                                                                                                               | 4        pdf       dv1 a  -4.21690e-01
npts    = 1495                                                                                                            | 5        pdf       dv1 b   9.99885e+00
chi2    = 2870.026352                                                                                                     | 6        pdf        g1 a  -6.71413e-01
rchi2   = 50.572696                                                                                                       | 7        pdf        g1 b   2.91458e+00
nchi2   = 0.822270                                                                                                        | 8        pdf        s1 N   1.86365e-02
chi2tot = 2921.421319                                                                                                     | 9        pdf        s1 a  -5.95474e-01
dchi2(iter)  = 1182.565505                                                                                                | 10        pdf        s1 b   4.60994e-01
dchi2(local) = -3.169788                                                                                                  | 11        pdf      sea1 N   1.56104e-02
pdf dv(1):1.000000                                                                                                        | 12        pdf      sea1 a  -1.31042e+00
pdf db-ub(2):0.004212                                                                                                     | 13        pdf      sea1 b   3.85107e+00
pdf msr:1.000000                                                                                                          | 14        pdf       ub1 N   5.04282e-02
pdf db-ub(1):0.132200                                                                                                     | 15        pdf       ub1 a   9.99717e-01
pdf uv(1):2.000000                                                                                                        | 16        pdf       ub1 b   3.93417e+00
pdf s-sb(1):0.000000                                                                                                      | 17        pdf       uv1 a  -4.37354e-01
pdf s-sb(2):0.000000                                                                                                      | 18        pdf       uv1 b   3.30135e+00
                                                                                                                          | 19       norm       idis      10016  9.76973e-01
reaction: unpol DIS                                                                                                       | 20       norm       idis      10017  1.00275e+00
filters: Q2>1.690000                                                                                                      | 21       norm       idis      10010  1.00751e+00
filters: W2>10.000000                                                                                                     | 22       norm       idis      10011  1.00175e+00
    idx tar        col  npts       chi2  chi2-npts      rchi2      nchi2                                                  | 23       norm       idis      10020  9.94133e-01
  10016   p      BCDMS   348     782.22     434.22      18.34       0.59                                                  | 
  10017   d      BCDMS   254     432.79     178.79      14.76       0.01                                                  | 
  10020   p        NMC   273     613.14     340.14      13.23       0.09                                                  | 
  10021 d/p        NMC   174     365.85     191.85       4.25       0.00                                                  | 
  10010   p       SLAC   218     376.07     158.07       0.00       0.13                                                  | 
  10011   d       SLAC   228     299.96      71.96       0.00       0.01                                                  | 
['pdf']
JAM FITTER                                                                                                                | 1        pdf       db1 N   5.55863e-02
count = 600                                                                                                               | 2        pdf       db1 a   2.89102e-01
elapsed time(mins)=2.688718                                                                                               | 3        pdf       db1 b   5.03714e+00
shifts  = 2                                                                                                               | 4        pdf       dv1 a  -4.30794e-01
npts    = 1495                                                                                                            | 5        pdf       dv1 b   9.99992e+00
chi2    = 2871.740572                                                                                                     | 6        pdf        g1 a  -6.74609e-01
rchi2   = 48.289746                                                                                                       | 7        pdf        g1 b   2.90234e+00
nchi2   = 0.823250                                                                                                        | 8        pdf        s1 N   1.86107e-02
chi2tot = 2920.853569                                                                                                     | 9        pdf        s1 a  -4.83834e-01
dchi2(iter)  = 1182.565505                                                                                                | 10        pdf        s1 b   5.31114e-01
dchi2(local) = -3.737537                                                                                   [H[J[H[J               | 11        pdf      sea1 N   1.51592e-02
pdf dv(1):1.000000                                                                                                        | 12        pdf      sea1 a  -1.31189e+00
pdf db-ub(2):0.003366                                                                                                     | 13        pdf      sea1 b   4.04361e+00
pdf msr:1.000000                                                                                                          | 14        pdf       ub1 N   5.22204e-02
pdf db-ub(1):0.135119                                                                                                     | 15        pdf       ub1 a   9.99819e-01
pdf uv(1):2.000000                                                                                                        | 16        pdf       ub1 b   3.92367e+00
pdf s-sb(1):0.000000                                                                                                      | 17        pdf       uv1 a  -4.37156e-01
pdf s-sb(2):0.000000                                                                                                      | 18        pdf       uv1 b   3.36207e+00
                                                                                                                          | 19       norm       idis      10016  9.76846e-01
reaction: unpol DIS                                                                                                       | 20       norm       idis      10017  1.00260e+00
filters: Q2>1.690000                                                                                                      | 21       norm       idis      10010  1.00720e+00
filters: W2>10.000000                                                                                                     | 22       norm       idis      10011  1.00153e+00
    idx tar        col  npts       chi2  chi2-npts      rchi2      nchi2                                                  | 23       norm       idis      10020  9.93856e-01
  10016   p      BCDMS   348     780.58     432.58      16.90       0.60                                                  | 
  10017   d      BCDMS   254     431.96     177.96      14.06       0.01                                                  | 
  10020   p        NMC   273     613.12     340.12      13.06       0.09                                                  | 
  10021 d/p        NMC   174     366.23     192.23       4.26       0.00                                                  | 
  10010   p       SLAC   218     377.82     159.82       0.00       0.12                                                  | 
  10011   d       SLAC   228     302.03      74.03       0.00       0.01                                                  | 
['pdf']
JAM FITTER                                                                                                                | 1        pdf       db1 N   5.65727e-02
count = 700                                                                                                               | 2        pdf       db1 a   2.69073e-01
elapsed time(mins)=3.149966                                                                                               | 3        pdf       db1 b   5.00142e+00
shifts  = 2                                                                                                               | 4        pdf       dv1 a  -4.36194e-01
npts    = 1495                                                                                                            | 5        pdf       dv1 b   1.00000e+01
chi2    = 2872.198238                                                                                                     | 6        pdf        g1 a  -6.84950e-01
rchi2   = 47.714316                                                                                                       | 7        pdf        g1 b   2.85444e+00
nchi2   = 0.778146                                                                                                        | 8        pdf        s1 N   1.43125e-02
chi2tot = 2920.690699                                                                                                     | 9        pdf        s1 a   1.34380e-01
dchi2(iter)  = 1182.565505                                                                                                | 10        pdf        s1 b   6.31682e-01
dchi2(local) = -3.900407                                                                                                  | 11        pdf      sea1 N   1.53019e-02
pdf dv(1):1.000000                                                                                                        | 12        pdf      sea1 a  -1.31335e+00
pdf db-ub(2):0.002171                                                                                                     | 13        pdf      sea1 b   3.97360e+00
pdf msr:1.000000                                                                                                          | 14        pdf       ub1 N   5.44021e-02
pdf db-ub(1):0.136536                                                                                                     | 15        pdf       ub1 a   9.99994e-01
pdf uv(1):2.000000                                                                                                        | 16        pdf       ub1 b   3.89559e+00
pdf s-sb(1):0.000000                                                                                                      | 17        pdf       uv1 a  -4.36041e-01
pdf s-sb(2):-0.000000                                                                                                     | 18        pdf       uv1 b   3.43046e+00
                                                                                                                          | 19       norm       idis      10016  9.78166e-01
reaction: unpol DIS                                                                                                       | 20       norm       idis      10017  1.00393e+00
filters: Q2>1.690000                                                                                                      | 21       norm       idis      10010  1.00799e+00
filters: W2>10.000000                                                                                                     | 22       norm       idis      10011  1.00229e+00
    idx tar        col  npts       chi2  chi2-npts      rchi2      nchi2                                                  | 23       norm       idis      10020  9.94772e-01
  10016   p      BCDMS   348     781.09     433.09      16.70       0.53                                                  | 
  10017   d      BCDMS   254     431.78     177.78      13.91       0.02                                                  | 
  10020   p        NMC   273     612.71     339.71      12.86       0.07                                                  | 
  10021 d/p        NMC   174     366.41     192.41       4.25       0.00                                                  | 
  10010   p       SLAC   218     377.97     159.97       0.00       0.14                                                  | 
  10011   d       SLAC   228     302.23      74.23       0.00       0.02                                                  | 
['pdf']
JAM FITTER                                                                                                                | 1        pdf       db1 N   5.70859e-02
count = 800                                                                                                               | 2        pdf       db1 a   2.61829e-01
elapsed time(mins)=3.609368                                                                                               | 3        pdf       db1 b   4.97704e+00
shifts  = 2                                                                                                               | 4        pdf       dv1 a  -4.38088e-01
npts    = 1495                                                                                                            | 5        pdf       dv1[H[J b   1.00000e+01
chi2    = 2871.945493                                                                                                     | 6        pdf        g1 a  -6.90489e-01
rchi2   = 47.691104                                                                                                       | 7        pdf        g1 b   2.82884e+00
nchi2   = 0.761751                                                                                                        | 8        pdf        s1 N   1.18821e-02
chi2tot = 2920.398348                                                                                                     | 9        pdf        s1 a   8.05607e-01
dchi2(iter)  = 1182.565505                                                                                                | 10        pdf        s1 b   7.74705e-01
dchi2(local) = -4.192759                                                                                                  | 11        pdf      sea1 N   1.53653e-02
pdf dv(1):1.000000                                                                                                        | 12        pdf      sea1 a  -1.31547e+00
pdf db-ub(2):0.001702                                                                                                     | 13        pdf      sea1 b   3.91323e+00
pdf msr:1.000000                                                                                                          | 14        pdf       ub1 N   5.53835e-02
pdf db-ub(1):0.136772                                                                                                     | 15        pdf       ub1 a   9.99999e-01
pdf uv(1):2.000000                                                                                                        | 16        pdf       ub1 b   3.88719e+00
pdf s-sb(1):0.000000                                                                                                      | 17        pdf       uv1 a  -4.35947e-01
pdf s-sb(2):0.000000                                                                                                      | 18        pdf       uv1 b   3.45327e+00
                                                                                                                          | 19       norm       idis      10016  9.78895e-01
reaction: unpol DIS                                                                                                       | 20       norm       idis      10017  1.00469e+00
filters: Q2>1.690000                                                                                                      | 21       norm       idis      10010  1.00846e+00
filters: W2>10.000000                                                                                                     | 22       norm       idis      10011  1.00272e+00
    idx tar        col  npts       chi2  chi2-npts      rchi2      nchi2                                                  | 23       norm       idis      10020  9.95324e-01
  10016   p      BCDMS   348     781.34     433.34      16.76       0.49                                                  | 
  10017   d      BCDMS   254     431.60     177.60      13.95       0.02                                                  | 
  10020   p        NMC   273     612.51     339.51      12.73       0.05                                                  | 
  10021 d/p        NMC   174     366.49     192.49       4.25       0.00                                                  | 
  10010   p       SLAC   218     377.92     159.92       0.00       0.16                                                  | 
  10011   d       SLAC   228     302.07      74.07       0.00       0.03                                                  | 
['pdf']
JAM FITTER                                                                                                                | 1        pdf       db1 N   5.71585e-02
count = 900                                                                                                               | 2        pdf       db1 a   2.56397e-01
elapsed time(mins)=4.072759                                                                                               | 3        pdf       db1 b   4.96811e+00
shifts  = 2                                                                                                               | 4        pdf       dv1 a  -4.40623e-01
npts    = 1495                                                                                                            | 5        pdf       dv1 b   1.00000e+01
chi2    = 2871.779681                                                                                                     | 6        pdf        g1 a  -6.91507e-01
rchi2   = 47.779552                                                                                                       | 7        pdf        g1 b   2.82546e+00
nchi2   = 0.760041                                                                                                        | 8        pdf        s1 N   1.13461e-02
chi2tot = 2920.319275                                                                                                     | 9        pdf        s1 a   9.93700e-01
dchi2(iter)  = 1182.565505                                                                                                | 10        pdf        s1 b   8.10191e-01
dchi2(local) = -4.271832                                                                                                  | 11        pdf      sea1 N   1.54902e-02
pdf dv(1):1.000000                                                                                                        | 12        pdf      sea1 a  -1.31712e+00
pdf db-ub(2):0.001489                                                                                                     | 13        pdf      sea1 b   3.82111e+00
pdf msr:1.000000                                                                                                          | 14        pdf       ub1 N   5.56696e-02
pdf db-ub(1):0.137020                                                                                                     | 15        pdf       ub1 a   1.00000e+00
pdf uv(1):2.000000                                                                                                        | 16        pdf       ub1 b   3.88533e+00
pdf s-sb(1):0.000000                                                                                                      | 17        pdf       uv1 a  -4.37138e-01
pdf s-sb(2):0.000000                                                                                                      | 18        pdf       uv1 b   3.45782e+00
                                                                                                                          | 19       norm       idis      10016  9.79016e-01
reaction: unpol DIS                                                                                                       | 20       norm       idis      10017  1.00481e+00
filters: Q2>1.690000                                                                                                      | 21       norm       idis      10010  1.00854e+00
filters: W2>10.000000                                                                                                     | 22       norm       idis      10011  1.00281e+00
    idx tar        col  npts       chi2  chi2-npts      rchi2      nchi2                                                  | 23       norm       idis      10020  9.95428e-01
  10016   p      BCDMS   348     781.40     433.40      16.82       0.49                                                  | 
  10017   d      BCDMS   254     431.58     177.58      13.99       0.03                                                  | 
  10020   p        NMC   273     612.43     339.43      12.72       0.05                                                  | 
  10021 d/p        NMC   174     366.53     192.53       4.25       0.00                                                  | 
  10010   p       SLAC   218     377.91     159.91       0.00       0.17                                            [H[J[H[J      | 
  10011   d       SLAC   228     301.94      73.94       0.00       0.03                                                  | 
['pdf']
JAM FITTER                                                                                                                | 1        pdf       db1 N   5.73389e-02
count = 1000                                                                                                              | 2        pdf       db1 a   2.57977e-01
elapsed time(mins)=4.534482                                                                                               | 3        pdf       db1 b   4.96674e+00
shifts  = 3                                                                                                               | 4        pdf       dv1 a  -4.39063e-01
npts    = 1495                                                                                                            | 5        pdf       dv1 b   1.00000e+01
chi2    = 2871.869505                                                                                                     | 6        pdf        g1 a  -6.91906e-01
rchi2   = 47.686346                                                                                                       | 7        pdf        g1 b   2.82286e+00
nchi2   = 0.759014                                                                                                        | 8        pdf        s1 N   1.14146e-02
chi2tot = 2920.314864                                                                                                     | 9        pdf        s1 a   9.99073e-01
dchi2(iter)  = 4.276242                                                                                                   | 10        pdf        s1 b   8.18672e-01
dchi2(local) = -4.276242                                                                                                  | 11        pdf      sea1 N   1.52730e-02
pdf dv(1):1.000000                                                                                                        | 12        pdf      sea1 a  -1.31620e+00
pdf db-ub(2):0.001466                                                                                                     | 13        pdf      sea1 b   3.94405e+00
pdf msr:1.000000                                                                                                          | 14        pdf       ub1 N   5.58731e-02
pdf db-ub(1):0.137022                                                                                                     | 15        pdf       ub1 a   1.00000e+00
pdf uv(1):2.000000                                                                                                        | 16        pdf       ub1 b   3.88283e+00
pdf s-sb(1):0.000000                                                                                                      | 17        pdf       uv1 a  -4.35758e-01
pdf s-sb(2):0.000000                                                                                                      | 18        pdf       uv1 b   3.46683e+00
                                                                                                                          | 19       norm       idis      10016  9.79060e-01
reaction: unpol DIS                                                                                                       | 20       norm       idis      10017  1.00485e+00
filters: Q2>1.690000                                                                                                      | 21       norm       idis      10010  1.00856e+00
filters: W2>10.000000                                                                                                     | 22       norm       idis      10011  1.00282e+00
    idx tar        col  npts       chi2  chi2-npts      rchi2      nchi2                                                  | 23       norm       idis      10020  9.95443e-01
  10016   p      BCDMS   348     781.44     433.44      16.78       0.49                                                  | 
  10017   d      BCDMS   254     431.56     177.56      13.96       0.03                                                  | 
  10020   p        NMC   273     612.44     339.44      12.70       0.05                                                  | 
  10021 d/p        NMC   174     366.53     192.53       4.25       0.00                                                  | 
  10010   p       SLAC   218     377.90     159.90       0.00       0.17                                                  | 
  10011   d       SLAC   228     302.00      74.00       0.00       0.03                                                  | 
['pdf']
JAM FITTER                                                                                                                | 1        pdf       db1 N   5.72646e-02
count = 1100                                                                                                              | 2        pdf       db1 a   2.57232e-01
elapsed time(mins)=4.986420                                                                                               | 3        pdf       db1 b   4.96722e+00
shifts  = 2                                                                                                               | 4        pdf       dv1 a  -4.39757e-01
npts    = 1495                                                                                                            | 5        pdf       dv1 b   1.00000e+01
chi2    = 2871.879971                                                                                                     | 6        pdf        g1 a  -6.91754e-01
rchi2   = 47.674881                                                                                                       | 7        pdf        g1 b   2.82389e+00
nchi2   = 0.759395                                                                                                        | 8        pdf        s1 N   1.13779e-02
chi2tot = 2920.314247                                                                                                     | 9        pdf        s1 a   9.99701e-01
dchi2(iter)  = 4.276242                                                                                                   | 10        pdf        s1 b   8.15610e-01
dchi2(local) = -0.000618                                                                                                  | 11        pdf      sea1 N   1.53657e-02
pdf dv(1):1.000000                                                                                                        | 12        pdf      sea1 a  -1.31660e+00
pdf db-ub(2):0.001472                                                                                                     | 13        pdf      sea1 b   3.89160e+00
pdf msr:1.000000                                                                                                          | 14        pdf       ub1 N   5.57926e-02
pdf db-ub(1):0.137027                                                                                                     | 15        pdf       ub1 a   1.00000e+00
pdf uv(1):2.000000                                                                                                        | 16        pdf       ub1 b   3.88385e+00
pdf s-sb(1):0.000000                                                                                                      | 17        pdf       uv1 a  -4.36352e-01
pdf s-sb(2):0.000000                                                                                                      | 18        pdf       uv1 b   3.46315e+00
                                                                                                                          | 19       norm       idis      10016  9.79043e-01
reaction: unpol DIS                                                                                                       | 20       norm       idis      10017  1.00484e+00
filters: Q2>1.690000                                                                                                      | 21       norm       idis      10010  1.00855e+00
filters: W2>10.000000 [H[J[H[J                                                                                                    | 22       norm       idis      10011  1.00281e+00
    idx tar        col  npts       chi2  chi2-npts      rchi2      nchi2                                                  | 23       norm       idis      10020  9.95438e-01
  10016   p      BCDMS   348     781.44     433.44      16.77       0.49                                                  | 
  10017   d      BCDMS   254     431.56     177.56      13.95       0.03                                                  | 
  10020   p        NMC   273     612.44     339.44      12.70       0.05                                                  | 
  10021 d/p        NMC   174     366.52     192.52       4.25       0.00                                                  | 
  10010   p       SLAC   218     377.90     159.90       0.00       0.17                                                  | 
  10011   d       SLAC   228     302.01      74.01       0.00       0.03                                                  | 
['pdf']
JAM FITTER                                                                                                                | 1        pdf       db1 N   5.72872e-02
count = 1200                                                                                                              | 2        pdf       db1 a   2.57455e-01
elapsed time(mins)=5.422189                                                                                               | 3        pdf       db1 b   4.96705e+00
shifts  = 2                                                                                                               | 4        pdf       dv1 a  -4.39541e-01
npts    = 1495                                                                                                            | 5        pdf       dv1 b   1.00000e+01
chi2    = 2871.884853                                                                                                     | 6        pdf        g1 a  -6.91807e-01
rchi2   = 47.669998                                                                                                       | 7        pdf        g1 b   2.82354e+00
nchi2   = 0.759278                                                                                                        | 8        pdf        s1 N   1.13881e-02
chi2tot = 2920.314129                                                                                                     | 9        pdf        s1 a   9.99913e-01
dchi2(iter)  = 4.276242                                                                                                   | 10        pdf        s1 b   8.16642e-01
dchi2(local) = -0.000736                                                                                                  | 11        pdf      sea1 N   1.53374e-02
pdf dv(1):1.000000                                                                                                        | 12        pdf      sea1 a  -1.31648e+00
pdf db-ub(2):0.001469                                                                                                     | 13        pdf      sea1 b   3.90756e+00
pdf msr:1.000000                                                                                                          | 14        pdf       ub1 N   5.58179e-02
pdf db-ub(1):0.137023                                                                                                     | 15        pdf       ub1 a   1.00000e+00
pdf uv(1):2.000000                                                                                                        | 16        pdf       ub1 b   3.88353e+00
pdf s-sb(1):0.000000                                                                                                      | 17        pdf       uv1 a  -4.36171e-01
pdf s-sb(2):0.000000                                                                                                      | 18        pdf       uv1 b   3.46430e+00
                                                                                                                          | 19       norm       idis      10016  9.79048e-01
reaction: unpol DIS                                                                                                       | 20       norm       idis      10017  1.00484e+00
filters: Q2>1.690000                                                                                                      | 21       norm       idis      10010  1.00856e+00
filters: W2>10.000000                                                                                                     | 22       norm       idis      10011  1.00282e+00
    idx tar        col  npts       chi2  chi2-npts      rchi2      nchi2                                                  | 23       norm       idis      10020  9.95439e-01
  10016   p      BCDMS   348     781.45     433.45      16.77       0.49                                                  | 
  10017   d      BCDMS   254     431.56     177.56      13.95       0.03                                                  | 
  10020   p        NMC   273     612.44     339.44      12.69       0.05                                                  | 
  10021 d/p        NMC   174     366.52     192.52       4.25       0.00                                                  | 
  10010   p       SLAC   218     377.90     159.90       0.00       0.17                                                  | 
  10011   d       SLAC   228     302.01      74.01       0.00       0.03                                                  | 
['pdf']
JAM FITTER                                                                                                                | 1        pdf       db1 N   5.72872e-02
count = 1204                                                                                                              | 2        pdf       db1 a   2.57455e-01
elapsed time(mins)=5.444903                                                                                               | 3        pdf       db1 b   4.96705e+00
shifts  = 1                                                                                                               | 4        pdf       dv1 a  -4.39541e-01
npts    = 1495                                                                                                            | 5        pdf       dv1 b   1.00000e+01
chi2    = 2871.884831                                                                                                     | 6        pdf        g1 a  -6.91807e-01
rchi2   = 47.670019                                                                                                       | 7        pdf        g1 b   2.82354e+00
nchi2   = 0.759279                                                                                                        | 8        pdf        s1 N   1.13881e-02
chi2tot = 2920.314129                                                                                                     | 9        pdf        s1 a   9.99913e-01
dchi2(iter)  = 4.276242                                                                                                   | 10        pdf        s1 b   8.16642e-01
dchi2(local) = -0.000736                                                                                                  | 11        pdf      sea1 N   1.53374e-02
pdf dv(1):1.000000                                                                                                        | 12        pdf      sea1 a  -1.31648e+00
pdf db-ub(2):0.001469                                                                                                     | 13        pdf      sea1 b   3.90756e+00
pdf msr:1.000000                                                                                                          | 14        pdf       ub1 N   5.58179e-02
pdf db-ub(1):0.137023                                                                                                     | 15        pdf       ub1 a   1.00000e+00
pdf uv(1):2.000000                                                                                                        | 16        pdf       ub1 b   3.88353e+00
pdf s-sb(1):0.000000                                                                                                      | 17        pdf       uv1 a  -4.36171e-01
pdf s-sb(2):0.000000                                                                                                      | 18        pdf       uv1 b   3.46430e+00
                                                                                                                          | 19       norm       idis      10016  9.79048e-01
reaction: unpol DIS                                                                                                       | 20       norm       idis      10017  1.00484e+00
filters: Q2>1.690000                                                                                                      | 21       norm       idis      10010  1.00856e+00
filters: W2>10.000000                                                                                                     | 22       norm       idis      10011  1.00282e+00
    idx tar        col  npts       chi2  chi2-npts      rchi2      nchi2                                                  | 23       norm       idis      10020  9.95439e-01
  10016   p      BCDMS   348     781.45     433.45      16.77       0.49                                                  | 
  10017   d      BCDMS   254     431.56     177.56      13.95       0.03                                                  | 
  10020   p        NMC   273     612.44     339.44      12.69       0.05                                                  | 
  10021 d/p        NMC   174     366.52     192.52       4.25       0.00                                                  | 
  10010   p       SLAC   218     377.90     159.90       0.00       0.17                                                  | 
  10011   d       SLAC   228     302.01      74.01       0.00       0.03                                                  | 
