('active', 'pdf')

--step 1: npQCD objects = pdf , datasets = idis , tmc = False , ht = False
loading idis data sets 10016
loading idis data sets 10017
loading idis data sets 10020
loading idis data sets 10021
loading idis data sets 10010
loading idis data sets 10011
Loading DIS tables...
10016 has norm uncertainty
10017 has norm uncertainty
10020 has norm uncertainty
10010 has norm uncertainty
10011 has norm uncertainty
[H[J[H[J['pdf']
JAM FITTER                                                                                                                | 1        pdf       db1 N   1.47533e-01
count = 100                                                                                                               | 2        pdf       db1 a  -9.68507e-01
elapsed time(mins)=0.441705                                                                                               | 3        pdf       db1 b   3.24588e+00
shifts  = 3                                                                                                               | 4        pdf       dv1 a  -4.13800e-01
npts    = 1495                                                                                                            | 5        pdf       dv1 b   9.17692e+00
chi2    = 105700.456506                                                                                                   | 6        pdf        g1 a  -1.86449e+00
rchi2   = 16736.092007                                                                                                    | 7        pdf        g1 b   8.72007e+00
nchi2   = 265.345945                                                                                                      | 8        pdf        s1 N   1.62692e-01
chi2tot = 122701.894459                                                                                                   | 9        pdf        s1 a   9.51935e-01
dchi2(iter)  = inf                                                                                                        | 10        pdf        s1 b   1.82046e+00
dchi2(local) = -inf                                                                                                       | 11        pdf      sea1 N   1.24590e-01
pdf dv(1):1.000000                                                                                                        | 12        pdf      sea1 a  -1.75253e+00
pdf db-ub(2):0.061532                                                                                                     | 13        pdf      sea1 b   8.00997e+00
pdf msr:1.000000                                                                                                          | 14        pdf       ub1 N   8.60004e-02
pdf db-ub(1):19.674586                                                                                                    | 15        pdf       ub1 a   9.92388e-01
pdf uv(1):2.000000                                                                                                        | 16        pdf       ub1 b   5.42703e+00
pdf s-sb(1):0.000000                                                                                                      | 17        pdf       uv1 a  -4.16354e-01
pdf s-sb(2):-0.000000                                                                                                     | 18        pdf       uv1 b   8.50071e+00
                                                                                                                          | 19       norm       idis      10016  1.07147e+00
reaction: unpol DIS                                                                                                       | 20       norm       idis      10017  1.18422e+00
filters: Q2>1.690000                                                                                                      | 21       norm       idis      10010  1.18028e+00
filters: W2>10.000000                                                                                                     | 22       norm       idis      10011  1.11835e+00
    idx tar        col  npts       chi2  chi2-npts      rchi2      nchi2                                                  | 23       norm       idis      10020  1.19980e+00
  10016   p      BCDMS   348    8087.19    7739.19     662.61       5.68                                                  | 
  10017   d      BCDMS   254    8489.40    8235.40     241.31      37.71                                                  | 
  10020   p        NMC   273   45840.05   45567.05   12665.30      99.80                                                  | 
  10021 d/p        NMC   174    4965.31    4791.31    3166.88       0.00                                                  | 
  10010   p       SLAC   218    6693.96    6475.96       0.00      73.70                                                  | 
  10011   d       SLAC   228   31624.55   31396.55       0.00      48.46                                                  | 
['pdf']
JAM FITTER                                                                                                                | 1        pdf       db1 N   7.70455e-02
count = 200                                                                                                               | 2        pdf       db1 a  -3.65195e-01
elapsed time(mins)=0.881086                                                                                               | 3        pdf       db1 b   3.39299e+00
shifts  = 3                                                                                                               | 4        pdf       dv1 a  -3.51105e-01
npts    = 1495                                                                                                            | 5        pdf       dv1 b   8.68769e+00
chi2    = 6829.647363                                                                                                     | 6        pdf        g1 a  -9.84133e-01
rchi2   = 714.927786                                                                                                      | 7        pdf        g1 b   9.93273e+00
nchi2   = 208.157225                                                                                                      | 8        pdf        s1 N   6.35332e-03
chi2tot = 7752.732374                                                                                                     | 9        pdf        s1 a   6.47775e-01
dchi2(iter)  = 114949.162085                                                                                              | 10        pdf        s1 b   9.97976e-01
dchi2(local) = -114949.162085                                                                                             | 11        pdf      sea1 N   3.48259e-02
pdf dv(1):1.000000                                                                                                        | 12        pdf      sea1 a  -1.83813e+00
pdf db-ub(2):-0.051272                                                                                                    | 13        pdf      sea1 b   3.54815e+00
pdf msr:1.000000                                                                                                          | 14        pdf       ub1 N   1.28318e-01
pdf db-ub(1):0.145208                                                                                                     | 15        pdf       ub1 a   9.94364e-01
pdf uv(1):2.000000                                                                                                        | 16        pdf       ub1 b   4.23300e+00
pdf s-sb(1):-0.000000                                                                                                     | 17        pdf       uv1 a  -2.96724e-01
pdf s-sb(2):-0.000000                                                                                                     | 18        pdf       uv1 b   7.49983e+00
                                                                                                                          | 19       norm       idis      10016  1.11219e+00
reaction: unpol DIS                                                                                                       | 20       norm       idis      10017  1.12428e+00
filters: Q2>1.690000                                                                                                      | 21       norm       idis      10010  1.18056e+00
filters: W2>10.000000                                                                                                     | 22       norm       idis      10[H[J[H[J011  1.17077e+00
    idx tar        col  npts       chi2  chi2-npts      rchi2      nchi2                                                  | 23       norm       idis      10020  1.02949e+00
  10016   p      BCDMS   348     929.22     581.22      19.10      13.99                                                  | 
  10017   d      BCDMS   254     497.88     243.88      36.38      17.16                                                  | 
  10020   p        NMC   273    3933.49    3660.49     633.92       2.17                                                  | 
  10021 d/p        NMC   174     445.42     271.42      25.53       0.00                                                  | 
  10010   p       SLAC   218     509.26     291.26       0.00      73.92                                                  | 
  10011   d       SLAC   228     514.37     286.37       0.00     100.91                                                  | 
['pdf']
JAM FITTER                                                                                                                | 1        pdf       db1 N   6.93811e-02
count = 300                                                                                                               | 2        pdf       db1 a  -2.41132e-01
elapsed time(mins)=1.319635                                                                                               | 3        pdf       db1 b   4.31027e+00
shifts  = 2                                                                                                               | 4        pdf       dv1 a  -4.83556e-01
npts    = 1495                                                                                                            | 5        pdf       dv1 b   9.04334e+00
chi2    = 3330.139693                                                                                                     | 6        pdf        g1 a  -9.83673e-01
rchi2   = 51.721119                                                                                                       | 7        pdf        g1 b   3.15174e+00
nchi2   = 51.568559                                                                                                       | 8        pdf        s1 N   1.37787e-02
chi2tot = 3433.429370                                                                                                     | 9        pdf        s1 a   4.53823e-01
dchi2(iter)  = 114949.162085                                                                                              | 10        pdf        s1 b   3.49556e+00
dchi2(local) = -4319.303004                                                                                               | 11        pdf      sea1 N   1.45033e-02
pdf dv(1):1.000000                                                                                                        | 12        pdf      sea1 a  -1.73107e+00
pdf db-ub(2):-0.052474                                                                                                    | 13        pdf      sea1 b   1.43741e-01
pdf msr:1.000000                                                                                                          | 14        pdf       ub1 N   1.21855e-01
pdf db-ub(1):0.088823                                                                                                     | 15        pdf       ub1 a   8.14547e-01
pdf uv(1):2.000000                                                                                                        | 16        pdf       ub1 b   4.12554e+00
pdf s-sb(1):0.000000                                                                                                      | 17        pdf       uv1 a  -4.23446e-01
pdf s-sb(2):0.000000                                                                                                      | 18        pdf       uv1 b   7.64100e+00
                                                                                                                          | 19       norm       idis      10016  1.03072e+00
reaction: unpol DIS                                                                                                       | 20       norm       idis      10017  1.05950e+00
filters: Q2>1.690000                                                                                                      | 21       norm       idis      10010  1.08733e+00
filters: W2>10.000000                                                                                                     | 22       norm       idis      10011  1.08352e+00
    idx tar        col  npts       chi2  chi2-npts      rchi2      nchi2                                                  | 23       norm       idis      10020  1.04540e+00
  10016   p      BCDMS   348     784.61     436.61       9.06       1.05                                                  | 
  10017   d      BCDMS   254     416.54     162.54      12.27       3.93                                                  | 
  10020   p        NMC   273     837.10     564.10      24.46       5.15                                                  | 
  10021 d/p        NMC   174     395.99     221.99       5.94       0.00                                                  | 
  10010   p       SLAC   218     439.08     221.08       0.00      17.30                                                  | 
  10011   d       SLAC   228     456.83     228.83       0.00      24.14                                                  | 
['pdf']
JAM FITTER                                                                                                                | 1        pdf       db1 N   5.78279e-02
count = 400                                                                                                               | 2        pdf       db1 a  -1.57020e-01
elapsed time(mins)=1.766169                                                                                               | 3        pdf       db1 b   4.47569e+00
shifts  = 2                                                                                                               | 4        pdf       dv1 a  -4.94676e-01
npts    = 1495                                                                                                            | 5        pdf       dv1 b   9.90944e+00
chi2    = 3079.696813                                                                                                     | 6        pdf        g1 a  -7.83962e-01
rchi2   = 58.310342                                                                                                       | 7        pdf        g1 b   2.94684e+00
nchi2   = 4.161029                                                                                                        | 8        pdf        s1 N   3.08007e-02
chi2tot = 3142.168184                                                                                                     | 9        pdf        s1 a   9.81239e-01
dchi2(iter)  = 114949.162085                                                                                              | 10        pdf        s1 b   5.95249e+00
dchi2(local) = -4610.564190                                                                                               | 11        pdf      sea1 N   1.60127e-02
pdf dv(1):1.000000                                                                                                        | 12        pdf      sea1 a  -1.50468e+00
pdf db-ub(2):-0.040466                                                                                                    | 13        pdf      sea1 b   8.37422e-01
pdf msr:1.000000                                                                                                          | 14        pdf       ub1 N   9.82941e-02
pdf db-ub(1):0.076277                                                                                                     | 15        pdf       ub1 a   8.44376e-01
pdf uv(1):2.000000                                                                                                        | 16        pdf       ub1 b   3.85770e+00
pdf s-sb(1):0.000000                                           [H[J[H[J                                                           | 17        pdf       uv1 a  -4.91811e-01
pdf s-sb(2):0.000000                                                                                                      | 18        pdf       uv1 b   5.87154e+00
                                                                                                                          | 19       norm       idis      10016  9.84155e-01
reaction: unpol DIS                                                                                                       | 20       norm       idis      10017  1.01266e+00
filters: Q2>1.690000                                                                                                      | 21       norm       idis      10010  1.02738e+00
filters: W2>10.000000                                                                                                     | 22       norm       idis      10011  1.02153e+00
    idx tar        col  npts       chi2  chi2-npts      rchi2      nchi2                                                  | 23       norm       idis      10020  1.01265e+00
  10016   p      BCDMS   348     751.14     403.14      17.64       0.28                                                  | 
  10017   d      BCDMS   254     417.66     163.66      15.94       0.18                                                  | 
  10020   p        NMC   273     729.90     456.90      18.55       0.40                                                  | 
  10021 d/p        NMC   174     387.55     213.55       6.18       0.00                                                  | 
  10010   p       SLAC   218     395.37     177.37       0.00       1.70                                                  | 
  10011   d       SLAC   228     398.07     170.07       0.00       1.60                                                  | 
['pdf']
JAM FITTER                                                                                                                | 1        pdf       db1 N   4.99993e-02
count = 500                                                                                                               | 2        pdf       db1 a  -1.61493e-01
elapsed time(mins)=2.209617                                                                                               | 3        pdf       db1 b   4.58694e+00
shifts  = 2                                                                                                               | 4        pdf       dv1 a  -4.98552e-01
npts    = 1495                                                                                                            | 5        pdf       dv1 b   9.91324e+00
chi2    = 3057.112451                                                                                                     | 6        pdf        g1 a  -7.72088e-01
rchi2   = 62.309013                                                                                                       | 7        pdf        g1 b   2.92800e+00
nchi2   = 1.792476                                                                                                        | 8        pdf        s1 N   5.61826e-02
chi2tot = 3121.213940                                                                                                     | 9        pdf        s1 a   9.90955e-01
dchi2(iter)  = 114949.162085                                                                                              | 10        pdf        s1 b   5.67512e+00
dchi2(local) = -4631.518433                                                                                               | 11        pdf      sea1 N   1.69235e-02
pdf dv(1):1.000000                                                                                                        | 12        pdf      sea1 a  -1.43925e+00
pdf db-ub(2):-0.033641                                                                                                    | 13        pdf      sea1 b   1.18170e+00
pdf msr:1.000000                                                                                                          | 14        pdf       ub1 N   8.36399e-02
pdf db-ub(1):0.090082                                                                                                     | 15        pdf       ub1 a   8.69305e-01
pdf uv(1):2.000000                                                                                                        | 16        pdf       ub1 b   3.68044e+00
pdf s-sb(1):0.000000                                                                                                      | 17        pdf       uv1 a  -4.98836e-01
pdf s-sb(2):0.000000                                                                                                      | 18        pdf       uv1 b   5.21802e+00
                                                                                                                          | 19       norm       idis      10016  9.69389e-01
reaction: unpol DIS                                                                                                       | 20       norm       idis      10017  9.98924e-01
filters: Q2>1.690000                                                                                                      | 21       norm       idis      10010  1.01441e+00
filters: W2>10.000000                                                                                                     | 22       norm       idis      10011  1.00884e+00
    idx tar        col  npts       chi2  chi2-npts      rchi2      nchi2                                                  | 23       norm       idis      10020  1.00188e+00
  10016   p      BCDMS   348     746.43     398.43      19.72       1.04                                                  | 
  10017   d      BCDMS   254     418.09     164.09      17.84       0.00                                                  | 
  10020   p        NMC   273     726.71     453.71      18.23       0.01                                                  | 
  10021 d/p        NMC   174     380.68     206.68       6.51       0.00                                                  | 
  10010   p       SLAC   218     388.63     170.63       0.00       0.47                                                  | 
  10011   d       SLAC   228     396.56     168.56       0.00       0.27                                                  | 
['pdf']
JAM FITTER                                                                                                                | 1        pdf       db1 N   4.73536e-02
count = 600                                                                                                               | 2        pdf       db1 a  -1.13905e-01
elapsed time(mins)=2.656342                                                                                               | 3        pdf       db1 b   4.76884e+00
shifts  = 3                                                                                                               | 4        pdf       dv1 a  -4.98511e-01
npts    = 1495                                                                                                            | 5        pdf       dv1 b   9.97031e+00
chi2    = 3053.128805                                                                                                     | 6        pdf        g1 a  -7.54991e-01
rchi2   = 63.125810                                                                                                       | 7        pdf        g1 b   2.89347e+00
nchi2   = 1.659953                                                                                                        | 8        pdf        s1 N   6.05780e-02
chi2tot = 3117.914569                                                                                                     | 9        pdf        s1 a   9.94473e-01
dchi2(iter)  = 4634.817805                                                                                                | 10        pdf        s1 b   5.54530e+00
dchi2(local) = -4634.817805                                                                                [H[J[H[J               | 11        pdf      sea1 N   1.79547e-02
pdf dv(1):1.000000                                                                                                        | 12        pdf      sea1 a  -1.40469e+00
pdf db-ub(2):-0.027928                                                                                                    | 13        pdf      sea1 b   1.33612e+00
pdf msr:1.000000                                                                                                          | 14        pdf       ub1 N   7.52820e-02
pdf db-ub(1):0.097263                                                                                                     | 15        pdf       ub1 a   8.94350e-01
pdf uv(1):2.000000                                                                                                        | 16        pdf       ub1 b   3.60743e+00
pdf s-sb(1):0.000000                                                                                                      | 17        pdf       uv1 a  -4.99800e-01
pdf s-sb(2):0.000000                                                                                                      | 18        pdf       uv1 b   4.76792e+00
                                                                                                                          | 19       norm       idis      10016  9.64951e-01
reaction: unpol DIS                                                                                                       | 20       norm       idis      10017  9.94779e-01
filters: Q2>1.690000                                                                                                      | 21       norm       idis      10010  1.00942e+00
filters: W2>10.000000                                                                                                     | 22       norm       idis      10011  1.00391e+00
    idx tar        col  npts       chi2  chi2-npts      rchi2      nchi2                                                  | 23       norm       idis      10020  9.97932e-01
  10016   p      BCDMS   348     745.20     397.20      20.82       1.36                                                  | 
  10017   d      BCDMS   254     417.76     163.76      18.12       0.03                                                  | 
  10020   p        NMC   273     726.27     453.27      18.07       0.01                                                  | 
  10021 d/p        NMC   174     379.27     205.27       6.11       0.00                                                  | 
  10010   p       SLAC   218     386.89     168.89       0.00       0.20                                                  | 
  10011   d       SLAC   228     397.73     169.73       0.00       0.05                                                  | 
['pdf']
JAM FITTER                                                                                                                | 1        pdf       db1 N   4.61994e-02
count = 700                                                                                                               | 2        pdf       db1 a  -7.36628e-02
elapsed time(mins)=3.117292                                                                                               | 3        pdf       db1 b   4.88339e+00
shifts  = 1                                                                                                               | 4        pdf       dv1 a  -4.93191e-01
npts    = 1495                                                                                                            | 5        pdf       dv1 b   9.98627e+00
chi2    = 3052.497067                                                                                                     | 6        pdf        g1 a  -7.49606e-01
rchi2   = 63.029497                                                                                                       | 7        pdf        g1 b   2.87061e+00
nchi2   = 1.662006                                                                                                        | 8        pdf        s1 N   6.02112e-02
chi2tot = 3117.188571                                                                                                     | 9        pdf        s1 a   9.98515e-01
dchi2(iter)  = 4634.817805                                                                                                | 10        pdf        s1 b   5.42898e+00
dchi2(local) = -0.725998                                                                                                  | 11        pdf      sea1 N   1.86579e-02
pdf dv(1):1.000000                                                                                                        | 12        pdf      sea1 a  -1.38665e+00
pdf db-ub(2):-0.024780                                                                                                    | 13        pdf      sea1 b   1.40898e+00
pdf msr:1.000000                                                                                                          | 14        pdf       ub1 N   7.09797e-02
pdf db-ub(1):0.097234                                                                                                     | 15        pdf       ub1 a   8.91606e-01
pdf uv(1):2.000000                                                                                                        | 16        pdf       ub1 b   3.56805e+00
pdf s-sb(1):0.000000                                                                                                      | 17        pdf       uv1 a  -4.99999e-01
pdf s-sb(2):0.000000                                                                                                      | 18        pdf       uv1 b   4.51906e+00
                                                                                                                          | 19       norm       idis      10016  9.64258e-01
reaction: unpol DIS                                                                                                       | 20       norm       idis      10017  9.94111e-01
filters: Q2>1.690000                                                                                                      | 21       norm       idis      10010  1.00829e+00
filters: W2>10.000000                                                                                                     | 22       norm       idis      10011  1.00275e+00
    idx tar        col  npts       chi2  chi2-npts      rchi2      nchi2                                                  | 23       norm       idis      10020  9.97039e-01
  10016   p      BCDMS   348     744.99     396.99      20.79       1.42                                                  | 
  10017   d      BCDMS   254     418.28     164.28      18.13       0.04                                                  | 
  10020   p        NMC   273     725.89     452.89      18.06       0.02                                                  | 
  10021 d/p        NMC   174     379.12     205.12       6.05       0.00                                                  | 
  10010   p       SLAC   218     386.55     168.55       0.00       0.16                                                  | 
  10011   d       SLAC   228     397.67     169.67       0.00       0.03                                                  | 
['pdf']
JAM FITTER                                                                                                                | 1        pdf       db1 N   4.42956e-02
count = 800                                                                                                               | 2        pdf       db1 a  -3.41215e-02
elapsed time(mins)=3.581317                                                                                               | 3        pdf       db1 b   4.90387e+00
shifts  = 3                                                                                                               | 4        pdf       dv1 a  -4.75311e-01
npts    = 1495                                                                                                            | 5        pdf       dv1[H[J b   9.98887e+00
chi2    = 3051.941818                                                                                                     | 6        pdf        g1 a  -7.42734e-01
rchi2   = 63.059357                                                                                                       | 7        pdf        g1 b   2.85678e+00
nchi2   = 1.696340                                                                                                        | 8        pdf        s1 N   6.03914e-02
chi2tot = 3116.697514                                                                                                     | 9        pdf        s1 a   9.99035e-01
dchi2(iter)  = 1.217054                                                                                                   | 10        pdf        s1 b   5.44364e+00
dchi2(local) = -1.217054                                                                                                  | 11        pdf      sea1 N   1.94021e-02
pdf dv(1):1.000000                                                                                                        | 12        pdf      sea1 a  -1.36671e+00
pdf db-ub(2):-0.021580                                                                                                    | 13        pdf      sea1 b   1.50491e+00
pdf msr:1.000000                                                                                                          | 14        pdf       ub1 N   6.58752e-02
pdf db-ub(1):0.092020                                                                                                     | 15        pdf       ub1 a   8.97526e-01
pdf uv(1):2.000000                                                                                                        | 16        pdf       ub1 b   3.52681e+00
pdf s-sb(1):0.000000                                                                                                      | 17        pdf       uv1 a  -5.00000e-01
pdf s-sb(2):-0.000000                                                                                                     | 18        pdf       uv1 b   4.24909e+00
                                                                                                                          | 19       norm       idis      10016  9.63465e-01
reaction: unpol DIS                                                                                                       | 20       norm       idis      10017  9.93328e-01
filters: Q2>1.690000                                                                                                      | 21       norm       idis      10010  1.00718e+00
filters: W2>10.000000                                                                                                     | 22       norm       idis      10011  1.00155e+00
    idx tar        col  npts       chi2  chi2-npts      rchi2      nchi2                                                  | 23       norm       idis      10020  9.96068e-01
  10016   p      BCDMS   348     743.75     395.75      20.54       1.48                                                  | 
  10017   d      BCDMS   254     418.91     164.91      18.22       0.05                                                  | 
  10020   p        NMC   273     725.44     452.44      18.16       0.04                                                  | 
  10021 d/p        NMC   174     379.20     205.20       6.14       0.00                                                  | 
  10010   p       SLAC   218     386.88     168.88       0.00       0.12                                                  | 
  10011   d       SLAC   228     397.77     169.77       0.00       0.01                                                  | 
['pdf']
JAM FITTER                                                                                                                | 1        pdf       db1 N   4.32361e-02
count = 900                                                                                                               | 2        pdf       db1 a  -3.21456e-03
elapsed time(mins)=4.031389                                                                                               | 3        pdf       db1 b   4.95268e+00
shifts  = 3                                                                                                               | 4        pdf       dv1 a  -4.65386e-01
npts    = 1495                                                                                                            | 5        pdf       dv1 b   9.99412e+00
chi2    = 3051.781969                                                                                                     | 6        pdf        g1 a  -7.39155e-01
rchi2   = 63.113512                                                                                                       | 7        pdf        g1 b   2.85303e+00
nchi2   = 1.709536                                                                                                        | 8        pdf        s1 N   6.03365e-02
chi2tot = 3116.605016                                                                                                     | 9        pdf        s1 a   9.99873e-01
dchi2(iter)  = 0.092498                                                                                                   | 10        pdf        s1 b   5.39875e+00
dchi2(local) = -0.092498                                                                                                  | 11        pdf      sea1 N   1.98700e-02
pdf dv(1):1.000000                                                                                                        | 12        pdf      sea1 a  -1.35525e+00
pdf db-ub(2):-0.019490                                                                                                    | 13        pdf      sea1 b   1.55864e+00
pdf msr:1.000000                                                                                                          | 14        pdf       ub1 N   6.27262e-02
pdf db-ub(1):0.089403                                                                                                     | 15        pdf       ub1 a   8.90401e-01
pdf uv(1):2.000000                                                                                                        | 16        pdf       ub1 b   3.49976e+00
pdf s-sb(1):0.000000                                                                                                      | 17        pdf       uv1 a  -5.00000e-01
pdf s-sb(2):-0.000000                                                                                                     | 18        pdf       uv1 b   4.08856e+00
                                                                                                                          | 19       norm       idis      10016  9.63258e-01
reaction: unpol DIS                                                                                                       | 20       norm       idis      10017  9.93105e-01
filters: Q2>1.690000                                                                                                      | 21       norm       idis      10010  1.00683e+00
filters: W2>10.000000                                                                                                     | 22       norm       idis      10011  1.00116e+00
    idx tar        col  npts       chi2  chi2-npts      rchi2      nchi2                                                  | 23       norm       idis      10020  9.95704e-01
  10016   p      BCDMS   348     743.43     395.43      20.42       1.50                                                  | 
  10017   d      BCDMS   254     419.45     165.45      18.28       0.05                                                  | 
  10020   p        NMC   273     725.22     452.22      18.23       0.05                                                  | 
  10021 d/p        NMC   174     379.22     205.22       6.19       0.00                                                  | 
  10010   p       SLAC   218     386.90     168.90       0.00       0.11                                            [H[J[H[J      | 
  10011   d       SLAC   228     397.57     169.57       0.00       0.00                                                  | 
['pdf']
JAM FITTER                                                                                                                | 1        pdf       db1 N   4.31136e-02
count = 1000                                                                                                              | 2        pdf       db1 a  -1.46463e-06
elapsed time(mins)=4.479053                                                                                               | 3        pdf       db1 b   4.94320e+00
shifts  = 3                                                                                                               | 4        pdf       dv1 a  -4.63337e-01
npts    = 1495                                                                                                            | 5        pdf       dv1 b   9.99583e+00
chi2    = 3051.892062                                                                                                     | 6        pdf        g1 a  -7.38855e-01
rchi2   = 63.001276                                                                                                       | 7        pdf        g1 b   2.84814e+00
nchi2   = 1.704758                                                                                                        | 8        pdf        s1 N   6.00749e-02
chi2tot = 3116.598096                                                                                                     | 9        pdf        s1 a   9.99988e-01
dchi2(iter)  = 0.006920                                                                                                   | 10        pdf        s1 b   5.41770e+00
dchi2(local) = -0.006920                                                                                                  | 11        pdf      sea1 N   1.99306e-02
pdf dv(1):1.000000                                                                                                        | 12        pdf      sea1 a  -1.35358e+00
pdf db-ub(2):-0.019229                                                                                                    | 13        pdf      sea1 b   1.56839e+00
pdf msr:1.000000                                                                                                          | 14        pdf       ub1 N   6.23423e-02
pdf db-ub(1):0.088783                                                                                                     | 15        pdf       ub1 a   8.91658e-01
pdf uv(1):2.000000                                                                                                        | 16        pdf       ub1 b   3.49748e+00
pdf s-sb(1):0.000000                                                                                                      | 17        pdf       uv1 a  -5.00000e-01
pdf s-sb(2):0.000000                                                                                                      | 18        pdf       uv1 b   4.06690e+00
                                                                                                                          | 19       norm       idis      10016  9.63293e-01
reaction: unpol DIS                                                                                                       | 20       norm       idis      10017  9.93146e-01
filters: Q2>1.690000                                                                                                      | 21       norm       idis      10010  1.00680e+00
filters: W2>10.000000                                                                                                     | 22       norm       idis      10011  1.00111e+00
    idx tar        col  npts       chi2  chi2-npts      rchi2      nchi2                                                  | 23       norm       idis      10020  9.95703e-01
  10016   p      BCDMS   348     743.34     395.34      20.33       1.50                                                  | 
  10017   d      BCDMS   254     419.50     165.50      18.24       0.05                                                  | 
  10020   p        NMC   273     725.18     452.18      18.23       0.05                                                  | 
  10021 d/p        NMC   174     379.23     205.23       6.20       0.00                                                  | 
  10010   p       SLAC   218     386.94     168.94       0.00       0.10                                                  | 
  10011   d       SLAC   228     397.69     169.69       0.00       0.00                                                  | 
['pdf']
JAM FITTER                                                                                                                | 1        pdf       db1 N   4.30868e-02
count = 1100                                                                                                              | 2        pdf       db1 a   1.20259e-03
elapsed time(mins)=4.936439                                                                                               | 3        pdf       db1 b   4.94958e+00
shifts  = 3                                                                                                               | 4        pdf       dv1 a  -4.63310e-01
npts    = 1495                                                                                                            | 5        pdf       dv1 b   9.99669e+00
chi2    = 3051.882080                                                                                                     | 6        pdf        g1 a  -7.38471e-01
rchi2   = 63.008418                                                                                                       | 7        pdf        g1 b   2.85045e+00
nchi2   = 1.706576                                                                                                        | 8        pdf        s1 N   6.01572e-02
chi2tot = 3116.597074                                                                                                     | 9        pdf        s1 a   9.99998e-01
dchi2(iter)  = 0.001023                                                                                                   | 10        pdf        s1 b   5.40903e+00
dchi2(local) = -0.001023                                                                                                  | 11        pdf      sea1 N   1.99399e-02
pdf dv(1):1.000000                                                                                                        | 12        pdf      sea1 a  -1.35337e+00
pdf db-ub(2):-0.019168                                                                                                    | 13        pdf      sea1 b   1.56935e+00
pdf msr:1.000000                                                                                                          | 14        pdf       ub1 N   6.22544e-02
pdf db-ub(1):0.088812                                                                                                     | 15        pdf       ub1 a   8.90492e-01
pdf uv(1):2.000000                                                                                                        | 16        pdf       ub1 b   3.49619e+00
pdf s-sb(1):0.000000                                                                                                      | 17        pdf       uv1 a  -5.00000e-01
pdf s-sb(2):-0.000000                                                                                                     | 18        pdf       uv1 b   4.06319e+00
                                                                                                                          | 19       norm       idis      10016  9.63276e-01
reaction: unpol DIS                                                                                                       | 20       norm       idis      10017  9.93129e-01
filters: Q2>1.690000                                                                                                      | 21       norm       idis      10010  1.00680e+00
filters: W2>10.000000 [H[J[H[J                                                                                                    | 22       norm       idis      10011  1.00111e+00
    idx tar        col  npts       chi2  chi2-npts      rchi2      nchi2                                                  | 23       norm       idis      10020  9.95690e-01
  10016   p      BCDMS   348     743.34     395.34      20.34       1.50                                                  | 
  10017   d      BCDMS   254     419.51     165.51      18.24       0.05                                                  | 
  10020   p        NMC   273     725.18     452.18      18.24       0.05                                                  | 
  10021 d/p        NMC   174     379.22     205.22       6.20       0.00                                                  | 
  10010   p       SLAC   218     386.95     168.95       0.00       0.10                                                  | 
  10011   d       SLAC   228     397.69     169.69       0.00       0.00                                                  | 
['pdf']
JAM FITTER                                                                                                                | 1        pdf       db1 N   4.30858e-02
count = 1200                                                                                                              | 2        pdf       db1 a   1.58463e-03
elapsed time(mins)=5.393414                                                                                               | 3        pdf       db1 b   4.95219e+00
shifts  = 3                                                                                                               | 4        pdf       dv1 a  -4.63362e-01
npts    = 1495                                                                                                            | 5        pdf       dv1 b   9.99773e+00
chi2    = 3051.878451                                                                                                     | 6        pdf        g1 a  -7.38472e-01
rchi2   = 63.010757                                                                                                       | 7        pdf        g1 b   2.85093e+00
nchi2   = 1.707042                                                                                                        | 8        pdf        s1 N   6.01774e-02
chi2tot = 3116.596250                                                                                                     | 9        pdf        s1 a   1.00000e+00
dchi2(iter)  = 0.000824                                                                                                   | 10        pdf        s1 b   5.40543e+00
dchi2(local) = -0.000824                                                                                                  | 11        pdf      sea1 N   1.99418e-02
pdf dv(1):1.000000                                                                                                        | 12        pdf      sea1 a  -1.35334e+00
pdf db-ub(2):-0.019154                                                                                                    | 13        pdf      sea1 b   1.56925e+00
pdf msr:1.000000                                                                                                          | 14        pdf       ub1 N   6.22398e-02
pdf db-ub(1):0.088844                                                                                                     | 15        pdf       ub1 a   8.90052e-01
pdf uv(1):2.000000                                                                                                        | 16        pdf       ub1 b   3.49592e+00
pdf s-sb(1):0.000000                                                                                                      | 17        pdf       uv1 a  -5.00000e-01
pdf s-sb(2):0.000000                                                                                                      | 18        pdf       uv1 b   4.06266e+00
                                                                                                                          | 19       norm       idis      10016  9.63272e-01
reaction: unpol DIS                                                                                                       | 20       norm       idis      10017  9.93125e-01
filters: Q2>1.690000                                                                                                      | 21       norm       idis      10010  1.00680e+00
filters: W2>10.000000                                                                                                     | 22       norm       idis      10011  1.00111e+00
    idx tar        col  npts       chi2  chi2-npts      rchi2      nchi2                                                  | 23       norm       idis      10020  9.95688e-01
  10016   p      BCDMS   348     743.35     395.35      20.34       1.50                                                  | 
  10017   d      BCDMS   254     419.51     165.51      18.24       0.05                                                  | 
  10020   p        NMC   273     725.18     452.18      18.24       0.05                                                  | 
  10021 d/p        NMC   174     379.22     205.22       6.20       0.00                                                  | 
  10010   p       SLAC   218     386.95     168.95       0.00       0.10                                                  | 
  10011   d       SLAC   228     397.68     169.68       0.00       0.00                                                  | 
['pdf']
JAM FITTER                                                                                                                | 1        pdf       db1 N   4.31005e-02
count = 1300                                                                                                              | 2        pdf       db1 a   9.08568e-04
elapsed time(mins)=5.817269                                                                                               | 3        pdf       db1 b   4.94619e+00
shifts  = 3                                                                                                               | 4        pdf       dv1 a  -4.63190e-01
npts    = 1495                                                                                                            | 5        pdf       dv1 b   9.99817e+00
chi2    = 3051.887581                                                                                                     | 6        pdf        g1 a  -7.38756e-01
rchi2   = 63.002988                                                                                                       | 7        pdf        g1 b   2.84862e+00
nchi2   = 1.704995                                                                                                        | 8        pdf        s1 N   6.00841e-02
chi2tot = 3116.595565                                                                                                     | 9        pdf        s1 a   1.00000e+00
dchi2(iter)  = 0.000686                                                                                                   | 10        pdf        s1 b   5.41445e+00
dchi2(local) = -0.000686                                                                                                  | 11        pdf      sea1 N   1.99384e-02
pdf dv(1):1.000000                                                                                                        | 12        pdf      sea1 a  -1.35340e+00
pdf db-ub(2):-0.019186                                                                                                    | 13        pdf      sea1 b   1.56921e+00
pdf msr:1.000000                                                                                                          | 14        pdf       ub1 N   6.22868e-02
pdf db-ub(1):0.088757                                                                                                     | 15        pdf       ub1 a   8.91139e-01
pdf uv(1):2.000000                                                                           [H[J[H[J                             | 16        pdf       ub1 b   3.49682e+00
pdf s-sb(1):0.000000                                                                                                      | 17        pdf       uv1 a  -5.00000e-01
pdf s-sb(2):-0.000000                                                                                                     | 18        pdf       uv1 b   4.06417e+00
                                                                                                                          | 19       norm       idis      10016  9.63291e-01
reaction: unpol DIS                                                                                                       | 20       norm       idis      10017  9.93145e-01
filters: Q2>1.690000                                                                                                      | 21       norm       idis      10010  1.00680e+00
filters: W2>10.000000                                                                                                     | 22       norm       idis      10011  1.00111e+00
    idx tar        col  npts       chi2  chi2-npts      rchi2      nchi2                                                  | 23       norm       idis      10020  9.95700e-01
  10016   p      BCDMS   348     743.34     395.34      20.33       1.50                                                  | 
  10017   d      BCDMS   254     419.51     165.51      18.24       0.05                                                  | 
  10020   p        NMC   273     725.18     452.18      18.23       0.05                                                  | 
  10021 d/p        NMC   174     379.23     205.23       6.20       0.00                                                  | 
  10010   p       SLAC   218     386.94     168.94       0.00       0.10                                                  | 
  10011   d       SLAC   228     397.69     169.69       0.00       0.00                                                  | 
['pdf']
JAM FITTER                                                                                                                | 1        pdf       db1 N   4.30962e-02
count = 1400                                                                                                              | 2        pdf       db1 a   1.30491e-03
elapsed time(mins)=6.223675                                                                                               | 3        pdf       db1 b   4.94963e+00
shifts  = 23                                                                                                              | 4        pdf       dv1 a  -4.63284e-01
npts    = 1495                                                                                                            | 5        pdf       dv1 b   9.99873e+00
chi2    = 3051.882822                                                                                                     | 6        pdf        g1 a  -7.38634e-01
rchi2   = 63.006238                                                                                                       | 7        pdf        g1 b   2.84979e+00
nchi2   = 1.705991                                                                                                        | 8        pdf        s1 N   6.01313e-02
chi2tot = 3116.595051                                                                                                     | 9        pdf        s1 a   1.00000e+00
dchi2(iter)  = 0.000513                                                                                                   | 10        pdf        s1 b   5.40945e+00
dchi2(local) = -0.000513                                                                                                  | 11        pdf      sea1 N   1.99394e-02
pdf dv(1):1.000000                                                                                                        | 12        pdf      sea1 a  -1.35340e+00
pdf db-ub(2):-0.019172                                                                                                    | 13        pdf      sea1 b   1.56910e+00
pdf msr:1.000000                                                                                                          | 14        pdf       ub1 N   6.22685e-02
pdf db-ub(1):0.088802                                                                                                     | 15        pdf       ub1 a   8.90528e-01
pdf uv(1):2.000000                                                                                                        | 16        pdf       ub1 b   3.49637e+00
pdf s-sb(1):0.000000                                                                                                      | 17        pdf       uv1 a  -5.00000e-01
pdf s-sb(2):0.000000                                                                                                      | 18        pdf       uv1 b   4.06367e+00
                                                                                                                          | 19       norm       idis      10016  9.63282e-01
reaction: unpol DIS                                                                                                       | 20       norm       idis      10017  9.93136e-01
filters: Q2>1.690000                                                                                                      | 21       norm       idis      10010  1.00680e+00
filters: W2>10.000000                                                                                                     | 22       norm       idis      10011  1.00112e+00
    idx tar        col  npts       chi2  chi2-npts      rchi2      nchi2                                                  | 23       norm       idis      10020  9.95695e-01
  10016   p      BCDMS   348     743.34     395.34      20.34       1.50                                                  | 
  10017   d      BCDMS   254     419.51     165.51      18.24       0.05                                                  | 
  10020   p        NMC   273     725.18     452.18      18.23       0.05                                                  | 
  10021 d/p        NMC   174     379.22     205.22       6.20       0.00                                                  | 
  10010   p       SLAC   218     386.95     168.95       0.00       0.11                                                  | 
  10011   d       SLAC   228     397.69     169.69       0.00       0.00                                                  | 
['pdf']
JAM FITTER                                                                                                                | 1        pdf       db1 N   4.30961e-02
count = 1500                                                                                                              | 2        pdf       db1 a   1.37183e-03
elapsed time(mins)=6.625316                                                                                               | 3        pdf       db1 b   4.94991e+00
shifts  = 3                                                                                                               | 4        pdf       dv1 a  -4.63277e-01
npts    = 1495                                                                                                            | 5        pdf       dv1 b   9.99904e+00
chi2    = 3051.882414                                                                                                     | 6        pdf        g1 a  -7.38630e-01
rchi2   = 63.006352                                                                                                       | 7        pdf        g1 b   2.84983e+00
nchi2   = 1.705990                                                                                                        | 8        pdf        s1 N   6.01317e-02
chi2tot = 3116.594755                                                                                                     | 9        pdf        s1 a   1.00000e+00
dchi2(iter)  = 0.000296                                                                                                   | 10        pdf[H[J[H[J        s1 b   5.40916e+00
dchi2(local) = -0.000296                                                                                                  | 11        pdf      sea1 N   1.99397e-02
pdf dv(1):1.000000                                                                                                        | 12        pdf      sea1 a  -1.35339e+00
pdf db-ub(2):-0.019170                                                                                                    | 13        pdf      sea1 b   1.56911e+00
pdf msr:1.000000                                                                                                          | 14        pdf       ub1 N   6.22664e-02
pdf db-ub(1):0.088801                                                                                                     | 15        pdf       ub1 a   8.90485e-01
pdf uv(1):2.000000                                                                                                        | 16        pdf       ub1 b   3.49634e+00
pdf s-sb(1):0.000000                                                                                                      | 17        pdf       uv1 a  -5.00000e-01
pdf s-sb(2):-0.000000                                                                                                     | 18        pdf       uv1 b   4.06356e+00
                                                                                                                          | 19       norm       idis      10016  9.63282e-01
reaction: unpol DIS                                                                                                       | 20       norm       idis      10017  9.93136e-01
filters: Q2>1.690000                                                                                                      | 21       norm       idis      10010  1.00681e+00
filters: W2>10.000000                                                                                                     | 22       norm       idis      10011  1.00112e+00
    idx tar        col  npts       chi2  chi2-npts      rchi2      nchi2                                                  | 23       norm       idis      10020  9.95695e-01
  10016   p      BCDMS   348     743.34     395.34      20.34       1.50                                                  | 
  10017   d      BCDMS   254     419.51     165.51      18.24       0.05                                                  | 
  10020   p        NMC   273     725.18     452.18      18.23       0.05                                                  | 
  10021 d/p        NMC   174     379.22     205.22       6.20       0.00                                                  | 
  10010   p       SLAC   218     386.95     168.95       0.00       0.11                                                  | 
  10011   d       SLAC   228     397.69     169.69       0.00       0.00                                                  | 
['pdf']
JAM FITTER                                                                                                                | 1        pdf       db1 N   4.31029e-02
count = 1600                                                                                                              | 2        pdf       db1 a   1.07200e-03
elapsed time(mins)=7.039655                                                                                               | 3        pdf       db1 b   4.94723e+00
shifts  = 3                                                                                                               | 4        pdf       dv1 a  -4.63203e-01
npts    = 1495                                                                                                            | 5        pdf       dv1 b   9.99928e+00
chi2    = 3051.886291                                                                                                     | 6        pdf        g1 a  -7.38766e-01
rchi2   = 63.003103                                                                                                       | 7        pdf        g1 b   2.84875e+00
nchi2   = 1.705076                                                                                                        | 8        pdf        s1 N   6.00891e-02
chi2tot = 3116.594470                                                                                                     | 9        pdf        s1 a   1.00000e+00
dchi2(iter)  = 0.000285                                                                                                   | 10        pdf        s1 b   5.41321e+00
dchi2(local) = -0.000285                                                                                                  | 11        pdf      sea1 N   1.99382e-02
pdf dv(1):1.000000                                                                                                        | 12        pdf      sea1 a  -1.35342e+00
pdf db-ub(2):-0.019185                                                                                                    | 13        pdf      sea1 b   1.56908e+00
pdf msr:1.000000                                                                                                          | 14        pdf       ub1 N   6.22878e-02
pdf db-ub(1):0.088763                                                                                                     | 15        pdf       ub1 a   8.90978e-01
pdf uv(1):2.000000                                                                                                        | 16        pdf       ub1 b   3.49675e+00
pdf s-sb(1):0.000000                                                                                                      | 17        pdf       uv1 a  -5.00000e-01
pdf s-sb(2):0.000000                                                                                                      | 18        pdf       uv1 b   4.06425e+00
                                                                                                                          | 19       norm       idis      10016  9.63291e-01
reaction: unpol DIS                                                                                                       | 20       norm       idis      10017  9.93145e-01
filters: Q2>1.690000                                                                                                      | 21       norm       idis      10010  1.00681e+00
filters: W2>10.000000                                                                                                     | 22       norm       idis      10011  1.00111e+00
    idx tar        col  npts       chi2  chi2-npts      rchi2      nchi2                                                  | 23       norm       idis      10020  9.95701e-01
  10016   p      BCDMS   348     743.34     395.34      20.33       1.50                                                  | 
  10017   d      BCDMS   254     419.50     165.50      18.24       0.05                                                  | 
  10020   p        NMC   273     725.18     452.18      18.23       0.05                                                  | 
  10021 d/p        NMC   174     379.23     205.23       6.20       0.00                                                  | 
  10010   p       SLAC   218     386.94     168.94       0.00       0.11                                                  | 
  10011   d       SLAC   228     397.69     169.69       0.00       0.00                                                  | 
['pdf']
JAM FITTER                                                                                                                | 1        pdf       db1 N   4.30959e-02
count = 1700                                                                                                              | 2        pdf       db1 a   1.45604e-03
elapsed time(mins)=7.453832                                                                                               | 3        pdf       db1 b   4.94952e+00
shifts  = 2                                                                                                               | 4        pdf       dv1 a  -4.63220e-01
npts    = 14[H[J95                                                                                                            | 5        pdf       dv1 b   9.99961e+00
chi2    = 3051.883256                                                                                                     | 6        pdf        g1 a  -7.38659e-01
rchi2   = 63.005250                                                                                                       | 7        pdf        g1 b   2.84948e+00
nchi2   = 1.705669                                                                                                        | 8        pdf        s1 N   6.01157e-02
chi2tot = 3116.594176                                                                                                     | 9        pdf        s1 a   1.00000e+00
dchi2(iter)  = 0.000285                                                                                                   | 10        pdf        s1 b   5.41006e+00
dchi2(local) = -0.000294                                                                                                  | 11        pdf      sea1 N   1.99410e-02
pdf dv(1):1.000000                                                                                                        | 12        pdf      sea1 a  -1.35336e+00
pdf db-ub(2):-0.019166                                                                                                    | 13        pdf      sea1 b   1.56925e+00
pdf msr:1.000000                                                                                                          | 14        pdf       ub1 N   6.22623e-02
pdf db-ub(1):0.088782                                                                                                     | 15        pdf       ub1 a   8.90579e-01
pdf uv(1):2.000000                                                                                                        | 16        pdf       ub1 b   3.49638e+00
pdf s-sb(1):0.000000                                                                                                      | 17        pdf       uv1 a  -5.00000e-01
pdf s-sb(2):0.000000                                                                                                      | 18        pdf       uv1 b   4.06322e+00
                                                                                                                          | 19       norm       idis      10016  9.63285e-01
reaction: unpol DIS                                                                                                       | 20       norm       idis      10017  9.93139e-01
filters: Q2>1.690000                                                                                                      | 21       norm       idis      10010  1.00681e+00
filters: W2>10.000000                                                                                                     | 22       norm       idis      10011  1.00111e+00
    idx tar        col  npts       chi2  chi2-npts      rchi2      nchi2                                                  | 23       norm       idis      10020  9.95696e-01
  10016   p      BCDMS   348     743.34     395.34      20.34       1.50                                                  | 
  10017   d      BCDMS   254     419.50     165.50      18.24       0.05                                                  | 
  10020   p        NMC   273     725.18     452.18      18.23       0.05                                                  | 
  10021 d/p        NMC   174     379.22     205.22       6.20       0.00                                                  | 
  10010   p       SLAC   218     386.95     168.95       0.00       0.11                                                  | 
  10011   d       SLAC   228     397.69     169.69       0.00       0.00                                                  | 
['pdf']
JAM FITTER                                                                                                                | 1        pdf       db1 N   4.30996e-02
count = 1761                                                                                                              | 2        pdf       db1 a   1.25995e-03
elapsed time(mins)=7.708595                                                                                               | 3        pdf       db1 b   4.94784e+00
shifts  = 2                                                                                                               | 4        pdf       dv1 a  -4.63174e-01
npts    = 1495                                                                                                            | 5        pdf       dv1 b   9.99963e+00
chi2    = 3051.885631                                                                                                     | 6        pdf        g1 a  -7.38725e-01
rchi2   = 63.003373                                                                                                       | 7        pdf        g1 b   2.84889e+00
nchi2   = 1.705117                                                                                                        | 8        pdf        s1 N   6.00910e-02
chi2tot = 3116.594121                                                                                                     | 9        pdf        s1 a   1.00000e+00
dchi2(iter)  = 0.000285                                                                                                   | 10        pdf        s1 b   5.41255e+00
dchi2(local) = -0.000349                                                                                                  | 11        pdf      sea1 N   1.99400e-02
pdf dv(1):1.000000                                                                                                        | 12        pdf      sea1 a  -1.35338e+00
pdf db-ub(2):-0.019175                                                                                                    | 13        pdf      sea1 b   1.56924e+00
pdf msr:1.000000                                                                                                          | 14        pdf       ub1 N   6.22749e-02
pdf db-ub(1):0.088758                                                                                                     | 15        pdf       ub1 a   8.90881e-01
pdf uv(1):2.000000                                                                                                        | 16        pdf       ub1 b   3.49662e+00
pdf s-sb(1):-0.000000                                                                                                     | 17        pdf       uv1 a  -5.00000e-01
pdf s-sb(2):0.000000                                                                                                      | 18        pdf       uv1 b   4.06363e+00
                                                                                                                          | 19       norm       idis      10016  9.63290e-01
reaction: unpol DIS                                                                                                       | 20       norm       idis      10017  9.93144e-01
filters: Q2>1.690000                                                                                                      | 21       norm       idis      10010  1.00681e+00
filters: W2>10.000000                                                                                                     | 22       norm       idis      10011  1.00111e+00
    idx tar        col  npts       chi2  chi2-npts      rchi2      nchi2                                                  | 23       norm       idis      10020  9.95700e-01
  10016   p      BCDMS   348     743.34     395.34      20.33       1.50                                                  | 
  10017   d      BCDMS   254     419.50     165.50      18.24       0.05                                                  | 
  10020   p        NMC   273     725.18     452.18      18.23       0.05                                                  | 
  10021 d/p        NMC   174     379.23     205.23       6.20       0.00                                                  | 
  10010   p       SLAC   218     386.95     168.95       0.00       0.11                                                  | 
  10011   d       SLAC   228     397.69     169.69       0.00       0.00                                                  | 
