('active', 'pdf')

--step 1: npQCD objects = pdf , datasets = idis , tmc = False , ht = False
loading idis data sets 10016
loading idis data sets 10017
loading idis data sets 10020
loading idis data sets 10021
loading idis data sets 10010
loading idis data sets 10011
Loading DIS tables...
10016 has norm uncertainty
10017 has norm uncertainty
10020 has norm uncertainty
10010 has norm uncertainty
10011 has norm uncertainty
[H[J[H[J['pdf']
JAM FITTER                                                                                                                | 1        pdf       db1 N   8.54426e-02
count = 100                                                                                                               | 2        pdf       db1 a  -4.90646e-01
elapsed time(mins)=0.409151                                                                                               | 3        pdf       db1 b   4.73262e+00
shifts  = 2                                                                                                               | 4        pdf       dv1 a  -3.62478e-01
npts    = 1495                                                                                                            | 5        pdf       dv1 b   1.89009e+00
chi2    = 13839.840009                                                                                                    | 6        pdf        g1 a   7.60547e-01
rchi2   = 2947.411616                                                                                                     | 7        pdf        g1 b   8.68533e-01
nchi2   = 185.459739                                                                                                      | 8        pdf        s1 N   8.66833e-03
chi2tot = 16972.711364                                                                                                    | 9        pdf        s1 a  -5.81363e-01
dchi2(iter)  = 0.000000                                                                                                   | 10        pdf        s1 b   9.92921e+00
dchi2(local) = -inf                                                                                                       | 11        pdf      sea1 N   1.80795e-02
pdf dv(1):1.000000                                                                                                        | 12        pdf      sea1 a  -1.67004e+00
pdf db-ub(2):0.063283                                                                                                     | 13        pdf      sea1 b   8.87456e+00
pdf msr:1.000000                                                                                                          | 14        pdf       ub1 N   2.21593e-02
pdf db-ub(1):0.632490                                                                                                     | 15        pdf       ub1 a  -8.41082e-01
pdf uv(1):2.000000                                                                                                        | 16        pdf       ub1 b   1.81433e+00
pdf s-sb(1):0.000000                                                                                                      | 17        pdf       uv1 a  -2.41604e-01
pdf s-sb(2):0.000000                                                                                                      | 18        pdf       uv1 b   3.28123e+00
                                                                                                                          | 19       norm       idis      10016  1.03951e+00
reaction: unpol DIS                                                                                                       | 20       norm       idis      10017  1.16847e+00
filters: Q2>1.690000                                                                                                      | 21       norm       idis      10010  1.12135e+00
filters: W2>10.000000                                                                                                     | 22       norm       idis      10011  1.18524e+00
    idx tar        col  npts       chi2  chi2-npts      rchi2      nchi2                                                  | 23       norm       idis      10020  1.00516e+00
  10016   p      BCDMS   348     989.18     641.18      36.68       1.73                                                  | 
  10017   d      BCDMS   254     906.63     652.63     620.64      31.53                                                  | 
  10020   p        NMC   273    3296.45    3023.45     381.72       0.07                                                  | 
  10021 d/p        NMC   174    3178.31    3004.31    1908.37       0.00                                                  | 
  10010   p       SLAC   218     812.99     594.99       0.00      33.39                                                  | 
  10011   d       SLAC   228    4656.27    4428.27       0.00     118.73                                                  | 
['pdf']
JAM FITTER                                                                                                                | 1        pdf       db1 N   4.78085e-02
count = 200                                                                                                               | 2        pdf       db1 a  -5.57240e-01
elapsed time(mins)=0.814572                                                                                               | 3        pdf       db1 b   4.14689e+00
shifts  = 3                                                                                                               | 4        pdf       dv1 a  -4.03053e-01
npts    = 1495                                                                                                            | 5        pdf       dv1 b   3.71810e+00
chi2    = 3231.696013                                                                                                     | 6        pdf        g1 a  -4.87333e-01
rchi2   = 130.158521                                                                                                      | 7        pdf        g1 b   5.46442e+00
nchi2   = 194.867646                                                                                                      | 8        pdf        s1 N   1.23504e-02
chi2tot = 3556.722180                                                                                                     | 9        pdf        s1 a  -7.19345e-01
dchi2(iter)  = inf                                                                                                        | 10        pdf        s1 b   9.99998e+00
dchi2(local) = -inf                                                                                                       | 11        pdf      sea1 N   1.13055e-02
pdf dv(1):1.000000                                                                                                        | 12        pdf      sea1 a  -1.42170e+00
pdf db-ub(2):0.020525                                                                                                     | 13        pdf      sea1 b   3.81404e+00
pdf msr:1.000000                                                                                                          | 14        pdf       ub1 N   2.72837e-02
pdf db-ub(1):-0.677658                                                                                                    | 15        pdf       ub1 a  -9.10725e-01
pdf uv(1):2.000000                                                                                                        | 16        pdf       ub1 b   3.10300e+00
pdf s-sb(1):-0.000000                                                                                                     | 17        pdf       uv1 a  -1.62219e-01
pdf s-sb(2):-0.000000                                                                                                     | 18        pdf       uv1 b   3.00157e+00
                                                                                                                          | 19       norm       idis      10016  1.08158e+00
reaction: unpol DIS                                                                                                       | 20       norm       idis      10017  1.12165e+00
filters: Q2>1.690000                                                                                                      | 21       norm       idis      10010  1.15452e+00
filters: W2>10.000000                                                                                                     | 22       norm       idis      10[H[J[H[J011  1.16355e+00
    idx tar        col  npts       chi2  chi2-npts      rchi2      nchi2                                                  | 23       norm       idis      10020  1.09866e+00
  10016   p      BCDMS   348     781.92     433.92      53.10       7.40                                                  | 
  10017   d      BCDMS   254     548.07     294.07      31.22      16.44                                                  | 
  10020   p        NMC   273     667.43     394.43      43.23      24.33                                                  | 
  10021 d/p        NMC   174     324.89     150.89       2.61       0.00                                                  | 
  10010   p       SLAC   218     518.84     300.84       0.00      54.14                                                  | 
  10011   d       SLAC   228     390.54     162.54       0.00      92.56                                                  | 
['pdf']
JAM FITTER                                                                                                                | 1        pdf       db1 N   3.30569e-02
count = 300                                                                                                               | 2        pdf       db1 a  -6.49247e-02
elapsed time(mins)=1.222024                                                                                               | 3        pdf       db1 b   3.69352e+00
shifts  = 2                                                                                                               | 4        pdf       dv1 a  -2.71578e-01
npts    = 1495                                                                                                            | 5        pdf       dv1 b   5.22265e+00
chi2    = 3116.222737                                                                                                     | 6        pdf        g1 a  -3.64971e-01
rchi2   = 79.051884                                                                                                       | 7        pdf        g1 b   4.86200e+00
nchi2   = 8.234636                                                                                                        | 8        pdf        s1 N   7.77095e-02
chi2tot = 3203.509257                                                                                                     | 9        pdf        s1 a  -9.86433e-01
dchi2(iter)  = inf                                                                                                        | 10        pdf        s1 b   9.99999e+00
dchi2(local) = -353.212923                                                                                                | 11        pdf      sea1 N   2.91625e-03
pdf dv(1):1.000000                                                                                                        | 12        pdf      sea1 a  -1.46819e+00
pdf db-ub(2):0.030509                                                                                                     | 13        pdf      sea1 b   9.11592e+00
pdf msr:1.000000                                                                                                          | 14        pdf       ub1 N   2.54838e-03
pdf db-ub(1):-0.364954                                                                                                    | 15        pdf       ub1 a  -9.75117e-01
pdf uv(1):2.000000                                                                                                        | 16        pdf       ub1 b   4.48159e+00
pdf s-sb(1):0.000000                                                                                                      | 17        pdf       uv1 a  -1.36553e-01
pdf s-sb(2):0.000000                                                                                                      | 18        pdf       uv1 b   3.12552e+00
                                                                                                                          | 19       norm       idis      10016  9.84474e-01
reaction: unpol DIS                                                                                                       | 20       norm       idis      10017  1.01104e+00
filters: Q2>1.690000                                                                                                      | 21       norm       idis      10010  1.03792e+00
filters: W2>10.000000                                                                                                     | 22       norm       idis      10011  1.03316e+00
    idx tar        col  npts       chi2  chi2-npts      rchi2      nchi2                                                  | 23       norm       idis      10020  1.01750e+00
  10016   p      BCDMS   348     734.11     386.11      33.69       0.27                                                  | 
  10017   d      BCDMS   254     538.04     284.04      19.79       0.14                                                  | 
  10020   p        NMC   273     647.23     374.23      23.40       0.77                                                  | 
  10021 d/p        NMC   174     312.01     138.01       2.16       0.00                                                  | 
  10010   p       SLAC   218     498.48     280.48       0.00       3.26                                                  | 
  10011   d       SLAC   228     386.36     158.36       0.00       3.80                                                  | 
['pdf']
JAM FITTER                                                                                                                | 1        pdf       db1 N   3.05852e-02
count = 400                                                                                                               | 2        pdf       db1 a  -3.13812e-02
elapsed time(mins)=1.629670                                                                                               | 3        pdf       db1 b   3.49185e+00
shifts  = 2                                                                                                               | 4        pdf       dv1 a  -2.09111e-01
npts    = 1495                                                                                                            | 5        pdf       dv1 b   5.51593e+00
chi2    = 3115.360806                                                                                                     | 6        pdf        g1 a  -3.79489e-01
rchi2   = 74.961896                                                                                                       | 7        pdf        g1 b   4.61282e+00
nchi2   = 6.820756                                                                                                        | 8        pdf        s1 N   7.18477e-02
chi2tot = 3197.143458                                                                                                     | 9        pdf        s1 a  -9.95711e-01
dchi2(iter)  = inf                                                                                                        | 10        pdf        s1 b   1.00000e+01
dchi2(local) = -359.578722                                                                                                | 11        pdf      sea1 N   4.03020e-03
pdf dv(1):1.000000                                                                                                        | 12        pdf      sea1 a  -1.31869e+00
pdf db-ub(2):0.029134                                                                                                     | 13        pdf      sea1 b   9.29439e+00
pdf msr:1.000000                                                                                                          | 14        pdf       ub1 N   1.45159e-03
pdf db-ub(1):-2.949586                                                                                                    | 15        pdf       ub1 a  -9.97074e-01
pdf uv(1):2.000000                                                                                                        | 16        pdf       ub1 b   5.28938e+00
pdf s-sb(1):0.000000                                           [H[J[H[J                                                           | 17        pdf       uv1 a  -1.32506e-01
pdf s-sb(2):0.000000                                                                                                      | 18        pdf       uv1 b   3.14130e+00
                                                                                                                          | 19       norm       idis      10016  9.84020e-01
reaction: unpol DIS                                                                                                       | 20       norm       idis      10017  1.00967e+00
filters: Q2>1.690000                                                                                                      | 21       norm       idis      10010  1.03495e+00
filters: W2>10.000000                                                                                                     | 22       norm       idis      10011  1.02979e+00
    idx tar        col  npts       chi2  chi2-npts      rchi2      nchi2                                                  | 23       norm       idis      10020  1.01540e+00
  10016   p      BCDMS   348     729.72     381.72      30.82       0.28                                                  | 
  10017   d      BCDMS   254     541.43     287.43      19.00       0.10                                                  | 
  10020   p        NMC   273     649.53     376.53      23.30       0.59                                                  | 
  10021 d/p        NMC   174     306.28     132.28       1.83       0.00                                                  | 
  10010   p       SLAC   218     501.35     283.35       0.00       2.77                                                  | 
  10011   d       SLAC   228     387.05     159.05       0.00       3.07                                                  | 
['pdf']
JAM FITTER                                                                                                                | 1        pdf       db1 N   3.62894e-02
count = 500                                                                                                               | 2        pdf       db1 a  -1.65187e-01
elapsed time(mins)=2.036141                                                                                               | 3        pdf       db1 b   3.57753e+00
shifts  = 3                                                                                                               | 4        pdf       dv1 a  -3.08045e-01
npts    = 1495                                                                                                            | 5        pdf       dv1 b   5.26155e+00
chi2    = 3101.468379                                                                                                     | 6        pdf        g1 a  -5.38626e-01
rchi2   = 70.002521                                                                                                       | 7        pdf        g1 b   3.68266e+00
nchi2   = 6.203732                                                                                                        | 8        pdf        s1 N   4.83748e-02
chi2tot = 3177.674632                                                                                                     | 9        pdf        s1 a  -9.96449e-01
dchi2(iter)  = 379.047547                                                                                                 | 10        pdf        s1 b   1.00000e+01
dchi2(local) = -379.047547                                                                                                | 11        pdf      sea1 N   6.01740e-03
pdf dv(1):1.000000                                                                                                        | 12        pdf      sea1 a  -1.22493e+00
pdf db-ub(2):0.033045                                                                                                     | 13        pdf      sea1 b   9.97576e+00
pdf msr:1.000000                                                                                                          | 14        pdf       ub1 N   3.24412e-03
pdf db-ub(1):-1.011735                                                                                                    | 15        pdf       ub1 a  -9.72006e-01
pdf uv(1):2.000000                                                                                                        | 16        pdf       ub1 b   9.73255e+00
pdf s-sb(1):-0.000000                                                                                                     | 17        pdf       uv1 a  -1.30019e-01
pdf s-sb(2):-0.000000                                                                                                     | 18        pdf       uv1 b   3.14756e+00
                                                                                                                          | 19       norm       idis      10016  9.87741e-01
reaction: unpol DIS                                                                                                       | 20       norm       idis      10017  1.01283e+00
filters: Q2>1.690000                                                                                                      | 21       norm       idis      10010  1.03392e+00
filters: W2>10.000000                                                                                                     | 22       norm       idis      10011  1.02742e+00
    idx tar        col  npts       chi2  chi2-npts      rchi2      nchi2                                                  | 23       norm       idis      10020  1.01605e+00
  10016   p      BCDMS   348     725.00     377.00      28.29       0.17                                                  | 
  10017   d      BCDMS   254     540.75     286.75      18.18       0.18                                                  | 
  10020   p        NMC   273     648.10     375.10      20.80       0.64                                                  | 
  10021 d/p        NMC   174     304.57     130.57       2.74       0.00                                                  | 
  10010   p       SLAC   218     499.96     281.96       0.00       2.61                                                  | 
  10011   d       SLAC   228     383.08     155.08       0.00       2.60                                                  | 
['pdf']
JAM FITTER                                                                                                                | 1        pdf       db1 N   3.96546e-02
count = 600                                                                                                               | 2        pdf       db1 a  -2.80294e-01
elapsed time(mins)=2.442586                                                                                               | 3        pdf       db1 b   3.58198e+00
shifts  = 3                                                                                                               | 4        pdf       dv1 a  -3.61278e-01
npts    = 1495                                                                                                            | 5        pdf       dv1 b   5.00382e+00
chi2    = 3099.761583                                                                                                     | 6        pdf        g1 a  -6.10076e-01
rchi2   = 67.995618                                                                                                       | 7        pdf        g1 b   3.34086e+00
nchi2   = 7.237621                                                                                                        | 8        pdf        s1 N   2.99738e-02
chi2tot = 3174.994822                                                                                                     | 9        pdf        s1 a  -9.99776e-01
dchi2(iter)  = 2.679810                                                                                                   | 10        pdf        s1 b   1.00000e+01
dchi2(local) = -2.679810                                                                                   [H[J[H[J               | 11        pdf      sea1 N   7.67141e-03
pdf dv(1):1.000000                                                                                                        | 12        pdf      sea1 a  -1.21039e+00
pdf db-ub(2):0.034575                                                                                                     | 13        pdf      sea1 b   9.99994e+00
pdf msr:1.000000                                                                                                          | 14        pdf       ub1 N   5.07964e-03
pdf db-ub(1):-0.357404                                                                                                    | 15        pdf       ub1 a  -9.13299e-01
pdf uv(1):2.000000                                                                                                        | 16        pdf       ub1 b   9.99944e+00
pdf s-sb(1):0.000000                                                                                                      | 17        pdf       uv1 a  -1.27976e-01
pdf s-sb(2):0.000000                                                                                                      | 18        pdf       uv1 b   3.14882e+00
                                                                                                                          | 19       norm       idis      10016  9.92537e-01
reaction: unpol DIS                                                                                                       | 20       norm       idis      10017  1.01760e+00
filters: Q2>1.690000                                                                                                      | 21       norm       idis      10010  1.03626e+00
filters: W2>10.000000                                                                                                     | 22       norm       idis      10011  1.02921e+00
    idx tar        col  npts       chi2  chi2-npts      rchi2      nchi2                                                  | 23       norm       idis      10020  1.01895e+00
  10016   p      BCDMS   348     725.09     377.09      27.49       0.06                                                  | 
  10017   d      BCDMS   254     540.60     286.60      18.13       0.34                                                  | 
  10020   p        NMC   273     645.50     372.50      19.19       0.90                                                  | 
  10021 d/p        NMC   174     306.49     132.49       3.18       0.00                                                  | 
  10010   p       SLAC   218     499.99     281.99       0.00       2.98                                                  | 
  10011   d       SLAC   228     382.09     154.09       0.00       2.95                                                  | 
['pdf']
JAM FITTER                                                                                                                | 1        pdf       db1 N   3.85756e-02
count = 700                                                                                                               | 2        pdf       db1 a  -2.86335e-01
elapsed time(mins)=2.850806                                                                                               | 3        pdf       db1 b   3.55331e+00
shifts  = 3                                                                                                               | 4        pdf       dv1 a  -3.49477e-01
npts    = 1495                                                                                                            | 5        pdf       dv1 b   4.99764e+00
chi2    = 3100.306123                                                                                                     | 6        pdf        g1 a  -6.10482e-01
rchi2   = 67.442510                                                                                                       | 7        pdf        g1 b   3.33389e+00
nchi2   = 7.203334                                                                                                        | 8        pdf        s1 N   2.89246e-02
chi2tot = 3174.951967                                                                                                     | 9        pdf        s1 a  -9.94993e-01
dchi2(iter)  = 0.042856                                                                                                   | 10        pdf        s1 b   1.00000e+01
dchi2(local) = -0.042856                                                                                                  | 11        pdf      sea1 N   8.01978e-03
pdf dv(1):1.000000                                                                                                        | 12        pdf      sea1 a  -1.20099e+00
pdf db-ub(2):0.033736                                                                                                     | 13        pdf      sea1 b   9.99999e+00
pdf msr:1.000000                                                                                                          | 14        pdf       ub1 N   4.83964e-03
pdf db-ub(1):-0.411674                                                                                                    | 15        pdf       ub1 a  -9.23017e-01
pdf uv(1):2.000000                                                                                                        | 16        pdf       ub1 b   9.99998e+00
pdf s-sb(1):-0.000000                                                                                                     | 17        pdf       uv1 a  -1.27928e-01
pdf s-sb(2):-0.000000                                                                                                     | 18        pdf       uv1 b   3.14919e+00
                                                                                                                          | 19       norm       idis      10016  9.92594e-01
reaction: unpol DIS                                                                                                       | 20       norm       idis      10017  1.01765e+00
filters: Q2>1.690000                                                                                                      | 21       norm       idis      10010  1.03612e+00
filters: W2>10.000000                                                                                                     | 22       norm       idis      10011  1.02907e+00
    idx tar        col  npts       chi2  chi2-npts      rchi2      nchi2                                                  | 23       norm       idis      10020  1.01911e+00
  10016   p      BCDMS   348     724.82     376.82      27.32       0.06                                                  | 
  10017   d      BCDMS   254     540.52     286.52      18.06       0.35                                                  | 
  10020   p        NMC   273     646.15     373.15      18.88       0.91                                                  | 
  10021 d/p        NMC   174     306.52     132.52       3.19       0.00                                                  | 
  10010   p       SLAC   218     500.08     282.08       0.00       2.96                                                  | 
  10011   d       SLAC   228     382.20     154.20       0.00       2.93                                                  | 
['pdf']
JAM FITTER                                                                                                                | 1        pdf       db1 N   3.85488e-02
count = 772                                                                                                               | 2        pdf       db1 a  -2.86071e-01
elapsed time(mins)=3.151316                                                                                               | 3        pdf       db1 b   3.55286e+00
shifts  = 2                                                                                                               | 4        pdf       dv1 a  -3.49167e-01
npts    = 1495                                                                                                            | 5        pdf       dv1 b   4.99825e+00
chi2    = 3100.312598                                                                                                     | 6        pdf        g1 a  -6.10619e-01
rchi2   = 67.436290                                                                                                       | 7        pdf        g1 b   3.33283e+00
nchi2   = 7.202925                                                                                                        | 8        pdf        s1 N   2.88639e-02
chi2tot = 3174.951813                                                                                                     | 9        pdf        s1 a  -9.94519e-01
dchi2(iter)  = 0.042856                                                                                                   | 10        pdf        s1 b   1.00000e+01
dchi2(local) = -0.000153                                                                                                  | 11        pdf      sea1 N   8.03754e-03
pdf dv(1):1.000000                                                                                                        | 12        pdf      sea1 a  -1.20062e+00
pdf db-ub(2):0.033719                                                                                                     | 13        pdf      sea1 b   1.00000e+01
pdf msr:1.000000                                                                                                          | 14        pdf       ub1 N   4.82953e-03
pdf db-ub(1):-0.414069                                                                                                    | 15        pdf       ub1 a  -9.23409e-01
pdf uv(1):2.000000                                                                                                        | 16        pdf       ub1 b   1.00000e+01
pdf s-sb(1):0.000000                                                                                                      | 17        pdf       uv1 a  -1.27929e-01
pdf s-sb(2):0.000000                                                                                                      | 18        pdf       uv1 b   3.14919e+00
                                                                                                                          | 19       norm       idis      10016  9.92602e-01
reaction: unpol DIS                                                                                                       | 20       norm       idis      10017  1.01766e+00
filters: Q2>1.690000                                                                                                      | 21       norm       idis      10010  1.03612e+00
filters: W2>10.000000                                                                                                     | 22       norm       idis      10011  1.02907e+00
    idx tar        col  npts       chi2  chi2-npts      rchi2      nchi2                                                  | 23       norm       idis      10020  1.01911e+00
  10016   p      BCDMS   348     724.82     376.82      27.31       0.06                                                  | 
  10017   d      BCDMS   254     540.52     286.52      18.06       0.35                                                  | 
  10020   p        NMC   273     646.16     373.16      18.88       0.91                                                  | 
  10021 d/p        NMC   174     306.52     132.52       3.19       0.00                                                  | 
  10010   p       SLAC   218     500.09     282.09       0.00       2.96                                                  | 
  10011   d       SLAC   228     382.20     154.20       0.00       2.92                                                  | 
