('active', 'pdf')

--step 1: npQCD objects = pdf , datasets = idis , tmc = False , ht = False
loading idis data sets 10016
loading idis data sets 10017
loading idis data sets 10020
loading idis data sets 10021
loading idis data sets 10010
loading idis data sets 10011
Loading DIS tables...
10016 has norm uncertainty
10017 has norm uncertainty
10020 has norm uncertainty
10010 has norm uncertainty
10011 has norm uncertainty
[H[J[H[J[H[J[H[J[H[J[H[J[H[J[H[J[H[J[H[J[H[J[H[J[H[J['pdf']
JAM FITTER                                                                                                                | 1        pdf       db1 N   9.35968e-02
count = 100                                                                                                               | 2        pdf       db1 a  -4.81033e-01
elapsed time(mins)=0.947941                                                                                               | 3        pdf       db1 b   3.45162e+00
shifts  = 3                                                                                                               | 4        pdf       dv1 a  -4.57043e-01
npts    = 1495                                                                                                            | 5        pdf       dv1 b   8.47478e+00
chi2    = 16921.417521                                                                                                    | 6        pdf        g1 a  -1.84814e+00
rchi2   = 1816.579413                                                                                                     | 7        pdf        g1 b   1.55193e+00
nchi2   = 167.560257                                                                                                      | 8        pdf        s1 N   2.39830e-01
chi2tot = 18905.557191                                                                                                    | 9        pdf        s1 a   1.97180e-01
dchi2(iter)  = inf                                                                                                        | 10        pdf        s1 b   2.77606e+00
dchi2(local) = -inf                                                                                                       | 11        pdf      sea1 N   3.75721e-02
pdf dv(1):1.000000                                                                                                        | 12        pdf      sea1 a  -1.89795e+00
pdf db-ub(2):0.041842                                                                                                     | 13        pdf      sea1 b   7.81312e+00
pdf msr:1.000000                                                                                                          | 14        pdf       ub1 N   5.17549e-02
pdf db-ub(1):0.632016                                                                                                     | 15        pdf       ub1 a   2.79703e-01
pdf uv(1):2.000000                                                                                                        | 16        pdf       ub1 b   4.25889e+00
pdf s-sb(1):0.000000                                                                                                      | 17        pdf       uv1 a  -2.84774e-01
pdf s-sb(2):0.000000                                                                                                      | 18        pdf       uv1 b   6.80023e+00
                                                                                                                          | 19       norm       idis      10016  9.65606e-01
reaction: unpol DIS                                                                                                       | 20       norm       idis      10017  1.18177e+00
filters: Q2>1.690000                                                                                                      | 21       norm       idis      10010  1.07995e+00
filters: W2>10.000000                                                                                                     | 22       norm       idis      10011  1.17449e+00
    idx tar        col  npts       chi2  chi2-npts      rchi2      nchi2                                                  | 23       norm       idis      10020  9.37744e-01
  10016   p      BCDMS   348    2682.84    2334.84     307.19       1.31                                                  | 
  10017   d      BCDMS   254     735.61     481.61      41.49      36.71                                                  | 
  10020   p        NMC   273    3304.23    3031.23     404.17       9.69                                                  | 
  10021 d/p        NMC   174    2642.54    2468.54    1063.73       0.00                                                  | 
  10010   p       SLAC   218    4764.82    4546.82       0.00      14.49                                                  | 
  10011   d       SLAC   228    2791.38    2563.38       0.00     105.35                                                  | 
['pdf']
JAM FITTER                                                                                                                | 1        pdf       db1 N   5.75702e-02
count = 200                                                                                                               | 2        pdf       db1 a  -4.78533e-01
elapsed time(mins)=1.893062                                                                                               | 3        pdf       db1 b   3.94002e+00
shifts  = 2                                                                                                               | 4        pdf       dv1 a  -4.84915e-01
npts    = 1495                                                                                                            | 5        pdf       dv1 b   8.19970e+00
chi2    = 3961.832395                                                                                                     | 6        pdf        g1 a   2.80153e-01
rchi2   = 527.426686                                                                                                      | 7        pdf        g1 b   1.32496e+00
nchi2   = 37.550996                                                                                                       | 8        pdf        s1 N   1.17026e-01
chi2tot = 4526.810077                                                                                                     | 9        pdf        s1 a  -5.66914e-02
dchi2(iter)  = inf                                                                                                        | 10        pdf        s1 b   2.66530e+00
dchi2(local) = -14378.747114                                                                                              | 11        pdf      sea1 N   1.95120e-02
pdf dv(1):1.000000                                                                                                        | 12        pdf      sea1 a  -1.89737e+00
pdf db-ub(2):-0.056605                                                                                                    | 13        pdf      sea1 b   4.98937e-01
pdf msr:1.000000                                                                                                          | 14        pdf       ub1 N   1.14176e-01
pdf db-ub(1):0.142519                                                                                                     | 15        pdf       ub1 a   5.87739e-01
pdf uv(1):2.000000                                                                                                        | 16        pdf       ub1 b   3.81508e+00
pdf s-sb(1):0.000000                                                                                                      | 17        pdf       uv1 a  -4.93175e-01
pdf s-sb(2):0.000000                                                                                                      | 18        pdf       uv1 b   7.53289e+00
                                                                                                                          | 19       norm       idis      10016  9.96773e-01
reaction: unpol DIS                                                                                                       | 20       norm       idis      10017  1.02812e+00
filters: Q2>1.690000                                                                                                      | 21       norm       idis      10010  1.07270e+00
filters: W2>10.000000                                                                                                     | 22       norm       idis      10011  1.08445e+00
    idx tar        col  npts       chi2  chi2-npts      rchi2      nchi2                                                  | 23       norm       idis      10020  9.99867e-01
  10016   p      BCDMS   348     778.87     430.87     173.08       0.01                                                  | 
  10017   d      BCDMS   254     594.07     340.07     172.83       0.88                                                  | 
  10020   p        NMC   273    1102.92     829.92     173.69       0.00                                                  | 
  10021 d/p        NMC   174     406.87     232.87       7.83       0.00                                                  | 
  10010   p       SLAC   218     475.74     257.74       0.00      11.98                                                  | 
  10011   d       SLAC   228     603.37     375.37       0.00      24.68                                                  | 
['pdf']
JAM FITTER                                                                                                                | 1        pdf       db1 N   5.33339e-02
count = 300                                                                                                               | 2        pdf       db1 a  -4.86812e-01
elapsed time(mins)=2.832078                                                                                               | 3        pdf       db1 b   3.98564e+00
shifts  = 2                                                                                                               | 4        pdf       dv1 a  -4.94805e-01
npts    = 1495                                                                                                            | 5        pdf       dv1 b   8.18228e+00
chi2    = 3233.997994                                                                                                     | 6        pdf        g1 a  -3.34898e-01
rchi2   = 130.077183                                                                                                      | 7        pdf        g1 b   3.08578e+00
nchi2   = 31.241538                                                                                                       | 8        pdf        s1 N   1.12294e-01
chi2tot = 3395.316714                                                                                                     | 9        pdf        s1 a  -1.07818e-01
dchi2(iter)  = inf                                                                                                        | 10        pdf        s1 b   2.91631e+00
dchi2(local) = -15510.240477                                                                                              | 11        pdf      sea1 N   1.06832e-02
pdf dv(1):1.000000                                                                                                        | 12        pdf      sea1 a  -1.89286e+00
pdf db-ub(2):-0.058819                                                                                                    | 13        pdf      sea1 b   1.60191e-02
pdf msr:1.000000                                                                                                          | 14        pdf       ub1 N   1.12153e-01
pdf db-ub(1):0.133120                                                                                                     | 15        pdf       ub1 a   7.22768e-01
pdf uv(1):2.000000                                                                                                        | 16        pdf       ub1 b   4.01074e+00
pdf s-sb(1):0.000000                                                                                                      | 17        pdf       uv1 a  -4.99915e-01
pdf s-sb(2):0.000000                                                                                                      | 18        pdf       uv1 b   7.73723e+00
                                                                                                                          | 19       norm       idis      10016  1.01445e+00
reaction: unpol DIS                                                                                                       | 20       norm       idis      10017  1.04245e+00
filters: Q2>1.690000                                                                                                      | 21       norm       idis      10010  1.06598e+00
filters: W2>10.000000                                                                                                     | 22       norm       idis      10011  1.07196e+00
    idx tar        col  npts       chi2  chi2-npts      rchi2      nchi2                                                  | 23       norm       idis      10020  1.02209e+00
  10016   p      BCDMS   348     770.63     422.63      23.94       0.23                                                  | 
  10017   d      BCDMS   254     484.25     230.25      38.09       2.00                                                  | 
  10020   p        NMC   273     816.35     543.35      61.22       1.22                                                  | 
  10021 d/p        NMC   174     392.27     218.27       6.82       0.00                                                  | 
  10010   p       SLAC   218     364.91     146.91       0.00       9.87                                                  | 
  10011   d       SLAC   228     405.59     177.59       0.00      17.92                                                  | 
['pdf']
JAM FITTER                                                                                                                | 1        pdf       db1 N   5.24705e-02
count = 400                                                                                                               | 2        pdf       db1 a  -4.84657e-01
elapsed time(mins)=3.776960                                                                                               | 3        pdf       db1 b   3.98880e+00
shifts  = 3                                                                                                               | 4        pdf       dv1 a  -4.94857e-01
npts    = 1495                                                                                                            | 5        pdf       dv1 b   8.17772e+00
chi2    = 3193.291481                                                                                                     | 6        pdf        g1 a  -3.42789e-01
rchi2   = 111.654337                                                                                                      | 7        pdf        g1 b   3.09767e+00
nchi2   = 26.303294                                                                                                       | 8        pdf        s1 N   1.06084e-01
chi2tot = 3331.249112                                                                                                     | 9        pdf        s1 a  -1.10492e-01
dchi2(iter)  = 15574.308079                                                                                               | 10        pdf        s1 b   2.93290e+00
dchi2(local) = -15574.308079                                                                                              | 11        pdf      sea1 N   1.09089e-02
pdf dv(1):1.000000                                                                                                        | 12        pdf      sea1 a  -1.89184e+00
pdf db-ub(2):-0.060828                                                                                                    | 13        pdf      sea1 b   1.42967e-02
pdf msr:1.000000                                                                                                          | 14        pdf       ub1 N   1.13299e-01
pdf db-ub(1):0.114387                                                                                                     | 15        pdf       ub1 a   7.19061e-01
pdf uv(1):2.000000                                                                                                        | 16        pdf       ub1 b   4.04842e+00
pdf s-sb(1):0.000000                                                                                                      | 17        pdf       uv1 a  -4.99606e-01
pdf s-sb(2):0.000000                                                                                                      | 18        pdf       uv1 b   7.73877e+00
                                                                                                                          | 19       norm       idis      10016  1.01157e+00
reaction: unpol DIS                                                                                                       | 20       norm       idis      10017  1.03807e+00
filters: Q2>1.690000                                                                                                      | 21       norm       idis      10010  1.06314e+00
filters: W2>10.000000                                                                                                     | 22       norm       idis      10011  1.06405e+00
    idx tar        col  npts       chi2  chi2-npts      rchi2      nchi2                                                  | 23       norm       idis      10020  1.02287e+00
  10016   p      BCDMS   348     739.47     391.47      18.46       0.15                                                  | 
  10017   d      BCDMS   254     464.17     210.17      27.94       1.61                                                  | 
  10020   p        NMC   273     813.87     540.87      60.18       1.31                                                  | 
  10021 d/p        NMC   174     387.58     213.58       5.07       0.00                                                  | 
  10010   p       SLAC   218     382.76     164.76       0.00       9.04                                                  | 
  10011   d       SLAC   228     405.44     177.44       0.00      14.20                                                  | 
['pdf']
JAM FITTER                                                                                                                | 1        pdf       db1 N   5.61317e-02
count = 500                                                                                                               | 2        pdf       db1 a  -4.24419e-01
elapsed time(mins)=4.722913                                                                                               | 3        pdf       db1 b   3.93040e+00
shifts  = 3                                                                                                               | 4        pdf       dv1 a  -4.96456e-01
npts    = 1495                                                                                                            | 5        pdf       dv1 b   8.07795e+00
chi2    = 3070.354652                                                                                                     | 6        pdf        g1 a  -5.38392e-01
rchi2   = 69.453610                                                                                                       | 7        pdf        g1 b   3.36430e+00
nchi2   = 3.052774                                                                                                        | 8        pdf        s1 N   5.70494e-02
chi2tot = 3142.861035                                                                                                     | 9        pdf        s1 a  -7.09243e-02
dchi2(iter)  = 188.388077                                                                                                 | 10        pdf        s1 b   2.88527e+00
dchi2(local) = -188.388077                                                                                                | 11        pdf      sea1 N   1.35662e-02
pdf dv(1):1.000000                                                                                                        | 12        pdf      sea1 a  -1.85256e+00
pdf db-ub(2):-0.060661                                                                                                    | 13        pdf      sea1 b   1.36417e-02
pdf msr:1.000000                                                                                                          | 14        pdf       ub1 N   1.16793e-01
pdf db-ub(1):0.078700                                                                                                     | 15        pdf       ub1 a   7.36079e-01
pdf uv(1):2.000000                                                                                                        | 16        pdf       ub1 b   4.07567e+00
pdf s-sb(1):0.000000                                                                                                      | 17        pdf       uv1 a  -4.99831e-01
pdf s-sb(2):-0.000000                                                                                                     | 18        pdf       uv1 b   7.74363e+00
                                                                                                                          | 19       norm       idis      10016  9.82482e-01
reaction: unpol DIS                                                                                                       | 20       norm       idis      10017  1.00057e+00
filters: Q2>1.690000                                                                                                      | 21       norm       idis      10010  1.02421e+00
filters: W2>10.000000                                                                                                     | 22       norm       idis      10011  1.01918e+00
    idx tar        col  npts       chi2  chi2-npts      rchi2      nchi2                                                  | 23       norm       idis      10020  1.00661e+00
  10016   p      BCDMS   348     744.77     396.77      18.77       0.34                                                  | 
  10017   d      BCDMS   254     444.65     190.65      21.17       0.00                                                  | 
  10020   p        NMC   273     718.27     445.27      23.99       0.11                                                  | 
  10021 d/p        NMC   174     385.28     211.28       5.53       0.00                                                  | 
  10010   p       SLAC   218     381.01     163.01       0.00       1.33                                                  | 
  10011   d       SLAC   228     396.39     168.39       0.00       1.27                                                  | 
['pdf']
JAM FITTER                                                                                                                | 1        pdf       db1 N   5.92425e-02
count = 600                                                                                                               | 2        pdf       db1 a  -3.42125e-01
elapsed time(mins)=5.673181                                                                                               | 3        pdf       db1 b   3.92662e+00
shifts  = 2                                                                                                               | 4        pdf       dv1 a  -4.99491e-01
npts    = 1495                                                                                                            | 5        pdf       dv1 b   7.63452e+00
chi2    = 2905.242411                                                                                                     | 6        pdf        g1 a  -7.85371e-01
rchi2   = 57.577862                                                                                                       | 7        pdf        g1 b   3.45346e+00
nchi2   = 4.224067                                                                                                        | 8        pdf        s1 N   1.11195e-02
chi2tot = 2967.044340                                                                                                     | 9        pdf        s1 a   5.17968e-03
dchi2(iter)  = 188.388077                                                                                                 | 10        pdf        s1 b   2.98680e+00
dchi2(local) = -175.816695                                                                                                | 11        pdf      sea1 N   1.36630e-02
pdf dv(1):1.000000                                                                                                        | 12        pdf      sea1 a  -1.62689e+00
pdf db-ub(2):-0.057181                                                                                                    | 13        pdf      sea1 b   3.99553e-01
pdf msr:1.000000                                                                                                          | 14        pdf       ub1 N   1.16423e-01
pdf db-ub(1):0.056135                                                                                                     | 15        pdf       ub1 a   7.87350e-01
pdf uv(1):2.000000                                                                                                        | 16        pdf       ub1 b   4.07132e+00
pdf s-sb(1):0.000000                                                                                                      | 17        pdf       uv1 a  -4.99968e-01
pdf s-sb(2):0.000000                                                                                                      | 18        pdf       uv1 b   6.84027e+00
                                                                                                                          | 19       norm       idis      10016  9.87696e-01
reaction: unpol DIS                                                                                                       | 20       norm       idis      10017  1.00572e+00
filters: Q2>1.690000                                                                                                      | 21       norm       idis      10010  1.02822e+00
filters: W2>10.000000                                                                                                     | 22       norm       idis      10011  1.02296e+00
    idx tar        col  npts       chi2  chi2-npts      rchi2      nchi2                                                  | 23       norm       idis      10020  1.01248e+00
  10016   p      BCDMS   348     723.61     375.61      19.34       0.17                                                  | 
  10017   d      BCDMS   254     432.73     178.73      16.63       0.04                                                  | 
  10020   p        NMC   273     593.29     320.29      15.02       0.39                                                  | 
  10021 d/p        NMC   174     386.00     212.00       6.58       0.00                                                  | 
  10010   p       SLAC   218     393.15     175.15       0.00       1.81                                                  | 
  10011   d       SLAC   228     376.47     148.47       0.00       1.82                                                  | 
['pdf']
JAM FITTER                                                                                                                | 1        pdf       db1 N   4.48651e-02
count = 700                                                                                                               | 2        pdf       db1 a  -5.12997e-01
elapsed time(mins)=6.617768                                                                                               | 3        pdf       db1 b   3.69328e+00
shifts  = 23                                                                                                              | 4        pdf       dv1 a  -4.99939e-01
npts    = 1495                                                                                                            | 5        pdf       dv1 b   5.24004e+00
chi2    = 2847.142011                                                                                                     | 6        pdf        g1 a  -8.26700e-01
rchi2   = 51.855165                                                                                                       | 7        pdf        g1 b   2.76608e+00
nchi2   = 1.553335                                                                                                        | 8        pdf        s1 N   1.03700e-02
chi2tot = 2900.550511                                                                                                     | 9        pdf        s1 a   8.56145e-01
dchi2(iter)  = 242.310525                                                                                                 | 10        pdf        s1 b   6.32144e+00
dchi2(local) = -242.310525                                                                                                | 11        pdf      sea1 N   1.62601e-02
pdf dv(1):1.000000                                                                                                        | 12        pdf      sea1 a  -1.50697e+00
pdf db-ub(2):-0.055769                                                                                                    | 13        pdf      sea1 b   8.08800e-01
pdf msr:1.000000                                                                                                          | 14        pdf       ub1 N   1.00634e-01
pdf db-ub(1):0.110506                                                                                                     | 15        pdf       ub1 a   8.75935e-01
pdf uv(1):2.000000                                                                                                        | 16        pdf       ub1 b   3.96025e+00
pdf s-sb(1):0.000000                                                                                                      | 17        pdf       uv1 a  -4.99982e-01
pdf s-sb(2):0.000000                                                                                                      | 18        pdf       uv1 b   5.72753e+00
                                                                                                                          | 19       norm       idis      10016  9.79187e-01
reaction: unpol DIS                                                                                                       | 20       norm       idis      10017  1.00013e+00
filters: Q2>1.690000                                                                                                      | 21       norm       idis      10010  1.01580e+00
filters: W2>10.000000                                                                                                     | 22       norm       idis      10011  1.01164e+00
    idx tar        col  npts       chi2  chi2-npts      rchi2      nchi2                                                  | 23       norm       idis      10020  1.00386e+00
  10016   p      BCDMS   348     713.59     365.59      18.27       0.48                                                  | 
  10017   d      BCDMS   254     421.89     167.89      16.48       0.00                                                  | 
  10020   p        NMC   273     581.20     308.20      13.87       0.04                                                  | 
  10021 d/p        NMC   174     369.19     195.19       3.24       0.00                                                  | 
  10010   p       SLAC   218     381.26     163.26       0.00       0.57                                                  | 
  10011   d       SLAC   228     380.00     152.00       0.00       0.47                                                  | 
['pdf']
JAM FITTER                                                                                                                | 1        pdf       db1 N   3.52201e-02
count = 800                                                                                                               | 2        pdf       db1 a  -5.38526e-01
elapsed time(mins)=7.554489                                                                                               | 3        pdf       db1 b   4.39178e+00
shifts  = 2                                                                                                               | 4        pdf       dv1 a  -4.99952e-01
npts    = 1495                                                                                                            | 5        pdf       dv1 b   4.36961e+00
chi2    = 2834.429028                                                                                                     | 6        pdf        g1 a  -8.25180e-01
rchi2   = 51.469136                                                                                                       | 7        pdf        g1 b   2.59686e+00
nchi2   = 1.088735                                                                                                        | 8        pdf        s1 N   1.24939e-02
chi2tot = 2886.986899                                                                                                     | 9        pdf        s1 a   9.98036e-01
dchi2(iter)  = 242.310525                                                                                                 | 10        pdf        s1 b   5.88519e+00
dchi2(local) = -13.563612                                                                                                 | 11        pdf      sea1 N   1.79460e-02
pdf dv(1):1.000000                                                                                                        | 12        pdf      sea1 a  -1.45358e+00
pdf db-ub(2):-0.053800                                                                                                    | 13        pdf      sea1 b   9.61610e-01
pdf msr:1.000000                                                                                                          | 14        pdf       ub1 N   8.90201e-02
pdf db-ub(1):0.131451                                                                                                     | 15        pdf       ub1 a   9.33811e-01
pdf uv(1):2.000000                                                                                                        | 16        pdf       ub1 b   3.91501e+00
pdf s-sb(1):0.000000                                                                                                      | 17        pdf       uv1 a  -4.99996e-01
pdf s-sb(2):0.000000                                                                                                      | 18        pdf       uv1 b   5.05868e+00
                                                                                                                          | 19       norm       idis      10016  9.71303e-01
reaction: unpol DIS                                                                                                       | 20       norm       idis      10017  9.93328e-01
filters: Q2>1.690000                                                                                                      | 21       norm       idis      10010  1.00623e+00
filters: W2>10.000000                                                                                                     | 22       norm       idis      10011  1.00222e+00
    idx tar        col  npts       chi2  chi2-npts      rchi2      nchi2                                                  | 23       norm       idis      10020  9.97225e-01
  10016   p      BCDMS   348     713.57     365.57      19.65       0.92                                                  | 
  10017   d      BCDMS   254     418.79     164.79      15.42       0.05                                                  | 
  10020   p        NMC   273     579.37     306.37      12.60       0.02                                                  | 
  10021 d/p        NMC   174     365.22     191.22       3.80       0.00                                                  | 
  10010   p       SLAC   218     378.92     160.92       0.00       0.09                                                  | 
  10011   d       SLAC   228     378.57     150.57       0.00       0.02                                                  | 
['pdf']
JAM FITTER                                                                                                                | 1        pdf       db1 N   3.39745e-02
count = 900                                                                                                               | 2        pdf       db1 a  -5.37226e-01
elapsed time(mins)=8.496531                                                                                               | 3        pdf       db1 b   4.31721e+00
shifts  = 3                                                                                                               | 4        pdf       dv1 a  -4.99952e-01
npts    = 1495                                                                                                            | 5        pdf       dv1 b   4.51682e+00
chi2    = 2832.850662                                                                                                     | 6        pdf        g1 a  -8.10955e-01
rchi2   = 51.937809                                                                                                       | 7        pdf        g1 b   2.61960e+00
nchi2   = 1.310856                                                                                                        | 8        pdf        s1 N   1.77582e-02
chi2tot = 2886.099327                                                                                                     | 9        pdf        s1 a   9.98178e-01
dchi2(iter)  = 14.451184                                                                                                  | 10        pdf        s1 b   6.10898e+00
dchi2(local) = -14.451184                                                                                                 | 11        pdf      sea1 N   1.86518e-02
pdf dv(1):1.000000                                                                                                        | 12        pdf      sea1 a  -1.43115e+00
pdf db-ub(2):-0.049553                                                                                                    | 13        pdf      sea1 b   1.03622e+00
pdf msr:1.000000                                                                                                          | 14        pdf       ub1 N   8.35276e-02
pdf db-ub(1):0.132610                                                                                                     | 15        pdf       ub1 a   9.62574e-01
pdf uv(1):2.000000                                                                                                        | 16        pdf       ub1 b   3.89188e+00
pdf s-sb(1):-0.000000                                                                                                     | 17        pdf       uv1 a  -4.99998e-01
pdf s-sb(2):-0.000000                                                                                                     | 18        pdf       uv1 b   4.80737e+00
                                                                                                                          | 19       norm       idis      10016  9.68317e-01
reaction: unpol DIS                                                                                                       | 20       norm       idis      10017  9.90366e-01
filters: Q2>1.690000                                                                                                      | 21       norm       idis      10010  1.00334e+00
filters: W2>10.000000                                                                                                     | 22       norm       idis      10011  9.99354e-01
    idx tar        col  npts       chi2  chi2-npts      rchi2      nchi2                                                  | 23       norm       idis      10020  9.94877e-01
  10016   p      BCDMS   348     710.39     362.39      19.95       1.12                                                  | 
  10017   d      BCDMS   254     417.90     163.90      15.12       0.10                                                  | 
  10020   p        NMC   273     579.45     306.45      13.08       0.07                                                  | 
  10021 d/p        NMC   174     364.48     190.48       3.79       0.00                                                  | 
  10010   p       SLAC   218     379.49     161.49       0.00       0.03                                                  | 
  10011   d       SLAC   228     381.15     153.15       0.00       0.00                                                  | 
['pdf']
JAM FITTER                                                                                                                | 1        pdf       db1 N   3.21450e-02
count = 1000                                                                                                              | 2        pdf       db1 a  -5.28751e-01
elapsed time(mins)=9.442009                                                                                               | 3        pdf       db1 b   4.52521e+00
shifts  = 2                                                                                                               | 4        pdf       dv1 a  -4.99965e-01
npts    = 1495                                                                                                            | 5        pdf       dv1 b   4.42136e+00
chi2    = 2833.256961                                                                                                     | 6        pdf        g1 a  -8.05927e-01
rchi2   = 50.874227                                                                                                       | 7        pdf        g1 b   2.62022e+00
nchi2   = 1.486646                                                                                                        | 8        pdf        s1 N   1.97913e-02
chi2tot = 2885.617834                                                                                                     | 9        pdf        s1 a   9.99712e-01
dchi2(iter)  = 14.451184                                                                                                  | 10        pdf        s1 b   5.91146e+00
dchi2(local) = -0.481493                                                                                                  | 11        pdf      sea1 N   1.90955e-02
pdf dv(1):1.000000                                                                                                        | 12        pdf      sea1 a  -1.42012e+00
pdf db-ub(2):-0.048014                                                                                                    | 13        pdf      sea1 b   1.07456e+00
pdf msr:1.000000                                                                                                          | 14        pdf       ub1 N   8.01589e-02
pdf db-ub(1):0.130670                                                                                                     | 15        pdf       ub1 a   9.72034e-01
pdf uv(1):2.000000                                                                                                        | 16        pdf       ub1 b   3.87613e+00
pdf s-sb(1):0.000000                                                                                                      | 17        pdf       uv1 a  -5.00000e-01
pdf s-sb(2):0.000000                                                                                                      | 18        pdf       uv1 b   4.65280e+00
                                                                                                                          | 19       norm       idis      10016  9.66836e-01
reaction: unpol DIS                                                                                                       | 20       norm       idis      10017  9.88916e-01
filters: Q2>1.690000                                                                                                      | 21       norm       idis      10010  1.00185e+00
filters: W2>10.000000                                                                                                     | 22       norm       idis      10011  9.97868e-01
    idx tar        col  npts       chi2  chi2-npts      rchi2      nchi2                                                  | 23       norm       idis      10020  9.93530e-01
  10016   p      BCDMS   348     711.28     363.28      19.26       1.22                                                  | 
  10017   d      BCDMS   254     418.38     164.38      15.07       0.14                                                  | 
  10020   p        NMC   273     579.85     306.85      12.82       0.10                                                  | 
  10021 d/p        NMC   174     364.65     190.65       3.72       0.00                                                  | 
  10010   p       SLAC   218     378.90     160.90       0.00       0.01                                                  | 
  10011   d       SLAC   228     380.20     152.20       0.00       0.02                                                  | 
['pdf']
JAM FITTER                                                                                                                | 1        pdf       db1 N   3.23404e-02
count = 1100                                                                                                              | 2        pdf       db1 a  -5.28090e-01
elapsed time(mins)=10.378368                                                                                              | 3        pdf       db1 b   4.48068e+00
shifts  = 3                                                                                                               | 4        pdf       dv1 a  -4.99974e-01
npts    = 1495                                                                                                            | 5        pdf       dv1 b   4.46638e+00
chi2    = 2833.484934                                                                                                     | 6        pdf        g1 a  -8.05249e-01
rchi2   = 50.598761                                                                                                       | 7        pdf        g1 b   2.62184e+00
nchi2   = 1.508741                                                                                                        | 8        pdf        s1 N   2.01322e-02
chi2tot = 2885.592436                                                                                                     | 9        pdf        s1 a   9.99930e-01
dchi2(iter)  = 0.506891                                                                                                   | 10        pdf        s1 b   5.89986e+00
dchi2(local) = -0.506891                                                                                                  | 11        pdf      sea1 N   1.91224e-02
pdf dv(1):1.000000                                                                                                        | 12        pdf      sea1 a  -1.41929e+00
pdf db-ub(2):-0.047526                                                                                                    | 13        pdf      sea1 b   1.07810e+00
pdf msr:1.000000                                                                                                          | 14        pdf       ub1 N   7.98667e-02
pdf db-ub(1):0.130719                                                                                                     | 15        pdf       ub1 a   9.72623e-01
pdf uv(1):2.000000                                                                                                        | 16        pdf       ub1 b   3.87433e+00
pdf s-sb(1):-0.000000                                                                                                     | 17        pdf       uv1 a  -5.00000e-01
pdf s-sb(2):-0.000000                                                                                                     | 18        pdf       uv1 b   4.64088e+00
                                                                                                                          | 19       norm       idis      10016  9.66672e-01
reaction: unpol DIS                                                                                                       | 20       norm       idis      10017  9.88753e-01
filters: Q2>1.690000                                                                                                      | 21       norm       idis      10010  1.00170e+00
filters: W2>10.000000                                                                                                     | 22       norm       idis      10011  9.97727e-01
    idx tar        col  npts       chi2  chi2-npts      rchi2      nchi2                                                  | 23       norm       idis      10020  9.93379e-01
  10016   p      BCDMS   348     711.13     363.13      19.15       1.23                                                  | 
  10017   d      BCDMS   254     418.30     164.30      14.87       0.14                                                  | 
  10020   p        NMC   273     579.87     306.87      12.85       0.11                                                  | 
  10021 d/p        NMC   174     364.51     190.51       3.72       0.00                                                  | 
  10010   p       SLAC   218     378.98     160.98       0.00       0.01                                                  | 
  10011   d       SLAC   228     380.68     152.68       0.00       0.02                                                  | 
['pdf']
JAM FITTER                                                                                                                | 1        pdf       db1 N   3.23716e-02
count = 1200                                                                                                              | 2        pdf       db1 a  -5.28091e-01
elapsed time(mins)=11.314088                                                                                              | 3        pdf       db1 b   4.47468e+00
shifts  = 2                                                                                                               | 4        pdf       dv1 a  -4.99980e-01
npts    = 1495                                                                                                            | 5        pdf       dv1 b   4.47119e+00
chi2    = 2833.488333                                                                                                     | 6        pdf        g1 a  -8.05222e-01
rchi2   = 50.594584                                                                                                       | 7        pdf        g1 b   2.62198e+00
nchi2   = 1.509091                                                                                                        | 8        pdf        s1 N   2.01421e-02
chi2tot = 2885.592009                                                                                                     | 9        pdf        s1 a   9.99979e-01
dchi2(iter)  = 0.506891                                                                                                   | 10        pdf        s1 b   5.89972e+00
dchi2(local) = -0.000427                                                                                                  | 11        pdf      sea1 N   1.91228e-02
pdf dv(1):1.000000                                                                                                        | 12        pdf      sea1 a  -1.41928e+00
pdf db-ub(2):-0.047491                                                                                                    | 13        pdf      sea1 b   1.07814e+00
pdf msr:1.000000                                                                                                          | 14        pdf       ub1 N   7.98630e-02
pdf db-ub(1):0.130717                                                                                                     | 15        pdf       ub1 a   9.72642e-01
pdf uv(1):2.000000                                                                                                        | 16        pdf       ub1 b   3.87431e+00
pdf s-sb(1):0.000000                                                                                                      | 17        pdf       uv1 a  -5.00000e-01
pdf s-sb(2):0.000000                                                                                                      | 18        pdf       uv1 b   4.64079e+00
                                                                                                                          | 19       norm       idis      10016  9.66669e-01
reaction: unpol DIS                                                                                                       | 20       norm       idis      10017  9.88750e-01
filters: Q2>1.690000                                                                                                      | 21       norm       idis      10010  1.00170e+00
filters: W2>10.000000                                                                                                     | 22       norm       idis      10011  9.97724e-01
    idx tar        col  npts       chi2  chi2-npts      rchi2      nchi2                                                  | 23       norm       idis      10020  9.93377e-01
  10016   p      BCDMS   348     711.13     363.13      19.15       1.23                                                  | 
  10017   d      BCDMS   254     418.30     164.30      14.87       0.14                                                  | 
  10020   p        NMC   273     579.88     306.88      12.85       0.11                                                  | 
  10021 d/p        NMC   174     364.51     190.51       3.72       0.00                                                  | 
  10010   p       SLAC   218     378.98     160.98       0.00       0.01                                                  | 
  10011   d       SLAC   228     380.69     152.69       0.00       0.02                                                  | 
['pdf']
JAM FITTER                                                                                                                | 1        pdf       db1 N   3.23754e-02
count = 1252                                                                                                              | 2        pdf       db1 a  -5.28095e-01
elapsed time(mins)=11.811230                                                                                              | 3        pdf       db1 b   4.47406e+00
shifts  = 1                                                                                                               | 4        pdf       dv1 a  -4.99984e-01
npts    = 1495                                                                                                            | 5        pdf       dv1 b   4.47154e+00
chi2    = 2833.488731                                                                                                     | 6        pdf        g1 a  -8.05229e-01
rchi2   = 50.594234                                                                                                       | 7        pdf        g1 b   2.62194e+00
nchi2   = 1.508972                                                                                                        | 8        pdf        s1 N   2.01387e-02
chi2tot = 2885.591937                                                                                                     | 9        pdf        s1 a   9.99992e-01
dchi2(iter)  = 0.506891                                                                                                   | 10        pdf        s1 b   5.89982e+00
dchi2(local) = -0.000499                                                                                                  | 11        pdf      sea1 N   1.91226e-02
pdf dv(1):1.000000                                                                                                        | 12        pdf      sea1 a  -1.41928e+00
pdf db-ub(2):-0.047489                                                                                                    | 13        pdf      sea1 b   1.07813e+00
pdf msr:1.000000                                                                                                          | 14        pdf       ub1 N   7.98644e-02
pdf db-ub(1):0.130721                                                                                                     | 15        pdf       ub1 a   9.72633e-01
pdf uv(1):2.000000                                                                                                        | 16        pdf       ub1 b   3.87432e+00
pdf s-sb(1):0.000000                                                                                                      | 17        pdf       uv1 a  -5.00000e-01
pdf s-sb(2):0.000000                                                                                                      | 18        pdf       uv1 b   4.64082e+00
                                                                                                                          | 19       norm       idis      10016  9.66670e-01
reaction: unpol DIS                                                                                                       | 20       norm       idis      10017  9.88751e-01
filters: Q2>1.690000                                                                                                      | 21       norm       idis      10010  1.00170e+00
filters: W2>10.000000                                                                                                     | 22       norm       idis      10011  9.97725e-01
    idx tar        col  npts       chi2  chi2-npts      rchi2      nchi2                                                  | 23       norm       idis      10020  9.93378e-01
  10016   p      BCDMS   348     711.13     363.13      19.15       1.23                                                  | 
  10017   d      BCDMS   254     418.30     164.30      14.87       0.14                                                  | 
  10020   p        NMC   273     579.87     306.87      12.85       0.11                                                  | 
  10021 d/p        NMC   174     364.51     190.51       3.72       0.00                                                  | 
  10010   p       SLAC   218     378.98     160.98       0.00       0.01                                                  | 
  10011   d       SLAC   228     380.69     152.69       0.00       0.02                                                  | 
