('active', 'pdf')

--step 1: npQCD objects = pdf , datasets = idis , tmc = False , ht = False
loading idis data sets 10016
loading idis data sets 10017
loading idis data sets 10020
loading idis data sets 10021
loading idis data sets 10010
loading idis data sets 10011
Loading DIS tables...
10016 has norm uncertainty
10017 has norm uncertainty
10020 has norm uncertainty
10010 has norm uncertainty
10011 has norm uncertainty
[H[J[H[J[H[J[H[J[H[J[H[J[H[J[H[J[H[J[H[J[H[J[H[J[H[J[H[J[H[J['pdf']
JAM FITTER                                                                                                                | 1        pdf       db1 N   1.65587e-01
count = 100                                                                                                               | 2        pdf       db1 a  -2.21661e-01
elapsed time(mins)=0.972774                                                                                               | 3        pdf       db1 b   3.26280e+00
shifts  = 2                                                                                                               | 4        pdf       dv1 a  -1.17703e-01
npts    = 1495                                                                                                            | 5        pdf       dv1 b   7.61462e+00
chi2    = 51912.423410                                                                                                    | 6        pdf        g1 a  -1.87155e+00
rchi2   = 8449.767250                                                                                                     | 7        pdf        g1 b   9.59492e+00
nchi2   = 238.373126                                                                                                      | 8        pdf        s1 N   4.21936e-02
chi2tot = 60600.563786                                                                                                    | 9        pdf        s1 a   7.61599e-01
dchi2(iter)  = 0.000000                                                                                                   | 10        pdf        s1 b   6.19335e-01
dchi2(local) = -inf                                                                                                       | 11        pdf      sea1 N   5.74055e-02
pdf dv(1):1.000000                                                                                                        | 12        pdf      sea1 a  -1.80995e+00
pdf db-ub(2):0.111436                                                                                                     | 13        pdf      sea1 b   6.11848e+00
pdf msr:1.000000                                                                                                          | 14        pdf       ub1 N   5.41513e-02
pdf db-ub(1):0.899650                                                                                                     | 15        pdf       ub1 a   5.07906e-01
pdf uv(1):2.000000                                                                                                        | 16        pdf       ub1 b   2.30458e+00
pdf s-sb(1):0.000000                                                                                                      | 17        pdf       uv1 a  -8.81612e-02
pdf s-sb(2):0.000000                                                                                                      | 18        pdf       uv1 b   6.64820e+00
                                                                                                                          | 19       norm       idis      10016  9.05444e-01
reaction: unpol DIS                                                                                                       | 20       norm       idis      10017  1.13602e+00
filters: Q2>1.690000                                                                                                      | 21       norm       idis      10010  1.11345e+00
filters: W2>10.000000                                                                                                     | 22       norm       idis      10011  1.19091e+00
    idx tar        col  npts       chi2  chi2-npts      rchi2      nchi2                                                  | 23       norm       idis      10020  1.14503e+00
  10016   p      BCDMS   348    8611.32    8263.32     924.40       9.93                                                  | 
  10017   d      BCDMS   254    1987.27    1733.27    1327.26      20.56                                                  | 
  10020   p        NMC   273   10457.88   10184.88    2180.45      52.58                                                  | 
  10021 d/p        NMC   174    6829.72    6655.72    4017.67       0.00                                                  | 
  10010   p       SLAC   218    5184.94    4966.94       0.00      29.18                                                  | 
  10011   d       SLAC   228   18841.29   18613.29       0.00     126.11                                                  | 
['pdf']
JAM FITTER                                                                                                                | 1        pdf       db1 N   7.61794e-02
count = 200                                                                                                               | 2        pdf       db1 a  -3.42191e-01
elapsed time(mins)=1.946847                                                                                               | 3        pdf       db1 b   3.89421e+00
shifts  = 3                                                                                                               | 4        pdf       dv1 a  -4.78092e-01
npts    = 1495                                                                                                            | 5        pdf       dv1 b   8.97234e+00
chi2    = 4627.359167                                                                                                     | 6        pdf        g1 a  -1.66692e+00
rchi2   = 159.321161                                                                                                      | 7        pdf        g1 b   6.38789e-02
nchi2   = 148.079063                                                                                                      | 8        pdf        s1 N   1.32208e-02
chi2tot = 4934.759391                                                                                                     | 9        pdf        s1 a   2.72145e-02
dchi2(iter)  = inf                                                                                                        | 10        pdf        s1 b   3.37420e+00
dchi2(local) = -inf                                                                                                       | 11        pdf      sea1 N   1.87591e-02
pdf dv(1):1.000000                                                                                                        | 12        pdf      sea1 a  -1.83256e+00
pdf db-ub(2):-0.058668                                                                                                    | 13        pdf      sea1 b   3.55402e+00
pdf msr:1.000000                                                                                                          | 14        pdf       ub1 N   1.34847e-01
pdf db-ub(1):0.115335                                                                                                     | 15        pdf       ub1 a   6.68063e-01
pdf uv(1):2.000000                                                                                                        | 16        pdf       ub1 b   3.85877e+00
pdf s-sb(1):0.000000                                                                                                      | 17        pdf       uv1 a  -4.27088e-01
pdf s-sb(2):0.000000                                                                                                      | 18        pdf       uv1 b   7.42543e+00
                                                                                                                          | 19       norm       idis      10016  1.08324e+00
reaction: unpol DIS                                                                                                       | 20       norm       idis      10017  1.10922e+00
filters: Q2>1.690000                                                                                                      | 21       norm       idis      10010  1.15650e+00
filters: W2>10.000000                                                                                                     | 22       norm       idis      10011  1.14012e+00
    idx tar        col  npts       chi2  chi2-npts      rchi2      nchi2                                                  | 23       norm       idis      10020  1.03823e+00
  10016   p      BCDMS   348     925.51     577.51      22.52       7.70                                                  | 
  10017   d      BCDMS   254     655.46     401.46      31.71      13.25                                                  | 
  10020   p        NMC   273    1593.08    1320.08      97.16       3.65                                                  | 
  10021 d/p        NMC   174     346.78     172.78       7.94       0.00                                                  | 
  10010   p       SLAC   218     579.72     361.72       0.00      55.54                                                  | 
  10011   d       SLAC   228     526.81     298.81       0.00      67.93                                                  | 
['pdf']
JAM FITTER                                                                                                                | 1        pdf       db1 N   7.38405e-02
count = 300                                                                                                               | 2        pdf       db1 a  -3.53209e-01
elapsed time(mins)=2.916631                                                                                               | 3        pdf       db1 b   3.71729e+00
shifts  = 2                                                                                                               | 4        pdf       dv1 a  -4.93707e-01
npts    = 1495                                                                                                            | 5        pdf       dv1 b   9.00925e+00
chi2    = 3692.235331                                                                                                     | 6        pdf        g1 a  -1.46536e+00
rchi2   = 109.296271                                                                                                      | 7        pdf        g1 b   7.55010e-01
nchi2   = 30.603044                                                                                                       | 8        pdf        s1 N   2.92929e-03
chi2tot = 3832.134645                                                                                                     | 9        pdf        s1 a   1.11870e-02
dchi2(iter)  = inf                                                                                                        | 10        pdf        s1 b   3.32574e+00
dchi2(local) = -1102.624746                                                                                               | 11        pdf      sea1 N   8.95999e-03
pdf dv(1):1.000000                                                                                                        | 12        pdf      sea1 a  -1.70722e+00
pdf db-ub(2):-0.058571                                                                                                    | 13        pdf      sea1 b   2.96403e+00
pdf msr:1.000000                                                                                                          | 14        pdf       ub1 N   1.32412e-01
pdf db-ub(1):0.081600                                                                                                     | 15        pdf       ub1 a   5.65277e-01
pdf uv(1):2.000000                                                                                                        | 16        pdf       ub1 b   3.70932e+00
pdf s-sb(1):0.000000                                                                                                      | 17        pdf       uv1 a  -4.85087e-01
pdf s-sb(2):0.000000                                                                                                      | 18        pdf       uv1 b   7.53546e+00
                                                                                                                          | 19       norm       idis      10016  1.01457e+00
reaction: unpol DIS                                                                                                       | 20       norm       idis      10017  1.03954e+00
filters: Q2>1.690000                                                                                                      | 21       norm       idis      10010  1.07281e+00
filters: W2>10.000000                                                                                                     | 22       norm       idis      10011  1.06724e+00
    idx tar        col  npts       chi2  chi2-npts      rchi2      nchi2                                                  | 23       norm       idis      10020  1.01962e+00
  10016   p      BCDMS   348     912.21     564.21      31.66       0.24                                                  | 
  10017   d      BCDMS   254     628.80     374.80      29.03       1.74                                                  | 
  10020   p        NMC   273     889.75     616.75      43.93       0.96                                                  | 
  10021 d/p        NMC   174     348.79     174.79       4.67       0.00                                                  | 
  10010   p       SLAC   218     482.29     264.29       0.00      12.02                                                  | 
  10011   d       SLAC   228     430.40     202.40       0.00      15.65                                                  | 
['pdf']
JAM FITTER                                                                                                                | 1        pdf       db1 N   7.03533e-02
count = 400                                                                                                               | 2        pdf       db1 a  -2.97662e-01
elapsed time(mins)=3.880791                                                                                               | 3        pdf       db1 b   3.78835e+00
shifts  = 3                                                                                                               | 4        pdf       dv1 a  -4.97606e-01
npts    = 1495                                                                                                            | 5        pdf       dv1 b   9.00133e+00
chi2    = 3513.782940                                                                                                     | 6        pdf        g1 a  -1.15957e+00
rchi2   = 78.367111                                                                                                       | 7        pdf        g1 b   1.39473e+00
nchi2   = 23.569561                                                                                                       | 8        pdf        s1 N   5.56805e-04
chi2tot = 3615.719612                                                                                                     | 9        pdf        s1 a   1.69979e-02
dchi2(iter)  = 1319.039779                                                                                                | 10        pdf        s1 b   3.31972e+00
dchi2(local) = -1319.039779                                                                                               | 11        pdf      sea1 N   1.05408e-02
pdf dv(1):1.000000                                                                                                        | 12        pdf      sea1 a  -1.56090e+00
pdf db-ub(2):-0.055455                                                                                                    | 13        pdf      sea1 b   3.04060e+00
pdf msr:1.000000                                                                                                          | 14        pdf       ub1 N   1.25809e-01
pdf db-ub(1):0.060064                                                                                                     | 15        pdf       ub1 a   6.27320e-01
pdf uv(1):2.000000                                                                                                        | 16        pdf       ub1 b   3.70997e+00
pdf s-sb(1):0.000000                                                                                                      | 17        pdf       uv1 a  -4.96348e-01
pdf s-sb(2):0.000000                                                                                                      | 18        pdf       uv1 b   6.81318e+00
                                                                                                                          | 19       norm       idis      10016  1.01518e+00
reaction: unpol DIS                                                                                                       | 20       norm       idis      10017  1.03843e+00
filters: Q2>1.690000                                                                                                      | 21       norm       idis      10010  1.06220e+00
filters: W2>10.000000                                                                                                     | 22       norm       idis      10011  1.05453e+00
    idx tar        col  npts       chi2  chi2-npts      rchi2      nchi2                                                  | 23       norm       idis      10020  1.03230e+00
  10016   p      BCDMS   348     897.89     549.89      30.58       0.26                                                  | 
  10017   d      BCDMS   254     621.76     367.76      22.43       1.64                                                  | 
  10020   p        NMC   273     741.44     468.44      19.12       2.61                                                  | 
  10021 d/p        NMC   174     349.51     175.51       6.24       0.00                                                  | 
  10010   p       SLAC   218     480.05     262.05       0.00       8.77                                                  | 
  10011   d       SLAC   228     423.14     195.14       0.00      10.29                                                  | 
['pdf']
JAM FITTER                                                                                                                | 1        pdf       db1 N   6.69159e-02
count = 500                                                                                                               | 2        pdf       db1 a  -9.74612e-02
elapsed time(mins)=4.843236                                                                                               | 3        pdf       db1 b   4.18860e+00
shifts  = 2                                                                                                               | 4        pdf       dv1 a  -4.99798e-01
npts    = 1495                                                                                                            | 5        pdf       dv1 b   9.39772e+00
chi2    = 3354.710743                                                                                                     | 6        pdf        g1 a  -7.93559e-01
rchi2   = 74.878784                                                                                                       | 7        pdf        g1 b   2.37593e+00
nchi2   = 14.418763                                                                                                       | 8        pdf        s1 N   6.20191e-04
chi2tot = 3444.008289                                                                                                     | 9        pdf        s1 a   9.96314e-01
dchi2(iter)  = 1319.039779                                                                                                | 10        pdf        s1 b   7.59338e-01
dchi2(local) = -171.711322                                                                                                | 11        pdf      sea1 N   1.18573e-02
pdf dv(1):1.000000                                                                                                        | 12        pdf      sea1 a  -1.40402e+00
pdf db-ub(2):-0.034883                                                                                                    | 13        pdf      sea1 b   4.48815e+00
pdf msr:1.000000                                                                                                          | 14        pdf       ub1 N   1.01799e-01
pdf db-ub(1):0.075046                                                                                                     | 15        pdf       ub1 a   6.59599e-01
pdf uv(1):2.000000                                                                                                        | 16        pdf       ub1 b   3.47936e+00
pdf s-sb(1):0.000000                                                                                                      | 17        pdf       uv1 a  -4.99340e-01
pdf s-sb(2):0.000000                                                                                                      | 18        pdf       uv1 b   4.70966e+00
                                                                                                                          | 19       norm       idis      10016  1.00869e+00
reaction: unpol DIS                                                                                                       | 20       norm       idis      10017  1.03239e+00
filters: Q2>1.690000                                                                                                      | 21       norm       idis      10010  1.04969e+00
filters: W2>10.000000                                                                                                     | 22       norm       idis      10011  1.04045e+00
    idx tar        col  npts       chi2  chi2-npts      rchi2      nchi2                                                  | 23       norm       idis      10020  1.02764e+00
  10016   p      BCDMS   348     840.01     492.01      33.61       0.08                                                  | 
  10017   d      BCDMS   254     571.94     317.94      18.11       1.17                                                  | 
  10020   p        NMC   273     695.84     422.84      16.71       1.91                                                  | 
  10021 d/p        NMC   174     342.16     168.16       6.46       0.00                                                  | 
  10010   p       SLAC   218     483.78     265.78       0.00       5.60                                                  | 
  10011   d       SLAC   228     420.98     192.98       0.00       5.66                                                  | 
['pdf']
JAM FITTER                                                                                                                | 1        pdf       db1 N   6.35329e-02
count = 600                                                                                                               | 2        pdf       db1 a   6.47637e-02
elapsed time(mins)=5.809617                                                                                               | 3        pdf       db1 b   4.66592e+00
shifts  = 2                                                                                                               | 4        pdf       dv1 a  -4.99997e-01
npts    = 1495                                                                                                            | 5        pdf       dv1 b   9.96111e+00
chi2    = 3292.293405                                                                                                     | 6        pdf        g1 a  -6.81425e-01
rchi2   = 67.177743                                                                                                       | 7        pdf        g1 b   2.28647e+00
nchi2   = 2.054007                                                                                                        | 8        pdf        s1 N   1.05551e-02
chi2tot = 3361.525155                                                                                                     | 9        pdf        s1 a   9.99635e-01
dchi2(iter)  = 1319.039779                                                                                                | 10        pdf        s1 b   9.91721e-01
dchi2(local) = -254.194456                                                                                                | 11        pdf      sea1 N   1.15724e-02
pdf dv(1):1.000000                                                                                                        | 12        pdf      sea1 a  -1.31322e+00
pdf db-ub(2):-0.019020                                                                                                    | 13        pdf      sea1 b   6.26115e+00
pdf msr:1.000000                                                                                                          | 14        pdf       ub1 N   8.25527e-02
pdf db-ub(1):0.100848                                                                                                     | 15        pdf       ub1 a   7.46892e-01
pdf uv(1):2.000000                                                                                                        | 16        pdf       ub1 b   3.61750e+00
pdf s-sb(1):0.000000                                                                                                      | 17        pdf       uv1 a  -4.94236e-01
pdf s-sb(2):0.000000                                                                                                      | 18        pdf       uv1 b   3.98059e+00
                                                                                                                          | 19       norm       idis      10016  9.85429e-01
reaction: unpol DIS                                                                                                       | 20       norm       idis      10017  1.00903e+00
filters: Q2>1.690000                                                                                                      | 21       norm       idis      10010  1.02065e+00
filters: W2>10.000000                                                                                                     | 22       norm       idis      10011  1.01157e+00
    idx tar        col  npts       chi2  chi2-npts      rchi2      nchi2                                                  | 23       norm       idis      10020  1.01091e+00
  10016   p      BCDMS   348     814.73     466.73      31.05       0.24                                                  | 
  10017   d      BCDMS   254     515.48     261.48      16.42       0.09                                                  | 
  10020   p        NMC   273     689.56     416.56      13.89       0.30                                                  | 
  10021 d/p        NMC   174     347.16     173.16       5.81       0.00                                                  | 
  10010   p       SLAC   218     497.57     279.57       0.00       0.97                                                  | 
  10011   d       SLAC   228     427.80     199.80       0.00       0.46                                                  | 
['pdf']
JAM FITTER                                                                                                                | 1        pdf       db1 N   6.10720e-02
count = 700                                                                                                               | 2        pdf       db1 a   1.51167e-01
elapsed time(mins)=6.773777                                                                                               | 3        pdf       db1 b   4.82968e+00
shifts  = 23                                                                                                              | 4        pdf       dv1 a  -4.85021e-01
npts    = 1495                                                                                                            | 5        pdf       dv1 b   9.99984e+00
chi2    = 3293.098899                                                                                                     | 6        pdf        g1 a  -6.36411e-01
rchi2   = 63.712001                                                                                                       | 7        pdf        g1 b   2.32107e+00
nchi2   = 1.392449                                                                                                        | 8        pdf        s1 N   1.25668e-02
chi2tot = 3358.203349                                                                                                     | 9        pdf        s1 a   8.76507e-01
dchi2(iter)  = 257.516263                                                                                                 | 10        pdf        s1 b   1.17025e+00
dchi2(local) = -257.516263                                                                                                | 11        pdf      sea1 N   1.24377e-02
pdf dv(1):1.000000                                                                                                        | 12        pdf      sea1 a  -1.28172e+00
pdf db-ub(2):-0.009286                                                                                                    | 13        pdf      sea1 b   6.29511e+00
pdf msr:1.000000                                                                                                          | 14        pdf       ub1 N   7.03581e-02
pdf db-ub(1):0.112132                                                                                                     | 15        pdf       ub1 a   7.42094e-01
pdf uv(1):2.000000                                                                                                        | 16        pdf       ub1 b   3.65146e+00
pdf s-sb(1):0.000000                                                                                                      | 17        pdf       uv1 a  -4.85132e-01
pdf s-sb(2):-0.000000                                                                                                     | 18        pdf       uv1 b   3.53856e+00
                                                                                                                          | 19       norm       idis      10016  9.82392e-01
reaction: unpol DIS                                                                                                       | 20       norm       idis      10017  1.00642e+00
filters: Q2>1.690000                                                                                                      | 21       norm       idis      10010  1.01646e+00
filters: W2>10.000000                                                                                                     | 22       norm       idis      10011  1.00761e+00
    idx tar        col  npts       chi2  chi2-npts      rchi2      nchi2                                                  | 23       norm       idis      10020  1.00865e+00
  10016   p      BCDMS   348     813.71     465.71      28.79       0.34                                                  | 
  10017   d      BCDMS   254     513.61     259.61      15.33       0.05                                                  | 
  10020   p        NMC   273     690.04     417.04      14.12       0.19                                                  | 
  10021 d/p        NMC   174     347.00     173.00       5.48       0.00                                                  | 
  10010   p       SLAC   218     498.13     280.13       0.00       0.61                                                  | 
  10011   d       SLAC   228     430.61     202.61       0.00       0.20                                                  | 
['pdf']
JAM FITTER                                                                                                                | 1        pdf       db1 N   5.63097e-02
count = 800                                                                                                               | 2        pdf       db1 a   2.36402e-01
elapsed time(mins)=7.743463                                                                                               | 3        pdf       db1 b   4.96457e+00
shifts  = 2                                                                                                               | 4        pdf       dv1 a  -4.62280e-01
npts    = 1495                                                                                                            | 5        pdf       dv1 b   1.00000e+01
chi2    = 3290.327387                                                                                                     | 6        pdf        g1 a  -6.20060e-01
rchi2   = 65.213230                                                                                                       | 7        pdf        g1 b   2.39170e+00
nchi2   = 1.254883                                                                                                        | 8        pdf        s1 N   1.80981e-02
chi2tot = 3356.795500                                                                                                     | 9        pdf        s1 a   1.71824e-01
dchi2(iter)  = 257.516263                                                                                                 | 10        pdf        s1 b   1.20060e+00
dchi2(local) = -1.407849                                                                                                  | 11        pdf      sea1 N   1.46532e-02
pdf dv(1):1.000000                                                                                                        | 12        pdf      sea1 a  -1.27473e+00
pdf db-ub(2):-0.002927                                                                                                    | 13        pdf      sea1 b   4.99168e+00
pdf msr:1.000000                                                                                                          | 14        pdf       ub1 N   5.92367e-02
pdf db-ub(1):0.111267                                                                                                     | 15        pdf       ub1 a   8.02047e-01
pdf uv(1):2.000000                                                                                                        | 16        pdf       ub1 b   3.78985e+00
pdf s-sb(1):0.000000                                                                                                      | 17        pdf       uv1 a  -4.80300e-01
pdf s-sb(2):0.000000                                                                                                      | 18        pdf       uv1 b   3.24615e+00
                                                                                                                          | 19       norm       idis      10016  9.80068e-01
reaction: unpol DIS                                                                                                       | 20       norm       idis      10017  1.00406e+00
filters: Q2>1.690000                                                                                                      | 21       norm       idis      10010  1.01517e+00
filters: W2>10.000000                                                                                                     | 22       norm       idis      10011  1.00648e+00
    idx tar        col  npts       chi2  chi2-npts      rchi2      nchi2                                                  | 23       norm       idis      10020  1.00715e+00
  10016   p      BCDMS   348     811.38     463.38      29.51       0.44                                                  | 
  10017   d      BCDMS   254     513.44     259.44      15.53       0.02                                                  | 
  10020   p        NMC   273     690.20     417.20      14.81       0.13                                                  | 
  10021 d/p        NMC   174     346.43     172.43       5.37       0.00                                                  | 
  10010   p       SLAC   218     497.80     279.80       0.00       0.52                                                  | 
  10011   d       SLAC   228     431.08     203.08       0.00       0.15                                                  | 
['pdf']
JAM FITTER                                                                                                                | 1        pdf       db1 N   5.08443e-02
count = 900                                                                                                               | 2        pdf       db1 a   3.95040e-01
elapsed time(mins)=8.718522                                                                                               | 3        pdf       db1 b   5.15688e+00
shifts  = 2                                                                                                               | 4        pdf       dv1 a  -4.00890e-01
npts    = 1495                                                                                                            | 5        pdf       dv1 b   1.00000e+01
chi2    = 3288.122308                                                                                                     | 6        pdf        g1 a  -6.15355e-01
rchi2   = 64.876612                                                                                                       | 7        pdf        g1 b   2.43641e+00
nchi2   = 1.192839                                                                                                        | 8        pdf        s1 N   2.38462e-02
chi2tot = 3354.191758                                                                                                     | 9        pdf        s1 a  -1.58015e-01
dchi2(iter)  = 257.516263                                                                                                 | 10        pdf        s1 b   1.31605e+00
dchi2(local) = -4.011590                                                                                                  | 11        pdf      sea1 N   1.60440e-02
pdf dv(1):1.000000                                                                                                        | 12        pdf      sea1 a  -1.26551e+00
pdf db-ub(2):0.004372                                                                                                     | 13        pdf      sea1 b   4.66748e+00
pdf msr:1.000000                                                                                                          | 14        pdf       ub1 N   4.64719e-02
pdf db-ub(1):0.107468                                                                                                     | 15        pdf       ub1 a   9.33515e-01
pdf uv(1):2.000000                                                                                                        | 16        pdf       ub1 b   4.04689e+00
pdf s-sb(1):0.000000                                                                                                      | 17        pdf       uv1 a  -4.54181e-01
pdf s-sb(2):0.000000                                                                                                      | 18        pdf       uv1 b   3.04794e+00
                                                                                                                          | 19       norm       idis      10016  9.77602e-01
reaction: unpol DIS                                                                                                       | 20       norm       idis      10017  1.00184e+00
filters: Q2>1.690000                                                                                                      | 21       norm       idis      10010  1.01408e+00
filters: W2>10.000000                                                                                                     | 22       norm       idis      10011  1.00549e+00
    idx tar        col  npts       chi2  chi2-npts      rchi2      nchi2                                                  | 23       norm       idis      10020  1.00558e+00
  10016   p      BCDMS   348     812.07     464.07      29.53       0.56                                                  | 
  10017   d      BCDMS   254     512.52     258.52      15.20       0.00                                                  | 
  10020   p        NMC   273     691.19     418.19      14.65       0.08                                                  | 
  10021 d/p        NMC   174     345.54     171.54       5.50       0.00                                                  | 
  10010   p       SLAC   218     496.20     278.20       0.00       0.45                                                  | 
  10011   d       SLAC   228     430.60     202.60       0.00       0.10                                                  | 
['pdf']
JAM FITTER                                                                                                                | 1        pdf       db1 N   4.84551e-02
count = 1000                                                                                                              | 2        pdf       db1 a   4.69479e-01
elapsed time(mins)=9.678928                                                                                               | 3        pdf       db1 b   5.27285e+00
shifts  = 2                                                                                                               | 4        pdf       dv1 a  -3.78264e-01
npts    = 1495                                                                                                            | 5        pdf       dv1 b   1.00000e+01
chi2    = 3286.306081                                                                                                     | 6        pdf        g1 a  -6.01999e-01
rchi2   = 65.458973                                                                                                       | 7        pdf        g1 b   2.51970e+00
nchi2   = 1.176612                                                                                                        | 8        pdf        s1 N   3.44381e-02
chi2tot = 3352.941667                                                                                                     | 9        pdf        s1 a  -4.87416e-01
dchi2(iter)  = 257.516263                                                                                                 | 10        pdf        s1 b   1.45665e+00
dchi2(local) = -5.261682                                                                                                  | 11        pdf      sea1 N   1.54177e-02
pdf dv(1):1.000000                                                                                                        | 12        pdf      sea1 a  -1.26734e+00
pdf db-ub(2):0.007009                                                                                                     | 13        pdf      sea1 b   4.93610e+00
pdf msr:1.000000                                                                                                          | 14        pdf       ub1 N   4.14458e-02
pdf db-ub(1):0.106088                                                                                                     | 15        pdf       ub1 a   9.99856e-01
pdf uv(1):2.000000                                                                                                        | 16        pdf       ub1 b   4.19991e+00
pdf s-sb(1):0.000000                                                                                                      | 17        pdf       uv1 a  -4.45368e-01
pdf s-sb(2):0.000000                                                                                                      | 18        pdf       uv1 b   2.98138e+00
                                                                                                                          | 19       norm       idis      10016  9.74520e-01
reaction: unpol DIS                                                                                                       | 20       norm       idis      10017  9.98772e-01
filters: Q2>1.690000                                                                                                      | 21       norm       idis      10010  1.01264e+00
filters: W2>10.000000                                                                                                     | 22       norm       idis      10011  1.00417e+00
    idx tar        col  npts       chi2  chi2-npts      rchi2      nchi2                                                  | 23       norm       idis      10020  1.00355e+00
  10016   p      BCDMS   348     810.31     462.31      29.81       0.72                                                  | 
  10017   d      BCDMS   254     512.55     258.55      15.06       0.00                                                  | 
  10020   p        NMC   273     692.05     419.05      15.10       0.03                                                  | 
  10021 d/p        NMC   174     344.69     170.69       5.49       0.00                                                  | 
  10010   p       SLAC   218     495.65     277.65       0.00       0.36                                                  | 
  10011   d       SLAC   228     431.05     203.05       0.00       0.06                                                  | 
['pdf']
JAM FITTER                                                                                                                | 1        pdf       db1 N   4.85503e-02
count = 1100                                                                                                              | 2        pdf       db1 a   5.14306e-01
elapsed time(mins)=10.648781                                                                                              | 3        pdf       db1 b   5.33066e+00
shifts  = 2                                                                                                               | 4        pdf       dv1 a  -3.54392e-01
npts    = 1495                                                                                                            | 5        pdf       dv1 b   1.00000e+01
chi2    = 3283.996979                                                                                                     | 6        pdf        g1 a  -5.86690e-01
rchi2   = 67.074581                                                                                                       | 7        pdf        g1 b   2.58079e+00
nchi2   = 1.189980                                                                                                        | 8        pdf        s1 N   4.33136e-02
chi2tot = 3352.261540                                                                                                     | 9        pdf        s1 a  -8.05089e-01
dchi2(iter)  = 257.516263                                                                                                 | 10        pdf        s1 b   1.33716e+00
dchi2(local) = -5.941809                                                                                                  | 11        pdf      sea1 N   1.29621e-02
pdf dv(1):1.000000                                                                                                        | 12        pdf      sea1 a  -1.26977e+00
pdf db-ub(2):0.008486                                                                                                     | 13        pdf      sea1 b   6.19878e+00
pdf msr:1.000000                                                                                                          | 14        pdf       ub1 N   4.00646e-02
pdf db-ub(1):0.107569                                                                                                     | 15        pdf       ub1 a   9.99996e-01
pdf uv(1):2.000000                                                                                                        | 16        pdf       ub1 b   4.18583e+00
pdf s-sb(1):0.000000                                                                                                      | 17        pdf       uv1 a  -4.29220e-01
pdf s-sb(2):0.000000                                                                                                      | 18        pdf       uv1 b   3.01180e+00
                                                                                                                          | 19       norm       idis      10016  9.72093e-01
reaction: unpol DIS                                                                                                       | 20       norm       idis      10017  9.96258e-01
filters: Q2>1.690000                                                                                                      | 21       norm       idis      10010  1.01105e+00
filters: W2>10.000000                                                                                                     | 22       norm       idis      10011  1.00265e+00
    idx tar        col  npts       chi2  chi2-npts      rchi2      nchi2                                                  | 23       norm       idis      10020  1.00180e+00
  10016   p      BCDMS   348     809.75     461.75      30.53       0.87                                                  | 
  10017   d      BCDMS   254     511.40     257.40      15.42       0.02                                                  | 
  10020   p        NMC   273     692.46     419.46      15.64       0.01                                                  | 
  10021 d/p        NMC   174     344.33     170.33       5.49       0.00                                                  | 
  10010   p       SLAC   218     495.03     277.03       0.00       0.28                                                  | 
  10011   d       SLAC   228     431.03     203.03       0.00       0.02                                                  | 
['pdf']
JAM FITTER                                                                                                                | 1        pdf       db1 N   4.81270e-02
count = 1200                                                                                                              | 2        pdf       db1 a   5.79696e-01
elapsed time(mins)=11.616582                                                                                              | 3        pdf       db1 b   5.41918e+00
shifts  = 2                                                                                                               | 4        pdf       dv1 a  -3.16430e-01
npts    = 1495                                                                                                            | 5        pdf       dv1 b   1.00000e+01
chi2    = 3283.171213                                                                                                     | 6        pdf        g1 a  -5.80315e-01
rchi2   = 67.547329                                                                                                       | 7        pdf        g1 b   2.59640e+00
nchi2   = 1.194197                                                                                                        | 8        pdf        s1 N   4.53791e-02
chi2tot = 3351.912739                                                                                                     | 9        pdf        s1 a  -8.84540e-01
dchi2(iter)  = 257.516263                                                                                                 | 10        pdf        s1 b   1.26720e+00
dchi2(local) = -6.290609                                                                                                  | 11        pdf      sea1 N   1.16671e-02
pdf dv(1):1.000000                                                                                                        | 12        pdf      sea1 a  -1.25438e+00
pdf db-ub(2):0.010216                                                                                                     | 13        pdf      sea1 b   7.67302e+00
pdf msr:1.000000                                                                                                          | 14        pdf       ub1 N   3.79110e-02
pdf db-ub(1):0.108607                                                                                                     | 15        pdf       ub1 a   9.99999e-01
pdf uv(1):2.000000                                                                                                        | 16        pdf       ub1 b   4.12651e+00
pdf s-sb(1):0.000000                                                                                                      | 17        pdf       uv1 a  -4.03089e-01
pdf s-sb(2):0.000000                                                                                                      | 18        pdf       uv1 b   3.07265e+00
                                                                                                                          | 19       norm       idis      10016  9.72082e-01
reaction: unpol DIS                                                                                                       | 20       norm       idis      10017  9.96189e-01
filters: Q2>1.690000                                                                                                      | 21       norm       idis      10010  1.01112e+00
filters: W2>10.000000                                                                                                     | 22       norm       idis      10011  1.00267e+00
    idx tar        col  npts       chi2  chi2-npts      rchi2      nchi2                                                  | 23       norm       idis      10020  1.00166e+00
  10016   p      BCDMS   348     809.60     461.60      30.56       0.87                                                  | 
  10017   d      BCDMS   254     510.58     256.58      15.48       0.02                                                  | 
  10020   p        NMC   273     691.98     418.98      15.98       0.01                                                  | 
  10021 d/p        NMC   174     344.26     170.26       5.53       0.00                                                  | 
  10010   p       SLAC   218     495.08     277.08       0.00       0.28                                                  | 
  10011   d       SLAC   228     431.67     203.67       0.00       0.02                                                  | 
['pdf']
JAM FITTER                                                                                                                | 1        pdf       db1 N   4.77420e-02
count = 1300                                                                                                              | 2        pdf       db1 a   6.10760e-01
elapsed time(mins)=12.569754                                                                                              | 3        pdf       db1 b   5.45131e+00
shifts  = 2                                                                                                               | 4        pdf       dv1 a  -2.96660e-01
npts    = 1495                                                                                                            | 5        pdf       dv1 b   1.00000e+01
chi2    = 3283.419220                                                                                                     | 6        pdf        g1 a  -5.75061e-01
rchi2   = 67.142150                                                                                                       | 7        pdf        g1 b   2.60533e+00
nchi2   = 1.193222                                                                                                        | 8        pdf        s1 N   4.61792e-02
chi2tot = 3351.754592                                                                                                     | 9        pdf        s1 a  -9.33929e-01
dchi2(iter)  = 257.516263                                                                                                 | 10        pdf        s1 b   1.22448e+00
dchi2(local) = -6.448757                                                                                                  | 11        pdf      sea1 N   1.11633e-02
pdf dv(1):1.000000                                                                                                        | 12        pdf      sea1 a  -1.24434e+00
pdf db-ub(2):0.011002                                                                                                     | 13        pdf      sea1 b   8.42070e+00
pdf msr:1.000000                                                                                                          | 14        pdf       ub1 N   3.67403e-02
pdf db-ub(1):0.108892                                                                                                     | 15        pdf       ub1 a   1.00000e+00
pdf uv(1):2.000000                                                                                                        | 16        pdf       ub1 b   4.08016e+00
pdf s-sb(1):0.000000                                                                                                      | 17        pdf       uv1 a  -3.89721e-01
pdf s-sb(2):0.000000                                                                                                      | 18        pdf       uv1 b   3.10402e+00
                                                                                                                          | 19       norm       idis      10016  9.72146e-01
reaction: unpol DIS                                                                                                       | 20       norm       idis      10017  9.96224e-01
filters: Q2>1.690000                                                                                                      | 21       norm       idis      10010  1.01118e+00
filters: W2>10.000000                                                                                                     | 22       norm       idis      10011  1.00267e+00
    idx tar        col  npts       chi2  chi2-npts      rchi2      nchi2                                                  | 23       norm       idis      10020  1.00167e+00
  10016   p      BCDMS   348     810.66     462.66      30.34       0.86                                                  | 
  10017   d      BCDMS   254     510.83     256.83      15.33       0.02                                                  | 
  10020   p        NMC   273     692.43     419.43      15.84       0.01                                                  | 
  10021 d/p        NMC   174     344.13     170.13       5.63       0.00                                                  | 
  10010   p       SLAC   218     494.10     276.10       0.00       0.28                                                  | 
  10011   d       SLAC   228     431.27     203.27       0.00       0.02                                                  | 
['pdf']
JAM FITTER                                                                                                                | 1        pdf       db1 N   4.77406e-02
count = 1400                                                                                                              | 2        pdf       db1 a   6.12961e-01
elapsed time(mins)=13.544090                                                                                              | 3        pdf       db1 b   5.44644e+00
shifts  = 3                                                                                                               | 4        pdf       dv1 a  -2.93937e-01
npts    = 1495                                                                                                            | 5        pdf       dv1 b   1.00000e+01
chi2    = 3283.247025                                                                                                     | 6        pdf        g1 a  -5.72411e-01
rchi2   = 67.303451                                                                                                       | 7        pdf        g1 b   2.61165e+00
nchi2   = 1.197818                                                                                                        | 8        pdf        s1 N   4.72260e-02
chi2tot = 3351.748293                                                                                                     | 9        pdf        s1 a  -9.89495e-01
dchi2(iter)  = 6.455055                                                                                                   | 10        pdf        s1 b   1.18303e+00
dchi2(local) = -6.455055                                                                                                  | 11        pdf      sea1 N   1.08750e-02
pdf dv(1):1.000000                                                                                                        | 12        pdf      sea1 a  -1.24308e+00
pdf db-ub(2):0.011110                                                                                                     | 13        pdf      sea1 b   8.55719e+00
pdf msr:1.000000                                                                                                          | 14        pdf       ub1 N   3.66302e-02
pdf db-ub(1):0.109109                                                                                                     | 15        pdf       ub1 a   1.00000e+00
pdf uv(1):2.000000                                                                                                        | 16        pdf       ub1 b   4.06707e+00
pdf s-sb(1):-0.000000                                                                                                     | 17        pdf       uv1 a  -3.87732e-01
pdf s-sb(2):-0.000000                                                                                                     | 18        pdf       uv1 b   3.11003e+00
                                                                                                                          | 19       norm       idis      10016  9.71830e-01
reaction: unpol DIS                                                                                                       | 20       norm       idis      10017  9.95899e-01
filters: Q2>1.690000                                                                                                      | 21       norm       idis      10010  1.01095e+00
filters: W2>10.000000                                                                                                     | 22       norm       idis      10011  1.00244e+00
    idx tar        col  npts       chi2  chi2-npts      rchi2      nchi2                                                  | 23       norm       idis      10020  1.00140e+00
  10016   p      BCDMS   348     810.76     462.76      30.39       0.88                                                  | 
  10017   d      BCDMS   254     510.72     256.72      15.34       0.02                                                  | 
  10020   p        NMC   273     692.52     419.52      15.93       0.00                                                  | 
  10021 d/p        NMC   174     344.04     170.04       5.64       0.00                                                  | 
  10010   p       SLAC   218     493.92     275.92       0.00       0.27                                                  | 
  10011   d       SLAC   228     431.29     203.29       0.00       0.02                                                  | 
['pdf']
JAM FITTER                                                                                                                | 1        pdf       db1 N   4.77439e-02
count = 1445                                                                                                              | 2        pdf       db1 a   6.12964e-01
elapsed time(mins)=13.985418                                                                                              | 3        pdf       db1 b   5.44627e+00
shifts  = 1                                                                                                               | 4        pdf       dv1 a  -2.93870e-01
npts    = 1495                                                                                                            | 5        pdf       dv1 b   1.00000e+01
chi2    = 3283.248630                                                                                                     | 6        pdf        g1 a  -5.72486e-01
rchi2   = 67.301478                                                                                                       | 7        pdf        g1 b   2.61202e+00
nchi2   = 1.198180                                                                                                        | 8        pdf        s1 N   4.72305e-02
chi2tot = 3351.748289                                                                                                     | 9        pdf        s1 a  -9.90586e-01
dchi2(iter)  = 6.455055                                                                                                   | 10        pdf        s1 b   1.18162e+00
dchi2(local) = -0.000005                                                                                                  | 11        pdf      sea1 N   1.08706e-02
pdf dv(1):1.000000                                                                                                        | 12        pdf      sea1 a  -1.24304e+00
pdf db-ub(2):0.011109                                                                                                     | 13        pdf      sea1 b   8.55958e+00
pdf msr:1.000000                                                                                                          | 14        pdf       ub1 N   3.66350e-02
pdf db-ub(1):0.109114                                                                                                     | 15        pdf       ub1 a   1.00000e+00
pdf uv(1):2.000000                                                                                                        | 16        pdf       ub1 b   4.06647e+00
pdf s-sb(1):0.000000                                                                                                      | 17        pdf       uv1 a  -3.87665e-01
pdf s-sb(2):0.000000                                                                                                      | 18        pdf       uv1 b   3.11043e+00
                                                                                                                          | 19       norm       idis      10016  9.71833e-01
reaction: unpol DIS                                                                                                       | 20       norm       idis      10017  9.95901e-01
filters: Q2>1.690000                                                                                                      | 21       norm       idis      10010  1.01096e+00
filters: W2>10.000000                                                                                                     | 22       norm       idis      10011  1.00244e+00
    idx tar        col  npts       chi2  chi2-npts      rchi2      nchi2                                                  | 23       norm       idis      10020  1.00141e+00
  10016   p      BCDMS   348     810.77     462.77      30.39       0.88                                                  | 
  10017   d      BCDMS   254     510.71     256.71      15.34       0.02                                                  | 
  10020   p        NMC   273     692.52     419.52      15.93       0.00                                                  | 
  10021 d/p        NMC   174     344.04     170.04       5.64       0.00                                                  | 
  10010   p       SLAC   218     493.92     275.92       0.00       0.27                                                  | 
  10011   d       SLAC   228     431.29     203.29       0.00       0.02                                                  | 
