('active', 'pdf')

--step 1: npQCD objects = pdf , datasets = idis , tmc = False , ht = False
loading idis data sets 10016
loading idis data sets 10017
loading idis data sets 10020
loading idis data sets 10021
loading idis data sets 10010
loading idis data sets 10011
Loading DIS tables...
10016 has norm uncertainty
10017 has norm uncertainty
10020 has norm uncertainty
10010 has norm uncertainty
10011 has norm uncertainty
[H[J[H[J['pdf']
JAM FITTER                                                                                                                | 1        pdf       db1 N   1.07528e-01
count = 100                                                                                                               | 2        pdf       db1 a  -9.23458e-01
elapsed time(mins)=0.408616                                                                                               | 3        pdf       db1 b   4.21641e+00
shifts  = 2                                                                                                               | 4        pdf       dv1 a  -4.06492e-01
npts    = 1495                                                                                                            | 5        pdf       dv1 b   9.64227e+00
chi2    = 25162.530117                                                                                                    | 6        pdf        g1 a   7.72241e-01
rchi2   = 5183.170302                                                                                                     | 7        pdf        g1 b   6.77840e-02
nchi2   = 338.482791                                                                                                      | 8        pdf        s1 N   8.15387e-02
chi2tot = 30684.183210                                                                                                    | 9        pdf        s1 a   4.42929e-01
dchi2(iter)  = 0.000000                                                                                                   | 10        pdf        s1 b   1.86019e+00
dchi2(local) = -inf                                                                                                       | 11        pdf      sea1 N   5.26338e-02
pdf dv(1):1.000000                                                                                                        | 12        pdf      sea1 a  -1.80717e+00
pdf db-ub(2):-0.043513                                                                                                    | 13        pdf      sea1 b   7.85083e+00
pdf msr:1.000000                                                                                                          | 14        pdf       ub1 N   1.51041e-01
pdf db-ub(1):6.860298                                                                                                     | 15        pdf       ub1 a   8.96961e-01
pdf uv(1):2.000000                                                                                                        | 16        pdf       ub1 b   4.32879e+00
pdf s-sb(1):0.000000                                                                                                      | 17        pdf       uv1 a  -3.74564e-01
pdf s-sb(2):0.000000                                                                                                      | 18        pdf       uv1 b   9.23743e+00
                                                                                                                          | 19       norm       idis      10016  1.17673e+00
reaction: unpol DIS                                                                                                       | 20       norm       idis      10017  1.14079e+00
filters: Q2>1.690000                                                                                                      | 21       norm       idis      10010  1.18743e+00
filters: W2>10.000000                                                                                                     | 22       norm       idis      10011  1.18614e+00
    idx tar        col  npts       chi2  chi2-npts      rchi2      nchi2                                                  | 23       norm       idis      10020  1.18133e+00
  10016   p      BCDMS   348    1622.62    1274.62     120.72      34.70                                                  | 
  10017   d      BCDMS   254    1870.33    1616.33      55.65      22.03                                                  | 
  10020   p        NMC   273   11719.61   11446.61    2673.46      82.20                                                  | 
  10021 d/p        NMC   174    3572.68    3398.68    2333.34       0.00                                                  | 
  10010   p       SLAC   218    1757.61    1539.61       0.00      79.66                                                  | 
  10011   d       SLAC   228    4619.69    4391.69       0.00     119.89                                                  | 
['pdf']
JAM FITTER                                                                                                                | 1        pdf       db1 N   7.89316e-02
count = 200                                                                                                               | 2        pdf       db1 a  -2.94111e-01
elapsed time(mins)=0.815177                                                                                               | 3        pdf       db1 b   4.28676e+00
shifts  = 2                                                                                                               | 4        pdf       dv1 a  -4.58360e-01
npts    = 1495                                                                                                            | 5        pdf       dv1 b   9.89652e+00
chi2    = 3819.832347                                                                                                     | 6        pdf        g1 a  -9.61922e-01
rchi2   = 185.239891                                                                                                      | 7        pdf        g1 b   4.37981e+00
nchi2   = 204.649934                                                                                                      | 8        pdf        s1 N   5.60043e-02
chi2tot = 4209.722172                                                                                                     | 9        pdf        s1 a   2.38171e-01
dchi2(iter)  = 0.000000                                                                                                   | 10        pdf        s1 b   1.54413e+00
dchi2(local) = -inf                                                                                                       | 11        pdf      sea1 N   1.43422e-02
pdf dv(1):1.000000                                                                                                        | 12        pdf      sea1 a  -1.85645e+00
pdf db-ub(2):-0.068637                                                                                                    | 13        pdf      sea1 b   2.13165e+00
pdf msr:1.000000                                                                                                          | 14        pdf       ub1 N   1.47568e-01
pdf db-ub(1):0.053605                                                                                                     | 15        pdf       ub1 a   5.88148e-01
pdf uv(1):2.000000                                                                                                        | 16        pdf       ub1 b   4.04655e+00
pdf s-sb(1):0.000000                                                                                                      | 17        pdf       uv1 a  -4.49854e-01
pdf s-sb(2):0.000000                                                                                                      | 18        pdf       uv1 b   9.52283e+00
                                                                                                                          | 19       norm       idis      10016  1.10477e+00
reaction: unpol DIS                                                                                                       | 20       norm       idis      10017  1.12792e+00
filters: Q2>1.690000                                                                                                      | 21       norm       idis      10010  1.16524e+00
filters: W2>10.000000                                                                                                     | 22       norm       idis      10[H[J[H[J011  1.16714e+00
    idx tar        col  npts       chi2  chi2-npts      rchi2      nchi2                                                  | 23       norm       idis      10020  1.07924e+00
  10016   p      BCDMS   348     951.36     603.36      47.44      12.20                                                  | 
  10017   d      BCDMS   254     687.42     433.42      76.98      18.18                                                  | 
  10020   p        NMC   273     917.74     644.74      54.04      15.70                                                  | 
  10021 d/p        NMC   174     414.44     240.44       6.78       0.00                                                  | 
  10010   p       SLAC   218     375.66     157.66       0.00      61.91                                                  | 
  10011   d       SLAC   228     473.22     245.22       0.00      96.66                                                  | 
['pdf']
JAM FITTER                                                                                                                | 1        pdf       db1 N   7.17771e-02
count = 300                                                                                                               | 2        pdf       db1 a  -1.84353e-01
elapsed time(mins)=1.222155                                                                                               | 3        pdf       db1 b   4.48689e+00
shifts  = 2                                                                                                               | 4        pdf       dv1 a  -4.98036e-01
npts    = 1495                                                                                                            | 5        pdf       dv1 b   9.83980e+00
chi2    = 3002.257286                                                                                                     | 6        pdf        g1 a  -7.10958e-01
rchi2   = 61.120800                                                                                                       | 7        pdf        g1 b   3.78815e+00
nchi2   = 22.692573                                                                                                       | 8        pdf        s1 N   2.29077e-02
chi2tot = 3086.070658                                                                                                     | 9        pdf        s1 a   1.16902e-02
dchi2(iter)  = 0.000000                                                                                                   | 10        pdf        s1 b   1.06753e+00
dchi2(local) = -inf                                                                                                       | 11        pdf      sea1 N   9.11943e-03
pdf dv(1):1.000000                                                                                                        | 12        pdf      sea1 a  -1.61750e+00
pdf db-ub(2):-0.057481                                                                                                    | 13        pdf      sea1 b   2.59584e+00
pdf msr:1.000000                                                                                                          | 14        pdf       ub1 N   1.29258e-01
pdf db-ub(1):0.036817                                                                                                     | 15        pdf       ub1 a   6.62259e-01
pdf uv(1):2.000000                                                                                                        | 16        pdf       ub1 b   3.99673e+00
pdf s-sb(1):0.000000                                                                                                      | 17        pdf       uv1 a  -4.99758e-01
pdf s-sb(2):0.000000                                                                                                      | 18        pdf       uv1 b   7.57523e+00
                                                                                                                          | 19       norm       idis      10016  1.01443e+00
reaction: unpol DIS                                                                                                       | 20       norm       idis      10017  1.03305e+00
filters: Q2>1.690000                                                                                                      | 21       norm       idis      10010  1.06327e+00
filters: W2>10.000000                                                                                                     | 22       norm       idis      10011  1.05467e+00
    idx tar        col  npts       chi2  chi2-npts      rchi2      nchi2                                                  | 23       norm       idis      10020  1.02705e+00
  10016   p      BCDMS   348     712.26     364.26      15.68       0.23                                                  | 
  10017   d      BCDMS   254     526.31     272.31      15.52       1.21                                                  | 
  10020   p        NMC   273     616.67     343.67      25.42       1.83                                                  | 
  10021 d/p        NMC   174     388.50     214.50       4.50       0.00                                                  | 
  10010   p       SLAC   218     401.27     183.27       0.00       9.08                                                  | 
  10011   d       SLAC   228     357.24     129.24       0.00      10.34                                                  | 
['pdf']
JAM FITTER                                                                                                                | 1        pdf       db1 N   6.81078e-02
count = 400                                                                                                               | 2        pdf       db1 a  -4.78894e-02
elapsed time(mins)=1.627530                                                                                               | 3        pdf       db1 b   4.64910e+00
shifts  = 2                                                                                                               | 4        pdf       dv1 a  -4.99871e-01
npts    = 1495                                                                                                            | 5        pdf       dv1 b   9.95165e+00
chi2    = 2915.213046                                                                                                     | 6        pdf        g1 a  -7.04617e-01
rchi2   = 56.595495                                                                                                       | 7        pdf        g1 b   2.73312e+00
nchi2   = 4.616227                                                                                                        | 8        pdf        s1 N   1.56457e-02
chi2tot = 2976.424768                                                                                                     | 9        pdf        s1 a   2.10058e-01
dchi2(iter)  = 0.000000                                                                                                   | 10        pdf        s1 b   8.53109e-01
dchi2(local) = -inf                                                                                                       | 11        pdf      sea1 N   9.21490e-03
pdf dv(1):1.000000                                                                                                        | 12        pdf      sea1 a  -1.45824e+00
pdf db-ub(2):-0.040005                                                                                                    | 13        pdf      sea1 b   5.22777e+00
pdf msr:1.000000                                                                                                          | 14        pdf       ub1 N   1.08113e-01
pdf db-ub(1):0.068462                                                                                                     | 15        pdf       ub1 a   7.60226e-01
pdf uv(1):2.000000                                                                                                        | 16        pdf       ub1 b   3.81330e+00
pdf s-sb(1):0.000000                                           [H[J[H[J                                                           | 17        pdf       uv1 a  -4.99905e-01
pdf s-sb(2):0.000000                                                                                                      | 18        pdf       uv1 b   5.58212e+00
                                                                                                                          | 19       norm       idis      10016  9.95332e-01
reaction: unpol DIS                                                                                                       | 20       norm       idis      10017  1.01570e+00
filters: Q2>1.690000                                                                                                      | 21       norm       idis      10010  1.03294e+00
filters: W2>10.000000                                                                                                     | 22       norm       idis      10011  1.02312e+00
    idx tar        col  npts       chi2  chi2-npts      rchi2      nchi2                                                  | 23       norm       idis      10020  1.00193e+00
  10016   p      BCDMS   348     690.82     342.82      15.50       0.02                                                  | 
  10017   d      BCDMS   254     519.32     265.32      15.20       0.27                                                  | 
  10020   p        NMC   273     600.58     327.58      23.35       0.01                                                  | 
  10021 d/p        NMC   174     378.49     204.49       2.55       0.00                                                  | 
  10010   p       SLAC   218     376.75     158.75       0.00       2.46                                                  | 
  10011   d       SLAC   228     349.26     121.26       0.00       1.85                                                  | 
['pdf']
JAM FITTER                                                                                                                | 1        pdf       db1 N   6.62410e-02
count = 500                                                                                                               | 2        pdf       db1 a   4.74395e-02
elapsed time(mins)=2.032522                                                                                               | 3        pdf       db1 b   4.79321e+00
shifts  = 3                                                                                                               | 4        pdf       dv1 a  -4.99983e-01
npts    = 1495                                                                                                            | 5        pdf       dv1 b   9.98585e+00
chi2    = 2900.964869                                                                                                     | 6        pdf        g1 a  -6.39638e-01
rchi2   = 54.590171                                                                                                       | 7        pdf        g1 b   2.55513e+00
nchi2   = 1.681695                                                                                                        | 8        pdf        s1 N   1.18828e-02
chi2tot = 2957.236734                                                                                                     | 9        pdf        s1 a   2.86465e-01
dchi2(iter)  = inf                                                                                                        | 10        pdf        s1 b   8.10835e-01
dchi2(local) = -inf                                                                                                       | 11        pdf      sea1 N   9.70761e-03
pdf dv(1):1.000000                                                                                                        | 12        pdf      sea1 a  -1.36507e+00
pdf db-ub(2):-0.026168                                                                                                    | 13        pdf      sea1 b   6.59895e+00
pdf msr:1.000000                                                                                                          | 14        pdf       ub1 N   9.24092e-02
pdf db-ub(1):0.093713                                                                                                     | 15        pdf       ub1 a   7.35056e-01
pdf uv(1):2.000000                                                                                                        | 16        pdf       ub1 b   3.62799e+00
pdf s-sb(1):0.000000                                                                                                      | 17        pdf       uv1 a  -4.99932e-01
pdf s-sb(2):-0.000000                                                                                                     | 18        pdf       uv1 b   4.48438e+00
                                                                                                                          | 19       norm       idis      10016  9.87772e-01
reaction: unpol DIS                                                                                                       | 20       norm       idis      10017  1.00941e+00
filters: Q2>1.690000                                                                                                      | 21       norm       idis      10010  1.02039e+00
filters: W2>10.000000                                                                                                     | 22       norm       idis      10011  1.01033e+00
    idx tar        col  npts       chi2  chi2-npts      rchi2      nchi2                                                  | 23       norm       idis      10020  9.93500e-01
  10016   p      BCDMS   348     685.95     337.95      15.87       0.17                                                  | 
  10017   d      BCDMS   254     517.19     263.19      14.64       0.10                                                  | 
  10020   p        NMC   273     598.27     325.27      22.76       0.11                                                  | 
  10021 d/p        NMC   174     375.09     201.09       1.33       0.00                                                  | 
  10010   p       SLAC   218     372.96     154.96       0.00       0.94                                                  | 
  10011   d       SLAC   228     351.51     123.51       0.00       0.37                                                  | 
['pdf']
JAM FITTER                                                                                                                | 1        pdf       db1 N   6.46795e-02
count = 600                                                                                                               | 2        pdf       db1 a   1.00910e-01
elapsed time(mins)=2.435325                                                                                               | 3        pdf       db1 b   4.87693e+00
shifts  = 3                                                                                                               | 4        pdf       dv1 a  -4.86354e-01
npts    = 1495                                                                                                            | 5        pdf       dv1 b   9.99977e+00
chi2    = 2902.145172                                                                                                     | 6        pdf        g1 a  -5.99271e-01
rchi2   = 51.970500                                                                                                       | 7        pdf        g1 b   2.57526e+00
nchi2   = 1.271171                                                                                                        | 8        pdf        s1 N   1.20653e-02
chi2tot = 2955.386843                                                                                                     | 9        pdf        s1 a   3.23430e-01
dchi2(iter)  = 1.849891                                                                                                   | 10        pdf        s1 b   9.22823e-01
dchi2(local) = -1.849891                                                                                   [H[J[H[J               | 11        pdf      sea1 N   1.00575e-02
pdf dv(1):1.000000                                                                                                        | 12        pdf      sea1 a  -1.33596e+00
pdf db-ub(2):-0.020503                                                                                                    | 13        pdf      sea1 b   6.88227e+00
pdf msr:1.000000                                                                                                          | 14        pdf       ub1 N   8.51827e-02
pdf db-ub(1):0.096257                                                                                                     | 15        pdf       ub1 a   7.05289e-01
pdf uv(1):2.000000                                                                                                        | 16        pdf       ub1 b   3.57468e+00
pdf s-sb(1):0.000000                                                                                                      | 17        pdf       uv1 a  -4.99903e-01
pdf s-sb(2):0.000000                                                                                                      | 18        pdf       uv1 b   4.09459e+00
                                                                                                                          | 19       norm       idis      10016  9.85570e-01
reaction: unpol DIS                                                                                                       | 20       norm       idis      10017  1.00747e+00
filters: Q2>1.690000                                                                                                      | 21       norm       idis      10010  1.01677e+00
filters: W2>10.000000                                                                                                     | 22       norm       idis      10011  1.00667e+00
    idx tar        col  npts       chi2  chi2-npts      rchi2      nchi2                                                  | 23       norm       idis      10020  9.91360e-01
  10016   p      BCDMS   348     684.85     336.85      14.36       0.23                                                  | 
  10017   d      BCDMS   254     517.19     263.19      13.60       0.06                                                  | 
  10020   p        NMC   273     598.64     325.64      22.76       0.19                                                  | 
  10021 d/p        NMC   174     375.12     201.12       1.25       0.00                                                  | 
  10010   p       SLAC   218     373.40     155.40       0.00       0.64                                                  | 
  10011   d       SLAC   228     352.95     124.95       0.00       0.15                                                  | 
['pdf']
JAM FITTER                                                                                                                | 1        pdf       db1 N   6.15555e-02
count = 700                                                                                                               | 2        pdf       db1 a   1.59558e-01
elapsed time(mins)=2.847089                                                                                               | 3        pdf       db1 b   4.93672e+00
shifts  = 23                                                                                                              | 4        pdf       dv1 a  -4.66342e-01
npts    = 1495                                                                                                            | 5        pdf       dv1 b   1.00000e+01
chi2    = 2901.666183                                                                                                     | 6        pdf        g1 a  -5.84921e-01
rchi2   = 51.907858                                                                                                       | 7        pdf        g1 b   2.62735e+00
nchi2   = 1.262456                                                                                                        | 8        pdf        s1 N   1.40376e-02
chi2tot = 2954.836497                                                                                                     | 9        pdf        s1 a  -3.69333e-02
dchi2(iter)  = 0.550345                                                                                                   | 10        pdf        s1 b   8.50342e-01
dchi2(local) = -0.550345                                                                                                  | 11        pdf      sea1 N   1.16170e-02
pdf dv(1):1.000000                                                                                                        | 12        pdf      sea1 a  -1.32986e+00
pdf db-ub(2):-0.015963                                                                                                    | 13        pdf      sea1 b   5.54541e+00
pdf msr:1.000000                                                                                                          | 14        pdf       ub1 N   7.75184e-02
pdf db-ub(1):0.092512                                                                                                     | 15        pdf       ub1 a   7.18812e-01
pdf uv(1):2.000000                                                                                                        | 16        pdf       ub1 b   3.58265e+00
pdf s-sb(1):0.000000                                                                                                      | 17        pdf       uv1 a  -4.99749e-01
pdf s-sb(2):0.000000                                                                                                      | 18        pdf       uv1 b   3.78185e+00
                                                                                                                          | 19       norm       idis      10016  9.84711e-01
reaction: unpol DIS                                                                                                       | 20       norm       idis      10017  1.00655e+00
filters: Q2>1.690000                                                                                                      | 21       norm       idis      10010  1.01637e+00
filters: W2>10.000000                                                                                                     | 22       norm       idis      10011  1.00629e+00
    idx tar        col  npts       chi2  chi2-npts      rchi2      nchi2                                                  | 23       norm       idis      10020  9.90831e-01
  10016   p      BCDMS   348     684.78     336.78      14.14       0.26                                                  | 
  10017   d      BCDMS   254     516.57     262.57      13.40       0.05                                                  | 
  10020   p        NMC   273     598.65     325.65      23.07       0.21                                                  | 
  10021 d/p        NMC   174     374.96     200.96       1.29       0.00                                                  | 
  10010   p       SLAC   218     373.35     155.35       0.00       0.61                                                  | 
  10011   d       SLAC   228     353.35     125.35       0.00       0.14                                                  | 
['pdf']
JAM FITTER                                                                                                                | 1        pdf       db1 N   5.86245e-02
count = 800                                                                                                               | 2        pdf       db1 a   2.17150e-01
elapsed time(mins)=3.258900                                                                                               | 3        pdf       db1 b   5.01100e+00
shifts  = 2                                                                                                               | 4        pdf       dv1 a  -4.46869e-01
npts    = 1495                                                                                                            | 5        pdf       dv1[H[J b   1.00000e+01
chi2    = 2900.774103                                                                                                     | 6        pdf        g1 a  -5.72944e-01
rchi2   = 52.357708                                                                                                       | 7        pdf        g1 b   2.66252e+00
nchi2   = 1.232218                                                                                                        | 8        pdf        s1 N   1.60605e-02
chi2tot = 2954.364029                                                                                                     | 9        pdf        s1 a  -2.02286e-01
dchi2(iter)  = 0.550345                                                                                                   | 10        pdf        s1 b   8.81145e-01
dchi2(local) = -0.472468                                                                                                  | 11        pdf      sea1 N   1.29689e-02
pdf dv(1):1.000000                                                                                                        | 12        pdf      sea1 a  -1.32225e+00
pdf db-ub(2):-0.011910                                                                                                    | 13        pdf      sea1 b   4.75425e+00
pdf msr:1.000000                                                                                                          | 14        pdf       ub1 N   7.05341e-02
pdf db-ub(1):0.089698                                                                                                     | 15        pdf       ub1 a   7.31967e-01
pdf uv(1):2.000000                                                                                                        | 16        pdf       ub1 b   3.61425e+00
pdf s-sb(1):0.000000                                                                                                      | 17        pdf       uv1 a  -4.98635e-01
pdf s-sb(2):0.000000                                                                                                      | 18        pdf       uv1 b   3.53756e+00
                                                                                                                          | 19       norm       idis      10016  9.83556e-01
reaction: unpol DIS                                                                                                       | 20       norm       idis      10017  1.00536e+00
filters: Q2>1.690000                                                                                                      | 21       norm       idis      10010  1.01553e+00
filters: W2>10.000000                                                                                                     | 22       norm       idis      10011  1.00546e+00
    idx tar        col  npts       chi2  chi2-npts      rchi2      nchi2                                                  | 23       norm       idis      10020  9.90007e-01
  10016   p      BCDMS   348     684.30     336.30      14.24       0.30                                                  | 
  10017   d      BCDMS   254     516.19     262.19      13.50       0.03                                                  | 
  10020   p        NMC   273     598.92     325.92      23.30       0.25                                                  | 
  10021 d/p        NMC   174     374.88     200.88       1.33       0.00                                                  | 
  10010   p       SLAC   218     373.12     155.12       0.00       0.55                                                  | 
  10011   d       SLAC   228     353.37     125.37       0.00       0.10                                                  | 
['pdf']
JAM FITTER                                                                                                                | 1        pdf       db1 N   5.43569e-02
count = 900                                                                                                               | 2        pdf       db1 a   3.25225e-01
elapsed time(mins)=3.668609                                                                                               | 3        pdf       db1 b   5.15474e+00
shifts  = 3                                                                                                               | 4        pdf       dv1 a  -4.04642e-01
npts    = 1495                                                                                                            | 5        pdf       dv1 b   1.00000e+01
chi2    = 2898.567015                                                                                                     | 6        pdf        g1 a  -5.67024e-01
rchi2   = 53.738415                                                                                                       | 7        pdf        g1 b   2.70644e+00
nchi2   = 1.258754                                                                                                        | 8        pdf        s1 N   1.85878e-02
chi2tot = 2953.564185                                                                                                     | 9        pdf        s1 a  -3.45653e-01
dchi2(iter)  = 1.272313                                                                                                   | 10        pdf        s1 b   9.21896e-01
dchi2(local) = -1.272313                                                                                                  | 11        pdf      sea1 N   1.46560e-02
pdf dv(1):1.000000                                                                                                        | 12        pdf      sea1 a  -1.31325e+00
pdf db-ub(2):-0.005296                                                                                                    | 13        pdf      sea1 b   4.11575e+00
pdf msr:1.000000                                                                                                          | 14        pdf       ub1 N   5.96533e-02
pdf db-ub(1):0.091358                                                                                                     | 15        pdf       ub1 a   8.06032e-01
pdf uv(1):2.000000                                                                                                        | 16        pdf       ub1 b   3.71677e+00
pdf s-sb(1):-0.000000                                                                                                     | 17        pdf       uv1 a  -4.79467e-01
pdf s-sb(2):-0.000000                                                                                                     | 18        pdf       uv1 b   3.30719e+00
                                                                                                                          | 19       norm       idis      10016  9.82309e-01
reaction: unpol DIS                                                                                                       | 20       norm       idis      10017  1.00412e+00
filters: Q2>1.690000                                                                                                      | 21       norm       idis      10010  1.01504e+00
filters: W2>10.000000                                                                                                     | 22       norm       idis      10011  1.00506e+00
    idx tar        col  npts       chi2  chi2-npts      rchi2      nchi2                                                  | 23       norm       idis      10020  9.89224e-01
  10016   p      BCDMS   348     684.93     336.93      15.03       0.35                                                  | 
  10017   d      BCDMS   254     515.59     261.59      13.82       0.02                                                  | 
  10020   p        NMC   273     598.83     325.83      23.58       0.29                                                  | 
  10021 d/p        NMC   174     374.69     200.69       1.30       0.00                                                  | 
  10010   p       SLAC   218     371.71     153.71       0.00       0.51                                            [H[J[H[J      | 
  10011   d       SLAC   228     352.83     124.83       0.00       0.09                                                  | 
['pdf']
JAM FITTER                                                                                                                | 1        pdf       db1 N   5.11822e-02
count = 1000                                                                                                              | 2        pdf       db1 a   4.43865e-01
elapsed time(mins)=4.079741                                                                                               | 3        pdf       db1 b   5.29589e+00
shifts  = 2                                                                                                               | 4        pdf       dv1 a  -3.58680e-01
npts    = 1495                                                                                                            | 5        pdf       dv1 b   1.00000e+01
chi2    = 2898.518532                                                                                                     | 6        pdf        g1 a  -5.64267e-01
rchi2   = 52.853001                                                                                                       | 7        pdf        g1 b   2.72526e+00
nchi2   = 1.274939                                                                                                        | 8        pdf        s1 N   2.02784e-02
chi2tot = 2952.646473                                                                                                     | 9        pdf        s1 a  -3.63612e-01
dchi2(iter)  = 1.272313                                                                                                   | 10        pdf        s1 b   1.02690e+00
dchi2(local) = -0.917712                                                                                                  | 11        pdf      sea1 N   1.53949e-02
pdf dv(1):1.000000                                                                                                        | 12        pdf      sea1 a  -1.30121e+00
pdf db-ub(2):0.000220                                                                                                     | 13        pdf      sea1 b   4.13137e+00
pdf msr:1.000000                                                                                                          | 14        pdf       ub1 N   5.09624e-02
pdf db-ub(1):0.092453                                                                                                     | 15        pdf       ub1 a   8.89209e-01
pdf uv(1):2.000000                                                                                                        | 16        pdf       ub1 b   3.85417e+00
pdf s-sb(1):0.000000                                                                                                      | 17        pdf       uv1 a  -4.56724e-01
pdf s-sb(2):0.000000                                                                                                      | 18        pdf       uv1 b   3.17362e+00
                                                                                                                          | 19       norm       idis      10016  9.81414e-01
reaction: unpol DIS                                                                                                       | 20       norm       idis      10017  1.00332e+00
filters: Q2>1.690000                                                                                                      | 21       norm       idis      10010  1.01462e+00
filters: W2>10.000000                                                                                                     | 22       norm       idis      10011  1.00465e+00
    idx tar        col  npts       chi2  chi2-npts      rchi2      nchi2                                                  | 23       norm       idis      10020  9.88690e-01
  10016   p      BCDMS   348     684.64     336.64      14.65       0.38                                                  | 
  10017   d      BCDMS   254     514.34     260.34      13.34       0.01                                                  | 
  10020   p        NMC   273     598.65     325.65      23.58       0.32                                                  | 
  10021 d/p        NMC   174     374.70     200.70       1.28       0.00                                                  | 
  10010   p       SLAC   218     372.14     154.14       0.00       0.48                                                  | 
  10011   d       SLAC   228     354.05     126.05       0.00       0.07                                                  | 
['pdf']
JAM FITTER                                                                                                                | 1        pdf       db1 N   4.85781e-02
count = 1100                                                                                                              | 2        pdf       db1 a   5.96310e-01
elapsed time(mins)=4.479925                                                                                               | 3        pdf       db1 b   5.47509e+00
shifts  = 3                                                                                                               | 4        pdf       dv1 a  -2.98943e-01
npts    = 1495                                                                                                            | 5        pdf       dv1 b   1.00000e+01
chi2    = 2896.384852                                                                                                     | 6        pdf        g1 a  -5.59894e-01
rchi2   = 54.190571                                                                                                       | 7        pdf        g1 b   2.76147e+00
nchi2   = 1.323344                                                                                                        | 8        pdf        s1 N   2.35372e-02
chi2tot = 2951.898767                                                                                                     | 9        pdf        s1 a  -3.23006e-01
dchi2(iter)  = 1.665417                                                                                                   | 10        pdf        s1 b   1.22630e+00
dchi2(local) = -1.665417                                                                                                  | 11        pdf      sea1 N   1.49906e-02
pdf dv(1):1.000000                                                                                                        | 12        pdf      sea1 a  -1.28324e+00
pdf db-ub(2):0.005942                                                                                                     | 13        pdf      sea1 b   4.86753e+00
pdf msr:1.000000                                                                                                          | 14        pdf       ub1 N   4.26358e-02
pdf db-ub(1):0.095918                                                                                                     | 15        pdf       ub1 a   9.99664e-01
pdf uv(1):2.000000                                                                                                        | 16        pdf       ub1 b   4.02176e+00
pdf s-sb(1):0.000000                                                                                                      | 17        pdf       uv1 a  -4.21667e-01
pdf s-sb(2):0.000000                                                                                                      | 18        pdf       uv1 b   3.11084e+00
                                                                                                                          | 19       norm       idis      10016  9.80753e-01
reaction: unpol DIS                                                                                                       | 20       norm       idis      10017  1.00274e+00
filters: Q2>1.690000                                                                                                      | 21       norm       idis      10010  1.01460e+00
filters: W2>10.000000 [H[J[H[J                                                                                                    | 22       norm       idis      10011  1.00466e+00
    idx tar        col  npts       chi2  chi2-npts      rchi2      nchi2                                                  | 23       norm       idis      10020  9.88257e-01
  10016   p      BCDMS   348     684.14     336.14      15.20       0.41                                                  | 
  10017   d      BCDMS   254     513.04     259.04      13.65       0.01                                                  | 
  10020   p        NMC   273     597.93     324.93      24.09       0.34                                                  | 
  10021 d/p        NMC   174     374.79     200.79       1.25       0.00                                                  | 
  10010   p       SLAC   218     371.99     153.99       0.00       0.48                                                  | 
  10011   d       SLAC   228     354.49     126.49       0.00       0.08                                                  | 
['pdf']
JAM FITTER                                                                                                                | 1        pdf       db1 N   4.86484e-02
count = 1200                                                                                                              | 2        pdf       db1 a   6.10442e-01
elapsed time(mins)=4.879641                                                                                               | 3        pdf       db1 b   5.49132e+00
shifts  = 3                                                                                                               | 4        pdf       dv1 a  -2.91237e-01
npts    = 1495                                                                                                            | 5        pdf       dv1 b   1.00000e+01
chi2    = 2896.985784                                                                                                     | 6        pdf        g1 a  -5.59500e-01
rchi2   = 53.464185                                                                                                       | 7        pdf        g1 b   2.75875e+00
nchi2   = 1.321089                                                                                                        | 8        pdf        s1 N   2.35682e-02
chi2tot = 2951.771059                                                                                                     | 9        pdf        s1 a  -3.25239e-01
dchi2(iter)  = 0.127709                                                                                                   | 10        pdf        s1 b   1.22223e+00
dchi2(local) = -0.127709                                                                                                  | 11        pdf      sea1 N   1.46648e-02
pdf dv(1):1.000000                                                                                                        | 12        pdf      sea1 a  -1.27914e+00
pdf db-ub(2):0.006323                                                                                                     | 13        pdf      sea1 b   5.17544e+00
pdf msr:1.000000                                                                                                          | 14        pdf       ub1 N   4.23253e-02
pdf db-ub(1):0.096239                                                                                                     | 15        pdf       ub1 a   9.99982e-01
pdf uv(1):2.000000                                                                                                        | 16        pdf       ub1 b   4.01700e+00
pdf s-sb(1):-0.000000                                                                                                     | 17        pdf       uv1 a  -4.16474e-01
pdf s-sb(2):-0.000000                                                                                                     | 18        pdf       uv1 b   3.12065e+00
                                                                                                                          | 19       norm       idis      10016  9.80887e-01
reaction: unpol DIS                                                                                                       | 20       norm       idis      10017  1.00287e+00
filters: Q2>1.690000                                                                                                      | 21       norm       idis      10010  1.01468e+00
filters: W2>10.000000                                                                                                     | 22       norm       idis      10011  1.00471e+00
    idx tar        col  npts       chi2  chi2-npts      rchi2      nchi2                                                  | 23       norm       idis      10020  9.88323e-01
  10016   p      BCDMS   348     684.42     336.42      14.96       0.41                                                  | 
  10017   d      BCDMS   254     513.10     259.10      13.36       0.01                                                  | 
  10020   p        NMC   273     598.03     325.03      23.90       0.34                                                  | 
  10021 d/p        NMC   174     374.81     200.81       1.24       0.00                                                  | 
  10010   p       SLAC   218     371.92     153.92       0.00       0.49                                                  | 
  10011   d       SLAC   228     354.71     126.71       0.00       0.08                                                  | 
['pdf']
JAM FITTER                                                                                                                | 1        pdf       db1 N   4.87568e-02
count = 1300                                                                                                              | 2        pdf       db1 a   6.32859e-01
elapsed time(mins)=5.285583                                                                                               | 3        pdf       db1 b   5.52279e+00
shifts  = 2                                                                                                               | 4        pdf       dv1 a  -2.77831e-01
npts    = 1495                                                                                                            | 5        pdf       dv1 b   1.00000e+01
chi2    = 2896.970880                                                                                                     | 6        pdf        g1 a  -5.55538e-01
rchi2   = 53.399374                                                                                                       | 7        pdf        g1 b   2.76660e+00
nchi2   = 1.321017                                                                                                        | 8        pdf        s1 N   2.49634e-02
chi2tot = 2951.691271                                                                                                     | 9        pdf        s1 a  -4.03426e-01
dchi2(iter)  = 0.127709                                                                                                   | 10        pdf        s1 b   1.20218e+00
dchi2(local) = -0.079788                                                                                                  | 11        pdf      sea1 N   1.38626e-02
pdf dv(1):1.000000                                                                                                        | 12        pdf      sea1 a  -1.27206e+00
pdf db-ub(2):0.007095                                                                                                     | 13        pdf      sea1 b   5.86561e+00
pdf msr:1.000000                                                                                                          | 14        pdf       ub1 N   4.16622e-02
pdf db-ub(1):0.097606                                                                                                     | 15        pdf       ub1 a   9.99844e-01
pdf uv(1):2.000000                                                                           [H[J[H[J                             | 16        pdf       ub1 b   4.00450e+00
pdf s-sb(1):0.000000                                                                                                      | 17        pdf       uv1 a  -4.06400e-01
pdf s-sb(2):0.000000                                                                                                      | 18        pdf       uv1 b   3.14267e+00
                                                                                                                          | 19       norm       idis      10016  9.80684e-01
reaction: unpol DIS                                                                                                       | 20       norm       idis      10017  1.00264e+00
filters: Q2>1.690000                                                                                                      | 21       norm       idis      10010  1.01447e+00
filters: W2>10.000000                                                                                                     | 22       norm       idis      10011  1.00450e+00
    idx tar        col  npts       chi2  chi2-npts      rchi2      nchi2                                                  | 23       norm       idis      10020  9.88105e-01
  10016   p      BCDMS   348     684.41     336.41      14.85       0.41                                                  | 
  10017   d      BCDMS   254     512.97     258.97      13.30       0.01                                                  | 
  10020   p        NMC   273     597.96     324.96      24.01       0.35                                                  | 
  10021 d/p        NMC   174     374.86     200.86       1.23       0.00                                                  | 
  10010   p       SLAC   218     371.95     153.95       0.00       0.47                                                  | 
  10011   d       SLAC   228     354.83     126.83       0.00       0.07                                                  | 
['pdf']
JAM FITTER                                                                                                                | 1        pdf       db1 N   4.86452e-02
count = 1400                                                                                                              | 2        pdf       db1 a   6.63173e-01
elapsed time(mins)=5.696339                                                                                               | 3        pdf       db1 b   5.56419e+00
shifts  = 3                                                                                                               | 4        pdf       dv1 a  -2.58612e-01
npts    = 1495                                                                                                            | 5        pdf       dv1 b   1.00000e+01
chi2    = 2896.820227                                                                                                     | 6        pdf        g1 a  -5.49067e-01
rchi2   = 53.481771                                                                                                       | 7        pdf        g1 b   2.78289e+00
nchi2   = 1.327620                                                                                                        | 8        pdf        s1 N   2.66028e-02
chi2tot = 2951.629618                                                                                                     | 9        pdf        s1 a  -5.02298e-01
dchi2(iter)  = 0.141441                                                                                                   | 10        pdf        s1 b   1.17091e+00
dchi2(local) = -0.141441                                                                                                  | 11        pdf      sea1 N   1.30217e-02
pdf dv(1):1.000000                                                                                                        | 12        pdf      sea1 a  -1.26260e+00
pdf db-ub(2):0.008146                                                                                                     | 13        pdf      sea1 b   6.76107e+00
pdf msr:1.000000                                                                                                          | 14        pdf       ub1 N   4.04993e-02
pdf db-ub(1):0.099339                                                                                                     | 15        pdf       ub1 a   1.00000e+00
pdf uv(1):2.000000                                                                                                        | 16        pdf       ub1 b   3.97784e+00
pdf s-sb(1):0.000000                                                                                                      | 17        pdf       uv1 a  -3.92262e-01
pdf s-sb(2):-0.000000                                                                                                     | 18        pdf       uv1 b   3.17216e+00
                                                                                                                          | 19       norm       idis      10016  9.80560e-01
reaction: unpol DIS                                                                                                       | 20       norm       idis      10017  1.00249e+00
filters: Q2>1.690000                                                                                                      | 21       norm       idis      10010  1.01439e+00
filters: W2>10.000000                                                                                                     | 22       norm       idis      10011  1.00441e+00
    idx tar        col  npts       chi2  chi2-npts      rchi2      nchi2                                                  | 23       norm       idis      10020  9.87937e-01
  10016   p      BCDMS   348     684.44     336.44      14.82       0.42                                                  | 
  10017   d      BCDMS   254     512.91     258.91      13.29       0.01                                                  | 
  10020   p        NMC   273     597.95     324.95      24.14       0.36                                                  | 
  10021 d/p        NMC   174     374.95     200.95       1.22       0.00                                                  | 
  10010   p       SLAC   218     371.80     153.80       0.00       0.47                                                  | 
  10011   d       SLAC   228     354.77     126.77       0.00       0.07                                                  | 
['pdf']
JAM FITTER                                                                                                                | 1        pdf       db1 N   4.85935e-02
count = 1500                                                                                                              | 2        pdf       db1 a   6.70532e-01
elapsed time(mins)=6.103898                                                                                               | 3        pdf       db1 b   5.57454e+00
shifts  = 2                                                                                                               | 4        pdf       dv1 a  -2.53081e-01
npts    = 1495                                                                                                            | 5        pdf       dv1 b   1.00000e+01
chi2    = 2896.762803                                                                                                     | 6        pdf        g1 a  -5.46331e-01
rchi2   = 53.532392                                                                                                       | 7        pdf        g1 b   2.78968e+00
nchi2   = 1.329983                                                                                                        | 8        pdf        s1 N   2.73399e-02
chi2tot = 2951.625178                                                                                                     | 9        pdf        s1 a  -5.48716e-01
dchi2(iter)  = 0.141441                                                                                                   | 10        pdf[H[J        s1 b   1.15295e+00
dchi2(local) = -0.004440                                                                                                  | 11        pdf      sea1 N   1.27468e-02
pdf dv(1):1.000000                                                                                                        | 12        pdf      sea1 a  -1.26003e+00
pdf db-ub(2):0.008421                                                                                                     | 13        pdf      sea1 b   7.05799e+00
pdf msr:1.000000                                                                                                          | 14        pdf       ub1 N   4.01721e-02
pdf db-ub(1):0.099936                                                                                                     | 15        pdf       ub1 a   1.00000e+00
pdf uv(1):2.000000                                                                                                        | 16        pdf       ub1 b   3.96514e+00
pdf s-sb(1):0.000000                                                                                                      | 17        pdf       uv1 a  -3.87944e-01
pdf s-sb(2):0.000000                                                                                                      | 18        pdf       uv1 b   3.18353e+00
                                                                                                                          | 19       norm       idis      10016  9.80422e-01
reaction: unpol DIS                                                                                                       | 20       norm       idis      10017  1.00234e+00
filters: Q2>1.690000                                                                                                      | 21       norm       idis      10010  1.01428e+00
filters: W2>10.000000                                                                                                     | 22       norm       idis      10011  1.00430e+00
    idx tar        col  npts       chi2  chi2-npts      rchi2      nchi2                                                  | 23       norm       idis      10020  9.87810e-01
  10016   p      BCDMS   348     684.42     336.42      14.82       0.43                                                  | 
  10017   d      BCDMS   254     512.86     258.86      13.30       0.01                                                  | 
  10020   p        NMC   273     597.97     324.97      24.20       0.37                                                  | 
  10021 d/p        NMC   174     374.99     200.99       1.22       0.00                                                  | 
  10010   p       SLAC   218     371.76     153.76       0.00       0.46                                                  | 
  10011   d       SLAC   228     354.76     126.76       0.00       0.06                                                  | 
['pdf']
JAM FITTER                                                                                                                | 1        pdf       db1 N   4.85873e-02
count = 1541                                                                                                              | 2        pdf       db1 a   6.70535e-01
elapsed time(mins)=6.270611                                                                                               | 3        pdf       db1 b   5.57461e+00
shifts  = 1                                                                                                               | 4        pdf       dv1 a  -2.53241e-01
npts    = 1495                                                                                                            | 5        pdf       dv1 b   1.00000e+01
chi2    = 2896.761633                                                                                                     | 6        pdf        g1 a  -5.46354e-01
rchi2   = 53.533815                                                                                                       | 7        pdf        g1 b   2.78915e+00
nchi2   = 1.329704                                                                                                        | 8        pdf        s1 N   2.73359e-02
chi2tot = 2951.625151                                                                                                     | 9        pdf        s1 a  -5.47070e-01
dchi2(iter)  = 0.141441                                                                                                   | 10        pdf        s1 b   1.15486e+00
dchi2(local) = -0.004467                                                                                                  | 11        pdf      sea1 N   1.27564e-02
pdf dv(1):1.000000                                                                                                        | 12        pdf      sea1 a  -1.26008e+00
pdf db-ub(2):0.008424                                                                                                     | 13        pdf      sea1 b   7.04795e+00
pdf msr:1.000000                                                                                                          | 14        pdf       ub1 N   4.01631e-02
pdf db-ub(1):0.099917                                                                                                     | 15        pdf       ub1 a   1.00000e+00
pdf uv(1):2.000000                                                                                                        | 16        pdf       ub1 b   3.96621e+00
pdf s-sb(1):0.000000                                                                                                      | 17        pdf       uv1 a  -3.88112e-01
pdf s-sb(2):0.000000                                                                                                      | 18        pdf       uv1 b   3.18254e+00
                                                                                                                          | 19       norm       idis      10016  9.80415e-01
reaction: unpol DIS                                                                                                       | 20       norm       idis      10017  1.00233e+00
filters: Q2>1.690000                                                                                                      | 21       norm       idis      10010  1.01427e+00
filters: W2>10.000000                                                                                                     | 22       norm       idis      10011  1.00429e+00
    idx tar        col  npts       chi2  chi2-npts      rchi2      nchi2                                                  | 23       norm       idis      10020  9.87804e-01
  10016   p      BCDMS   348     684.41     336.41      14.82       0.43                                                  | 
  10017   d      BCDMS   254     512.87     258.87      13.30       0.01                                                  | 
  10020   p        NMC   273     597.98     324.98      24.20       0.37                                                  | 
  10021 d/p        NMC   174     374.99     200.99       1.22       0.00                                                  | 
  10010   p       SLAC   218     371.75     153.75       0.00       0.46                                                  | 
  10011   d       SLAC   228     354.76     126.76       0.00       0.06                                                  | 
