('active', 'pdf')

--step 1: npQCD objects = pdf , datasets = idis , tmc = False , ht = False
loading idis data sets 10016
loading idis data sets 10017
loading idis data sets 10020
loading idis data sets 10021
loading idis data sets 10010
loading idis data sets 10011
Loading DIS tables...
10016 has norm uncertainty
10017 has norm uncertainty
10020 has norm uncertainty
10010 has norm uncertainty
10011 has norm uncertainty
[H[J[H[J[H[J[H[J[H[J[H[J[H[J[H[J[H[J[H[J[H[J[H[J[H[J[H[J[H[J['pdf']
JAM FITTER                                                                                                                | 1        pdf       db1 N   4.82746e-02
count = 100                                                                                                               | 2        pdf       db1 a   7.30214e-02
elapsed time(mins)=0.967410                                                                                               | 3        pdf       db1 b   3.10330e+00
shifts  = 2                                                                                                               | 4        pdf       dv1 a  -4.27289e-01
npts    = 1495                                                                                                            | 5        pdf       dv1 b   8.87605e+00
chi2    = 68344.823414                                                                                                    | 6        pdf        g1 a  -1.78836e+00
rchi2   = 8034.268629                                                                                                     | 7        pdf        g1 b   9.90341e+00
nchi2   = 294.338284                                                                                                      | 8        pdf        s1 N   2.84247e-02
chi2tot = 76673.430326                                                                                                    | 9        pdf        s1 a  -8.79548e-01
dchi2(iter)  = 0.000000                                                                                                   | 10        pdf        s1 b   4.95960e+00
dchi2(local) = -inf                                                                                                       | 11        pdf      sea1 N   9.18658e-02
pdf dv(1):1.000000                                                                                                        | 12        pdf      sea1 a  -1.86191e+00
pdf db-ub(2):-0.112944                                                                                                    | 13        pdf      sea1 b   9.26267e+00
pdf msr:1.000000                                                                                                          | 14        pdf       ub1 N   1.61219e-01
pdf db-ub(1):-0.969819                                                                                                    | 15        pdf       ub1 a  -5.77451e-01
pdf uv(1):2.000000                                                                                                        | 16        pdf       ub1 b   1.72968e+00
pdf s-sb(1):0.000000                                                                                                      | 17        pdf       uv1 a  -2.60645e-01
pdf s-sb(2):0.000000                                                                                                      | 18        pdf       uv1 b   9.70545e+00
                                                                                                                          | 19       norm       idis      10016  1.13967e+00
reaction: unpol DIS                                                                                                       | 20       norm       idis      10017  1.15831e+00
filters: Q2>1.690000                                                                                                      | 21       norm       idis      10010  1.18221e+00
filters: W2>10.000000                                                                                                     | 22       norm       idis      10011  1.16375e+00
    idx tar        col  npts       chi2  chi2-npts      rchi2      nchi2                                                  | 23       norm       idis      10020  1.17521e+00
  10016   p      BCDMS   348   20012.32   19664.32     730.28      21.68                                                  | 
  10017   d      BCDMS   254    8848.04    8594.04     396.36      27.85                                                  | 
  10020   p        NMC   273   19784.64   19511.64    5261.91      76.75                                                  | 
  10021 d/p        NMC   174    3751.42    3577.42    1645.72       0.00                                                  | 
  10010   p       SLAC   218    7774.17    7556.17       0.00      75.29                                                  | 
  10011   d       SLAC   228    8174.24    7946.24       0.00      92.78                                                  | 
['pdf']
JAM FITTER                                                                                                                | 1        pdf       db1 N   8.90398e-02
count = 200                                                                                                               | 2        pdf       db1 a  -8.36130e-02
elapsed time(mins)=1.915180                                                                                               | 3        pdf       db1 b   4.29324e+00
shifts  = 2                                                                                                               | 4        pdf       dv1 a  -4.31521e-01
npts    = 1495                                                                                                            | 5        pdf       dv1 b   9.02796e+00
chi2    = 11677.531928                                                                                                    | 6        pdf        g1 a  -1.87836e+00
rchi2   = 1278.587741                                                                                                     | 7        pdf        g1 b   9.58270e+00
nchi2   = 264.445778                                                                                                      | 8        pdf        s1 N   1.34542e-04
chi2tot = 13220.565446                                                                                                    | 9        pdf        s1 a  -3.58924e-01
dchi2(iter)  = 0.000000                                                                                                   | 10        pdf        s1 b   3.40816e+00
dchi2(local) = -inf                                                                                                       | 11        pdf      sea1 N   4.66338e-02
pdf dv(1):1.000000                                                                                                        | 12        pdf      sea1 a  -1.87720e+00
pdf db-ub(2):-0.072707                                                                                                    | 13        pdf      sea1 b   9.12483e+00
pdf msr:1.000000                                                                                                          | 14        pdf       ub1 N   1.61747e-01
pdf db-ub(1):-0.194797                                                                                                    | 15        pdf       ub1 a  -2.76510e-02
pdf uv(1):2.000000                                                                                                        | 16        pdf       ub1 b   2.82576e+00
pdf s-sb(1):0.000000                                                                                                      | 17        pdf       uv1 a  -4.24271e-01
pdf s-sb(2):0.000000                                                                                                      | 18        pdf       uv1 b   8.26352e+00
                                                                                                                          | 19       norm       idis      10016  1.06892e+00
reaction: unpol DIS                                                                                                       | 20       norm       idis      10017  1.11208e+00
filters: Q2>1.690000                                                                                                      | 21       norm       idis      10010  1.19302e+00
filters: W2>10.000000                                                                                                     | 22       norm       idis      10011  1.18962e+00
    idx tar        col  npts       chi2  chi2-npts      rchi2      nchi2                                                  | 23       norm       idis      10020  1.12051e+00
  10016   p      BCDMS   348    1851.14    1503.14      97.15       5.28                                                  | 
  10017   d      BCDMS   254     734.47     480.47      39.52      13.96                                                  | 
  10020   p        NMC   273    5441.68    5168.68     928.34      36.31                                                  | 
  10021 d/p        NMC   174     937.49     763.49     213.57       0.00                                                  | 
  10010   p       SLAC   218    1357.39    1139.39       0.00      84.48                                                  | 
  10011   d       SLAC   228    1355.36    1127.36       0.00     124.42                                                  | 
['pdf']
JAM FITTER                                                                                                                | 1        pdf       db1 N   9.01497e-02
count = 300                                                                                                               | 2        pdf       db1 a  -3.39717e-01
elapsed time(mins)=2.868355                                                                                               | 3        pdf       db1 b   3.92730e+00
shifts  = 2                                                                                                               | 4        pdf       dv1 a  -4.99812e-01
npts    = 1495                                                                                                            | 5        pdf       dv1 b   9.38986e+00
chi2    = 4005.574149                                                                                                     | 6        pdf        g1 a  -9.50485e-01
rchi2   = 226.120368                                                                                                      | 7        pdf        g1 b   4.93817e+00
nchi2   = 200.601309                                                                                                      | 8        pdf        s1 N   6.06426e-03
chi2tot = 4432.295826                                                                                                     | 9        pdf        s1 a  -4.24626e-02
dchi2(iter)  = 0.000000                                                                                                   | 10        pdf        s1 b   2.41720e+00
dchi2(local) = -inf                                                                                                       | 11        pdf      sea1 N   2.09750e-02
pdf dv(1):1.000000                                                                                                        | 12        pdf      sea1 a  -1.88422e+00
pdf db-ub(2):-0.074161                                                                                                    | 13        pdf      sea1 b   6.97341e+00
pdf msr:1.000000                                                                                                          | 14        pdf       ub1 N   1.64310e-01
pdf db-ub(1):0.027657                                                                                                     | 15        pdf       ub1 a   3.06288e-01
pdf uv(1):2.000000                                                                                                        | 16        pdf       ub1 b   3.53885e+00
pdf s-sb(1):0.000000                                                                                                      | 17        pdf       uv1 a  -4.91808e-01
pdf s-sb(2):0.000000                                                                                                      | 18        pdf       uv1 b   8.92391e+00
                                                                                                                          | 19       norm       idis      10016  1.08684e+00
reaction: unpol DIS                                                                                                       | 20       norm       idis      10017  1.11456e+00
filters: Q2>1.690000                                                                                                      | 21       norm       idis      10010  1.16981e+00
filters: W2>10.000000                                                                                                     | 22       norm       idis      10011  1.17117e+00
    idx tar        col  npts       chi2  chi2-npts      rchi2      nchi2                                                  | 23       norm       idis      10020  1.06593e+00
  10016   p      BCDMS   348     745.63     397.63      52.79       8.38                                                  | 
  10017   d      BCDMS   254     567.06     313.06      42.50      14.58                                                  | 
  10020   p        NMC   273    1438.22    1165.22     127.10      10.87                                                  | 
  10021 d/p        NMC   174     344.05     170.05       3.74       0.00                                                  | 
  10010   p       SLAC   218     416.65     198.65       0.00      65.39                                                  | 
  10011   d       SLAC   228     493.97     265.97       0.00     101.39                                                  | 
['pdf']
JAM FITTER                                                                                                                | 1        pdf       db1 N   7.67647e-02
count = 400                                                                                                               | 2        pdf       db1 a  -3.18399e-01
elapsed time(mins)=3.818667                                                                                               | 3        pdf       db1 b   4.23413e+00
shifts  = 2                                                                                                               | 4        pdf       dv1 a  -4.99840e-01
npts    = 1495                                                                                                            | 5        pdf       dv1 b   9.77663e+00
chi2    = 3399.819221                                                                                                     | 6        pdf        g1 a  -4.77085e-01
rchi2   = 125.107365                                                                                                      | 7        pdf        g1 b   6.67903e+00
nchi2   = 41.153846                                                                                                       | 8        pdf        s1 N   3.64567e-02
chi2tot = 3566.080433                                                                                                     | 9        pdf        s1 a   3.30806e-01
dchi2(iter)  = 0.000000                                                                                                   | 10        pdf        s1 b   9.73542e-01
dchi2(local) = -inf                                                                                                       | 11        pdf      sea1 N   1.32067e-02
pdf dv(1):1.000000                                                                                                        | 12        pdf      sea1 a  -1.88335e+00
pdf db-ub(2):-0.066823                                                                                                    | 13        pdf      sea1 b   4.31101e+00
pdf msr:1.000000                                                                                                          | 14        pdf       ub1 N   1.43588e-01
pdf db-ub(1):0.043749                                                                                                     | 15        pdf       ub1 a   4.49310e-01
pdf uv(1):2.000000                                                                                                        | 16        pdf       ub1 b   3.83396e+00
pdf s-sb(1):0.000000                                                                                                      | 17        pdf       uv1 a  -4.99330e-01
pdf s-sb(2):0.000000                                                                                                      | 18        pdf       uv1 b   8.93990e+00
                                                                                                                          | 19       norm       idis      10016  1.01660e+00
reaction: unpol DIS                                                                                                       | 20       norm       idis      10017  1.03638e+00
filters: Q2>1.690000                                                                                                      | 21       norm       idis      10010  1.07711e+00
filters: W2>10.000000                                                                                                     | 22       norm       idis      10011  1.07801e+00
    idx tar        col  npts       chi2  chi2-npts      rchi2      nchi2                                                  | 23       norm       idis      10020  1.04399e+00
  10016   p      BCDMS   348     791.77     443.77      48.24       0.31                                                  | 
  10017   d      BCDMS   254     629.99     375.99      46.43       1.47                                                  | 
  10020   p        NMC   273     756.36     483.36      26.06       4.84                                                  | 
  10021 d/p        NMC   174     361.50     187.50       4.38       0.00                                                  | 
  10010   p       SLAC   218     388.48     170.48       0.00      13.48                                                  | 
  10011   d       SLAC   228     471.72     243.72       0.00      21.06                                                  | 
['pdf']
JAM FITTER                                                                                                                | 1        pdf       db1 N   7.59329e-02
count = 500                                                                                                               | 2        pdf       db1 a  -3.08930e-01
elapsed time(mins)=4.780071                                                                                               | 3        pdf       db1 b   4.19229e+00
shifts  = 3                                                                                                               | 4        pdf       dv1 a  -5.00000e-01
npts    = 1495                                                                                                            | 5        pdf       dv1 b   9.85441e+00
chi2    = 3062.055149                                                                                                     | 6        pdf        g1 a  -4.10631e-01
rchi2   = 52.519732                                                                                                       | 7        pdf        g1 b   6.98863e+00
nchi2   = 11.447552                                                                                                       | 8        pdf        s1 N   2.27367e-02
chi2tot = 3126.022433                                                                                                     | 9        pdf        s1 a   2.79224e-01
dchi2(iter)  = inf                                                                                                        | 10        pdf        s1 b   9.75099e-01
dchi2(local) = -inf                                                                                                       | 11        pdf      sea1 N   1.04611e-02
pdf dv(1):1.000000                                                                                                        | 12        pdf      sea1 a  -1.87774e+00
pdf db-ub(2):-0.061817                                                                                                    | 13        pdf      sea1 b   4.28926e+00
pdf msr:1.000000                                                                                                          | 14        pdf       ub1 N   1.37750e-01
pdf db-ub(1):0.063413                                                                                                     | 15        pdf       ub1 a   5.49244e-01
pdf uv(1):2.000000                                                                                                        | 16        pdf       ub1 b   4.00801e+00
pdf s-sb(1):0.000000                                                                                                      | 17        pdf       uv1 a  -4.99812e-01
pdf s-sb(2):0.000000                                                                                                      | 18        pdf       uv1 b   8.83106e+00
                                                                                                                          | 19       norm       idis      10016  9.87291e-01
reaction: unpol DIS                                                                                                       | 20       norm       idis      10017  1.00721e+00
filters: Q2>1.690000                                                                                                      | 21       norm       idis      10010  1.03843e+00
filters: W2>10.000000                                                                                                     | 22       norm       idis      10011  1.04082e+00
    idx tar        col  npts       chi2  chi2-npts      rchi2      nchi2                                                  | 23       norm       idis      10020  1.02896e+00
  10016   p      BCDMS   348     665.16     317.16      20.38       0.18                                                  | 
  10017   d      BCDMS   254     518.22     264.22      14.42       0.06                                                  | 
  10020   p        NMC   273     662.25     389.25      15.37       2.10                                                  | 
  10021 d/p        NMC   174     358.08     184.08       2.34       0.00                                                  | 
  10010   p       SLAC   218     428.47     210.47       0.00       3.35                                                  | 
  10011   d       SLAC   228     429.87     201.87       0.00       5.76                                                  | 
['pdf']
JAM FITTER                                                                                                                | 1        pdf       db1 N   7.41277e-02
count = 600                                                                                                               | 2        pdf       db1 a  -2.78533e-01
elapsed time(mins)=5.722729                                                                                               | 3        pdf       db1 b   4.18133e+00
shifts  = 3                                                                                                               | 4        pdf       dv1 a  -5.00000e-01
npts    = 1495                                                                                                            | 5        pdf       dv1 b   9.92569e+00
chi2    = 3040.891095                                                                                                     | 6        pdf        g1 a  -5.33188e-01
rchi2   = 49.250455                                                                                                       | 7        pdf        g1 b   5.42670e+00
nchi2   = 6.031131                                                                                                        | 8        pdf        s1 N   1.80695e-02
chi2tot = 3096.172681                                                                                                     | 9        pdf        s1 a   3.02390e-01
dchi2(iter)  = 29.849752                                                                                                  | 10        pdf        s1 b   7.28879e-01
dchi2(local) = -29.849752                                                                                                 | 11        pdf      sea1 N   8.70276e-03
pdf dv(1):1.000000                                                                                                        | 12        pdf      sea1 a  -1.81924e+00
pdf db-ub(2):-0.057789                                                                                                    | 13        pdf      sea1 b   2.96073e+00
pdf msr:1.000000                                                                                                          | 14        pdf       ub1 N   1.31916e-01
pdf db-ub(1):0.065988                                                                                                     | 15        pdf       ub1 a   6.17927e-01
pdf uv(1):2.000000                                                                                                        | 16        pdf       ub1 b   4.01119e+00
pdf s-sb(1):0.000000                                                                                                      | 17        pdf       uv1 a  -4.99961e-01
pdf s-sb(2):0.000000                                                                                                      | 18        pdf       uv1 b   8.13826e+00
                                                                                                                          | 19       norm       idis      10016  9.83687e-01
reaction: unpol DIS                                                                                                       | 20       norm       idis      10017  1.00352e+00
filters: Q2>1.690000                                                                                                      | 21       norm       idis      10010  1.02808e+00
filters: W2>10.000000                                                                                                     | 22       norm       idis      10011  1.02946e+00
    idx tar        col  npts       chi2  chi2-npts      rchi2      nchi2                                                  | 23       norm       idis      10020  1.01930e+00
  10016   p      BCDMS   348     663.62     315.62      18.36       0.30                                                  | 
  10017   d      BCDMS   254     513.83     259.83      13.28       0.01                                                  | 
  10020   p        NMC   273     660.21     387.21      15.18       0.93                                                  | 
  10021 d/p        NMC   174     356.62     182.62       2.43       0.00                                                  | 
  10010   p       SLAC   218     421.85     203.85       0.00       1.79                                                  | 
  10011   d       SLAC   228     424.76     196.76       0.00       3.00                                                  | 
['pdf']
JAM FITTER                                                                                                                | 1        pdf       db1 N   6.92038e-02
count = 700                                                                                                               | 2        pdf       db1 a  -1.51852e-01
elapsed time(mins)=6.676172                                                                                               | 3        pdf       db1 b   4.29377e+00
shifts  = 23                                                                                                              | 4        pdf       dv1 a  -5.00000e-01
npts    = 1495                                                                                                            | 5        pdf       dv1 b   9.96925e+00
chi2    = 2943.554402                                                                                                     | 6        pdf        g1 a  -7.49879e-01
rchi2   = 58.183417                                                                                                       | 7        pdf        g1 b   2.79023e+00
nchi2   = 4.631528                                                                                                        | 8        pdf        s1 N   1.25261e-02
chi2tot = 3006.369347                                                                                                     | 9        pdf        s1 a   4.31249e-01
dchi2(iter)  = 89.803335                                                                                                  | 10        pdf        s1 b   5.11843e-01
dchi2(local) = -89.803335                                                                                                 | 11        pdf      sea1 N   9.13747e-03
pdf dv(1):1.000000                                                                                                        | 12        pdf      sea1 a  -1.50289e+00
pdf db-ub(2):-0.045017                                                                                                    | 13        pdf      sea1 b   4.39356e+00
pdf msr:1.000000                                                                                                          | 14        pdf       ub1 N   1.14221e-01
pdf db-ub(1):0.070021                                                                                                     | 15        pdf       ub1 a   7.76710e-01
pdf uv(1):2.000000                                                                                                        | 16        pdf       ub1 b   3.92945e+00
pdf s-sb(1):0.000000                                                                                                      | 17        pdf       uv1 a  -4.99986e-01
pdf s-sb(2):0.000000                                                                                                      | 18        pdf       uv1 b   6.10936e+00
                                                                                                                          | 19       norm       idis      10016  9.90399e-01
reaction: unpol DIS                                                                                                       | 20       norm       idis      10017  1.01096e+00
filters: Q2>1.690000                                                                                                      | 21       norm       idis      10010  1.02513e+00
filters: W2>10.000000                                                                                                     | 22       norm       idis      10011  1.02429e+00
    idx tar        col  npts       chi2  chi2-npts      rchi2      nchi2                                                  | 23       norm       idis      10020  1.01921e+00
  10016   p      BCDMS   348     643.35     295.35      19.32       0.10                                                  | 
  10017   d      BCDMS   254     483.32     229.32      17.85       0.13                                                  | 
  10020   p        NMC   273     635.11     362.11      18.34       0.92                                                  | 
  10021 d/p        NMC   174     347.93     173.93       2.68       0.00                                                  | 
  10010   p       SLAC   218     412.20     194.20       0.00       1.43                                                  | 
  10011   d       SLAC   228     421.64     193.64       0.00       2.04                                                  | 
['pdf']
JAM FITTER                                                                                                                | 1        pdf       db1 N   6.68493e-02
count = 800                                                                                                               | 2        pdf       db1 a  -5.49611e-02
elapsed time(mins)=7.619729                                                                                               | 3        pdf       db1 b   4.44594e+00
shifts  = 2                                                                                                               | 4        pdf       dv1 a  -5.00000e-01
npts    = 1495                                                                                                            | 5        pdf       dv1 b   9.99456e+00
chi2    = 2925.288855                                                                                                     | 6        pdf        g1 a  -6.90640e-01
rchi2   = 45.074858                                                                                                       | 7        pdf        g1 b   2.68457e+00
nchi2   = 1.228541                                                                                                        | 8        pdf        s1 N   9.85508e-03
chi2tot = 2971.592253                                                                                                     | 9        pdf        s1 a   5.89539e-01
dchi2(iter)  = 89.803335                                                                                                  | 10        pdf        s1 b   4.02399e-01
dchi2(local) = -34.777094                                                                                                 | 11        pdf      sea1 N   9.63888e-03
pdf dv(1):1.000000                                                                                                        | 12        pdf      sea1 a  -1.40675e+00
pdf db-ub(2):-0.032366                                                                                                    | 13        pdf      sea1 b   5.77568e+00
pdf msr:1.000000                                                                                                          | 14        pdf       ub1 N   9.92157e-02
pdf db-ub(1):0.088521                                                                                                     | 15        pdf       ub1 a   7.93231e-01
pdf uv(1):2.000000                                                                                                        | 16        pdf       ub1 b   3.77775e+00
pdf s-sb(1):0.000000                                                                                                      | 17        pdf       uv1 a  -4.99984e-01
pdf s-sb(2):0.000000                                                                                                      | 18        pdf       uv1 b   4.98500e+00
                                                                                                                          | 19       norm       idis      10016  9.81118e-01
reaction: unpol DIS                                                                                                       | 20       norm       idis      10017  1.00295e+00
filters: Q2>1.690000                                                                                                      | 21       norm       idis      10010  1.01092e+00
filters: W2>10.000000                                                                                                     | 22       norm       idis      10011  1.00974e+00
    idx tar        col  npts       chi2  chi2-npts      rchi2      nchi2                                                  | 23       norm       idis      10020  1.00946e+00
  10016   p      BCDMS   348     639.02     291.02      14.48       0.40                                                  | 
  10017   d      BCDMS   254     485.63     231.63      13.01       0.01                                                  | 
  10020   p        NMC   273     633.48     360.48      15.60       0.22                                                  | 
  10021 d/p        NMC   174     340.48     166.48       1.99       0.00                                                  | 
  10010   p       SLAC   218     406.39     188.39       0.00       0.27                                                  | 
  10011   d       SLAC   228     420.28     192.28       0.00       0.33                                                  | 
['pdf']
JAM FITTER                                                                                                                | 1        pdf       db1 N   6.49262e-02
count = 900                                                                                                               | 2        pdf       db1 a   3.86433e-02
elapsed time(mins)=8.570224                                                                                               | 3        pdf       db1 b   4.62854e+00
shifts  = 2                                                                                                               | 4        pdf       dv1 a  -5.00000e-01
npts    = 1495                                                                                                            | 5        pdf       dv1 b   9.99910e+00
chi2    = 2917.192019                                                                                                     | 6        pdf        g1 a  -6.70705e-01
rchi2   = 46.358103                                                                                                       | 7        pdf        g1 b   2.62750e+00
nchi2   = 0.806303                                                                                                        | 8        pdf        s1 N   9.79231e-03
chi2tot = 2964.356425                                                                                                     | 9        pdf        s1 a   6.97876e-01
dchi2(iter)  = 89.803335                                                                                                  | 10        pdf        s1 b   4.62889e-01
dchi2(local) = -42.012921                                                                                                 | 11        pdf      sea1 N   1.07453e-02
pdf dv(1):1.000000                                                                                                        | 12        pdf      sea1 a  -1.34990e+00
pdf db-ub(2):-0.015883                                                                                                    | 13        pdf      sea1 b   6.11500e+00
pdf msr:1.000000                                                                                                          | 14        pdf       ub1 N   8.08092e-02
pdf db-ub(1):0.133239                                                                                                     | 15        pdf       ub1 a   8.91931e-01
pdf uv(1):2.000000                                                                                                        | 16        pdf       ub1 b   3.74616e+00
pdf s-sb(1):0.000000                                                                                                      | 17        pdf       uv1 a  -4.62537e-01
pdf s-sb(2):0.000000                                                                                                      | 18        pdf       uv1 b   4.24967e+00
                                                                                                                          | 19       norm       idis      10016  9.76061e-01
reaction: unpol DIS                                                                                                       | 20       norm       idis      10017  9.99206e-01
filters: Q2>1.690000                                                                                                      | 21       norm       idis      10010  1.00441e+00
filters: W2>10.000000                                                                                                     | 22       norm       idis      10011  1.00390e+00
    idx tar        col  npts       chi2  chi2-npts      rchi2      nchi2                                                  | 23       norm       idis      10020  1.00537e+00
  10016   p      BCDMS   348     637.84     289.84      15.98       0.64                                                  | 
  10017   d      BCDMS   254     481.74     227.74      12.99       0.00                                                  | 
  10020   p        NMC   273     634.66     361.66      15.75       0.07                                                  | 
  10021 d/p        NMC   174     333.20     159.20       1.64       0.00                                                  | 
  10010   p       SLAC   218     405.60     187.60       0.00       0.04                                                  | 
  10011   d       SLAC   228     424.14     196.14       0.00       0.05                                                  | 
['pdf']
JAM FITTER                                                                                                                | 1        pdf       db1 N   6.42493e-02
count = 1000                                                                                                              | 2        pdf       db1 a   6.76950e-02
elapsed time(mins)=9.508655                                                                                               | 3        pdf       db1 b   4.70431e+00
shifts  = 3                                                                                                               | 4        pdf       dv1 a  -5.00000e-01
npts    = 1495                                                                                                            | 5        pdf       dv1 b   9.99987e+00
chi2    = 2918.891116                                                                                                     | 6        pdf        g1 a  -6.66402e-01
rchi2   = 43.137899                                                                                                       | 7        pdf        g1 b   2.60799e+00
nchi2   = 0.795138                                                                                                        | 8        pdf        s1 N   1.07348e-02
chi2tot = 2962.824153                                                                                                     | 9        pdf        s1 a   8.49854e-01
dchi2(iter)  = 43.545194                                                                                                  | 10        pdf        s1 b   6.93633e-01
dchi2(local) = -43.545194                                                                                                 | 11        pdf      sea1 N   1.09888e-02
pdf dv(1):1.000000                                                                                                        | 12        pdf      sea1 a  -1.33464e+00
pdf db-ub(2):-0.012426                                                                                                    | 13        pdf      sea1 b   6.23920e+00
pdf msr:1.000000                                                                                                          | 14        pdf       ub1 N   7.66751e-02
pdf db-ub(1):0.140735                                                                                                     | 15        pdf       ub1 a   9.24906e-01
pdf uv(1):2.000000                                                                                                        | 16        pdf       ub1 b   3.77241e+00
pdf s-sb(1):-0.000000                                                                                                     | 17        pdf       uv1 a  -4.55674e-01
pdf s-sb(2):-0.000000                                                                                                     | 18        pdf       uv1 b   4.13553e+00
                                                                                                                          | 19       norm       idis      10016  9.74627e-01
reaction: unpol DIS                                                                                                       | 20       norm       idis      10017  9.97899e-01
filters: Q2>1.690000                                                                                                      | 21       norm       idis      10010  1.00256e+00
filters: W2>10.000000                                                                                                     | 22       norm       idis      10011  1.00222e+00
    idx tar        col  npts       chi2  chi2-npts      rchi2      nchi2                                                  | 23       norm       idis      10020  1.00415e+00
  10016   p      BCDMS   348     639.32     291.32      14.39       0.72                                                  | 
  10017   d      BCDMS   254     482.01     228.01      12.21       0.00                                                  | 
  10020   p        NMC   273     635.31     362.31      15.10       0.04                                                  | 
  10021 d/p        NMC   174     333.18     159.18       1.44       0.00                                                  | 
  10010   p       SLAC   218     404.43     186.43       0.00       0.01                                                  | 
  10011   d       SLAC   228     424.64     196.64       0.00       0.02                                                  | 
['pdf']
JAM FITTER                                                                                                                | 1        pdf       db1 N   6.35094e-02
count = 1100                                                                                                              | 2        pdf       db1 a   7.56277e-02
elapsed time(mins)=10.453548                                                                                              | 3        pdf       db1 b   4.70209e+00
shifts  = 3                                                                                                               | 4        pdf       dv1 a  -5.00000e-01
npts    = 1495                                                                                                            | 5        pdf       dv1 b   1.00000e+01
chi2    = 2918.549560                                                                                                     | 6        pdf        g1 a  -6.65190e-01
rchi2   = 43.387092                                                                                                       | 7        pdf        g1 b   2.61423e+00
nchi2   = 0.799684                                                                                                        | 8        pdf        s1 N   1.03841e-02
chi2tot = 2962.736336                                                                                                     | 9        pdf        s1 a   9.99480e-01
dchi2(iter)  = 0.087817                                                                                                   | 10        pdf        s1 b   7.22634e-01
dchi2(local) = -0.087817                                                                                                  | 11        pdf      sea1 N   1.16652e-02
pdf dv(1):1.000000                                                                                                        | 12        pdf      sea1 a  -1.33583e+00
pdf db-ub(2):-0.011331                                                                                                    | 13        pdf      sea1 b   5.58580e+00
pdf msr:1.000000                                                                                                          | 14        pdf       ub1 N   7.48406e-02
pdf db-ub(1):0.140333                                                                                                     | 15        pdf       ub1 a   9.32103e-01
pdf uv(1):2.000000                                                                                                        | 16        pdf       ub1 b   3.77625e+00
pdf s-sb(1):0.000000                                                                                                      | 17        pdf       uv1 a  -4.58332e-01
pdf s-sb(2):-0.000000                                                                                                     | 18        pdf       uv1 b   4.04679e+00
                                                                                                                          | 19       norm       idis      10016  9.74525e-01
reaction: unpol DIS                                                                                                       | 20       norm       idis      10017  9.97800e-01
filters: Q2>1.690000                                                                                                      | 21       norm       idis      10010  1.00252e+00
filters: W2>10.000000                                                                                                     | 22       norm       idis      10011  1.00219e+00
    idx tar        col  npts       chi2  chi2-npts      rchi2      nchi2                                                  | 23       norm       idis      10020  1.00411e+00
  10016   p      BCDMS   348     639.30     291.30      14.50       0.72                                                  | 
  10017   d      BCDMS   254     481.73     227.73      12.28       0.01                                                  | 
  10020   p        NMC   273     635.24     362.24      15.17       0.04                                                  | 
  10021 d/p        NMC   174     333.15     159.15       1.43       0.00                                                  | 
  10010   p       SLAC   218     404.42     186.42       0.00       0.01                                                  | 
  10011   d       SLAC   228     424.71     196.71       0.00       0.02                                                  | 
['pdf']
JAM FITTER                                                                                                                | 1        pdf       db1 N   6.26545e-02
count = 1200                                                                                                              | 2        pdf       db1 a   8.23497e-02
elapsed time(mins)=11.390470                                                                                              | 3        pdf       db1 b   4.70634e+00
shifts  = 2                                                                                                               | 4        pdf       dv1 a  -5.00000e-01
npts    = 1495                                                                                                            | 5        pdf       dv1 b   1.00000e+01
chi2    = 2918.645505                                                                                                     | 6        pdf        g1 a  -6.63704e-01
rchi2   = 43.240951                                                                                                       | 7        pdf        g1 b   2.62147e+00
nchi2   = 0.807771                                                                                                        | 8        pdf        s1 N   1.04056e-02
chi2tot = 2962.694227                                                                                                     | 9        pdf        s1 a   9.99904e-01
dchi2(iter)  = 0.087817                                                                                                   | 10        pdf        s1 b   7.25329e-01
dchi2(local) = -0.042109                                                                                                  | 11        pdf      sea1 N   1.23672e-02
pdf dv(1):1.000000                                                                                                        | 12        pdf      sea1 a  -1.33686e+00
pdf db-ub(2):-0.010384                                                                                                    | 13        pdf      sea1 b   5.01545e+00
pdf msr:1.000000                                                                                                          | 14        pdf       ub1 N   7.30383e-02
pdf db-ub(1):0.139819                                                                                                     | 15        pdf       ub1 a   9.38656e-01
pdf uv(1):2.000000                                                                                                        | 16        pdf       ub1 b   3.78102e+00
pdf s-sb(1):0.000000                                                                                                      | 17        pdf       uv1 a  -4.60989e-01
pdf s-sb(2):0.000000                                                                                                      | 18        pdf       uv1 b   3.96913e+00
                                                                                                                          | 19       norm       idis      10016  9.74279e-01
reaction: unpol DIS                                                                                                       | 20       norm       idis      10017  9.97546e-01
filters: Q2>1.690000                                                                                                      | 21       norm       idis      10010  1.00238e+00
filters: W2>10.000000                                                                                                     | 22       norm       idis      10011  1.00205e+00
    idx tar        col  npts       chi2  chi2-npts      rchi2      nchi2                                                  | 23       norm       idis      10020  1.00393e+00
  10016   p      BCDMS   348     639.39     291.39      14.44       0.74                                                  | 
  10017   d      BCDMS   254     481.73     227.73      12.21       0.01                                                  | 
  10020   p        NMC   273     635.33     362.33      15.15       0.04                                                  | 
  10021 d/p        NMC   174     333.11     159.11       1.43       0.00                                                  | 
  10010   p       SLAC   218     404.27     186.27       0.00       0.01                                                  | 
  10011   d       SLAC   228     424.82     196.82       0.00       0.01                                                  | 
['pdf']
JAM FITTER                                                                                                                | 1        pdf       db1 N   6.18765e-02
count = 1300                                                                                                              | 2        pdf       db1 a   8.82143e-02
elapsed time(mins)=12.342209                                                                                              | 3        pdf       db1 b   4.71373e+00
shifts  = 3                                                                                                               | 4        pdf       dv1 a  -5.00000e-01
npts    = 1495                                                                                                            | 5        pdf       dv1 b   1.00000e+01
chi2    = 2918.564533                                                                                                     | 6        pdf        g1 a  -6.62004e-01
rchi2   = 43.283231                                                                                                       | 7        pdf        g1 b   2.62756e+00
nchi2   = 0.816020                                                                                                        | 8        pdf        s1 N   1.04164e-02
chi2tot = 2962.663783                                                                                                     | 9        pdf        s1 a   9.99953e-01
dchi2(iter)  = 0.072553                                                                                                   | 10        pdf        s1 b   7.28395e-01
dchi2(local) = -0.072553                                                                                                  | 11        pdf      sea1 N   1.30002e-02
pdf dv(1):1.000000                                                                                                        | 12        pdf      sea1 a  -1.33710e+00
pdf db-ub(2):-0.009542                                                                                                    | 13        pdf      sea1 b   4.57384e+00
pdf msr:1.000000                                                                                                          | 14        pdf       ub1 N   7.14186e-02
pdf db-ub(1):0.139504                                                                                                     | 15        pdf       ub1 a   9.43646e-01
pdf uv(1):2.000000                                                                                                        | 16        pdf       ub1 b   3.78546e+00
pdf s-sb(1):-0.000000                                                                                                     | 17        pdf       uv1 a  -4.63204e-01
pdf s-sb(2):0.000000                                                                                                      | 18        pdf       uv1 b   3.90299e+00
                                                                                                                          | 19       norm       idis      10016  9.74020e-01
reaction: unpol DIS                                                                                                       | 20       norm       idis      10017  9.97288e-01
filters: Q2>1.690000                                                                                                      | 21       norm       idis      10010  1.00218e+00
filters: W2>10.000000                                                                                                     | 22       norm       idis      10011  1.00187e+00
    idx tar        col  npts       chi2  chi2-npts      rchi2      nchi2                                                  | 23       norm       idis      10020  1.00374e+00
  10016   p      BCDMS   348     639.34     291.34      14.46       0.75                                                  | 
  10017   d      BCDMS   254     481.66     227.66      12.21       0.01                                                  | 
  10020   p        NMC   273     635.37     362.37      15.18       0.04                                                  | 
  10021 d/p        NMC   174     333.08     159.08       1.44       0.00                                                  | 
  10010   p       SLAC   218     404.22     186.22       0.00       0.01                                                  | 
  10011   d       SLAC   228     424.90     196.90       0.00       0.01                                                  | 
['pdf']
JAM FITTER                                                                                                                | 1        pdf       db1 N   6.10779e-02
count = 1400                                                                                                              | 2        pdf       db1 a   9.36655e-02
elapsed time(mins)=13.277994                                                                                              | 3        pdf       db1 b   4.72456e+00
shifts  = 2                                                                                                               | 4        pdf       dv1 a  -5.00000e-01
npts    = 1495                                                                                                            | 5        pdf       dv1 b   1.00000e+01
chi2    = 2918.508026                                                                                                     | 6        pdf        g1 a  -6.60394e-01
rchi2   = 43.317050                                                                                                       | 7        pdf        g1 b   2.63370e+00
nchi2   = 0.824881                                                                                                        | 8        pdf        s1 N   1.04071e-02
chi2tot = 2962.649957                                                                                                     | 9        pdf        s1 a   1.00000e+00
dchi2(iter)  = 0.072553                                                                                                   | 10        pdf        s1 b   7.29046e-01
dchi2(local) = -0.013826                                                                                                  | 11        pdf      sea1 N   1.36565e-02
pdf dv(1):1.000000                                                                                                        | 12        pdf      sea1 a  -1.33737e+00
pdf db-ub(2):-0.008763                                                                                                    | 13        pdf      sea1 b   4.17131e+00
pdf msr:1.000000                                                                                                          | 14        pdf       ub1 N   6.98410e-02
pdf db-ub(1):0.139237                                                                                                     | 15        pdf       ub1 a   9.48794e-01
pdf uv(1):2.000000                                                                                                        | 16        pdf       ub1 b   3.79097e+00
pdf s-sb(1):0.000000                                                                                                      | 17        pdf       uv1 a  -4.65207e-01
pdf s-sb(2):0.000000                                                                                                      | 18        pdf       uv1 b   3.84329e+00
                                                                                                                          | 19       norm       idis      10016  9.73772e-01
reaction: unpol DIS                                                                                                       | 20       norm       idis      10017  9.97039e-01
filters: Q2>1.690000                                                                                                      | 21       norm       idis      10010  1.00200e+00
filters: W2>10.000000                                                                                                     | 22       norm       idis      10011  1.00170e+00
    idx tar        col  npts       chi2  chi2-npts      rchi2      nchi2                                                  | 23       norm       idis      10020  1.00356e+00
  10016   p      BCDMS   348     639.31     291.31      14.46       0.76                                                  | 
  10017   d      BCDMS   254     481.62     227.62      12.21       0.01                                                  | 
  10020   p        NMC   273     635.42     362.42      15.20       0.03                                                  | 
  10021 d/p        NMC   174     333.04     159.04       1.44       0.00                                                  | 
  10010   p       SLAC   218     404.16     186.16       0.00       0.01                                                  | 
  10011   d       SLAC   228     424.96     196.96       0.00       0.01                                                  | 
['pdf']
JAM FITTER                                                                                                                | 1        pdf       db1 N   6.10545e-02
count = 1449                                                                                                              | 2        pdf       db1 a   9.40437e-02
elapsed time(mins)=13.756246                                                                                              | 3        pdf       db1 b   4.72525e+00
shifts  = 2                                                                                                               | 4        pdf       dv1 a  -5.00000e-01
npts    = 1495                                                                                                            | 5        pdf       dv1 b   1.00000e+01
chi2    = 2918.521910                                                                                                     | 6        pdf        g1 a  -6.60250e-01
rchi2   = 43.302630                                                                                                       | 7        pdf        g1 b   2.63361e+00
nchi2   = 0.825349                                                                                                        | 8        pdf        s1 N   1.04058e-02
chi2tot = 2962.649889                                                                                                     | 9        pdf        s1 a   1.00000e+00
dchi2(iter)  = 0.072553                                                                                                   | 10        pdf        s1 b   7.29217e-01
dchi2(local) = -0.013894                                                                                                  | 11        pdf      sea1 N   1.36737e-02
pdf dv(1):1.000000                                                                                                        | 12        pdf      sea1 a  -1.33719e+00
pdf db-ub(2):-0.008708                                                                                                    | 13        pdf      sea1 b   4.16502e+00
pdf msr:1.000000                                                                                                          | 14        pdf       ub1 N   6.97626e-02
pdf db-ub(1):0.139290                                                                                                     | 15        pdf       ub1 a   9.48856e-01
pdf uv(1):2.000000                                                                                                        | 16        pdf       ub1 b   3.79114e+00
pdf s-sb(1):0.000000                                                                                                      | 17        pdf       uv1 a  -4.65240e-01
pdf s-sb(2):0.000000                                                                                                      | 18        pdf       uv1 b   3.84017e+00
                                                                                                                          | 19       norm       idis      10016  9.73753e-01
reaction: unpol DIS                                                                                                       | 20       norm       idis      10017  9.97023e-01
filters: Q2>1.690000                                                                                                      | 21       norm       idis      10010  1.00198e+00
filters: W2>10.000000                                                                                                     | 22       norm       idis      10011  1.00167e+00
    idx tar        col  npts       chi2  chi2-npts      rchi2      nchi2                                                  | 23       norm       idis      10020  1.00355e+00
  10016   p      BCDMS   348     639.30     291.30      14.46       0.77                                                  | 
  10017   d      BCDMS   254     481.61     227.61      12.21       0.01                                                  | 
  10020   p        NMC   273     635.43     362.43      15.20       0.03                                                  | 
  10021 d/p        NMC   174     333.04     159.04       1.44       0.00                                                  | 
  10010   p       SLAC   218     404.16     186.16       0.00       0.01                                                  | 
  10011   d       SLAC   228     424.97     196.97       0.00       0.01                                                  | 
