('active', 'pdf')

--step 1: npQCD objects = pdf , datasets = idis , tmc = False , ht = False
loading idis data sets 10016
loading idis data sets 10017
loading idis data sets 10020
loading idis data sets 10021
loading idis data sets 10010
loading idis data sets 10011
Loading DIS tables...
10016 has norm uncertainty
10017 has norm uncertainty
10020 has norm uncertainty
10010 has norm uncertainty
10011 has norm uncertainty
[H[J[H[J[H[J[H[J[H[J[H[J[H[J[H[J[H[J[H[J[H[J[H[J[H[J[H[J[H[J[H[J['pdf']
JAM FITTER                                                                                                                | 1        pdf       db1 N   7.46391e-02
count = 100                                                                                                               | 2        pdf       db1 a  -7.68330e-01
elapsed time(mins)=0.965012                                                                                               | 3        pdf       db1 b   1.56828e+00
shifts  = 2                                                                                                               | 4        pdf       dv1 a  -2.93339e-01
npts    = 1495                                                                                                            | 5        pdf       dv1 b   9.65726e+00
chi2    = 17292.447569                                                                                                    | 6        pdf        g1 a   9.99540e-01
rchi2   = 1646.838619                                                                                                     | 7        pdf        g1 b   1.96037e+00
nchi2   = 154.027874                                                                                                      | 8        pdf        s1 N   1.25575e-01
chi2tot = 19093.314062                                                                                                    | 9        pdf        s1 a  -7.72752e-01
dchi2(iter)  = 0.000000                                                                                                   | 10        pdf        s1 b   1.87796e+00
dchi2(local) = -inf                                                                                                       | 11        pdf      sea1 N   4.56912e-02
pdf dv(1):1.000000                                                                                                        | 12        pdf      sea1 a  -1.86860e+00
pdf db-ub(2):-0.006747                                                                                                    | 13        pdf      sea1 b   8.96309e+00
pdf msr:1.000000                                                                                                          | 14        pdf       ub1 N   8.13856e-02
pdf db-ub(1):0.637854                                                                                                     | 15        pdf       ub1 a   9.73195e-01
pdf uv(1):2.000000                                                                                                        | 16        pdf       ub1 b   3.43302e+00
pdf s-sb(1):0.000000                                                                                                      | 17        pdf       uv1 a  -1.36063e-01
pdf s-sb(2):0.000000                                                                                                      | 18        pdf       uv1 b   6.92868e+00
                                                                                                                          | 19       norm       idis      10016  1.01819e+00
reaction: unpol DIS                                                                                                       | 20       norm       idis      10017  1.08755e+00
filters: Q2>1.690000                                                                                                      | 21       norm       idis      10010  1.11103e+00
filters: W2>10.000000                                                                                                     | 22       norm       idis      10011  1.18376e+00
    idx tar        col  npts       chi2  chi2-npts      rchi2      nchi2                                                  | 23       norm       idis      10020  1.01174e+00
  10016   p      BCDMS   348    2946.06    2598.06      96.64       0.37                                                  | 
  10017   d      BCDMS   254    2348.87    2094.87     179.51       8.52                                                  | 
  10020   p        NMC   273    6527.72    6254.72    1223.16       0.34                                                  | 
  10021 d/p        NMC   174    1278.20    1104.20     147.52       0.00                                                  | 
  10010   p       SLAC   218    1863.31    1645.31       0.00      27.96                                                  | 
  10011   d       SLAC   228    2328.28    2100.28       0.00     116.84                                                  | 
['pdf']
JAM FITTER                                                                                                                | 1        pdf       db1 N   4.74456e-02
count = 200                                                                                                               | 2        pdf       db1 a  -5.85613e-01
elapsed time(mins)=1.934337                                                                                               | 3        pdf       db1 b   3.45110e+00
shifts  = 2                                                                                                               | 4        pdf       dv1 a  -4.61986e-01
npts    = 1495                                                                                                            | 5        pdf       dv1 b   7.01445e+00
chi2    = 4102.374377                                                                                                     | 6        pdf        g1 a  -8.99574e-02
rchi2   = 174.039947                                                                                                      | 7        pdf        g1 b   1.51479e+00
nchi2   = 94.987789                                                                                                       | 8        pdf        s1 N   1.36379e-01
chi2tot = 4371.402112                                                                                                     | 9        pdf        s1 a  -5.72513e-01
dchi2(iter)  = 0.000000                                                                                                   | 10        pdf        s1 b   2.17690e+00
dchi2(local) = -inf                                                                                                       | 11        pdf      sea1 N   1.98370e-02
pdf dv(1):1.000000                                                                                                        | 12        pdf      sea1 a  -1.88027e+00
pdf db-ub(2):-0.058735                                                                                                    | 13        pdf      sea1 b   5.51103e-01
pdf msr:1.000000                                                                                                          | 14        pdf       ub1 N   1.06181e-01
pdf db-ub(1):0.152249                                                                                                     | 15        pdf       ub1 a   7.75321e-01
pdf uv(1):2.000000                                                                                                        | 16        pdf       ub1 b   3.99333e+00
pdf s-sb(1):0.000000                                                                                                      | 17        pdf       uv1 a  -4.86646e-01
pdf s-sb(2):0.000000                                                                                                      | 18        pdf       uv1 b   6.70879e+00
                                                                                                                          | 19       norm       idis      10016  1.04298e+00
reaction: unpol DIS                                                                                                       | 20       norm       idis      10017  1.07519e+00
filters: Q2>1.690000                                                                                                      | 21       norm       idis      10010  1.11403e+00
filters: W2>10.000000                                                                                                     | 22       norm       idis      10011  1.12478e+00
    idx tar        col  npts       chi2  chi2-npts      rchi2      nchi2                                                  | 23       norm       idis      10020  1.03628e+00
  10016   p      BCDMS   348     742.17     394.17      32.46       2.05                                                  | 
  10017   d      BCDMS   254     675.36     421.36      54.05       6.28                                                  | 
  10020   p        NMC   273    1363.65    1090.65      80.01       3.29                                                  | 
  10021 d/p        NMC   174     379.02     205.02       7.53       0.00                                                  | 
  10010   p       SLAC   218     491.20     273.20       0.00      29.48                                                  | 
  10011   d       SLAC   228     450.98     222.98       0.00      53.88                                                  | 
['pdf']
JAM FITTER                                                                                                                | 1        pdf       db1 N   5.30218e-02
count = 300                                                                                                               | 2        pdf       db1 a  -4.82043e-01
elapsed time(mins)=2.895001                                                                                               | 3        pdf       db1 b   3.70630e+00
shifts  = 2                                                                                                               | 4        pdf       dv1 a  -4.67065e-01
npts    = 1495                                                                                                            | 5        pdf       dv1 b   6.11996e+00
chi2    = 3105.858067                                                                                                     | 6        pdf        g1 a  -7.30085e-01
rchi2   = 74.661331                                                                                                       | 7        pdf        g1 b   3.89379e+00
nchi2   = 27.541654                                                                                                       | 8        pdf        s1 N   5.96140e-02
chi2tot = 3208.061052                                                                                                     | 9        pdf        s1 a  -6.97149e-01
dchi2(iter)  = 0.000000                                                                                                   | 10        pdf        s1 b   2.10731e+00
dchi2(local) = -inf                                                                                                       | 11        pdf      sea1 N   1.20317e-02
pdf dv(1):1.000000                                                                                                        | 12        pdf      sea1 a  -1.75112e+00
pdf db-ub(2):-0.061635                                                                                                    | 13        pdf      sea1 b   3.05537e-01
pdf msr:1.000000                                                                                                          | 14        pdf       ub1 N   1.14657e-01
pdf db-ub(1):0.095079                                                                                                     | 15        pdf       ub1 a   7.63172e-01
pdf uv(1):2.000000                                                                                                        | 16        pdf       ub1 b   3.99866e+00
pdf s-sb(1):0.000000                                                                                                      | 17        pdf       uv1 a  -4.96100e-01
pdf s-sb(2):0.000000                                                                                                      | 18        pdf       uv1 b   6.75384e+00
                                                                                                                          | 19       norm       idis      10016  1.00882e+00
reaction: unpol DIS                                                                                                       | 20       norm       idis      10017  1.03675e+00
filters: Q2>1.690000                                                                                                      | 21       norm       idis      10010  1.06159e+00
filters: W2>10.000000                                                                                                     | 22       norm       idis      10011  1.06649e+00
    idx tar        col  npts       chi2  chi2-npts      rchi2      nchi2                                                  | 23       norm       idis      10020  1.02868e+00
  10016   p      BCDMS   348     688.97     340.97      27.54       0.09                                                  | 
  10017   d      BCDMS   254     580.87     326.87      21.90       1.50                                                  | 
  10020   p        NMC   273     710.76     437.76      22.00       2.06                                                  | 
  10021 d/p        NMC   174     336.48     162.48       3.22       0.00                                                  | 
  10010   p       SLAC   218     460.50     242.50       0.00       8.60                                                  | 
  10011   d       SLAC   228     328.28     100.28       0.00      15.30                                                  | 
['pdf']
JAM FITTER                                                                                                                | 1        pdf       db1 N   4.31036e-02
count = 400                                                                                                               | 2        pdf       db1 a  -5.59847e-01
elapsed time(mins)=3.857251                                                                                               | 3        pdf       db1 b   4.07675e+00
shifts  = 3                                                                                                               | 4        pdf       dv1 a  -4.97383e-01
npts    = 1495                                                                                                            | 5        pdf       dv1 b   4.46798e+00
chi2    = 3001.095786                                                                                                     | 6        pdf        g1 a  -7.50449e-01
rchi2   = 49.702496                                                                                                       | 7        pdf        g1 b   3.49277e+00
nchi2   = 3.432871                                                                                                        | 8        pdf        s1 N   3.05603e-02
chi2tot = 3054.231153                                                                                                     | 9        pdf        s1 a  -7.63761e-01
dchi2(iter)  = inf                                                                                                        | 10        pdf        s1 b   2.16802e+00
dchi2(local) = -inf                                                                                                       | 11        pdf      sea1 N   1.28503e-02
pdf dv(1):1.000000                                                                                                        | 12        pdf      sea1 a  -1.59051e+00
pdf db-ub(2):-0.061893                                                                                                    | 13        pdf      sea1 b   5.47587e-01
pdf msr:1.000000                                                                                                          | 14        pdf       ub1 N   1.04996e-01
pdf db-ub(1):0.152046                                                                                                     | 15        pdf       ub1 a   8.53957e-01
pdf uv(1):2.000000                                                                                                        | 16        pdf       ub1 b   4.00091e+00
pdf s-sb(1):0.000000                                                                                                      | 17        pdf       uv1 a  -4.99589e-01
pdf s-sb(2):0.000000                                                                                                      | 18        pdf       uv1 b   6.14056e+00
                                                                                                                          | 19       norm       idis      10016  9.79782e-01
reaction: unpol DIS                                                                                                       | 20       norm       idis      10017  1.00595e+00
filters: Q2>1.690000                                                                                                      | 21       norm       idis      10010  1.01995e+00
filters: W2>10.000000                                                                                                     | 22       norm       idis      10011  1.02113e+00
    idx tar        col  npts       chi2  chi2-npts      rchi2      nchi2                                                  | 23       norm       idis      10020  1.01403e+00
  10016   p      BCDMS   348     703.37     355.37      20.82       0.45                                                  | 
  10017   d      BCDMS   254     574.43     320.43      15.53       0.04                                                  | 
  10020   p        NMC   273     633.70     360.70      11.40       0.49                                                  | 
  10021 d/p        NMC   174     326.68     152.68       1.95       0.00                                                  | 
  10010   p       SLAC   218     448.77     230.77       0.00       0.90                                                  | 
  10011   d       SLAC   228     314.16      86.16       0.00       1.54                                                  | 
['pdf']
JAM FITTER                                                                                                                | 1        pdf       db1 N   3.85740e-02
count = 500                                                                                                               | 2        pdf       db1 a  -5.47057e-01
elapsed time(mins)=4.830702                                                                                               | 3        pdf       db1 b   4.20683e+00
shifts  = 2                                                                                                               | 4        pdf       dv1 a  -4.79961e-01
npts    = 1495                                                                                                            | 5        pdf       dv1 b   4.27613e+00
chi2    = 2990.819023                                                                                                     | 6        pdf        g1 a  -7.73418e-01
rchi2   = 46.895575                                                                                                       | 7        pdf        g1 b   3.03486e+00
nchi2   = 1.715358                                                                                                        | 8        pdf        s1 N   1.62910e-02
chi2tot = 3039.429957                                                                                                     | 9        pdf        s1 a  -8.46067e-01
dchi2(iter)  = inf                                                                                                        | 10        pdf        s1 b   3.20409e+00
dchi2(local) = -14.801197                                                                                                 | 11        pdf      sea1 N   1.52446e-02
pdf dv(1):1.000000                                                                                                        | 12        pdf      sea1 a  -1.50419e+00
pdf db-ub(2):-0.056303                                                                                                    | 13        pdf      sea1 b   7.74718e-01
pdf msr:1.000000                                                                                                          | 14        pdf       ub1 N   9.48773e-02
pdf db-ub(1):0.141584                                                                                                     | 15        pdf       ub1 a   9.03681e-01
pdf uv(1):2.000000                                                                                                        | 16        pdf       ub1 b   3.92671e+00
pdf s-sb(1):0.000000                                                                                                      | 17        pdf       uv1 a  -4.99970e-01
pdf s-sb(2):0.000000                                                                                                      | 18        pdf       uv1 b   5.28647e+00
                                                                                                                          | 19       norm       idis      10016  9.77160e-01
reaction: unpol DIS                                                                                                       | 20       norm       idis      10017  1.00348e+00
filters: Q2>1.690000                                                                                                      | 21       norm       idis      10010  1.01255e+00
filters: W2>10.000000                                                                                                     | 22       norm       idis      10011  1.01293e+00
    idx tar        col  npts       chi2  chi2-npts      rchi2      nchi2                                                  | 23       norm       idis      10020  1.00864e+00
  10016   p      BCDMS   348     696.46     348.46      19.54       0.58                                                  | 
  10017   d      BCDMS   254     575.77     321.77      14.65       0.01                                                  | 
  10020   p        NMC   273     631.74     358.74      10.68       0.19                                                  | 
  10021 d/p        NMC   174     324.96     150.96       2.02       0.00                                                  | 
  10010   p       SLAC   218     447.43     229.43       0.00       0.36                                                  | 
  10011   d       SLAC   228     314.44      86.44       0.00       0.58                                                  | 
['pdf']
JAM FITTER                                                                                                                | 1        pdf       db1 N   3.53981e-02
count = 600                                                                                                               | 2        pdf       db1 a  -5.36070e-01
elapsed time(mins)=5.812792                                                                                               | 3        pdf       db1 b   4.21213e+00
shifts  = 2                                                                                                               | 4        pdf       dv1 a  -4.69062e-01
npts    = 1495                                                                                                            | 5        pdf       dv1 b   4.26231e+00
chi2    = 2986.576364                                                                                                     | 6        pdf        g1 a  -7.58440e-01
rchi2   = 47.867973                                                                                                       | 7        pdf        g1 b   3.02829e+00
nchi2   = 1.309172                                                                                                        | 8        pdf        s1 N   2.33961e-02
chi2tot = 3035.753510                                                                                                     | 9        pdf        s1 a  -9.19622e-01
dchi2(iter)  = inf                                                                                                        | 10        pdf        s1 b   3.86219e+00
dchi2(local) = -18.477643                                                                                                 | 11        pdf      sea1 N   1.53757e-02
pdf dv(1):1.000000                                                                                                        | 12        pdf      sea1 a  -1.47829e+00
pdf db-ub(2):-0.048947                                                                                                    | 13        pdf      sea1 b   8.59608e-01
pdf msr:1.000000                                                                                                          | 14        pdf       ub1 N   8.43450e-02
pdf db-ub(1):0.136613                                                                                                     | 15        pdf       ub1 a   9.34742e-01
pdf uv(1):2.000000                                                                                                        | 16        pdf       ub1 b   3.86589e+00
pdf s-sb(1):0.000000                                                                                                      | 17        pdf       uv1 a  -4.99997e-01
pdf s-sb(2):0.000000                                                                                                      | 18        pdf       uv1 b   4.61035e+00
                                                                                                                          | 19       norm       idis      10016  9.73502e-01
reaction: unpol DIS                                                                                                       | 20       norm       idis      10017  9.99734e-01
filters: Q2>1.690000                                                                                                      | 21       norm       idis      10010  1.00886e+00
filters: W2>10.000000                                                                                                     | 22       norm       idis      10011  1.00912e+00
    idx tar        col  npts       chi2  chi2-npts      rchi2      nchi2                                                  | 23       norm       idis      10020  1.00502e+00
  10016   p      BCDMS   348     693.14     345.14      20.00       0.78                                                  | 
  10017   d      BCDMS   254     577.15     323.15      14.95       0.00                                                  | 
  10020   p        NMC   273     632.73     359.73      10.75       0.06                                                  | 
  10021 d/p        NMC   174     323.73     149.73       2.17       0.00                                                  | 
  10010   p       SLAC   218     445.53     227.53       0.00       0.18                                                  | 
  10011   d       SLAC   228     314.30      86.30       0.00       0.29                                                  | 
['pdf']
JAM FITTER                                                                                                                | 1        pdf       db1 N   2.28807e-02
count = 700                                                                                                               | 2        pdf       db1 a  -6.97373e-01
elapsed time(mins)=6.786269                                                                                               | 3        pdf       db1 b   4.43079e+00
shifts  = 23                                                                                                              | 4        pdf       dv1 a  -3.31578e-01
npts    = 1495                                                                                                            | 5        pdf       dv1 b   3.97153e+00
chi2    = 3064.423496                                                                                                     | 6        pdf        g1 a  -7.30759e-01
rchi2   = 90.875454                                                                                                       | 7        pdf        g1 b   3.12346e+00
nchi2   = 1.279699                                                                                                        | 8        pdf        s1 N   3.50775e-02
chi2tot = 3156.578649                                                                                                     | 9        pdf        s1 a  -9.99183e-01
dchi2(iter)  = inf                                                                                                        | 10        pdf        s1 b   5.07842e+00
dchi2(local) = 102.347495                                                                                                 | 11        pdf      sea1 N   1.27138e-02
pdf dv(1):1.000000                                                                                                        | 12        pdf      sea1 a  -1.51102e+00
pdf db-ub(2):-0.056226                                                                                                    | 13        pdf      sea1 b   6.98493e-01
pdf msr:1.000000                                                                                                          | 14        pdf       ub1 N   7.91070e-02
pdf db-ub(1):0.156347                                                                                                     | 15        pdf       ub1 a   9.21728e-01
pdf uv(1):2.000000                                                                                                        | 16        pdf       ub1 b   3.81073e+00
pdf s-sb(1):0.000000                                                                                                      | 17        pdf       uv1 a  -4.99999e-01
pdf s-sb(2):0.000000                                                                                                      | 18        pdf       uv1 b   4.22325e+00
                                                                                                                          | 19       norm       idis      10016  9.69333e-01
reaction: unpol DIS                                                                                                       | 20       norm       idis      10017  9.95851e-01
filters: Q2>1.690000                                                                                                      | 21       norm       idis      10010  1.00570e+00
filters: W2>10.000000                                                                                                     | 22       norm       idis      10011  1.00602e+00
    idx tar        col  npts       chi2  chi2-npts      rchi2      nchi2                                                  | 23       norm       idis      10020  1.00257e+00
  10016   p      BCDMS   348     691.35     343.35      29.17       1.04                                                  | 
  10017   d      BCDMS   254     578.24     324.24      37.37       0.02                                                  | 
  10020   p        NMC   273     639.69     366.69      12.33       0.02                                                  | 
  10021 d/p        NMC   174     359.39     185.39      12.00       0.00                                                  | 
  10010   p       SLAC   218     445.11     227.11       0.00       0.07                                                  | 
  10011   d       SLAC   228     350.64     122.64       0.00       0.13                                                  | 
['pdf']
JAM FITTER                                                                                                                | 1        pdf       db1 N   2.66996e-02
count = 800                                                                                                               | 2        pdf       db1 a  -6.69217e-01
elapsed time(mins)=7.762833                                                                                               | 3        pdf       db1 b   4.20995e+00
shifts  = 3                                                                                                               | 4        pdf       dv1 a  -3.41359e-01
npts    = 1495                                                                                                            | 5        pdf       dv1 b   4.26415e+00
chi2    = 2980.850848                                                                                                     | 6        pdf        g1 a  -7.16828e-01
rchi2   = 48.413594                                                                                                       | 7        pdf        g1 b   3.17666e+00
nchi2   = 1.340394                                                                                                        | 8        pdf        s1 N   4.07221e-02
chi2tot = 3030.604837                                                                                                     | 9        pdf        s1 a  -9.99809e-01
dchi2(iter)  = 23.626316                                                                                                  | 10        pdf        s1 b   5.84430e+00
dchi2(local) = -23.626316                                                                                                 | 11        pdf      sea1 N   1.11929e-02
pdf dv(1):1.000000                                                                                                        | 12        pdf      sea1 a  -1.54033e+00
pdf db-ub(2):-0.049416                                                                                                    | 13        pdf      sea1 b   5.86623e-01
pdf msr:1.000000                                                                                                          | 14        pdf       ub1 N   7.61154e-02
pdf db-ub(1):0.179612                                                                                                     | 15        pdf       ub1 a   9.02394e-01
pdf uv(1):2.000000                                                                                                        | 16        pdf       ub1 b   3.78628e+00
pdf s-sb(1):0.000000                                                                                                      | 17        pdf       uv1 a  -4.99999e-01
pdf s-sb(2):0.000000                                                                                                      | 18        pdf       uv1 b   4.00811e+00
                                                                                                                          | 19       norm       idis      10016  9.67313e-01
reaction: unpol DIS                                                                                                       | 20       norm       idis      10017  9.93900e-01
filters: Q2>1.690000                                                                                                      | 21       norm       idis      10010  1.00410e+00
filters: W2>10.000000                                                                                                     | 22       norm       idis      10011  1.00449e+00
    idx tar        col  npts       chi2  chi2-npts      rchi2      nchi2                                                  | 23       norm       idis      10020  1.00124e+00
  10016   p      BCDMS   348     691.68     343.68      21.02       1.19                                                  | 
  10017   d      BCDMS   254     573.52     319.52      14.41       0.04                                                  | 
  10020   p        NMC   273     634.35     361.35      11.28       0.00                                                  | 
  10021 d/p        NMC   174     321.29     147.29       1.71       0.00                                                  | 
  10010   p       SLAC   218     443.24     225.24       0.00       0.04                                                  | 
  10011   d       SLAC   228     316.78      88.78       0.00       0.07                                                  | 
['pdf']
JAM FITTER                                                                                                                | 1        pdf       db1 N   2.61609e-02
count = 900                                                                                                               | 2        pdf       db1 a  -6.79507e-01
elapsed time(mins)=8.728936                                                                                               | 3        pdf       db1 b   4.15536e+00
shifts  = 2                                                                                                               | 4        pdf       dv1 a  -3.03864e-01
npts    = 1495                                                                                                            | 5        pdf       dv1 b   4.29551e+00
chi2    = 2976.157811                                                                                                     | 6        pdf        g1 a  -7.21203e-01
rchi2   = 50.609324                                                                                                       | 7        pdf        g1 b   3.08118e+00
nchi2   = 1.437896                                                                                                        | 8        pdf        s1 N   4.31247e-02
chi2tot = 3028.205031                                                                                                     | 9        pdf        s1 a  -9.99961e-01
dchi2(iter)  = 23.626316                                                                                                  | 10        pdf        s1 b   7.90480e+00
dchi2(local) = -2.399807                                                                                                  | 11        pdf      sea1 N   8.88324e-03
pdf dv(1):1.000000                                                                                                        | 12        pdf      sea1 a  -1.59713e+00
pdf db-ub(2):-0.047102                                                                                                    | 13        pdf      sea1 b   3.89099e-01
pdf msr:1.000000                                                                                                          | 14        pdf       ub1 N   7.32630e-02
pdf db-ub(1):0.183406                                                                                                     | 15        pdf       ub1 a   8.15979e-01
pdf uv(1):2.000000                                                                                                        | 16        pdf       ub1 b   3.71722e+00
pdf s-sb(1):0.000000                                                                                                      | 17        pdf       uv1 a  -5.00000e-01
pdf s-sb(2):0.000000                                                                                                      | 18        pdf       uv1 b   3.73452e+00
                                                                                                                          | 19       norm       idis      10016  9.65106e-01
reaction: unpol DIS                                                                                                       | 20       norm       idis      10017  9.92055e-01
filters: Q2>1.690000                                                                                                      | 21       norm       idis      10010  1.00142e+00
filters: W2>10.000000                                                                                                     | 22       norm       idis      10011  1.00170e+00
    idx tar        col  npts       chi2  chi2-npts      rchi2      nchi2                                                  | 23       norm       idis      10020  9.99693e-01
  10016   p      BCDMS   348     687.79     339.79      22.39       1.35                                                  | 
  10017   d      BCDMS   254     571.45     317.45      14.96       0.07                                                  | 
  10020   p        NMC   273     635.99     362.99      11.62       0.00                                                  | 
  10021 d/p        NMC   174     320.27     146.27       1.64       0.00                                                  | 
  10010   p       SLAC   218     443.12     225.12       0.00       0.00                                                  | 
  10011   d       SLAC   228     317.54      89.54       0.00       0.01                                                  | 
['pdf']
JAM FITTER                                                                                                                | 1        pdf       db1 N   2.51257e-02
count = 1000                                                                                                              | 2        pdf       db1 a  -6.84282e-01
elapsed time(mins)=9.692781                                                                                               | 3        pdf       db1 b   4.18485e+00
shifts  = 2                                                                                                               | 4        pdf       dv1 a  -2.75119e-01
npts    = 1495                                                                                                            | 5        pdf       dv1 b   4.33780e+00
chi2    = 2972.578463                                                                                                     | 6        pdf        g1 a  -7.28708e-01
rchi2   = 50.268475                                                                                                       | 7        pdf        g1 b   3.11271e+00
nchi2   = 1.470719                                                                                                        | 8        pdf        s1 N   4.35114e-02
chi2tot = 3024.317657                                                                                                     | 9        pdf        s1 a  -8.96513e-01
dchi2(iter)  = 23.626316                                                                                                  | 10        pdf        s1 b   9.92591e+00
dchi2(local) = -6.287180                                                                                                  | 11        pdf      sea1 N   8.54265e-03
pdf dv(1):1.000000                                                                                                        | 12        pdf      sea1 a  -1.64883e+00
pdf db-ub(2):-0.043822                                                                                                    | 13        pdf      sea1 b   3.18132e-01
pdf msr:1.000000                                                                                                          | 14        pdf       ub1 N   6.89476e-02
pdf db-ub(1):0.183278                                                                                                     | 15        pdf       ub1 a   7.42740e-01
pdf uv(1):2.000000                                                                                                        | 16        pdf       ub1 b   3.68940e+00
pdf s-sb(1):-0.000000                                                                                                     | 17        pdf       uv1 a  -5.00000e-01
pdf s-sb(2):-0.000000                                                                                                     | 18        pdf       uv1 b   3.46564e+00
                                                                                                                          | 19       norm       idis      10016  9.64881e-01
reaction: unpol DIS                                                                                                       | 20       norm       idis      10017  9.92227e-01
filters: Q2>1.690000                                                                                                      | 21       norm       idis      10010  1.00207e+00
filters: W2>10.000000                                                                                                     | 22       norm       idis      10011  1.00238e+00
    idx tar        col  npts       chi2  chi2-npts      rchi2      nchi2                                                  | 23       norm       idis      10020  1.00122e+00
  10016   p      BCDMS   348     688.90     340.90      23.16       1.37                                                  | 
  10017   d      BCDMS   254     570.76     316.76      14.49       0.07                                                  | 
  10020   p        NMC   273     635.31     362.31      10.98       0.00                                                  | 
  10021 d/p        NMC   174     319.19     145.19       1.64       0.00                                                  | 
  10010   p       SLAC   218     439.99     221.99       0.00       0.01                                                  | 
  10011   d       SLAC   228     318.43      90.43       0.00       0.02                                                  | 
['pdf']
JAM FITTER                                                                                                                | 1        pdf       db1 N   2.25841e-02
count = 1100                                                                                                              | 2        pdf       db1 a  -6.94961e-01
elapsed time(mins)=10.668061                                                                                              | 3        pdf       db1 b   4.30604e+00
shifts  = 2                                                                                                               | 4        pdf       dv1 a  -2.56868e-01
npts    = 1495                                                                                                            | 5        pdf       dv1 b   4.32407e+00
chi2    = 2970.119082                                                                                                     | 6        pdf        g1 a  -7.25073e-01
rchi2   = 51.599273                                                                                                       | 7        pdf        g1 b   3.13064e+00
nchi2   = 1.655611                                                                                                        | 8        pdf        s1 N   4.75915e-02
chi2tot = 3023.373966                                                                                                     | 9        pdf        s1 a  -8.49481e-01
dchi2(iter)  = 23.626316                                                                                                  | 10        pdf        s1 b   9.99941e+00
dchi2(local) = -7.230872                                                                                                  | 11        pdf      sea1 N   8.60058e-03
pdf dv(1):1.000000                                                                                                        | 12        pdf      sea1 a  -1.64778e+00
pdf db-ub(2):-0.038089                                                                                                    | 13        pdf      sea1 b   4.00962e-01
pdf msr:1.000000                                                                                                          | 14        pdf       ub1 N   6.06732e-02
pdf db-ub(1):0.186455                                                                                                     | 15        pdf       ub1 a   7.37885e-01
pdf uv(1):2.000000                                                                                                        | 16        pdf       ub1 b   3.82063e+00
pdf s-sb(1):0.000000                                                                                                      | 17        pdf       uv1 a  -5.00000e-01
pdf s-sb(2):0.000000                                                                                                      | 18        pdf       uv1 b   3.13743e+00
                                                                                                                          | 19       norm       idis      10016  9.62690e-01
reaction: unpol DIS                                                                                                       | 20       norm       idis      10017  9.90213e-01
filters: Q2>1.690000                                                                                                      | 21       norm       idis      10010  1.00038e+00
filters: W2>10.000000                                                                                                     | 22       norm       idis      10011  1.00075e+00
    idx tar        col  npts       chi2  chi2-npts      rchi2      nchi2                                                  | 23       norm       idis      10020  9.99727e-01
  10016   p      BCDMS   348     687.85     339.85      24.09       1.55                                                  | 
  10017   d      BCDMS   254     570.74     316.74      14.78       0.11                                                  | 
  10020   p        NMC   273     635.75     362.75      11.09       0.00                                                  | 
  10021 d/p        NMC   174     318.68     144.68       1.64       0.00                                                  | 
  10010   p       SLAC   218     438.67     220.67       0.00       0.00                                                  | 
  10011   d       SLAC   228     318.43      90.43       0.00       0.00                                                  | 
['pdf']
JAM FITTER                                                                                                                | 1        pdf       db1 N   2.01724e-02
count = 1200                                                                                                              | 2        pdf       db1 a  -7.18806e-01
elapsed time(mins)=11.628676                                                                                              | 3        pdf       db1 b   4.32898e+00
shifts  = 3                                                                                                               | 4        pdf       dv1 a  -2.45716e-01
npts    = 1495                                                                                                            | 5        pdf       dv1 b   4.30900e+00
chi2    = 2969.527866                                                                                                     | 6        pdf        g1 a  -7.19786e-01
rchi2   = 50.766825                                                                                                       | 7        pdf        g1 b   3.15414e+00
nchi2   = 1.836915                                                                                                        | 8        pdf        s1 N   5.01005e-02
chi2tot = 3022.131606                                                                                                     | 9        pdf        s1 a  -7.80152e-01
dchi2(iter)  = 8.473231                                                                                                   | 10        pdf        s1 b   9.99997e+00
dchi2(local) = -8.473231                                                                                                  | 11        pdf      sea1 N   9.13516e-03
pdf dv(1):1.000000                                                                                                        | 12        pdf      sea1 a  -1.61677e+00
pdf db-ub(2):-0.033014                                                                                                    | 13        pdf      sea1 b   6.87920e-01
pdf msr:1.000000                                                                                                          | 14        pdf       ub1 N   5.31860e-02
pdf db-ub(1):0.198464                                                                                                     | 15        pdf       ub1 a   7.99970e-01
pdf uv(1):2.000000                                                                                                        | 16        pdf       ub1 b   4.10406e+00
pdf s-sb(1):0.000000                                                                                                      | 17        pdf       uv1 a  -5.00000e-01
pdf s-sb(2):-0.000000                                                                                                     | 18        pdf       uv1 b   2.89300e+00
                                                                                                                          | 19       norm       idis      10016  9.60958e-01
reaction: unpol DIS                                                                                                       | 20       norm       idis      10017  9.88883e-01
filters: Q2>1.690000                                                                                                      | 21       norm       idis      10010  9.99087e-01
filters: W2>10.000000                                                                                                     | 22       norm       idis      10011  9.99520e-01
    idx tar        col  npts       chi2  chi2-npts      rchi2      nchi2                                                  | 23       norm       idis      10020  9.98864e-01
  10016   p      BCDMS   348     683.61     335.61      23.88       1.69                                                  | 
  10017   d      BCDMS   254     570.68     316.68      14.21       0.14                                                  | 
  10020   p        NMC   273     635.60     362.60      11.05       0.00                                                  | 
  10021 d/p        NMC   174     318.37     144.37       1.62       0.00                                                  | 
  10010   p       SLAC   218     441.00     223.00       0.00       0.00                                                  | 
  10011   d       SLAC   228     320.26      92.26       0.00       0.00                                                  | 
['pdf']
JAM FITTER                                                                                                                | 1        pdf       db1 N   1.92155e-02
count = 1300                                                                                                              | 2        pdf       db1 a  -7.14477e-01
elapsed time(mins)=12.601841                                                                                              | 3        pdf       db1 b   4.39937e+00
shifts  = 2                                                                                                               | 4        pdf       dv1 a  -2.45401e-01
npts    = 1495                                                                                                            | 5        pdf       dv1 b   4.30844e+00
chi2    = 2969.983978                                                                                                     | 6        pdf        g1 a  -7.21768e-01
rchi2   = 50.139882                                                                                                       | 7        pdf        g1 b   3.14009e+00
nchi2   = 1.794441                                                                                                        | 8        pdf        s1 N   4.85780e-02
chi2tot = 3021.918301                                                                                                     | 9        pdf        s1 a  -7.54228e-01
dchi2(iter)  = 8.473231                                                                                                   | 10        pdf        s1 b   1.00000e+01
dchi2(local) = -0.213305                                                                                                  | 11        pdf      sea1 N   1.00649e-02
pdf dv(1):1.000000                                                                                                        | 12        pdf      sea1 a  -1.57647e+00
pdf db-ub(2):-0.029369                                                                                                    | 13        pdf      sea1 b   8.81123e-01
pdf msr:1.000000                                                                                                          | 14        pdf       ub1 N   4.85849e-02
pdf db-ub(1):0.198440                                                                                                     | 15        pdf       ub1 a   8.81388e-01
pdf uv(1):2.000000                                                                                                        | 16        pdf       ub1 b   4.24961e+00
pdf s-sb(1):0.000000                                                                                                      | 17        pdf       uv1 a  -4.85729e-01
pdf s-sb(2):0.000000                                                                                                      | 18        pdf       uv1 b   2.86240e+00
                                                                                                                          | 19       norm       idis      10016  9.61283e-01
reaction: unpol DIS                                                                                                       | 20       norm       idis      10017  9.89356e-01
filters: Q2>1.690000                                                                                                      | 21       norm       idis      10010  9.99335e-01
filters: W2>10.000000                                                                                                     | 22       norm       idis      10011  9.99803e-01
    idx tar        col  npts       chi2  chi2-npts      rchi2      nchi2                                                  | 23       norm       idis      10020  9.99144e-01
  10016   p      BCDMS   348     682.95     334.95      23.62       1.67                                                  | 
  10017   d      BCDMS   254     570.86     316.86      13.98       0.13                                                  | 
  10020   p        NMC   273     635.20     362.20      10.98       0.00                                                  | 
  10021 d/p        NMC   174     318.40     144.40       1.57       0.00                                                  | 
  10010   p       SLAC   218     441.83     223.83       0.00       0.00                                                  | 
  10011   d       SLAC   228     320.75      92.75       0.00       0.00                                                  | 
['pdf']
JAM FITTER                                                                                                                | 1        pdf       db1 N   2.00514e-02
count = 1400                                                                                                              | 2        pdf       db1 a  -6.63325e-01
elapsed time(mins)=13.581472                                                                                              | 3        pdf       db1 b   4.21540e+00
shifts  = 1                                                                                                               | 4        pdf       dv1 a  -2.63620e-01
npts    = 1495                                                                                                            | 5        pdf       dv1 b   4.32005e+00
chi2    = 2969.650423                                                                                                     | 6        pdf        g1 a  -7.22511e-01
rchi2   = 50.267308                                                                                                       | 7        pdf        g1 b   3.13436e+00
nchi2   = 1.781175                                                                                                        | 8        pdf        s1 N   4.78088e-02
chi2tot = 3021.698905                                                                                                     | 9        pdf        s1 a  -7.67184e-01
dchi2(iter)  = 8.473231                                                                                                   | 10        pdf        s1 b   1.00000e+01
dchi2(local) = -0.432702                                                                                                  | 11        pdf      sea1 N   1.06145e-02
pdf dv(1):1.000000                                                                                                        | 12        pdf      sea1 a  -1.55105e+00
pdf db-ub(2):-0.022041                                                                                                    | 13        pdf      sea1 b   1.00391e+00
pdf msr:1.000000                                                                                                          | 14        pdf       ub1 N   4.20926e-02
pdf db-ub(1):0.174583                                                                                                     | 15        pdf       ub1 a   9.99832e-01
pdf uv(1):2.000000                                                                                                        | 16        pdf       ub1 b   4.41571e+00
pdf s-sb(1):0.000000                                                                                                      | 17        pdf       uv1 a  -4.55195e-01
pdf s-sb(2):0.000000                                                                                                      | 18        pdf       uv1 b   2.86891e+00
                                                                                                                          | 19       norm       idis      10016  9.61380e-01
reaction: unpol DIS                                                                                                       | 20       norm       idis      10017  9.89544e-01
filters: Q2>1.690000                                                                                                      | 21       norm       idis      10010  9.99406e-01
filters: W2>10.000000                                                                                                     | 22       norm       idis      10011  9.99883e-01
    idx tar        col  npts       chi2  chi2-npts      rchi2      nchi2                                                  | 23       norm       idis      10020  9.99189e-01
  10016   p      BCDMS   348     682.98     334.98      23.75       1.66                                                  | 
  10017   d      BCDMS   254     570.91     316.91      13.97       0.12                                                  | 
  10020   p        NMC   273     634.97     361.97      10.96       0.00                                                  | 
  10021 d/p        NMC   174     318.10     144.10       1.59       0.00                                                  | 
  10010   p       SLAC   218     441.90     223.90       0.00       0.00                                                  | 
  10011   d       SLAC   228     320.78      92.78       0.00       0.00                                                  | 
['pdf']
JAM FITTER                                                                                                                | 1        pdf       db1 N   1.98300e-02
count = 1500                                                                                                              | 2        pdf       db1 a  -6.63557e-01
elapsed time(mins)=14.563331                                                                                              | 3        pdf       db1 b   4.27659e+00
shifts  = 2                                                                                                               | 4        pdf       dv1 a  -2.62439e-01
npts    = 1495                                                                                                            | 5        pdf       dv1 b   4.30841e+00
chi2    = 2969.368445                                                                                                     | 6        pdf        g1 a  -7.22061e-01
rchi2   = 50.543861                                                                                                       | 7        pdf        g1 b   3.13751e+00
nchi2   = 1.778786                                                                                                        | 8        pdf        s1 N   4.78635e-02
chi2tot = 3021.691092                                                                                                     | 9        pdf        s1 a  -7.64231e-01
dchi2(iter)  = 8.473231                                                                                                   | 10        pdf        s1 b   1.00000e+01
dchi2(local) = -0.440514                                                                                                  | 11        pdf      sea1 N   1.06203e-02
pdf dv(1):1.000000                                                                                                        | 12        pdf      sea1 a  -1.55038e+00
pdf db-ub(2):-0.022309                                                                                                    | 13        pdf      sea1 b   1.01414e+00
pdf msr:1.000000                                                                                                          | 14        pdf       ub1 N   4.21390e-02
pdf db-ub(1):0.174451                                                                                                     | 15        pdf       ub1 a   9.99941e-01
pdf uv(1):2.000000                                                                                                        | 16        pdf       ub1 b   4.42208e+00
pdf s-sb(1):0.000000                                                                                                      | 17        pdf       uv1 a  -4.56101e-01
pdf s-sb(2):0.000000                                                                                                      | 18        pdf       uv1 b   2.86395e+00
                                                                                                                          | 19       norm       idis      10016  9.61397e-01
reaction: unpol DIS                                                                                                       | 20       norm       idis      10017  9.89572e-01
filters: Q2>1.690000                                                                                                      | 21       norm       idis      10010  9.99453e-01
filters: W2>10.000000                                                                                                     | 22       norm       idis      10011  9.99926e-01
    idx tar        col  npts       chi2  chi2-npts      rchi2      nchi2                                                  | 23       norm       idis      10020  9.99223e-01
  10016   p      BCDMS   348     682.83     334.83      23.95       1.66                                                  | 
  10017   d      BCDMS   254     570.92     316.92      14.02       0.12                                                  | 
  10020   p        NMC   273     634.98     361.98      10.98       0.00                                                  | 
  10021 d/p        NMC   174     318.06     144.06       1.60       0.00                                                  | 
  10010   p       SLAC   218     441.85     223.85       0.00       0.00                                                  | 
  10011   d       SLAC   228     320.73      92.73       0.00       0.00                                                  | 
['pdf']
JAM FITTER                                                                                                                | 1        pdf       db1 N   1.98440e-02
count = 1544                                                                                                              | 2        pdf       db1 a  -6.63514e-01
elapsed time(mins)=15.000286                                                                                              | 3        pdf       db1 b   4.27263e+00
shifts  = 1                                                                                                               | 4        pdf       dv1 a  -2.62557e-01
npts    = 1495                                                                                                            | 5        pdf       dv1 b   4.30889e+00
chi2    = 2969.367750                                                                                                     | 6        pdf        g1 a  -7.22076e-01
rchi2   = 50.544333                                                                                                       | 7        pdf        g1 b   3.13741e+00
nchi2   = 1.778983                                                                                                        | 8        pdf        s1 N   4.78659e-02
chi2tot = 3021.691066                                                                                                     | 9        pdf        s1 a  -7.64278e-01
dchi2(iter)  = 8.473231                                                                                                   | 10        pdf        s1 b   1.00000e+01
dchi2(local) = -0.440540                                                                                                  | 11        pdf      sea1 N   1.06192e-02
pdf dv(1):1.000000                                                                                                        | 12        pdf      sea1 a  -1.55040e+00
pdf db-ub(2):-0.022293                                                                                                    | 13        pdf      sea1 b   1.01411e+00
pdf msr:1.000000                                                                                                          | 14        pdf       ub1 N   4.21365e-02
pdf db-ub(1):0.174420                                                                                                     | 15        pdf       ub1 a   9.99959e-01
pdf uv(1):2.000000                                                                                                        | 16        pdf       ub1 b   4.42212e+00
pdf s-sb(1):0.000000                                                                                                      | 17        pdf       uv1 a  -4.56086e-01
pdf s-sb(2):0.000000                                                                                                      | 18        pdf       uv1 b   2.86395e+00
                                                                                                                          | 19       norm       idis      10016  9.61395e-01
reaction: unpol DIS                                                                                                       | 20       norm       idis      10017  9.89570e-01
filters: Q2>1.690000                                                                                                      | 21       norm       idis      10010  9.99451e-01
filters: W2>10.000000                                                                                                     | 22       norm       idis      10011  9.99924e-01
    idx tar        col  npts       chi2  chi2-npts      rchi2      nchi2                                                  | 23       norm       idis      10020  9.99222e-01
  10016   p      BCDMS   348     682.83     334.83      23.95       1.66                                                  | 
  10017   d      BCDMS   254     570.92     316.92      14.02       0.12                                                  | 
  10020   p        NMC   273     634.98     361.98      10.98       0.00                                                  | 
  10021 d/p        NMC   174     318.06     144.06       1.60       0.00                                                  | 
  10010   p       SLAC   218     441.85     223.85       0.00       0.00                                                  | 
  10011   d       SLAC   228     320.73      92.73       0.00       0.00                                                  | 
