('active', 'pdf')

--step 1: npQCD objects = pdf , datasets = idis , tmc = False , ht = False
loading idis data sets 10016
loading idis data sets 10017
loading idis data sets 10020
loading idis data sets 10021
loading idis data sets 10010
loading idis data sets 10011
Loading DIS tables...
10016 has norm uncertainty
10017 has norm uncertainty
10020 has norm uncertainty
10010 has norm uncertainty
10011 has norm uncertainty
[H[J[H[J['pdf']
JAM FITTER                                                                                                                | 1        pdf       db1 N   1.45017e-01
count = 100                                                                                                               | 2        pdf       db1 a   2.57117e-01
elapsed time(mins)=0.431125                                                                                               | 3        pdf       db1 b   1.09651e-01
shifts  = 2                                                                                                               | 4        pdf       dv1 a  -1.00946e-01
npts    = 1495                                                                                                            | 5        pdf       dv1 b   8.00024e+00
chi2    = 75326.965925                                                                                                    | 6        pdf        g1 a  -9.84817e-02
rchi2   = 8836.520557                                                                                                     | 7        pdf        g1 b   2.94048e+00
nchi2   = 187.617429                                                                                                      | 8        pdf        s1 N   1.39008e-01
chi2tot = 84351.103911                                                                                                    | 9        pdf        s1 a  -2.37456e-01
dchi2(iter)  = 0.000000                                                                                                   | 10        pdf        s1 b   3.11894e+00
dchi2(local) = -inf                                                                                                       | 11        pdf      sea1 N   2.57020e-02
pdf dv(1):1.000000                                                                                                        | 12        pdf      sea1 a  -1.55035e+00
pdf db-ub(2):0.123118                                                                                                     | 13        pdf      sea1 b   4.91784e+00
pdf msr:1.000000                                                                                                          | 14        pdf       ub1 N   2.18989e-02
pdf db-ub(1):0.187934                                                                                                     | 15        pdf       ub1 a   4.61849e-01
pdf uv(1):2.000000                                                                                                        | 16        pdf       ub1 b   3.21818e+00
pdf s-sb(1):0.000000                                                                                                      | 17        pdf       uv1 a  -5.30402e-02
pdf s-sb(2):0.000000                                                                                                      | 18        pdf       uv1 b   6.64559e+00
                                                                                                                          | 19       norm       idis      10016  8.58620e-01
reaction: unpol DIS                                                                                                       | 20       norm       idis      10017  1.07240e+00
filters: Q2>1.690000                                                                                                      | 21       norm       idis      10010  1.10783e+00
filters: W2>10.000000                                                                                                     | 22       norm       idis      10011  1.17517e+00
    idx tar        col  npts       chi2  chi2-npts      rchi2      nchi2                                                  | 23       norm       idis      10020  1.10400e+00
  10016   p      BCDMS   348   20237.76   19889.76    1029.96      22.21                                                  | 
  10017   d      BCDMS   254   14518.76   14264.76    3241.18       5.82                                                  | 
  10020   p        NMC   273    3963.85    3690.85     529.36      27.04                                                  | 
  10021 d/p        NMC   174   10349.94   10175.94    4036.02       0.00                                                  | 
  10010   p       SLAC   218    9393.15    9175.15       0.00      26.37                                                  | 
  10011   d       SLAC   228   16863.52   16635.52       0.00     106.18                                                  | 
['pdf']
JAM FITTER                                                                                                                | 1        pdf       db1 N   3.11685e-02
count = 200                                                                                                               | 2        pdf       db1 a  -6.37657e-01
elapsed time(mins)=0.869945                                                                                               | 3        pdf       db1 b   1.98583e+00
shifts  = 3                                                                                                               | 4        pdf       dv1 a  -1.46159e-01
npts    = 1495                                                                                                            | 5        pdf       dv1 b   7.64778e+00
chi2    = 3147.985541                                                                                                     | 6        pdf        g1 a  -9.93001e-01
rchi2   = 122.586032                                                                                                      | 7        pdf        g1 b   2.69117e+00
nchi2   = 122.094679                                                                                                      | 8        pdf        s1 N   8.99430e-02
chi2tot = 3392.666253                                                                                                     | 9        pdf        s1 a   5.52593e-01
dchi2(iter)  = inf                                                                                                        | 10        pdf        s1 b   4.53739e+00
dchi2(local) = -inf                                                                                                       | 11        pdf      sea1 N   1.59141e-02
pdf dv(1):1.000000                                                                                                        | 12        pdf      sea1 a  -1.26510e+00
pdf db-ub(2):-0.044835                                                                                                    | 13        pdf      sea1 b   5.44184e+00
pdf msr:1.000000                                                                                                          | 14        pdf       ub1 N   7.60038e-02
pdf db-ub(1):0.028132                                                                                                     | 15        pdf       ub1 a   8.03039e-01
pdf uv(1):2.000000                                                                                                        | 16        pdf       ub1 b   3.36199e+00
pdf s-sb(1):0.000000                                                                                                      | 17        pdf       uv1 a  -4.27791e-01
pdf s-sb(2):0.000000                                                                                                      | 18        pdf       uv1 b   4.26145e+00
                                                                                                                          | 19       norm       idis      10016  1.06651e+00
reaction: unpol DIS                                                                                                       | 20       norm       idis      10017  1.07661e+00
filters: Q2>1.690000                                                                                                      | 21       norm       idis      10010  1.13157e+00
filters: W2>10.000000                                                                                                     | 22       norm       idis      10[H[J[H[J011  1.12837e+00
    idx tar        col  npts       chi2  chi2-npts      rchi2      nchi2                                                  | 23       norm       idis      10020  1.07585e+00
  10016   p      BCDMS   348     647.90     299.90      22.86       4.92                                                  | 
  10017   d      BCDMS   254     660.67     406.67      40.94       6.52                                                  | 
  10020   p        NMC   273     669.14     396.14      38.59      14.38                                                  | 
  10021 d/p        NMC   174     361.85     187.85      20.19       0.00                                                  | 
  10010   p       SLAC   218     382.00     164.00       0.00      39.25                                                  | 
  10011   d       SLAC   228     426.43     198.43       0.00      57.02                                                  | 
['pdf']
JAM FITTER                                                                                                                | 1        pdf       db1 N   2.93099e-02
count = 300                                                                                                               | 2        pdf       db1 a  -7.43374e-01
elapsed time(mins)=1.304472                                                                                               | 3        pdf       db1 b   2.35019e+00
shifts  = 2                                                                                                               | 4        pdf       dv1 a  -2.96293e-01
npts    = 1495                                                                                                            | 5        pdf       dv1 b   6.42126e+00
chi2    = 2909.496355                                                                                                     | 6        pdf        g1 a  -3.56696e-01
rchi2   = 54.933727                                                                                                       | 7        pdf        g1 b   3.84466e+00
nchi2   = 1.542542                                                                                                        | 8        pdf        s1 N   7.78175e-02
chi2tot = 2965.972624                                                                                                     | 9        pdf        s1 a   9.92486e-01
dchi2(iter)  = inf                                                                                                        | 10        pdf        s1 b   5.57626e+00
dchi2(local) = -426.693629                                                                                                | 11        pdf      sea1 N   1.07915e-02
pdf dv(1):1.000000                                                                                                        | 12        pdf      sea1 a  -1.30249e+00
pdf db-ub(2):-0.037933                                                                                                    | 13        pdf      sea1 b   6.26040e+00
pdf msr:1.000000                                                                                                          | 14        pdf       ub1 N   6.72433e-02
pdf db-ub(1):0.182043                                                                                                     | 15        pdf       ub1 a   7.99726e-01
pdf uv(1):2.000000                                                                                                        | 16        pdf       ub1 b   3.35339e+00
pdf s-sb(1):0.000000                                                                                                      | 17        pdf       uv1 a  -4.99699e-01
pdf s-sb(2):0.000000                                                                                                      | 18        pdf       uv1 b   3.97236e+00
                                                                                                                          | 19       norm       idis      10016  9.68888e-01
reaction: unpol DIS                                                                                                       | 20       norm       idis      10017  9.83186e-01
filters: Q2>1.690000                                                                                                      | 21       norm       idis      10010  1.00368e+00
filters: W2>10.000000                                                                                                     | 22       norm       idis      10011  9.98794e-01
    idx tar        col  npts       chi2  chi2-npts      rchi2      nchi2                                                  | 23       norm       idis      10020  9.93157e-01
  10016   p      BCDMS   348     616.02     268.02      13.91       1.08                                                  | 
  10017   d      BCDMS   254     570.87     316.87      20.09       0.31                                                  | 
  10020   p        NMC   273     648.46     375.46      17.68       0.12                                                  | 
  10021 d/p        NMC   174     334.80     160.80       3.25       0.00                                                  | 
  10010   p       SLAC   218     376.14     158.14       0.00       0.03                                                  | 
  10011   d       SLAC   228     363.21     135.21       0.00       0.01                                                  | 
['pdf']
JAM FITTER                                                                                                                | 1        pdf       db1 N   2.82992e-02
count = 400                                                                                                               | 2        pdf       db1 a  -7.49839e-01
elapsed time(mins)=1.745905                                                                                               | 3        pdf       db1 b   2.33479e+00
shifts  = 3                                                                                                               | 4        pdf       dv1 a  -2.86413e-01
npts    = 1495                                                                                                            | 5        pdf       dv1 b   6.56732e+00
chi2    = 2908.720856                                                                                                     | 6        pdf        g1 a  -3.01740e-01
rchi2   = 53.332638                                                                                                       | 7        pdf        g1 b   3.96590e+00
nchi2   = 2.041217                                                                                                        | 8        pdf        s1 N   8.44634e-02
chi2tot = 2964.094711                                                                                                     | 9        pdf        s1 a   9.99923e-01
dchi2(iter)  = 428.571541                                                                                                 | 10        pdf        s1 b   5.60308e+00
dchi2(local) = -428.571541                                                                                                | 11        pdf      sea1 N   1.03538e-02
pdf dv(1):1.000000                                                                                                        | 12        pdf      sea1 a  -1.28860e+00
pdf db-ub(2):-0.036475                                                                                                    | 13        pdf      sea1 b   6.97737e+00
pdf msr:1.000000                                                                                                          | 14        pdf       ub1 N   6.47744e-02
pdf db-ub(1):0.184014                                                                                                     | 15        pdf       ub1 a   7.81799e-01
pdf uv(1):2.000000                                                                                                        | 16        pdf       ub1 b   3.31199e+00
pdf s-sb(1):0.000000                                           [H[J[H[J                                                           | 17        pdf       uv1 a  -4.99851e-01
pdf s-sb(2):0.000000                                                                                                      | 18        pdf       uv1 b   3.90967e+00
                                                                                                                          | 19       norm       idis      10016  9.65678e-01
reaction: unpol DIS                                                                                                       | 20       norm       idis      10017  9.79783e-01
filters: Q2>1.690000                                                                                                      | 21       norm       idis      10010  1.00058e+00
filters: W2>10.000000                                                                                                     | 22       norm       idis      10011  9.95481e-01
    idx tar        col  npts       chi2  chi2-npts      rchi2      nchi2                                                  | 23       norm       idis      10020  9.90906e-01
  10016   p      BCDMS   348     611.97     263.97      12.88       1.31                                                  | 
  10017   d      BCDMS   254     567.10     313.10      18.63       0.45                                                  | 
  10020   p        NMC   273     649.68     376.68      18.41       0.21                                                  | 
  10021 d/p        NMC   174     334.04     160.04       3.42       0.00                                                  | 
  10010   p       SLAC   218     378.75     160.75       0.00       0.00                                                  | 
  10011   d       SLAC   228     367.18     139.18       0.00       0.07                                                  | 
['pdf']
JAM FITTER                                                                                                                | 1        pdf       db1 N   2.80584e-02
count = 500                                                                                                               | 2        pdf       db1 a  -7.53197e-01
elapsed time(mins)=2.188780                                                                                               | 3        pdf       db1 b   2.32899e+00
shifts  = 2                                                                                                               | 4        pdf       dv1 a  -2.83923e-01
npts    = 1495                                                                                                            | 5        pdf       dv1 b   6.57601e+00
chi2    = 2908.634800                                                                                                     | 6        pdf        g1 a  -2.95295e-01
rchi2   = 53.368750                                                                                                       | 7        pdf        g1 b   3.98302e+00
nchi2   = 2.073649                                                                                                        | 8        pdf        s1 N   8.50101e-02
chi2tot = 2964.077199                                                                                                     | 9        pdf        s1 a   9.99997e-01
dchi2(iter)  = 428.571541                                                                                                 | 10        pdf        s1 b   5.58210e+00
dchi2(local) = -0.017513                                                                                                  | 11        pdf      sea1 N   1.03705e-02
pdf dv(1):1.000000                                                                                                        | 12        pdf      sea1 a  -1.28740e+00
pdf db-ub(2):-0.036272                                                                                                    | 13        pdf      sea1 b   6.99076e+00
pdf msr:1.000000                                                                                                          | 14        pdf       ub1 N   6.43301e-02
pdf db-ub(1):0.186282                                                                                                     | 15        pdf       ub1 a   7.76522e-01
pdf uv(1):2.000000                                                                                                        | 16        pdf       ub1 b   3.30559e+00
pdf s-sb(1):0.000000                                                                                                      | 17        pdf       uv1 a  -4.99989e-01
pdf s-sb(2):0.000000                                                                                                      | 18        pdf       uv1 b   3.89186e+00
                                                                                                                          | 19       norm       idis      10016  9.65488e-01
reaction: unpol DIS                                                                                                       | 20       norm       idis      10017  9.79598e-01
filters: Q2>1.690000                                                                                                      | 21       norm       idis      10010  1.00041e+00
filters: W2>10.000000                                                                                                     | 22       norm       idis      10011  9.95320e-01
    idx tar        col  npts       chi2  chi2-npts      rchi2      nchi2                                                  | 23       norm       idis      10020  9.90800e-01
  10016   p      BCDMS   348     611.91     263.91      12.87       1.32                                                  | 
  10017   d      BCDMS   254     567.04     313.04      18.61       0.46                                                  | 
  10020   p        NMC   273     649.79     376.79      18.47       0.21                                                  | 
  10021 d/p        NMC   174     334.01     160.01       3.42       0.00                                                  | 
  10010   p       SLAC   218     378.75     160.75       0.00       0.00                                                  | 
  10011   d       SLAC   228     367.14     139.14       0.00       0.08                                                  | 
['pdf']
JAM FITTER                                                                                                                | 1        pdf       db1 N   2.79970e-02
count = 600                                                                                                               | 2        pdf       db1 a  -7.54329e-01
elapsed time(mins)=2.625373                                                                                               | 3        pdf       db1 b   2.32631e+00
shifts  = 3                                                                                                               | 4        pdf       dv1 a  -2.83066e-01
npts    = 1495                                                                                                            | 5        pdf       dv1 b   6.57515e+00
chi2    = 2908.626083                                                                                                     | 6        pdf        g1 a  -2.94548e-01
rchi2   = 53.375502                                                                                                       | 7        pdf        g1 b   3.98441e+00
nchi2   = 2.074523                                                                                                        | 8        pdf        s1 N   8.50181e-02
chi2tot = 2964.076108                                                                                                     | 9        pdf        s1 a   1.00000e+00
dchi2(iter)  = 0.018603                                                                                                   | 10        pdf        s1 b   5.57700e+00
dchi2(local) = -0.018603                                                                                   [H[J[H[J               | 11        pdf      sea1 N   1.03748e-02
pdf dv(1):1.000000                                                                                                        | 12        pdf      sea1 a  -1.28683e+00
pdf db-ub(2):-0.036211                                                                                                    | 13        pdf      sea1 b   7.00090e+00
pdf msr:1.000000                                                                                                          | 14        pdf       ub1 N   6.42078e-02
pdf db-ub(1):0.187138                                                                                                     | 15        pdf       ub1 a   7.74565e-01
pdf uv(1):2.000000                                                                                                        | 16        pdf       ub1 b   3.30379e+00
pdf s-sb(1):0.000000                                                                                                      | 17        pdf       uv1 a  -5.00000e-01
pdf s-sb(2):0.000000                                                                                                      | 18        pdf       uv1 b   3.88519e+00
                                                                                                                          | 19       norm       idis      10016  9.65486e-01
reaction: unpol DIS                                                                                                       | 20       norm       idis      10017  9.79593e-01
filters: Q2>1.690000                                                                                                      | 21       norm       idis      10010  1.00041e+00
filters: W2>10.000000                                                                                                     | 22       norm       idis      10011  9.95307e-01
    idx tar        col  npts       chi2  chi2-npts      rchi2      nchi2                                                  | 23       norm       idis      10020  9.90798e-01
  10016   p      BCDMS   348     611.89     263.89      12.87       1.32                                                  | 
  10017   d      BCDMS   254     567.02     313.02      18.61       0.46                                                  | 
  10020   p        NMC   273     649.81     376.81      18.48       0.21                                                  | 
  10021 d/p        NMC   174     334.01     160.01       3.42       0.00                                                  | 
  10010   p       SLAC   218     378.77     160.77       0.00       0.00                                                  | 
  10011   d       SLAC   228     367.14     139.14       0.00       0.08                                                  | 
['pdf']
JAM FITTER                                                                                                                | 1        pdf       db1 N   2.80766e-02
count = 700                                                                                                               | 2        pdf       db1 a  -7.53333e-01
elapsed time(mins)=3.047659                                                                                               | 3        pdf       db1 b   2.32944e+00
shifts  = 23                                                                                                              | 4        pdf       dv1 a  -2.83518e-01
npts    = 1495                                                                                                            | 5        pdf       dv1 b   6.57648e+00
chi2    = 2908.630595                                                                                                     | 6        pdf        g1 a  -2.94737e-01
rchi2   = 53.374117                                                                                                       | 7        pdf        g1 b   3.98249e+00
nchi2   = 2.071396                                                                                                        | 8        pdf        s1 N   8.49718e-02
chi2tot = 2964.076107                                                                                                     | 9        pdf        s1 a   1.00000e+00
dchi2(iter)  = 0.000002                                                                                                   | 10        pdf        s1 b   5.58231e+00
dchi2(local) = -0.000002                                                                                                  | 11        pdf      sea1 N   1.03413e-02
pdf dv(1):1.000000                                                                                                        | 12        pdf      sea1 a  -1.28700e+00
pdf db-ub(2):-0.036325                                                                                                    | 13        pdf      sea1 b   7.03058e+00
pdf msr:1.000000                                                                                                          | 14        pdf       ub1 N   6.44013e-02
pdf db-ub(1):0.186466                                                                                                     | 15        pdf       ub1 a   7.75102e-01
pdf uv(1):2.000000                                                                                                        | 16        pdf       ub1 b   3.30480e+00
pdf s-sb(1):0.000000                                                                                                      | 17        pdf       uv1 a  -5.00000e-01
pdf s-sb(2):0.000000                                                                                                      | 18        pdf       uv1 b   3.89350e+00
                                                                                                                          | 19       norm       idis      10016  9.65505e-01
reaction: unpol DIS                                                                                                       | 20       norm       idis      10017  9.79612e-01
filters: Q2>1.690000                                                                                                      | 21       norm       idis      10010  1.00041e+00
filters: W2>10.000000                                                                                                     | 22       norm       idis      10011  9.95307e-01
    idx tar        col  npts       chi2  chi2-npts      rchi2      nchi2                                                  | 23       norm       idis      10020  9.90817e-01
  10016   p      BCDMS   348     611.88     263.88      12.87       1.32                                                  | 
  10017   d      BCDMS   254     567.02     313.02      18.61       0.46                                                  | 
  10020   p        NMC   273     649.82     376.82      18.47       0.21                                                  | 
  10021 d/p        NMC   174     334.01     160.01       3.43       0.00                                                  | 
  10010   p       SLAC   218     378.77     160.77       0.00       0.00                                                  | 
  10011   d       SLAC   228     367.14     139.14       0.00       0.08                                                  | 
['pdf']
JAM FITTER                                                                                                                | 1        pdf       db1 N   2.80585e-02
count = 800                                                                                                               | 2        pdf       db1 a  -7.53803e-01
elapsed time(mins)=3.476545                                                                                               | 3        pdf       db1 b   2.32991e+00
shifts  = 2                                                                                                               | 4        pdf       dv1 a  -2.82885e-01
npts    = 1495                                                                                                            | 5        pdf       dv1[H[J b   6.57689e+00
chi2    = 2908.636924                                                                                                     | 6        pdf        g1 a  -2.94748e-01
rchi2   = 53.368451                                                                                                       | 7        pdf        g1 b   3.98223e+00
nchi2   = 2.070170                                                                                                        | 8        pdf        s1 N   8.49629e-02
chi2tot = 2964.075545                                                                                                     | 9        pdf        s1 a   1.00000e+00
dchi2(iter)  = 0.000002                                                                                                   | 10        pdf        s1 b   5.57756e+00
dchi2(local) = -0.000562                                                                                                  | 11        pdf      sea1 N   1.03297e-02
pdf dv(1):1.000000                                                                                                        | 12        pdf      sea1 a  -1.28674e+00
pdf db-ub(2):-0.036337                                                                                                    | 13        pdf      sea1 b   7.04978e+00
pdf msr:1.000000                                                                                                          | 14        pdf       ub1 N   6.43957e-02
pdf db-ub(1):0.186880                                                                                                     | 15        pdf       ub1 a   7.73186e-01
pdf uv(1):2.000000                                                                                                        | 16        pdf       ub1 b   3.30343e+00
pdf s-sb(1):0.000000                                                                                                      | 17        pdf       uv1 a  -5.00000e-01
pdf s-sb(2):0.000000                                                                                                      | 18        pdf       uv1 b   3.89225e+00
                                                                                                                          | 19       norm       idis      10016  9.65511e-01
reaction: unpol DIS                                                                                                       | 20       norm       idis      10017  9.79623e-01
filters: Q2>1.690000                                                                                                      | 21       norm       idis      10010  1.00041e+00
filters: W2>10.000000                                                                                                     | 22       norm       idis      10011  9.95310e-01
    idx tar        col  npts       chi2  chi2-npts      rchi2      nchi2                                                  | 23       norm       idis      10020  9.90820e-01
  10016   p      BCDMS   348     611.87     263.87      12.87       1.32                                                  | 
  10017   d      BCDMS   254     567.03     313.03      18.61       0.46                                                  | 
  10020   p        NMC   273     649.82     376.82      18.47       0.21                                                  | 
  10021 d/p        NMC   174     334.01     160.01       3.43       0.00                                                  | 
  10010   p       SLAC   218     378.78     160.78       0.00       0.00                                                  | 
  10011   d       SLAC   228     367.13     139.13       0.00       0.08                                                  | 
['pdf']
JAM FITTER                                                                                                                | 1        pdf       db1 N   2.80485e-02
count = 845                                                                                                               | 2        pdf       db1 a  -7.54087e-01
elapsed time(mins)=3.669902                                                                                               | 3        pdf       db1 b   2.32980e+00
shifts  = 1                                                                                                               | 4        pdf       dv1 a  -2.82675e-01
npts    = 1495                                                                                                            | 5        pdf       dv1 b   6.57738e+00
chi2    = 2908.636161                                                                                                     | 6        pdf        g1 a  -2.94761e-01
rchi2   = 53.368175                                                                                                       | 7        pdf        g1 b   3.98242e+00
nchi2   = 2.071191                                                                                                        | 8        pdf        s1 N   8.49812e-02
chi2tot = 2964.075527                                                                                                     | 9        pdf        s1 a   1.00000e+00
dchi2(iter)  = 0.000002                                                                                                   | 10        pdf        s1 b   5.57586e+00
dchi2(local) = -0.000579                                                                                                  | 11        pdf      sea1 N   1.03274e-02
pdf dv(1):1.000000                                                                                                        | 12        pdf      sea1 a  -1.28674e+00
pdf db-ub(2):-0.036347                                                                                                    | 13        pdf      sea1 b   7.05228e+00
pdf msr:1.000000                                                                                                          | 14        pdf       ub1 N   6.43955e-02
pdf db-ub(1):0.187138                                                                                                     | 15        pdf       ub1 a   7.72791e-01
pdf uv(1):2.000000                                                                                                        | 16        pdf       ub1 b   3.30312e+00
pdf s-sb(1):0.000000                                                                                                      | 17        pdf       uv1 a  -5.00000e-01
pdf s-sb(2):0.000000                                                                                                      | 18        pdf       uv1 b   3.89233e+00
                                                                                                                          | 19       norm       idis      10016  9.65505e-01
reaction: unpol DIS                                                                                                       | 20       norm       idis      10017  9.79618e-01
filters: Q2>1.690000                                                                                                      | 21       norm       idis      10010  1.00041e+00
filters: W2>10.000000                                                                                                     | 22       norm       idis      10011  9.95308e-01
    idx tar        col  npts       chi2  chi2-npts      rchi2      nchi2                                                  | 23       norm       idis      10020  9.90814e-01
  10016   p      BCDMS   348     611.87     263.87      12.87       1.32                                                  | 
  10017   d      BCDMS   254     567.03     313.03      18.61       0.46                                                  | 
  10020   p        NMC   273     649.82     376.82      18.47       0.21                                                  | 
  10021 d/p        NMC   174     334.01     160.01       3.42       0.00                                                  | 
  10010   p       SLAC   218     378.78     160.78       0.00       0.00                                                  | 
  10011   d       SLAC   228     367.13     139.13       0.00       0.08                                                  | 
