('active', 'pdf')

--step 1: npQCD objects = pdf , datasets = idis , tmc = False , ht = False
loading idis data sets 10016
loading idis data sets 10017
loading idis data sets 10020
loading idis data sets 10021
loading idis data sets 10010
loading idis data sets 10011
Loading DIS tables...
10016 has norm uncertainty
10017 has norm uncertainty
10020 has norm uncertainty
10010 has norm uncertainty
10011 has norm uncertainty
[H[J[H[J['pdf']
JAM FITTER                                                                                                                | 1        pdf       db1 N   6.66065e-02
count = 100                                                                                                               | 2        pdf       db1 a   1.00034e-01
elapsed time(mins)=0.415115                                                                                               | 3        pdf       db1 b   7.00078e-01
shifts  = 3                                                                                                               | 4        pdf       dv1 a  -1.98474e-01
npts    = 1495                                                                                                            | 5        pdf       dv1 b   9.73625e+00
chi2    = 31256.049743                                                                                                    | 6        pdf        g1 a   9.06582e-01
rchi2   = 4875.244736                                                                                                     | 7        pdf        g1 b   3.83527e-01
nchi2   = 281.430993                                                                                                      | 8        pdf        s1 N   6.67748e-02
chi2tot = 36412.725472                                                                                                    | 9        pdf        s1 a  -7.31216e-01
dchi2(iter)  = inf                                                                                                        | 10        pdf        s1 b   9.47958e+00
dchi2(local) = -inf                                                                                                       | 11        pdf      sea1 N   3.72422e-02
pdf dv(1):1.000000                                                                                                        | 12        pdf      sea1 a  -1.84609e+00
pdf db-ub(2):-0.073923                                                                                                    | 13        pdf      sea1 b   9.94412e+00
pdf msr:1.000000                                                                                                          | 14        pdf       ub1 N   1.40530e-01
pdf db-ub(1):-0.482006                                                                                                    | 15        pdf       ub1 a   2.57301e-02
pdf uv(1):2.000000                                                                                                        | 16        pdf       ub1 b   2.72996e+00
pdf s-sb(1):0.000000                                                                                                      | 17        pdf       uv1 a  -2.06238e-01
pdf s-sb(2):0.000000                                                                                                      | 18        pdf       uv1 b   5.89262e+00
                                                                                                                          | 19       norm       idis      10016  1.13661e+00
reaction: unpol DIS                                                                                                       | 20       norm       idis      10017  1.03540e+00
filters: Q2>1.690000                                                                                                      | 21       norm       idis      10010  1.16324e+00
filters: W2>10.000000                                                                                                     | 22       norm       idis      10011  1.18399e+00
    idx tar        col  npts       chi2  chi2-npts      rchi2      nchi2                                                  | 23       norm       idis      10020  1.18082e+00
  10016   p      BCDMS   348    2953.80    2605.80     642.77      20.74                                                  | 
  10017   d      BCDMS   254    3818.96    3564.96    1728.09       1.39                                                  | 
  10020   p        NMC   273    4746.36    4473.36     790.68      81.74                                                  | 
  10021 d/p        NMC   174    4569.93    4395.93    1713.70       0.00                                                  | 
  10010   p       SLAC   218    8435.40    8217.40       0.00      60.42                                                  | 
  10011   d       SLAC   228    6731.60    6503.60       0.00     117.14                                                  | 
['pdf']
JAM FITTER                                                                                                                | 1        pdf       db1 N   5.44286e-02
count = 200                                                                                                               | 2        pdf       db1 a  -4.07836e-01
elapsed time(mins)=0.835214                                                                                               | 3        pdf       db1 b   2.73404e+00
shifts  = 3                                                                                                               | 4        pdf       dv1 a  -2.53028e-01
npts    = 1495                                                                                                            | 5        pdf       dv1 b   7.20917e+00
chi2    = 3480.522370                                                                                                     | 6        pdf        g1 a  -2.56948e-01
rchi2   = 171.620183                                                                                                      | 7        pdf        g1 b   1.58859e+00
nchi2   = 213.121626                                                                                                      | 8        pdf        s1 N   5.27836e-02
chi2tot = 3865.264178                                                                                                     | 9        pdf        s1 a  -8.94854e-01
dchi2(iter)  = 32547.461293                                                                                               | 10        pdf        s1 b   8.49033e+00
dchi2(local) = -32547.461293                                                                                              | 11        pdf      sea1 N   1.33352e-02
pdf dv(1):1.000000                                                                                                        | 12        pdf      sea1 a  -1.87119e+00
pdf db-ub(2):-0.062677                                                                                                    | 13        pdf      sea1 b   1.25093e+00
pdf msr:1.000000                                                                                                          | 14        pdf       ub1 N   1.17106e-01
pdf db-ub(1):-0.041134                                                                                                    | 15        pdf       ub1 a   6.53153e-01
pdf uv(1):2.000000                                                                                                        | 16        pdf       ub1 b   3.54093e+00
pdf s-sb(1):0.000000                                                                                                      | 17        pdf       uv1 a  -4.66581e-01
pdf s-sb(2):-0.000000                                                                                                     | 18        pdf       uv1 b   5.05727e+00
                                                                                                                          | 19       norm       idis      10016  1.11024e+00
reaction: unpol DIS                                                                                                       | 20       norm       idis      10017  1.11968e+00
filters: Q2>1.690000                                                                                                      | 21       norm       idis      10010  1.16911e+00
filters: W2>10.000000                                                                                                     | 22       norm       idis      10[H[J[H[J011  1.15914e+00
    idx tar        col  npts       chi2  chi2-npts      rchi2      nchi2                                                  | 23       norm       idis      10020  1.11176e+00
  10016   p      BCDMS   348     753.20     405.20      31.23      13.50                                                  | 
  10017   d      BCDMS   254     658.68     404.68      59.94      15.92                                                  | 
  10020   p        NMC   273     931.54     658.54      59.11      31.23                                                  | 
  10021 d/p        NMC   174     358.64     184.64      21.34       0.00                                                  | 
  10010   p       SLAC   218     327.95     109.95       0.00      64.85                                                  | 
  10011   d       SLAC   228     450.50     222.50       0.00      87.63                                                  | 
['pdf']
JAM FITTER                                                                                                                | 1        pdf       db1 N   4.92228e-02
count = 300                                                                                                               | 2        pdf       db1 a  -4.68992e-01
elapsed time(mins)=1.258559                                                                                               | 3        pdf       db1 b   3.15037e+00
shifts  = 2                                                                                                               | 4        pdf       dv1 a  -3.53511e-01
npts    = 1495                                                                                                            | 5        pdf       dv1 b   5.62920e+00
chi2    = 2890.984206                                                                                                     | 6        pdf        g1 a  -6.55967e-01
rchi2   = 87.689329                                                                                                       | 7        pdf        g1 b   3.59858e+00
nchi2   = 40.434923                                                                                                       | 8        pdf        s1 N   4.10780e-02
chi2tot = 3019.108458                                                                                                     | 9        pdf        s1 a  -9.60009e-01
dchi2(iter)  = 32547.461293                                                                                               | 10        pdf        s1 b   9.55142e+00
dchi2(local) = -846.155720                                                                                                | 11        pdf      sea1 N   9.58029e-03
pdf dv(1):1.000000                                                                                                        | 12        pdf      sea1 a  -1.87614e+00
pdf db-ub(2):-0.056459                                                                                                    | 13        pdf      sea1 b   2.37451e-01
pdf msr:1.000000                                                                                                          | 14        pdf       ub1 N   1.05682e-01
pdf db-ub(1):0.041673                                                                                                     | 15        pdf       ub1 a   7.07146e-01
pdf uv(1):2.000000                                                                                                        | 16        pdf       ub1 b   3.62953e+00
pdf s-sb(1):0.000000                                                                                                      | 17        pdf       uv1 a  -4.73534e-01
pdf s-sb(2):0.000000                                                                                                      | 18        pdf       uv1 b   4.90713e+00
                                                                                                                          | 19       norm       idis      10016  1.02807e+00
reaction: unpol DIS                                                                                                       | 20       norm       idis      10017  1.04211e+00
filters: Q2>1.690000                                                                                                      | 21       norm       idis      10010  1.08014e+00
filters: W2>10.000000                                                                                                     | 22       norm       idis      10011  1.06961e+00
    idx tar        col  npts       chi2  chi2-npts      rchi2      nchi2                                                  | 23       norm       idis      10020  1.05003e+00
  10016   p      BCDMS   348     687.62     339.62      20.89       0.88                                                  | 
  10017   d      BCDMS   254     544.47     290.47      27.22       1.97                                                  | 
  10020   p        NMC   273     632.53     359.53      30.73       6.26                                                  | 
  10021 d/p        NMC   174     321.38     147.38       8.85       0.00                                                  | 
  10010   p       SLAC   218     325.37     107.37       0.00      14.56                                                  | 
  10011   d       SLAC   228     379.61     151.61       0.00      16.77                                                  | 
['pdf']
JAM FITTER                                                                                                                | 1        pdf       db1 N   4.76726e-02
count = 400                                                                                                               | 2        pdf       db1 a  -4.75065e-01
elapsed time(mins)=1.677530                                                                                               | 3        pdf       db1 b   3.17294e+00
shifts  = 2                                                                                                               | 4        pdf       dv1 a  -3.64733e-01
npts    = 1495                                                                                                            | 5        pdf       dv1 b   5.58427e+00
chi2    = 2849.015782                                                                                                     | 6        pdf        g1 a  -6.70539e-01
rchi2   = 69.829123                                                                                                       | 7        pdf        g1 b   3.63774e+00
nchi2   = 26.223662                                                                                                       | 8        pdf        s1 N   4.16597e-02
chi2tot = 2945.068566                                                                                                     | 9        pdf        s1 a  -9.63445e-01
dchi2(iter)  = 32547.461293                                                                                               | 10        pdf        s1 b   9.55392e+00
dchi2(local) = -920.195612                                                                                                | 11        pdf      sea1 N   8.11009e-03
pdf dv(1):1.000000                                                                                                        | 12        pdf      sea1 a  -1.81454e+00
pdf db-ub(2):-0.054921                                                                                                    | 13        pdf      sea1 b   2.33638e-01
pdf msr:1.000000                                                                                                          | 14        pdf       ub1 N   1.02594e-01
pdf db-ub(1):0.047951                                                                                                     | 15        pdf       ub1 a   7.34321e-01
pdf uv(1):2.000000                                                                                                        | 16        pdf       ub1 b   3.66738e+00
pdf s-sb(1):0.000000                                           [H[J[H[J                                                           | 17        pdf       uv1 a  -4.80145e-01
pdf s-sb(2):0.000000                                                                                                      | 18        pdf       uv1 b   4.84896e+00
                                                                                                                          | 19       norm       idis      10016  1.01499e+00
reaction: unpol DIS                                                                                                       | 20       norm       idis      10017  1.03061e+00
filters: Q2>1.690000                                                                                                      | 21       norm       idis      10010  1.06669e+00
filters: W2>10.000000                                                                                                     | 22       norm       idis      10011  1.05713e+00
    idx tar        col  npts       chi2  chi2-npts      rchi2      nchi2                                                  | 23       norm       idis      10020  1.03770e+00
  10016   p      BCDMS   348     690.30     342.30      19.24       0.25                                                  | 
  10017   d      BCDMS   254     539.85     285.85      21.93       1.04                                                  | 
  10020   p        NMC   273     594.43     321.43      21.03       3.55                                                  | 
  10021 d/p        NMC   174     321.49     147.49       7.63       0.00                                                  | 
  10010   p       SLAC   218     323.65     105.65       0.00      10.09                                                  | 
  10011   d       SLAC   228     379.29     151.29       0.00      11.29                                                  | 
['pdf']
JAM FITTER                                                                                                                | 1        pdf       db1 N   3.67711e-02
count = 500                                                                                                               | 2        pdf       db1 a  -5.16236e-01
elapsed time(mins)=2.104171                                                                                               | 3        pdf       db1 b   3.77579e+00
shifts  = 2                                                                                                               | 4        pdf       dv1 a  -4.06269e-01
npts    = 1495                                                                                                            | 5        pdf       dv1 b   4.55243e+00
chi2    = 2807.040176                                                                                                     | 6        pdf        g1 a  -6.80914e-01
rchi2   = 55.352386                                                                                                       | 7        pdf        g1 b   3.09258e+00
nchi2   = 1.661022                                                                                                        | 8        pdf        s1 N   3.30527e-02
chi2tot = 2864.053584                                                                                                     | 9        pdf        s1 a  -9.98098e-01
dchi2(iter)  = 32547.461293                                                                                               | 10        pdf        s1 b   9.78349e+00
dchi2(local) = -1001.210594                                                                                               | 11        pdf      sea1 N   9.50851e-03
pdf dv(1):1.000000                                                                                                        | 12        pdf      sea1 a  -1.64468e+00
pdf db-ub(2):-0.049252                                                                                                    | 13        pdf      sea1 b   3.19559e-01
pdf msr:1.000000                                                                                                          | 14        pdf       ub1 N   8.60228e-02
pdf db-ub(1):0.088995                                                                                                     | 15        pdf       ub1 a   8.05612e-01
pdf uv(1):2.000000                                                                                                        | 16        pdf       ub1 b   3.71774e+00
pdf s-sb(1):0.000000                                                                                                      | 17        pdf       uv1 a  -4.93201e-01
pdf s-sb(2):0.000000                                                                                                      | 18        pdf       uv1 b   4.28961e+00
                                                                                                                          | 19       norm       idis      10016  9.77741e-01
reaction: unpol DIS                                                                                                       | 20       norm       idis      10017  9.95039e-01
filters: Q2>1.690000                                                                                                      | 21       norm       idis      10010  1.01826e+00
filters: W2>10.000000                                                                                                     | 22       norm       idis      10011  1.00963e+00
    idx tar        col  npts       chi2  chi2-npts      rchi2      nchi2                                                  | 23       norm       idis      10020  1.00162e+00
  10016   p      BCDMS   348     686.21     338.21      19.85       0.55                                                  | 
  10017   d      BCDMS   254     511.76     257.76      18.42       0.03                                                  | 
  10020   p        NMC   273     576.99     303.99      12.54       0.01                                                  | 
  10021 d/p        NMC   174     320.21     146.21       4.54       0.00                                                  | 
  10010   p       SLAC   218     328.12     110.12       0.00       0.76                                                  | 
  10011   d       SLAC   228     383.74     155.74       0.00       0.32                                                  | 
['pdf']
JAM FITTER                                                                                                                | 1        pdf       db1 N   3.15564e-02
count = 600                                                                                                               | 2        pdf       db1 a  -4.77415e-01
elapsed time(mins)=2.527515                                                                                               | 3        pdf       db1 b   4.34084e+00
shifts  = 2                                                                                                               | 4        pdf       dv1 a  -4.06818e-01
npts    = 1495                                                                                                            | 5        pdf       dv1 b   4.24659e+00
chi2    = 2802.130335                                                                                                     | 6        pdf        g1 a  -6.60967e-01
rchi2   = 56.378990                                                                                                       | 7        pdf        g1 b   2.97688e+00
nchi2   = 1.225817                                                                                                        | 8        pdf        s1 N   3.23785e-02
chi2tot = 2859.735142                                                                                                     | 9        pdf        s1 a  -9.99835e-01
dchi2(iter)  = 32547.461293                                                                                               | 10        pdf        s1 b   9.97525e+00
dchi2(local) = -1005.529036                                                                                [H[J[H[J               | 11        pdf      sea1 N   1.07654e-02
pdf dv(1):1.000000                                                                                                        | 12        pdf      sea1 a  -1.55673e+00
pdf db-ub(2):-0.043185                                                                                                    | 13        pdf      sea1 b   5.91690e-01
pdf msr:1.000000                                                                                                          | 14        pdf       ub1 N   7.47413e-02
pdf db-ub(1):0.081304                                                                                                     | 15        pdf       ub1 a   7.68941e-01
pdf uv(1):2.000000                                                                                                        | 16        pdf       ub1 b   3.68660e+00
pdf s-sb(1):0.000000                                                                                                      | 17        pdf       uv1 a  -4.97336e-01
pdf s-sb(2):0.000000                                                                                                      | 18        pdf       uv1 b   3.74589e+00
                                                                                                                          | 19       norm       idis      10016  9.74096e-01
reaction: unpol DIS                                                                                                       | 20       norm       idis      10017  9.91360e-01
filters: Q2>1.690000                                                                                                      | 21       norm       idis      10010  1.01225e+00
filters: W2>10.000000                                                                                                     | 22       norm       idis      10011  1.00323e+00
    idx tar        col  npts       chi2  chi2-npts      rchi2      nchi2                                                  | 23       norm       idis      10020  9.97097e-01
  10016   p      BCDMS   348     684.33     336.33      20.51       0.75                                                  | 
  10017   d      BCDMS   254     512.52     258.52      18.72       0.08                                                  | 
  10020   p        NMC   273     575.89     302.89      12.31       0.02                                                  | 
  10021 d/p        NMC   174     319.12     145.12       4.84       0.00                                                  | 
  10010   p       SLAC   218     328.52     110.52       0.00       0.34                                                  | 
  10011   d       SLAC   228     381.75     153.75       0.00       0.04                                                  | 
['pdf']
JAM FITTER                                                                                                                | 1        pdf       db1 N   3.13424e-02
count = 700                                                                                                               | 2        pdf       db1 a  -4.62129e-01
elapsed time(mins)=2.951568                                                                                               | 3        pdf       db1 b   4.27174e+00
shifts  = 2                                                                                                               | 4        pdf       dv1 a  -4.06283e-01
npts    = 1495                                                                                                            | 5        pdf       dv1 b   4.28700e+00
chi2    = 2803.563597                                                                                                     | 6        pdf        g1 a  -6.52049e-01
rchi2   = 54.293841                                                                                                       | 7        pdf        g1 b   2.98500e+00
nchi2   = 1.256671                                                                                                        | 8        pdf        s1 N   3.44443e-02
chi2tot = 2859.114109                                                                                                     | 9        pdf        s1 a  -9.85352e-01
dchi2(iter)  = 32547.461293                                                                                               | 10        pdf        s1 b   9.99384e+00
dchi2(local) = -1006.150069                                                                                               | 11        pdf      sea1 N   1.06672e-02
pdf dv(1):1.000000                                                                                                        | 12        pdf      sea1 a  -1.55424e+00
pdf db-ub(2):-0.038960                                                                                                    | 13        pdf      sea1 b   6.15179e-01
pdf msr:1.000000                                                                                                          | 14        pdf       ub1 N   7.03022e-02
pdf db-ub(1):0.079001                                                                                                     | 15        pdf       ub1 a   7.46967e-01
pdf uv(1):2.000000                                                                                                        | 16        pdf       ub1 b   3.70225e+00
pdf s-sb(1):0.000000                                                                                                      | 17        pdf       uv1 a  -4.98272e-01
pdf s-sb(2):0.000000                                                                                                      | 18        pdf       uv1 b   3.54016e+00
                                                                                                                          | 19       norm       idis      10016  9.72628e-01
reaction: unpol DIS                                                                                                       | 20       norm       idis      10017  9.89923e-01
filters: Q2>1.690000                                                                                                      | 21       norm       idis      10010  1.01066e+00
filters: W2>10.000000                                                                                                     | 22       norm       idis      10011  1.00161e+00
    idx tar        col  npts       chi2  chi2-npts      rchi2      nchi2                                                  | 23       norm       idis      10020  9.95771e-01
  10016   p      BCDMS   348     683.13     335.13      19.14       0.83                                                  | 
  10017   d      BCDMS   254     512.03     258.03      17.81       0.11                                                  | 
  10020   p        NMC   273     575.82     302.82      12.40       0.04                                                  | 
  10021 d/p        NMC   174     319.05     145.05       4.94       0.00                                                  | 
  10010   p       SLAC   218     329.38     111.38       0.00       0.26                                                  | 
  10011   d       SLAC   228     384.15     156.15       0.00       0.01                                                  | 
['pdf']
JAM FITTER                                                                                                                | 1        pdf       db1 N   2.89382e-02
count = 800                                                                                                               | 2        pdf       db1 a  -4.59544e-01
elapsed time(mins)=3.373045                                                                                               | 3        pdf       db1 b   4.26792e+00
shifts  = 2                                                                                                               | 4        pdf       dv1 a  -3.92060e-01
npts    = 1495                                                                                                            | 5        pdf       dv1[H[J b   4.29351e+00
chi2    = 2801.845865                                                                                                     | 6        pdf        g1 a  -6.48585e-01
rchi2   = 55.676863                                                                                                       | 7        pdf        g1 b   3.00348e+00
nchi2   = 1.321414                                                                                                        | 8        pdf        s1 N   3.61008e-02
chi2tot = 2858.844141                                                                                                     | 9        pdf        s1 a  -9.17410e-01
dchi2(iter)  = 32547.461293                                                                                               | 10        pdf        s1 b   9.99453e+00
dchi2(local) = -1006.420037                                                                                               | 11        pdf      sea1 N   1.14377e-02
pdf dv(1):1.000000                                                                                                        | 12        pdf      sea1 a  -1.53995e+00
pdf db-ub(2):-0.033464                                                                                                    | 13        pdf      sea1 b   7.38834e-01
pdf msr:1.000000                                                                                                          | 14        pdf       ub1 N   6.24021e-02
pdf db-ub(1):0.076528                                                                                                     | 15        pdf       ub1 a   7.45085e-01
pdf uv(1):2.000000                                                                                                        | 16        pdf       ub1 b   3.81205e+00
pdf s-sb(1):0.000000                                                                                                      | 17        pdf       uv1 a  -4.98552e-01
pdf s-sb(2):0.000000                                                                                                      | 18        pdf       uv1 b   3.22704e+00
                                                                                                                          | 19       norm       idis      10016  9.71584e-01
reaction: unpol DIS                                                                                                       | 20       norm       idis      10017  9.88910e-01
filters: Q2>1.690000                                                                                                      | 21       norm       idis      10010  1.00991e+00
filters: W2>10.000000                                                                                                     | 22       norm       idis      10011  1.00086e+00
    idx tar        col  npts       chi2  chi2-npts      rchi2      nchi2                                                  | 23       norm       idis      10020  9.95011e-01
  10016   p      BCDMS   348     682.10     334.10      19.83       0.90                                                  | 
  10017   d      BCDMS   254     512.85     258.85      18.27       0.14                                                  | 
  10020   p        NMC   273     576.28     303.28      12.45       0.06                                                  | 
  10021 d/p        NMC   174     318.85     144.85       5.13       0.00                                                  | 
  10010   p       SLAC   218     329.01     111.01       0.00       0.22                                                  | 
  10011   d       SLAC   228     382.74     154.74       0.00       0.00                                                  | 
['pdf']
JAM FITTER                                                                                                                | 1        pdf       db1 N   2.65558e-02
count = 900                                                                                                               | 2        pdf       db1 a  -4.78167e-01
elapsed time(mins)=3.798310                                                                                               | 3        pdf       db1 b   4.26039e+00
shifts  = 2                                                                                                               | 4        pdf       dv1 a  -3.75859e-01
npts    = 1495                                                                                                            | 5        pdf       dv1 b   4.29585e+00
chi2    = 2801.892274                                                                                                     | 6        pdf        g1 a  -6.48630e-01
rchi2   = 55.214225                                                                                                       | 7        pdf        g1 b   3.00148e+00
nchi2   = 1.344435                                                                                                        | 8        pdf        s1 N   3.58644e-02
chi2tot = 2858.450934                                                                                                     | 9        pdf        s1 a  -8.59929e-01
dchi2(iter)  = 32547.461293                                                                                               | 10        pdf        s1 b   9.99479e+00
dchi2(local) = -1006.813244                                                                                               | 11        pdf      sea1 N   1.23614e-02
pdf dv(1):1.000000                                                                                                        | 12        pdf      sea1 a  -1.51760e+00
pdf db-ub(2):-0.030718                                                                                                    | 13        pdf      sea1 b   8.99506e-01
pdf msr:1.000000                                                                                                          | 14        pdf       ub1 N   5.72735e-02
pdf db-ub(1):0.077056                                                                                                     | 15        pdf       ub1 a   7.74074e-01
pdf uv(1):2.000000                                                                                                        | 16        pdf       ub1 b   3.95374e+00
pdf s-sb(1):0.000000                                                                                                      | 17        pdf       uv1 a  -4.98068e-01
pdf s-sb(2):0.000000                                                                                                      | 18        pdf       uv1 b   3.06072e+00
                                                                                                                          | 19       norm       idis      10016  9.71169e-01
reaction: unpol DIS                                                                                                       | 20       norm       idis      10017  9.88653e-01
filters: Q2>1.690000                                                                                                      | 21       norm       idis      10010  1.00960e+00
filters: W2>10.000000                                                                                                     | 22       norm       idis      10011  1.00055e+00
    idx tar        col  npts       chi2  chi2-npts      rchi2      nchi2                                                  | 23       norm       idis      10020  9.94792e-01
  10016   p      BCDMS   348     680.70     332.70      19.61       0.92                                                  | 
  10017   d      BCDMS   254     512.66     258.66      17.98       0.14                                                  | 
  10020   p        NMC   273     576.36     303.36      12.44       0.07                                                  | 
  10021 d/p        NMC   174     318.84     144.84       5.19       0.00                                                  | 
  10010   p       SLAC   218     329.59     111.59       0.00       0.21                                            [H[J[H[J      | 
  10011   d       SLAC   228     383.74     155.74       0.00       0.00                                                  | 
['pdf']
JAM FITTER                                                                                                                | 1        pdf       db1 N   2.16013e-02
count = 1000                                                                                                              | 2        pdf       db1 a  -5.59992e-01
elapsed time(mins)=4.217756                                                                                               | 3        pdf       db1 b   4.27239e+00
shifts  = 2                                                                                                               | 4        pdf       dv1 a  -3.39637e-01
npts    = 1495                                                                                                            | 5        pdf       dv1 b   4.33338e+00
chi2    = 2802.347239                                                                                                     | 6        pdf        g1 a  -6.53982e-01
rchi2   = 54.432725                                                                                                       | 7        pdf        g1 b   2.96218e+00
nchi2   = 1.267757                                                                                                        | 8        pdf        s1 N   3.04853e-02
chi2tot = 2858.047721                                                                                                     | 9        pdf        s1 a  -7.29837e-01
dchi2(iter)  = 32547.461293                                                                                               | 10        pdf        s1 b   9.99993e+00
dchi2(local) = -1007.216457                                                                                               | 11        pdf      sea1 N   1.53171e-02
pdf dv(1):1.000000                                                                                                        | 12        pdf      sea1 a  -1.45217e+00
pdf db-ub(2):-0.029231                                                                                                    | 13        pdf      sea1 b   1.24369e+00
pdf msr:1.000000                                                                                                          | 14        pdf       ub1 N   5.08327e-02
pdf db-ub(1):0.088701                                                                                                     | 15        pdf       ub1 a   8.77701e-01
pdf uv(1):2.000000                                                                                                        | 16        pdf       ub1 b   4.20484e+00
pdf s-sb(1):-0.000000                                                                                                     | 17        pdf       uv1 a  -4.96595e-01
pdf s-sb(2):0.000000                                                                                                      | 18        pdf       uv1 b   2.91408e+00
                                                                                                                          | 19       norm       idis      10016  9.72082e-01
reaction: unpol DIS                                                                                                       | 20       norm       idis      10017  9.89918e-01
filters: Q2>1.690000                                                                                                      | 21       norm       idis      10010  1.01017e+00
filters: W2>10.000000                                                                                                     | 22       norm       idis      10011  1.00119e+00
    idx tar        col  npts       chi2  chi2-npts      rchi2      nchi2                                                  | 23       norm       idis      10020  9.95552e-01
  10016   p      BCDMS   348     680.03     332.03      19.71       0.87                                                  | 
  10017   d      BCDMS   254     512.61     258.61      17.62       0.11                                                  | 
  10020   p        NMC   273     576.10     303.10      12.21       0.05                                                  | 
  10021 d/p        NMC   174     319.00     145.00       4.89       0.00                                                  | 
  10010   p       SLAC   218     330.15     112.15       0.00       0.23                                                  | 
  10011   d       SLAC   228     384.46     156.46       0.00       0.00                                                  | 
['pdf']
JAM FITTER                                                                                                                | 1        pdf       db1 N   2.29519e-02
count = 1100                                                                                                              | 2        pdf       db1 a  -4.81010e-01
elapsed time(mins)=4.641538                                                                                               | 3        pdf       db1 b   4.29865e+00
shifts  = 2                                                                                                               | 4        pdf       dv1 a  -3.69088e-01
npts    = 1495                                                                                                            | 5        pdf       dv1 b   4.32284e+00
chi2    = 2802.368463                                                                                                     | 6        pdf        g1 a  -6.55972e-01
rchi2   = 54.330524                                                                                                       | 7        pdf        g1 b   2.94959e+00
nchi2   = 1.237108                                                                                                        | 8        pdf        s1 N   2.83623e-02
chi2tot = 2857.936095                                                                                                     | 9        pdf        s1 a  -7.27948e-01
dchi2(iter)  = 32547.461293                                                                                               | 10        pdf        s1 b   9.99997e+00
dchi2(local) = -1007.328083                                                                                               | 11        pdf      sea1 N   1.62784e-02
pdf dv(1):1.000000                                                                                                        | 12        pdf      sea1 a  -1.43105e+00
pdf db-ub(2):-0.023096                                                                                                    | 13        pdf      sea1 b   1.34573e+00
pdf msr:1.000000                                                                                                          | 14        pdf       ub1 N   4.60477e-02
pdf db-ub(1):0.086314                                                                                                     | 15        pdf       ub1 a   9.63423e-01
pdf uv(1):2.000000                                                                                                        | 16        pdf       ub1 b   4.32643e+00
pdf s-sb(1):0.000000                                                                                                      | 17        pdf       uv1 a  -4.77531e-01
pdf s-sb(2):0.000000                                                                                                      | 18        pdf       uv1 b   2.90377e+00
                                                                                                                          | 19       norm       idis      10016  9.72575e-01
reaction: unpol DIS                                                                                                       | 20       norm       idis      10017  9.90526e-01
filters: Q2>1.690000                                                                                                      | 21       norm       idis      10010  1.01053e+00
filters: W2>10.000000 [H[J[H[J                                                                                                    | 22       norm       idis      10011  1.00157e+00
    idx tar        col  npts       chi2  chi2-npts      rchi2      nchi2                                                  | 23       norm       idis      10020  9.95914e-01
  10016   p      BCDMS   348     680.09     332.09      19.78       0.84                                                  | 
  10017   d      BCDMS   254     512.60     258.60      17.55       0.10                                                  | 
  10020   p        NMC   273     575.88     302.88      12.18       0.04                                                  | 
  10021 d/p        NMC   174     318.96     144.96       4.82       0.00                                                  | 
  10010   p       SLAC   218     330.29     112.29       0.00       0.25                                                  | 
  10011   d       SLAC   228     384.54     156.54       0.00       0.01                                                  | 
['pdf']
JAM FITTER                                                                                                                | 1        pdf       db1 N   2.40467e-02
count = 1200                                                                                                              | 2        pdf       db1 a  -4.34522e-01
elapsed time(mins)=5.068153                                                                                               | 3        pdf       db1 b   4.31628e+00
shifts  = 2                                                                                                               | 4        pdf       dv1 a  -3.87883e-01
npts    = 1495                                                                                                            | 5        pdf       dv1 b   4.32018e+00
chi2    = 2802.454858                                                                                                     | 6        pdf        g1 a  -6.57076e-01
rchi2   = 54.223535                                                                                                       | 7        pdf        g1 b   2.94170e+00
nchi2   = 1.228768                                                                                                        | 8        pdf        s1 N   2.75862e-02
chi2tot = 2857.907161                                                                                                     | 9        pdf        s1 a  -7.27800e-01
dchi2(iter)  = 32547.461293                                                                                               | 10        pdf        s1 b   9.99998e+00
dchi2(local) = -1007.357017                                                                                               | 11        pdf      sea1 N   1.66440e-02
pdf dv(1):1.000000                                                                                                        | 12        pdf      sea1 a  -1.42367e+00
pdf db-ub(2):-0.020261                                                                                                    | 13        pdf      sea1 b   1.37762e+00
pdf msr:1.000000                                                                                                          | 14        pdf       ub1 N   4.43079e-02
pdf db-ub(1):0.086705                                                                                                     | 15        pdf       ub1 a   9.99984e-01
pdf uv(1):2.000000                                                                                                        | 16        pdf       ub1 b   4.37626e+00
pdf s-sb(1):0.000000                                                                                                      | 17        pdf       uv1 a  -4.70460e-01
pdf s-sb(2):0.000000                                                                                                      | 18        pdf       uv1 b   2.90234e+00
                                                                                                                          | 19       norm       idis      10016  9.72667e-01
reaction: unpol DIS                                                                                                       | 20       norm       idis      10017  9.90661e-01
filters: Q2>1.690000                                                                                                      | 21       norm       idis      10010  1.01055e+00
filters: W2>10.000000                                                                                                     | 22       norm       idis      10011  1.00160e+00
    idx tar        col  npts       chi2  chi2-npts      rchi2      nchi2                                                  | 23       norm       idis      10020  9.95984e-01
  10016   p      BCDMS   348     680.21     332.21      19.81       0.83                                                  | 
  10017   d      BCDMS   254     512.47     258.47      17.50       0.10                                                  | 
  10020   p        NMC   273     575.84     302.84      12.14       0.04                                                  | 
  10021 d/p        NMC   174     318.97     144.97       4.76       0.00                                                  | 
  10010   p       SLAC   218     330.30     112.30       0.00       0.25                                                  | 
  10011   d       SLAC   228     384.67     156.67       0.00       0.01                                                  | 
['pdf']
JAM FITTER                                                                                                                | 1        pdf       db1 N   2.42882e-02
count = 1256                                                                                                              | 2        pdf       db1 a  -4.28710e-01
elapsed time(mins)=5.310411                                                                                               | 3        pdf       db1 b   4.30978e+00
shifts  = 2                                                                                                               | 4        pdf       dv1 a  -3.90269e-01
npts    = 1495                                                                                                            | 5        pdf       dv1 b   4.32317e+00
chi2    = 2802.457968                                                                                                     | 6        pdf        g1 a  -6.56526e-01
rchi2   = 54.218185                                                                                                       | 7        pdf        g1 b   2.94495e+00
nchi2   = 1.230056                                                                                                        | 8        pdf        s1 N   2.77088e-02
chi2tot = 2857.906209                                                                                                     | 9        pdf        s1 a  -7.30258e-01
dchi2(iter)  = 32547.461293                                                                                               | 10        pdf        s1 b   9.99998e+00
dchi2(local) = -1007.357969                                                                                               | 11        pdf      sea1 N   1.65987e-02
pdf dv(1):1.000000                                                                                                        | 12        pdf      sea1 a  -1.42447e+00
pdf db-ub(2):-0.019995                                                                                                    | 13        pdf      sea1 b   1.37410e+00
pdf msr:1.000000                                                                                                          | 14        pdf       ub1 N   4.42831e-02
pdf db-ub(1):0.086728                                                                                                     | 15        pdf       ub1 a   9.99990e-01
pdf uv(1):2.000000                                                                                                        | 16        pdf       ub1 b   4.37541e+00
pdf s-sb(1):0.000000                                                                                                      | 17        pdf       uv1 a  -4.70025e-01
pdf s-sb(2):0.000000                                                                                                      | 18        pdf       uv1 b   2.90336e+00
                                                                                                                          | 19       norm       idis      10016  9.72654e-01
reaction: unpol DIS                                                                                                       | 20       norm       idis      10017  9.90650e-01
filters: Q2>1.690000                                                                                                      | 21       norm       idis      10010  1.01056e+00
filters: W2>10.000000                                                                                                     | 22       norm       idis      10011  1.00162e+00
    idx tar        col  npts       chi2  chi2-npts      rchi2      nchi2                                                  | 23       norm       idis      10020  9.95994e-01
  10016   p      BCDMS   348     680.21     332.21      19.82       0.83                                                  | 
  10017   d      BCDMS   254     512.46     258.46      17.49       0.10                                                  | 
  10020   p        NMC   273     575.84     302.84      12.15       0.04                                                  | 
  10021 d/p        NMC   174     318.95     144.95       4.76       0.00                                                  | 
  10010   p       SLAC   218     330.29     112.29       0.00       0.25                                                  | 
  10011   d       SLAC   228     384.71     156.71       0.00       0.01                                                  | 
