('active', 'pdf')

--step 1: npQCD objects = pdf , datasets = idis , tmc = False , ht = False
loading idis data sets 10016
loading idis data sets 10017
loading idis data sets 10020
loading idis data sets 10021
loading idis data sets 10010
loading idis data sets 10011
Loading DIS tables...
10016 has norm uncertainty
10017 has norm uncertainty
10020 has norm uncertainty
10010 has norm uncertainty
10011 has norm uncertainty
[H[J[H[J[H[J[H[J[H[J[H[J[H[J[H[J[H[J[H[J[H[J['pdf']
JAM FITTER                                                                                                                | 1        pdf       db1 N   8.63506e-02
count = 100                                                                                                               | 2        pdf       db1 a  -7.58166e-01
elapsed time(mins)=0.977948                                                                                               | 3        pdf       db1 b   2.84414e+00
shifts  = 3                                                                                                               | 4        pdf       dv1 a  -2.73197e-01
npts    = 1495                                                                                                            | 5        pdf       dv1 b   9.14190e+00
chi2    = 22419.902059                                                                                                    | 6        pdf        g1 a   9.17437e-01
rchi2   = 3075.074800                                                                                                     | 7        pdf        g1 b   2.38219e-02
nchi2   = 245.031797                                                                                                      | 8        pdf        s1 N   3.92548e-02
chi2tot = 25740.008656                                                                                                    | 9        pdf        s1 a   8.16430e-01
dchi2(iter)  = inf                                                                                                        | 10        pdf        s1 b   1.78468e-01
dchi2(local) = -inf                                                                                                       | 11        pdf      sea1 N   1.41081e-02
pdf dv(1):1.000000                                                                                                        | 12        pdf      sea1 a  -1.81783e+00
pdf db-ub(2):0.004272                                                                                                     | 13        pdf      sea1 b   8.58282e+00
pdf msr:1.000000                                                                                                          | 14        pdf       ub1 N   8.20785e-02
pdf db-ub(1):-0.301601                                                                                                    | 15        pdf       ub1 a  -7.43840e-01
pdf uv(1):2.000000                                                                                                        | 16        pdf       ub1 b   4.23841e+00
pdf s-sb(1):0.000000                                                                                                      | 17        pdf       uv1 a  -3.22310e-01
pdf s-sb(2):-0.000000                                                                                                     | 18        pdf       uv1 b   2.46857e+00
                                                                                                                          | 19       norm       idis      10016  1.05847e+00
reaction: unpol DIS                                                                                                       | 20       norm       idis      10017  1.10792e+00
filters: Q2>1.690000                                                                                                      | 21       norm       idis      10010  1.17571e+00
filters: W2>10.000000                                                                                                     | 22       norm       idis      10011  1.13354e+00
    idx tar        col  npts       chi2  chi2-npts      rchi2      nchi2                                                  | 23       norm       idis      10020  1.19654e+00
  10016   p      BCDMS   348    2493.62    2145.62    1784.49       3.80                                                  | 
  10017   d      BCDMS   254    1975.39    1721.39     821.36      12.94                                                  | 
  10020   p        NMC   273    1999.63    1726.63     339.35      96.57                                                  | 
  10021 d/p        NMC   174     529.72     355.72     129.87       0.00                                                  | 
  10010   p       SLAC   218    5598.90    5380.90       0.00      70.01                                                  | 
  10011   d       SLAC   228    9822.64    9594.64       0.00      61.71                                                  | 
['pdf']
JAM FITTER                                                                                                                | 1        pdf       db1 N   8.10455e-02
count = 200                                                                                                               | 2        pdf       db1 a  -3.13482e-01
elapsed time(mins)=1.931267                                                                                               | 3        pdf       db1 b   3.78958e+00
shifts  = 2                                                                                                               | 4        pdf       dv1 a  -4.81468e-01
npts    = 1495                                                                                                            | 5        pdf       dv1 b   9.05087e+00
chi2    = 3226.586935                                                                                                     | 6        pdf        g1 a  -5.27233e-01
rchi2   = 128.257334                                                                                                      | 7        pdf        g1 b   3.87172e+00
nchi2   = 81.220231                                                                                                       | 8        pdf        s1 N   6.06349e-03
chi2tot = 3436.064500                                                                                                     | 9        pdf        s1 a   3.45097e-01
dchi2(iter)  = inf                                                                                                        | 10        pdf        s1 b   1.95058e+00
dchi2(local) = -22303.944156                                                                                              | 11        pdf      sea1 N   5.96250e-03
pdf dv(1):1.000000                                                                                                        | 12        pdf      sea1 a  -1.42634e+00
pdf db-ub(2):0.051736                                                                                                     | 13        pdf      sea1 b   8.75951e+00
pdf msr:1.000000                                                                                                          | 14        pdf       ub1 N   2.93099e-02
pdf db-ub(1):-3.672375                                                                                                    | 15        pdf       ub1 a  -9.71137e-01
pdf uv(1):2.000000                                                                                                        | 16        pdf       ub1 b   3.22407e+00
pdf s-sb(1):0.000000                                                                                                      | 17        pdf       uv1 a  -1.74554e-01
pdf s-sb(2):0.000000                                                                                                      | 18        pdf       uv1 b   3.04271e+00
                                                                                                                          | 19       norm       idis      10016  1.05557e+00
reaction: unpol DIS                                                                                                       | 20       norm       idis      10017  1.08540e+00
filters: Q2>1.690000                                                                                                      | 21       norm       idis      10010  1.10925e+00
filters: W2>10.000000                                                                                                     | 22       norm       idis      10011  1.10128e+00
    idx tar        col  npts       chi2  chi2-npts      rchi2      nchi2                                                  | 23       norm       idis      10020  1.05339e+00
  10016   p      BCDMS   348     765.62     417.62      33.55       3.43                                                  | 
  10017   d      BCDMS   254     520.90     266.90      23.16       8.10                                                  | 
  10020   p        NMC   273     756.57     483.57      61.63       7.13                                                  | 
  10021 d/p        NMC   174     379.79     205.79       9.92       0.00                                                  | 
  10010   p       SLAC   218     426.31     208.31       0.00      27.07                                                  | 
  10011   d       SLAC   228     377.40     149.40       0.00      35.49                                                  | 
['pdf']
JAM FITTER                                                                                                                | 1        pdf       db1 N   4.72791e-02
count = 300                                                                                                               | 2        pdf       db1 a   5.46606e-01
elapsed time(mins)=2.886547                                                                                               | 3        pdf       db1 b   4.86400e+00
shifts  = 3                                                                                                               | 4        pdf       dv1 a  -2.04285e-01
npts    = 1495                                                                                                            | 5        pdf       dv1 b   8.55632e+00
chi2    = 2970.251481                                                                                                     | 6        pdf        g1 a  -4.88599e-01
rchi2   = 56.215949                                                                                                       | 7        pdf        g1 b   3.73493e+00
nchi2   = 7.281689                                                                                                        | 8        pdf        s1 N   9.89397e-03
chi2tot = 3033.749119                                                                                                     | 9        pdf        s1 a   7.98375e-01
dchi2(iter)  = 22706.259537                                                                                               | 10        pdf        s1 b   3.88964e+00
dchi2(local) = -22706.259537                                                                                              | 11        pdf      sea1 N   1.44643e-02
pdf dv(1):1.000000                                                                                                        | 12        pdf      sea1 a  -1.15246e+00
pdf db-ub(2):0.043317                                                                                                     | 13        pdf      sea1 b   9.23643e+00
pdf msr:1.000000                                                                                                          | 14        pdf       ub1 N   3.96178e-03
pdf db-ub(1):-1.965935                                                                                                    | 15        pdf       ub1 a  -9.91636e-01
pdf uv(1):2.000000                                                                                                        | 16        pdf       ub1 b   3.62019e+00
pdf s-sb(1):0.000000                                                                                                      | 17        pdf       uv1 a  -1.64482e-01
pdf s-sb(2):0.000000                                                                                                      | 18        pdf       uv1 b   3.07777e+00
                                                                                                                          | 19       norm       idis      10016  9.93336e-01
reaction: unpol DIS                                                                                                       | 20       norm       idis      10017  1.02583e+00
filters: Q2>1.690000                                                                                                      | 21       norm       idis      10010  1.03522e+00
filters: W2>10.000000                                                                                                     | 22       norm       idis      10011  1.03041e+00
    idx tar        col  npts       chi2  chi2-npts      rchi2      nchi2                                                  | 23       norm       idis      10020  1.01384e+00
  10016   p      BCDMS   348     745.34     397.34      24.93       0.05                                                  | 
  10017   d      BCDMS   254     497.05     243.05       8.26       0.74                                                  | 
  10020   p        NMC   273     671.74     398.74      15.39       0.48                                                  | 
  10021 d/p        NMC   174     314.49     140.49       7.64       0.00                                                  | 
  10010   p       SLAC   218     390.76     172.76       0.00       2.81                                                  | 
  10011   d       SLAC   228     350.88     122.88       0.00       3.20                                                  | 
['pdf']
JAM FITTER                                                                                                                | 1        pdf       db1 N   2.84271e-02
count = 400                                                                                                               | 2        pdf       db1 a   8.24576e-01
elapsed time(mins)=3.841159                                                                                               | 3        pdf       db1 b   5.26340e+00
shifts  = 2                                                                                                               | 4        pdf       dv1 a  -1.09344e-01
npts    = 1495                                                                                                            | 5        pdf       dv1 b   9.10566e+00
chi2    = 2893.757656                                                                                                     | 6        pdf        g1 a  -3.29965e-01
rchi2   = 57.760812                                                                                                       | 7        pdf        g1 b   4.28476e+00
nchi2   = 2.674139                                                                                                        | 8        pdf        s1 N   8.25850e-02
chi2tot = 2954.192607                                                                                                     | 9        pdf        s1 a   9.15414e-01
dchi2(iter)  = 22706.259537                                                                                               | 10        pdf        s1 b   4.74283e+00
dchi2(local) = -79.556512                                                                                                 | 11        pdf      sea1 N   1.37223e-02
pdf dv(1):1.000000                                                                                                        | 12        pdf      sea1 a  -1.15825e+00
pdf db-ub(2):0.028405                                                                                                     | 13        pdf      sea1 b   9.63204e+00
pdf msr:1.000000                                                                                                          | 14        pdf       ub1 N   2.21156e-05
pdf db-ub(1):0.114599                                                                                                     | 15        pdf       ub1 a  -9.91195e-01
pdf uv(1):2.000000                                                                                                        | 16        pdf       ub1 b   3.53503e+00
pdf s-sb(1):-0.000000                                                                                                     | 17        pdf       uv1 a  -2.82123e-01
pdf s-sb(2):-0.000000                                                                                                     | 18        pdf       uv1 b   2.93107e+00
                                                                                                                          | 19       norm       idis      10016  9.57933e-01
reaction: unpol DIS                                                                                                       | 20       norm       idis      10017  9.87729e-01
filters: Q2>1.690000                                                                                                      | 21       norm       idis      10010  1.00345e+00
filters: W2>10.000000                                                                                                     | 22       norm       idis      10011  9.98834e-01
    idx tar        col  npts       chi2  chi2-npts      rchi2      nchi2                                                  | 23       norm       idis      10020  9.85732e-01
  10016   p      BCDMS   348     714.00     366.00      26.83       1.97                                                  | 
  10017   d      BCDMS   254     478.55     224.55      13.67       0.17                                                  | 
  10020   p        NMC   273     675.36     402.36      15.00       0.51                                                  | 
  10021 d/p        NMC   174     304.73     130.73       2.25       0.00                                                  | 
  10010   p       SLAC   218     388.10     170.10       0.00       0.03                                                  | 
  10011   d       SLAC   228     333.02     105.02       0.00       0.00                                                  | 
['pdf']
JAM FITTER                                                                                                                | 1        pdf       db1 N   2.94851e-02
count = 500                                                                                                               | 2        pdf       db1 a   9.19990e-01
elapsed time(mins)=4.799074                                                                                               | 3        pdf       db1 b   5.46872e+00
shifts  = 3                                                                                                               | 4        pdf       dv1 a  -8.97641e-02
npts    = 1495                                                                                                            | 5        pdf       dv1 b   9.47023e+00
chi2    = 2885.911782                                                                                                     | 6        pdf        g1 a  -3.45883e-01
rchi2   = 59.214792                                                                                                       | 7        pdf        g1 b   4.08896e+00
nchi2   = 3.079226                                                                                                        | 8        pdf        s1 N   7.95344e-02
chi2tot = 2948.205799                                                                                                     | 9        pdf        s1 a   9.99554e-01
dchi2(iter)  = 85.543320                                                                                                  | 10        pdf        s1 b   4.87894e+00
dchi2(local) = -85.543320                                                                                                 | 11        pdf      sea1 N   1.32209e-02
pdf dv(1):1.000000                                                                                                        | 12        pdf      sea1 a  -1.15904e+00
pdf db-ub(2):0.028105                                                                                                     | 13        pdf      sea1 b   9.99557e+00
pdf msr:1.000000                                                                                                          | 14        pdf       ub1 N   1.38056e-03
pdf db-ub(1):0.118549                                                                                                     | 15        pdf       ub1 a  -2.98812e-01
pdf uv(1):2.000000                                                                                                        | 16        pdf       ub1 b   3.51791e+00
pdf s-sb(1):0.000000                                                                                                      | 17        pdf       uv1 a  -2.89056e-01
pdf s-sb(2):0.000000                                                                                                      | 18        pdf       uv1 b   2.91559e+00
                                                                                                                          | 19       norm       idis      10016  9.56223e-01
reaction: unpol DIS                                                                                                       | 20       norm       idis      10017  9.85663e-01
filters: Q2>1.690000                                                                                                      | 21       norm       idis      10010  1.00014e+00
filters: W2>10.000000                                                                                                     | 22       norm       idis      10011  9.94814e-01
    idx tar        col  npts       chi2  chi2-npts      rchi2      nchi2                                                  | 23       norm       idis      10020  9.84145e-01
  10016   p      BCDMS   348     711.02     363.02      28.11       2.13                                                  | 
  10017   d      BCDMS   254     473.46     219.46      14.34       0.23                                                  | 
  10020   p        NMC   273     674.51     401.51      14.65       0.63                                                  | 
  10021 d/p        NMC   174     306.00     132.00       2.11       0.00                                                  | 
  10010   p       SLAC   218     386.71     168.71       0.00       0.00                                                  | 
  10011   d       SLAC   228     334.21     106.21       0.00       0.09                                                  | 
['pdf']
JAM FITTER                                                                                                                | 1        pdf       db1 N   3.08288e-02
count = 600                                                                                                               | 2        pdf       db1 a   9.12715e-01
elapsed time(mins)=5.757099                                                                                               | 3        pdf       db1 b   5.63537e+00
shifts  = 2                                                                                                               | 4        pdf       dv1 a  -9.40569e-02
npts    = 1495                                                                                                            | 5        pdf       dv1 b   9.73605e+00
chi2    = 2884.486802                                                                                                     | 6        pdf        g1 a  -3.53045e-01
rchi2   = 60.272227                                                                                                       | 7        pdf        g1 b   4.13452e+00
nchi2   = 2.920371                                                                                                        | 8        pdf        s1 N   8.04515e-02
chi2tot = 2947.679400                                                                                                     | 9        pdf        s1 a   9.99630e-01
dchi2(iter)  = 85.543320                                                                                                  | 10        pdf        s1 b   4.79454e+00
dchi2(local) = -0.526400                                                                                                  | 11        pdf      sea1 N   1.29444e-02
pdf dv(1):1.000000                                                                                                        | 12        pdf      sea1 a  -1.16989e+00
pdf db-ub(2):0.027388                                                                                                     | 13        pdf      sea1 b   9.98106e+00
pdf msr:1.000000                                                                                                          | 14        pdf       ub1 N   3.44121e-03
pdf db-ub(1):0.114864                                                                                                     | 15        pdf       ub1 a  -3.54458e-01
pdf uv(1):2.000000                                                                                                        | 16        pdf       ub1 b   2.65259e+00
pdf s-sb(1):0.000000                                                                                                      | 17        pdf       uv1 a  -2.96663e-01
pdf s-sb(2):0.000000                                                                                                      | 18        pdf       uv1 b   2.92136e+00
                                                                                                                          | 19       norm       idis      10016  9.56824e-01
reaction: unpol DIS                                                                                                       | 20       norm       idis      10017  9.86243e-01
filters: Q2>1.690000                                                                                                      | 21       norm       idis      10010  1.00148e+00
filters: W2>10.000000                                                                                                     | 22       norm       idis      10011  9.96016e-01
    idx tar        col  npts       chi2  chi2-npts      rchi2      nchi2                                                  | 23       norm       idis      10020  9.84783e-01
  10016   p      BCDMS   348     712.81     364.81      29.12       2.07                                                  | 
  10017   d      BCDMS   254     472.31     218.31      14.59       0.21                                                  | 
  10020   p        NMC   273     673.58     400.58      14.45       0.58                                                  | 
  10021 d/p        NMC   174     306.45     132.45       2.11       0.00                                                  | 
  10010   p       SLAC   218     385.04     167.04       0.00       0.00                                                  | 
  10011   d       SLAC   228     334.31     106.31       0.00       0.05                                                  | 
['pdf']
JAM FITTER                                                                                                                | 1        pdf       db1 N   3.09696e-02
count = 700                                                                                                               | 2        pdf       db1 a   9.35998e-01
elapsed time(mins)=6.715942                                                                                               | 3        pdf       db1 b   5.79101e+00
shifts  = 23                                                                                                              | 4        pdf       dv1 a  -9.23069e-02
npts    = 1495                                                                                                            | 5        pdf       dv1 b   9.85221e+00
chi2    = 2884.136936                                                                                                     | 6        pdf        g1 a  -3.51143e-01
rchi2   = 60.116482                                                                                                       | 7        pdf        g1 b   4.17125e+00
nchi2   = 2.985950                                                                                                        | 8        pdf        s1 N   8.20594e-02
chi2tot = 2947.239367                                                                                                     | 9        pdf        s1 a   9.99989e-01
dchi2(iter)  = 0.966432                                                                                                   | 10        pdf        s1 b   4.69130e+00
dchi2(local) = -0.966432                                                                                                  | 11        pdf      sea1 N   1.28525e-02
pdf dv(1):1.000000                                                                                                        | 12        pdf      sea1 a  -1.17247e+00
pdf db-ub(2):0.026465                                                                                                     | 13        pdf      sea1 b   9.99321e+00
pdf msr:1.000000                                                                                                          | 14        pdf       ub1 N   4.50432e-03
pdf db-ub(1):0.114489                                                                                                     | 15        pdf       ub1 a  -3.36909e-01
pdf uv(1):2.000000                                                                                                        | 16        pdf       ub1 b   2.03406e+00
pdf s-sb(1):0.000000                                                                                                      | 17        pdf       uv1 a  -2.96816e-01
pdf s-sb(2):0.000000                                                                                                      | 18        pdf       uv1 b   2.95894e+00
                                                                                                                          | 19       norm       idis      10016  9.56455e-01
reaction: unpol DIS                                                                                                       | 20       norm       idis      10017  9.85856e-01
filters: Q2>1.690000                                                                                                      | 21       norm       idis      10010  1.00147e+00
filters: W2>10.000000                                                                                                     | 22       norm       idis      10011  9.96039e-01
    idx tar        col  npts       chi2  chi2-npts      rchi2      nchi2                                                  | 23       norm       idis      10020  9.84539e-01
  10016   p      BCDMS   348     714.46     366.46      28.98       2.11                                                  | 
  10017   d      BCDMS   254     470.75     216.75      14.43       0.22                                                  | 
  10020   p        NMC   273     672.94     399.94      14.63       0.60                                                  | 
  10021 d/p        NMC   174     306.48     132.48       2.07       0.00                                                  | 
  10010   p       SLAC   218     384.96     166.96       0.00       0.00                                                  | 
  10011   d       SLAC   228     334.56     106.56       0.00       0.05                                                  | 
['pdf']
JAM FITTER                                                                                                                | 1        pdf       db1 N   3.05654e-02
count = 800                                                                                                               | 2        pdf       db1 a   9.99937e-01
elapsed time(mins)=7.676029                                                                                               | 3        pdf       db1 b   6.11275e+00
shifts  = 2                                                                                                               | 4        pdf       dv1 a  -8.71283e-02
npts    = 1495                                                                                                            | 5        pdf       dv1 b   9.99659e+00
chi2    = 2882.592062                                                                                                     | 6        pdf        g1 a  -3.33896e-01
rchi2   = 60.728996                                                                                                       | 7        pdf        g1 b   4.30733e+00
nchi2   = 3.164428                                                                                                        | 8        pdf        s1 N   8.65639e-02
chi2tot = 2946.485486                                                                                                     | 9        pdf        s1 a   1.00000e+00
dchi2(iter)  = 0.966432                                                                                                   | 10        pdf        s1 b   4.49110e+00
dchi2(local) = -0.753882                                                                                                  | 11        pdf      sea1 N   1.28174e-02
pdf dv(1):1.000000                                                                                                        | 12        pdf      sea1 a  -1.17470e+00
pdf db-ub(2):0.026115                                                                                                     | 13        pdf      sea1 b   9.99835e+00
pdf msr:1.000000                                                                                                          | 14        pdf       ub1 N   4.45025e-03
pdf db-ub(1):0.116019                                                                                                     | 15        pdf       ub1 a  -3.81443e-01
pdf uv(1):2.000000                                                                                                        | 16        pdf       ub1 b   1.61333e+00
pdf s-sb(1):0.000000                                                                                                      | 17        pdf       uv1 a  -2.91875e-01
pdf s-sb(2):0.000000                                                                                                      | 18        pdf       uv1 b   3.01206e+00
                                                                                                                          | 19       norm       idis      10016  9.55364e-01
reaction: unpol DIS                                                                                                       | 20       norm       idis      10017  9.84826e-01
filters: Q2>1.690000                                                                                                      | 21       norm       idis      10010  1.00131e+00
filters: W2>10.000000                                                                                                     | 22       norm       idis      10011  9.96157e-01
    idx tar        col  npts       chi2  chi2-npts      rchi2      nchi2                                                  | 23       norm       idis      10020  9.84002e-01
  10016   p      BCDMS   348     713.70     365.70      29.20       2.21                                                  | 
  10017   d      BCDMS   254     469.58     215.58      14.65       0.26                                                  | 
  10020   p        NMC   273     672.84     399.84      14.87       0.64                                                  | 
  10021 d/p        NMC   174     306.19     132.19       2.02       0.00                                                  | 
  10010   p       SLAC   218     386.00     168.00       0.00       0.00                                                  | 
  10011   d       SLAC   228     334.29     106.29       0.00       0.05                                                  | 
['pdf']
JAM FITTER                                                                                                                | 1        pdf       db1 N   3.05538e-02
count = 900                                                                                                               | 2        pdf       db1 a   9.99919e-01
elapsed time(mins)=8.625251                                                                                               | 3        pdf       db1 b   6.14870e+00
shifts  = 2                                                                                                               | 4        pdf       dv1 a  -8.95533e-02
npts    = 1495                                                                                                            | 5        pdf       dv1 b   9.99957e+00
chi2    = 2882.549837                                                                                                     | 6        pdf        g1 a  -3.32756e-01
rchi2   = 60.578524                                                                                                       | 7        pdf        g1 b   4.30645e+00
nchi2   = 3.269966                                                                                                        | 8        pdf        s1 N   8.71577e-02
chi2tot = 2946.398327                                                                                                     | 9        pdf        s1 a   1.00000e+00
dchi2(iter)  = 0.966432                                                                                                   | 10        pdf        s1 b   4.45698e+00
dchi2(local) = -0.841040                                                                                                  | 11        pdf      sea1 N   1.28114e-02
pdf dv(1):1.000000                                                                                                        | 12        pdf      sea1 a  -1.17420e+00
pdf db-ub(2):0.026821                                                                                                     | 13        pdf      sea1 b   9.99999e+00
pdf msr:1.000000                                                                                                          | 14        pdf       ub1 N   3.73266e-03
pdf db-ub(1):0.116095                                                                                                     | 15        pdf       ub1 a  -5.63943e-01
pdf uv(1):2.000000                                                                                                        | 16        pdf       ub1 b   1.32952e+00
pdf s-sb(1):0.000000                                                                                                      | 17        pdf       uv1 a  -2.88341e-01
pdf s-sb(2):0.000000                                                                                                      | 18        pdf       uv1 b   3.01634e+00
                                                                                                                          | 19       norm       idis      10016  9.54900e-01
reaction: unpol DIS                                                                                                       | 20       norm       idis      10017  9.84393e-01
filters: Q2>1.690000                                                                                                      | 21       norm       idis      10010  1.00082e+00
filters: W2>10.000000                                                                                                     | 22       norm       idis      10011  9.95771e-01
    idx tar        col  npts       chi2  chi2-npts      rchi2      nchi2                                                  | 23       norm       idis      10020  9.83557e-01
  10016   p      BCDMS   348     713.26     365.26      28.99       2.26                                                  | 
  10017   d      BCDMS   254     469.30     215.30      14.64       0.27                                                  | 
  10020   p        NMC   273     672.91     399.91      14.90       0.68                                                  | 
  10021 d/p        NMC   174     306.27     132.27       2.05       0.00                                                  | 
  10010   p       SLAC   218     386.54     168.54       0.00       0.00                                                  | 
  10011   d       SLAC   228     334.26     106.26       0.00       0.06                                                  | 
['pdf']
JAM FITTER                                                                                                                | 1        pdf       db1 N   3.05258e-02
count = 1000                                                                                                              | 2        pdf       db1 a   1.00000e+00
elapsed time(mins)=9.583676                                                                                               | 3        pdf       db1 b   6.15024e+00
shifts  = 2                                                                                                               | 4        pdf       dv1 a  -8.94797e-02
npts    = 1495                                                                                                            | 5        pdf       dv1 b   1.00000e+01
chi2    = 2882.521229                                                                                                     | 6        pdf        g1 a  -3.32008e-01
rchi2   = 60.594277                                                                                                       | 7        pdf        g1 b   4.31074e+00
nchi2   = 3.281501                                                                                                        | 8        pdf        s1 N   8.73046e-02
chi2tot = 2946.397007                                                                                                     | 9        pdf        s1 a   1.00000e+00
dchi2(iter)  = 0.966432                                                                                                   | 10        pdf        s1 b   4.45673e+00
dchi2(local) = -0.842361                                                                                                  | 11        pdf      sea1 N   1.28116e-02
pdf dv(1):1.000000                                                                                                        | 12        pdf      sea1 a  -1.17421e+00
pdf db-ub(2):0.026775                                                                                                     | 13        pdf      sea1 b   1.00000e+01
pdf msr:1.000000                                                                                                          | 14        pdf       ub1 N   3.75119e-03
pdf db-ub(1):0.116349                                                                                                     | 15        pdf       ub1 a  -5.51938e-01
pdf uv(1):2.000000                                                                                                        | 16        pdf       ub1 b   1.33621e+00
pdf s-sb(1):0.000000                                                                                                      | 17        pdf       uv1 a  -2.88550e-01
pdf s-sb(2):0.000000                                                                                                      | 18        pdf       uv1 b   3.01690e+00
                                                                                                                          | 19       norm       idis      10016  9.54842e-01
reaction: unpol DIS                                                                                                       | 20       norm       idis      10017  9.84340e-01
filters: Q2>1.690000                                                                                                      | 21       norm       idis      10010  1.00078e+00
filters: W2>10.000000                                                                                                     | 22       norm       idis      10011  9.95747e-01
    idx tar        col  npts       chi2  chi2-npts      rchi2      nchi2                                                  | 23       norm       idis      10020  9.83516e-01
  10016   p      BCDMS   348     713.25     365.25      28.99       2.27                                                  | 
  10017   d      BCDMS   254     469.28     215.28      14.64       0.27                                                  | 
  10020   p        NMC   273     672.92     399.92      14.91       0.68                                                  | 
  10021 d/p        NMC   174     306.26     132.26       2.05       0.00                                                  | 
  10010   p       SLAC   218     386.58     168.58       0.00       0.00                                                  | 
  10011   d       SLAC   228     334.24     106.24       0.00       0.06                                                  | 
['pdf']
JAM FITTER                                                                                                                | 1        pdf       db1 N   3.05266e-02
count = 1037                                                                                                              | 2        pdf       db1 a   1.00000e+00
elapsed time(mins)=9.946879                                                                                               | 3        pdf       db1 b   6.14950e+00
shifts  = 2                                                                                                               | 4        pdf       dv1 a  -8.94459e-02
npts    = 1495                                                                                                            | 5        pdf       dv1 b   1.00000e+01
chi2    = 2882.524328                                                                                                     | 6        pdf        g1 a  -3.32108e-01
rchi2   = 60.592537                                                                                                       | 7        pdf        g1 b   4.31015e+00
nchi2   = 3.280120                                                                                                        | 8        pdf        s1 N   8.72896e-02
chi2tot = 2946.396984                                                                                                     | 9        pdf        s1 a   1.00000e+00
dchi2(iter)  = 0.966432                                                                                                   | 10        pdf        s1 b   4.45750e+00
dchi2(local) = -0.842383                                                                                                  | 11        pdf      sea1 N   1.28116e-02
pdf dv(1):1.000000                                                                                                        | 12        pdf      sea1 a  -1.17422e+00
pdf db-ub(2):0.026765                                                                                                     | 13        pdf      sea1 b   1.00000e+01
pdf msr:1.000000                                                                                                          | 14        pdf       ub1 N   3.76142e-03
pdf db-ub(1):0.116358                                                                                                     | 15        pdf       ub1 a  -5.49029e-01
pdf uv(1):2.000000                                                                                                        | 16        pdf       ub1 b   1.34179e+00
pdf s-sb(1):0.000000                                                                                                      | 17        pdf       uv1 a  -2.88615e-01
pdf s-sb(2):-0.000000                                                                                                     | 18        pdf       uv1 b   3.01673e+00
                                                                                                                          | 19       norm       idis      10016  9.54849e-01
reaction: unpol DIS                                                                                                       | 20       norm       idis      10017  9.84347e-01
filters: Q2>1.690000                                                                                                      | 21       norm       idis      10010  1.00079e+00
filters: W2>10.000000                                                                                                     | 22       norm       idis      10011  9.95750e-01
    idx tar        col  npts       chi2  chi2-npts      rchi2      nchi2                                                  | 23       norm       idis      10020  9.83521e-01
  10016   p      BCDMS   348     713.25     365.25      28.99       2.27                                                  | 
  10017   d      BCDMS   254     469.29     215.29      14.64       0.27                                                  | 
  10020   p        NMC   273     672.91     399.91      14.91       0.68                                                  | 
  10021 d/p        NMC   174     306.26     132.26       2.05       0.00                                                  | 
  10010   p       SLAC   218     386.57     168.57       0.00       0.00                                                  | 
  10011   d       SLAC   228     334.25     106.25       0.00       0.06                                                  | 
