('active', 'pdf')

--step 1: npQCD objects = pdf , datasets = idis , tmc = False , ht = False
loading idis data sets 10016
loading idis data sets 10017
loading idis data sets 10020
loading idis data sets 10021
loading idis data sets 10010
loading idis data sets 10011
Loading DIS tables...
10016 has norm uncertainty
10017 has norm uncertainty
10020 has norm uncertainty
10010 has norm uncertainty
10011 has norm uncertainty
[H[J[H[J[H[J[H[J[H[J[H[J[H[J[H[J[H[J[H[J[H[J['pdf']
JAM FITTER                                                                                                                | 1        pdf       db1 N   7.73833e-02
count = 100                                                                                                               | 2        pdf       db1 a  -5.88433e-01
elapsed time(mins)=0.954780                                                                                               | 3        pdf       db1 b   3.73296e+00
shifts  = 3                                                                                                               | 4        pdf       dv1 a  -4.85586e-01
npts    = 1495                                                                                                            | 5        pdf       dv1 b   9.40145e+00
chi2    = 20261.111330                                                                                                    | 6        pdf        g1 a   5.76971e-01
rchi2   = 2548.709548                                                                                                     | 7        pdf        g1 b   9.39714e-01
nchi2   = 181.179798                                                                                                      | 8        pdf        s1 N   1.54751e-01
chi2tot = 22991.000676                                                                                                    | 9        pdf        s1 a  -1.16387e-01
dchi2(iter)  = inf                                                                                                        | 10        pdf        s1 b   2.43250e+00
dchi2(local) = -inf                                                                                                       | 11        pdf      sea1 N   6.35834e-02
pdf dv(1):1.000000                                                                                                        | 12        pdf      sea1 a  -1.86262e+00
pdf db-ub(2):-0.001488                                                                                                    | 13        pdf      sea1 b   9.25218e+00
pdf msr:1.000000                                                                                                          | 14        pdf       ub1 N   7.88715e-02
pdf db-ub(1):0.694505                                                                                                     | 15        pdf       ub1 a   4.98132e-01
pdf uv(1):2.000000                                                                                                        | 16        pdf       ub1 b   2.68311e+00
pdf s-sb(1):0.000000                                                                                                      | 17        pdf       uv1 a  -1.46527e-01
pdf s-sb(2):-0.000000                                                                                                     | 18        pdf       uv1 b   6.37546e+00
                                                                                                                          | 19       norm       idis      10016  1.04116e+00
reaction: unpol DIS                                                                                                       | 20       norm       idis      10017  1.08320e+00
filters: Q2>1.690000                                                                                                      | 21       norm       idis      10010  1.15340e+00
filters: W2>10.000000                                                                                                     | 22       norm       idis      10011  1.17587e+00
    idx tar        col  npts       chi2  chi2-npts      rchi2      nchi2                                                  | 23       norm       idis      10020  1.06701e+00
  10016   p      BCDMS   348    3139.47    2791.47      81.13       1.88                                                  | 
  10017   d      BCDMS   254    1573.42    1319.42      62.82       7.69                                                  | 
  10020   p        NMC   273    9917.23    9644.23    2159.13      11.23                                                  | 
  10021 d/p        NMC   174    1106.61     932.61     245.63       0.00                                                  | 
  10010   p       SLAC   218    2058.54    1840.54       0.00      53.36                                                  | 
  10011   d       SLAC   228    2465.85    2237.85       0.00     107.02                                                  | 
['pdf']
JAM FITTER                                                                                                                | 1        pdf       db1 N   6.72734e-02
count = 200                                                                                                               | 2        pdf       db1 a  -3.30982e-01
elapsed time(mins)=1.903237                                                                                               | 3        pdf       db1 b   4.09039e+00
shifts  = 2                                                                                                               | 4        pdf       dv1 a  -4.77549e-01
npts    = 1495                                                                                                            | 5        pdf       dv1 b   9.71540e+00
chi2    = 3803.161086                                                                                                     | 6        pdf        g1 a   1.44476e-02
rchi2   = 206.046332                                                                                                      | 7        pdf        g1 b   2.05286e+00
nchi2   = 159.188132                                                                                                      | 8        pdf        s1 N   9.02984e-02
chi2tot = 4168.395550                                                                                                     | 9        pdf        s1 a  -1.96282e-01
dchi2(iter)  = inf                                                                                                        | 10        pdf        s1 b   3.56535e+00
dchi2(local) = -18822.605126                                                                                              | 11        pdf      sea1 N   2.14560e-02
pdf dv(1):1.000000                                                                                                        | 12        pdf      sea1 a  -1.88081e+00
pdf db-ub(2):-0.052766                                                                                                    | 13        pdf      sea1 b   2.16997e-01
pdf msr:1.000000                                                                                                          | 14        pdf       ub1 N   1.20040e-01
pdf db-ub(1):0.109319                                                                                                     | 15        pdf       ub1 a   5.84214e-01
pdf uv(1):2.000000                                                                                                        | 16        pdf       ub1 b   3.61622e+00
pdf s-sb(1):0.000000                                                                                                      | 17        pdf       uv1 a  -4.99902e-01
pdf s-sb(2):0.000000                                                                                                      | 18        pdf       uv1 b   6.69433e+00
                                                                                                                          | 19       norm       idis      10016  1.06932e+00
reaction: unpol DIS                                                                                                       | 20       norm       idis      10017  1.10382e+00
filters: Q2>1.690000                                                                                                      | 21       norm       idis      10010  1.15127e+00
filters: W2>10.000000                                                                                                     | 22       norm       idis      10011  1.15865e+00
    idx tar        col  npts       chi2  chi2-npts      rchi2      nchi2                                                  | 23       norm       idis      10020  1.03399e+00
  10016   p      BCDMS   348     687.09     339.09      46.91       5.34                                                  | 
  10017   d      BCDMS   254     591.24     337.24      42.71      11.98                                                  | 
  10020   p        NMC   273    1266.93     993.93     101.40       2.89                                                  | 
  10021 d/p        NMC   174     361.87     187.87      15.02       0.00                                                  | 
  10010   p       SLAC   218     415.08     197.08       0.00      51.89                                                  | 
  10011   d       SLAC   228     480.96     252.96       0.00      87.09                                                  | 
['pdf']
JAM FITTER                                                                                                                | 1        pdf       db1 N   6.39180e-02
count = 300                                                                                                               | 2        pdf       db1 a  -2.80967e-01
elapsed time(mins)=2.841527                                                                                               | 3        pdf       db1 b   4.12732e+00
shifts  = 2                                                                                                               | 4        pdf       dv1 a  -4.99995e-01
npts    = 1495                                                                                                            | 5        pdf       dv1 b   9.74254e+00
chi2    = 3065.041919                                                                                                     | 6        pdf        g1 a  -7.50390e-01
rchi2   = 63.056574                                                                                                       | 7        pdf        g1 b   4.73320e+00
nchi2   = 14.487259                                                                                                       | 8        pdf        s1 N   6.28798e-02
chi2tot = 3142.585752                                                                                                     | 9        pdf        s1 a  -2.45945e-01
dchi2(iter)  = inf                                                                                                        | 10        pdf        s1 b   3.41292e+00
dchi2(local) = -19848.414924                                                                                              | 11        pdf      sea1 N   1.44617e-02
pdf dv(1):1.000000                                                                                                        | 12        pdf      sea1 a  -1.87069e+00
pdf db-ub(2):-0.050014                                                                                                    | 13        pdf      sea1 b   4.18314e-02
pdf msr:1.000000                                                                                                          | 14        pdf       ub1 N   1.13932e-01
pdf db-ub(1):0.082364                                                                                                     | 15        pdf       ub1 a   7.25622e-01
pdf uv(1):2.000000                                                                                                        | 16        pdf       ub1 b   3.89841e+00
pdf s-sb(1):0.000000                                                                                                      | 17        pdf       uv1 a  -4.99410e-01
pdf s-sb(2):0.000000                                                                                                      | 18        pdf       uv1 b   6.98391e+00
                                                                                                                          | 19       norm       idis      10016  9.99431e-01
reaction: unpol DIS                                                                                                       | 20       norm       idis      10017  1.01974e+00
filters: Q2>1.690000                                                                                                      | 21       norm       idis      10010  1.05113e+00
filters: W2>10.000000                                                                                                     | 22       norm       idis      10011  1.04553e+00
    idx tar        col  npts       chi2  chi2-npts      rchi2      nchi2                                                  | 23       norm       idis      10020  1.01951e+00
  10016   p      BCDMS   348     711.02     363.02      18.81       0.00                                                  | 
  10017   d      BCDMS   254     551.14     297.14      23.06       0.43                                                  | 
  10020   p        NMC   273     683.33     410.33      16.97       0.95                                                  | 
  10021 d/p        NMC   174     343.33     169.33       4.22       0.00                                                  | 
  10010   p       SLAC   218     387.68     169.68       0.00       5.93                                                  | 
  10011   d       SLAC   228     388.55     160.55       0.00       7.17                                                  | 
['pdf']
JAM FITTER                                                                                                                | 1        pdf       db1 N   6.04017e-02
count = 400                                                                                                               | 2        pdf       db1 a  -1.99740e-01
elapsed time(mins)=3.784065                                                                                               | 3        pdf       db1 b   4.53261e+00
shifts  = 2                                                                                                               | 4        pdf       dv1 a  -4.99994e-01
npts    = 1495                                                                                                            | 5        pdf       dv1 b   9.78600e+00
chi2    = 2904.462487                                                                                                     | 6        pdf        g1 a  -5.09545e-01
rchi2   = 64.602493                                                                                                       | 7        pdf        g1 b   5.07486e+00
nchi2   = 6.154376                                                                                                        | 8        pdf        s1 N   5.08243e-02
chi2tot = 2975.219357                                                                                                     | 9        pdf        s1 a  -2.82724e-01
dchi2(iter)  = inf                                                                                                        | 10        pdf        s1 b   2.86290e+00
dchi2(local) = -20015.781320                                                                                              | 11        pdf      sea1 N   1.10240e-02
pdf dv(1):1.000000                                                                                                        | 12        pdf      sea1 a  -1.71978e+00
pdf db-ub(2):-0.050517                                                                                                    | 13        pdf      sea1 b   6.44658e-03
pdf msr:1.000000                                                                                                          | 14        pdf       ub1 N   1.10919e-01
pdf db-ub(1):0.055537                                                                                                     | 15        pdf       ub1 a   8.08229e-01
pdf uv(1):2.000000                                                                                                        | 16        pdf       ub1 b   4.07873e+00
pdf s-sb(1):0.000000                                                                                                      | 17        pdf       uv1 a  -4.97301e-01
pdf s-sb(2):0.000000                                                                                                      | 18        pdf       uv1 b   6.88045e+00
                                                                                                                          | 19       norm       idis      10016  9.81729e-01
reaction: unpol DIS                                                                                                       | 20       norm       idis      10017  1.00062e+00
filters: Q2>1.690000                                                                                                      | 21       norm       idis      10010  1.03297e+00
filters: W2>10.000000                                                                                                     | 22       norm       idis      10011  1.02693e+00
    idx tar        col  npts       chi2  chi2-npts      rchi2      nchi2                                                  | 23       norm       idis      10020  1.01798e+00
  10016   p      BCDMS   348     677.25     329.25      17.36       0.37                                                  | 
  10017   d      BCDMS   254     523.56     269.56      14.61       0.00                                                  | 
  10020   p        NMC   273     581.62     308.62      23.94       0.81                                                  | 
  10021 d/p        NMC   174     340.65     166.65       8.70       0.00                                                  | 
  10010   p       SLAC   218     400.37     182.37       0.00       2.47                                                  | 
  10011   d       SLAC   228     381.01     153.01       0.00       2.51                                                  | 
['pdf']
JAM FITTER                                                                                                                | 1        pdf       db1 N   6.12076e-02
count = 500                                                                                                               | 2        pdf       db1 a  -1.42802e-01
elapsed time(mins)=4.727650                                                                                               | 3        pdf       db1 b   4.62757e+00
shifts  = 2                                                                                                               | 4        pdf       dv1 a  -4.99997e-01
npts    = 1495                                                                                                            | 5        pdf       dv1 b   9.79083e+00
chi2    = 2841.918457                                                                                                     | 6        pdf        g1 a  -5.02987e-01
rchi2   = 54.532756                                                                                                       | 7        pdf        g1 b   4.88431e+00
nchi2   = 6.730685                                                                                                        | 8        pdf        s1 N   3.18829e-02
chi2tot = 2903.181898                                                                                                     | 9        pdf        s1 a  -2.45835e-01
dchi2(iter)  = inf                                                                                                        | 10        pdf        s1 b   2.88072e+00
dchi2(local) = -20087.818778                                                                                              | 11        pdf      sea1 N   1.37309e-02
pdf dv(1):1.000000                                                                                                        | 12        pdf      sea1 a  -1.62978e+00
pdf db-ub(2):-0.048178                                                                                                    | 13        pdf      sea1 b   3.24169e-01
pdf msr:1.000000                                                                                                          | 14        pdf       ub1 N   1.09385e-01
pdf db-ub(1):0.050378                                                                                                     | 15        pdf       ub1 a   8.24168e-01
pdf uv(1):2.000000                                                                                                        | 16        pdf       ub1 b   4.05758e+00
pdf s-sb(1):0.000000                                                                                                      | 17        pdf       uv1 a  -4.98750e-01
pdf s-sb(2):0.000000                                                                                                      | 18        pdf       uv1 b   6.46313e+00
                                                                                                                          | 19       norm       idis      10016  9.85534e-01
reaction: unpol DIS                                                                                                       | 20       norm       idis      10017  1.00430e+00
filters: Q2>1.690000                                                                                                      | 21       norm       idis      10010  1.03407e+00
filters: W2>10.000000                                                                                                     | 22       norm       idis      10011  1.02733e+00
    idx tar        col  npts       chi2  chi2-npts      rchi2      nchi2                                                  | 23       norm       idis      10020  1.02245e+00
  10016   p      BCDMS   348     665.28     317.28      20.49       0.23                                                  | 
  10017   d      BCDMS   254     521.16     267.16      14.57       0.02                                                  | 
  10020   p        NMC   273     542.97     269.97      11.34       1.26                                                  | 
  10021 d/p        NMC   174     338.22     164.22       8.13       0.00                                                  | 
  10010   p       SLAC   218     397.40     179.40       0.00       2.63                                                  | 
  10011   d       SLAC   228     376.90     148.90       0.00       2.59                                                  | 
['pdf']
JAM FITTER                                                                                                                | 1        pdf       db1 N   5.71086e-02
count = 600                                                                                                               | 2        pdf       db1 a  -2.51420e-02
elapsed time(mins)=5.663544                                                                                               | 3        pdf       db1 b   4.80042e+00
shifts  = 2                                                                                                               | 4        pdf       dv1 a  -5.00000e-01
npts    = 1495                                                                                                            | 5        pdf       dv1 b   9.92382e+00
chi2    = 2802.954316                                                                                                     | 6        pdf        g1 a  -6.39015e-01
rchi2   = 51.898238                                                                                                       | 7        pdf        g1 b   3.19755e+00
nchi2   = 1.756365                                                                                                        | 8        pdf        s1 N   1.52819e-02
chi2tot = 2856.608919                                                                                                     | 9        pdf        s1 a  -7.74358e-02
dchi2(iter)  = inf                                                                                                        | 10        pdf        s1 b   3.93232e+00
dchi2(local) = -20134.391757                                                                                              | 11        pdf      sea1 N   1.72409e-02
pdf dv(1):1.000000                                                                                                        | 12        pdf      sea1 a  -1.49966e+00
pdf db-ub(2):-0.034663                                                                                                    | 13        pdf      sea1 b   7.15950e-01
pdf msr:1.000000                                                                                                          | 14        pdf       ub1 N   9.17719e-02
pdf db-ub(1):0.069695                                                                                                     | 15        pdf       ub1 a   9.42333e-01
pdf uv(1):2.000000                                                                                                        | 16        pdf       ub1 b   3.98301e+00
pdf s-sb(1):0.000000                                                                                                      | 17        pdf       uv1 a  -4.99535e-01
pdf s-sb(2):0.000000                                                                                                      | 18        pdf       uv1 b   5.14641e+00
                                                                                                                          | 19       norm       idis      10016  9.78607e-01
reaction: unpol DIS                                                                                                       | 20       norm       idis      10017  9.98205e-01
filters: Q2>1.690000                                                                                                      | 21       norm       idis      10010  1.01769e+00
filters: W2>10.000000                                                                                                     | 22       norm       idis      10011  1.00986e+00
    idx tar        col  npts       chi2  chi2-npts      rchi2      nchi2                                                  | 23       norm       idis      10020  1.00890e+00
  10016   p      BCDMS   348     654.18     306.18      19.44       0.51                                                  | 
  10017   d      BCDMS   254     511.62     257.62      14.20       0.00                                                  | 
  10020   p        NMC   273     539.43     266.43      11.47       0.20                                                  | 
  10021 d/p        NMC   174     334.12     160.12       6.79       0.00                                                  | 
  10010   p       SLAC   218     388.19     170.19       0.00       0.71                                                  | 
  10011   d       SLAC   228     375.42     147.42       0.00       0.34                                                  | 
['pdf']
JAM FITTER                                                                                                                | 1        pdf       db1 N   4.96651e-02
count = 700                                                                                                               | 2        pdf       db1 a   9.84152e-03
elapsed time(mins)=6.611693                                                                                               | 3        pdf       db1 b   5.02558e+00
shifts  = 23                                                                                                              | 4        pdf       dv1 a  -5.00000e-01
npts    = 1495                                                                                                            | 5        pdf       dv1 b   9.99792e+00
chi2    = 2790.665210                                                                                                     | 6        pdf        g1 a  -6.16041e-01
rchi2   = 49.978421                                                                                                       | 7        pdf        g1 b   3.01649e+00
nchi2   = 1.533992                                                                                                        | 8        pdf        s1 N   3.16411e-02
chi2tot = 2842.177624                                                                                                     | 9        pdf        s1 a   9.93562e-01
dchi2(iter)  = 20148.823052                                                                                               | 10        pdf        s1 b   5.84434e+00
dchi2(local) = -20148.823052                                                                                              | 11        pdf      sea1 N   1.93479e-02
pdf dv(1):1.000000                                                                                                        | 12        pdf      sea1 a  -1.42547e+00
pdf db-ub(2):-0.025398                                                                                                    | 13        pdf      sea1 b   9.72137e-01
pdf msr:1.000000                                                                                                          | 14        pdf       ub1 N   7.50629e-02
pdf db-ub(1):0.088408                                                                                                     | 15        pdf       ub1 a   9.99855e-01
pdf uv(1):2.000000                                                                                                        | 16        pdf       ub1 b   3.86325e+00
pdf s-sb(1):0.000000                                                                                                      | 17        pdf       uv1 a  -4.99495e-01
pdf s-sb(2):0.000000                                                                                                      | 18        pdf       uv1 b   4.51330e+00
                                                                                                                          | 19       norm       idis      10016  9.66399e-01
reaction: unpol DIS                                                                                                       | 20       norm       idis      10017  9.86772e-01
filters: Q2>1.690000                                                                                                      | 21       norm       idis      10010  1.00476e+00
filters: W2>10.000000                                                                                                     | 22       norm       idis      10011  9.97095e-01
    idx tar        col  npts       chi2  chi2-npts      rchi2      nchi2                                                  | 23       norm       idis      10020  9.98666e-01
  10016   p      BCDMS   348     645.48     297.48      18.98       1.25                                                  | 
  10017   d      BCDMS   254     504.87     250.87      13.63       0.19                                                  | 
  10020   p        NMC   273     541.75     268.75      12.09       0.00                                                  | 
  10021 d/p        NMC   174     332.64     158.64       5.28       0.00                                                  | 
  10010   p       SLAC   218     385.33     167.33       0.00       0.05                                                  | 
  10011   d       SLAC   228     380.60     152.60       0.00       0.03                                                  | 
['pdf']
JAM FITTER                                                                                                                | 1        pdf       db1 N   4.99086e-02
count = 800                                                                                                               | 2        pdf       db1 a  -3.90124e-02
elapsed time(mins)=7.550937                                                                                               | 3        pdf       db1 b   4.89031e+00
shifts  = 2                                                                                                               | 4        pdf       dv1 a  -5.00000e-01
npts    = 1495                                                                                                            | 5        pdf       dv1 b   9.99885e+00
chi2    = 2789.051688                                                                                                     | 6        pdf        g1 a  -5.91449e-01
rchi2   = 50.955542                                                                                                       | 7        pdf        g1 b   3.15315e+00
nchi2   = 1.584942                                                                                                        | 8        pdf        s1 N   3.63603e-02
chi2tot = 2841.592172                                                                                                     | 9        pdf        s1 a   9.98106e-01
dchi2(iter)  = 20148.823052                                                                                               | 10        pdf        s1 b   6.07386e+00
dchi2(local) = -0.585452                                                                                                  | 11        pdf      sea1 N   1.84701e-02
pdf dv(1):1.000000                                                                                                        | 12        pdf      sea1 a  -1.44385e+00
pdf db-ub(2):-0.028225                                                                                                    | 13        pdf      sea1 b   9.32005e-01
pdf msr:1.000000                                                                                                          | 14        pdf       ub1 N   7.81336e-02
pdf db-ub(1):0.087832                                                                                                     | 15        pdf       ub1 a   9.99577e-01
pdf uv(1):2.000000                                                                                                        | 16        pdf       ub1 b   3.85872e+00
pdf s-sb(1):0.000000                                                                                                      | 17        pdf       uv1 a  -4.99759e-01
pdf s-sb(2):0.000000                                                                                                      | 18        pdf       uv1 b   4.71679e+00
                                                                                                                          | 19       norm       idis      10016  9.65914e-01
reaction: unpol DIS                                                                                                       | 20       norm       idis      10017  9.86316e-01
filters: Q2>1.690000                                                                                                      | 21       norm       idis      10010  1.00522e+00
filters: W2>10.000000                                                                                                     | 22       norm       idis      10011  9.97561e-01
    idx tar        col  npts       chi2  chi2-npts      rchi2      nchi2                                                  | 23       norm       idis      10020  9.98808e-01
  10016   p      BCDMS   348     645.77     297.77      19.73       1.29                                                  | 
  10017   d      BCDMS   254     505.65     251.65      13.76       0.21                                                  | 
  10020   p        NMC   273     541.93     268.93      12.27       0.00                                                  | 
  10021 d/p        NMC   174     332.37     158.37       5.19       0.00                                                  | 
  10010   p       SLAC   218     384.29     166.29       0.00       0.06                                                  | 
  10011   d       SLAC   228     379.05     151.05       0.00       0.02                                                  | 
['pdf']
JAM FITTER                                                                                                                | 1        pdf       db1 N   4.96674e-02
count = 900                                                                                                               | 2        pdf       db1 a  -6.32957e-02
elapsed time(mins)=8.495050                                                                                               | 3        pdf       db1 b   4.84693e+00
shifts  = 3                                                                                                               | 4        pdf       dv1 a  -5.00000e-01
npts    = 1495                                                                                                            | 5        pdf       dv1 b   9.99985e+00
chi2    = 2788.350508                                                                                                     | 6        pdf        g1 a  -5.86510e-01
rchi2   = 51.381780                                                                                                       | 7        pdf        g1 b   3.19932e+00
nchi2   = 1.719673                                                                                                        | 8        pdf        s1 N   4.02561e-02
chi2tot = 2841.451961                                                                                                     | 9        pdf        s1 a   9.99985e-01
dchi2(iter)  = 0.725663                                                                                                   | 10        pdf        s1 b   6.09806e+00
dchi2(local) = -0.725663                                                                                                  | 11        pdf      sea1 N   1.80338e-02
pdf dv(1):1.000000                                                                                                        | 12        pdf      sea1 a  -1.45357e+00
pdf db-ub(2):-0.029815                                                                                                    | 13        pdf      sea1 b   9.02008e-01
pdf msr:1.000000                                                                                                          | 14        pdf       ub1 N   7.94825e-02
pdf db-ub(1):0.086981                                                                                                     | 15        pdf       ub1 a   9.99894e-01
pdf uv(1):2.000000                                                                                                        | 16        pdf       ub1 b   3.86194e+00
pdf s-sb(1):-0.000000                                                                                                     | 17        pdf       uv1 a  -4.99915e-01
pdf s-sb(2):-0.000000                                                                                                     | 18        pdf       uv1 b   4.84512e+00
                                                                                                                          | 19       norm       idis      10016  9.64682e-01
reaction: unpol DIS                                                                                                       | 20       norm       idis      10017  9.85092e-01
filters: Q2>1.690000                                                                                                      | 21       norm       idis      10010  1.00461e+00
filters: W2>10.000000                                                                                                     | 22       norm       idis      10011  9.97016e-01
    idx tar        col  npts       chi2  chi2-npts      rchi2      nchi2                                                  | 23       norm       idis      10020  9.98232e-01
  10016   p      BCDMS   348     645.84     297.84      20.00       1.39                                                  | 
  10017   d      BCDMS   254     504.78     250.78      13.78       0.25                                                  | 
  10020   p        NMC   273     542.13     269.13      12.38       0.01                                                  | 
  10021 d/p        NMC   174     332.33     158.33       5.22       0.00                                                  | 
  10010   p       SLAC   218     383.94     165.94       0.00       0.05                                                  | 
  10011   d       SLAC   228     379.31     151.31       0.00       0.03                                                  | 
['pdf']
JAM FITTER                                                                                                                | 1        pdf       db1 N   4.94729e-02
count = 1000                                                                                                              | 2        pdf       db1 a  -7.02486e-02
elapsed time(mins)=9.431943                                                                                               | 3        pdf       db1 b   4.84434e+00
shifts  = 2                                                                                                               | 4        pdf       dv1 a  -5.00000e-01
npts    = 1495                                                                                                            | 5        pdf       dv1 b   1.00000e+01
chi2    = 2788.241963                                                                                                     | 6        pdf        g1 a  -5.85563e-01
rchi2   = 51.397401                                                                                                       | 7        pdf        g1 b   3.21326e+00
nchi2   = 1.788167                                                                                                        | 8        pdf        s1 N   4.19310e-02
chi2tot = 2841.427531                                                                                                     | 9        pdf        s1 a   1.00000e+00
dchi2(iter)  = 0.725663                                                                                                   | 10        pdf        s1 b   6.07625e+00
dchi2(local) = -0.024430                                                                                                  | 11        pdf      sea1 N   1.79090e-02
pdf dv(1):1.000000                                                                                                        | 12        pdf      sea1 a  -1.45638e+00
pdf db-ub(2):-0.030288                                                                                                    | 13        pdf      sea1 b   8.92077e-01
pdf msr:1.000000                                                                                                          | 14        pdf       ub1 N   7.97604e-02
pdf db-ub(1):0.086765                                                                                                     | 15        pdf       ub1 a   1.00000e+00
pdf uv(1):2.000000                                                                                                        | 16        pdf       ub1 b   3.86281e+00
pdf s-sb(1):0.000000                                                                                                      | 17        pdf       uv1 a  -4.99998e-01
pdf s-sb(2):0.000000                                                                                                      | 18        pdf       uv1 b   4.88572e+00
                                                                                                                          | 19       norm       idis      10016  9.64110e-01
reaction: unpol DIS                                                                                                       | 20       norm       idis      10017  9.84499e-01
filters: Q2>1.690000                                                                                                      | 21       norm       idis      10010  1.00428e+00
filters: W2>10.000000                                                                                                     | 22       norm       idis      10011  9.96707e-01
    idx tar        col  npts       chi2  chi2-npts      rchi2      nchi2                                                  | 23       norm       idis      10020  9.97922e-01
  10016   p      BCDMS   348     646.04     298.04      20.02       1.43                                                  | 
  10017   d      BCDMS   254     504.27     250.27      13.75       0.27                                                  | 
  10020   p        NMC   273     542.29     269.29      12.40       0.01                                                  | 
  10021 d/p        NMC   174     332.26     158.26       5.23       0.00                                                  | 
  10010   p       SLAC   218     383.81     165.81       0.00       0.04                                                  | 
  10011   d       SLAC   228     379.57     151.57       0.00       0.04                                                  | 
['pdf']
JAM FITTER                                                                                                                | 1        pdf       db1 N   4.94595e-02
count = 1085                                                                                                              | 2        pdf       db1 a  -7.14407e-02
elapsed time(mins)=10.253786                                                                                              | 3        pdf       db1 b   4.84235e+00
shifts  = 2                                                                                                               | 4        pdf       dv1 a  -5.00000e-01
npts    = 1495                                                                                                            | 5        pdf       dv1 b   1.00000e+01
chi2    = 2788.219231                                                                                                     | 6        pdf        g1 a  -5.85795e-01
rchi2   = 51.412594                                                                                                       | 7        pdf        g1 b   3.21380e+00
nchi2   = 1.795436                                                                                                        | 8        pdf        s1 N   4.21180e-02
chi2tot = 2841.427260                                                                                                     | 9        pdf        s1 a   1.00000e+00
dchi2(iter)  = 0.725663                                                                                                   | 10        pdf        s1 b   6.07663e+00
dchi2(local) = -0.024701                                                                                                  | 11        pdf      sea1 N   1.78894e-02
pdf dv(1):1.000000                                                                                                        | 12        pdf      sea1 a  -1.45684e+00
pdf db-ub(2):-0.030363                                                                                                    | 13        pdf      sea1 b   8.90621e-01
pdf msr:1.000000                                                                                                          | 14        pdf       ub1 N   7.98222e-02
pdf db-ub(1):0.086738                                                                                                     | 15        pdf       ub1 a   1.00000e+00
pdf uv(1):2.000000                                                                                                        | 16        pdf       ub1 b   3.86305e+00
pdf s-sb(1):-0.000000                                                                                                     | 17        pdf       uv1 a  -5.00000e-01
pdf s-sb(2):-0.000000                                                                                                     | 18        pdf       uv1 b   4.89212e+00
                                                                                                                          | 19       norm       idis      10016  9.64050e-01
reaction: unpol DIS                                                                                                       | 20       norm       idis      10017  9.84438e-01
filters: Q2>1.690000                                                                                                      | 21       norm       idis      10010  1.00426e+00
filters: W2>10.000000                                                                                                     | 22       norm       idis      10011  9.96681e-01
    idx tar        col  npts       chi2  chi2-npts      rchi2      nchi2                                                  | 23       norm       idis      10020  9.97889e-01
  10016   p      BCDMS   348     646.06     298.06      20.03       1.44                                                  | 
  10017   d      BCDMS   254     504.23     250.23      13.76       0.27                                                  | 
  10020   p        NMC   273     542.30     269.30      12.40       0.01                                                  | 
  10021 d/p        NMC   174     332.26     158.26       5.23       0.00                                                  | 
  10010   p       SLAC   218     383.79     165.79       0.00       0.04                                                  | 
  10011   d       SLAC   228     379.59     151.59       0.00       0.04                                                  | 
