('active', 'pdf')

--step 1: npQCD objects = pdf , datasets = idis , tmc = False , ht = False
loading idis data sets 10016
loading idis data sets 10017
loading idis data sets 10020
loading idis data sets 10021
loading idis data sets 10010
loading idis data sets 10011
Loading DIS tables...
10016 has norm uncertainty
10017 has norm uncertainty
10020 has norm uncertainty
10010 has norm uncertainty
10011 has norm uncertainty
[H[J[H[J['pdf']
JAM FITTER                                                                                                                | 1        pdf       db1 N   1.00740e-01
count = 100                                                                                                               | 2        pdf       db1 a  -8.67852e-02
elapsed time(mins)=0.419431                                                                                               | 3        pdf       db1 b   5.49992e+00
shifts  = 3                                                                                                               | 4        pdf       dv1 a  -3.82608e-01
npts    = 1495                                                                                                            | 5        pdf       dv1 b   9.39113e+00
chi2    = 51620.064209                                                                                                    | 6        pdf        g1 a   9.00104e-01
rchi2   = 5520.888271                                                                                                     | 7        pdf        g1 b   3.67224e-01
nchi2   = 307.212515                                                                                                      | 8        pdf        s1 N   5.79612e-03
chi2tot = 57448.164995                                                                                                    | 9        pdf        s1 a  -8.45522e-01
dchi2(iter)  = inf                                                                                                        | 10        pdf        s1 b   7.17866e+00
dchi2(local) = -inf                                                                                                       | 11        pdf      sea1 N   2.09660e-02
pdf dv(1):1.000000                                                                                                        | 12        pdf      sea1 a  -1.88068e+00
pdf db-ub(2):0.007001                                                                                                     | 13        pdf      sea1 b   9.30256e+00
pdf msr:1.000000                                                                                                          | 14        pdf       ub1 N   9.37395e-02
pdf db-ub(1):-0.775326                                                                                                    | 15        pdf       ub1 a  -6.21195e-01
pdf uv(1):2.000000                                                                                                        | 16        pdf       ub1 b   5.05896e+00
pdf s-sb(1):0.000000                                                                                                      | 17        pdf       uv1 a  -3.43030e-01
pdf s-sb(2):0.000000                                                                                                      | 18        pdf       uv1 b   1.68365e+00
                                                                                                                          | 19       norm       idis      10016  1.14948e+00
reaction: unpol DIS                                                                                                       | 20       norm       idis      10017  1.13579e+00
filters: Q2>1.690000                                                                                                      | 21       norm       idis      10010  1.19683e+00
filters: W2>10.000000                                                                                                     | 22       norm       idis      10011  1.14729e+00
    idx tar        col  npts       chi2  chi2-npts      rchi2      nchi2                                                  | 23       norm       idis      10020  1.19898e+00
  10016   p      BCDMS   348    3849.66    3501.66    2953.60      24.83                                                  | 
  10017   d      BCDMS   254    2131.53    1877.53    1754.39      20.49                                                  | 
  10020   p        NMC   273    2045.17    1772.17     459.15      98.98                                                  | 
  10021 d/p        NMC   174    1078.84     904.84     353.75       0.00                                                  | 
  10010   p       SLAC   218   15656.41   15438.41       0.00      87.85                                                  | 
  10011   d       SLAC   228   26858.44   26630.44       0.00      75.07                                                  | 
['pdf']
JAM FITTER                                                                                                                | 1        pdf       db1 N   7.83531e-02
count = 200                                                                                                               | 2        pdf       db1 a  -2.30740e-01
elapsed time(mins)=0.840955                                                                                               | 3        pdf       db1 b   3.70787e+00
shifts  = 2                                                                                                               | 4        pdf       dv1 a  -4.44209e-01
npts    = 1495                                                                                                            | 5        pdf       dv1 b   9.56949e+00
chi2    = 3972.165174                                                                                                     | 6        pdf        g1 a   1.11968e-01
rchi2   = 279.680442                                                                                                      | 7        pdf        g1 b   1.99812e+00
nchi2   = 205.136730                                                                                                      | 8        pdf        s1 N   4.37476e-02
chi2tot = 4456.982346                                                                                                     | 9        pdf        s1 a  -9.05997e-01
dchi2(iter)  = inf                                                                                                        | 10        pdf        s1 b   8.26756e+00
dchi2(local) = -52991.182649                                                                                              | 11        pdf      sea1 N   8.75888e-03
pdf dv(1):1.000000                                                                                                        | 12        pdf      sea1 a  -1.84868e+00
pdf db-ub(2):0.040312                                                                                                     | 13        pdf      sea1 b   9.40461e+00
pdf msr:1.000000                                                                                                          | 14        pdf       ub1 N   3.80409e-02
pdf db-ub(1):0.025412                                                                                                     | 15        pdf       ub1 a  -7.45004e-01
pdf uv(1):2.000000                                                                                                        | 16        pdf       ub1 b   2.31421e+00
pdf s-sb(1):0.000000                                                                                                      | 17        pdf       uv1 a  -2.42270e-01
pdf s-sb(2):0.000000                                                                                                      | 18        pdf       uv1 b   2.86876e+00
                                                                                                                          | 19       norm       idis      10016  1.10185e+00
reaction: unpol DIS                                                                                                       | 20       norm       idis      10017  1.13144e+00
filters: Q2>1.690000                                                                                                      | 21       norm       idis      10010  1.16710e+00
filters: W2>10.000000                                                                                                     | 22       norm       idis      10[H[J[H[J011  1.16503e+00
    idx tar        col  npts       chi2  chi2-npts      rchi2      nchi2                                                  | 23       norm       idis      10020  1.08212e+00
  10016   p      BCDMS   348     910.38     562.38      89.26      11.53                                                  | 
  10017   d      BCDMS   254     685.58     431.58      75.83      19.20                                                  | 
  10020   p        NMC   273     984.51     711.51      99.75      16.86                                                  | 
  10021 d/p        NMC   174     414.99     240.99      14.84       0.00                                                  | 
  10010   p       SLAC   218     471.35     253.35       0.00      63.32                                                  | 
  10011   d       SLAC   228     505.36     277.36       0.00      94.24                                                  | 
['pdf']
JAM FITTER                                                                                                                | 1        pdf       db1 N   5.15338e-02
count = 300                                                                                                               | 2        pdf       db1 a   5.44220e-01
elapsed time(mins)=1.263450                                                                                               | 3        pdf       db1 b   4.90480e+00
shifts  = 2                                                                                                               | 4        pdf       dv1 a  -2.71327e-01
npts    = 1495                                                                                                            | 5        pdf       dv1 b   8.36184e+00
chi2    = 3006.828665                                                                                                     | 6        pdf        g1 a  -5.90635e-01
rchi2   = 76.150212                                                                                                       | 7        pdf        g1 b   4.61790e+00
nchi2   = 14.340722                                                                                                       | 8        pdf        s1 N   6.88026e-02
chi2tot = 3097.319599                                                                                                     | 9        pdf        s1 a  -9.75039e-01
dchi2(iter)  = inf                                                                                                        | 10        pdf        s1 b   9.36339e+00
dchi2(local) = -54350.845396                                                                                              | 11        pdf      sea1 N   3.58333e-03
pdf dv(1):1.000000                                                                                                        | 12        pdf      sea1 a  -1.42360e+00
pdf db-ub(2):0.044303                                                                                                     | 13        pdf      sea1 b   9.78888e+00
pdf msr:1.000000                                                                                                          | 14        pdf       ub1 N   7.23086e-03
pdf db-ub(1):-0.081513                                                                                                    | 15        pdf       ub1 a  -8.98331e-01
pdf uv(1):2.000000                                                                                                        | 16        pdf       ub1 b   3.53970e+00
pdf s-sb(1):0.000000                                                                                                      | 17        pdf       uv1 a  -1.54490e-01
pdf s-sb(2):0.000000                                                                                                      | 18        pdf       uv1 b   3.05886e+00
                                                                                                                          | 19       norm       idis      10016  9.99890e-01
reaction: unpol DIS                                                                                                       | 20       norm       idis      10017  1.02059e+00
filters: Q2>1.690000                                                                                                      | 21       norm       idis      10010  1.04885e+00
filters: W2>10.000000                                                                                                     | 22       norm       idis      10011  1.04709e+00
    idx tar        col  npts       chi2  chi2-npts      rchi2      nchi2                                                  | 23       norm       idis      10020  1.01776e+00
  10016   p      BCDMS   348     729.36     381.36      31.77       0.00                                                  | 
  10017   d      BCDMS   254     541.05     287.05      19.56       0.47                                                  | 
  10020   p        NMC   273     560.20     287.20      21.04       0.79                                                  | 
  10021 d/p        NMC   174     368.40     194.40       3.78       0.00                                                  | 
  10010   p       SLAC   218     430.78     212.78       0.00       5.41                                                  | 
  10011   d       SLAC   228     377.04     149.04       0.00       7.67                                                  | 
['pdf']
JAM FITTER                                                                                                                | 1        pdf       db1 N   3.99292e-02
count = 400                                                                                                               | 2        pdf       db1 a   9.78228e-01
elapsed time(mins)=1.681568                                                                                               | 3        pdf       db1 b   5.19188e+00
shifts  = 3                                                                                                               | 4        pdf       dv1 a  -9.42433e-02
npts    = 1495                                                                                                            | 5        pdf       dv1 b   8.39915e+00
chi2    = 2978.422641                                                                                                     | 6        pdf        g1 a  -6.49104e-01
rchi2   = 65.717222                                                                                                       | 7        pdf        g1 b   3.51267e+00
nchi2   = 4.891120                                                                                                        | 8        pdf        s1 N   4.26287e-02
chi2tot = 3049.030982                                                                                                     | 9        pdf        s1 a  -9.86018e-01
dchi2(iter)  = 54399.134013                                                                                               | 10        pdf        s1 b   9.92702e+00
dchi2(local) = -54399.134013                                                                                              | 11        pdf      sea1 N   8.32425e-03
pdf dv(1):1.000000                                                                                                        | 12        pdf      sea1 a  -1.16695e+00
pdf db-ub(2):0.038090                                                                                                     | 13        pdf      sea1 b   9.93948e+00
pdf msr:1.000000                                                                                                          | 14        pdf       ub1 N   1.83920e-03
pdf db-ub(1):-1.050747                                                                                                    | 15        pdf       ub1 a  -9.88508e-01
pdf uv(1):2.000000                                                                                                        | 16        pdf       ub1 b   6.58456e+00
pdf s-sb(1):-0.000000                                          [H[J[H[J                                                           | 17        pdf       uv1 a  -1.37879e-01
pdf s-sb(2):-0.000000                                                                                                     | 18        pdf       uv1 b   3.10488e+00
                                                                                                                          | 19       norm       idis      10016  9.93229e-01
reaction: unpol DIS                                                                                                       | 20       norm       idis      10017  1.01122e+00
filters: Q2>1.690000                                                                                                      | 21       norm       idis      10010  1.03073e+00
filters: W2>10.000000                                                                                                     | 22       norm       idis      10011  1.02619e+00
    idx tar        col  npts       chi2  chi2-npts      rchi2      nchi2                                                  | 23       norm       idis      10020  1.00862e+00
  10016   p      BCDMS   348     711.68     363.68      27.24       0.05                                                  | 
  10017   d      BCDMS   254     542.39     288.39      17.17       0.14                                                  | 
  10020   p        NMC   273     562.84     289.84      16.04       0.19                                                  | 
  10021 d/p        NMC   174     362.13     188.13       5.26       0.00                                                  | 
  10010   p       SLAC   218     424.65     206.65       0.00       2.14                                                  | 
  10011   d       SLAC   228     374.72     146.72       0.00       2.37                                                  | 
['pdf']
JAM FITTER                                                                                                                | 1        pdf       db1 N   4.08156e-02
count = 500                                                                                                               | 2        pdf       db1 a   9.99934e-01
elapsed time(mins)=2.101253                                                                                               | 3        pdf       db1 b   5.31122e+00
shifts  = 2                                                                                                               | 4        pdf       dv1 a  -1.02659e-01
npts    = 1495                                                                                                            | 5        pdf       dv1 b   8.62833e+00
chi2    = 2974.537108                                                                                                     | 6        pdf        g1 a  -6.65459e-01
rchi2   = 63.312466                                                                                                       | 7        pdf        g1 b   3.36150e+00
nchi2   = 3.153378                                                                                                        | 8        pdf        s1 N   4.58555e-02
chi2tot = 3041.002952                                                                                                     | 9        pdf        s1 a  -9.95681e-01
dchi2(iter)  = 54399.134013                                                                                               | 10        pdf        s1 b   9.99930e+00
dchi2(local) = -8.028031                                                                                                  | 11        pdf      sea1 N   7.31058e-03
pdf dv(1):1.000000                                                                                                        | 12        pdf      sea1 a  -1.17417e+00
pdf db-ub(2):0.038852                                                                                                     | 13        pdf      sea1 b   9.99986e+00
pdf msr:1.000000                                                                                                          | 14        pdf       ub1 N   1.96308e-03
pdf db-ub(1):-4.143424                                                                                                    | 15        pdf       ub1 a  -9.95074e-01
pdf uv(1):2.000000                                                                                                        | 16        pdf       ub1 b   9.81821e+00
pdf s-sb(1):0.000000                                                                                                      | 17        pdf       uv1 a  -1.40685e-01
pdf s-sb(2):0.000000                                                                                                      | 18        pdf       uv1 b   3.10437e+00
                                                                                                                          | 19       norm       idis      10016  9.89222e-01
reaction: unpol DIS                                                                                                       | 20       norm       idis      10017  1.00641e+00
filters: Q2>1.690000                                                                                                      | 21       norm       idis      10010  1.02569e+00
filters: W2>10.000000                                                                                                     | 22       norm       idis      10011  1.02019e+00
    idx tar        col  npts       chi2  chi2-npts      rchi2      nchi2                                                  | 23       norm       idis      10020  1.00535e+00
  10016   p      BCDMS   348     712.00     364.00      25.83       0.13                                                  | 
  10017   d      BCDMS   254     540.19     286.19      16.25       0.05                                                  | 
  10020   p        NMC   273     561.67     288.67      15.08       0.07                                                  | 
  10021 d/p        NMC   174     361.43     187.43       6.16       0.00                                                  | 
  10010   p       SLAC   218     423.11     205.11       0.00       1.50                                                  | 
  10011   d       SLAC   228     376.13     148.13       0.00       1.41                                                  | 
['pdf']
JAM FITTER                                                                                                                | 1        pdf       db1 N   4.26331e-02
count = 600                                                                                                               | 2        pdf       db1 a   9.99985e-01
elapsed time(mins)=2.527141                                                                                               | 3        pdf       db1 b   5.41063e+00
shifts  = 2                                                                                                               | 4        pdf       dv1 a  -1.02001e-01
npts    = 1495                                                                                                            | 5        pdf       dv1 b   8.99449e+00
chi2    = 2973.399408                                                                                                     | 6        pdf        g1 a  -6.67346e-01
rchi2   = 63.604839                                                                                                       | 7        pdf        g1 b   3.37957e+00
nchi2   = 3.240426                                                                                                        | 8        pdf        s1 N   4.61793e-02
chi2tot = 3040.244672                                                                                                     | 9        pdf        s1 a  -9.99913e-01
dchi2(iter)  = 54399.134013                                                                                               | 10        pdf        s1 b   1.00000e+01
dchi2(local) = -8.786310                                                                                   [H[J[H[J               | 11        pdf      sea1 N   6.87260e-03
pdf dv(1):1.000000                                                                                                        | 12        pdf      sea1 a  -1.20086e+00
pdf db-ub(2):0.040093                                                                                                     | 13        pdf      sea1 b   1.00000e+01
pdf msr:1.000000                                                                                                          | 14        pdf       ub1 N   2.53988e-03
pdf db-ub(1):-0.087561                                                                                                    | 15        pdf       ub1 a  -8.94296e-01
pdf uv(1):2.000000                                                                                                        | 16        pdf       ub1 b   9.99993e+00
pdf s-sb(1):0.000000                                                                                                      | 17        pdf       uv1 a  -1.40936e-01
pdf s-sb(2):0.000000                                                                                                      | 18        pdf       uv1 b   3.10161e+00
                                                                                                                          | 19       norm       idis      10016  9.89399e-01
reaction: unpol DIS                                                                                                       | 20       norm       idis      10017  1.00649e+00
filters: Q2>1.690000                                                                                                      | 21       norm       idis      10010  1.02616e+00
filters: W2>10.000000                                                                                                     | 22       norm       idis      10011  1.02040e+00
    idx tar        col  npts       chi2  chi2-npts      rchi2      nchi2                                                  | 23       norm       idis      10020  1.00558e+00
  10016   p      BCDMS   348     713.41     365.41      26.19       0.12                                                  | 
  10017   d      BCDMS   254     538.51     284.51      15.96       0.05                                                  | 
  10020   p        NMC   273     559.98     286.98      15.02       0.08                                                  | 
  10021 d/p        NMC   174     362.31     188.31       6.44       0.00                                                  | 
  10010   p       SLAC   218     422.21     204.21       0.00       1.55                                                  | 
  10011   d       SLAC   228     376.97     148.97       0.00       1.44                                                  | 
['pdf']
JAM FITTER                                                                                                                | 1        pdf       db1 N   4.27070e-02
count = 700                                                                                                               | 2        pdf       db1 a   9.99999e-01
elapsed time(mins)=2.951485                                                                                               | 3        pdf       db1 b   5.41451e+00
shifts  = 1                                                                                                               | 4        pdf       dv1 a  -1.01812e-01
npts    = 1495                                                                                                            | 5        pdf       dv1 b   9.00985e+00
chi2    = 2973.368880                                                                                                     | 6        pdf        g1 a  -6.67320e-01
rchi2   = 63.614909                                                                                                       | 7        pdf        g1 b   3.38169e+00
nchi2   = 3.259718                                                                                                        | 8        pdf        s1 N   4.61630e-02
chi2tot = 3040.243506                                                                                                     | 9        pdf        s1 a  -9.99999e-01
dchi2(iter)  = 54399.134013                                                                                               | 10        pdf        s1 b   1.00000e+01
dchi2(local) = -8.787476                                                                                                  | 11        pdf      sea1 N   6.86190e-03
pdf dv(1):1.000000                                                                                                        | 12        pdf      sea1 a  -1.20213e+00
pdf db-ub(2):0.040141                                                                                                     | 13        pdf      sea1 b   1.00000e+01
pdf msr:1.000000                                                                                                          | 14        pdf       ub1 N   2.56619e-03
pdf db-ub(1):-0.078290                                                                                                    | 15        pdf       ub1 a  -8.89476e-01
pdf uv(1):2.000000                                                                                                        | 16        pdf       ub1 b   1.00000e+01
pdf s-sb(1):0.000000                                                                                                      | 17        pdf       uv1 a  -1.40917e-01
pdf s-sb(2):0.000000                                                                                                      | 18        pdf       uv1 b   3.10149e+00
                                                                                                                          | 19       norm       idis      10016  9.89446e-01
reaction: unpol DIS                                                                                                       | 20       norm       idis      10017  1.00654e+00
filters: Q2>1.690000                                                                                                      | 21       norm       idis      10010  1.02623e+00
filters: W2>10.000000                                                                                                     | 22       norm       idis      10011  1.02046e+00
    idx tar        col  npts       chi2  chi2-npts      rchi2      nchi2                                                  | 23       norm       idis      10020  1.00562e+00
  10016   p      BCDMS   348     713.51     365.51      26.21       0.12                                                  | 
  10017   d      BCDMS   254     538.45     284.45      15.95       0.05                                                  | 
  10020   p        NMC   273     559.89     286.89      15.02       0.08                                                  | 
  10021 d/p        NMC   174     362.34     188.34       6.44       0.00                                                  | 
  10010   p       SLAC   218     422.17     204.17       0.00       1.56                                                  | 
  10011   d       SLAC   228     377.01     149.01       0.00       1.45                                                  | 
['pdf']
JAM FITTER                                                                                                                | 1        pdf       db1 N   4.27070e-02
count = 722                                                                                                               | 2        pdf       db1 a   9.99999e-01
elapsed time(mins)=3.048992                                                                                               | 3        pdf       db1 b   5.41451e+00
shifts  = 1                                                                                                               | 4        pdf       dv1 a  -1.01812e-01
npts    = 1495                                                                                                            | 5        pdf       dv1 b   9.00985e+00
chi2    = 2973.368804                                                                                                     | 6        pdf        g1 a  -6.67320e-01
rchi2   = 63.614984                                                                                                       | 7        pdf        g1 b   3.38169e+00
nchi2   = 3.259718                                                                                                        | 8        pdf        s1 N   4.61630e-02
chi2tot = 3040.243506                                                                                                     | 9        pdf        s1 a  -9.99999e-01
dchi2(iter)  = 54399.134013                                                                                               | 10        pdf        s1 b   1.00000e+01
dchi2(local) = -8.787476                                                                                                  | 11        pdf      sea1 N   6.86188e-03
pdf dv(1):1.000000                                                                                                        | 12        pdf      sea1 a  -1.20213e+00
pdf db-ub(2):0.040141                                                                                                     | 13        pdf      sea1 b   1.00000e+01
pdf msr:1.000000                                                                                                          | 14        pdf       ub1 N   2.56619e-03
pdf db-ub(1):-0.078290                                                                                                    | 15        pdf       ub1 a  -8.89476e-01
pdf uv(1):2.000000                                                                                                        | 16        pdf       ub1 b   1.00000e+01
pdf s-sb(1):0.000000                                                                                                      | 17        pdf       uv1 a  -1.40917e-01
pdf s-sb(2):0.000000                                                                                                      | 18        pdf       uv1 b   3.10149e+00
                                                                                                                          | 19       norm       idis      10016  9.89446e-01
reaction: unpol DIS                                                                                                       | 20       norm       idis      10017  1.00654e+00
filters: Q2>1.690000                                                                                                      | 21       norm       idis      10010  1.02623e+00
filters: W2>10.000000                                                                                                     | 22       norm       idis      10011  1.02046e+00
    idx tar        col  npts       chi2  chi2-npts      rchi2      nchi2                                                  | 23       norm       idis      10020  1.00562e+00
  10016   p      BCDMS   348     713.51     365.51      26.21       0.12                                                  | 
  10017   d      BCDMS   254     538.45     284.45      15.95       0.05                                                  | 
  10020   p        NMC   273     559.89     286.89      15.02       0.08                                                  | 
  10021 d/p        NMC   174     362.34     188.34       6.44       0.00                                                  | 
  10010   p       SLAC   218     422.17     204.17       0.00       1.56                                                  | 
  10011   d       SLAC   228     377.01     149.01       0.00       1.45                                                  | 
