('active', 'pdf')

--step 1: npQCD objects = pdf , datasets = idis , tmc = False , ht = False
loading idis data sets 10016
loading idis data sets 10017
loading idis data sets 10020
loading idis data sets 10021
loading idis data sets 10010
loading idis data sets 10011
Loading DIS tables...
10016 has norm uncertainty
10017 has norm uncertainty
10020 has norm uncertainty
10010 has norm uncertainty
10011 has norm uncertainty
[H[J[H[J[H[J[H[J[H[J[H[J[H[J[H[J[H[J[H[J[H[J[H[J[H[J[H[J[H[J['pdf']
JAM FITTER                                                                                                                | 1        pdf       db1 N   1.32915e-01
count = 100                                                                                                               | 2        pdf       db1 a  -4.33790e-01
elapsed time(mins)=0.947014                                                                                               | 3        pdf       db1 b   4.45470e+00
shifts  = 2                                                                                                               | 4        pdf       dv1 a  -4.70296e-01
npts    = 1495                                                                                                            | 5        pdf       dv1 b   9.75158e+00
chi2    = 23733.373511                                                                                                    | 6        pdf        g1 a   5.81301e-01
rchi2   = 4684.112534                                                                                                     | 7        pdf        g1 b   5.28401e-01
nchi2   = 203.090489                                                                                                      | 8        pdf        s1 N   3.75855e-02
chi2tot = 28620.576534                                                                                                    | 9        pdf        s1 a   5.74080e-01
dchi2(iter)  = 0.000000                                                                                                   | 10        pdf        s1 b   7.22096e-01
dchi2(local) = -inf                                                                                                       | 11        pdf      sea1 N   6.43495e-02
pdf dv(1):1.000000                                                                                                        | 12        pdf      sea1 a  -1.85594e+00
pdf db-ub(2):-0.006255                                                                                                    | 13        pdf      sea1 b   9.64479e+00
pdf msr:1.000000                                                                                                          | 14        pdf       ub1 N   1.39170e-01
pdf db-ub(1):0.873583                                                                                                     | 15        pdf       ub1 a   8.44566e-01
pdf uv(1):2.000000                                                                                                        | 16        pdf       ub1 b   4.30992e+00
pdf s-sb(1):0.000000                                                                                                      | 17        pdf       uv1 a  -4.08595e-01
pdf s-sb(2):0.000000                                                                                                      | 18        pdf       uv1 b   9.42660e+00
                                                                                                                          | 19       norm       idis      10016  1.03855e+00
reaction: unpol DIS                                                                                                       | 20       norm       idis      10017  1.15036e+00
filters: Q2>1.690000                                                                                                      | 21       norm       idis      10010  1.09849e+00
filters: W2>10.000000                                                                                                     | 22       norm       idis      10011  1.16532e+00
    idx tar        col  npts       chi2  chi2-npts      rchi2      nchi2                                                  | 23       norm       idis      10020  1.15459e+00
  10016   p      BCDMS   348    1041.28     693.28      83.82       1.65                                                  | 
  10017   d      BCDMS   254     789.41     535.41      23.31      25.12                                                  | 
  10020   p        NMC   273   12030.14   11757.14    2759.07      59.75                                                  | 
  10021 d/p        NMC   174    2862.81    2688.81    1817.92       0.00                                                  | 
  10010   p       SLAC   218    1452.83    1234.83       0.00      22.00                                                  | 
  10011   d       SLAC   228    5556.92    5328.92       0.00      94.57                                                  | 
['pdf']
JAM FITTER                                                                                                                | 1        pdf       db1 N   8.02538e-02
count = 200                                                                                                               | 2        pdf       db1 a  -2.93734e-01
elapsed time(mins)=1.889321                                                                                               | 3        pdf       db1 b   4.28918e+00
shifts  = 3                                                                                                               | 4        pdf       dv1 a  -4.82907e-01
npts    = 1495                                                                                                            | 5        pdf       dv1 b   9.71996e+00
chi2    = 3417.941070                                                                                                     | 6        pdf        g1 a  -5.82253e-01
rchi2   = 75.589849                                                                                                       | 7        pdf        g1 b   5.87488e+00
nchi2   = 101.186035                                                                                                      | 8        pdf        s1 N   2.58615e-02
chi2tot = 3594.716954                                                                                                     | 9        pdf        s1 a   7.12035e-01
dchi2(iter)  = inf                                                                                                        | 10        pdf        s1 b   1.87018e+00
dchi2(local) = -inf                                                                                                       | 11        pdf      sea1 N   2.05506e-02
pdf dv(1):1.000000                                                                                                        | 12        pdf      sea1 a  -1.88063e+00
pdf db-ub(2):-0.056940                                                                                                    | 13        pdf      sea1 b   2.42878e-01
pdf msr:1.000000                                                                                                          | 14        pdf       ub1 N   1.37194e-01
pdf db-ub(1):0.119123                                                                                                     | 15        pdf       ub1 a   6.74450e-01
pdf uv(1):2.000000                                                                                                        | 16        pdf       ub1 b   4.18654e+00
pdf s-sb(1):0.000000                                                                                                      | 17        pdf       uv1 a  -4.38906e-01
pdf s-sb(2):0.000000                                                                                                      | 18        pdf       uv1 b   8.93908e+00
                                                                                                                          | 19       norm       idis      10016  1.05190e+00
reaction: unpol DIS                                                                                                       | 20       norm       idis      10017  1.08336e+00
filters: Q2>1.690000                                                                                                      | 21       norm       idis      10010  1.11465e+00
filters: W2>10.000000                                                                                                     | 22       norm       idis      10011  1.12593e+00
    idx tar        col  npts       chi2  chi2-npts      rchi2      nchi2                                                  | 23       norm       idis      10020  1.04814e+00
  10016   p      BCDMS   348     742.99     394.99      13.59       2.99                                                  | 
  10017   d      BCDMS   254     525.70     271.70      17.97       7.72                                                  | 
  10020   p        NMC   273     886.09     613.09      38.07       5.79                                                  | 
  10021 d/p        NMC   174     450.74     276.74       5.97       0.00                                                  | 
  10010   p       SLAC   218     398.78     180.78       0.00      29.81                                                  | 
  10011   d       SLAC   228     413.64     185.64       0.00      54.87                                                  | 
['pdf']
JAM FITTER                                                                                                                | 1        pdf       db1 N   7.47841e-02
count = 300                                                                                                               | 2        pdf       db1 a  -2.84708e-01
elapsed time(mins)=2.836815                                                                                               | 3        pdf       db1 b   4.31240e+00
shifts  = 3                                                                                                               | 4        pdf       dv1 a  -4.90696e-01
npts    = 1495                                                                                                            | 5        pdf       dv1 b   9.44856e+00
chi2    = 3090.189123                                                                                                     | 6        pdf        g1 a  -5.72364e-01
rchi2   = 52.892860                                                                                                       | 7        pdf        g1 b   5.88845e+00
nchi2   = 38.240127                                                                                                       | 8        pdf        s1 N   2.11118e-02
chi2tot = 3181.322110                                                                                                     | 9        pdf        s1 a   7.26080e-01
dchi2(iter)  = 413.394845                                                                                                 | 10        pdf        s1 b   1.61525e+00
dchi2(local) = -413.394845                                                                                                | 11        pdf      sea1 N   1.25415e-02
pdf dv(1):1.000000                                                                                                        | 12        pdf      sea1 a  -1.86252e+00
pdf db-ub(2):-0.064105                                                                                                    | 13        pdf      sea1 b   2.17259e-01
pdf msr:1.000000                                                                                                          | 14        pdf       ub1 N   1.38889e-01
pdf db-ub(1):0.045185                                                                                                     | 15        pdf       ub1 a   5.69606e-01
pdf uv(1):2.000000                                                                                                        | 16        pdf       ub1 b   4.04173e+00
pdf s-sb(1):-0.000000                                                                                                     | 17        pdf       uv1 a  -4.86767e-01
pdf s-sb(2):0.000000                                                                                                      | 18        pdf       uv1 b   8.89736e+00
                                                                                                                          | 19       norm       idis      10016  1.01867e+00
reaction: unpol DIS                                                                                                       | 20       norm       idis      10017  1.04204e+00
filters: Q2>1.690000                                                                                                      | 21       norm       idis      10010  1.07403e+00
filters: W2>10.000000                                                                                                     | 22       norm       idis      10011  1.07217e+00
    idx tar        col  npts       chi2  chi2-npts      rchi2      nchi2                                                  | 23       norm       idis      10020  1.04665e+00
  10016   p      BCDMS   348     717.43     369.43      20.11       0.39                                                  | 
  10017   d      BCDMS   254     541.72     287.72      15.46       1.96                                                  | 
  10020   p        NMC   273     612.17     339.17      14.37       5.44                                                  | 
  10021 d/p        NMC   174     438.90     264.90       2.96       0.00                                                  | 
  10010   p       SLAC   218     388.15     170.15       0.00      12.43                                                  | 
  10011   d       SLAC   228     391.81     163.81       0.00      18.02                                                  | 
['pdf']
JAM FITTER                                                                                                                | 1        pdf       db1 N   7.08285e-02
count = 400                                                                                                               | 2        pdf       db1 a  -2.54633e-01
elapsed time(mins)=3.771575                                                                                               | 3        pdf       db1 b   4.35559e+00
shifts  = 3                                                                                                               | 4        pdf       dv1 a  -4.98460e-01
npts    = 1495                                                                                                            | 5        pdf       dv1 b   9.47373e+00
chi2    = 3033.785016                                                                                                     | 6        pdf        g1 a  -6.47946e-01
rchi2   = 48.468736                                                                                                       | 7        pdf        g1 b   5.59908e+00
nchi2   = 20.857633                                                                                                       | 8        pdf        s1 N   1.86212e-02
chi2tot = 3103.111385                                                                                                     | 9        pdf        s1 a   7.03234e-01
dchi2(iter)  = 78.210725                                                                                                  | 10        pdf        s1 b   1.58685e+00
dchi2(local) = -78.210725                                                                                                 | 11        pdf      sea1 N   1.16078e-02
pdf dv(1):1.000000                                                                                                        | 12        pdf      sea1 a  -1.69319e+00
pdf db-ub(2):-0.060101                                                                                                    | 13        pdf      sea1 b   4.98489e-01
pdf msr:1.000000                                                                                                          | 14        pdf       ub1 N   1.30929e-01
pdf db-ub(1):0.041526                                                                                                     | 15        pdf       ub1 a   6.37440e-01
pdf uv(1):2.000000                                                                                                        | 16        pdf       ub1 b   4.09367e+00
pdf s-sb(1):0.000000                                                                                                      | 17        pdf       uv1 a  -4.99430e-01
pdf s-sb(2):0.000000                                                                                                      | 18        pdf       uv1 b   8.17995e+00
                                                                                                                          | 19       norm       idis      10016  1.00286e+00
reaction: unpol DIS                                                                                                       | 20       norm       idis      10017  1.02456e+00
filters: Q2>1.690000                                                                                                      | 21       norm       idis      10010  1.05470e+00
filters: W2>10.000000                                                                                                     | 22       norm       idis      10011  1.05243e+00
    idx tar        col  npts       chi2  chi2-npts      rchi2      nchi2                                                  | 23       norm       idis      10020  1.03942e+00
  10016   p      BCDMS   348     703.66     355.66      21.31       0.01                                                  | 
  10017   d      BCDMS   254     546.79     292.79      15.43       0.67                                                  | 
  10020   p        NMC   273     549.46     276.46       8.01       3.88                                                  | 
  10021 d/p        NMC   174     440.66     266.66       3.72       0.00                                                  | 
  10010   p       SLAC   218     399.88     181.88       0.00       6.78                                                  | 
  10011   d       SLAC   228     393.33     165.33       0.00       9.51                                                  | 
['pdf']
JAM FITTER                                                                                                                | 1        pdf       db1 N   6.50317e-02
count = 500                                                                                                               | 2        pdf       db1 a  -1.39116e-01
elapsed time(mins)=4.715295                                                                                               | 3        pdf       db1 b   4.45055e+00
shifts  = 2                                                                                                               | 4        pdf       dv1 a  -4.99961e-01
npts    = 1495                                                                                                            | 5        pdf       dv1 b   9.68260e+00
chi2    = 2955.548132                                                                                                     | 6        pdf        g1 a  -8.49659e-01
rchi2   = 47.112185                                                                                                       | 7        pdf        g1 b   2.87519e+00
nchi2   = 7.500965                                                                                                        | 8        pdf        s1 N   1.52081e-02
chi2tot = 3010.161281                                                                                                     | 9        pdf        s1 a   7.36022e-01
dchi2(iter)  = 78.210725                                                                                                  | 10        pdf        s1 b   9.66336e-01
dchi2(local) = -92.950103                                                                                                 | 11        pdf      sea1 N   1.33728e-02
pdf dv(1):1.000000                                                                                                        | 12        pdf      sea1 a  -1.51219e+00
pdf db-ub(2):-0.046219                                                                                                    | 13        pdf      sea1 b   1.63646e+00
pdf msr:1.000000                                                                                                          | 14        pdf       ub1 N   1.11251e-01
pdf db-ub(1):0.056748                                                                                                     | 15        pdf       ub1 a   8.13793e-01
pdf uv(1):2.000000                                                                                                        | 16        pdf       ub1 b   4.03407e+00
pdf s-sb(1):0.000000                                                                                                      | 17        pdf       uv1 a  -4.99898e-01
pdf s-sb(2):0.000000                                                                                                      | 18        pdf       uv1 b   6.29178e+00
                                                                                                                          | 19       norm       idis      10016  9.93375e-01
reaction: unpol DIS                                                                                                       | 20       norm       idis      10017  1.01580e+00
filters: Q2>1.690000                                                                                                      | 21       norm       idis      10010  1.03437e+00
filters: W2>10.000000                                                                                                     | 22       norm       idis      10011  1.03033e+00
    idx tar        col  npts       chi2  chi2-npts      rchi2      nchi2                                                  | 23       norm       idis      10020  1.02291e+00
  10016   p      BCDMS   348     694.84     346.84      18.24       0.05                                                  | 
  10017   d      BCDMS   254     523.69     269.69      15.57       0.28                                                  | 
  10020   p        NMC   273     535.32     262.32       9.61       1.31                                                  | 
  10021 d/p        NMC   174     434.01     260.01       3.70       0.00                                                  | 
  10010   p       SLAC   218     376.15     158.15       0.00       2.68                                                  | 
  10011   d       SLAC   228     391.53     163.53       0.00       3.18                                                  | 
['pdf']
JAM FITTER                                                                                                                | 1        pdf       db1 N   6.22012e-02
count = 600                                                                                                               | 2        pdf       db1 a  -2.27374e-02
elapsed time(mins)=5.651215                                                                                               | 3        pdf       db1 b   4.55730e+00
shifts  = 2                                                                                                               | 4        pdf       dv1 a  -4.99997e-01
npts    = 1495                                                                                                            | 5        pdf       dv1 b   9.81341e+00
chi2    = 2924.632844                                                                                                     | 6        pdf        g1 a  -8.59501e-01
rchi2   = 50.400906                                                                                                       | 7        pdf        g1 b   2.36271e+00
nchi2   = 2.398748                                                                                                        | 8        pdf        s1 N   1.42180e-02
chi2tot = 2977.432498                                                                                                     | 9        pdf        s1 a   7.61747e-01
dchi2(iter)  = 78.210725                                                                                                  | 10        pdf        s1 b   8.52969e-01
dchi2(local) = -125.678887                                                                                                | 11        pdf      sea1 N   1.40014e-02
pdf dv(1):1.000000                                                                                                        | 12        pdf      sea1 a  -1.39127e+00
pdf db-ub(2):-0.030178                                                                                                    | 13        pdf      sea1 b   3.03806e+00
pdf msr:1.000000                                                                                                          | 14        pdf       ub1 N   9.23791e-02
pdf db-ub(1):0.084187                                                                                                     | 15        pdf       ub1 a   8.72710e-01
pdf uv(1):2.000000                                                                                                        | 16        pdf       ub1 b   3.85207e+00
pdf s-sb(1):0.000000                                                                                                      | 17        pdf       uv1 a  -4.99961e-01
pdf s-sb(2):0.000000                                                                                                      | 18        pdf       uv1 b   4.81163e+00
                                                                                                                          | 19       norm       idis      10016  9.83243e-01
reaction: unpol DIS                                                                                                       | 20       norm       idis      10017  1.00719e+00
filters: Q2>1.690000                                                                                                      | 21       norm       idis      10010  1.01965e+00
filters: W2>10.000000                                                                                                     | 22       norm       idis      10011  1.01531e+00
    idx tar        col  npts       chi2  chi2-npts      rchi2      nchi2                                                  | 23       norm       idis      10020  1.01172e+00
  10016   p      BCDMS   348     690.45     342.45      21.94       0.31                                                  | 
  10017   d      BCDMS   254     515.64     261.64      16.56       0.06                                                  | 
  10020   p        NMC   273     529.09     256.09       9.39       0.34                                                  | 
  10021 d/p        NMC   174     424.32     250.32       2.51       0.00                                                  | 
  10010   p       SLAC   218     369.92     151.92       0.00       0.88                                                  | 
  10011   d       SLAC   228     395.21     167.21       0.00       0.81                                                  | 
['pdf']
JAM FITTER                                                                                                                | 1        pdf       db1 N   6.16878e-02
count = 700                                                                                                               | 2        pdf       db1 a   6.31447e-02
elapsed time(mins)=6.601724                                                                                               | 3        pdf       db1 b   4.71313e+00
shifts  = 2                                                                                                               | 4        pdf       dv1 a  -5.00000e-01
npts    = 1495                                                                                                            | 5        pdf       dv1 b   9.98897e+00
chi2    = 2921.741772                                                                                                     | 6        pdf        g1 a  -8.49103e-01
rchi2   = 46.869447                                                                                                       | 7        pdf        g1 b   2.21885e+00
nchi2   = 1.262573                                                                                                        | 8        pdf        s1 N   1.53578e-02
chi2tot = 2969.873791                                                                                                     | 9        pdf        s1 a   8.95702e-01
dchi2(iter)  = 78.210725                                                                                                  | 10        pdf        s1 b   1.10522e+00
dchi2(local) = -133.237593                                                                                                | 11        pdf      sea1 N   1.36302e-02
pdf dv(1):1.000000                                                                                                        | 12        pdf      sea1 a  -1.32806e+00
pdf db-ub(2):-0.019942                                                                                                    | 13        pdf      sea1 b   4.27751e+00
pdf msr:1.000000                                                                                                          | 14        pdf       ub1 N   8.16295e-02
pdf db-ub(1):0.100923                                                                                                     | 15        pdf       ub1 a   8.52283e-01
pdf uv(1):2.000000                                                                                                        | 16        pdf       ub1 b   3.77956e+00
pdf s-sb(1):0.000000                                                                                                      | 17        pdf       uv1 a  -4.99977e-01
pdf s-sb(2):0.000000                                                                                                      | 18        pdf       uv1 b   4.15990e+00
                                                                                                                          | 19       norm       idis      10016  9.78243e-01
reaction: unpol DIS                                                                                                       | 20       norm       idis      10017  1.00292e+00
filters: Q2>1.690000                                                                                                      | 21       norm       idis      10010  1.01252e+00
filters: W2>10.000000                                                                                                     | 22       norm       idis      10011  1.00826e+00
    idx tar        col  npts       chi2  chi2-npts      rchi2      nchi2                                                  | 23       norm       idis      10020  1.00736e+00
  10016   p      BCDMS   348     688.38     340.38      20.32       0.53                                                  | 
  10017   d      BCDMS   254     515.09     261.09      15.62       0.01                                                  | 
  10020   p        NMC   273     528.65     255.65       8.85       0.14                                                  | 
  10021 d/p        NMC   174     422.87     248.87       2.08       0.00                                                  | 
  10010   p       SLAC   218     368.18     150.18       0.00       0.36                                                  | 
  10011   d       SLAC   228     398.57     170.57       0.00       0.24                                                  | 
['pdf']
JAM FITTER                                                                                                                | 1        pdf       db1 N   5.95547e-02
count = 800                                                                                                               | 2        pdf       db1 a   1.01226e-01
elapsed time(mins)=7.554558                                                                                               | 3        pdf       db1 b   4.77528e+00
shifts  = 2                                                                                                               | 4        pdf       dv1 a  -4.87820e-01
npts    = 1495                                                                                                            | 5        pdf       dv1 b   9.99618e+00
chi2    = 2923.411650                                                                                                     | 6        pdf        g1 a  -8.40998e-01
rchi2   = 44.554457                                                                                                       | 7        pdf        g1 b   2.24257e+00
nchi2   = 1.201996                                                                                                        | 8        pdf        s1 N   1.61121e-02
chi2tot = 2969.168102                                                                                                     | 9        pdf        s1 a   7.69413e-01
dchi2(iter)  = 78.210725                                                                                                  | 10        pdf        s1 b   1.09142e+00
dchi2(local) = -133.943283                                                                                                | 11        pdf      sea1 N   1.48016e-02
pdf dv(1):1.000000                                                                                                        | 12        pdf      sea1 a  -1.31853e+00
pdf db-ub(2):-0.016851                                                                                                    | 13        pdf      sea1 b   3.86439e+00
pdf msr:1.000000                                                                                                          | 14        pdf       ub1 N   7.64055e-02
pdf db-ub(1):0.098895                                                                                                     | 15        pdf       ub1 a   8.59466e-01
pdf uv(1):2.000000                                                                                                        | 16        pdf       ub1 b   3.78420e+00
pdf s-sb(1):0.000000                                                                                                      | 17        pdf       uv1 a  -4.99982e-01
pdf s-sb(2):0.000000                                                                                                      | 18        pdf       uv1 b   3.94962e+00
                                                                                                                          | 19       norm       idis      10016  9.77461e-01
reaction: unpol DIS                                                                                                       | 20       norm       idis      10017  1.00215e+00
filters: Q2>1.690000                                                                                                      | 21       norm       idis      10010  1.01182e+00
filters: W2>10.000000                                                                                                     | 22       norm       idis      10011  1.00758e+00
    idx tar        col  npts       chi2  chi2-npts      rchi2      nchi2                                                  | 23       norm       idis      10020  1.00682e+00
  10016   p      BCDMS   348     687.65     339.65      18.76       0.56                                                  | 
  10017   d      BCDMS   254     514.67     260.67      14.87       0.01                                                  | 
  10020   p        NMC   273     528.63     255.63       8.88       0.12                                                  | 
  10021 d/p        NMC   174     423.09     249.09       2.06       0.00                                                  | 
  10010   p       SLAC   218     368.98     150.98       0.00       0.32                                                  | 
  10011   d       SLAC   228     400.39     172.39       0.00       0.20                                                  | 
['pdf']
JAM FITTER                                                                                                                | 1        pdf       db1 N   5.70515e-02
count = 900                                                                                                               | 2        pdf       db1 a   1.37862e-01
elapsed time(mins)=8.499401                                                                                               | 3        pdf       db1 b   4.85685e+00
shifts  = 3                                                                                                               | 4        pdf       dv1 a  -4.76682e-01
npts    = 1495                                                                                                            | 5        pdf       dv1 b   9.99941e+00
chi2    = 2923.270950                                                                                                     | 6        pdf        g1 a  -8.34049e-01
rchi2   = 44.510416                                                                                                       | 7        pdf        g1 b   2.27139e+00
nchi2   = 1.143016                                                                                                        | 8        pdf        s1 N   1.87445e-02
chi2tot = 2968.924382                                                                                                     | 9        pdf        s1 a   3.30874e-01
dchi2(iter)  = 134.187003                                                                                                 | 10        pdf        s1 b   1.01120e+00
dchi2(local) = -134.187003                                                                                                | 11        pdf      sea1 N   1.60051e-02
pdf dv(1):1.000000                                                                                                        | 12        pdf      sea1 a  -1.31087e+00
pdf db-ub(2):-0.014046                                                                                                    | 13        pdf      sea1 b   3.49017e+00
pdf msr:1.000000                                                                                                          | 14        pdf       ub1 N   7.10978e-02
pdf db-ub(1):0.097265                                                                                                     | 15        pdf       ub1 a   8.72241e-01
pdf uv(1):2.000000                                                                                                        | 16        pdf       ub1 b   3.80177e+00
pdf s-sb(1):-0.000000                                                                                                     | 17        pdf       uv1 a  -4.99980e-01
pdf s-sb(2):-0.000000                                                                                                     | 18        pdf       uv1 b   3.76825e+00
                                                                                                                          | 19       norm       idis      10016  9.76189e-01
reaction: unpol DIS                                                                                                       | 20       norm       idis      10017  1.00082e+00
filters: Q2>1.690000                                                                                                      | 21       norm       idis      10010  1.01093e+00
filters: W2>10.000000                                                                                                     | 22       norm       idis      10011  1.00673e+00
    idx tar        col  npts       chi2  chi2-npts      rchi2      nchi2                                                  | 23       norm       idis      10020  1.00582e+00
  10016   p      BCDMS   348     687.51     339.51      18.63       0.63                                                  | 
  10017   d      BCDMS   254     514.75     260.75      14.86       0.00                                                  | 
  10020   p        NMC   273     528.85     255.85       8.97       0.08                                                  | 
  10021 d/p        NMC   174     422.97     248.97       2.06       0.00                                                  | 
  10010   p       SLAC   218     368.83     150.83       0.00       0.27                                                  | 
  10011   d       SLAC   228     400.36     172.36       0.00       0.16                                                  | 
['pdf']
JAM FITTER                                                                                                                | 1        pdf       db1 N   5.52893e-02
count = 1000                                                                                                              | 2        pdf       db1 a   1.67971e-01
elapsed time(mins)=9.438790                                                                                               | 3        pdf       db1 b   4.92247e+00
shifts  = 2                                                                                                               | 4        pdf       dv1 a  -4.68421e-01
npts    = 1495                                                                                                            | 5        pdf       dv1 b   9.99990e+00
chi2    = 2923.289236                                                                                                     | 6        pdf        g1 a  -8.20311e-01
rchi2   = 44.150959                                                                                                       | 7        pdf        g1 b   2.34482e+00
nchi2   = 1.118093                                                                                                        | 8        pdf        s1 N   2.56822e-02
chi2tot = 2968.558288                                                                                                     | 9        pdf        s1 a  -2.92010e-01
dchi2(iter)  = 134.187003                                                                                                 | 10        pdf        s1 b   9.31124e-01
dchi2(local) = -0.366094                                                                                                  | 11        pdf      sea1 N   1.59838e-02
pdf dv(1):1.000000                                                                                                        | 12        pdf      sea1 a  -1.30505e+00
pdf db-ub(2):-0.011749                                                                                                    | 13        pdf      sea1 b   3.58612e+00
pdf msr:1.000000                                                                                                          | 14        pdf       ub1 N   6.70380e-02
pdf db-ub(1):0.096698                                                                                                     | 15        pdf       ub1 a   8.81909e-01
pdf uv(1):2.000000                                                                                                        | 16        pdf       ub1 b   3.82593e+00
pdf s-sb(1):0.000000                                                                                                      | 17        pdf       uv1 a  -4.99879e-01
pdf s-sb(2):0.000000                                                                                                      | 18        pdf       uv1 b   3.63432e+00
                                                                                                                          | 19       norm       idis      10016  9.74135e-01
reaction: unpol DIS                                                                                                       | 20       norm       idis      10017  9.98666e-01
filters: Q2>1.690000                                                                                                      | 21       norm       idis      10010  1.00973e+00
filters: W2>10.000000                                                                                                     | 22       norm       idis      10011  1.00565e+00
    idx tar        col  npts       chi2  chi2-npts      rchi2      nchi2                                                  | 23       norm       idis      10020  1.00438e+00
  10016   p      BCDMS   348     686.92     338.92      18.35       0.74                                                  | 
  10017   d      BCDMS   254     514.66     260.66      14.57       0.00                                                  | 
  10020   p        NMC   273     529.03     256.03       9.19       0.05                                                  | 
  10021 d/p        NMC   174     422.61     248.61       2.04       0.00                                                  | 
  10010   p       SLAC   218     368.86     150.86       0.00       0.21                                                  | 
  10011   d       SLAC   228     401.21     173.21       0.00       0.11                                                  | 
['pdf']
JAM FITTER                                                                                                                | 1        pdf       db1 N   5.38295e-02
count = 1100                                                                                                              | 2        pdf       db1 a   2.03740e-01
elapsed time(mins)=10.375091                                                                                              | 3        pdf       db1 b   4.97580e+00
shifts  = 2                                                                                                               | 4        pdf       dv1 a  -4.56668e-01
npts    = 1495                                                                                                            | 5        pdf       dv1 b   9.99995e+00
chi2    = 2921.471767                                                                                                     | 6        pdf        g1 a  -8.10852e-01
rchi2   = 45.421682                                                                                                       | 7        pdf        g1 b   2.40362e+00
nchi2   = 1.139964                                                                                                        | 8        pdf        s1 N   3.26043e-02
chi2tot = 2968.033412                                                                                                     | 9        pdf        s1 a  -6.02435e-01
dchi2(iter)  = 134.187003                                                                                                 | 10        pdf        s1 b   9.08020e-01
dchi2(local) = -0.890970                                                                                                  | 11        pdf      sea1 N   1.55962e-02
pdf dv(1):1.000000                                                                                                        | 12        pdf      sea1 a  -1.30668e+00
pdf db-ub(2):-0.009106                                                                                                    | 13        pdf      sea1 b   3.68714e+00
pdf msr:1.000000                                                                                                          | 14        pdf       ub1 N   6.29352e-02
pdf db-ub(1):0.097229                                                                                                     | 15        pdf       ub1 a   9.02924e-01
pdf uv(1):2.000000                                                                                                        | 16        pdf       ub1 b   3.86482e+00
pdf s-sb(1):0.000000                                                                                                      | 17        pdf       uv1 a  -4.96164e-01
pdf s-sb(2):0.000000                                                                                                      | 18        pdf       uv1 b   3.51526e+00
                                                                                                                          | 19       norm       idis      10016  9.72022e-01
reaction: unpol DIS                                                                                                       | 20       norm       idis      10017  9.96516e-01
filters: Q2>1.690000                                                                                                      | 21       norm       idis      10010  1.00851e+00
filters: W2>10.000000                                                                                                     | 22       norm       idis      10011  1.00456e+00
    idx tar        col  npts       chi2  chi2-npts      rchi2      nchi2                                                  | 23       norm       idis      10020  1.00286e+00
  10016   p      BCDMS   348     687.08     339.08      18.88       0.87                                                  | 
  10017   d      BCDMS   254     514.52     260.52      15.07       0.01                                                  | 
  10020   p        NMC   273     529.22     256.22       9.44       0.02                                                  | 
  10021 d/p        NMC   174     422.51     248.51       2.03       0.00                                                  | 
  10010   p       SLAC   218     368.20     150.20       0.00       0.16                                                  | 
  10011   d       SLAC   228     399.94     171.94       0.00       0.07                                                  | 
['pdf']
JAM FITTER                                                                                                                | 1        pdf       db1 N   5.16674e-02
count = 1200                                                                                                              | 2        pdf       db1 a   2.74490e-01
elapsed time(mins)=11.306069                                                                                              | 3        pdf       db1 b   5.05478e+00
shifts  = 3                                                                                                               | 4        pdf       dv1 a  -4.28455e-01
npts    = 1495                                                                                                            | 5        pdf       dv1 b   9.99996e+00
chi2    = 2920.319128                                                                                                     | 6        pdf        g1 a  -8.01494e-01
rchi2   = 46.138288                                                                                                       | 7        pdf        g1 b   2.45736e+00
nchi2   = 1.195976                                                                                                        | 8        pdf        s1 N   3.80825e-02
chi2tot = 2967.653391                                                                                                     | 9        pdf        s1 a  -7.88270e-01
dchi2(iter)  = 1.270991                                                                                                   | 10        pdf        s1 b   8.98641e-01
dchi2(local) = -1.270991                                                                                                  | 11        pdf      sea1 N   1.54427e-02
pdf dv(1):1.000000                                                                                                        | 12        pdf      sea1 a  -1.30543e+00
pdf db-ub(2):-0.004811                                                                                                    | 13        pdf      sea1 b   3.73234e+00
pdf msr:1.000000                                                                                                          | 14        pdf       ub1 N   5.64784e-02
pdf db-ub(1):0.097388                                                                                                     | 15        pdf       ub1 a   9.50510e-01
pdf uv(1):2.000000                                                                                                        | 16        pdf       ub1 b   3.94753e+00
pdf s-sb(1):0.000000                                                                                                      | 17        pdf       uv1 a  -4.84713e-01
pdf s-sb(2):0.000000                                                                                                      | 18        pdf       uv1 b   3.35756e+00
                                                                                                                          | 19       norm       idis      10016  9.70127e-01
reaction: unpol DIS                                                                                                       | 20       norm       idis      10017  9.94656e-01
filters: Q2>1.690000                                                                                                      | 21       norm       idis      10010  1.00739e+00
filters: W2>10.000000                                                                                                     | 22       norm       idis      10011  1.00351e+00
    idx tar        col  npts       chi2  chi2-npts      rchi2      nchi2                                                  | 23       norm       idis      10020  1.00157e+00
  10016   p      BCDMS   348     687.05     339.05      19.27       0.99                                                  | 
  10017   d      BCDMS   254     513.75     259.75      15.17       0.03                                                  | 
  10020   p        NMC   273     529.34     256.34       9.68       0.01                                                  | 
  10021 d/p        NMC   174     422.21     248.21       2.02       0.00                                                  | 
  10010   p       SLAC   218     367.75     149.75       0.00       0.12                                                  | 
  10011   d       SLAC   228     400.21     172.21       0.00       0.04                                                  | 
['pdf']
JAM FITTER                                                                                                                | 1        pdf       db1 N   4.94861e-02
count = 1300                                                                                                              | 2        pdf       db1 a   3.39058e-01
elapsed time(mins)=12.261242                                                                                              | 3        pdf       db1 b   5.13948e+00
shifts  = 3                                                                                                               | 4        pdf       dv1 a  -4.05227e-01
npts    = 1495                                                                                                            | 5        pdf       dv1 b   9.99996e+00
chi2    = 2919.776694                                                                                                     | 6        pdf        g1 a  -7.97745e-01
rchi2   = 46.442925                                                                                                       | 7        pdf        g1 b   2.47803e+00
nchi2   = 1.227907                                                                                                        | 8        pdf        s1 N   3.94605e-02
chi2tot = 2967.447526                                                                                                     | 9        pdf        s1 a  -7.92858e-01
dchi2(iter)  = 0.205865                                                                                                   | 10        pdf        s1 b   9.52916e-01
dchi2(local) = -0.205865                                                                                                  | 11        pdf      sea1 N   1.61706e-02
pdf dv(1):1.000000                                                                                                        | 12        pdf      sea1 a  -1.30045e+00
pdf db-ub(2):-0.001773                                                                                                    | 13        pdf      sea1 b   3.55448e+00
pdf msr:1.000000                                                                                                          | 14        pdf       ub1 N   5.12591e-02
pdf db-ub(1):0.095738                                                                                                     | 15        pdf       ub1 a   9.99847e-01
pdf uv(1):2.000000                                                                                                        | 16        pdf       ub1 b   4.04764e+00
pdf s-sb(1):-0.000000                                                                                                     | 17        pdf       uv1 a  -4.77129e-01
pdf s-sb(2):-0.000000                                                                                                     | 18        pdf       uv1 b   3.24125e+00
                                                                                                                          | 19       norm       idis      10016  9.69401e-01
reaction: unpol DIS                                                                                                       | 20       norm       idis      10017  9.93953e-01
filters: Q2>1.690000                                                                                                      | 21       norm       idis      10010  1.00699e+00
filters: W2>10.000000                                                                                                     | 22       norm       idis      10011  1.00309e+00
    idx tar        col  npts       chi2  chi2-npts      rchi2      nchi2                                                  | 23       norm       idis      10020  1.00115e+00
  10016   p      BCDMS   348     686.47     338.47      19.46       1.04                                                  | 
  10017   d      BCDMS   254     513.38     259.38      15.15       0.04                                                  | 
  10020   p        NMC   273     529.36     256.36       9.79       0.00                                                  | 
  10021 d/p        NMC   174     422.06     248.06       2.04       0.00                                                  | 
  10010   p       SLAC   218     367.84     149.84       0.00       0.11                                                  | 
  10011   d       SLAC   228     400.66     172.66       0.00       0.03                                                  | 
['pdf']
JAM FITTER                                                                                                                | 1        pdf       db1 N   4.94952e-02
count = 1400                                                                                                              | 2        pdf       db1 a   3.52685e-01
elapsed time(mins)=13.195186                                                                                              | 3        pdf       db1 b   5.13870e+00
shifts  = 2                                                                                                               | 4        pdf       dv1 a  -3.98065e-01
npts    = 1495                                                                                                            | 5        pdf       dv1 b   9.99999e+00
chi2    = 2919.734237                                                                                                     | 6        pdf        g1 a  -7.97063e-01
rchi2   = 46.463429                                                                                                       | 7        pdf        g1 b   2.48133e+00
nchi2   = 1.232007                                                                                                        | 8        pdf        s1 N   4.00596e-02
chi2tot = 2967.429673                                                                                                     | 9        pdf        s1 a  -8.10047e-01
dchi2(iter)  = 0.205865                                                                                                   | 10        pdf        s1 b   9.57801e-01
dchi2(local) = -0.017853                                                                                                  | 11        pdf      sea1 N   1.58039e-02
pdf dv(1):1.000000                                                                                                        | 12        pdf      sea1 a  -1.29844e+00
pdf db-ub(2):-0.001201                                                                                                    | 13        pdf      sea1 b   3.73975e+00
pdf msr:1.000000                                                                                                          | 14        pdf       ub1 N   5.06965e-02
pdf db-ub(1):0.095279                                                                                                     | 15        pdf       ub1 a   9.99982e-01
pdf uv(1):2.000000                                                                                                        | 16        pdf       ub1 b   4.05503e+00
pdf s-sb(1):0.000000                                                                                                      | 17        pdf       uv1 a  -4.74314e-01
pdf s-sb(2):0.000000                                                                                                      | 18        pdf       uv1 b   3.22539e+00
                                                                                                                          | 19       norm       idis      10016  9.69381e-01
reaction: unpol DIS                                                                                                       | 20       norm       idis      10017  9.93974e-01
filters: Q2>1.690000                                                                                                      | 21       norm       idis      10010  1.00706e+00
filters: W2>10.000000                                                                                                     | 22       norm       idis      10011  1.00313e+00
    idx tar        col  npts       chi2  chi2-npts      rchi2      nchi2                                                  | 23       norm       idis      10020  1.00112e+00
  10016   p      BCDMS   348     686.37     338.37      19.50       1.04                                                  | 
  10017   d      BCDMS   254     513.21     259.21      15.12       0.04                                                  | 
  10020   p        NMC   273     529.43     256.43       9.78       0.00                                                  | 
  10021 d/p        NMC   174     422.03     248.03       2.06       0.00                                                  | 
  10010   p       SLAC   218     367.81     149.81       0.00       0.11                                                  | 
  10011   d       SLAC   228     400.88     172.88       0.00       0.03                                                  | 
['pdf']
JAM FITTER                                                                                                                | 1        pdf       db1 N   4.94811e-02
count = 1449                                                                                                              | 2        pdf       db1 a   3.52635e-01
elapsed time(mins)=13.668335                                                                                              | 3        pdf       db1 b   5.13912e+00
shifts  = 2                                                                                                               | 4        pdf       dv1 a  -3.98164e-01
npts    = 1495                                                                                                            | 5        pdf       dv1 b   1.00000e+01
chi2    = 2919.744345                                                                                                     | 6        pdf        g1 a  -7.97210e-01
rchi2   = 46.454251                                                                                                       | 7        pdf        g1 b   2.48059e+00
nchi2   = 1.231012                                                                                                        | 8        pdf        s1 N   3.99685e-02
chi2tot = 2967.429608                                                                                                     | 9        pdf        s1 a  -8.07355e-01
dchi2(iter)  = 0.205865                                                                                                   | 10        pdf        s1 b   9.58704e-01
dchi2(local) = -0.017918                                                                                                  | 11        pdf      sea1 N   1.58352e-02
pdf dv(1):1.000000                                                                                                        | 12        pdf      sea1 a  -1.29836e+00
pdf db-ub(2):-0.001205                                                                                                    | 13        pdf      sea1 b   3.73088e+00
pdf msr:1.000000                                                                                                          | 14        pdf       ub1 N   5.06858e-02
pdf db-ub(1):0.095256                                                                                                     | 15        pdf       ub1 a   1.00000e+00
pdf uv(1):2.000000                                                                                                        | 16        pdf       ub1 b   4.05531e+00
pdf s-sb(1):0.000000                                                                                                      | 17        pdf       uv1 a  -4.74402e-01
pdf s-sb(2):0.000000                                                                                                      | 18        pdf       uv1 b   3.22491e+00
                                                                                                                          | 19       norm       idis      10016  9.69407e-01
reaction: unpol DIS                                                                                                       | 20       norm       idis      10017  9.94002e-01
filters: Q2>1.690000                                                                                                      | 21       norm       idis      10010  1.00708e+00
filters: W2>10.000000                                                                                                     | 22       norm       idis      10011  1.00315e+00
    idx tar        col  npts       chi2  chi2-npts      rchi2      nchi2                                                  | 23       norm       idis      10020  1.00114e+00
  10016   p      BCDMS   348     686.36     338.36      19.50       1.04                                                  | 
  10017   d      BCDMS   254     513.23     259.23      15.11       0.04                                                  | 
  10020   p        NMC   273     529.43     256.43       9.78       0.00                                                  | 
  10021 d/p        NMC   174     422.04     248.04       2.06       0.00                                                  | 
  10010   p       SLAC   218     367.81     149.81       0.00       0.11                                                  | 
  10011   d       SLAC   228     400.88     172.88       0.00       0.03                                                  | 
