('active', 'pdf')

--step 1: npQCD objects = pdf , datasets = idis , tmc = False , ht = False
loading idis data sets 10016
loading idis data sets 10017
loading idis data sets 10020
loading idis data sets 10021
loading idis data sets 10010
loading idis data sets 10011
Loading DIS tables...
10016 has norm uncertainty
10017 has norm uncertainty
10020 has norm uncertainty
10010 has norm uncertainty
10011 has norm uncertainty
[H[J[H[J[H[J[H[J[H[J[H[J[H[J[H[J[H[J[H[J['pdf']
JAM FITTER                                                                                                                | 1        pdf       db1 N   5.99986e-02
count = 100                                                                                                               | 2        pdf       db1 a  -6.24058e-01
elapsed time(mins)=0.972610                                                                                               | 3        pdf       db1 b   4.47379e+00
shifts  = 2                                                                                                               | 4        pdf       dv1 a  -3.21173e-01
npts    = 1495                                                                                                            | 5        pdf       dv1 b   8.97753e+00
chi2    = 53487.565662                                                                                                    | 6        pdf        g1 a   8.16404e-01
rchi2   = 4372.857634                                                                                                     | 7        pdf        g1 b   1.43106e+00
nchi2   = 196.970460                                                                                                      | 8        pdf        s1 N   1.68380e-02
chi2tot = 58057.393757                                                                                                    | 9        pdf        s1 a  -9.14566e-01
dchi2(iter)  = 0.000000                                                                                                   | 10        pdf        s1 b   8.89344e+00
dchi2(local) = -inf                                                                                                       | 11        pdf      sea1 N   2.59347e-02
pdf dv(1):1.000000                                                                                                        | 12        pdf      sea1 a  -1.82934e+00
pdf db-ub(2):-0.155267                                                                                                    | 13        pdf      sea1 b   9.92029e+00
pdf msr:1.000000                                                                                                          | 14        pdf       ub1 N   2.15266e-01
pdf db-ub(1):-0.259771                                                                                                    | 15        pdf       ub1 a  -3.90629e-01
pdf uv(1):2.000000                                                                                                        | 16        pdf       ub1 b   1.76878e+00
pdf s-sb(1):0.000000                                                                                                      | 17        pdf       uv1 a  -3.15148e-01
pdf s-sb(2):0.000000                                                                                                      | 18        pdf       uv1 b   7.99233e+00
                                                                                                                          | 19       norm       idis      10016  1.19559e+00
reaction: unpol DIS                                                                                                       | 20       norm       idis      10017  1.07723e+00
filters: Q2>1.690000                                                                                                      | 21       norm       idis      10010  1.13692e+00
filters: W2>10.000000                                                                                                     | 22       norm       idis      10011  1.11149e+00
    idx tar        col  npts       chi2  chi2-npts      rchi2      nchi2                                                  | 23       norm       idis      10020  1.15789e+00
  10016   p      BCDMS   348    7119.11    6771.11    1590.85      42.50                                                  | 
  10017   d      BCDMS   254    4428.22    4174.22    1080.84       6.63                                                  | 
  10020   p        NMC   273    4130.45    3857.45     960.58      62.32                                                  | 
  10021 d/p        NMC   174    1364.04    1190.04     740.58       0.00                                                  | 
  10010   p       SLAC   218   20378.53   20160.53       0.00      42.51                                                  | 
  10011   d       SLAC   228   16067.22   15839.22       0.00      43.01                                                  | 
['pdf']
JAM FITTER                                                                                                                | 1        pdf       db1 N   7.51596e-02
count = 200                                                                                                               | 2        pdf       db1 a  -2.83857e-01
elapsed time(mins)=1.925549                                                                                               | 3        pdf       db1 b   4.01049e+00
shifts  = 3                                                                                                               | 4        pdf       dv1 a  -4.82833e-01
npts    = 1495                                                                                                            | 5        pdf       dv1 b   8.20930e+00
chi2    = 3076.840752                                                                                                     | 6        pdf        g1 a  -5.66882e-01
rchi2   = 78.253741                                                                                                       | 7        pdf        g1 b   5.82345e+00
nchi2   = 138.326239                                                                                                      | 8        pdf        s1 N   1.66078e-02
chi2tot = 3293.420733                                                                                                     | 9        pdf        s1 a  -9.07516e-01
dchi2(iter)  = inf                                                                                                        | 10        pdf        s1 b   9.99958e+00
dchi2(local) = -inf                                                                                                       | 11        pdf      sea1 N   1.11809e-02
pdf dv(1):1.000000                                                                                                        | 12        pdf      sea1 a  -1.77727e+00
pdf db-ub(2):-0.063591                                                                                                    | 13        pdf      sea1 b   1.37542e-01
pdf msr:1.000000                                                                                                          | 14        pdf       ub1 N   1.38751e-01
pdf db-ub(1):0.050312                                                                                                     | 15        pdf       ub1 a   6.41849e-01
pdf uv(1):2.000000                                                                                                        | 16        pdf       ub1 b   3.87463e+00
pdf s-sb(1):0.000000                                                                                                      | 17        pdf       uv1 a  -4.53512e-01
pdf s-sb(2):0.000000                                                                                                      | 18        pdf       uv1 b   7.49568e+00
                                                                                                                          | 19       norm       idis      10016  1.07348e+00
reaction: unpol DIS                                                                                                       | 20       norm       idis      10017  1.08659e+00
filters: Q2>1.690000                                                                                                      | 21       norm       idis      10010  1.13774e+00
filters: W2>10.000000                                                                                                     | 22       norm       idis      10011  1.13007e+00
    idx tar        col  npts       chi2  chi2-npts      rchi2      nchi2                                                  | 23       norm       idis      10020  1.09473e+00
  10016   p      BCDMS   348     763.71     415.71      23.91       6.00                                                  | 
  10017   d      BCDMS   254     592.58     338.58      22.71       8.33                                                  | 
  10020   p        NMC   273     582.30     309.30      25.53      22.44                                                  | 
  10021 d/p        NMC   174     351.73     177.73       6.11       0.00                                                  | 
  10010   p       SLAC   218     437.50     219.50       0.00      43.02                                                  | 
  10011   d       SLAC   228     349.03     121.03       0.00      58.54                                                  | 
['pdf']
JAM FITTER                                                                                                                | 1        pdf       db1 N   6.04591e-02
count = 300                                                                                                               | 2        pdf       db1 a  -7.05535e-02
elapsed time(mins)=2.887188                                                                                               | 3        pdf       db1 b   4.45201e+00
shifts  = 2                                                                                                               | 4        pdf       dv1 a  -4.99298e-01
npts    = 1495                                                                                                            | 5        pdf       dv1 b   8.44720e+00
chi2    = 2922.654980                                                                                                     | 6        pdf        g1 a  -7.57678e-01
rchi2   = 58.583123                                                                                                       | 7        pdf        g1 b   2.90818e+00
nchi2   = 8.192472                                                                                                        | 8        pdf        s1 N   2.24712e-02
chi2tot = 2989.430575                                                                                                     | 9        pdf        s1 a  -9.95898e-01
dchi2(iter)  = inf                                                                                                        | 10        pdf        s1 b   9.99991e+00
dchi2(local) = -303.990158                                                                                                | 11        pdf      sea1 N   1.21025e-02
pdf dv(1):1.000000                                                                                                        | 12        pdf      sea1 a  -1.58968e+00
pdf db-ub(2):-0.036249                                                                                                    | 13        pdf      sea1 b   4.82773e-01
pdf msr:1.000000                                                                                                          | 14        pdf       ub1 N   9.67078e-02
pdf db-ub(1):0.065752                                                                                                     | 15        pdf       ub1 a   8.52258e-01
pdf uv(1):2.000000                                                                                                        | 16        pdf       ub1 b   3.83894e+00
pdf s-sb(1):0.000000                                                                                                      | 17        pdf       uv1 a  -4.83190e-01
pdf s-sb(2):0.000000                                                                                                      | 18        pdf       uv1 b   4.95454e+00
                                                                                                                          | 19       norm       idis      10016  9.99816e-01
reaction: unpol DIS                                                                                                       | 20       norm       idis      10017  1.01161e+00
filters: Q2>1.690000                                                                                                      | 21       norm       idis      10010  1.04021e+00
filters: W2>10.000000                                                                                                     | 22       norm       idis      10011  1.02989e+00
    idx tar        col  npts       chi2  chi2-npts      rchi2      nchi2                                                  | 23       norm       idis      10020  1.02266e+00
  10016   p      BCDMS   348     720.46     372.46      18.97       0.00                                                  | 
  10017   d      BCDMS   254     550.51     296.51      18.08       0.15                                                  | 
  10020   p        NMC   273     517.67     244.67      12.26       1.28                                                  | 
  10021 d/p        NMC   174     355.90     181.90       9.27       0.00                                                  | 
  10010   p       SLAC   218     434.62     216.62       0.00       3.67                                                  | 
  10011   d       SLAC   228     343.49     115.49       0.00       3.09                                                  | 
['pdf']
JAM FITTER                                                                                                                | 1        pdf       db1 N   5.77251e-02
count = 400                                                                                                               | 2        pdf       db1 a   8.34911e-02
elapsed time(mins)=3.842543                                                                                               | 3        pdf       db1 b   4.75880e+00
shifts  = 3                                                                                                               | 4        pdf       dv1 a  -4.99938e-01
npts    = 1495                                                                                                            | 5        pdf       dv1 b   8.77380e+00
chi2    = 2889.913774                                                                                                     | 6        pdf        g1 a  -6.96310e-01
rchi2   = 57.218674                                                                                                       | 7        pdf        g1 b   2.77491e+00
nchi2   = 1.729232                                                                                                        | 8        pdf        s1 N   3.10158e-02
chi2tot = 2948.861680                                                                                                     | 9        pdf        s1 a  -9.99768e-01
dchi2(iter)  = 344.559053                                                                                                 | 10        pdf        s1 b   9.99994e+00
dchi2(local) = -344.559053                                                                                                | 11        pdf      sea1 N   1.14515e-02
pdf dv(1):1.000000                                                                                                        | 12        pdf      sea1 a  -1.54015e+00
pdf db-ub(2):-0.018580                                                                                                    | 13        pdf      sea1 b   6.19788e-01
pdf msr:1.000000                                                                                                          | 14        pdf       ub1 N   7.63051e-02
pdf db-ub(1):0.088831                                                                                                     | 15        pdf       ub1 a   7.95264e-01
pdf uv(1):2.000000                                                                                                        | 16        pdf       ub1 b   3.69137e+00
pdf s-sb(1):0.000000                                                                                                      | 17        pdf       uv1 a  -4.90563e-01
pdf s-sb(2):-0.000000                                                                                                     | 18        pdf       uv1 b   3.84837e+00
                                                                                                                          | 19       norm       idis      10016  9.83635e-01
reaction: unpol DIS                                                                                                       | 20       norm       idis      10017  9.97311e-01
filters: Q2>1.690000                                                                                                      | 21       norm       idis      10010  1.01983e+00
filters: W2>10.000000                                                                                                     | 22       norm       idis      10011  1.01009e+00
    idx tar        col  npts       chi2  chi2-npts      rchi2      nchi2                                                  | 23       norm       idis      10020  1.00849e+00
  10016   p      BCDMS   348     716.37     368.37      21.08       0.30                                                  | 
  10017   d      BCDMS   254     541.85     287.85      17.78       0.01                                                  | 
  10020   p        NMC   273     510.70     237.70      11.13       0.18                                                  | 
  10021 d/p        NMC   174     347.84     173.84       7.23       0.00                                                  | 
  10010   p       SLAC   218     428.68     210.68       0.00       0.89                                                  | 
  10011   d       SLAC   228     344.48     116.48       0.00       0.35                                                  | 
['pdf']
JAM FITTER                                                                                                                | 1        pdf       db1 N   5.60557e-02
count = 500                                                                                                               | 2        pdf       db1 a   2.32722e-01
elapsed time(mins)=4.808261                                                                                               | 3        pdf       db1 b   5.18056e+00
shifts  = 3                                                                                                               | 4        pdf       dv1 a  -4.99996e-01
npts    = 1495                                                                                                            | 5        pdf       dv1 b   9.73488e+00
chi2    = 2878.493753                                                                                                     | 6        pdf        g1 a  -6.42467e-01
rchi2   = 51.950297                                                                                                       | 7        pdf        g1 b   2.62655e+00
nchi2   = 0.913992                                                                                                        | 8        pdf        s1 N   2.94231e-02
chi2tot = 2931.358042                                                                                                     | 9        pdf        s1 a  -9.99998e-01
dchi2(iter)  = 17.503638                                                                                                  | 10        pdf        s1 b   1.00000e+01
dchi2(local) = -17.503638                                                                                                 | 11        pdf      sea1 N   1.33821e-02
pdf dv(1):1.000000                                                                                                        | 12        pdf      sea1 a  -1.44703e+00
pdf db-ub(2):-0.003921                                                                                                    | 13        pdf      sea1 b   9.64386e-01
pdf msr:1.000000                                                                                                          | 14        pdf       ub1 N   5.99763e-02
pdf db-ub(1):0.114526                                                                                                     | 15        pdf       ub1 a   7.63002e-01
pdf uv(1):2.000000                                                                                                        | 16        pdf       ub1 b   3.77971e+00
pdf s-sb(1):0.000000                                                                                                      | 17        pdf       uv1 a  -4.94412e-01
pdf s-sb(2):-0.000000                                                                                                     | 18        pdf       uv1 b   3.23557e+00
                                                                                                                          | 19       norm       idis      10016  9.75852e-01
reaction: unpol DIS                                                                                                       | 20       norm       idis      10017  9.90767e-01
filters: Q2>1.690000                                                                                                      | 21       norm       idis      10010  1.00843e+00
filters: W2>10.000000                                                                                                     | 22       norm       idis      10011  9.98590e-01
    idx tar        col  npts       chi2  chi2-npts      rchi2      nchi2                                                  | 23       norm       idis      10020  1.00118e+00
  10016   p      BCDMS   348     711.87     363.87      19.76       0.65                                                  | 
  10017   d      BCDMS   254     532.29     278.29      15.48       0.09                                                  | 
  10020   p        NMC   273     509.98     236.98      10.97       0.00                                                  | 
  10021 d/p        NMC   174     343.83     169.83       5.74       0.00                                                  | 
  10010   p       SLAC   218     427.21     209.21       0.00       0.16                                                  | 
  10011   d       SLAC   228     353.32     125.32       0.00       0.01                                                  | 
['pdf']
JAM FITTER                                                                                                                | 1        pdf       db1 N   5.03926e-02
count = 600                                                                                                               | 2        pdf       db1 a   3.21558e-01
elapsed time(mins)=5.780373                                                                                               | 3        pdf       db1 b   5.38165e+00
shifts  = 2                                                                                                               | 4        pdf       dv1 a  -4.81368e-01
npts    = 1495                                                                                                            | 5        pdf       dv1 b   9.80375e+00
chi2    = 2877.847906                                                                                                     | 6        pdf        g1 a  -6.29587e-01
rchi2   = 50.021209                                                                                                       | 7        pdf        g1 b   2.51265e+00
nchi2   = 0.812268                                                                                                        | 8        pdf        s1 N   1.51060e-02
chi2tot = 2928.681383                                                                                                     | 9        pdf        s1 a  -9.99998e-01
dchi2(iter)  = 17.503638                                                                                                  | 10        pdf        s1 b   1.00000e+01
dchi2(local) = -2.676659                                                                                                  | 11        pdf      sea1 N   1.94388e-02
pdf dv(1):1.000000                                                                                                        | 12        pdf      sea1 a  -1.33621e+00
pdf db-ub(2):0.001318                                                                                                     | 13        pdf      sea1 b   1.46365e+00
pdf msr:1.000000                                                                                                          | 14        pdf       ub1 N   4.90751e-02
pdf db-ub(1):0.111774                                                                                                     | 15        pdf       ub1 a   8.75743e-01
pdf uv(1):2.000000                                                                                                        | 16        pdf       ub1 b   4.07906e+00
pdf s-sb(1):0.000000                                                                                                      | 17        pdf       uv1 a  -4.96023e-01
pdf s-sb(2):0.000000                                                                                                      | 18        pdf       uv1 b   2.97754e+00
                                                                                                                          | 19       norm       idis      10016  9.76778e-01
reaction: unpol DIS                                                                                                       | 20       norm       idis      10017  9.92035e-01
filters: Q2>1.690000                                                                                                      | 21       norm       idis      10010  1.00654e+00
filters: W2>10.000000                                                                                                     | 22       norm       idis      10011  9.96500e-01
    idx tar        col  npts       chi2  chi2-npts      rchi2      nchi2                                                  | 23       norm       idis      10020  1.00114e+00
  10016   p      BCDMS   348     708.63     360.63      18.70       0.60                                                  | 
  10017   d      BCDMS   254     531.12     277.12      14.92       0.07                                                  | 
  10020   p        NMC   273     509.33     236.33      10.57       0.00                                                  | 
  10021 d/p        NMC   174     344.76     170.76       5.83       0.00                                                  | 
  10010   p       SLAC   218     429.32     211.32       0.00       0.10                                                  | 
  10011   d       SLAC   228     354.69     126.69       0.00       0.04                                                  | 
['pdf']
JAM FITTER                                                                                                                | 1        pdf       db1 N   4.90017e-02
count = 700                                                                                                               | 2        pdf       db1 a   3.48193e-01
elapsed time(mins)=6.737842                                                                                               | 3        pdf       db1 b   5.42345e+00
shifts  = 2                                                                                                               | 4        pdf       dv1 a  -4.79476e-01
npts    = 1495                                                                                                            | 5        pdf       dv1 b   9.82955e+00
chi2    = 2877.390043                                                                                                     | 6        pdf        g1 a  -6.40926e-01
rchi2   = 50.021283                                                                                                       | 7        pdf        g1 b   2.49404e+00
nchi2   = 0.753676                                                                                                        | 8        pdf        s1 N   1.05005e-02
chi2tot = 2928.165001                                                                                                     | 9        pdf        s1 a  -8.15573e-01
dchi2(iter)  = 17.503638                                                                                                  | 10        pdf        s1 b   9.98971e+00
dchi2(local) = -3.193040                                                                                                  | 11        pdf      sea1 N   2.14371e-02
pdf dv(1):1.000000                                                                                                        | 12        pdf      sea1 a  -1.32749e+00
pdf db-ub(2):0.002099                                                                                                     | 13        pdf      sea1 b   1.58014e+00
pdf msr:1.000000                                                                                                          | 14        pdf       ub1 N   4.69028e-02
pdf db-ub(1):0.108769                                                                                                     | 15        pdf       ub1 a   9.22534e-01
pdf uv(1):2.000000                                                                                                        | 16        pdf       ub1 b   4.19742e+00
pdf s-sb(1):0.000000                                                                                                      | 17        pdf       uv1 a  -4.99983e-01
pdf s-sb(2):0.000000                                                                                                      | 18        pdf       uv1 b   2.90624e+00
                                                                                                                          | 19       norm       idis      10016  9.78113e-01
reaction: unpol DIS                                                                                                       | 20       norm       idis      10017  9.93522e-01
filters: Q2>1.690000                                                                                                      | 21       norm       idis      10010  1.00796e+00
filters: W2>10.000000                                                                                                     | 22       norm       idis      10011  9.97865e-01
    idx tar        col  npts       chi2  chi2-npts      rchi2      nchi2                                                  | 23       norm       idis      10020  1.00248e+00
  10016   p      BCDMS   348     708.92     360.92      19.03       0.53                                                  | 
  10017   d      BCDMS   254     530.86     276.86      14.84       0.05                                                  | 
  10020   p        NMC   273     508.81     235.81      10.25       0.02                                                  | 
  10021 d/p        NMC   174     344.54     170.54       5.90       0.00                                                  | 
  10010   p       SLAC   218     429.36     211.36       0.00       0.14                                                  | 
  10011   d       SLAC   228     354.90     126.90       0.00       0.02                                                  | 
['pdf']
JAM FITTER                                                                                                                | 1        pdf       db1 N   4.72274e-02
count = 800                                                                                                               | 2        pdf       db1 a   3.86644e-01
elapsed time(mins)=7.692541                                                                                               | 3        pdf       db1 b   5.51189e+00
shifts  = 2                                                                                                               | 4        pdf       dv1 a  -4.70114e-01
npts    = 1495                                                                                                            | 5        pdf       dv1 b   9.92834e+00
chi2    = 2877.575143                                                                                                     | 6        pdf        g1 a  -6.48329e-01
rchi2   = 49.675020                                                                                                       | 7        pdf        g1 b   2.45993e+00
nchi2   = 0.722595                                                                                                        | 8        pdf        s1 N   5.60529e-03
chi2tot = 2927.972759                                                                                                     | 9        pdf        s1 a  -6.16642e-01
dchi2(iter)  = 17.503638                                                                                                  | 10        pdf        s1 b   9.91967e+00
dchi2(local) = -3.385282                                                                                                  | 11        pdf      sea1 N   2.35603e-02
pdf dv(1):1.000000                                                                                                        | 12        pdf      sea1 a  -1.30481e+00
pdf db-ub(2):0.003136                                                                                                     | 13        pdf      sea1 b   1.67703e+00
pdf msr:1.000000                                                                                                          | 14        pdf       ub1 N   4.40909e-02
pdf db-ub(1):0.107818                                                                                                     | 15        pdf       ub1 a   9.99946e-01
pdf uv(1):2.000000                                                                                                        | 16        pdf       ub1 b   4.31185e+00
pdf s-sb(1):0.000000                                                                                                      | 17        pdf       uv1 a  -4.96989e-01
pdf s-sb(2):-0.000000                                                                                                     | 18        pdf       uv1 b   2.88057e+00
                                                                                                                          | 19       norm       idis      10016  9.78891e-01
reaction: unpol DIS                                                                                                       | 20       norm       idis      10017  9.94372e-01
filters: Q2>1.690000                                                                                                      | 21       norm       idis      10010  1.00832e+00
filters: W2>10.000000                                                                                                     | 22       norm       idis      10011  9.98199e-01
    idx tar        col  npts       chi2  chi2-npts      rchi2      nchi2                                                  | 23       norm       idis      10020  1.00310e+00
  10016   p      BCDMS   348     709.28     361.28      18.97       0.50                                                  | 
  10017   d      BCDMS   254     530.39     276.39      14.74       0.04                                                  | 
  10020   p        NMC   273     508.28     235.28      10.10       0.02                                                  | 
  10021 d/p        NMC   174     344.59     170.59       5.86       0.00                                                  | 
  10010   p       SLAC   218     429.74     211.74       0.00       0.16                                                  | 
  10011   d       SLAC   228     355.29     127.29       0.00       0.01                                                  | 
['pdf']
JAM FITTER                                                                                                                | 1        pdf       db1 N   4.72378e-02
count = 900                                                                                                               | 2        pdf       db1 a   3.85741e-01
elapsed time(mins)=8.652060                                                                                               | 3        pdf       db1 b   5.52014e+00
shifts  = 3                                                                                                               | 4        pdf       dv1 a  -4.72778e-01
npts    = 1495                                                                                                            | 5        pdf       dv1 b   9.97923e+00
chi2    = 2877.549173                                                                                                     | 6        pdf        g1 a  -6.48521e-01
rchi2   = 49.694501                                                                                                       | 7        pdf        g1 b   2.45964e+00
nchi2   = 0.721528                                                                                                        | 8        pdf        s1 N   5.29474e-03
chi2tot = 2927.965202                                                                                                     | 9        pdf        s1 a  -5.10065e-01
dchi2(iter)  = 3.392840                                                                                                   | 10        pdf        s1 b   9.92434e+00
dchi2(local) = -3.392840                                                                                                  | 11        pdf      sea1 N   2.37810e-02
pdf dv(1):1.000000                                                                                                        | 12        pdf      sea1 a  -1.30237e+00
pdf db-ub(2):0.002905                                                                                                     | 13        pdf      sea1 b   1.68725e+00
pdf msr:1.000000                                                                                                          | 14        pdf       ub1 N   4.43332e-02
pdf db-ub(1):0.107318                                                                                                     | 15        pdf       ub1 a   9.99989e-01
pdf uv(1):2.000000                                                                                                        | 16        pdf       ub1 b   4.31645e+00
pdf s-sb(1):-0.000000                                                                                                     | 17        pdf       uv1 a  -4.99969e-01
pdf s-sb(2):0.000000                                                                                                      | 18        pdf       uv1 b   2.87411e+00
                                                                                                                          | 19       norm       idis      10016  9.78955e-01
reaction: unpol DIS                                                                                                       | 20       norm       idis      10017  9.94438e-01
filters: Q2>1.690000                                                                                                      | 21       norm       idis      10010  1.00839e+00
filters: W2>10.000000                                                                                                     | 22       norm       idis      10011  9.98256e-01
    idx tar        col  npts       chi2  chi2-npts      rchi2      nchi2                                                  | 23       norm       idis      10020  1.00316e+00
  10016   p      BCDMS   348     709.32     361.32      18.99       0.49                                                  | 
  10017   d      BCDMS   254     530.32     276.32      14.74       0.03                                                  | 
  10020   p        NMC   273     508.23     235.23      10.09       0.02                                                  | 
  10021 d/p        NMC   174     344.56     170.56       5.87       0.00                                                  | 
  10010   p       SLAC   218     429.76     211.76       0.00       0.16                                                  | 
  10011   d       SLAC   228     355.37     127.37       0.00       0.01                                                  | 
['pdf']
JAM FITTER                                                                                                                | 1        pdf       db1 N   4.72378e-02
count = 918                                                                                                               | 2        pdf       db1 a   3.85741e-01
elapsed time(mins)=8.833160                                                                                               | 3        pdf       db1 b   5.52014e+00
shifts  = 2                                                                                                               | 4        pdf       dv1 a  -4.72778e-01
npts    = 1495                                                                                                            | 5        pdf       dv1 b   9.97923e+00
chi2    = 2877.549172                                                                                                     | 6        pdf        g1 a  -6.48521e-01
rchi2   = 49.694503                                                                                                       | 7        pdf        g1 b   2.45964e+00
nchi2   = 0.721528                                                                                                        | 8        pdf        s1 N   5.29474e-03
chi2tot = 2927.965202                                                                                                     | 9        pdf        s1 a  -5.10065e-01
dchi2(iter)  = 3.392840                                                                                                   | 10        pdf        s1 b   9.92434e+00
dchi2(local) = -0.000000                                                                                                  | 11        pdf      sea1 N   2.37810e-02
pdf dv(1):1.000000                                                                                                        | 12        pdf      sea1 a  -1.30237e+00
pdf db-ub(2):0.002905                                                                                                     | 13        pdf      sea1 b   1.68725e+00
pdf msr:1.000000                                                                                                          | 14        pdf       ub1 N   4.43332e-02
pdf db-ub(1):0.107318                                                                                                     | 15        pdf       ub1 a   9.99989e-01
pdf uv(1):2.000000                                                                                                        | 16        pdf       ub1 b   4.31645e+00
pdf s-sb(1):-0.000000                                                                                                     | 17        pdf       uv1 a  -4.99969e-01
pdf s-sb(2):0.000000                                                                                                      | 18        pdf       uv1 b   2.87411e+00
                                                                                                                          | 19       norm       idis      10016  9.78955e-01
reaction: unpol DIS                                                                                                       | 20       norm       idis      10017  9.94438e-01
filters: Q2>1.690000                                                                                                      | 21       norm       idis      10010  1.00839e+00
filters: W2>10.000000                                                                                                     | 22       norm       idis      10011  9.98256e-01
    idx tar        col  npts       chi2  chi2-npts      rchi2      nchi2                                                  | 23       norm       idis      10020  1.00316e+00
  10016   p      BCDMS   348     709.32     361.32      18.99       0.49                                                  | 
  10017   d      BCDMS   254     530.32     276.32      14.74       0.03                                                  | 
  10020   p        NMC   273     508.23     235.23      10.09       0.02                                                  | 
  10021 d/p        NMC   174     344.56     170.56       5.87       0.00                                                  | 
  10010   p       SLAC   218     429.76     211.76       0.00       0.16                                                  | 
  10011   d       SLAC   228     355.37     127.37       0.00       0.01                                                  | 
