('active', 'pdf')

--step 1: npQCD objects = pdf , datasets = idis , tmc = False , ht = False
loading idis data sets 10016
loading idis data sets 10017
loading idis data sets 10020
loading idis data sets 10021
loading idis data sets 10010
loading idis data sets 10011
Loading DIS tables...
10016 has norm uncertainty
10017 has norm uncertainty
10020 has norm uncertainty
10010 has norm uncertainty
10011 has norm uncertainty
[H[J[H[J[H[J[H[J[H[J[H[J[H[J[H[J[H[J[H[J[H[J[H[J[H[J[H[J[H[J[H[J['pdf']
JAM FITTER                                                                                                                | 1        pdf       db1 N   3.26490e-02
count = 100                                                                                                               | 2        pdf       db1 a   4.51872e-01
elapsed time(mins)=0.988996                                                                                               | 3        pdf       db1 b   4.96494e+00
shifts  = 2                                                                                                               | 4        pdf       dv1 a  -3.23744e-01
npts    = 1495                                                                                                            | 5        pdf       dv1 b   7.03015e+00
chi2    = 68084.873468                                                                                                    | 6        pdf        g1 a   7.69597e-01
rchi2   = 10500.550902                                                                                                    | 7        pdf        g1 b   6.41969e-01
nchi2   = 268.005551                                                                                                      | 8        pdf        s1 N   2.29283e-01
chi2tot = 78853.429921                                                                                                    | 9        pdf        s1 a   3.10659e-01
dchi2(iter)  = 0.000000                                                                                                   | 10        pdf        s1 b   2.31933e+00
dchi2(local) = -inf                                                                                                       | 11        pdf      sea1 N   1.35643e-01
pdf dv(1):1.000000                                                                                                        | 12        pdf      sea1 a  -1.72184e+00
pdf db-ub(2):-0.000342                                                                                                    | 13        pdf      sea1 b   9.10248e-01
pdf msr:1.000000                                                                                                          | 14        pdf       ub1 N   3.29911e-02
pdf db-ub(1):0.031619                                                                                                     | 15        pdf       ub1 a   7.01086e-01
pdf uv(1):2.000000                                                                                                        | 16        pdf       ub1 b   4.26836e+00
pdf s-sb(1):0.000000                                                                                                      | 17        pdf       uv1 a  -4.89381e-01
pdf s-sb(2):0.000000                                                                                                      | 18        pdf       uv1 b   6.93260e+00
                                                                                                                          | 19       norm       idis      10016  8.41139e-01
reaction: unpol DIS                                                                                                       | 20       norm       idis      10017  1.19547e+00
filters: Q2>1.690000                                                                                                      | 21       norm       idis      10010  1.11160e+00
filters: W2>10.000000                                                                                                     | 22       norm       idis      10011  1.14480e+00
    idx tar        col  npts       chi2  chi2-npts      rchi2      nchi2                                                  | 23       norm       idis      10020  1.19669e+00
  10016   p      BCDMS   348    8413.45    8065.45    1138.73      28.04                                                  | 
  10017   d      BCDMS   254    5819.20    5565.20      93.30      42.45                                                  | 
  10020   p        NMC   273   31331.50   31058.50    8175.42      96.72                                                  | 
  10021 d/p        NMC   174    2516.48    2342.48    1093.10       0.00                                                  | 
  10010   p       SLAC   218    6511.14    6293.14       0.00      28.24                                                  | 
  10011   d       SLAC   228   13493.10   13265.10       0.00      72.55                                                  | 
['pdf']
JAM FITTER                                                                                                                | 1        pdf       db1 N   3.91196e-02
count = 200                                                                                                               | 2        pdf       db1 a   1.06230e-01
elapsed time(mins)=1.957883                                                                                               | 3        pdf       db1 b   5.60799e+00
shifts  = 2                                                                                                               | 4        pdf       dv1 a  -4.37286e-01
npts    = 1495                                                                                                            | 5        pdf       dv1 b   9.36414e+00
chi2    = 5259.427213                                                                                                     | 6        pdf        g1 a  -7.89242e-01
rchi2   = 413.337353                                                                                                      | 7        pdf        g1 b   4.64308e+00
nchi2   = 198.300204                                                                                                      | 8        pdf        s1 N   1.36750e-01
chi2tot = 5871.064770                                                                                                     | 9        pdf        s1 a   1.12018e-01
dchi2(iter)  = 0.000000                                                                                                   | 10        pdf        s1 b   4.40016e+00
dchi2(local) = -inf                                                                                                       | 11        pdf      sea1 N   3.42362e-02
pdf dv(1):1.000000                                                                                                        | 12        pdf      sea1 a  -1.65022e+00
pdf db-ub(2):-0.051380                                                                                                    | 13        pdf      sea1 b   2.33020e-01
pdf msr:1.000000                                                                                                          | 14        pdf       ub1 N   9.04997e-02
pdf db-ub(1):-0.048853                                                                                                    | 15        pdf       ub1 a   9.66741e-01
pdf uv(1):2.000000                                                                                                        | 16        pdf       ub1 b   4.02337e+00
pdf s-sb(1):0.000000                                                                                                      | 17        pdf       uv1 a  -4.99975e-01
pdf s-sb(2):0.000000                                                                                                      | 18        pdf       uv1 b   5.78107e+00
                                                                                                                          | 19       norm       idis      10016  1.06967e+00
reaction: unpol DIS                                                                                                       | 20       norm       idis      10017  1.10258e+00
filters: Q2>1.690000                                                                                                      | 21       norm       idis      10010  1.17333e+00
filters: W2>10.000000                                                                                                     | 22       norm       idis      10011  1.17155e+00
    idx tar        col  npts       chi2  chi2-npts      rchi2      nchi2                                                  | 23       norm       idis      10020  1.06708e+00
  10016   p      BCDMS   348     949.21     601.21      63.42       5.39                                                  | 
  10017   d      BCDMS   254     655.82     401.82      63.49      11.69                                                  | 
  10020   p        NMC   273    2404.31    2131.31     266.05      11.25                                                  | 
  10021 d/p        NMC   174     349.17     175.17      20.37       0.00                                                  | 
  10010   p       SLAC   218     457.56     239.56       0.00      68.13                                                  | 
  10011   d       SLAC   228     443.35     215.35       0.00     101.84                                                  | 
['pdf']
JAM FITTER                                                                                                                | 1        pdf       db1 N   6.39434e-02
count = 300                                                                                                               | 2        pdf       db1 a   1.34103e-02
elapsed time(mins)=2.946736                                                                                               | 3        pdf       db1 b   4.88995e+00
shifts  = 2                                                                                                               | 4        pdf       dv1 a  -4.98549e-01
npts    = 1495                                                                                                            | 5        pdf       dv1 b   9.99804e+00
chi2    = 2775.975178                                                                                                     | 6        pdf        g1 a  -7.38018e-01
rchi2   = 67.273029                                                                                                       | 7        pdf        g1 b   3.55939e+00
nchi2   = 54.992229                                                                                                       | 8        pdf        s1 N   1.46396e-03
chi2tot = 2898.240437                                                                                                     | 9        pdf        s1 a   4.19491e-01
dchi2(iter)  = 0.000000                                                                                                   | 10        pdf        s1 b   2.87841e+00
dchi2(local) = -inf                                                                                                       | 11        pdf      sea1 N   2.18904e-02
pdf dv(1):1.000000                                                                                                        | 12        pdf      sea1 a  -1.44070e+00
pdf db-ub(2):-0.035476                                                                                                    | 13        pdf      sea1 b   8.80482e-01
pdf msr:1.000000                                                                                                          | 14        pdf       ub1 N   9.94198e-02
pdf db-ub(1):0.080149                                                                                                     | 15        pdf       ub1 a   9.35445e-01
pdf uv(1):2.000000                                                                                                        | 16        pdf       ub1 b   3.98392e+00
pdf s-sb(1):0.000000                                                                                                      | 17        pdf       uv1 a  -4.53927e-01
pdf s-sb(2):0.000000                                                                                                      | 18        pdf       uv1 b   5.44656e+00
                                                                                                                          | 19       norm       idis      10016  1.03523e+00
reaction: unpol DIS                                                                                                       | 20       norm       idis      10017  1.05873e+00
filters: Q2>1.690000                                                                                                      | 21       norm       idis      10010  1.08679e+00
filters: W2>10.000000                                                                                                     | 22       norm       idis      10011  1.08311e+00
    idx tar        col  npts       chi2  chi2-npts      rchi2      nchi2                                                  | 23       norm       idis      10020  1.05933e+00
  10016   p      BCDMS   348     711.61     363.61      25.90       1.38                                                  | 
  10017   d      BCDMS   254     496.71     242.71      24.97       3.83                                                  | 
  10020   p        NMC   273     615.49     342.49      13.44       8.80                                                  | 
  10021 d/p        NMC   174     281.62     107.62       2.96       0.00                                                  | 
  10010   p       SLAC   218     380.34     162.34       0.00      17.08                                                  | 
  10011   d       SLAC   228     290.21      62.21       0.00      23.90                                                  | 
['pdf']
JAM FITTER                                                                                                                | 1        pdf       db1 N   6.08840e-02
count = 400                                                                                                               | 2        pdf       db1 a   2.69047e-02
elapsed time(mins)=3.932055                                                                                               | 3        pdf       db1 b   4.80675e+00
shifts  = 3                                                                                                               | 4        pdf       dv1 a  -4.90094e-01
npts    = 1495                                                                                                            | 5        pdf       dv1 b   9.92706e+00
chi2    = 2744.925206                                                                                                     | 6        pdf        g1 a  -5.98005e-01
rchi2   = 58.923938                                                                                                       | 7        pdf        g1 b   3.49295e+00
nchi2   = 8.101933                                                                                                        | 8        pdf        s1 N   1.16084e-03
chi2tot = 2811.951078                                                                                                     | 9        pdf        s1 a  -1.54091e-01
dchi2(iter)  = inf                                                                                                        | 10        pdf        s1 b   7.19510e+00
dchi2(local) = -inf                                                                                                       | 11        pdf      sea1 N   1.93345e-02
pdf dv(1):1.000000                                                                                                        | 12        pdf      sea1 a  -1.43624e+00
pdf db-ub(2):-0.028145                                                                                                    | 13        pdf      sea1 b   9.58088e-01
pdf msr:1.000000                                                                                                          | 14        pdf       ub1 N   8.90294e-02
pdf db-ub(1):0.090769                                                                                                     | 15        pdf       ub1 a   9.32681e-01
pdf uv(1):2.000000                                                                                                        | 16        pdf       ub1 b   3.89222e+00
pdf s-sb(1):-0.000000                                                                                                     | 17        pdf       uv1 a  -4.76554e-01
pdf s-sb(2):-0.000000                                                                                                     | 18        pdf       uv1 b   4.87966e+00
                                                                                                                          | 19       norm       idis      10016  9.96689e-01
reaction: unpol DIS                                                                                                       | 20       norm       idis      10017  1.02073e+00
filters: Q2>1.690000                                                                                                      | 21       norm       idis      10010  1.03552e+00
filters: W2>10.000000                                                                                                     | 22       norm       idis      10011  1.03155e+00
    idx tar        col  npts       chi2  chi2-npts      rchi2      nchi2                                                  | 23       norm       idis      10020  1.02288e+00
  10016   p      BCDMS   348     700.30     352.30      22.46       0.01                                                  | 
  10017   d      BCDMS   254     501.62     247.62      18.99       0.48                                                  | 
  10020   p        NMC   273     597.82     324.82      15.61       1.31                                                  | 
  10021 d/p        NMC   174     279.43     105.43       1.86       0.00                                                  | 
  10010   p       SLAC   218     377.94     159.94       0.00       2.86                                                  | 
  10011   d       SLAC   228     287.80      59.80       0.00       3.44                                                  | 
['pdf']
JAM FITTER                                                                                                                | 1        pdf       db1 N   5.63583e-02
count = 500                                                                                                               | 2        pdf       db1 a   1.12001e-01
elapsed time(mins)=4.912311                                                                                               | 3        pdf       db1 b   4.96275e+00
shifts  = 2                                                                                                               | 4        pdf       dv1 a  -4.98485e-01
npts    = 1495                                                                                                            | 5        pdf       dv1 b   9.99998e+00
chi2    = 2733.905270                                                                                                     | 6        pdf        g1 a  -5.71153e-01
rchi2   = 49.854011                                                                                                       | 7        pdf        g1 b   3.18667e+00
nchi2   = 0.810400                                                                                                        | 8        pdf        s1 N   2.13548e-03
chi2tot = 2784.569681                                                                                                     | 9        pdf        s1 a   9.08262e-01
dchi2(iter)  = inf                                                                                                        | 10        pdf        s1 b   2.49580e-01
dchi2(local) = -27.381396                                                                                                 | 11        pdf      sea1 N   2.00448e-02
pdf dv(1):1.000000                                                                                                        | 12        pdf      sea1 a  -1.38448e+00
pdf db-ub(2):-0.016043                                                                                                    | 13        pdf      sea1 b   1.30305e+00
pdf msr:1.000000                                                                                                          | 14        pdf       ub1 N   7.24010e-02
pdf db-ub(1):0.104243                                                                                                     | 15        pdf       ub1 a   9.13389e-01
pdf uv(1):2.000000                                                                                                        | 16        pdf       ub1 b   3.80765e+00
pdf s-sb(1):0.000000                                                                                                      | 17        pdf       uv1 a  -4.97363e-01
pdf s-sb(2):0.000000                                                                                                      | 18        pdf       uv1 b   3.98583e+00
                                                                                                                          | 19       norm       idis      10016  9.74998e-01
reaction: unpol DIS                                                                                                       | 20       norm       idis      10017  9.98685e-01
filters: Q2>1.690000                                                                                                      | 21       norm       idis      10010  1.00679e+00
filters: W2>10.000000                                                                                                     | 22       norm       idis      10011  1.00147e+00
    idx tar        col  npts       chi2  chi2-npts      rchi2      nchi2                                                  | 23       norm       idis      10020  9.99167e-01
  10016   p      BCDMS   348     697.53     349.53      19.46       0.69                                                  | 
  10017   d      BCDMS   254     500.79     246.79      16.01       0.00                                                  | 
  10020   p        NMC   273     593.20     320.20      12.63       0.00                                                  | 
  10021 d/p        NMC   174     276.72     102.72       1.75       0.00                                                  | 
  10010   p       SLAC   218     377.84     159.84       0.00       0.10                                                  | 
  10011   d       SLAC   228     287.83      59.83       0.00       0.01                                                  | 
['pdf']
JAM FITTER                                                                                                                | 1        pdf       db1 N   5.58438e-02
count = 600                                                                                                               | 2        pdf       db1 a   1.76858e-01
elapsed time(mins)=5.884319                                                                                               | 3        pdf       db1 b   4.87682e+00
shifts  = 2                                                                                                               | 4        pdf       dv1 a  -4.76634e-01
npts    = 1495                                                                                                            | 5        pdf       dv1 b   1.00000e+01
chi2    = 2727.053270                                                                                                     | 6        pdf        g1 a  -5.61189e-01
rchi2   = 50.734565                                                                                                       | 7        pdf        g1 b   3.10373e+00
nchi2   = 0.919243                                                                                                        | 8        pdf        s1 N   6.55787e-03
chi2tot = 2778.707078                                                                                                     | 9        pdf        s1 a   9.81840e-01
dchi2(iter)  = inf                                                                                                        | 10        pdf        s1 b   3.02600e-01
dchi2(local) = -33.244000                                                                                                 | 11        pdf      sea1 N   1.84346e-02
pdf dv(1):1.000000                                                                                                        | 12        pdf      sea1 a  -1.33291e+00
pdf db-ub(2):-0.008731                                                                                                    | 13        pdf      sea1 b   2.23983e+00
pdf msr:1.000000                                                                                                          | 14        pdf       ub1 N   6.45751e-02
pdf db-ub(1):0.105672                                                                                                     | 15        pdf       ub1 a   8.53361e-01
pdf uv(1):2.000000                                                                                                        | 16        pdf       ub1 b   3.72017e+00
pdf s-sb(1):0.000000                                                                                                      | 17        pdf       uv1 a  -4.98699e-01
pdf s-sb(2):0.000000                                                                                                      | 18        pdf       uv1 b   3.51825e+00
                                                                                                                          | 19       norm       idis      10016  9.72251e-01
reaction: unpol DIS                                                                                                       | 20       norm       idis      10017  9.96765e-01
filters: Q2>1.690000                                                                                                      | 21       norm       idis      10010  1.00392e+00
filters: W2>10.000000                                                                                                     | 22       norm       idis      10011  9.98237e-01
    idx tar        col  npts       chi2  chi2-npts      rchi2      nchi2                                                  | 23       norm       idis      10020  9.98395e-01
  10016   p      BCDMS   348     701.56     353.56      20.94       0.86                                                  | 
  10017   d      BCDMS   254     495.78     241.78      15.47       0.01                                                  | 
  10020   p        NMC   273     593.41     320.41      12.72       0.01                                                  | 
  10021 d/p        NMC   174     274.59     100.59       1.61       0.00                                                  | 
  10010   p       SLAC   218     372.97     154.97       0.00       0.03                                                  | 
  10011   d       SLAC   228     288.74      60.74       0.00       0.01                                                  | 
['pdf']
JAM FITTER                                                                                                                | 1        pdf       db1 N   5.61491e-02
count = 700                                                                                                               | 2        pdf       db1 a   2.10731e-01
elapsed time(mins)=6.871990                                                                                               | 3        pdf       db1 b   4.86401e+00
shifts  = 2                                                                                                               | 4        pdf       dv1 a  -4.61063e-01
npts    = 1495                                                                                                            | 5        pdf       dv1 b   1.00000e+01
chi2    = 2727.548465                                                                                                     | 6        pdf        g1 a  -5.57280e-01
rchi2   = 48.492688                                                                                                       | 7        pdf        g1 b   3.07686e+00
nchi2   = 0.969612                                                                                                        | 8        pdf        s1 N   8.36420e-03
chi2tot = 2777.010765                                                                                                     | 9        pdf        s1 a   9.93902e-01
dchi2(iter)  = inf                                                                                                        | 10        pdf        s1 b   7.15402e-01
dchi2(local) = -34.940312                                                                                                 | 11        pdf      sea1 N   1.70891e-02
pdf dv(1):1.000000                                                                                                        | 12        pdf      sea1 a  -1.31738e+00
pdf db-ub(2):-0.007245                                                                                                    | 13        pdf      sea1 b   2.86044e+00
pdf msr:1.000000                                                                                                          | 14        pdf       ub1 N   6.33938e-02
pdf db-ub(1):0.101441                                                                                                     | 15        pdf       ub1 a   8.37409e-01
pdf uv(1):2.000000                                                                                                        | 16        pdf       ub1 b   3.73208e+00
pdf s-sb(1):0.000000                                                                                                      | 17        pdf       uv1 a  -4.97631e-01
pdf s-sb(2):0.000000                                                                                                      | 18        pdf       uv1 b   3.42392e+00
                                                                                                                          | 19       norm       idis      10016  9.71607e-01
reaction: unpol DIS                                                                                                       | 20       norm       idis      10017  9.96179e-01
filters: Q2>1.690000                                                                                                      | 21       norm       idis      10010  1.00297e+00
filters: W2>10.000000                                                                                                     | 22       norm       idis      10011  9.97143e-01
    idx tar        col  npts       chi2  chi2-npts      rchi2      nchi2                                                  | 23       norm       idis      10020  9.98063e-01
  10016   p      BCDMS   348     697.25     349.25      19.76       0.90                                                  | 
  10017   d      BCDMS   254     495.70     241.70      14.47       0.02                                                  | 
  10020   p        NMC   273     593.51     320.51      12.54       0.01                                                  | 
  10021 d/p        NMC   174     274.65     100.65       1.71       0.00                                                  | 
  10010   p       SLAC   218     375.55     157.55       0.00       0.02                                                  | 
  10011   d       SLAC   228     290.90      62.90       0.00       0.03                                                  | 
['pdf']
JAM FITTER                                                                                                                | 1        pdf       db1 N   5.63779e-02
count = 800                                                                                                               | 2        pdf       db1 a   2.43557e-01
elapsed time(mins)=7.859685                                                                                               | 3        pdf       db1 b   4.87058e+00
shifts  = 2                                                                                                               | 4        pdf       dv1 a  -4.40963e-01
npts    = 1495                                                                                                            | 5        pdf       dv1 b   1.00000e+01
chi2    = 2727.158041                                                                                                     | 6        pdf        g1 a  -5.59852e-01
rchi2   = 48.424659                                                                                                       | 7        pdf        g1 b   3.08791e+00
nchi2   = 0.944551                                                                                                        | 8        pdf        s1 N   9.40518e-03
chi2tot = 2776.527251                                                                                                     | 9        pdf        s1 a   9.94419e-01
dchi2(iter)  = inf                                                                                                        | 10        pdf        s1 b   8.12660e-01
dchi2(local) = -35.423827                                                                                                 | 11        pdf      sea1 N   1.61072e-02
pdf dv(1):1.000000                                                                                                        | 12        pdf      sea1 a  -1.31322e+00
pdf db-ub(2):-0.005352                                                                                                    | 13        pdf      sea1 b   3.35626e+00
pdf msr:1.000000                                                                                                          | 14        pdf       ub1 N   6.17300e-02
pdf db-ub(1):0.104082                                                                                                     | 15        pdf       ub1 a   8.71727e-01
pdf uv(1):2.000000                                                                                                        | 16        pdf       ub1 b   3.75177e+00
pdf s-sb(1):0.000000                                                                                                      | 17        pdf       uv1 a  -4.81863e-01
pdf s-sb(2):0.000000                                                                                                      | 18        pdf       uv1 b   3.42950e+00
                                                                                                                          | 19       norm       idis      10016  9.71881e-01
reaction: unpol DIS                                                                                                       | 20       norm       idis      10017  9.96513e-01
filters: Q2>1.690000                                                                                                      | 21       norm       idis      10010  1.00351e+00
filters: W2>10.000000                                                                                                     | 22       norm       idis      10011  9.97737e-01
    idx tar        col  npts       chi2  chi2-npts      rchi2      nchi2                                                  | 23       norm       idis      10020  9.98347e-01
  10016   p      BCDMS   348     698.27     350.27      19.87       0.88                                                  | 
  10017   d      BCDMS   254     494.74     240.74      14.35       0.01                                                  | 
  10020   p        NMC   273     593.33     320.33      12.54       0.01                                                  | 
  10021 d/p        NMC   174     274.64     100.64       1.66       0.00                                                  | 
  10010   p       SLAC   218     375.07     157.07       0.00       0.03                                                  | 
  10011   d       SLAC   228     291.11      63.11       0.00       0.02                                                  | 
['pdf']
JAM FITTER                                                                                                                | 1        pdf       db1 N   5.66508e-02
count = 900                                                                                                               | 2        pdf       db1 a   2.92862e-01
elapsed time(mins)=8.837151                                                                                               | 3        pdf       db1 b   4.90289e+00
shifts  = 2                                                                                                               | 4        pdf       dv1 a  -4.15870e-01
npts    = 1495                                                                                                            | 5        pdf       dv1 b   1.00000e+01
chi2    = 2726.819048                                                                                                     | 6        pdf        g1 a  -5.61023e-01
rchi2   = 48.381242                                                                                                       | 7        pdf        g1 b   3.06803e+00
nchi2   = 0.944915                                                                                                        | 8        pdf        s1 N   1.00984e-02
chi2tot = 2776.145205                                                                                                     | 9        pdf        s1 a   9.99678e-01
dchi2(iter)  = inf                                                                                                        | 10        pdf        s1 b   9.08069e-01
dchi2(local) = -35.805873                                                                                                 | 11        pdf      sea1 N   1.48161e-02
pdf dv(1):1.000000                                                                                                        | 12        pdf      sea1 a  -1.30003e+00
pdf db-ub(2):-0.003472                                                                                                    | 13        pdf      sea1 b   4.22424e+00
pdf msr:1.000000                                                                                                          | 14        pdf       ub1 N   6.01233e-02
pdf db-ub(1):0.102988                                                                                                     | 15        pdf       ub1 a   8.85509e-01
pdf uv(1):2.000000                                                                                                        | 16        pdf       ub1 b   3.77288e+00
pdf s-sb(1):0.000000                                                                                                      | 17        pdf       uv1 a  -4.68617e-01
pdf s-sb(2):0.000000                                                                                                      | 18        pdf       uv1 b   3.40372e+00
                                                                                                                          | 19       norm       idis      10016  9.71897e-01
reaction: unpol DIS                                                                                                       | 20       norm       idis      10017  9.96539e-01
filters: Q2>1.690000                                                                                                      | 21       norm       idis      10010  1.00334e+00
filters: W2>10.000000                                                                                                     | 22       norm       idis      10011  9.97477e-01
    idx tar        col  npts       chi2  chi2-npts      rchi2      nchi2                                                  | 23       norm       idis      10020  9.98357e-01
  10016   p      BCDMS   348     698.14     350.14      19.90       0.88                                                  | 
  10017   d      BCDMS   254     494.09     240.09      14.28       0.01                                                  | 
  10020   p        NMC   273     593.38     320.38      12.49       0.01                                                  | 
  10021 d/p        NMC   174     274.72     100.72       1.71       0.00                                                  | 
  10010   p       SLAC   218     375.02     157.02       0.00       0.03                                                  | 
  10011   d       SLAC   228     291.48      63.48       0.00       0.02                                                  | 
['pdf']
JAM FITTER                                                                                                                | 1        pdf       db1 N   5.54573e-02
count = 1000                                                                                                              | 2        pdf       db1 a   3.67587e-01
elapsed time(mins)=9.805784                                                                                               | 3        pdf       db1 b   4.98925e+00
shifts  = 3                                                                                                               | 4        pdf       dv1 a  -3.82789e-01
npts    = 1495                                                                                                            | 5        pdf       dv1 b   1.00000e+01
chi2    = 2726.380504                                                                                                     | 6        pdf        g1 a  -5.61236e-01
rchi2   = 48.530481                                                                                                       | 7        pdf        g1 b   3.07378e+00
nchi2   = 0.946883                                                                                                        | 8        pdf        s1 N   1.06764e-02
chi2tot = 2775.857868                                                                                                     | 9        pdf        s1 a   9.97244e-01
dchi2(iter)  = 36.093210                                                                                                  | 10        pdf        s1 b   9.81107e-01
dchi2(local) = -36.093210                                                                                                 | 11        pdf      sea1 N   1.45807e-02
pdf dv(1):1.000000                                                                                                        | 12        pdf      sea1 a  -1.28897e+00
pdf db-ub(2):-0.000099                                                                                                    | 13        pdf      sea1 b   4.68342e+00
pdf msr:1.000000                                                                                                          | 14        pdf       ub1 N   5.55567e-02
pdf db-ub(1):0.103974                                                                                                     | 15        pdf       ub1 a   9.34431e-01
pdf uv(1):2.000000                                                                                                        | 16        pdf       ub1 b   3.83282e+00
pdf s-sb(1):0.000000                                                                                                      | 17        pdf       uv1 a  -4.49288e-01
pdf s-sb(2):-0.000000                                                                                                     | 18        pdf       uv1 b   3.34813e+00
                                                                                                                          | 19       norm       idis      10016  9.71864e-01
reaction: unpol DIS                                                                                                       | 20       norm       idis      10017  9.96543e-01
filters: Q2>1.690000                                                                                                      | 21       norm       idis      10010  1.00345e+00
filters: W2>10.000000                                                                                                     | 22       norm       idis      10011  9.97588e-01
    idx tar        col  npts       chi2  chi2-npts      rchi2      nchi2                                                  | 23       norm       idis      10020  9.98341e-01
  10016   p      BCDMS   348     698.51     350.51      20.04       0.88                                                  | 
  10017   d      BCDMS   254     493.42     239.42      14.26       0.01                                                  | 
  10020   p        NMC   273     593.29     320.29      12.52       0.01                                                  | 
  10021 d/p        NMC   174     274.78     100.78       1.70       0.00                                                  | 
  10010   p       SLAC   218     374.71     156.71       0.00       0.03                                                  | 
  10011   d       SLAC   228     291.67      63.67       0.00       0.02                                                  | 
['pdf']
JAM FITTER                                                                                                                | 1        pdf       db1 N   5.39968e-02
count = 1100                                                                                                              | 2        pdf       db1 a   4.69146e-01
elapsed time(mins)=10.799146                                                                                              | 3        pdf       db1 b   5.11745e+00
shifts  = 2                                                                                                               | 4        pdf       dv1 a  -3.38473e-01
npts    = 1495                                                                                                            | 5        pdf       dv1 b   1.00000e+01
chi2    = 2726.014182                                                                                                     | 6        pdf        g1 a  -5.60772e-01
rchi2   = 48.596477                                                                                                       | 7        pdf        g1 b   3.08116e+00
nchi2   = 0.948506                                                                                                        | 8        pdf        s1 N   1.15355e-02
chi2tot = 2775.559165                                                                                                     | 9        pdf        s1 a   9.98072e-01
dchi2(iter)  = 36.093210                                                                                                  | 10        pdf        s1 b   1.08348e+00
dchi2(local) = -0.298703                                                                                                  | 11        pdf      sea1 N   1.41408e-02
pdf dv(1):1.000000                                                                                                        | 12        pdf      sea1 a  -1.27329e+00
pdf db-ub(2):0.003914                                                                                                     | 13        pdf      sea1 b   5.43420e+00
pdf msr:1.000000                                                                                                          | 14        pdf       ub1 N   5.00830e-02
pdf db-ub(1):0.105778                                                                                                     | 15        pdf       ub1 a   9.99840e-01
pdf uv(1):2.000000                                                                                                        | 16        pdf       ub1 b   3.91047e+00
pdf s-sb(1):0.000000                                                                                                      | 17        pdf       uv1 a  -4.22193e-01
pdf s-sb(2):0.000000                                                                                                      | 18        pdf       uv1 b   3.30844e+00
                                                                                                                          | 19       norm       idis      10016  9.71843e-01
reaction: unpol DIS                                                                                                       | 20       norm       idis      10017  9.96555e-01
filters: Q2>1.690000                                                                                                      | 21       norm       idis      10010  1.00357e+00
filters: W2>10.000000                                                                                                     | 22       norm       idis      10011  9.97707e-01
    idx tar        col  npts       chi2  chi2-npts      rchi2      nchi2                                                  | 23       norm       idis      10020  9.98293e-01
  10016   p      BCDMS   348     698.90     350.90      20.14       0.88                                                  | 
  10017   d      BCDMS   254     492.70     238.70      14.19       0.01                                                  | 
  10020   p        NMC   273     593.21     320.21      12.56       0.01                                                  | 
  10021 d/p        NMC   174     274.87     100.87       1.70       0.00                                                  | 
  10010   p       SLAC   218     374.34     156.34       0.00       0.03                                                  | 
  10011   d       SLAC   228     291.99      63.99       0.00       0.02                                                  | 
['pdf']
JAM FITTER                                                                                                                | 1        pdf       db1 N   5.40260e-02
count = 1200                                                                                                              | 2        pdf       db1 a   4.88488e-01
elapsed time(mins)=11.767932                                                                                              | 3        pdf       db1 b   5.13991e+00
shifts  = 3                                                                                                               | 4        pdf       dv1 a  -3.27365e-01
npts    = 1495                                                                                                            | 5        pdf       dv1 b   1.00000e+01
chi2    = 2725.715199                                                                                                     | 6        pdf        g1 a  -5.61251e-01
rchi2   = 48.856777                                                                                                       | 7        pdf        g1 b   3.07501e+00
nchi2   = 0.932992                                                                                                        | 8        pdf        s1 N   1.14850e-02
chi2tot = 2775.504968                                                                                                     | 9        pdf        s1 a   9.98697e-01
dchi2(iter)  = 0.352900                                                                                                   | 10        pdf        s1 b   1.08061e+00
dchi2(local) = -0.352900                                                                                                  | 11        pdf      sea1 N   1.37403e-02
pdf dv(1):1.000000                                                                                                        | 12        pdf      sea1 a  -1.26758e+00
pdf db-ub(2):0.004499                                                                                                     | 13        pdf      sea1 b   5.85569e+00
pdf msr:1.000000                                                                                                          | 14        pdf       ub1 N   4.95271e-02
pdf db-ub(1):0.105896                                                                                                     | 15        pdf       ub1 a   9.99969e-01
pdf uv(1):2.000000                                                                                                        | 16        pdf       ub1 b   3.90458e+00
pdf s-sb(1):0.000000                                                                                                      | 17        pdf       uv1 a  -4.15130e-01
pdf s-sb(2):0.000000                                                                                                      | 18        pdf       uv1 b   3.31695e+00
                                                                                                                          | 19       norm       idis      10016  9.72060e-01
reaction: unpol DIS                                                                                                       | 20       norm       idis      10017  9.96794e-01
filters: Q2>1.690000                                                                                                      | 21       norm       idis      10010  1.00374e+00
filters: W2>10.000000                                                                                                     | 22       norm       idis      10011  9.97843e-01
    idx tar        col  npts       chi2  chi2-npts      rchi2      nchi2                                                  | 23       norm       idis      10020  9.98402e-01
  10016   p      BCDMS   348     698.67     350.67      20.22       0.87                                                  | 
  10017   d      BCDMS   254     492.52     238.52      14.26       0.01                                                  | 
  10020   p        NMC   273     593.08     320.08      12.66       0.01                                                  | 
  10021 d/p        NMC   174     274.98     100.98       1.72       0.00                                                  | 
  10010   p       SLAC   218     374.46     156.46       0.00       0.03                                                  | 
  10011   d       SLAC   228     292.01      64.01       0.00       0.02                                                  | 
['pdf']
JAM FITTER                                                                                                                | 1        pdf       db1 N   5.41699e-02
count = 1300                                                                                                              | 2        pdf       db1 a   4.99671e-01
elapsed time(mins)=12.743927                                                                                              | 3        pdf       db1 b   5.15926e+00
shifts  = 23                                                                                                              | 4        pdf       dv1 a  -3.18542e-01
npts    = 1495                                                                                                            | 5        pdf       dv1 b   1.00000e+01
chi2    = 2725.874969                                                                                                     | 6        pdf        g1 a  -5.61266e-01
rchi2   = 48.638852                                                                                                       | 7        pdf        g1 b   3.06832e+00
nchi2   = 0.927431                                                                                                        | 8        pdf        s1 N   1.15804e-02
chi2tot = 2775.441252                                                                                                     | 9        pdf        s1 a   9.99493e-01
dchi2(iter)  = 0.063716                                                                                                   | 10        pdf        s1 b   1.08294e+00
dchi2(local) = -0.063716                                                                                                  | 11        pdf      sea1 N   1.32924e-02
pdf dv(1):1.000000                                                                                                        | 12        pdf      sea1 a  -1.26197e+00
pdf db-ub(2):0.004817                                                                                                     | 13        pdf      sea1 b   6.34215e+00
pdf msr:1.000000                                                                                                          | 14        pdf       ub1 N   4.93534e-02
pdf db-ub(1):0.106619                                                                                                     | 15        pdf       ub1 a   9.99930e-01
pdf uv(1):2.000000                                                                                                        | 16        pdf       ub1 b   3.89015e+00
pdf s-sb(1):0.000000                                                                                                      | 17        pdf       uv1 a  -4.07994e-01
pdf s-sb(2):0.000000                                                                                                      | 18        pdf       uv1 b   3.34180e+00
                                                                                                                          | 19       norm       idis      10016  9.72143e-01
reaction: unpol DIS                                                                                                       | 20       norm       idis      10017  9.96870e-01
filters: Q2>1.690000                                                                                                      | 21       norm       idis      10010  1.00371e+00
filters: W2>10.000000                                                                                                     | 22       norm       idis      10011  9.97803e-01
    idx tar        col  npts       chi2  chi2-npts      rchi2      nchi2                                                  | 23       norm       idis      10020  9.98407e-01
  10016   p      BCDMS   348     698.69     350.69      20.10       0.86                                                  | 
  10017   d      BCDMS   254     492.48     238.48      14.19       0.01                                                  | 
  10020   p        NMC   273     593.11     320.11      12.63       0.01                                                  | 
  10021 d/p        NMC   174     275.04     101.04       1.72       0.00                                                  | 
  10010   p       SLAC   218     374.47     156.47       0.00       0.03                                                  | 
  10011   d       SLAC   228     292.09      64.09       0.00       0.02                                                  | 
['pdf']
JAM FITTER                                                                                                                | 1        pdf       db1 N   5.43571e-02
count = 1400                                                                                                              | 2        pdf       db1 a   5.13695e-01
elapsed time(mins)=13.711923                                                                                              | 3        pdf       db1 b   5.18295e+00
shifts  = 2                                                                                                               | 4        pdf       dv1 a  -3.03986e-01
npts    = 1495                                                                                                            | 5        pdf       dv1 b   1.00000e+01
chi2    = 2725.978957                                                                                                     | 6        pdf        g1 a  -5.60318e-01
rchi2   = 48.492651                                                                                                       | 7        pdf        g1 b   3.06402e+00
nchi2   = 0.906326                                                                                                        | 8        pdf        s1 N   1.16190e-02
chi2tot = 2775.377934                                                                                                     | 9        pdf        s1 a   9.99989e-01
dchi2(iter)  = 0.063716                                                                                                   | 10        pdf        s1 b   1.07640e+00
dchi2(local) = -0.063318                                                                                                  | 11        pdf      sea1 N   1.26344e-02
pdf dv(1):1.000000                                                                                                        | 12        pdf      sea1 a  -1.25276e+00
pdf db-ub(2):0.005177                                                                                                     | 13        pdf      sea1 b   7.16185e+00
pdf msr:1.000000                                                                                                          | 14        pdf       ub1 N   4.91803e-02
pdf db-ub(1):0.107786                                                                                                     | 15        pdf       ub1 a   9.99961e-01
pdf uv(1):2.000000                                                                                                        | 16        pdf       ub1 b   3.85639e+00
pdf s-sb(1):0.000000                                                                                                      | 17        pdf       uv1 a  -3.95815e-01
pdf s-sb(2):0.000000                                                                                                      | 18        pdf       uv1 b   3.39090e+00
                                                                                                                          | 19       norm       idis      10016  9.72449e-01
reaction: unpol DIS                                                                                                       | 20       norm       idis      10017  9.97164e-01
filters: Q2>1.690000                                                                                                      | 21       norm       idis      10010  1.00388e+00
filters: W2>10.000000                                                                                                     | 22       norm       idis      10011  9.97945e-01
    idx tar        col  npts       chi2  chi2-npts      rchi2      nchi2                                                  | 23       norm       idis      10020  9.98557e-01
  10016   p      BCDMS   348     698.67     350.67      19.99       0.84                                                  | 
  10017   d      BCDMS   254     492.49     238.49      14.15       0.01                                                  | 
  10020   p        NMC   273     593.12     320.12      12.63       0.01                                                  | 
  10021 d/p        NMC   174     275.14     101.14       1.73       0.00                                                  | 
  10010   p       SLAC   218     374.48     156.48       0.00       0.03                                                  | 
  10011   d       SLAC   228     292.08      64.08       0.00       0.01                                                  | 
['pdf']
JAM FITTER                                                                                                                | 1        pdf       db1 N   5.44441e-02
count = 1500                                                                                                              | 2        pdf       db1 a   5.17105e-01
elapsed time(mins)=14.675650                                                                                              | 3        pdf       db1 b   5.18922e+00
shifts  = 3                                                                                                               | 4        pdf       dv1 a  -2.97983e-01
npts    = 1495                                                                                                            | 5        pdf       dv1 b   1.00000e+01
chi2    = 2726.038592                                                                                                     | 6        pdf        g1 a  -5.59669e-01
rchi2   = 48.433740                                                                                                       | 7        pdf        g1 b   3.06187e+00
nchi2   = 0.896704                                                                                                        | 8        pdf        s1 N   1.16073e-02
chi2tot = 2775.369036                                                                                                     | 9        pdf        s1 a   1.00000e+00
dchi2(iter)  = 0.072216                                                                                                   | 10        pdf        s1 b   1.07180e+00
dchi2(local) = -0.072216                                                                                                  | 11        pdf      sea1 N   1.23580e-02
pdf dv(1):1.000000                                                                                                        | 12        pdf      sea1 a  -1.24850e+00
pdf db-ub(2):0.005242                                                                                                     | 13        pdf      sea1 b   7.54581e+00
pdf msr:1.000000                                                                                                          | 14        pdf       ub1 N   4.92018e-02
pdf db-ub(1):0.108339                                                                                                     | 15        pdf       ub1 a   1.00000e+00
pdf uv(1):2.000000                                                                                                        | 16        pdf       ub1 b   3.83782e+00
pdf s-sb(1):0.000000                                                                                                      | 17        pdf       uv1 a  -3.90448e-01
pdf s-sb(2):-0.000000                                                                                                     | 18        pdf       uv1 b   3.41679e+00
                                                                                                                          | 19       norm       idis      10016  9.72591e-01
reaction: unpol DIS                                                                                                       | 20       norm       idis      10017  9.97301e-01
filters: Q2>1.690000                                                                                                      | 21       norm       idis      10010  1.00395e+00
filters: W2>10.000000                                                                                                     | 22       norm       idis      10011  9.98001e-01
    idx tar        col  npts       chi2  chi2-npts      rchi2      nchi2                                                  | 23       norm       idis      10020  9.98634e-01
  10016   p      BCDMS   348     698.63     350.63      19.94       0.83                                                  | 
  10017   d      BCDMS   254     492.55     238.55      14.14       0.01                                                  | 
  10020   p        NMC   273     593.15     320.15      12.63       0.00                                                  | 
  10021 d/p        NMC   174     275.19     101.19       1.73       0.00                                                  | 
  10010   p       SLAC   218     374.48     156.48       0.00       0.04                                                  | 
  10011   d       SLAC   228     292.04      64.04       0.00       0.01                                                  | 
['pdf']
JAM FITTER                                                                                                                | 1        pdf       db1 N   5.44477e-02
count = 1540                                                                                                              | 2        pdf       db1 a   5.17051e-01
elapsed time(mins)=15.080457                                                                                              | 3        pdf       db1 b   5.18898e+00
shifts  = 1                                                                                                               | 4        pdf       dv1 a  -2.97916e-01
npts    = 1495                                                                                                            | 5        pdf       dv1 b   1.00000e+01
chi2    = 2726.040825                                                                                                     | 6        pdf        g1 a  -5.59707e-01
rchi2   = 48.431706                                                                                                       | 7        pdf        g1 b   3.06157e+00
nchi2   = 0.896500                                                                                                        | 8        pdf        s1 N   1.15983e-02
chi2tot = 2775.369031                                                                                                     | 9        pdf        s1 a   1.00000e+00
dchi2(iter)  = 0.072216                                                                                                   | 10        pdf        s1 b   1.07060e+00
dchi2(local) = -0.000004                                                                                                  | 11        pdf      sea1 N   1.23541e-02
pdf dv(1):1.000000                                                                                                        | 12        pdf      sea1 a  -1.24845e+00
pdf db-ub(2):0.005240                                                                                                     | 13        pdf      sea1 b   7.55101e+00
pdf msr:1.000000                                                                                                          | 14        pdf       ub1 N   4.92078e-02
pdf db-ub(1):0.108347                                                                                                     | 15        pdf       ub1 a   1.00000e+00
pdf uv(1):2.000000                                                                                                        | 16        pdf       ub1 b   3.83739e+00
pdf s-sb(1):0.000000                                                                                                      | 17        pdf       uv1 a  -3.90377e-01
pdf s-sb(2):0.000000                                                                                                      | 18        pdf       uv1 b   3.41728e+00
                                                                                                                          | 19       norm       idis      10016  9.72594e-01
reaction: unpol DIS                                                                                                       | 20       norm       idis      10017  9.97305e-01
filters: Q2>1.690000                                                                                                      | 21       norm       idis      10010  1.00395e+00
filters: W2>10.000000                                                                                                     | 22       norm       idis      10011  9.98002e-01
    idx tar        col  npts       chi2  chi2-npts      rchi2      nchi2                                                  | 23       norm       idis      10020  9.98636e-01
  10016   p      BCDMS   348     698.64     350.64      19.94       0.83                                                  | 
  10017   d      BCDMS   254     492.55     238.55      14.14       0.01                                                  | 
  10020   p        NMC   273     593.15     320.15      12.62       0.00                                                  | 
  10021 d/p        NMC   174     275.19     101.19       1.73       0.00                                                  | 
  10010   p       SLAC   218     374.47     156.47       0.00       0.04                                                  | 
  10011   d       SLAC   228     292.04      64.04       0.00       0.01                                                  | 
