('active', 'pdf')

--step 1: npQCD objects = pdf , datasets = idis , tmc = False , ht = False
loading idis data sets 10016
loading idis data sets 10017
loading idis data sets 10020
loading idis data sets 10021
loading idis data sets 10010
loading idis data sets 10011
Loading DIS tables...
10016 has norm uncertainty
10017 has norm uncertainty
10020 has norm uncertainty
10010 has norm uncertainty
10011 has norm uncertainty
[H[J[H[J['pdf']
JAM FITTER                                                                                                                | 1        pdf       db1 N   6.48474e-02
count = 100                                                                                                               | 2        pdf       db1 a   8.80345e-01
elapsed time(mins)=0.444394                                                                                               | 3        pdf       db1 b   1.99314e-02
shifts  = 2                                                                                                               | 4        pdf       dv1 a  -2.43746e-01
npts    = 1495                                                                                                            | 5        pdf       dv1 b   9.84641e+00
chi2    = 69368.891990                                                                                                    | 6        pdf        g1 a   6.89031e-01
rchi2   = 15758.064303                                                                                                    | 7        pdf        g1 b   3.02529e+00
nchi2   = 306.559430                                                                                                      | 8        pdf        s1 N   1.15865e-01
chi2tot = 85433.515723                                                                                                    | 9        pdf        s1 a  -9.86893e-01
dchi2(iter)  = 0.000000                                                                                                   | 10        pdf        s1 b   8.89058e+00
dchi2(local) = -inf                                                                                                       | 11        pdf      sea1 N   1.43179e-01
pdf dv(1):1.000000                                                                                                        | 12        pdf      sea1 a  -1.84225e+00
pdf db-ub(2):0.015516                                                                                                     | 13        pdf      sea1 b   6.06750e+00
pdf msr:1.000000                                                                                                          | 14        pdf       ub1 N   4.93316e-02
pdf db-ub(1):-1.315266                                                                                                    | 15        pdf       ub1 a  -8.52341e-01
pdf uv(1):2.000000                                                                                                        | 16        pdf       ub1 b   3.08856e+00
pdf s-sb(1):0.000000                                                                                                      | 17        pdf       uv1 a   2.90400e-01
pdf s-sb(2):0.000000                                                                                                      | 18        pdf       uv1 b   4.12140e+00
                                                                                                                          | 19       norm       idis      10016  1.02546e+00
reaction: unpol DIS                                                                                                       | 20       norm       idis      10017  9.25132e-01
filters: Q2>1.690000                                                                                                      | 21       norm       idis      10010  1.19767e+00
filters: W2>10.000000                                                                                                     | 22       norm       idis      10011  1.18854e+00
    idx tar        col  npts       chi2  chi2-npts      rchi2      nchi2                                                  | 23       norm       idis      10020  1.18763e+00
  10016   p      BCDMS   348    1780.41    1432.41    2307.29       0.72                                                  | 
  10017   d      BCDMS   254    5697.88    5443.88    2520.54       6.23                                                  | 
  10020   p        NMC   273   32162.52   31889.52    9291.30      88.01                                                  | 
  10021 d/p        NMC   174    6943.88    6769.88    1638.93       0.00                                                  | 
  10010   p       SLAC   218   14087.83   13869.83       0.00      88.60                                                  | 
  10011   d       SLAC   228    8696.37    8468.37       0.00     123.00                                                  | 
['pdf']
JAM FITTER                                                                                                                | 1        pdf       db1 N   2.43248e-02
count = 200                                                                                                               | 2        pdf       db1 a  -4.66067e-01
elapsed time(mins)=0.880934                                                                                               | 3        pdf       db1 b   2.74894e+00
shifts  = 2                                                                                                               | 4        pdf       dv1 a  -1.52278e-01
npts    = 1495                                                                                                            | 5        pdf       dv1 b   5.18673e+00
chi2    = 5522.554556                                                                                                     | 6        pdf        g1 a   9.88740e-01
rchi2   = 620.736881                                                                                                      | 7        pdf        g1 b   1.58389e-03
nchi2   = 256.240432                                                                                                      | 8        pdf        s1 N   1.04132e-01
chi2tot = 6399.531868                                                                                                     | 9        pdf        s1 a  -7.67522e-01
dchi2(iter)  = 0.000000                                                                                                   | 10        pdf        s1 b   9.96031e+00
dchi2(local) = -inf                                                                                                       | 11        pdf      sea1 N   3.12660e-02
pdf dv(1):1.000000                                                                                                        | 12        pdf      sea1 a  -1.88157e+00
pdf db-ub(2):0.005740                                                                                                     | 13        pdf      sea1 b   1.25128e-05
pdf msr:1.000000                                                                                                          | 14        pdf       ub1 N   1.85845e-02
pdf db-ub(1):0.061404                                                                                                     | 15        pdf       ub1 a  -4.92375e-01
pdf uv(1):2.000000                                                                                                        | 16        pdf       ub1 b   2.14472e+00
pdf s-sb(1):0.000000                                                                                                      | 17        pdf       uv1 a  -9.58122e-02
pdf s-sb(2):0.000000                                                                                                      | 18        pdf       uv1 b   3.26533e+00
                                                                                                                          | 19       norm       idis      10016  1.10192e+00
reaction: unpol DIS                                                                                                       | 20       norm       idis      10017  1.11302e+00
filters: Q2>1.690000                                                                                                      | 21       norm       idis      10010  1.19930e+00
filters: W2>10.000000                                                                                                     | 22       norm       idis      10[H[J[H[J011  1.19714e+00
    idx tar        col  npts       chi2  chi2-npts      rchi2      nchi2                                                  | 23       norm       idis      10020  1.04883e+00
  10016   p      BCDMS   348     915.56     567.56     156.14      11.54                                                  | 
  10017   d      BCDMS   254     709.35     455.35     113.82      14.19                                                  | 
  10020   p        NMC   273    2306.68    2033.68     321.99       5.96                                                  | 
  10021 d/p        NMC   174     445.91     271.91      28.79       0.00                                                  | 
  10010   p       SLAC   218     560.20     342.20       0.00      90.07                                                  | 
  10011   d       SLAC   228     584.84     356.84       0.00     134.48                                                  | 
['pdf']
JAM FITTER                                                                                                                | 1        pdf       db1 N   2.02095e-02
count = 300                                                                                                               | 2        pdf       db1 a  -2.67782e-01
elapsed time(mins)=1.313059                                                                                               | 3        pdf       db1 b   2.97509e+00
shifts  = 2                                                                                                               | 4        pdf       dv1 a  -1.43654e-01
npts    = 1495                                                                                                            | 5        pdf       dv1 b   5.01736e+00
chi2    = 3824.025705                                                                                                     | 6        pdf        g1 a   3.52106e-01
rchi2   = 259.698211                                                                                                      | 7        pdf        g1 b   1.11163e+00
nchi2   = 190.915169                                                                                                      | 8        pdf        s1 N   1.13607e-01
chi2tot = 4274.639084                                                                                                     | 9        pdf        s1 a  -7.43664e-01
dchi2(iter)  = 0.000000                                                                                                   | 10        pdf        s1 b   9.97857e+00
dchi2(local) = -inf                                                                                                       | 11        pdf      sea1 N   1.37691e-02
pdf dv(1):1.000000                                                                                                        | 12        pdf      sea1 a  -1.81367e+00
pdf db-ub(2):0.018859                                                                                                     | 13        pdf      sea1 b   3.05205e-01
pdf msr:1.000000                                                                                                          | 14        pdf       ub1 N   1.35072e-03
pdf db-ub(1):0.118945                                                                                                     | 15        pdf       ub1 a  -5.15492e-01
pdf uv(1):2.000000                                                                                                        | 16        pdf       ub1 b   2.45352e+00
pdf s-sb(1):-0.000000                                                                                                     | 17        pdf       uv1 a  -7.64411e-02
pdf s-sb(2):-0.000000                                                                                                     | 18        pdf       uv1 b   3.19679e+00
                                                                                                                          | 19       norm       idis      10016  1.08444e+00
reaction: unpol DIS                                                                                                       | 20       norm       idis      10017  1.10405e+00
filters: Q2>1.690000                                                                                                      | 21       norm       idis      10010  1.16816e+00
filters: W2>10.000000                                                                                                     | 22       norm       idis      10011  1.16853e+00
    idx tar        col  npts       chi2  chi2-npts      rchi2      nchi2                                                  | 23       norm       idis      10020  1.05852e+00
  10016   p      BCDMS   348     811.65     463.65      78.06       7.92                                                  | 
  10017   d      BCDMS   254     637.30     383.30      70.07      12.03                                                  | 
  10020   p        NMC   273     978.07     705.07     105.89       8.56                                                  | 
  10021 d/p        NMC   174     389.31     215.31       5.68       0.00                                                  | 
  10010   p       SLAC   218     458.63     240.63       0.00      64.12                                                  | 
  10011   d       SLAC   228     549.06     321.06       0.00      98.28                                                  | 
['pdf']
JAM FITTER                                                                                                                | 1        pdf       db1 N   2.49244e-02
count = 400                                                                                                               | 2        pdf       db1 a  -3.39959e-01
elapsed time(mins)=1.747843                                                                                               | 3        pdf       db1 b   3.31880e+00
shifts  = 2                                                                                                               | 4        pdf       dv1 a  -1.91978e-01
npts    = 1495                                                                                                            | 5        pdf       dv1 b   4.85766e+00
chi2    = 3033.226026                                                                                                     | 6        pdf        g1 a  -3.04835e-01
rchi2   = 97.181322                                                                                                       | 7        pdf        g1 b   6.28894e+00
nchi2   = 19.169441                                                                                                       | 8        pdf        s1 N   8.47528e-02
chi2tot = 3149.576789                                                                                                     | 9        pdf        s1 a  -9.01917e-01
dchi2(iter)  = 0.000000                                                                                                   | 10        pdf        s1 b   9.99933e+00
dchi2(local) = -inf                                                                                                       | 11        pdf      sea1 N   4.77919e-03
pdf dv(1):1.000000                                                                                                        | 12        pdf      sea1 a  -1.69390e+00
pdf db-ub(2):0.022487                                                                                                     | 13        pdf      sea1 b   1.84400e+00
pdf msr:1.000000                                                                                                          | 14        pdf       ub1 N   2.43783e-03
pdf db-ub(1):-1.077800                                                                                                    | 15        pdf       ub1 a  -9.87249e-01
pdf uv(1):2.000000                                                                                                        | 16        pdf       ub1 b   5.60802e+00
pdf s-sb(1):0.000000                                           [H[J[H[J                                                           | 17        pdf       uv1 a  -1.29040e-01
pdf s-sb(2):0.000000                                                                                                      | 18        pdf       uv1 b   3.11740e+00
                                                                                                                          | 19       norm       idis      10016  1.00051e+00
reaction: unpol DIS                                                                                                       | 20       norm       idis      10017  1.02497e+00
filters: Q2>1.690000                                                                                                      | 21       norm       idis      10010  1.05588e+00
filters: W2>10.000000                                                                                                     | 22       norm       idis      10011  1.05287e+00
    idx tar        col  npts       chi2  chi2-npts      rchi2      nchi2                                                  | 23       norm       idis      10020  1.02624e+00
  10016   p      BCDMS   348     772.71     424.71      39.64       0.00                                                  | 
  10017   d      BCDMS   254     512.93     258.93      23.72       0.69                                                  | 
  10020   p        NMC   273     601.17     328.17      30.10       1.72                                                  | 
  10021 d/p        NMC   174     359.22     185.22       3.72       0.00                                                  | 
  10010   p       SLAC   218     394.62     176.62       0.00       7.08                                                  | 
  10011   d       SLAC   228     392.57     164.57       0.00       9.67                                                  | 
['pdf']
JAM FITTER                                                                                                                | 1        pdf       db1 N   2.80418e-02
count = 500                                                                                                               | 2        pdf       db1 a  -4.92624e-01
elapsed time(mins)=2.176212                                                                                               | 3        pdf       db1 b   4.19211e+00
shifts  = 2                                                                                                               | 4        pdf       dv1 a  -3.06692e-01
npts    = 1495                                                                                                            | 5        pdf       dv1 b   4.14286e+00
chi2    = 3009.129446                                                                                                     | 6        pdf        g1 a  -5.18683e-01
rchi2   = 76.346327                                                                                                       | 7        pdf        g1 b   4.26650e+00
nchi2   = 2.745965                                                                                                        | 8        pdf        s1 N   6.30546e-02
chi2tot = 3088.221738                                                                                                     | 9        pdf        s1 a  -9.82381e-01
dchi2(iter)  = 0.000000                                                                                                   | 10        pdf        s1 b   9.99999e+00
dchi2(local) = -inf                                                                                                       | 11        pdf      sea1 N   2.80808e-03
pdf dv(1):1.000000                                                                                                        | 12        pdf      sea1 a  -1.63756e+00
pdf db-ub(2):0.023190                                                                                                     | 13        pdf      sea1 b   7.76872e+00
pdf msr:1.000000                                                                                                          | 14        pdf       ub1 N   4.85146e-03
pdf db-ub(1):-22.655258                                                                                                   | 15        pdf       ub1 a  -9.97717e-01
pdf uv(1):2.000000                                                                                                        | 16        pdf       ub1 b   9.80516e+00
pdf s-sb(1):0.000000                                                                                                      | 17        pdf       uv1 a  -1.41539e-01
pdf s-sb(2):0.000000                                                                                                      | 18        pdf       uv1 b   3.12426e+00
                                                                                                                          | 19       norm       idis      10016  9.79715e-01
reaction: unpol DIS                                                                                                       | 20       norm       idis      10017  1.00303e+00
filters: Q2>1.690000                                                                                                      | 21       norm       idis      10010  1.02303e+00
filters: W2>10.000000                                                                                                     | 22       norm       idis      10011  1.01763e+00
    idx tar        col  npts       chi2  chi2-npts      rchi2      nchi2                                                  | 23       norm       idis      10020  1.00041e+00
  10016   p      BCDMS   348     760.13     412.13      29.90       0.46                                                  | 
  10017   d      BCDMS   254     500.55     246.55      17.23       0.01                                                  | 
  10020   p        NMC   273     595.89     322.89      23.22       0.00                                                  | 
  10021 d/p        NMC   174     361.37     187.37       5.99       0.00                                                  | 
  10010   p       SLAC   218     397.93     179.93       0.00       1.20                                                  | 
  10011   d       SLAC   228     393.27     165.27       0.00       1.08                                                  | 
['pdf']
JAM FITTER                                                                                                                | 1        pdf       db1 N   2.89190e-02
count = 600                                                                                                               | 2        pdf       db1 a  -7.39766e-01
elapsed time(mins)=2.608959                                                                                               | 3        pdf       db1 b   4.11986e+00
shifts  = 3                                                                                                               | 4        pdf       dv1 a  -2.60949e-01
npts    = 1495                                                                                                            | 5        pdf       dv1 b   4.18554e+00
chi2    = 3008.619149                                                                                                     | 6        pdf        g1 a  -5.62383e-01
rchi2   = 71.186342                                                                                                       | 7        pdf        g1 b   3.97306e+00
nchi2   = 4.058411                                                                                                        | 8        pdf        s1 N   4.36353e-02
chi2tot = 3083.863902                                                                                                     | 9        pdf        s1 a  -9.93044e-01
dchi2(iter)  = inf                                                                                                        | 10        pdf        s1 b   1.00000e+01
dchi2(local) = -inf                                                                                        [H[J[H[J               | 11        pdf      sea1 N   3.14590e-03
pdf dv(1):1.000000                                                                                                        | 12        pdf      sea1 a  -1.60419e+00
pdf db-ub(2):0.020282                                                                                                     | 13        pdf      sea1 b   8.65914e+00
pdf msr:1.000000                                                                                                          | 14        pdf       ub1 N   8.63691e-03
pdf db-ub(1):-1.363265                                                                                                    | 15        pdf       ub1 a  -9.51495e-01
pdf uv(1):2.000000                                                                                                        | 16        pdf       ub1 b   9.96526e+00
pdf s-sb(1):0.000000                                                                                                      | 17        pdf       uv1 a  -1.36200e-01
pdf s-sb(2):0.000000                                                                                                      | 18        pdf       uv1 b   3.12880e+00
                                                                                                                          | 19       norm       idis      10016  9.87782e-01
reaction: unpol DIS                                                                                                       | 20       norm       idis      10017  1.01120e+00
filters: Q2>1.690000                                                                                                      | 21       norm       idis      10010  1.02851e+00
filters: W2>10.000000                                                                                                     | 22       norm       idis      10011  1.02278e+00
    idx tar        col  npts       chi2  chi2-npts      rchi2      nchi2                                                  | 23       norm       idis      10020  1.00677e+00
  10016   p      BCDMS   348     760.94     412.94      28.40       0.17                                                  | 
  10017   d      BCDMS   254     498.50     244.50      15.91       0.14                                                  | 
  10020   p        NMC   273     595.26     322.26      21.29       0.11                                                  | 
  10021 d/p        NMC   174     360.61     186.61       5.58       0.00                                                  | 
  10010   p       SLAC   218     398.36     180.36       0.00       1.84                                                  | 
  10011   d       SLAC   228     394.94     166.94       0.00       1.80                                                  | 
['pdf']
JAM FITTER                                                                                                                | 1        pdf       db1 N   3.53754e-02
count = 700                                                                                                               | 2        pdf       db1 a  -9.28120e-01
elapsed time(mins)=3.033877                                                                                               | 3        pdf       db1 b   4.19102e+00
shifts  = 1                                                                                                               | 4        pdf       dv1 a  -2.61700e-01
npts    = 1495                                                                                                            | 5        pdf       dv1 b   4.13002e+00
chi2    = 3003.030271                                                                                                     | 6        pdf        g1 a  -6.72104e-01
rchi2   = 69.021731                                                                                                       | 7        pdf        g1 b   3.38897e+00
nchi2   = 6.642181                                                                                                        | 8        pdf        s1 N   1.78732e-02
chi2tot = 3078.694182                                                                                                     | 9        pdf        s1 a  -9.99863e-01
dchi2(iter)  = inf                                                                                                        | 10        pdf        s1 b   1.00000e+01
dchi2(local) = -5.169720                                                                                                  | 11        pdf      sea1 N   2.46811e-03
pdf dv(1):1.000000                                                                                                        | 12        pdf      sea1 a  -1.78752e+00
pdf db-ub(2):0.019824                                                                                                     | 13        pdf      sea1 b   9.26480e+00
pdf msr:1.000000                                                                                                          | 14        pdf       ub1 N   1.55518e-02
pdf db-ub(1):-36.849066                                                                                                   | 15        pdf       ub1 a  -9.95661e-01
pdf uv(1):2.000000                                                                                                        | 16        pdf       ub1 b   9.99928e+00
pdf s-sb(1):0.000000                                                                                                      | 17        pdf       uv1 a  -1.30743e-01
pdf s-sb(2):0.000000                                                                                                      | 18        pdf       uv1 b   3.13259e+00
                                                                                                                          | 19       norm       idis      10016  9.97329e-01
reaction: unpol DIS                                                                                                       | 20       norm       idis      10017  1.02103e+00
filters: Q2>1.690000                                                                                                      | 21       norm       idis      10010  1.03506e+00
filters: W2>10.000000                                                                                                     | 22       norm       idis      10011  1.02892e+00
    idx tar        col  npts       chi2  chi2-npts      rchi2      nchi2                                                  | 23       norm       idis      10020  1.01360e+00
  10016   p      BCDMS   348     761.52     413.52      27.64       0.01                                                  | 
  10017   d      BCDMS   254     497.81     243.81      15.25       0.49                                                  | 
  10020   p        NMC   273     592.62     319.62      20.69       0.46                                                  | 
  10021 d/p        NMC   174     358.59     184.59       5.44       0.00                                                  | 
  10010   p       SLAC   218     397.86     179.86       0.00       2.79                                                  | 
  10011   d       SLAC   228     394.62     166.62       0.00       2.89                                                  | 
['pdf']
JAM FITTER                                                                                                                | 1        pdf       db1 N   3.82306e-02
count = 800                                                                                                               | 2        pdf       db1 a  -9.50443e-01
elapsed time(mins)=3.455034                                                                                               | 3        pdf       db1 b   4.02734e+00
shifts  = 3                                                                                                               | 4        pdf       dv1 a  -2.78398e-01
npts    = 1495                                                                                                            | 5        pdf       dv1[H[J b   4.12022e+00
chi2    = 3002.189124                                                                                                     | 6        pdf        g1 a  -6.82747e-01
rchi2   = 68.232161                                                                                                       | 7        pdf        g1 b   3.33929e+00
nchi2   = 7.327320                                                                                                        | 8        pdf        s1 N   1.07561e-02
chi2tot = 3077.748606                                                                                                     | 9        pdf        s1 a  -9.99970e-01
dchi2(iter)  = 6.115297                                                                                                   | 10        pdf        s1 b   1.00000e+01
dchi2(local) = -6.115297                                                                                                  | 11        pdf      sea1 N   2.86542e-03
pdf dv(1):1.000000                                                                                                        | 12        pdf      sea1 a  -1.84183e+00
pdf db-ub(2):0.021025                                                                                                     | 13        pdf      sea1 b   9.75259e+00
pdf msr:1.000000                                                                                                          | 14        pdf       ub1 N   1.72060e-02
pdf db-ub(1):-634.475235                                                                                                  | 15        pdf       ub1 a  -9.99704e-01
pdf uv(1):2.000000                                                                                                        | 16        pdf       ub1 b   9.99999e+00
pdf s-sb(1):0.000000                                                                                                      | 17        pdf       uv1 a  -1.29109e-01
pdf s-sb(2):0.000000                                                                                                      | 18        pdf       uv1 b   3.13505e+00
                                                                                                                          | 19       norm       idis      10016  9.99272e-01
reaction: unpol DIS                                                                                                       | 20       norm       idis      10017  1.02292e+00
filters: Q2>1.690000                                                                                                      | 21       norm       idis      10010  1.03645e+00
filters: W2>10.000000                                                                                                     | 22       norm       idis      10011  1.03023e+00
    idx tar        col  npts       chi2  chi2-npts      rchi2      nchi2                                                  | 23       norm       idis      10020  1.01506e+00
  10016   p      BCDMS   348     761.31     413.31      27.39       0.00                                                  | 
  10017   d      BCDMS   254     498.13     244.13      15.30       0.58                                                  | 
  10020   p        NMC   273     592.31     319.31      20.03       0.57                                                  | 
  10021 d/p        NMC   174     357.95     183.95       5.52       0.00                                                  | 
  10010   p       SLAC   218     398.29     180.29       0.00       3.01                                                  | 
  10011   d       SLAC   228     394.20     166.20       0.00       3.16                                                  | 
['pdf']
JAM FITTER                                                                                                                | 1        pdf       db1 N   3.80373e-02
count = 900                                                                                                               | 2        pdf       db1 a  -9.50240e-01
elapsed time(mins)=3.876982                                                                                               | 3        pdf       db1 b   4.07897e+00
shifts  = 3                                                                                                               | 4        pdf       dv1 a  -2.76026e-01
npts    = 1495                                                                                                            | 5        pdf       dv1 b   4.11512e+00
chi2    = 3002.284398                                                                                                     | 6        pdf        g1 a  -6.83925e-01
rchi2   = 68.114797                                                                                                       | 7        pdf        g1 b   3.33157e+00
nchi2   = 7.324464                                                                                                        | 8        pdf        s1 N   1.05429e-02
chi2tot = 3077.723659                                                                                                     | 9        pdf        s1 a  -9.99987e-01
dchi2(iter)  = 0.024947                                                                                                   | 10        pdf        s1 b   1.00000e+01
dchi2(local) = -0.024947                                                                                                  | 11        pdf      sea1 N   2.86196e-03
pdf dv(1):1.000000                                                                                                        | 12        pdf      sea1 a  -1.84201e+00
pdf db-ub(2):0.020787                                                                                                     | 13        pdf      sea1 b   9.75534e+00
pdf msr:1.000000                                                                                                          | 14        pdf       ub1 N   1.72500e-02
pdf db-ub(1):-38177.395226                                                                                                | 15        pdf       ub1 a  -9.99995e-01
pdf uv(1):2.000000                                                                                                        | 16        pdf       ub1 b   1.00000e+01
pdf s-sb(1):0.000000                                                                                                      | 17        pdf       uv1 a  -1.29143e-01
pdf s-sb(2):0.000000                                                                                                      | 18        pdf       uv1 b   3.13494e+00
                                                                                                                          | 19       norm       idis      10016  9.99307e-01
reaction: unpol DIS                                                                                                       | 20       norm       idis      10017  1.02296e+00
filters: Q2>1.690000                                                                                                      | 21       norm       idis      10010  1.03644e+00
filters: W2>10.000000                                                                                                     | 22       norm       idis      10011  1.03022e+00
    idx tar        col  npts       chi2  chi2-npts      rchi2      nchi2                                                  | 23       norm       idis      10020  1.01506e+00
  10016   p      BCDMS   348     761.31     413.31      27.36       0.00                                                  | 
  10017   d      BCDMS   254     498.08     244.08      15.23       0.59                                                  | 
  10020   p        NMC   273     592.32     319.32      20.02       0.57                                                  | 
  10021 d/p        NMC   174     357.91     183.91       5.50       0.00                                                  | 
  10010   p       SLAC   218     398.30     180.30       0.00       3.01                                            [H[J[H[J      | 
  10011   d       SLAC   228     394.37     166.37       0.00       3.16                                                  | 
['pdf']
JAM FITTER                                                                                                                | 1        pdf       db1 N   3.79327e-02
count = 1000                                                                                                              | 2        pdf       db1 a  -9.49840e-01
elapsed time(mins)=4.305047                                                                                               | 3        pdf       db1 b   4.10099e+00
shifts  = 2                                                                                                               | 4        pdf       dv1 a  -2.74977e-01
npts    = 1495                                                                                                            | 5        pdf       dv1 b   4.11280e+00
chi2    = 3002.292276                                                                                                     | 6        pdf        g1 a  -6.84017e-01
rchi2   = 68.110358                                                                                                       | 7        pdf        g1 b   3.33058e+00
nchi2   = 7.319972                                                                                                        | 8        pdf        s1 N   1.05336e-02
chi2tot = 3077.722606                                                                                                     | 9        pdf        s1 a  -9.99995e-01
dchi2(iter)  = 0.024947                                                                                                   | 10        pdf        s1 b   1.00000e+01
dchi2(local) = -0.001053                                                                                                  | 11        pdf      sea1 N   2.85899e-03
pdf dv(1):1.000000                                                                                                        | 12        pdf      sea1 a  -1.84168e+00
pdf db-ub(2):0.020682                                                                                                     | 13        pdf      sea1 b   9.75945e+00
pdf msr:1.000000                                                                                                          | 14        pdf       ub1 N   1.72504e-02
pdf db-ub(1):-3415588.323052                                                                                              | 15        pdf       ub1 a  -1.00000e+00
pdf uv(1):2.000000                                                                                                        | 16        pdf       ub1 b   1.00000e+01
pdf s-sb(1):0.000000                                                                                                      | 17        pdf       uv1 a  -1.29161e-01
pdf s-sb(2):0.000000                                                                                                      | 18        pdf       uv1 b   3.13489e+00
                                                                                                                          | 19       norm       idis      10016  9.99304e-01
reaction: unpol DIS                                                                                                       | 20       norm       idis      10017  1.02296e+00
filters: Q2>1.690000                                                                                                      | 21       norm       idis      10010  1.03643e+00
filters: W2>10.000000                                                                                                     | 22       norm       idis      10011  1.03021e+00
    idx tar        col  npts       chi2  chi2-npts      rchi2      nchi2                                                  | 23       norm       idis      10020  1.01505e+00
  10016   p      BCDMS   348     761.32     413.32      27.37       0.00                                                  | 
  10017   d      BCDMS   254     498.07     244.07      15.23       0.59                                                  | 
  10020   p        NMC   273     592.32     319.32      20.02       0.57                                                  | 
  10021 d/p        NMC   174     357.91     183.91       5.50       0.00                                                  | 
  10010   p       SLAC   218     398.30     180.30       0.00       3.01                                                  | 
  10011   d       SLAC   228     394.39     166.39       0.00       3.16                                                  | 
['pdf']
JAM FITTER                                                                                                                | 1        pdf       db1 N   3.79327e-02
count = 1016                                                                                                              | 2        pdf       db1 a  -9.49840e-01
elapsed time(mins)=4.380197                                                                                               | 3        pdf       db1 b   4.10099e+00
shifts  = 1                                                                                                               | 4        pdf       dv1 a  -2.74977e-01
npts    = 1495                                                                                                            | 5        pdf       dv1 b   4.11280e+00
chi2    = 3002.292271                                                                                                     | 6        pdf        g1 a  -6.84017e-01
rchi2   = 68.110363                                                                                                       | 7        pdf        g1 b   3.33058e+00
nchi2   = 7.319972                                                                                                        | 8        pdf        s1 N   1.05336e-02
chi2tot = 3077.722606                                                                                                     | 9        pdf        s1 a  -9.99995e-01
dchi2(iter)  = 0.024947                                                                                                   | 10        pdf        s1 b   1.00000e+01
dchi2(local) = -0.001053                                                                                                  | 11        pdf      sea1 N   2.85899e-03
pdf dv(1):1.000000                                                                                                        | 12        pdf      sea1 a  -1.84168e+00
pdf db-ub(2):0.020682                                                                                                     | 13        pdf      sea1 b   9.75945e+00
pdf msr:1.000000                                                                                                          | 14        pdf       ub1 N   1.72504e-02
pdf db-ub(1):-3415588.323052                                                                                              | 15        pdf       ub1 a  -1.00000e+00
pdf uv(1):2.000000                                                                                                        | 16        pdf       ub1 b   1.00000e+01
pdf s-sb(1):0.000000                                                                                                      | 17        pdf       uv1 a  -1.29161e-01
pdf s-sb(2):0.000000                                                                                                      | 18        pdf       uv1 b   3.13489e+00
                                                                                                                          | 19       norm       idis      10016  9.99304e-01
reaction: unpol DIS                                                                                                       | 20       norm       idis      10017  1.02296e+00
filters: Q2>1.690000                                                                                                      | 21       norm       idis      10010  1.03643e+00
filters: W2>10.000000                                                                                                     | 22       norm       idis      10011  1.03021e+00
    idx tar        col  npts       chi2  chi2-npts      rchi2      nchi2                                                  | 23       norm       idis      10020  1.01505e+00
  10016   p      BCDMS   348     761.32     413.32      27.37       0.00                                                  | 
  10017   d      BCDMS   254     498.07     244.07      15.23       0.59                                                  | 
  10020   p        NMC   273     592.32     319.32      20.02       0.57                                                  | 
  10021 d/p        NMC   174     357.91     183.91       5.50       0.00                                                  | 
  10010   p       SLAC   218     398.30     180.30       0.00       3.01                                                  | 
  10011   d       SLAC   228     394.39     166.39       0.00       3.16                                                  | 
