('active', 'pdf')

--step 1: npQCD objects = pdf , datasets = idis , tmc = False , ht = False
loading idis data sets 10016
loading idis data sets 10017
loading idis data sets 10020
loading idis data sets 10021
loading idis data sets 10010
loading idis data sets 10011
Loading DIS tables...
10016 has norm uncertainty
10017 has norm uncertainty
10020 has norm uncertainty
10010 has norm uncertainty
10011 has norm uncertainty
[H[J[H[J[H[J[H[J[H[J[H[J[H[J[H[J[H[J[H[J[H[J[H[J[H[J['pdf']
JAM FITTER                                                                                                                | 1        pdf       db1 N   1.26051e-01
count = 100                                                                                                               | 2        pdf       db1 a  -3.87833e-01
elapsed time(mins)=0.948871                                                                                               | 3        pdf       db1 b   2.79127e+00
shifts  = 3                                                                                                               | 4        pdf       dv1 a  -3.02304e-01
npts    = 1495                                                                                                            | 5        pdf       dv1 b   8.83311e+00
chi2    = 169025.211972                                                                                                   | 6        pdf        g1 a   6.06921e-01
rchi2   = 21618.775743                                                                                                    | 7        pdf        g1 b   3.64596e+00
nchi2   = 231.713043                                                                                                      | 8        pdf        s1 N   8.91800e-02
chi2tot = 190875.700758                                                                                                   | 9        pdf        s1 a   9.90606e-01
dchi2(iter)  = inf                                                                                                        | 10        pdf        s1 b   4.60511e+00
dchi2(local) = -inf                                                                                                       | 11        pdf      sea1 N   1.58442e-01
pdf dv(1):1.000000                                                                                                        | 12        pdf      sea1 a  -1.73701e+00
pdf db-ub(2):-0.003767                                                                                                    | 13        pdf      sea1 b   9.20585e+00
pdf msr:1.000000                                                                                                          | 14        pdf       ub1 N   1.29818e-01
pdf db-ub(1):-11.132696                                                                                                   | 15        pdf       ub1 a  -9.85138e-01
pdf uv(1):2.000000                                                                                                        | 16        pdf       ub1 b   3.63490e-01
pdf s-sb(1):0.000000                                                                                                      | 17        pdf       uv1 a  -3.60036e-03
pdf s-sb(2):0.000000                                                                                                      | 18        pdf       uv1 b   9.21709e+00
                                                                                                                          | 19       norm       idis      10016  9.39202e-01
reaction: unpol DIS                                                                                                       | 20       norm       idis      10017  1.05128e+00
filters: Q2>1.690000                                                                                                      | 21       norm       idis      10010  1.10903e+00
filters: W2>10.000000                                                                                                     | 22       norm       idis      10011  1.16809e+00
    idx tar        col  npts       chi2  chi2-npts      rchi2      nchi2                                                  | 23       norm       idis      10020  1.19997e+00
  10016   p      BCDMS   348   31379.88   31031.88    2472.31       4.11                                                  | 
  10017   d      BCDMS   254   11584.62   11330.62    1506.94       2.92                                                  | 
  10020   p        NMC   273   55165.20   54892.20   16638.21      99.97                                                  | 
  10021 d/p        NMC   174    2569.59    2395.59    1001.31       0.00                                                  | 
  10010   p       SLAC   218   27515.24   27297.24       0.00      26.96                                                  | 
  10011   d       SLAC   228   40810.68   40582.68       0.00      97.76                                                  | 
['pdf']
JAM FITTER                                                                                                                | 1        pdf       db1 N   5.73091e-02
count = 200                                                                                                               | 2        pdf       db1 a  -2.48067e-01
elapsed time(mins)=1.918056                                                                                               | 3        pdf       db1 b   4.02130e+00
shifts  = 2                                                                                                               | 4        pdf       dv1 a  -3.78371e-01
npts    = 1495                                                                                                            | 5        pdf       dv1 b   9.53499e+00
chi2    = 7477.149261                                                                                                     | 6        pdf        g1 a   3.96849e-01
rchi2   = 1176.606142                                                                                                     | 7        pdf        g1 b   1.67391e+00
nchi2   = 199.621476                                                                                                      | 8        pdf        s1 N   1.08846e-01
chi2tot = 8853.376879                                                                                                     | 9        pdf        s1 a   9.96441e-01
dchi2(iter)  = inf                                                                                                        | 10        pdf        s1 b   4.60962e+00
dchi2(local) = -182022.323879                                                                                             | 11        pdf      sea1 N   3.74105e-02
pdf dv(1):1.000000                                                                                                        | 12        pdf      sea1 a  -1.84045e+00
pdf db-ub(2):-0.035772                                                                                                    | 13        pdf      sea1 b   1.79098e+00
pdf msr:1.000000                                                                                                          | 14        pdf       ub1 N   9.30812e-02
pdf db-ub(1):0.077919                                                                                                     | 15        pdf       ub1 a   3.14062e-01
pdf uv(1):2.000000                                                                                                        | 16        pdf       ub1 b   2.79772e+00
pdf s-sb(1):0.000000                                                                                                      | 17        pdf       uv1 a  -3.63994e-01
pdf s-sb(2):0.000000                                                                                                      | 18        pdf       uv1 b   5.43232e+00
                                                                                                                          | 19       norm       idis      10016  1.04315e+00
reaction: unpol DIS                                                                                                       | 20       norm       idis      10017  1.09222e+00
filters: Q2>1.690000                                                                                                      | 21       norm       idis      10010  1.17515e+00
filters: W2>10.000000                                                                                                     | 22       norm       idis      10011  1.18490e+00
    idx tar        col  npts       chi2  chi2-npts      rchi2      nchi2                                                  | 23       norm       idis      10020  1.00973e+00
  10016   p      BCDMS   348     789.80     441.80     338.30       2.07                                                  | 
  10017   d      BCDMS   254     636.11     382.11     184.23       9.45                                                  | 
  10020   p        NMC   273    4441.15    4168.15     632.40       0.24                                                  | 
  10021 d/p        NMC   174     384.51     210.51      21.68       0.00                                                  | 
  10010   p       SLAC   218     612.57     394.57       0.00      69.56                                                  | 
  10011   d       SLAC   228     613.00     385.00       0.00     118.30                                                  | 
['pdf']
JAM FITTER                                                                                                                | 1        pdf       db1 N   6.76669e-02
count = 300                                                                                                               | 2        pdf       db1 a  -3.42521e-01
elapsed time(mins)=2.885578                                                                                               | 3        pdf       db1 b   4.07891e+00
shifts  = 2                                                                                                               | 4        pdf       dv1 a  -4.27830e-01
npts    = 1495                                                                                                            | 5        pdf       dv1 b   9.99722e+00
chi2    = 3752.071738                                                                                                     | 6        pdf        g1 a  -8.05277e-01
rchi2   = 167.752493                                                                                                      | 7        pdf        g1 b   6.98189e+00
nchi2   = 111.378371                                                                                                      | 8        pdf        s1 N   9.22653e-02
chi2tot = 4031.202602                                                                                                     | 9        pdf        s1 a   9.94614e-01
dchi2(iter)  = inf                                                                                                        | 10        pdf        s1 b   4.98661e+00
dchi2(local) = -186844.498156                                                                                             | 11        pdf      sea1 N   1.74150e-02
pdf dv(1):1.000000                                                                                                        | 12        pdf      sea1 a  -1.84902e+00
pdf db-ub(2):-0.039917                                                                                                    | 13        pdf      sea1 b   1.35685e+00
pdf msr:1.000000                                                                                                          | 14        pdf       ub1 N   1.07584e-01
pdf db-ub(1):0.141567                                                                                                     | 15        pdf       ub1 a   3.10456e-01
pdf uv(1):2.000000                                                                                                        | 16        pdf       ub1 b   3.15648e+00
pdf s-sb(1):0.000000                                                                                                      | 17        pdf       uv1 a  -4.99958e-01
pdf s-sb(2):0.000000                                                                                                      | 18        pdf       uv1 b   5.70656e+00
                                                                                                                          | 19       norm       idis      10016  1.04359e+00
reaction: unpol DIS                                                                                                       | 20       norm       idis      10017  1.07707e+00
filters: Q2>1.690000                                                                                                      | 21       norm       idis      10010  1.13140e+00
filters: W2>10.000000                                                                                                     | 22       norm       idis      10011  1.13489e+00
    idx tar        col  npts       chi2  chi2-npts      rchi2      nchi2                                                  | 23       norm       idis      10020  1.01492e+00
  10016   p      BCDMS   348     716.94     368.94      25.76       2.11                                                  | 
  10017   d      BCDMS   254     561.50     307.50      47.16       6.60                                                  | 
  10020   p        NMC   273    1291.56    1018.56      73.30       0.56                                                  | 
  10021 d/p        NMC   174     289.55     115.55      21.54       0.00                                                  | 
  10010   p       SLAC   218     481.05     263.05       0.00      39.15                                                  | 
  10011   d       SLAC   228     411.48     183.48       0.00      62.96                                                  | 
['pdf']
JAM FITTER                                                                                                                | 1        pdf       db1 N   5.65366e-02
count = 400                                                                                                               | 2        pdf       db1 a  -3.09201e-01
elapsed time(mins)=3.832756                                                                                               | 3        pdf       db1 b   4.42438e+00
shifts  = 2                                                                                                               | 4        pdf       dv1 a  -4.97462e-01
npts    = 1495                                                                                                            | 5        pdf       dv1 b   9.93641e+00
chi2    = 2861.974878                                                                                                     | 6        pdf        g1 a  -2.99888e-01
rchi2   = 70.320817                                                                                                       | 7        pdf        g1 b   6.57099e+00
nchi2   = 6.725594                                                                                                        | 8        pdf        s1 N   7.46535e-02
chi2tot = 2939.021288                                                                                                     | 9        pdf        s1 a   9.73263e-01
dchi2(iter)  = inf                                                                                                        | 10        pdf        s1 b   5.62068e+00
dchi2(local) = -187936.679470                                                                                             | 11        pdf      sea1 N   1.14409e-02
pdf dv(1):1.000000                                                                                                        | 12        pdf      sea1 a  -1.65553e+00
pdf db-ub(2):-0.048626                                                                                                    | 13        pdf      sea1 b   4.59735e-01
pdf msr:1.000000                                                                                                          | 14        pdf       ub1 N   1.05162e-01
pdf db-ub(1):0.095679                                                                                                     | 15        pdf       ub1 a   6.33073e-01
pdf uv(1):2.000000                                                                                                        | 16        pdf       ub1 b   3.65312e+00
pdf s-sb(1):0.000000                                                                                                      | 17        pdf       uv1 a  -4.96114e-01
pdf s-sb(2):0.000000                                                                                                      | 18        pdf       uv1 b   6.67036e+00
                                                                                                                          | 19       norm       idis      10016  9.80731e-01
reaction: unpol DIS                                                                                                       | 20       norm       idis      10017  1.00465e+00
filters: Q2>1.690000                                                                                                      | 21       norm       idis      10010  1.03204e+00
filters: W2>10.000000                                                                                                     | 22       norm       idis      10011  1.03289e+00
    idx tar        col  npts       chi2  chi2-npts      rchi2      nchi2                                                  | 23       norm       idis      10020  1.00934e+00
  10016   p      BCDMS   348     685.64     337.64      25.04       0.41                                                  | 
  10017   d      BCDMS   254     470.49     216.49      18.51       0.02                                                  | 
  10020   p        NMC   273     656.42     383.42      24.89       0.22                                                  | 
  10021 d/p        NMC   174     256.60      82.60       1.88       0.00                                                  | 
  10010   p       SLAC   218     394.93     176.93       0.00       2.33                                                  | 
  10011   d       SLAC   228     397.90     169.90       0.00       3.74                                                  | 
['pdf']
JAM FITTER                                                                                                                | 1        pdf       db1 N   5.23457e-02
count = 500                                                                                                               | 2        pdf       db1 a  -3.06353e-01
elapsed time(mins)=4.771194                                                                                               | 3        pdf       db1 b   4.24931e+00
shifts  = 2                                                                                                               | 4        pdf       dv1 a  -4.99564e-01
npts    = 1495                                                                                                            | 5        pdf       dv1 b   9.79136e+00
chi2    = 2832.706693                                                                                                     | 6        pdf        g1 a  -5.61520e-01
rchi2   = 56.402750                                                                                                       | 7        pdf        g1 b   4.54354e+00
nchi2   = 2.354040                                                                                                        | 8        pdf        s1 N   7.00465e-02
chi2tot = 2891.463483                                                                                                     | 9        pdf        s1 a   9.95269e-01
dchi2(iter)  = inf                                                                                                        | 10        pdf        s1 b   6.10899e+00
dchi2(local) = -187984.237275                                                                                             | 11        pdf      sea1 N   1.34768e-02
pdf dv(1):1.000000                                                                                                        | 12        pdf      sea1 a  -1.57817e+00
pdf db-ub(2):-0.041757                                                                                                    | 13        pdf      sea1 b   7.31092e-01
pdf msr:1.000000                                                                                                          | 14        pdf       ub1 N   9.41031e-02
pdf db-ub(1):0.108770                                                                                                     | 15        pdf       ub1 a   8.16310e-01
pdf uv(1):2.000000                                                                                                        | 16        pdf       ub1 b   3.74057e+00
pdf s-sb(1):0.000000                                                                                                      | 17        pdf       uv1 a  -4.98396e-01
pdf s-sb(2):0.000000                                                                                                      | 18        pdf       uv1 b   6.07956e+00
                                                                                                                          | 19       norm       idis      10016  9.63622e-01
reaction: unpol DIS                                                                                                       | 20       norm       idis      10017  9.86556e-01
filters: Q2>1.690000                                                                                                      | 21       norm       idis      10010  1.00920e+00
filters: W2>10.000000                                                                                                     | 22       norm       idis      10011  1.00887e+00
    idx tar        col  npts       chi2  chi2-npts      rchi2      nchi2                                                  | 23       norm       idis      10020  9.90642e-01
  10016   p      BCDMS   348     685.10     337.10      22.23       1.47                                                  | 
  10017   d      BCDMS   254     472.97     218.97      19.29       0.20                                                  | 
  10020   p        NMC   273     641.19     368.19      13.69       0.22                                                  | 
  10021 d/p        NMC   174     256.87      82.87       1.20       0.00                                                  | 
  10010   p       SLAC   218     384.22     166.22       0.00       0.19                                                  | 
  10011   d       SLAC   228     392.34     164.34       0.00       0.27                                                  | 
['pdf']
JAM FITTER                                                                                                                | 1        pdf       db1 N   5.21544e-02
count = 600                                                                                                               | 2        pdf       db1 a  -2.19489e-01
elapsed time(mins)=5.734568                                                                                               | 3        pdf       db1 b   4.46094e+00
shifts  = 2                                                                                                               | 4        pdf       dv1 a  -4.99920e-01
npts    = 1495                                                                                                            | 5        pdf       dv1 b   9.98697e+00
chi2    = 2831.087299                                                                                                     | 6        pdf        g1 a  -6.05454e-01
rchi2   = 53.951200                                                                                                       | 7        pdf        g1 b   4.00665e+00
nchi2   = 2.208541                                                                                                        | 8        pdf        s1 N   5.99367e-02
chi2tot = 2887.247041                                                                                                     | 9        pdf        s1 a   9.98382e-01
dchi2(iter)  = inf                                                                                                        | 10        pdf        s1 b   5.94263e+00
dchi2(local) = -187988.453717                                                                                             | 11        pdf      sea1 N   1.48418e-02
pdf dv(1):1.000000                                                                                                        | 12        pdf      sea1 a  -1.52892e+00
pdf db-ub(2):-0.035278                                                                                                    | 13        pdf      sea1 b   8.77593e-01
pdf msr:1.000000                                                                                                          | 14        pdf       ub1 N   8.74325e-02
pdf db-ub(1):0.107651                                                                                                     | 15        pdf       ub1 a   8.65252e-01
pdf uv(1):2.000000                                                                                                        | 16        pdf       ub1 b   3.73554e+00
pdf s-sb(1):0.000000                                                                                                      | 17        pdf       uv1 a  -4.98235e-01
pdf s-sb(2):0.000000                                                                                                      | 18        pdf       uv1 b   5.46001e+00
                                                                                                                          | 19       norm       idis      10016  9.63640e-01
reaction: unpol DIS                                                                                                       | 20       norm       idis      10017  9.86325e-01
filters: Q2>1.690000                                                                                                      | 21       norm       idis      10010  1.00579e+00
filters: W2>10.000000                                                                                                     | 22       norm       idis      10011  1.00491e+00
    idx tar        col  npts       chi2  chi2-npts      rchi2      nchi2                                                  | 23       norm       idis      10020  9.87797e-01
  10016   p      BCDMS   348     684.62     336.62      20.26       1.47                                                  | 
  10017   d      BCDMS   254     473.44     219.44      19.00       0.21                                                  | 
  10020   p        NMC   273     639.55     366.55      13.45       0.37                                                  | 
  10021 d/p        NMC   174     258.33      84.33       1.24       0.00                                                  | 
  10010   p       SLAC   218     384.33     166.33       0.00       0.08                                                  | 
  10011   d       SLAC   228     390.82     162.82       0.00       0.08                                                  | 
['pdf']
JAM FITTER                                                                                                                | 1        pdf       db1 N   5.23415e-02
count = 700                                                                                                               | 2        pdf       db1 a  -1.57206e-01
elapsed time(mins)=6.699815                                                                                               | 3        pdf       db1 b   4.56995e+00
shifts  = 2                                                                                                               | 4        pdf       dv1 a  -4.99984e-01
npts    = 1495                                                                                                            | 5        pdf       dv1 b   9.99999e+00
chi2    = 2830.201868                                                                                                     | 6        pdf        g1 a  -6.17674e-01
rchi2   = 52.887757                                                                                                       | 7        pdf        g1 b   3.82955e+00
nchi2   = 2.024213                                                                                                        | 8        pdf        s1 N   5.09833e-02
chi2tot = 2885.113838                                                                                                     | 9        pdf        s1 a   9.99849e-01
dchi2(iter)  = inf                                                                                                        | 10        pdf        s1 b   5.92252e+00
dchi2(local) = -187990.586920                                                                                             | 11        pdf      sea1 N   1.61129e-02
pdf dv(1):1.000000                                                                                                        | 12        pdf      sea1 a  -1.50065e+00
pdf db-ub(2):-0.029132                                                                                                    | 13        pdf      sea1 b   9.46974e-01
pdf msr:1.000000                                                                                                          | 14        pdf       ub1 N   8.14735e-02
pdf db-ub(1):0.116304                                                                                                     | 15        pdf       ub1 a   9.33116e-01
pdf uv(1):2.000000                                                                                                        | 16        pdf       ub1 b   3.75688e+00
pdf s-sb(1):0.000000                                                                                                      | 17        pdf       uv1 a  -4.86703e-01
pdf s-sb(2):0.000000                                                                                                      | 18        pdf       uv1 b   5.05755e+00
                                                                                                                          | 19       norm       idis      10016  9.65101e-01
reaction: unpol DIS                                                                                                       | 20       norm       idis      10017  9.87923e-01
filters: Q2>1.690000                                                                                                      | 21       norm       idis      10010  1.00537e+00
filters: W2>10.000000                                                                                                     | 22       norm       idis      10011  1.00455e+00
    idx tar        col  npts       chi2  chi2-npts      rchi2      nchi2                                                  | 23       norm       idis      10020  9.87804e-01
  10016   p      BCDMS   348     685.95     337.95      19.69       1.35                                                  | 
  10017   d      BCDMS   254     474.36     220.36      18.96       0.16                                                  | 
  10020   p        NMC   273     638.92     365.92      13.02       0.37                                                  | 
  10021 d/p        NMC   174     258.36      84.36       1.21       0.00                                                  | 
  10010   p       SLAC   218     383.77     165.77       0.00       0.07                                                  | 
  10011   d       SLAC   228     388.84     160.84       0.00       0.07                                                  | 
['pdf']
JAM FITTER                                                                                                                | 1        pdf       db1 N   5.20108e-02
count = 800                                                                                                               | 2        pdf       db1 a  -9.31591e-02
elapsed time(mins)=7.645571                                                                                               | 3        pdf       db1 b   4.69956e+00
shifts  = 3                                                                                                               | 4        pdf       dv1 a  -4.99999e-01
npts    = 1495                                                                                                            | 5        pdf       dv1 b   1.00000e+01
chi2    = 2830.234921                                                                                                     | 6        pdf        g1 a  -6.24988e-01
rchi2   = 51.766640                                                                                                       | 7        pdf        g1 b   3.69618e+00
nchi2   = 1.857205                                                                                                        | 8        pdf        s1 N   4.35439e-02
chi2tot = 2883.858766                                                                                                     | 9        pdf        s1 a   9.99966e-01
dchi2(iter)  = 187991.841992                                                                                              | 10        pdf        s1 b   5.93248e+00
dchi2(local) = -187991.841992                                                                                             | 11        pdf      sea1 N   1.74784e-02
pdf dv(1):1.000000                                                                                                        | 12        pdf      sea1 a  -1.46936e+00
pdf db-ub(2):-0.022533                                                                                                    | 13        pdf      sea1 b   1.02215e+00
pdf msr:1.000000                                                                                                          | 14        pdf       ub1 N   7.45437e-02
pdf db-ub(1):0.126364                                                                                                     | 15        pdf       ub1 a   9.99784e-01
pdf uv(1):2.000000                                                                                                        | 16        pdf       ub1 b   3.77506e+00
pdf s-sb(1):0.000000                                                                                                      | 17        pdf       uv1 a  -4.76069e-01
pdf s-sb(2):0.000000                                                                                                      | 18        pdf       uv1 b   4.66297e+00
                                                                                                                          | 19       norm       idis      10016  9.66598e-01
reaction: unpol DIS                                                                                                       | 20       norm       idis      10017  9.89413e-01
filters: Q2>1.690000                                                                                                      | 21       norm       idis      10010  1.00542e+00
filters: W2>10.000000                                                                                                     | 22       norm       idis      10011  1.00456e+00
    idx tar        col  npts       chi2  chi2-npts      rchi2      nchi2                                                  | 23       norm       idis      10020  9.88092e-01
  10016   p      BCDMS   348     686.95     338.95      19.02       1.24                                                  | 
  10017   d      BCDMS   254     475.31     221.31      18.60       0.12                                                  | 
  10020   p        NMC   273     638.36     365.36      12.88       0.35                                                  | 
  10021 d/p        NMC   174     257.93      83.93       1.26       0.00                                                  | 
  10010   p       SLAC   218     383.84     165.84       0.00       0.07                                                  | 
  10011   d       SLAC   228     387.85     159.85       0.00       0.07                                                  | 
['pdf']
JAM FITTER                                                                                                                | 1        pdf       db1 N   5.18814e-02
count = 900                                                                                                               | 2        pdf       db1 a  -5.56446e-02
elapsed time(mins)=8.597067                                                                                               | 3        pdf       db1 b   4.80043e+00
shifts  = 2                                                                                                               | 4        pdf       dv1 a  -5.00000e-01
npts    = 1495                                                                                                            | 5        pdf       dv1 b   1.00000e+01
chi2    = 2830.757917                                                                                                     | 6        pdf        g1 a  -6.30184e-01
rchi2   = 50.999494                                                                                                       | 7        pdf        g1 b   3.62642e+00
nchi2   = 1.778264                                                                                                        | 8        pdf        s1 N   3.98951e-02
chi2tot = 2883.535676                                                                                                     | 9        pdf        s1 a   9.99981e-01
dchi2(iter)  = 187991.841992                                                                                              | 10        pdf        s1 b   5.78014e+00
dchi2(local) = -0.323091                                                                                                  | 11        pdf      sea1 N   1.81484e-02
pdf dv(1):1.000000                                                                                                        | 12        pdf      sea1 a  -1.45445e+00
pdf db-ub(2):-0.019518                                                                                                    | 13        pdf      sea1 b   1.06419e+00
pdf msr:1.000000                                                                                                          | 14        pdf       ub1 N   7.13991e-02
pdf db-ub(1):0.129055                                                                                                     | 15        pdf       ub1 a   9.99468e-01
pdf uv(1):2.000000                                                                                                        | 16        pdf       ub1 b   3.76331e+00
pdf s-sb(1):0.000000                                                                                                      | 17        pdf       uv1 a  -4.73585e-01
pdf s-sb(2):0.000000                                                                                                      | 18        pdf       uv1 b   4.47661e+00
                                                                                                                          | 19       norm       idis      10016  9.67361e-01
reaction: unpol DIS                                                                                                       | 20       norm       idis      10017  9.90228e-01
filters: Q2>1.690000                                                                                                      | 21       norm       idis      10010  1.00549e+00
filters: W2>10.000000                                                                                                     | 22       norm       idis      10011  1.00460e+00
    idx tar        col  npts       chi2  chi2-npts      rchi2      nchi2                                                  | 23       norm       idis      10020  9.88220e-01
  10016   p      BCDMS   348     687.24     339.24      18.57       1.18                                                  | 
  10017   d      BCDMS   254     475.73     221.73      18.33       0.11                                                  | 
  10020   p        NMC   273     638.15     365.15      12.84       0.35                                                  | 
  10021 d/p        NMC   174     257.93      83.93       1.26       0.00                                                  | 
  10010   p       SLAC   218     383.95     165.95       0.00       0.07                                                  | 
  10011   d       SLAC   228     387.76     159.76       0.00       0.07                                                  | 
['pdf']
JAM FITTER                                                                                                                | 1        pdf       db1 N   5.18369e-02
count = 1000                                                                                                              | 2        pdf       db1 a  -3.19951e-02
elapsed time(mins)=9.547632                                                                                               | 3        pdf       db1 b   4.85464e+00
shifts  = 2                                                                                                               | 4        pdf       dv1 a  -5.00000e-01
npts    = 1495                                                                                                            | 5        pdf       dv1 b   1.00000e+01
chi2    = 2830.987799                                                                                                     | 6        pdf        g1 a  -6.36827e-01
rchi2   = 50.747702                                                                                                       | 7        pdf        g1 b   3.55810e+00
nchi2   = 1.730271                                                                                                        | 8        pdf        s1 N   3.72560e-02
chi2tot = 2883.465772                                                                                                     | 9        pdf        s1 a   9.99997e-01
dchi2(iter)  = 187991.841992                                                                                              | 10        pdf        s1 b   5.69713e+00
dchi2(local) = -0.392994                                                                                                  | 11        pdf      sea1 N   1.85866e-02
pdf dv(1):1.000000                                                                                                        | 12        pdf      sea1 a  -1.44513e+00
pdf db-ub(2):-0.017590                                                                                                    | 13        pdf      sea1 b   1.09036e+00
pdf msr:1.000000                                                                                                          | 14        pdf       ub1 N   6.94267e-02
pdf db-ub(1):0.130688                                                                                                     | 15        pdf       ub1 a   9.99946e-01
pdf uv(1):2.000000                                                                                                        | 16        pdf       ub1 b   3.75999e+00
pdf s-sb(1):0.000000                                                                                                      | 17        pdf       uv1 a  -4.72422e-01
pdf s-sb(2):0.000000                                                                                                      | 18        pdf       uv1 b   4.36141e+00
                                                                                                                          | 19       norm       idis      10016  9.67831e-01
reaction: unpol DIS                                                                                                       | 20       norm       idis      10017  9.90731e-01
filters: Q2>1.690000                                                                                                      | 21       norm       idis      10010  1.00540e+00
filters: W2>10.000000                                                                                                     | 22       norm       idis      10011  1.00449e+00
    idx tar        col  npts       chi2  chi2-npts      rchi2      nchi2                                                  | 23       norm       idis      10020  9.88184e-01
  10016   p      BCDMS   348     687.55     339.55      18.37       1.15                                                  | 
  10017   d      BCDMS   254     476.13     222.13      18.39       0.10                                                  | 
  10020   p        NMC   273     638.20     365.20      12.75       0.35                                                  | 
  10021 d/p        NMC   174     258.02      84.02       1.24       0.00                                                  | 
  10010   p       SLAC   218     383.76     165.76       0.00       0.07                                                  | 
  10011   d       SLAC   228     387.33     159.33       0.00       0.07                                                  | 
['pdf']
JAM FITTER                                                                                                                | 1        pdf       db1 N   5.20013e-02
count = 1100                                                                                                              | 2        pdf       db1 a  -3.04955e-02
elapsed time(mins)=10.516695                                                                                              | 3        pdf       db1 b   4.84284e+00
shifts  = 3                                                                                                               | 4        pdf       dv1 a  -5.00000e-01
npts    = 1495                                                                                                            | 5        pdf       dv1 b   1.00000e+01
chi2    = 2831.219295                                                                                                     | 6        pdf        g1 a  -6.38340e-01
rchi2   = 50.538896                                                                                                       | 7        pdf        g1 b   3.54038e+00
nchi2   = 1.698894                                                                                                        | 8        pdf        s1 N   3.61863e-02
chi2tot = 2883.457085                                                                                                     | 9        pdf        s1 a   9.99999e-01
dchi2(iter)  = 0.401681                                                                                                   | 10        pdf        s1 b   5.74183e+00
dchi2(local) = -0.401681                                                                                                  | 11        pdf      sea1 N   1.86302e-02
pdf dv(1):1.000000                                                                                                        | 12        pdf      sea1 a  -1.44420e+00
pdf db-ub(2):-0.017467                                                                                                    | 13        pdf      sea1 b   1.09402e+00
pdf msr:1.000000                                                                                                          | 14        pdf       ub1 N   6.94684e-02
pdf db-ub(1):0.130517                                                                                                     | 15        pdf       ub1 a   9.99970e-01
pdf uv(1):2.000000                                                                                                        | 16        pdf       ub1 b   3.76205e+00
pdf s-sb(1):0.000000                                                                                                      | 17        pdf       uv1 a  -4.72683e-01
pdf s-sb(2):0.000000                                                                                                      | 18        pdf       uv1 b   4.35019e+00
                                                                                                                          | 19       norm       idis      10016  9.68139e-01
reaction: unpol DIS                                                                                                       | 20       norm       idis      10017  9.91048e-01
filters: Q2>1.690000                                                                                                      | 21       norm       idis      10010  1.00551e+00
filters: W2>10.000000                                                                                                     | 22       norm       idis      10011  1.00459e+00
    idx tar        col  npts       chi2  chi2-npts      rchi2      nchi2                                                  | 23       norm       idis      10020  9.88338e-01
  10016   p      BCDMS   348     687.51     339.51      18.24       1.13                                                  | 
  10017   d      BCDMS   254     476.28     222.28      18.34       0.09                                                  | 
  10020   p        NMC   273     638.16     365.16      12.72       0.34                                                  | 
  10021 d/p        NMC   174     258.11      84.11       1.24       0.00                                                  | 
  10010   p       SLAC   218     383.86     165.86       0.00       0.07                                                  | 
  10011   d       SLAC   228     387.30     159.30       0.00       0.07                                                  | 
['pdf']
JAM FITTER                                                                                                                | 1        pdf       db1 N   5.19851e-02
count = 1200                                                                                                              | 2        pdf       db1 a  -2.88762e-02
elapsed time(mins)=11.464551                                                                                              | 3        pdf       db1 b   4.84780e+00
shifts  = 2                                                                                                               | 4        pdf       dv1 a  -5.00000e-01
npts    = 1495                                                                                                            | 5        pdf       dv1 b   1.00000e+01
chi2    = 2831.231475                                                                                                     | 6        pdf        g1 a  -6.38448e-01
rchi2   = 50.527812                                                                                                       | 7        pdf        g1 b   3.53834e+00
nchi2   = 1.697336                                                                                                        | 8        pdf        s1 N   3.60816e-02
chi2tot = 2883.456623                                                                                                     | 9        pdf        s1 a   1.00000e+00
dchi2(iter)  = 0.401681                                                                                                   | 10        pdf        s1 b   5.73211e+00
dchi2(local) = -0.000462                                                                                                  | 11        pdf      sea1 N   1.86587e-02
pdf dv(1):1.000000                                                                                                        | 12        pdf      sea1 a  -1.44360e+00
pdf db-ub(2):-0.017328                                                                                                    | 13        pdf      sea1 b   1.09564e+00
pdf msr:1.000000                                                                                                          | 14        pdf       ub1 N   6.93129e-02
pdf db-ub(1):0.130686                                                                                                     | 15        pdf       ub1 a   9.99993e-01
pdf uv(1):2.000000                                                                                                        | 16        pdf       ub1 b   3.76170e+00
pdf s-sb(1):0.000000                                                                                                      | 17        pdf       uv1 a  -4.72546e-01
pdf s-sb(2):0.000000                                                                                                      | 18        pdf       uv1 b   4.34259e+00
                                                                                                                          | 19       norm       idis      10016  9.68154e-01
reaction: unpol DIS                                                                                                       | 20       norm       idis      10017  9.91065e-01
filters: Q2>1.690000                                                                                                      | 21       norm       idis      10010  1.00551e+00
filters: W2>10.000000                                                                                                     | 22       norm       idis      10011  1.00459e+00
    idx tar        col  npts       chi2  chi2-npts      rchi2      nchi2                                                  | 23       norm       idis      10020  9.88334e-01
  10016   p      BCDMS   348     687.53     339.53      18.23       1.13                                                  | 
  10017   d      BCDMS   254     476.29     222.29      18.34       0.09                                                  | 
  10020   p        NMC   273     638.16     365.16      12.72       0.34                                                  | 
  10021 d/p        NMC   174     258.10      84.10       1.24       0.00                                                  | 
  10010   p       SLAC   218     383.86     165.86       0.00       0.07                                                  | 
  10011   d       SLAC   228     387.29     159.29       0.00       0.07                                                  | 
['pdf']
JAM FITTER                                                                                                                | 1        pdf       db1 N   5.19811e-02
count = 1227                                                                                                              | 2        pdf       db1 a  -2.87145e-02
elapsed time(mins)=11.742633                                                                                              | 3        pdf       db1 b   4.84856e+00
shifts  = 1                                                                                                               | 4        pdf       dv1 a  -5.00000e-01
npts    = 1495                                                                                                            | 5        pdf       dv1 b   1.00000e+01
chi2    = 2831.230903                                                                                                     | 6        pdf        g1 a  -6.38397e-01
rchi2   = 50.528170                                                                                                       | 7        pdf        g1 b   3.53862e+00
nchi2   = 1.697541                                                                                                        | 8        pdf        s1 N   3.60872e-02
chi2tot = 2883.456614                                                                                                     | 9        pdf        s1 a   1.00000e+00
dchi2(iter)  = 0.401681                                                                                                   | 10        pdf        s1 b   5.73019e+00
dchi2(local) = -0.000471                                                                                                  | 11        pdf      sea1 N   1.86612e-02
pdf dv(1):1.000000                                                                                                        | 12        pdf      sea1 a  -1.44355e+00
pdf db-ub(2):-0.017314                                                                                                    | 13        pdf      sea1 b   1.09574e+00
pdf msr:1.000000                                                                                                          | 14        pdf       ub1 N   6.92951e-02
pdf db-ub(1):0.130709                                                                                                     | 15        pdf       ub1 a   9.99995e-01
pdf uv(1):2.000000                                                                                                        | 16        pdf       ub1 b   3.76164e+00
pdf s-sb(1):0.000000                                                                                                      | 17        pdf       uv1 a  -4.72522e-01
pdf s-sb(2):0.000000                                                                                                      | 18        pdf       uv1 b   4.34195e+00
                                                                                                                          | 19       norm       idis      10016  9.68152e-01
reaction: unpol DIS                                                                                                       | 20       norm       idis      10017  9.91064e-01
filters: Q2>1.690000                                                                                                      | 21       norm       idis      10010  1.00550e+00
filters: W2>10.000000                                                                                                     | 22       norm       idis      10011  1.00459e+00
    idx tar        col  npts       chi2  chi2-npts      rchi2      nchi2                                                  | 23       norm       idis      10020  9.88333e-01
  10016   p      BCDMS   348     687.53     339.53      18.23       1.13                                                  | 
  10017   d      BCDMS   254     476.29     222.29      18.34       0.09                                                  | 
  10020   p        NMC   273     638.16     365.16      12.72       0.34                                                  | 
  10021 d/p        NMC   174     258.10      84.10       1.24       0.00                                                  | 
  10010   p       SLAC   218     383.86     165.86       0.00       0.07                                                  | 
  10011   d       SLAC   228     387.29     159.29       0.00       0.07                                                  | 
