('active', 'pdf')

--step 1: npQCD objects = pdf , datasets = idis , tmc = False , ht = False
loading idis data sets 10016
loading idis data sets 10017
loading idis data sets 10020
loading idis data sets 10021
loading idis data sets 10010
loading idis data sets 10011
Loading DIS tables...
10016 has norm uncertainty
10017 has norm uncertainty
10020 has norm uncertainty
10010 has norm uncertainty
10011 has norm uncertainty
[H[J[H[J['pdf']
JAM FITTER                                                                                                                | 1        pdf       db1 N   6.12944e-02
count = 100                                                                                                               | 2        pdf       db1 a   6.04918e-01
elapsed time(mins)=0.406200                                                                                               | 3        pdf       db1 b   2.18842e-01
shifts  = 2                                                                                                               | 4        pdf       dv1 a  -5.51326e-02
npts    = 1495                                                                                                            | 5        pdf       dv1 b   8.80859e+00
chi2    = 71300.687733                                                                                                    | 6        pdf        g1 a   7.86631e-01
rchi2   = 9836.598273                                                                                                     | 7        pdf        g1 b   8.33362e-01
nchi2   = 240.440049                                                                                                      | 8        pdf        s1 N   1.84088e-01
chi2tot = 81377.726054                                                                                                    | 9        pdf        s1 a  -4.77749e-01
dchi2(iter)  = 0.000000                                                                                                   | 10        pdf        s1 b   9.02695e+00
dchi2(local) = -inf                                                                                                       | 11        pdf      sea1 N   7.05080e-02
pdf dv(1):1.000000                                                                                                        | 12        pdf      sea1 a  -1.80609e+00
pdf db-ub(2):-0.112923                                                                                                    | 13        pdf      sea1 b   9.85077e+00
pdf msr:1.000000                                                                                                          | 14        pdf       ub1 N   1.74217e-01
pdf db-ub(1):-0.516135                                                                                                    | 15        pdf       ub1 a   9.19615e-01
pdf uv(1):2.000000                                                                                                        | 16        pdf       ub1 b   3.95570e+00
pdf s-sb(1):0.000000                                                                                                      | 17        pdf       uv1 a  -2.36818e-01
pdf s-sb(2):0.000000                                                                                                      | 18        pdf       uv1 b   7.33482e+00
                                                                                                                          | 19       norm       idis      10016  1.11125e+00
reaction: unpol DIS                                                                                                       | 20       norm       idis      10017  9.71362e-01
filters: Q2>1.690000                                                                                                      | 21       norm       idis      10010  1.17144e+00
filters: W2>10.000000                                                                                                     | 22       norm       idis      10011  1.14372e+00
    idx tar        col  npts       chi2  chi2-npts      rchi2      nchi2                                                  | 23       norm       idis      10020  1.18725e+00
  10016   p      BCDMS   348    1860.66    1512.66    2082.78      13.75                                                  | 
  10017   d      BCDMS   254    4972.51    4718.51    3009.96       0.91                                                  | 
  10020   p        NMC   273   13436.70   13163.70    3865.99      87.66                                                  | 
  10021 d/p        NMC   174    3357.07    3183.07     877.87       0.00                                                  | 
  10010   p       SLAC   218   22479.06   22261.06       0.00      66.64                                                  | 
  10011   d       SLAC   228   25194.68   24966.68       0.00      71.47                                                  | 
['pdf']
JAM FITTER                                                                                                                | 1        pdf       db1 N   4.03008e-02
count = 200                                                                                                               | 2        pdf       db1 a  -9.19410e-01
elapsed time(mins)=0.808818                                                                                               | 3        pdf       db1 b   2.07466e+00
shifts  = 2                                                                                                               | 4        pdf       dv1 a  -2.41315e-01
npts    = 1495                                                                                                            | 5        pdf       dv1 b   6.92196e+00
chi2    = 4063.287910                                                                                                     | 6        pdf        g1 a   8.80817e-01
rchi2   = 198.572758                                                                                                      | 7        pdf        g1 b   3.01737e-01
nchi2   = 158.608330                                                                                                      | 8        pdf        s1 N   1.27032e-01
chi2tot = 4420.468998                                                                                                     | 9        pdf        s1 a  -4.83938e-01
dchi2(iter)  = 0.000000                                                                                                   | 10        pdf        s1 b   4.06965e+00
dchi2(local) = -inf                                                                                                       | 11        pdf      sea1 N   1.36292e-02
pdf dv(1):1.000000                                                                                                        | 12        pdf      sea1 a  -1.86662e+00
pdf db-ub(2):-0.079306                                                                                                    | 13        pdf      sea1 b   4.09021e+00
pdf msr:1.000000                                                                                                          | 14        pdf       ub1 N   1.19607e-01
pdf db-ub(1):1.141384                                                                                                     | 15        pdf       ub1 a   8.95358e-01
pdf uv(1):2.000000                                                                                                        | 16        pdf       ub1 b   4.02101e+00
pdf s-sb(1):0.000000                                                                                                      | 17        pdf       uv1 a  -4.84249e-01
pdf s-sb(2):0.000000                                                                                                      | 18        pdf       uv1 b   7.31062e+00
                                                                                                                          | 19       norm       idis      10016  1.07746e+00
reaction: unpol DIS                                                                                                       | 20       norm       idis      10017  1.08864e+00
filters: Q2>1.690000                                                                                                      | 21       norm       idis      10010  1.15332e+00
filters: W2>10.000000                                                                                                     | 22       norm       idis      10[H[J[H[J011  1.15010e+00
    idx tar        col  npts       chi2  chi2-npts      rchi2      nchi2                                                  | 23       norm       idis      10020  1.06915e+00
  10016   p      BCDMS   348     843.77     495.77      42.95       6.67                                                  | 
  10017   d      BCDMS   254     625.15     371.15      60.23       8.73                                                  | 
  10020   p        NMC   273    1170.41     897.41      86.73      11.95                                                  | 
  10021 d/p        NMC   174     419.61     245.61       8.66       0.00                                                  | 
  10010   p       SLAC   218     453.75     235.75       0.00      53.30                                                  | 
  10011   d       SLAC   228     550.59     322.59       0.00      77.95                                                  | 
['pdf']
JAM FITTER                                                                                                                | 1        pdf       db1 N   3.88375e-02
count = 300                                                                                                               | 2        pdf       db1 a  -8.33444e-01
elapsed time(mins)=1.210053                                                                                               | 3        pdf       db1 b   2.29420e+00
shifts  = 2                                                                                                               | 4        pdf       dv1 a  -2.91256e-01
npts    = 1495                                                                                                            | 5        pdf       dv1 b   5.12462e+00
chi2    = 3227.530991                                                                                                     | 6        pdf        g1 a  -8.47495e-01
rchi2   = 190.134779                                                                                                      | 7        pdf        g1 b   3.90588e+00
nchi2   = 24.253895                                                                                                       | 8        pdf        s1 N   6.85849e-02
chi2tot = 3441.919664                                                                                                     | 9        pdf        s1 a  -8.67642e-01
dchi2(iter)  = 0.000000                                                                                                   | 10        pdf        s1 b   4.03982e+00
dchi2(local) = -inf                                                                                                       | 11        pdf      sea1 N   6.04767e-03
pdf dv(1):1.000000                                                                                                        | 12        pdf      sea1 a  -1.74836e+00
pdf db-ub(2):-0.068939                                                                                                    | 13        pdf      sea1 b   2.82476e+00
pdf msr:1.000000                                                                                                          | 14        pdf       ub1 N   1.07776e-01
pdf db-ub(1):0.425449                                                                                                     | 15        pdf       ub1 a   8.44371e-01
pdf uv(1):2.000000                                                                                                        | 16        pdf       ub1 b   3.68476e+00
pdf s-sb(1):-0.000000                                                                                                     | 17        pdf       uv1 a  -4.92770e-01
pdf s-sb(2):-0.000000                                                                                                     | 18        pdf       uv1 b   5.43935e+00
                                                                                                                          | 19       norm       idis      10016  1.00581e+00
reaction: unpol DIS                                                                                                       | 20       norm       idis      10017  1.02392e+00
filters: Q2>1.690000                                                                                                      | 21       norm       idis      10010  1.06333e+00
filters: W2>10.000000                                                                                                     | 22       norm       idis      10011  1.05986e+00
    idx tar        col  npts       chi2  chi2-npts      rchi2      nchi2                                                  | 23       norm       idis      10020  1.02889e+00
  10016   p      BCDMS   348     747.21     399.21      77.61       0.04                                                  | 
  10017   d      BCDMS   254     562.39     308.39      78.81       0.64                                                  | 
  10020   p        NMC   273     658.99     385.99      31.59       2.09                                                  | 
  10021 d/p        NMC   174     393.33     219.33       2.12       0.00                                                  | 
  10010   p       SLAC   218     419.95     201.95       0.00       9.09                                                  | 
  10011   d       SLAC   228     445.66     217.66       0.00      12.40                                                  | 
['pdf']
JAM FITTER                                                                                                                | 1        pdf       db1 N   3.37938e-02
count = 400                                                                                                               | 2        pdf       db1 a  -7.83469e-01
elapsed time(mins)=1.616939                                                                                               | 3        pdf       db1 b   2.72162e+00
shifts  = 2                                                                                                               | 4        pdf       dv1 a  -2.53473e-01
npts    = 1495                                                                                                            | 5        pdf       dv1 b   5.18799e+00
chi2    = 2901.795332                                                                                                     | 6        pdf        g1 a  -6.26618e-01
rchi2   = 52.402338                                                                                                       | 7        pdf        g1 b   3.75734e+00
nchi2   = 4.607903                                                                                                        | 8        pdf        s1 N   2.43508e-02
chi2tot = 2958.805573                                                                                                     | 9        pdf        s1 a  -9.07793e-01
dchi2(iter)  = 0.000000                                                                                                   | 10        pdf        s1 b   4.07990e+00
dchi2(local) = -inf                                                                                                       | 11        pdf      sea1 N   9.80696e-03
pdf dv(1):1.000000                                                                                                        | 12        pdf      sea1 a  -1.47830e+00
pdf db-ub(2):-0.059713                                                                                                    | 13        pdf      sea1 b   3.55549e+00
pdf msr:1.000000                                                                                                          | 14        pdf       ub1 N   9.35065e-02
pdf db-ub(1):0.281180                                                                                                     | 15        pdf       ub1 a   7.78600e-01
pdf uv(1):2.000000                                                                                                        | 16        pdf       ub1 b   3.56388e+00
pdf s-sb(1):0.000000                                           [H[J[H[J                                                           | 17        pdf       uv1 a  -4.97694e-01
pdf s-sb(2):0.000000                                                                                                      | 18        pdf       uv1 b   4.57224e+00
                                                                                                                          | 19       norm       idis      10016  9.87964e-01
reaction: unpol DIS                                                                                                       | 20       norm       idis      10017  1.00456e+00
filters: Q2>1.690000                                                                                                      | 21       norm       idis      10010  1.02910e+00
filters: W2>10.000000                                                                                                     | 22       norm       idis      10011  1.02203e+00
    idx tar        col  npts       chi2  chi2-npts      rchi2      nchi2                                                  | 23       norm       idis      10020  1.01816e+00
  10016   p      BCDMS   348     690.78     342.78      21.72       0.16                                                  | 
  10017   d      BCDMS   254     496.79     242.79      18.57       0.02                                                  | 
  10020   p        NMC   273     599.51     326.51       9.92       0.82                                                  | 
  10021 d/p        NMC   174     370.18     196.18       2.19       0.00                                                  | 
  10010   p       SLAC   218     390.56     172.56       0.00       1.92                                                  | 
  10011   d       SLAC   228     353.98     125.98       0.00       1.68                                                  | 
['pdf']
JAM FITTER                                                                                                                | 1        pdf       db1 N   3.18854e-02
count = 500                                                                                                               | 2        pdf       db1 a  -7.16462e-01
elapsed time(mins)=2.026379                                                                                               | 3        pdf       db1 b   2.95680e+00
shifts  = 2                                                                                                               | 4        pdf       dv1 a  -2.63279e-01
npts    = 1495                                                                                                            | 5        pdf       dv1 b   4.95817e+00
chi2    = 2883.891863                                                                                                     | 6        pdf        g1 a  -6.68754e-01
rchi2   = 51.426065                                                                                                       | 7        pdf        g1 b   3.05070e+00
nchi2   = 1.460345                                                                                                        | 8        pdf        s1 N   9.50096e-03
chi2tot = 2936.778274                                                                                                     | 9        pdf        s1 a  -9.57404e-01
dchi2(iter)  = 0.000000                                                                                                   | 10        pdf        s1 b   4.38247e+00
dchi2(local) = -inf                                                                                                       | 11        pdf      sea1 N   1.07983e-02
pdf dv(1):1.000000                                                                                                        | 12        pdf      sea1 a  -1.34508e+00
pdf db-ub(2):-0.047770                                                                                                    | 13        pdf      sea1 b   5.65818e+00
pdf msr:1.000000                                                                                                          | 14        pdf       ub1 N   7.96557e-02
pdf db-ub(1):0.187722                                                                                                     | 15        pdf       ub1 a   6.87485e-01
pdf uv(1):2.000000                                                                                                        | 16        pdf       ub1 b   3.43760e+00
pdf s-sb(1):0.000000                                                                                                      | 17        pdf       uv1 a  -4.99292e-01
pdf s-sb(2):0.000000                                                                                                      | 18        pdf       uv1 b   3.74627e+00
                                                                                                                          | 19       norm       idis      10016  9.81880e-01
reaction: unpol DIS                                                                                                       | 20       norm       idis      10017  9.99055e-01
filters: Q2>1.690000                                                                                                      | 21       norm       idis      10010  1.01639e+00
filters: W2>10.000000                                                                                                     | 22       norm       idis      10011  1.00820e+00
    idx tar        col  npts       chi2  chi2-npts      rchi2      nchi2                                                  | 23       norm       idis      10020  1.01006e+00
  10016   p      BCDMS   348     682.88     334.88      21.63       0.36                                                  | 
  10017   d      BCDMS   254     491.81     237.81      17.94       0.00                                                  | 
  10020   p        NMC   273     597.54     324.54       9.15       0.25                                                  | 
  10021 d/p        NMC   174     367.20     193.20       2.71       0.00                                                  | 
  10010   p       SLAC   218     390.86     172.86       0.00       0.61                                                  | 
  10011   d       SLAC   228     353.61     125.61       0.00       0.23                                                  | 
['pdf']
JAM FITTER                                                                                                                | 1        pdf       db1 N   3.04417e-02
count = 600                                                                                                               | 2        pdf       db1 a  -6.91131e-01
elapsed time(mins)=2.433163                                                                                               | 3        pdf       db1 b   3.03334e+00
shifts  = 3                                                                                                               | 4        pdf       dv1 a  -2.54987e-01
npts    = 1495                                                                                                            | 5        pdf       dv1 b   4.94533e+00
chi2    = 2879.144495                                                                                                     | 6        pdf        g1 a  -6.40594e-01
rchi2   = 51.151102                                                                                                       | 7        pdf        g1 b   3.05771e+00
nchi2   = 1.017754                                                                                                        | 8        pdf        s1 N   1.83540e-02
chi2tot = 2931.313352                                                                                                     | 9        pdf        s1 a  -9.68267e-01
dchi2(iter)  = inf                                                                                                        | 10        pdf        s1 b   4.60372e+00
dchi2(local) = -inf                                                                                        [H[J[H[J               | 11        pdf      sea1 N   9.26574e-03
pdf dv(1):1.000000                                                                                                        | 12        pdf      sea1 a  -1.31299e+00
pdf db-ub(2):-0.039674                                                                                                    | 13        pdf      sea1 b   7.63673e+00
pdf msr:1.000000                                                                                                          | 14        pdf       ub1 N   7.01152e-02
pdf db-ub(1):0.164690                                                                                                     | 15        pdf       ub1 a   6.07002e-01
pdf uv(1):2.000000                                                                                                        | 16        pdf       ub1 b   3.42704e+00
pdf s-sb(1):0.000000                                                                                                      | 17        pdf       uv1 a  -4.99658e-01
pdf s-sb(2):-0.000000                                                                                                     | 18        pdf       uv1 b   3.31582e+00
                                                                                                                          | 19       norm       idis      10016  9.76338e-01
reaction: unpol DIS                                                                                                       | 20       norm       idis      10017  9.93505e-01
filters: Q2>1.690000                                                                                                      | 21       norm       idis      10010  1.01046e+00
filters: W2>10.000000                                                                                                     | 22       norm       idis      10011  1.00205e+00
    idx tar        col  npts       chi2  chi2-npts      rchi2      nchi2                                                  | 23       norm       idis      10020  1.00587e+00
  10016   p      BCDMS   348     679.36     331.36      21.76       0.62                                                  | 
  10017   d      BCDMS   254     489.19     235.19      17.32       0.05                                                  | 
  10020   p        NMC   273     599.99     326.99       9.02       0.09                                                  | 
  10021 d/p        NMC   174     366.13     192.13       3.05       0.00                                                  | 
  10010   p       SLAC   218     390.67     172.67       0.00       0.25                                                  | 
  10011   d       SLAC   228     353.80     125.80       0.00       0.01                                                  | 
['pdf']
JAM FITTER                                                                                                                | 1        pdf       db1 N   2.62450e-02
count = 700                                                                                                               | 2        pdf       db1 a  -6.98075e-01
elapsed time(mins)=2.835035                                                                                               | 3        pdf       db1 b   2.95580e+00
shifts  = 23                                                                                                              | 4        pdf       dv1 a  -2.62000e-01
npts    = 1495                                                                                                            | 5        pdf       dv1 b   4.84720e+00
chi2    = 2870.474368                                                                                                     | 6        pdf        g1 a  -5.96535e-01
rchi2   = 52.822043                                                                                                       | 7        pdf        g1 b   3.18670e+00
nchi2   = 1.399783                                                                                                        | 8        pdf        s1 N   3.28330e-02
chi2tot = 2924.696193                                                                                                     | 9        pdf        s1 a  -7.61528e-01
dchi2(iter)  = 6.617159                                                                                                   | 10        pdf        s1 b   4.68556e+00
dchi2(local) = -6.617159                                                                                                  | 11        pdf      sea1 N   9.52370e-03
pdf dv(1):1.000000                                                                                                        | 12        pdf      sea1 a  -1.30673e+00
pdf db-ub(2):-0.028508                                                                                                    | 13        pdf      sea1 b   7.61703e+00
pdf msr:1.000000                                                                                                          | 14        pdf       ub1 N   5.47531e-02
pdf db-ub(1):0.159362                                                                                                     | 15        pdf       ub1 a   6.77738e-01
pdf uv(1):2.000000                                                                                                        | 16        pdf       ub1 b   3.77981e+00
pdf s-sb(1):0.000000                                                                                                      | 17        pdf       uv1 a  -4.99736e-01
pdf s-sb(2):0.000000                                                                                                      | 18        pdf       uv1 b   2.85134e+00
                                                                                                                          | 19       norm       idis      10016  9.68929e-01
reaction: unpol DIS                                                                                                       | 20       norm       idis      10017  9.85901e-01
filters: Q2>1.690000                                                                                                      | 21       norm       idis      10010  1.00443e+00
filters: W2>10.000000                                                                                                     | 22       norm       idis      10011  9.95945e-01
    idx tar        col  npts       chi2  chi2-npts      rchi2      nchi2                                                  | 23       norm       idis      10020  1.00138e+00
  10016   p      BCDMS   348     671.79     323.79      22.47       1.07                                                  | 
  10017   d      BCDMS   254     481.88     227.88      17.55       0.22                                                  | 
  10020   p        NMC   273     601.48     328.48       9.61       0.00                                                  | 
  10021 d/p        NMC   174     366.36     192.36       3.19       0.00                                                  | 
  10010   p       SLAC   218     393.90     175.90       0.00       0.04                                                  | 
  10011   d       SLAC   228     355.07     127.07       0.00       0.06                                                  | 
['pdf']
JAM FITTER                                                                                                                | 1        pdf       db1 N   2.42867e-02
count = 800                                                                                                               | 2        pdf       db1 a  -6.47920e-01
elapsed time(mins)=3.241842                                                                                               | 3        pdf       db1 b   2.95929e+00
shifts  = 3                                                                                                               | 4        pdf       dv1 a  -2.71385e-01
npts    = 1495                                                                                                            | 5        pdf       dv1[H[J b   4.75490e+00
chi2    = 2869.180548                                                                                                     | 6        pdf        g1 a  -5.88736e-01
rchi2   = 49.176704                                                                                                       | 7        pdf        g1 b   3.28454e+00
nchi2   = 1.659120                                                                                                        | 8        pdf        s1 N   3.56380e-02
chi2tot = 2920.016372                                                                                                     | 9        pdf        s1 a  -6.44892e-01
dchi2(iter)  = 4.679821                                                                                                   | 10        pdf        s1 b   5.77223e+00
dchi2(local) = -4.679821                                                                                                  | 11        pdf      sea1 N   1.06217e-02
pdf dv(1):1.000000                                                                                                        | 12        pdf      sea1 a  -1.30824e+00
pdf db-ub(2):-0.015675                                                                                                    | 13        pdf      sea1 b   6.92235e+00
pdf msr:1.000000                                                                                                          | 14        pdf       ub1 N   3.99613e-02
pdf db-ub(1):0.151808                                                                                                     | 15        pdf       ub1 a   9.96988e-01
pdf uv(1):2.000000                                                                                                        | 16        pdf       ub1 b   4.27874e+00
pdf s-sb(1):0.000000                                                                                                      | 17        pdf       uv1 a  -4.44863e-01
pdf s-sb(2):0.000000                                                                                                      | 18        pdf       uv1 b   2.79407e+00
                                                                                                                          | 19       norm       idis      10016  9.66460e-01
reaction: unpol DIS                                                                                                       | 20       norm       idis      10017  9.83648e-01
filters: Q2>1.690000                                                                                                      | 21       norm       idis      10010  1.00317e+00
filters: W2>10.000000                                                                                                     | 22       norm       idis      10011  9.94951e-01
    idx tar        col  npts       chi2  chi2-npts      rchi2      nchi2                                                  | 23       norm       idis      10020  1.00068e+00
  10016   p      BCDMS   348     674.67     326.67      20.91       1.25                                                  | 
  10017   d      BCDMS   254     476.26     222.26      16.02       0.30                                                  | 
  10020   p        NMC   273     600.66     327.66       9.19       0.00                                                  | 
  10021 d/p        NMC   174     366.57     192.57       3.06       0.00                                                  | 
  10010   p       SLAC   218     393.58     175.58       0.00       0.02                                                  | 
  10011   d       SLAC   228     357.43     129.43       0.00       0.09                                                  | 
['pdf']
JAM FITTER                                                                                                                | 1        pdf       db1 N   2.39826e-02
count = 900                                                                                                               | 2        pdf       db1 a  -6.60307e-01
elapsed time(mins)=3.646596                                                                                               | 3        pdf       db1 b   2.97839e+00
shifts  = 3                                                                                                               | 4        pdf       dv1 a  -2.63555e-01
npts    = 1495                                                                                                            | 5        pdf       dv1 b   4.72405e+00
chi2    = 2866.668152                                                                                                     | 6        pdf        g1 a  -5.99187e-01
rchi2   = 50.612192                                                                                                       | 7        pdf        g1 b   3.25429e+00
nchi2   = 1.545363                                                                                                        | 8        pdf        s1 N   3.25954e-02
chi2tot = 2918.825707                                                                                                     | 9        pdf        s1 a  -6.63894e-01
dchi2(iter)  = 1.190665                                                                                                   | 10        pdf        s1 b   6.65784e+00
dchi2(local) = -1.190665                                                                                                  | 11        pdf      sea1 N   1.07873e-02
pdf dv(1):1.000000                                                                                                        | 12        pdf      sea1 a  -1.32176e+00
pdf db-ub(2):-0.017292                                                                                                    | 13        pdf      sea1 b   6.28473e+00
pdf msr:1.000000                                                                                                          | 14        pdf       ub1 N   4.12744e-02
pdf db-ub(1):0.153640                                                                                                     | 15        pdf       ub1 a   9.98755e-01
pdf uv(1):2.000000                                                                                                        | 16        pdf       ub1 b   4.32423e+00
pdf s-sb(1):0.000000                                                                                                      | 17        pdf       uv1 a  -4.49640e-01
pdf s-sb(2):0.000000                                                                                                      | 18        pdf       uv1 b   2.78258e+00
                                                                                                                          | 19       norm       idis      10016  9.67404e-01
reaction: unpol DIS                                                                                                       | 20       norm       idis      10017  9.84684e-01
filters: Q2>1.690000                                                                                                      | 21       norm       idis      10010  1.00403e+00
filters: W2>10.000000                                                                                                     | 22       norm       idis      10011  9.95777e-01
    idx tar        col  npts       chi2  chi2-npts      rchi2      nchi2                                                  | 23       norm       idis      10020  1.00151e+00
  10016   p      BCDMS   348     671.44     323.44      21.88       1.18                                                  | 
  10017   d      BCDMS   254     474.64     220.64      16.33       0.26                                                  | 
  10020   p        NMC   273     599.58     326.58       9.31       0.01                                                  | 
  10021 d/p        NMC   174     366.68     192.68       3.09       0.00                                                  | 
  10010   p       SLAC   218     395.67     177.67       0.00       0.04                                            [H[J[H[J      | 
  10011   d       SLAC   228     358.65     130.65       0.00       0.06                                                  | 
['pdf']
JAM FITTER                                                                                                                | 1        pdf       db1 N   2.35965e-02
count = 1000                                                                                                              | 2        pdf       db1 a  -6.75004e-01
elapsed time(mins)=4.034597                                                                                               | 3        pdf       db1 b   2.95279e+00
shifts  = 3                                                                                                               | 4        pdf       dv1 a  -2.53284e-01
npts    = 1495                                                                                                            | 5        pdf       dv1 b   4.73854e+00
chi2    = 2866.211955                                                                                                     | 6        pdf        g1 a  -6.11365e-01
rchi2   = 50.522595                                                                                                       | 7        pdf        g1 b   3.22451e+00
nchi2   = 1.489397                                                                                                        | 8        pdf        s1 N   2.99180e-02
chi2tot = 2918.223948                                                                                                     | 9        pdf        s1 a  -6.98617e-01
dchi2(iter)  = 0.601760                                                                                                   | 10        pdf        s1 b   7.82518e+00
dchi2(local) = -0.601760                                                                                                  | 11        pdf      sea1 N   1.11617e-02
pdf dv(1):1.000000                                                                                                        | 12        pdf      sea1 a  -1.34393e+00
pdf db-ub(2):-0.017644                                                                                                    | 13        pdf      sea1 b   5.27818e+00
pdf msr:1.000000                                                                                                          | 14        pdf       ub1 N   4.12408e-02
pdf db-ub(1):0.158702                                                                                                     | 15        pdf       ub1 a   9.97476e-01
pdf uv(1):2.000000                                                                                                        | 16        pdf       ub1 b   4.35917e+00
pdf s-sb(1):-0.000000                                                                                                     | 17        pdf       uv1 a  -4.49676e-01
pdf s-sb(2):-0.000000                                                                                                     | 18        pdf       uv1 b   2.77326e+00
                                                                                                                          | 19       norm       idis      10016  9.67918e-01
reaction: unpol DIS                                                                                                       | 20       norm       idis      10017  9.85288e-01
filters: Q2>1.690000                                                                                                      | 21       norm       idis      10010  1.00452e+00
filters: W2>10.000000                                                                                                     | 22       norm       idis      10011  9.96286e-01
    idx tar        col  npts       chi2  chi2-npts      rchi2      nchi2                                                  | 23       norm       idis      10020  1.00212e+00
  10016   p      BCDMS   348     671.15     323.15      21.95       1.14                                                  | 
  10017   d      BCDMS   254     473.25     219.25      16.27       0.24                                                  | 
  10020   p        NMC   273     598.72     325.72       9.28       0.01                                                  | 
  10021 d/p        NMC   174     366.95     192.95       3.02       0.00                                                  | 
  10010   p       SLAC   218     396.57     178.57       0.00       0.05                                                  | 
  10011   d       SLAC   228     359.56     131.56       0.00       0.05                                                  | 
['pdf']
JAM FITTER                                                                                                                | 1        pdf       db1 N   2.34039e-02
count = 1100                                                                                                              | 2        pdf       db1 a  -6.86579e-01
elapsed time(mins)=4.424004                                                                                               | 3        pdf       db1 b   2.90668e+00
shifts  = 2                                                                                                               | 4        pdf       dv1 a  -2.41994e-01
npts    = 1495                                                                                                            | 5        pdf       dv1 b   4.78369e+00
chi2    = 2865.768520                                                                                                     | 6        pdf        g1 a  -6.15394e-01
rchi2   = 50.247608                                                                                                       | 7        pdf        g1 b   3.22914e+00
nchi2   = 1.497519                                                                                                        | 8        pdf        s1 N   2.98385e-02
chi2tot = 2917.513647                                                                                                     | 9        pdf        s1 a  -7.02550e-01
dchi2(iter)  = 0.601760                                                                                                   | 10        pdf        s1 b   8.63647e+00
dchi2(local) = -0.710301                                                                                                  | 11        pdf      sea1 N   1.11022e-02
pdf dv(1):1.000000                                                                                                        | 12        pdf      sea1 a  -1.35994e+00
pdf db-ub(2):-0.017388                                                                                                    | 13        pdf      sea1 b   4.95026e+00
pdf msr:1.000000                                                                                                          | 14        pdf       ub1 N   4.07914e-02
pdf db-ub(1):0.164786                                                                                                     | 15        pdf       ub1 a   9.99219e-01
pdf uv(1):2.000000                                                                                                        | 16        pdf       ub1 b   4.36899e+00
pdf s-sb(1):0.000000                                                                                                      | 17        pdf       uv1 a  -4.46397e-01
pdf s-sb(2):0.000000                                                                                                      | 18        pdf       uv1 b   2.77546e+00
                                                                                                                          | 19       norm       idis      10016  9.67820e-01
reaction: unpol DIS                                                                                                       | 20       norm       idis      10017  9.85242e-01
filters: Q2>1.690000                                                                                                      | 21       norm       idis      10010  1.00460e+00
filters: W2>10.000000 [H[J[H[J                                                                                                    | 22       norm       idis      10011  9.96439e-01
    idx tar        col  npts       chi2  chi2-npts      rchi2      nchi2                                                  | 23       norm       idis      10020  1.00228e+00
  10016   p      BCDMS   348     672.61     324.61      22.17       1.15                                                  | 
  10017   d      BCDMS   254     472.96     218.96      16.14       0.24                                                  | 
  10020   p        NMC   273     599.11     326.11       8.91       0.01                                                  | 
  10021 d/p        NMC   174     366.86     192.86       3.03       0.00                                                  | 
  10010   p       SLAC   218     395.24     177.24       0.00       0.05                                                  | 
  10011   d       SLAC   228     359.00     131.00       0.00       0.04                                                  | 
['pdf']
JAM FITTER                                                                                                                | 1        pdf       db1 N   2.35333e-02
count = 1200                                                                                                              | 2        pdf       db1 a  -6.81119e-01
elapsed time(mins)=4.818546                                                                                               | 3        pdf       db1 b   2.89363e+00
shifts  = 2                                                                                                               | 4        pdf       dv1 a  -2.33944e-01
npts    = 1495                                                                                                            | 5        pdf       dv1 b   4.83087e+00
chi2    = 2865.186706                                                                                                     | 6        pdf        g1 a  -6.18176e-01
rchi2   = 50.284119                                                                                                       | 7        pdf        g1 b   3.23577e+00
nchi2   = 1.511442                                                                                                        | 8        pdf        s1 N   3.02718e-02
chi2tot = 2916.982266                                                                                                     | 9        pdf        s1 a  -7.23491e-01
dchi2(iter)  = 0.601760                                                                                                   | 10        pdf        s1 b   9.30440e+00
dchi2(local) = -1.241682                                                                                                  | 11        pdf      sea1 N   1.08698e-02
pdf dv(1):1.000000                                                                                                        | 12        pdf      sea1 a  -1.37454e+00
pdf db-ub(2):-0.016322                                                                                                    | 13        pdf      sea1 b   4.71891e+00
pdf msr:1.000000                                                                                                          | 14        pdf       ub1 N   3.98557e-02
pdf db-ub(1):0.163828                                                                                                     | 15        pdf       ub1 a   9.97903e-01
pdf uv(1):2.000000                                                                                                        | 16        pdf       ub1 b   4.37361e+00
pdf s-sb(1):0.000000                                                                                                      | 17        pdf       uv1 a  -4.39085e-01
pdf s-sb(2):0.000000                                                                                                      | 18        pdf       uv1 b   2.78535e+00
                                                                                                                          | 19       norm       idis      10016  9.67685e-01
reaction: unpol DIS                                                                                                       | 20       norm       idis      10017  9.85132e-01
filters: Q2>1.690000                                                                                                      | 21       norm       idis      10010  1.00466e+00
filters: W2>10.000000                                                                                                     | 22       norm       idis      10011  9.96536e-01
    idx tar        col  npts       chi2  chi2-npts      rchi2      nchi2                                                  | 23       norm       idis      10020  1.00243e+00
  10016   p      BCDMS   348     672.49     324.49      22.27       1.16                                                  | 
  10017   d      BCDMS   254     472.49     218.49      16.14       0.25                                                  | 
  10020   p        NMC   273     599.04     326.04       8.88       0.01                                                  | 
  10021 d/p        NMC   174     366.83     192.83       3.00       0.00                                                  | 
  10010   p       SLAC   218     395.19     177.19       0.00       0.05                                                  | 
  10011   d       SLAC   228     359.15     131.15       0.00       0.04                                                  | 
['pdf']
JAM FITTER                                                                                                                | 1        pdf       db1 N   2.36513e-02
count = 1300                                                                                                              | 2        pdf       db1 a  -6.75347e-01
elapsed time(mins)=5.224521                                                                                               | 3        pdf       db1 b   2.87935e+00
shifts  = 23                                                                                                              | 4        pdf       dv1 a  -2.27669e-01
npts    = 1495                                                                                                            | 5        pdf       dv1 b   4.87289e+00
chi2    = 2864.777253                                                                                                     | 6        pdf        g1 a  -6.21992e-01
rchi2   = 50.191789                                                                                                       | 7        pdf        g1 b   3.22506e+00
nchi2   = 1.513503                                                                                                        | 8        pdf        s1 N   2.99845e-02
chi2tot = 2916.482545                                                                                                     | 9        pdf        s1 a  -7.27778e-01
dchi2(iter)  = 1.741402                                                                                                   | 10        pdf        s1 b   9.87652e+00
dchi2(local) = -1.741402                                                                                                  | 11        pdf      sea1 N   1.07949e-02
pdf dv(1):1.000000                                                                                                        | 12        pdf      sea1 a  -1.38054e+00
pdf db-ub(2):-0.015310                                                                                                    | 13        pdf      sea1 b   4.60667e+00
pdf msr:1.000000                                                                                                          | 14        pdf       ub1 N   3.89611e-02
pdf db-ub(1):0.162509                                                                                                     | 15        pdf       ub1 a   9.99430e-01
pdf uv(1):2.000000                                                                           [H[J[H[J                             | 16        pdf       ub1 b   4.37801e+00
pdf s-sb(1):0.000000                                                                                                      | 17        pdf       uv1 a  -4.32332e-01
pdf s-sb(2):0.000000                                                                                                      | 18        pdf       uv1 b   2.79512e+00
                                                                                                                          | 19       norm       idis      10016  9.67670e-01
reaction: unpol DIS                                                                                                       | 20       norm       idis      10017  9.85131e-01
filters: Q2>1.690000                                                                                                      | 21       norm       idis      10010  1.00465e+00
filters: W2>10.000000                                                                                                     | 22       norm       idis      10011  9.96535e-01
    idx tar        col  npts       chi2  chi2-npts      rchi2      nchi2                                                  | 23       norm       idis      10020  1.00252e+00
  10016   p      BCDMS   348     672.30     324.30      22.26       1.16                                                  | 
  10017   d      BCDMS   254     472.03     218.03      16.06       0.25                                                  | 
  10020   p        NMC   273     598.97     325.97       8.90       0.02                                                  | 
  10021 d/p        NMC   174     366.83     192.83       2.98       0.00                                                  | 
  10010   p       SLAC   218     395.19     177.19       0.00       0.05                                                  | 
  10011   d       SLAC   228     359.46     131.46       0.00       0.04                                                  | 
['pdf']
JAM FITTER                                                                                                                | 1        pdf       db1 N   2.38075e-02
count = 1400                                                                                                              | 2        pdf       db1 a  -6.70432e-01
elapsed time(mins)=5.629147                                                                                               | 3        pdf       db1 b   2.87957e+00
shifts  = 2                                                                                                               | 4        pdf       dv1 a  -2.21897e-01
npts    = 1495                                                                                                            | 5        pdf       dv1 b   4.89113e+00
chi2    = 2864.318437                                                                                                     | 6        pdf        g1 a  -6.20060e-01
rchi2   = 50.486983                                                                                                       | 7        pdf        g1 b   3.24377e+00
nchi2   = 1.554040                                                                                                        | 8        pdf        s1 N   3.16394e-02
chi2tot = 2916.359459                                                                                                     | 9        pdf        s1 a  -7.33938e-01
dchi2(iter)  = 1.741402                                                                                                   | 10        pdf        s1 b   9.99600e+00
dchi2(local) = -0.123086                                                                                                  | 11        pdf      sea1 N   1.02158e-02
pdf dv(1):1.000000                                                                                                        | 12        pdf      sea1 a  -1.38742e+00
pdf db-ub(2):-0.014694                                                                                                    | 13        pdf      sea1 b   4.88591e+00
pdf msr:1.000000                                                                                                          | 14        pdf       ub1 N   3.85012e-02
pdf db-ub(1):0.161903                                                                                                     | 15        pdf       ub1 a   9.99466e-01
pdf uv(1):2.000000                                                                                                        | 16        pdf       ub1 b   4.38324e+00
pdf s-sb(1):0.000000                                                                                                      | 17        pdf       uv1 a  -4.27195e-01
pdf s-sb(2):0.000000                                                                                                      | 18        pdf       uv1 b   2.80229e+00
                                                                                                                          | 19       norm       idis      10016  9.67265e-01
reaction: unpol DIS                                                                                                       | 20       norm       idis      10017  9.84725e-01
filters: Q2>1.690000                                                                                                      | 21       norm       idis      10010  1.00446e+00
filters: W2>10.000000                                                                                                     | 22       norm       idis      10011  9.96379e-01
    idx tar        col  npts       chi2  chi2-npts      rchi2      nchi2                                                  | 23       norm       idis      10020  1.00235e+00
  10016   p      BCDMS   348     672.26     324.26      22.45       1.19                                                  | 
  10017   d      BCDMS   254     472.01     218.01      16.15       0.26                                                  | 
  10020   p        NMC   273     599.10     326.10       8.92       0.01                                                  | 
  10021 d/p        NMC   174     366.75     192.75       2.97       0.00                                                  | 
  10010   p       SLAC   218     394.94     176.94       0.00       0.05                                                  | 
  10011   d       SLAC   228     359.26     131.26       0.00       0.05                                                  | 
['pdf']
JAM FITTER                                                                                                                | 1        pdf       db1 N   2.37734e-02
count = 1493                                                                                                              | 2        pdf       db1 a  -6.71455e-01
elapsed time(mins)=6.010759                                                                                               | 3        pdf       db1 b   2.87793e+00
shifts  = 1                                                                                                               | 4        pdf       dv1 a  -2.22718e-01
npts    = 1495                                                                                                            | 5        pdf       dv1 b   4.88968e+00
chi2    = 2864.330468                                                                                                     | 6        pdf        g1 a  -6.20443e-01
rchi2   = 50.474502                                                                                                       | 7        pdf        g1 b   3.24227e+00
nchi2   = 1.551597                                                                                                        | 8        pdf        s1 N   3.14787e-02
chi2tot = 2916.356567                                                                                                     | 9        pdf        s1 a  -7.34353e-01
dchi2(iter)  = 1.741402                                                                                                   | 10        pdf        s1 b   9.99930e+00
dchi2(local) = -0.125979                                                                                                  | 11        pdf      sea1 N   1.03078e-02
pdf dv(1):1.000000                                                                                                        | 12        pdf      sea1 a  -1.38777e+00
pdf db-ub(2):-0.014768                                                                                                    | 13        pdf      sea1 b   4.79564e+00
pdf msr:1.000000                                                                                                          | 14        pdf       ub1 N   3.85415e-02
pdf db-ub(1):0.162107                                                                                                     | 15        pdf       ub1 a   9.99992e-01
pdf uv(1):2.000000                                                                                                        | 16        pdf       ub1 b   4.38276e+00
pdf s-sb(1):0.000000                                                                                                      | 17        pdf       uv1 a  -4.27935e-01
pdf s-sb(2):0.000000                                                                                                      | 18        pdf       uv1 b   2.80121e+00
                                                                                                                          | 19       norm       idis      10016  9.67288e-01
reaction: unpol DIS                                                                                                       | 20       norm       idis      10017  9.84750e-01
filters: Q2>1.690000                                                                                                      | 21       norm       idis      10010  1.00447e+00
filters: W2>10.000000                                                                                                     | 22       norm       idis      10011  9.96396e-01
    idx tar        col  npts       chi2  chi2-npts      rchi2      nchi2                                                  | 23       norm       idis      10020  1.00236e+00
  10016   p      BCDMS   348     672.28     324.28      22.44       1.19                                                  | 
  10017   d      BCDMS   254     472.00     218.00      16.15       0.26                                                  | 
  10020   p        NMC   273     599.10     326.10       8.91       0.01                                                  | 
  10021 d/p        NMC   174     366.76     192.76       2.97       0.00                                                  | 
  10010   p       SLAC   218     394.94     176.94       0.00       0.05                                                  | 
  10011   d       SLAC   228     359.26     131.26       0.00       0.04                                                  | 
