('active', 'pdf')

--step 1: npQCD objects = pdf , datasets = idis , tmc = False , ht = False
loading idis data sets 10016
loading idis data sets 10017
loading idis data sets 10020
loading idis data sets 10021
loading idis data sets 10010
loading idis data sets 10011
Loading DIS tables...
10016 has norm uncertainty
10017 has norm uncertainty
10020 has norm uncertainty
10010 has norm uncertainty
10011 has norm uncertainty
[H[J[H[J['pdf']
JAM FITTER                                                                                                                | 1        pdf       db1 N   4.10313e-03
count = 100                                                                                                               | 2        pdf       db1 a  -8.89066e-01
elapsed time(mins)=0.425541                                                                                               | 3        pdf       db1 b   8.58021e+00
shifts  = 2                                                                                                               | 4        pdf       dv1 a  -3.80554e-01
npts    = 1495                                                                                                            | 5        pdf       dv1 b   5.01597e+00
chi2    = 32920.466753                                                                                                    | 6        pdf        g1 a   5.88953e-01
rchi2   = 7301.214839                                                                                                     | 7        pdf        g1 b   2.42721e+00
nchi2   = 225.129172                                                                                                      | 8        pdf        s1 N   1.26547e-01
chi2tot = 40446.810765                                                                                                    | 9        pdf        s1 a   9.97131e-01
dchi2(iter)  = 0.000000                                                                                                   | 10        pdf        s1 b   1.03961e-01
dchi2(local) = -inf                                                                                                       | 11        pdf      sea1 N   5.25418e-02
pdf dv(1):1.000000                                                                                                        | 12        pdf      sea1 a  -1.69915e+00
pdf db-ub(2):-0.051505                                                                                                    | 13        pdf      sea1 b   7.57700e+00
pdf msr:1.000000                                                                                                          | 14        pdf       ub1 N   5.56082e-02
pdf db-ub(1):-2.015027                                                                                                    | 15        pdf       ub1 a  -9.04845e-01
pdf uv(1):2.000000                                                                                                        | 16        pdf       ub1 b   2.96628e+00
pdf s-sb(1):0.000000                                                                                                      | 17        pdf       uv1 a   8.49479e-02
pdf s-sb(2):0.000000                                                                                                      | 18        pdf       uv1 b   3.88159e+00
                                                                                                                          | 19       norm       idis      10016  1.17242e+00
reaction: unpol DIS                                                                                                       | 20       norm       idis      10017  9.77705e-01
filters: Q2>1.690000                                                                                                      | 21       norm       idis      10010  1.18761e+00
filters: W2>10.000000                                                                                                     | 22       norm       idis      10011  1.10036e+00
    idx tar        col  npts       chi2  chi2-npts      rchi2      nchi2                                                  | 23       norm       idis      10020  1.17537e+00
  10016   p      BCDMS   348    3496.43    3148.43     742.62      33.03                                                  | 
  10017   d      BCDMS   254    2447.44    2193.44    1687.29       0.55                                                  | 
  10020   p        NMC   273   12751.80   12478.80    2918.56      76.88                                                  | 
  10021 d/p        NMC   174    3841.28    3667.28    1952.74       0.00                                                  | 
  10010   p       SLAC   218    5524.12    5306.12       0.00      79.81                                                  | 
  10011   d       SLAC   228    4859.39    4631.39       0.00      34.85                                                  | 
['pdf']
JAM FITTER                                                                                                                | 1        pdf       db1 N   1.12024e-02
count = 200                                                                                                               | 2        pdf       db1 a  -5.09120e-01
elapsed time(mins)=0.839075                                                                                               | 3        pdf       db1 b   9.72750e+00
shifts  = 2                                                                                                               | 4        pdf       dv1 a  -2.08608e-01
npts    = 1495                                                                                                            | 5        pdf       dv1 b   4.17764e+00
chi2    = 3803.729025                                                                                                     | 6        pdf        g1 a   4.90017e-01
rchi2   = 219.721379                                                                                                      | 7        pdf        g1 b   4.66731e+00
nchi2   = 128.086448                                                                                                      | 8        pdf        s1 N   8.17332e-02
chi2tot = 4151.536853                                                                                                     | 9        pdf        s1 a  -8.80006e-01
dchi2(iter)  = 0.000000                                                                                                   | 10        pdf        s1 b   2.65529e+00
dchi2(local) = -inf                                                                                                       | 11        pdf      sea1 N   1.69448e-02
pdf dv(1):1.000000                                                                                                        | 12        pdf      sea1 a  -1.45511e+00
pdf db-ub(2):0.002650                                                                                                     | 13        pdf      sea1 b   1.76004e+00
pdf msr:1.000000                                                                                                          | 14        pdf       ub1 N   8.55223e-03
pdf db-ub(1):-0.499771                                                                                                    | 15        pdf       ub1 a  -9.65311e-01
pdf uv(1):2.000000                                                                                                        | 16        pdf       ub1 b   2.03089e+00
pdf s-sb(1):0.000000                                                                                                      | 17        pdf       uv1 a  -2.24765e-01
pdf s-sb(2):0.000000                                                                                                      | 18        pdf       uv1 b   2.89160e+00
                                                                                                                          | 19       norm       idis      10016  1.07919e+00
reaction: unpol DIS                                                                                                       | 20       norm       idis      10017  1.10450e+00
filters: Q2>1.690000                                                                                                      | 21       norm       idis      10010  1.13698e+00
filters: W2>10.000000                                                                                                     | 22       norm       idis      10[H[J[H[J011  1.12975e+00
    idx tar        col  npts       chi2  chi2-npts      rchi2      nchi2                                                  | 23       norm       idis      10020  1.05720e+00
  10016   p      BCDMS   348     906.07     558.07      55.30       6.97                                                  | 
  10017   d      BCDMS   254     694.18     440.18      78.39      12.13                                                  | 
  10020   p        NMC   273     933.09     660.09      78.53       8.18                                                  | 
  10021 d/p        NMC   174     364.79     190.79       7.49       0.00                                                  | 
  10010   p       SLAC   218     378.95     160.95       0.00      42.55                                                  | 
  10011   d       SLAC   228     526.65     298.65       0.00      58.26                                                  | 
['pdf']
JAM FITTER                                                                                                                | 1        pdf       db1 N   1.28863e-02
count = 300                                                                                                               | 2        pdf       db1 a  -5.25419e-01
elapsed time(mins)=1.260996                                                                                               | 3        pdf       db1 b   8.40039e+00
shifts  = 2                                                                                                               | 4        pdf       dv1 a  -1.19312e-01
npts    = 1495                                                                                                            | 5        pdf       dv1 b   4.32618e+00
chi2    = 3179.999892                                                                                                     | 6        pdf        g1 a  -5.14288e-01
rchi2   = 83.939831                                                                                                       | 7        pdf        g1 b   5.02457e+00
nchi2   = 31.526422                                                                                                       | 8        pdf        s1 N   4.52573e-04
chi2tot = 3295.466145                                                                                                     | 9        pdf        s1 a  -9.08918e-01
dchi2(iter)  = 0.000000                                                                                                   | 10        pdf        s1 b   3.34686e+00
dchi2(local) = -inf                                                                                                       | 11        pdf      sea1 N   2.16341e-02
pdf dv(1):1.000000                                                                                                        | 12        pdf      sea1 a  -1.26623e+00
pdf db-ub(2):0.007057                                                                                                     | 13        pdf      sea1 b   3.39594e+00
pdf msr:1.000000                                                                                                          | 14        pdf       ub1 N   5.82956e-03
pdf db-ub(1):-1.073319                                                                                                    | 15        pdf       ub1 a  -9.80264e-01
pdf uv(1):2.000000                                                                                                        | 16        pdf       ub1 b   3.52182e+00
pdf s-sb(1):0.000000                                                                                                      | 17        pdf       uv1 a  -1.92180e-01
pdf s-sb(2):0.000000                                                                                                      | 18        pdf       uv1 b   2.97169e+00
                                                                                                                          | 19       norm       idis      10016  1.01485e+00
reaction: unpol DIS                                                                                                       | 20       norm       idis      10017  1.04908e+00
filters: Q2>1.690000                                                                                                      | 21       norm       idis      10010  1.06900e+00
filters: W2>10.000000                                                                                                     | 22       norm       idis      10011  1.06846e+00
    idx tar        col  npts       chi2  chi2-npts      rchi2      nchi2                                                  | 23       norm       idis      10020  1.02525e+00
  10016   p      BCDMS   348     745.44     397.44      35.16       0.24                                                  | 
  10017   d      BCDMS   254     550.11     296.11      24.82       2.68                                                  | 
  10020   p        NMC   273     693.27     420.27      21.96       1.59                                                  | 
  10021 d/p        NMC   174     332.80     158.80       2.00       0.00                                                  | 
  10010   p       SLAC   218     391.89     173.89       0.00      10.80                                                  | 
  10011   d       SLAC   228     466.49     238.49       0.00      16.22                                                  | 
['pdf']
JAM FITTER                                                                                                                | 1        pdf       db1 N   1.17146e-02
count = 400                                                                                                               | 2        pdf       db1 a  -4.76501e-01
elapsed time(mins)=1.679894                                                                                               | 3        pdf       db1 b   9.42602e+00
shifts  = 2                                                                                                               | 4        pdf       dv1 a  -5.04387e-02
npts    = 1495                                                                                                            | 5        pdf       dv1 b   4.43995e+00
chi2    = 3107.253933                                                                                                     | 6        pdf        g1 a  -6.72713e-01
rchi2   = 71.289474                                                                                                       | 7        pdf        g1 b   3.68373e+00
nchi2   = 12.600620                                                                                                       | 8        pdf        s1 N   3.40853e-04
chi2tot = 3191.144027                                                                                                     | 9        pdf        s1 a  -9.60247e-01
dchi2(iter)  = 0.000000                                                                                                   | 10        pdf        s1 b   3.66294e+00
dchi2(local) = -inf                                                                                                       | 11        pdf      sea1 N   1.67779e-02
pdf dv(1):1.000000                                                                                                        | 12        pdf      sea1 a  -1.19801e+00
pdf db-ub(2):0.008332                                                                                                     | 13        pdf      sea1 b   6.47891e+00
pdf msr:1.000000                                                                                                          | 14        pdf       ub1 N   3.38221e-03
pdf db-ub(1):-9.987764                                                                                                    | 15        pdf       ub1 a  -9.97547e-01
pdf uv(1):2.000000                                                                                                        | 16        pdf       ub1 b   6.41928e+00
pdf s-sb(1):0.000000                                           [H[J[H[J                                                           | 17        pdf       uv1 a  -1.52030e-01
pdf s-sb(2):0.000000                                                                                                      | 18        pdf       uv1 b   3.06581e+00
                                                                                                                          | 19       norm       idis      10016  1.00041e+00
reaction: unpol DIS                                                                                                       | 20       norm       idis      10017  1.03187e+00
filters: Q2>1.690000                                                                                                      | 21       norm       idis      10010  1.04606e+00
filters: W2>10.000000                                                                                                     | 22       norm       idis      10011  1.04291e+00
    idx tar        col  npts       chi2  chi2-npts      rchi2      nchi2                                                  | 23       norm       idis      10020  1.01074e+00
  10016   p      BCDMS   348     704.84     356.84      27.96       0.00                                                  | 
  10017   d      BCDMS   254     540.39     286.39      21.51       1.13                                                  | 
  10020   p        NMC   273     684.06     411.06      18.87       0.29                                                  | 
  10021 d/p        NMC   174     332.22     158.22       2.96       0.00                                                  | 
  10010   p       SLAC   218     390.81     172.81       0.00       4.81                                                  | 
  10011   d       SLAC   228     454.93     226.93       0.00       6.37                                                  | 
['pdf']
JAM FITTER                                                                                                                | 1        pdf       db1 N   1.38163e-02
count = 500                                                                                                               | 2        pdf       db1 a  -6.09258e-01
elapsed time(mins)=2.098397                                                                                               | 3        pdf       db1 b   9.87183e+00
shifts  = 2                                                                                                               | 4        pdf       dv1 a  -6.89280e-03
npts    = 1495                                                                                                            | 5        pdf       dv1 b   4.67209e+00
chi2    = 3049.111475                                                                                                     | 6        pdf        g1 a  -8.47226e-01
rchi2   = 53.175578                                                                                                       | 7        pdf        g1 b   2.43725e+00
nchi2   = 2.940035                                                                                                        | 8        pdf        s1 N   1.49496e-05
chi2tot = 3105.227088                                                                                                     | 9        pdf        s1 a  -9.79737e-01
dchi2(iter)  = 0.000000                                                                                                   | 10        pdf        s1 b   3.25182e+00
dchi2(local) = -inf                                                                                                       | 11        pdf      sea1 N   1.18919e-02
pdf dv(1):1.000000                                                                                                        | 12        pdf      sea1 a  -1.14395e+00
pdf db-ub(2):0.008126                                                                                                     | 13        pdf      sea1 b   9.64253e+00
pdf msr:1.000000                                                                                                          | 14        pdf       ub1 N   5.68978e-03
pdf db-ub(1):-2.395344                                                                                                    | 15        pdf       ub1 a  -9.78044e-01
pdf uv(1):2.000000                                                                                                        | 16        pdf       ub1 b   9.75793e+00
pdf s-sb(1):0.000000                                                                                                      | 17        pdf       uv1 a  -1.53882e-01
pdf s-sb(2):0.000000                                                                                                      | 18        pdf       uv1 b   3.09222e+00
                                                                                                                          | 19       norm       idis      10016  9.85877e-01
reaction: unpol DIS                                                                                                       | 20       norm       idis      10017  1.01610e+00
filters: Q2>1.690000                                                                                                      | 21       norm       idis      10010  1.02326e+00
filters: W2>10.000000                                                                                                     | 22       norm       idis      10011  1.01853e+00
    idx tar        col  npts       chi2  chi2-npts      rchi2      nchi2                                                  | 23       norm       idis      10020  1.00244e+00
  10016   p      BCDMS   348     687.32     339.32      20.63       0.22                                                  | 
  10017   d      BCDMS   254     530.40     276.40      17.05       0.29                                                  | 
  10020   p        NMC   273     680.48     407.48      12.08       0.01                                                  | 
  10021 d/p        NMC   174     328.92     154.92       3.42       0.00                                                  | 
  10010   p       SLAC   218     383.77     165.77       0.00       1.23                                                  | 
  10011   d       SLAC   228     438.22     210.22       0.00       1.19                                                  | 
['pdf']
JAM FITTER                                                                                                                | 1        pdf       db1 N   1.57878e-02
count = 600                                                                                                               | 2        pdf       db1 a  -6.28575e-01
elapsed time(mins)=2.525185                                                                                               | 3        pdf       db1 b   9.89680e+00
shifts  = 2                                                                                                               | 4        pdf       dv1 a  -3.41497e-03
npts    = 1495                                                                                                            | 5        pdf       dv1 b   4.67762e+00
chi2    = 3047.165221                                                                                                     | 6        pdf        g1 a  -8.48323e-01
rchi2   = 52.458795                                                                                                       | 7        pdf        g1 b   2.49898e+00
nchi2   = 3.684857                                                                                                        | 8        pdf        s1 N   1.45724e-08
chi2tot = 3103.308873                                                                                                     | 9        pdf        s1 a  -9.79740e-01
dchi2(iter)  = 0.000000                                                                                                   | 10        pdf        s1 b   3.25162e+00
dchi2(local) = -inf                                                                                        [H[J[H[J               | 11        pdf      sea1 N   1.04412e-02
pdf dv(1):1.000000                                                                                                        | 12        pdf      sea1 a  -1.18104e+00
pdf db-ub(2):0.008087                                                                                                     | 13        pdf      sea1 b   9.82276e+00
pdf msr:1.000000                                                                                                          | 14        pdf       ub1 N   7.70127e-03
pdf db-ub(1):-0.539445                                                                                                    | 15        pdf       ub1 a  -9.17161e-01
pdf uv(1):2.000000                                                                                                        | 16        pdf       ub1 b   9.87173e+00
pdf s-sb(1):0.000000                                                                                                      | 17        pdf       uv1 a  -1.51283e-01
pdf s-sb(2):0.000000                                                                                                      | 18        pdf       uv1 b   3.09503e+00
                                                                                                                          | 19       norm       idis      10016  9.87938e-01
reaction: unpol DIS                                                                                                       | 20       norm       idis      10017  1.01818e+00
filters: Q2>1.690000                                                                                                      | 21       norm       idis      10010  1.02597e+00
filters: W2>10.000000                                                                                                     | 22       norm       idis      10011  1.02129e+00
    idx tar        col  npts       chi2  chi2-npts      rchi2      nchi2                                                  | 23       norm       idis      10020  1.00481e+00
  10016   p      BCDMS   348     688.80     340.80      20.59       0.16                                                  | 
  10017   d      BCDMS   254     530.33     276.33      16.74       0.37                                                  | 
  10020   p        NMC   273     679.13     406.13      11.77       0.06                                                  | 
  10021 d/p        NMC   174     328.56     154.56       3.36       0.00                                                  | 
  10010   p       SLAC   218     383.08     165.08       0.00       1.53                                                  | 
  10011   d       SLAC   228     437.27     209.27       0.00       1.57                                                  | 
['pdf']
JAM FITTER                                                                                                                | 1        pdf       db1 N   1.70318e-02
count = 700                                                                                                               | 2        pdf       db1 a  -6.48721e-01
elapsed time(mins)=2.947392                                                                                               | 3        pdf       db1 b   1.00000e+01
shifts  = 2                                                                                                               | 4        pdf       dv1 a   1.28293e-03
npts    = 1495                                                                                                            | 5        pdf       dv1 b   4.69378e+00
chi2    = 3045.642686                                                                                                     | 6        pdf        g1 a  -8.53382e-01
rchi2   = 52.314362                                                                                                       | 7        pdf        g1 b   2.48694e+00
nchi2   = 3.752432                                                                                                        | 8        pdf        s1 N   4.00021e-17
chi2tot = 3101.709479                                                                                                     | 9        pdf        s1 a   6.10310e-01
dchi2(iter)  = 0.000000                                                                                                   | 10        pdf        s1 b   4.83474e+00
dchi2(local) = -inf                                                                                                       | 11        pdf      sea1 N   9.33363e-03
pdf dv(1):1.000000                                                                                                        | 12        pdf      sea1 a  -1.20728e+00
pdf db-ub(2):0.007973                                                                                                     | 13        pdf      sea1 b   1.00000e+01
pdf msr:1.000000                                                                                                          | 14        pdf       ub1 N   9.05919e-03
pdf db-ub(1):-0.492843                                                                                                    | 15        pdf       ub1 a  -9.03640e-01
pdf uv(1):2.000000                                                                                                        | 16        pdf       ub1 b   1.00000e+01
pdf s-sb(1):0.000000                                                                                                      | 17        pdf       uv1 a  -1.50928e-01
pdf s-sb(2):0.000000                                                                                                      | 18        pdf       uv1 b   3.09533e+00
                                                                                                                          | 19       norm       idis      10016  9.88177e-01
reaction: unpol DIS                                                                                                       | 20       norm       idis      10017  1.01847e+00
filters: Q2>1.690000                                                                                                      | 21       norm       idis      10010  1.02619e+00
filters: W2>10.000000                                                                                                     | 22       norm       idis      10011  1.02148e+00
    idx tar        col  npts       chi2  chi2-npts      rchi2      nchi2                                                  | 23       norm       idis      10020  1.00516e+00
  10016   p      BCDMS   348     688.90     340.90      20.68       0.16                                                  | 
  10017   d      BCDMS   254     529.84     275.84      16.64       0.38                                                  | 
  10020   p        NMC   273     678.38     405.38      11.62       0.07                                                  | 
  10021 d/p        NMC   174     328.51     154.51       3.37       0.00                                                  | 
  10010   p       SLAC   218     382.77     164.77       0.00       1.55                                                  | 
  10011   d       SLAC   228     437.25     209.25       0.00       1.60                                                  | 
['pdf']
JAM FITTER                                                                                                                | 1        pdf       db1 N   1.70632e-02
count = 770                                                                                                               | 2        pdf       db1 a  -6.49589e-01
elapsed time(mins)=3.244463                                                                                               | 3        pdf       db1 b   1.00000e+01
shifts  = 1                                                                                                               | 4        pdf       dv1 a   1.36938e-03
npts    = 1495                                                                                                            | 5        pdf       dv1 b   4.69406e+00
chi2    = 3045.633595                                                                                                     | 6        pdf        g1 a  -8.53517e-01
rchi2   = 52.318697                                                                                                       | 7        pdf        g1 b   2.48656e+00
nchi2   = 3.757129                                                                                                        | 8        pdf        s1 N   7.38403e-18
chi2tot = 3101.709421                                                                                                     | 9        pdf        s1 a   9.90000e-01
dchi2(iter)  = 0.000000                                                                                                   | 10        pdf        s1 b   8.91310e+00
dchi2(local) = -inf                                                                                                       | 11        pdf      sea1 N   9.30677e-03
pdf dv(1):1.000000                                                                                                        | 12        pdf      sea1 a  -1.20791e+00
pdf db-ub(2):0.007969                                                                                                     | 13        pdf      sea1 b   1.00000e+01
pdf msr:1.000000                                                                                                          | 14        pdf       ub1 N   9.09401e-03
pdf db-ub(1):-0.496881                                                                                                    | 15        pdf       ub1 a  -9.03859e-01
pdf uv(1):2.000000                                                                                                        | 16        pdf       ub1 b   1.00000e+01
pdf s-sb(1):0.000000                                                                                                      | 17        pdf       uv1 a  -1.50927e-01
pdf s-sb(2):0.000000                                                                                                      | 18        pdf       uv1 b   3.09530e+00
                                                                                                                          | 19       norm       idis      10016  9.88191e-01
reaction: unpol DIS                                                                                                       | 20       norm       idis      10017  1.01848e+00
filters: Q2>1.690000                                                                                                      | 21       norm       idis      10010  1.02620e+00
filters: W2>10.000000                                                                                                     | 22       norm       idis      10011  1.02150e+00
    idx tar        col  npts       chi2  chi2-npts      rchi2      nchi2                                                  | 23       norm       idis      10020  1.00517e+00
  10016   p      BCDMS   348     688.92     340.92      20.69       0.15                                                  | 
  10017   d      BCDMS   254     529.83     275.83      16.64       0.38                                                  | 
  10020   p        NMC   273     678.36     405.36      11.62       0.07                                                  | 
  10021 d/p        NMC   174     328.51     154.51       3.37       0.00                                                  | 
  10010   p       SLAC   218     382.76     164.76       0.00       1.56                                                  | 
  10011   d       SLAC   228     437.26     209.26       0.00       1.60                                                  | 
