('active', 'pdf')

--step 1: npQCD objects = pdf , datasets = idis , tmc = False , ht = False
loading idis data sets 10016
loading idis data sets 10017
loading idis data sets 10020
loading idis data sets 10021
loading idis data sets 10010
loading idis data sets 10011
Loading DIS tables...
10016 has norm uncertainty
10017 has norm uncertainty
10020 has norm uncertainty
10010 has norm uncertainty
10011 has norm uncertainty
[H[J[H[J[H[J[H[J[H[J[H[J[H[J[H[J[H[J[H[J[H[J[H[J[H[J['pdf']
JAM FITTER                                                                                                                | 1        pdf       db1 N   7.18247e-02
count = 100                                                                                                               | 2        pdf       db1 a  -6.21520e-01
elapsed time(mins)=0.974694                                                                                               | 3        pdf       db1 b   2.44931e+00
shifts  = 2                                                                                                               | 4        pdf       dv1 a  -3.76342e-01
npts    = 1495                                                                                                            | 5        pdf       dv1 b   9.46680e+00
chi2    = 34324.227008                                                                                                    | 6        pdf        g1 a  -1.88889e+00
rchi2   = 2957.098183                                                                                                     | 7        pdf        g1 b   9.75372e-01
nchi2   = 305.879331                                                                                                      | 8        pdf        s1 N   4.47882e-02
chi2tot = 37587.204522                                                                                                    | 9        pdf        s1 a  -7.46776e-01
dchi2(iter)  = 0.000000                                                                                                   | 10        pdf        s1 b   9.47064e+00
dchi2(local) = -inf                                                                                                       | 11        pdf      sea1 N   2.16215e-02
pdf dv(1):1.000000                                                                                                        | 12        pdf      sea1 a  -1.87376e+00
pdf db-ub(2):-0.094117                                                                                                    | 13        pdf      sea1 b   9.28254e+00
pdf msr:1.000000                                                                                                          | 14        pdf       ub1 N   1.65942e-01
pdf db-ub(1):-0.118030                                                                                                    | 15        pdf       ub1 a  -3.57512e-01
pdf uv(1):2.000000                                                                                                        | 16        pdf       ub1 b   1.62697e+00
pdf s-sb(1):0.000000                                                                                                      | 17        pdf       uv1 a  -1.59715e-01
pdf s-sb(2):0.000000                                                                                                      | 18        pdf       uv1 b   8.36406e+00
                                                                                                                          | 19       norm       idis      10016  1.04739e+00
reaction: unpol DIS                                                                                                       | 20       norm       idis      10017  1.12156e+00
filters: Q2>1.690000                                                                                                      | 21       norm       idis      10010  1.19749e+00
filters: W2>10.000000                                                                                                     | 22       norm       idis      10011  1.17416e+00
    idx tar        col  npts       chi2  chi2-npts      rchi2      nchi2                                                  | 23       norm       idis      10020  1.19347e+00
  10016   p      BCDMS   348   10679.81   10331.81    1630.57       2.49                                                  | 
  10017   d      BCDMS   254    5794.50    5540.50     382.60      16.42                                                  | 
  10020   p        NMC   273    2761.29    2488.29     338.14      93.57                                                  | 
  10021 d/p        NMC   174    1605.86    1431.86     605.79       0.00                                                  | 
  10010   p       SLAC   218    6436.75    6218.75       0.00      88.44                                                  | 
  10011   d       SLAC   228    7046.01    6818.01       0.00     104.96                                                  | 
['pdf']
JAM FITTER                                                                                                                | 1        pdf       db1 N   8.32642e-02
count = 200                                                                                                               | 2        pdf       db1 a  -2.24106e-01
elapsed time(mins)=1.948474                                                                                               | 3        pdf       db1 b   3.92486e+00
shifts  = 2                                                                                                               | 4        pdf       dv1 a  -4.74948e-01
npts    = 1495                                                                                                            | 5        pdf       dv1 b   8.72630e+00
chi2    = 3280.326263                                                                                                     | 6        pdf        g1 a  -5.41752e-01
rchi2   = 175.977650                                                                                                      | 7        pdf        g1 b   4.38360e+00
nchi2   = 272.359849                                                                                                      | 8        pdf        s1 N   3.80651e-02
chi2tot = 3728.663761                                                                                                     | 9        pdf        s1 a  -9.67095e-01
dchi2(iter)  = 0.000000                                                                                                   | 10        pdf        s1 b   7.62121e+00
dchi2(local) = -inf                                                                                                       | 11        pdf      sea1 N   6.70007e-03
pdf dv(1):1.000000                                                                                                        | 12        pdf      sea1 a  -1.83164e+00
pdf db-ub(2):-0.054858                                                                                                    | 13        pdf      sea1 b   7.92717e+00
pdf msr:1.000000                                                                                                          | 14        pdf       ub1 N   1.38122e-01
pdf db-ub(1):0.074635                                                                                                     | 15        pdf       ub1 a   5.76492e-01
pdf uv(1):2.000000                                                                                                        | 16        pdf       ub1 b   3.55423e+00
pdf s-sb(1):0.000000                                                                                                      | 17        pdf       uv1 a  -4.17468e-01
pdf s-sb(2):0.000000                                                                                                      | 18        pdf       uv1 b   6.60614e+00
                                                                                                                          | 19       norm       idis      10016  1.11120e+00
reaction: unpol DIS                                                                                                       | 20       norm       idis      10017  1.14185e+00
filters: Q2>1.690000                                                                                                      | 21       norm       idis      10010  1.19411e+00
filters: W2>10.000000                                                                                                     | 22       norm       idis      10011  1.18546e+00
    idx tar        col  npts       chi2  chi2-npts      rchi2      nchi2                                                  | 23       norm       idis      10020  1.11280e+00
  10016   p      BCDMS   348     756.64     408.64      45.31      13.74                                                  | 
  10017   d      BCDMS   254     587.38     333.38      35.89      22.36                                                  | 
  10020   p        NMC   273     868.21     595.21      91.88      31.81                                                  | 
  10021 d/p        NMC   174     306.21     132.21       2.89       0.00                                                  | 
  10010   p       SLAC   218     387.56     169.56       0.00      85.44                                                  | 
  10011   d       SLAC   228     374.33     146.33       0.00     119.01                                                  | 
['pdf']
JAM FITTER                                                                                                                | 1        pdf       db1 N   6.95392e-02
count = 300                                                                                                               | 2        pdf       db1 a  -1.31185e-02
elapsed time(mins)=2.929504                                                                                               | 3        pdf       db1 b   4.38280e+00
shifts  = 2                                                                                                               | 4        pdf       dv1 a  -4.94145e-01
npts    = 1495                                                                                                            | 5        pdf       dv1 b   9.02342e+00
chi2    = 2942.268467                                                                                                     | 6        pdf        g1 a  -5.26018e-01
rchi2   = 55.008169                                                                                                       | 7        pdf        g1 b   3.74257e+00
nchi2   = 10.057904                                                                                                       | 8        pdf        s1 N   1.47641e-02
chi2tot = 3007.334540                                                                                                     | 9        pdf        s1 a  -9.84413e-01
dchi2(iter)  = 0.000000                                                                                                   | 10        pdf        s1 b   8.94106e+00
dchi2(local) = -inf                                                                                                       | 11        pdf      sea1 N   7.48073e-03
pdf dv(1):1.000000                                                                                                        | 12        pdf      sea1 a  -1.39715e+00
pdf db-ub(2):-0.022392                                                                                                    | 13        pdf      sea1 b   8.39275e+00
pdf msr:1.000000                                                                                                          | 14        pdf       ub1 N   9.19311e-02
pdf db-ub(1):0.112424                                                                                                     | 15        pdf       ub1 a   6.64033e-01
pdf uv(1):2.000000                                                                                                        | 16        pdf       ub1 b   3.42521e+00
pdf s-sb(1):0.000000                                                                                                      | 17        pdf       uv1 a  -4.61783e-01
pdf s-sb(2):0.000000                                                                                                      | 18        pdf       uv1 b   4.38459e+00
                                                                                                                          | 19       norm       idis      10016  1.00088e+00
reaction: unpol DIS                                                                                                       | 20       norm       idis      10017  1.02783e+00
filters: Q2>1.690000                                                                                                      | 21       norm       idis      10010  1.03726e+00
filters: W2>10.000000                                                                                                     | 22       norm       idis      10011  1.03507e+00
    idx tar        col  npts       chi2  chi2-npts      rchi2      nchi2                                                  | 23       norm       idis      10020  1.02679e+00
  10016   p      BCDMS   348     704.85     356.85      23.58       0.00                                                  | 
  10017   d      BCDMS   254     550.77     296.77      14.83       0.86                                                  | 
  10020   p        NMC   273     655.62     382.62      15.43       1.79                                                  | 
  10021 d/p        NMC   174     298.92     124.92       1.17       0.00                                                  | 
  10010   p       SLAC   218     390.63     172.63       0.00       3.15                                                  | 
  10011   d       SLAC   228     341.47     113.47       0.00       4.25                                                  | 
['pdf']
JAM FITTER                                                                                                                | 1        pdf       db1 N   6.61767e-02
count = 400                                                                                                               | 2        pdf       db1 a   6.20658e-02
elapsed time(mins)=3.894441                                                                                               | 3        pdf       db1 b   4.49714e+00
shifts  = 3                                                                                                               | 4        pdf       dv1 a  -4.95980e-01
npts    = 1495                                                                                                            | 5        pdf       dv1 b   9.08144e+00
chi2    = 2931.241846                                                                                                     | 6        pdf        g1 a  -5.73711e-01
rchi2   = 52.365331                                                                                                       | 7        pdf        g1 b   3.14690e+00
nchi2   = 1.251842                                                                                                        | 8        pdf        s1 N   1.76222e-02
chi2tot = 2984.859019                                                                                                     | 9        pdf        s1 a  -9.89856e-01
dchi2(iter)  = inf                                                                                                        | 10        pdf        s1 b   9.15907e+00
dchi2(local) = -inf                                                                                                       | 11        pdf      sea1 N   7.45447e-03
pdf dv(1):1.000000                                                                                                        | 12        pdf      sea1 a  -1.36264e+00
pdf db-ub(2):-0.009357                                                                                                    | 13        pdf      sea1 b   8.69264e+00
pdf msr:1.000000                                                                                                          | 14        pdf       ub1 N   7.55335e-02
pdf db-ub(1):0.122882                                                                                                     | 15        pdf       ub1 a   5.49721e-01
pdf uv(1):2.000000                                                                                                        | 16        pdf       ub1 b   3.31441e+00
pdf s-sb(1):0.000000                                                                                                      | 17        pdf       uv1 a  -4.81563e-01
pdf s-sb(2):-0.000000                                                                                                     | 18        pdf       uv1 b   3.58087e+00
                                                                                                                          | 19       norm       idis      10016  9.80932e-01
reaction: unpol DIS                                                                                                       | 20       norm       idis      10017  1.00863e+00
filters: Q2>1.690000                                                                                                      | 21       norm       idis      10010  1.01185e+00
filters: W2>10.000000                                                                                                     | 22       norm       idis      10011  1.00956e+00
    idx tar        col  npts       chi2  chi2-npts      rchi2      nchi2                                                  | 23       norm       idis      10020  1.00722e+00
  10016   p      BCDMS   348     698.84     350.84      24.27       0.40                                                  | 
  10017   d      BCDMS   254     545.97     291.97      15.10       0.08                                                  | 
  10020   p        NMC   273     657.74     384.74      11.98       0.13                                                  | 
  10021 d/p        NMC   174     301.20     127.20       1.02       0.00                                                  | 
  10010   p       SLAC   218     388.11     170.11       0.00       0.32                                                  | 
  10011   d       SLAC   228     339.38     111.38       0.00       0.32                                                  | 
['pdf']
JAM FITTER                                                                                                                | 1        pdf       db1 N   6.31824e-02
count = 500                                                                                                               | 2        pdf       db1 a   1.32584e-01
elapsed time(mins)=4.861843                                                                                               | 3        pdf       db1 b   4.55203e+00
shifts  = 3                                                                                                               | 4        pdf       dv1 a  -4.77917e-01
npts    = 1495                                                                                                            | 5        pdf       dv1 b   8.89058e+00
chi2    = 2919.230356                                                                                                     | 6        pdf        g1 a  -5.27743e-01
rchi2   = 57.650010                                                                                                       | 7        pdf        g1 b   3.28172e+00
nchi2   = 0.904082                                                                                                        | 8        pdf        s1 N   3.44394e-02
chi2tot = 2977.784448                                                                                                     | 9        pdf        s1 a  -9.68261e-01
dchi2(iter)  = 7.074571                                                                                                   | 10        pdf        s1 b   9.31561e+00
dchi2(local) = -7.074571                                                                                                  | 11        pdf      sea1 N   5.62909e-03
pdf dv(1):1.000000                                                                                                        | 12        pdf      sea1 a  -1.41988e+00
pdf db-ub(2):0.001491                                                                                                     | 13        pdf      sea1 b   8.88227e+00
pdf msr:1.000000                                                                                                          | 14        pdf       ub1 N   6.16915e-02
pdf db-ub(1):0.121945                                                                                                     | 15        pdf       ub1 a   4.61013e-01
pdf uv(1):2.000000                                                                                                        | 16        pdf       ub1 b   3.48246e+00
pdf s-sb(1):0.000000                                                                                                      | 17        pdf       uv1 a  -4.92370e-01
pdf s-sb(2):0.000000                                                                                                      | 18        pdf       uv1 b   2.97343e+00
                                                                                                                          | 19       norm       idis      10016  9.73132e-01
reaction: unpol DIS                                                                                                       | 20       norm       idis      10017  1.00065e+00
filters: Q2>1.690000                                                                                                      | 21       norm       idis      10010  1.00524e+00
filters: W2>10.000000                                                                                                     | 22       norm       idis      10011  1.00305e+00
    idx tar        col  npts       chi2  chi2-npts      rchi2      nchi2                                                  | 23       norm       idis      10020  1.00167e+00
  10016   p      BCDMS   348     695.71     347.71      27.45       0.80                                                  | 
  10017   d      BCDMS   254     539.84     285.84      16.57       0.00                                                  | 
  10020   p        NMC   273     659.23     386.23      12.54       0.01                                                  | 
  10021 d/p        NMC   174     302.13     128.13       1.08       0.00                                                  | 
  10010   p       SLAC   218     386.09     168.09       0.00       0.06                                                  | 
  10011   d       SLAC   228     336.22     108.22       0.00       0.03                                                  | 
['pdf']
JAM FITTER                                                                                                                | 1        pdf       db1 N   5.70547e-02
count = 600                                                                                                               | 2        pdf       db1 a   2.12046e-01
elapsed time(mins)=5.818793                                                                                               | 3        pdf       db1 b   4.47208e+00
shifts  = 2                                                                                                               | 4        pdf       dv1 a  -4.86667e-01
npts    = 1495                                                                                                            | 5        pdf       dv1 b   7.97991e+00
chi2    = 2884.177196                                                                                                     | 6        pdf        g1 a  -4.75381e-01
rchi2   = 55.269851                                                                                                       | 7        pdf        g1 b   3.57587e+00
nchi2   = 1.607660                                                                                                        | 8        pdf        s1 N   5.01237e-02
chi2tot = 2941.054707                                                                                                     | 9        pdf        s1 a  -6.40561e-01
dchi2(iter)  = 7.074571                                                                                                   | 10        pdf        s1 b   9.43731e+00
dchi2(local) = -36.729740                                                                                                 | 11        pdf      sea1 N   6.36294e-03
pdf dv(1):1.000000                                                                                                        | 12        pdf      sea1 a  -1.45803e+00
pdf db-ub(2):0.009131                                                                                                     | 13        pdf      sea1 b   8.86690e+00
pdf msr:1.000000                                                                                                          | 14        pdf       ub1 N   4.79239e-02
pdf db-ub(1):0.121740                                                                                                     | 15        pdf       ub1 a   8.08322e-01
pdf uv(1):2.000000                                                                                                        | 16        pdf       ub1 b   4.47051e+00
pdf s-sb(1):0.000000                                                                                                      | 17        pdf       uv1 a  -4.95843e-01
pdf s-sb(2):0.000000                                                                                                      | 18        pdf       uv1 b   2.62166e+00
                                                                                                                          | 19       norm       idis      10016  9.63576e-01
reaction: unpol DIS                                                                                                       | 20       norm       idis      10017  9.91030e-01
filters: Q2>1.690000                                                                                                      | 21       norm       idis      10010  9.98864e-01
filters: W2>10.000000                                                                                                     | 22       norm       idis      10011  9.96946e-01
    idx tar        col  npts       chi2  chi2-npts      rchi2      nchi2                                                  | 23       norm       idis      10020  9.98107e-01
  10016   p      BCDMS   348     667.81     319.81      26.44       1.47                                                  | 
  10017   d      BCDMS   254     517.95     263.95      14.89       0.09                                                  | 
  10020   p        NMC   273     655.71     382.71      12.70       0.01                                                  | 
  10021 d/p        NMC   174     300.80     126.80       1.24       0.00                                                  | 
  10010   p       SLAC   218     398.05     180.05       0.00       0.00                                                  | 
  10011   d       SLAC   228     343.85     115.85       0.00       0.03                                                  | 
['pdf']
JAM FITTER                                                                                                                | 1        pdf       db1 N   5.36974e-02
count = 700                                                                                                               | 2        pdf       db1 a   1.41971e-01
elapsed time(mins)=6.782006                                                                                               | 3        pdf       db1 b   4.24335e+00
shifts  = 1                                                                                                               | 4        pdf       dv1 a  -4.99888e-01
npts    = 1495                                                                                                            | 5        pdf       dv1 b   6.90499e+00
chi2    = 2879.759792                                                                                                     | 6        pdf        g1 a  -4.94708e-01
rchi2   = 53.130283                                                                                                       | 7        pdf        g1 b   3.48938e+00
nchi2   = 1.490223                                                                                                        | 8        pdf        s1 N   4.41100e-02
chi2tot = 2934.380297                                                                                                     | 9        pdf        s1 a  -5.27794e-01
dchi2(iter)  = 7.074571                                                                                                   | 10        pdf        s1 b   9.91323e+00
dchi2(local) = -43.404150                                                                                                 | 11        pdf      sea1 N   8.00960e-03
pdf dv(1):1.000000                                                                                                        | 12        pdf      sea1 a  -1.40912e+00
pdf db-ub(2):0.011525                                                                                                     | 13        pdf      sea1 b   7.78340e+00
pdf msr:1.000000                                                                                                          | 14        pdf       ub1 N   4.21723e-02
pdf db-ub(1):0.136174                                                                                                     | 15        pdf       ub1 a   9.99897e-01
pdf uv(1):2.000000                                                                                                        | 16        pdf       ub1 b   4.78085e+00
pdf s-sb(1):0.000000                                                                                                      | 17        pdf       uv1 a  -4.68834e-01
pdf s-sb(2):0.000000                                                                                                      | 18        pdf       uv1 b   2.64965e+00
                                                                                                                          | 19       norm       idis      10016  9.64633e-01
reaction: unpol DIS                                                                                                       | 20       norm       idis      10017  9.91984e-01
filters: Q2>1.690000                                                                                                      | 21       norm       idis      10010  9.99093e-01
filters: W2>10.000000                                                                                                     | 22       norm       idis      10011  9.97341e-01
    idx tar        col  npts       chi2  chi2-npts      rchi2      nchi2                                                  | 23       norm       idis      10020  9.98962e-01
  10016   p      BCDMS   348     661.72     313.72      25.50       1.39                                                  | 
  10017   d      BCDMS   254     516.55     262.55      14.95       0.07                                                  | 
  10020   p        NMC   273     655.28     382.28      11.62       0.00                                                  | 
  10021 d/p        NMC   174     298.59     124.59       1.06       0.00                                                  | 
  10010   p       SLAC   218     403.91     185.91       0.00       0.00                                                  | 
  10011   d       SLAC   228     343.71     115.71       0.00       0.02                                                  | 
['pdf']
JAM FITTER                                                                                                                | 1        pdf       db1 N   5.13932e-02
count = 800                                                                                                               | 2        pdf       db1 a   6.84075e-02
elapsed time(mins)=7.750812                                                                                               | 3        pdf       db1 b   4.07798e+00
shifts  = 3                                                                                                               | 4        pdf       dv1 a  -4.99993e-01
npts    = 1495                                                                                                            | 5        pdf       dv1 b   6.28384e+00
chi2    = 2878.691809                                                                                                     | 6        pdf        g1 a  -4.92672e-01
rchi2   = 53.551969                                                                                                       | 7        pdf        g1 b   3.51367e+00
nchi2   = 1.449343                                                                                                        | 8        pdf        s1 N   4.43692e-02
chi2tot = 2933.693121                                                                                                     | 9        pdf        s1 a  -5.66124e-01
dchi2(iter)  = 44.091326                                                                                                  | 10        pdf        s1 b   9.99484e+00
dchi2(local) = -44.091326                                                                                                 | 11        pdf      sea1 N   7.94496e-03
pdf dv(1):1.000000                                                                                                        | 12        pdf      sea1 a  -1.42367e+00
pdf db-ub(2):0.009542                                                                                                     | 13        pdf      sea1 b   7.26571e+00
pdf msr:1.000000                                                                                                          | 14        pdf       ub1 N   4.18507e-02
pdf db-ub(1):0.133042                                                                                                     | 15        pdf       ub1 a   9.99938e-01
pdf uv(1):2.000000                                                                                                        | 16        pdf       ub1 b   4.77100e+00
pdf s-sb(1):0.000000                                                                                                      | 17        pdf       uv1 a  -4.64645e-01
pdf s-sb(2):0.000000                                                                                                      | 18        pdf       uv1 b   2.66257e+00
                                                                                                                          | 19       norm       idis      10016  9.65017e-01
reaction: unpol DIS                                                                                                       | 20       norm       idis      10017  9.92073e-01
filters: Q2>1.690000                                                                                                      | 21       norm       idis      10010  9.99500e-01
filters: W2>10.000000                                                                                                     | 22       norm       idis      10011  9.97737e-01
    idx tar        col  npts       chi2  chi2-npts      rchi2      nchi2                                                  | 23       norm       idis      10020  9.99231e-01
  10016   p      BCDMS   348     661.76     313.76      25.34       1.36                                                  | 
  10017   d      BCDMS   254     517.32     263.32      15.01       0.07                                                  | 
  10020   p        NMC   273     654.72     381.72      12.03       0.00                                                  | 
  10021 d/p        NMC   174     298.45     124.45       1.18       0.00                                                  | 
  10010   p       SLAC   218     403.63     185.63       0.00       0.00                                                  | 
  10011   d       SLAC   228     342.80     114.80       0.00       0.02                                                  | 
['pdf']
JAM FITTER                                                                                                                | 1        pdf       db1 N   4.80811e-02
count = 900                                                                                                               | 2        pdf       db1 a  -4.00633e-02
elapsed time(mins)=8.724633                                                                                               | 3        pdf       db1 b   3.88816e+00
shifts  = 2                                                                                                               | 4        pdf       dv1 a  -5.00000e-01
npts    = 1495                                                                                                            | 5        pdf       dv1 b   5.50362e+00
chi2    = 2878.152502                                                                                                     | 6        pdf        g1 a  -4.91125e-01
rchi2   = 53.863089                                                                                                       | 7        pdf        g1 b   3.52142e+00
nchi2   = 1.449723                                                                                                        | 8        pdf        s1 N   4.49972e-02
chi2tot = 2933.465314                                                                                                     | 9        pdf        s1 a  -5.80053e-01
dchi2(iter)  = 44.091326                                                                                                  | 10        pdf        s1 b   9.99989e+00
dchi2(local) = -0.227807                                                                                                  | 11        pdf      sea1 N   7.68359e-03
pdf dv(1):1.000000                                                                                                        | 12        pdf      sea1 a  -1.42530e+00
pdf db-ub(2):0.006752                                                                                                     | 13        pdf      sea1 b   7.65779e+00
pdf msr:1.000000                                                                                                          | 14        pdf       ub1 N   4.13289e-02
pdf db-ub(1):0.132500                                                                                                     | 15        pdf       ub1 a   9.99997e-01
pdf uv(1):2.000000                                                                                                        | 16        pdf       ub1 b   4.76301e+00
pdf s-sb(1):0.000000                                                                                                      | 17        pdf       uv1 a  -4.59082e-01
pdf s-sb(2):0.000000                                                                                                      | 18        pdf       uv1 b   2.67780e+00
                                                                                                                          | 19       norm       idis      10016  9.65046e-01
reaction: unpol DIS                                                                                                       | 20       norm       idis      10017  9.91939e-01
filters: Q2>1.690000                                                                                                      | 21       norm       idis      10010  9.99484e-01
filters: W2>10.000000                                                                                                     | 22       norm       idis      10011  9.97732e-01
    idx tar        col  npts       chi2  chi2-npts      rchi2      nchi2                                                  | 23       norm       idis      10020  9.99204e-01
  10016   p      BCDMS   348     661.22     313.22      25.21       1.36                                                  | 
  10017   d      BCDMS   254     517.57     263.57      15.42       0.07                                                  | 
  10020   p        NMC   273     654.85     381.85      12.05       0.00                                                  | 
  10021 d/p        NMC   174     298.68     124.68       1.17       0.00                                                  | 
  10010   p       SLAC   218     403.84     185.84       0.00       0.00                                                  | 
  10011   d       SLAC   228     341.99     113.99       0.00       0.02                                                  | 
['pdf']
JAM FITTER                                                                                                                | 1        pdf       db1 N   4.58196e-02
count = 1000                                                                                                              | 2        pdf       db1 a  -1.06376e-01
elapsed time(mins)=9.684263                                                                                               | 3        pdf       db1 b   3.80835e+00
shifts  = 2                                                                                                               | 4        pdf       dv1 a  -5.00000e-01
npts    = 1495                                                                                                            | 5        pdf       dv1 b   5.09783e+00
chi2    = 2878.546015                                                                                                     | 6        pdf        g1 a  -4.93601e-01
rchi2   = 53.288030                                                                                                       | 7        pdf        g1 b   3.50696e+00
nchi2   = 1.456210                                                                                                        | 8        pdf        s1 N   4.46508e-02
chi2tot = 2933.290255                                                                                                     | 9        pdf        s1 a  -5.65601e-01
dchi2(iter)  = 44.091326                                                                                                  | 10        pdf        s1 b   9.99998e+00
dchi2(local) = -0.402866                                                                                                  | 11        pdf      sea1 N   7.75333e-03
pdf dv(1):1.000000                                                                                                        | 12        pdf      sea1 a  -1.42029e+00
pdf db-ub(2):0.004361                                                                                                     | 13        pdf      sea1 b   7.75034e+00
pdf msr:1.000000                                                                                                          | 14        pdf       ub1 N   4.14582e-02
pdf db-ub(1):0.131491                                                                                                     | 15        pdf       ub1 a   9.99995e-01
pdf uv(1):2.000000                                                                                                        | 16        pdf       ub1 b   4.76063e+00
pdf s-sb(1):0.000000                                                                                                      | 17        pdf       uv1 a  -4.60162e-01
pdf s-sb(2):0.000000                                                                                                      | 18        pdf       uv1 b   2.67664e+00
                                                                                                                          | 19       norm       idis      10016  9.64997e-01
reaction: unpol DIS                                                                                                       | 20       norm       idis      10017  9.91929e-01
filters: Q2>1.690000                                                                                                      | 21       norm       idis      10010  9.99356e-01
filters: W2>10.000000                                                                                                     | 22       norm       idis      10011  9.97630e-01
    idx tar        col  npts       chi2  chi2-npts      rchi2      nchi2                                                  | 23       norm       idis      10020  9.99091e-01
  10016   p      BCDMS   348     661.49     313.49      24.96       1.36                                                  | 
  10017   d      BCDMS   254     517.34     263.34      15.10       0.07                                                  | 
  10020   p        NMC   273     654.74     381.74      12.03       0.00                                                  | 
  10021 d/p        NMC   174     298.70     124.70       1.20       0.00                                                  | 
  10010   p       SLAC   218     403.71     185.71       0.00       0.00                                                  | 
  10011   d       SLAC   228     342.56     114.56       0.00       0.02                                                  | 
['pdf']
JAM FITTER                                                                                                                | 1        pdf       db1 N   4.44744e-02
count = 1100                                                                                                              | 2        pdf       db1 a  -1.42521e-01
elapsed time(mins)=10.651387                                                                                              | 3        pdf       db1 b   3.77015e+00
shifts  = 2                                                                                                               | 4        pdf       dv1 a  -5.00000e-01
npts    = 1495                                                                                                            | 5        pdf       dv1 b   4.89555e+00
chi2    = 2878.590910                                                                                                     | 6        pdf        g1 a  -4.96719e-01
rchi2   = 53.226213                                                                                                       | 7        pdf        g1 b   3.49347e+00
nchi2   = 1.444728                                                                                                        | 8        pdf        s1 N   4.37971e-02
chi2tot = 2933.261851                                                                                                     | 9        pdf        s1 a  -5.63919e-01
dchi2(iter)  = 44.091326                                                                                                  | 10        pdf        s1 b   1.00000e+01
dchi2(local) = -0.431270                                                                                                  | 11        pdf      sea1 N   8.01597e-03
pdf dv(1):1.000000                                                                                                        | 12        pdf      sea1 a  -1.42168e+00
pdf db-ub(2):0.002644                                                                                                     | 13        pdf      sea1 b   7.24270e+00
pdf msr:1.000000                                                                                                          | 14        pdf       ub1 N   4.18301e-02
pdf db-ub(1):0.129655                                                                                                     | 15        pdf       ub1 a   1.00000e+00
pdf uv(1):2.000000                                                                                                        | 16        pdf       ub1 b   4.75661e+00
pdf s-sb(1):0.000000                                                                                                      | 17        pdf       uv1 a  -4.63397e-01
pdf s-sb(2):0.000000                                                                                                      | 18        pdf       uv1 b   2.67129e+00
                                                                                                                          | 19       norm       idis      10016  9.65112e-01
reaction: unpol DIS                                                                                                       | 20       norm       idis      10017  9.92042e-01
filters: Q2>1.690000                                                                                                      | 21       norm       idis      10010  9.99388e-01
filters: W2>10.000000                                                                                                     | 22       norm       idis      10011  9.97637e-01
    idx tar        col  npts       chi2  chi2-npts      rchi2      nchi2                                                  | 23       norm       idis      10020  9.99149e-01
  10016   p      BCDMS   348     661.48     313.48      24.92       1.35                                                  | 
  10017   d      BCDMS   254     517.24     263.24      15.09       0.07                                                  | 
  10020   p        NMC   273     654.66     381.66      11.99       0.00                                                  | 
  10021 d/p        NMC   174     298.89     124.89       1.22       0.00                                                  | 
  10010   p       SLAC   218     403.81     185.81       0.00       0.00                                                  | 
  10011   d       SLAC   228     342.51     114.51       0.00       0.02                                                  | 
['pdf']
JAM FITTER                                                                                                                | 1        pdf       db1 N   4.44085e-02
count = 1200                                                                                                              | 2        pdf       db1 a  -1.44128e-01
elapsed time(mins)=11.620004                                                                                              | 3        pdf       db1 b   3.76882e+00
shifts  = 3                                                                                                               | 4        pdf       dv1 a  -5.00000e-01
npts    = 1495                                                                                                            | 5        pdf       dv1 b   4.88642e+00
chi2    = 2878.604433                                                                                                     | 6        pdf        g1 a  -4.96978e-01
rchi2   = 53.213655                                                                                                       | 7        pdf        g1 b   3.49212e+00
nchi2   = 1.443638                                                                                                        | 8        pdf        s1 N   4.37451e-02
chi2tot = 2933.261725                                                                                                     | 9        pdf        s1 a  -5.63708e-01
dchi2(iter)  = 0.431396                                                                                                   | 10        pdf        s1 b   1.00000e+01
dchi2(local) = -0.431396                                                                                                  | 11        pdf      sea1 N   8.03205e-03
pdf dv(1):1.000000                                                                                                        | 12        pdf      sea1 a  -1.42166e+00
pdf db-ub(2):0.002558                                                                                                     | 13        pdf      sea1 b   7.21612e+00
pdf msr:1.000000                                                                                                          | 14        pdf       ub1 N   4.18505e-02
pdf db-ub(1):0.129545                                                                                                     | 15        pdf       ub1 a   1.00000e+00
pdf uv(1):2.000000                                                                                                        | 16        pdf       ub1 b   4.75630e+00
pdf s-sb(1):-0.000000                                                                                                     | 17        pdf       uv1 a  -4.63581e-01
pdf s-sb(2):-0.000000                                                                                                     | 18        pdf       uv1 b   2.67099e+00
                                                                                                                          | 19       norm       idis      10016  9.65123e-01
reaction: unpol DIS                                                                                                       | 20       norm       idis      10017  9.92053e-01
filters: Q2>1.690000                                                                                                      | 21       norm       idis      10010  9.99391e-01
filters: W2>10.000000                                                                                                     | 22       norm       idis      10011  9.97640e-01
    idx tar        col  npts       chi2  chi2-npts      rchi2      nchi2                                                  | 23       norm       idis      10020  9.99152e-01
  10016   p      BCDMS   348     661.48     313.48      24.92       1.35                                                  | 
  10017   d      BCDMS   254     517.24     263.24      15.08       0.07                                                  | 
  10020   p        NMC   273     654.65     381.65      11.99       0.00                                                  | 
  10021 d/p        NMC   174     298.90     124.90       1.22       0.00                                                  | 
  10010   p       SLAC   218     403.81     185.81       0.00       0.00                                                  | 
  10011   d       SLAC   228     342.53     114.53       0.00       0.02                                                  | 
['pdf']
JAM FITTER                                                                                                                | 1        pdf       db1 N   4.44085e-02
count = 1203                                                                                                              | 2        pdf       db1 a  -1.44128e-01
elapsed time(mins)=11.658630                                                                                              | 3        pdf       db1 b   3.76882e+00
shifts  = 2                                                                                                               | 4        pdf       dv1 a  -5.00000e-01
npts    = 1495                                                                                                            | 5        pdf       dv1 b   4.88642e+00
chi2    = 2878.604424                                                                                                     | 6        pdf        g1 a  -4.96978e-01
rchi2   = 53.213663                                                                                                       | 7        pdf        g1 b   3.49212e+00
nchi2   = 1.443638                                                                                                        | 8        pdf        s1 N   4.37451e-02
chi2tot = 2933.261725                                                                                                     | 9        pdf        s1 a  -5.63708e-01
dchi2(iter)  = 0.431396                                                                                                   | 10        pdf        s1 b   1.00000e+01
dchi2(local) = 0.000000                                                                                                   | 11        pdf      sea1 N   8.03205e-03
pdf dv(1):1.000000                                                                                                        | 12        pdf      sea1 a  -1.42166e+00
pdf db-ub(2):0.002558                                                                                                     | 13        pdf      sea1 b   7.21612e+00
pdf msr:1.000000                                                                                                          | 14        pdf       ub1 N   4.18505e-02
pdf db-ub(1):0.129545                                                                                                     | 15        pdf       ub1 a   1.00000e+00
pdf uv(1):2.000000                                                                                                        | 16        pdf       ub1 b   4.75630e+00
pdf s-sb(1):-0.000000                                                                                                     | 17        pdf       uv1 a  -4.63581e-01
pdf s-sb(2):-0.000000                                                                                                     | 18        pdf       uv1 b   2.67099e+00
                                                                                                                          | 19       norm       idis      10016  9.65123e-01
reaction: unpol DIS                                                                                                       | 20       norm       idis      10017  9.92053e-01
filters: Q2>1.690000                                                                                                      | 21       norm       idis      10010  9.99391e-01
filters: W2>10.000000                                                                                                     | 22       norm       idis      10011  9.97640e-01
    idx tar        col  npts       chi2  chi2-npts      rchi2      nchi2                                                  | 23       norm       idis      10020  9.99152e-01
  10016   p      BCDMS   348     661.48     313.48      24.92       1.35                                                  | 
  10017   d      BCDMS   254     517.24     263.24      15.08       0.07                                                  | 
  10020   p        NMC   273     654.65     381.65      11.99       0.00                                                  | 
  10021 d/p        NMC   174     298.90     124.90       1.22       0.00                                                  | 
  10010   p       SLAC   218     403.81     185.81       0.00       0.00                                                  | 
  10011   d       SLAC   228     342.53     114.53       0.00       0.02                                                  | 
