('active', 'pdf')

--step 1: npQCD objects = pdf , datasets = idis , tmc = False , ht = False
loading idis data sets 10016
loading idis data sets 10017
loading idis data sets 10020
loading idis data sets 10021
loading idis data sets 10010
loading idis data sets 10011
Loading DIS tables...
10016 has norm uncertainty
10017 has norm uncertainty
10020 has norm uncertainty
10010 has norm uncertainty
10011 has norm uncertainty
[H[J[H[J['pdf']
JAM FITTER                                                                                                                | 1        pdf       db1 N   1.89084e-01
count = 100                                                                                                               | 2        pdf       db1 a  -1.14765e-03
elapsed time(mins)=0.417410                                                                                               | 3        pdf       db1 b   2.81625e+00
shifts  = 3                                                                                                               | 4        pdf       dv1 a  -3.60661e-01
npts    = 1495                                                                                                            | 5        pdf       dv1 b   9.76562e+00
chi2    = 152858.778311                                                                                                   | 6        pdf        g1 a  -1.61746e+00
rchi2   = 15968.370381                                                                                                    | 7        pdf        g1 b   1.04130e+00
nchi2   = 230.045086                                                                                                      | 8        pdf        s1 N   2.44202e-01
chi2tot = 169057.193778                                                                                                   | 9        pdf        s1 a  -8.93600e-01
dchi2(iter)  = inf                                                                                                        | 10        pdf        s1 b   5.88310e-01
dchi2(local) = -inf                                                                                                       | 11        pdf      sea1 N   9.43035e-02
pdf dv(1):1.000000                                                                                                        | 12        pdf      sea1 a  -1.80876e+00
pdf db-ub(2):0.165236                                                                                                     | 13        pdf      sea1 b   6.30794e+00
pdf msr:1.000000                                                                                                          | 14        pdf       ub1 N   2.38486e-02
pdf db-ub(1):0.869758                                                                                                     | 15        pdf       ub1 a   6.51062e-01
pdf uv(1):2.000000                                                                                                        | 16        pdf       ub1 b   2.39138e-01
pdf s-sb(1):0.000000                                                                                                      | 17        pdf       uv1 a   3.26493e-02
pdf s-sb(2):0.000000                                                                                                      | 18        pdf       uv1 b   7.92184e+00
                                                                                                                          | 19       norm       idis      10016  1.11551e+00
reaction: unpol DIS                                                                                                       | 20       norm       idis      10017  1.12613e+00
filters: Q2>1.690000                                                                                                      | 21       norm       idis      10010  1.12784e+00
filters: W2>10.000000                                                                                                     | 22       norm       idis      10011  1.15310e+00
    idx tar        col  npts       chi2  chi2-npts      rchi2      nchi2                                                  | 23       norm       idis      10020  1.17819e+00
  10016   p      BCDMS   348   40001.95   39653.95     409.69      14.83                                                  | 
  10017   d      BCDMS   254    6805.20    6551.20    3068.74      17.68                                                  | 
  10020   p        NMC   273   23067.96   22794.96    6314.19      79.38                                                  | 
  10021 d/p        NMC   174   12504.24   12330.24    6175.75       0.00                                                  | 
  10010   p       SLAC   218   13260.62   13042.62       0.00      37.06                                                  | 
  10011   d       SLAC   228   57218.81   56990.81       0.00      81.11                                                  | 
['pdf']
JAM FITTER                                                                                                                | 1        pdf       db1 N   7.87943e-02
count = 200                                                                                                               | 2        pdf       db1 a  -1.62749e-01
elapsed time(mins)=0.831449                                                                                               | 3        pdf       db1 b   3.93838e+00
shifts  = 3                                                                                                               | 4        pdf       dv1 a  -4.17909e-01
npts    = 1495                                                                                                            | 5        pdf       dv1 b   9.18598e+00
chi2    = 3655.540911                                                                                                     | 6        pdf        g1 a   1.03389e-01
rchi2   = 169.158668                                                                                                      | 7        pdf        g1 b   9.13200e+00
nchi2   = 99.739837                                                                                                       | 8        pdf        s1 N   1.00634e-02
chi2tot = 3924.439416                                                                                                     | 9        pdf        s1 a  -9.12859e-01
dchi2(iter)  = 165132.754362                                                                                              | 10        pdf        s1 b   3.78161e+00
dchi2(local) = -165132.754362                                                                                             | 11        pdf      sea1 N   1.73096e-02
pdf dv(1):1.000000                                                                                                        | 12        pdf      sea1 a  -1.86306e+00
pdf db-ub(2):-0.036358                                                                                                    | 13        pdf      sea1 b   2.21404e+00
pdf msr:1.000000                                                                                                          | 14        pdf       ub1 N   1.15152e-01
pdf db-ub(1):0.082833                                                                                                     | 15        pdf       ub1 a   4.34535e-01
pdf uv(1):2.000000                                                                                                        | 16        pdf       ub1 b   3.30494e+00
pdf s-sb(1):0.000000                                                                                                      | 17        pdf       uv1 a  -4.81382e-01
pdf s-sb(2):0.000000                                                                                                      | 18        pdf       uv1 b   4.86842e+00
                                                                                                                          | 19       norm       idis      10016  1.05190e+00
reaction: unpol DIS                                                                                                       | 20       norm       idis      10017  1.08871e+00
filters: Q2>1.690000                                                                                                      | 21       norm       idis      10010  1.11879e+00
filters: W2>10.000000                                                                                                     | 22       norm       idis      10[H[J[H[J011  1.12722e+00
    idx tar        col  npts       chi2  chi2-npts      rchi2      nchi2                                                  | 23       norm       idis      10020  1.00073e+00
  10016   p      BCDMS   348     675.19     327.19      41.21       2.99                                                  | 
  10017   d      BCDMS   254     560.43     306.43      36.33       8.74                                                  | 
  10020   p        NMC   273    1260.00     987.00      87.28       0.00                                                  | 
  10021 d/p        NMC   174     395.38     221.38       4.34       0.00                                                  | 
  10010   p       SLAC   218     405.70     187.70       0.00      32.00                                                  | 
  10011   d       SLAC   228     358.84     130.84       0.00      56.01                                                  | 
['pdf']
JAM FITTER                                                                                                                | 1        pdf       db1 N   7.05638e-02
count = 300                                                                                                               | 2        pdf       db1 a  -7.10577e-02
elapsed time(mins)=1.249582                                                                                               | 3        pdf       db1 b   4.23460e+00
shifts  = 2                                                                                                               | 4        pdf       dv1 a  -4.86421e-01
npts    = 1495                                                                                                            | 5        pdf       dv1 b   9.43778e+00
chi2    = 3097.785034                                                                                                     | 6        pdf        g1 a  -2.16575e-01
rchi2   = 70.171335                                                                                                       | 7        pdf        g1 b   8.41244e+00
nchi2   = 26.055776                                                                                                       | 8        pdf        s1 N   4.91894e-02
chi2tot = 3194.012145                                                                                                     | 9        pdf        s1 a  -9.88547e-01
dchi2(iter)  = 165132.754362                                                                                              | 10        pdf        s1 b   6.20548e+00
dchi2(local) = -730.427271                                                                                                | 11        pdf      sea1 N   9.66910e-03
pdf dv(1):1.000000                                                                                                        | 12        pdf      sea1 a  -1.87748e+00
pdf db-ub(2):-0.031739                                                                                                    | 13        pdf      sea1 b   1.17823e+00
pdf msr:1.000000                                                                                                          | 14        pdf       ub1 N   1.02303e-01
pdf db-ub(1):0.077595                                                                                                     | 15        pdf       ub1 a   5.58355e-01
pdf uv(1):2.000000                                                                                                        | 16        pdf       ub1 b   3.39150e+00
pdf s-sb(1):-0.000000                                                                                                     | 17        pdf       uv1 a  -4.94842e-01
pdf s-sb(2):-0.000000                                                                                                     | 18        pdf       uv1 b   4.62265e+00
                                                                                                                          | 19       norm       idis      10016  1.00729e+00
reaction: unpol DIS                                                                                                       | 20       norm       idis      10017  1.03030e+00
filters: Q2>1.690000                                                                                                      | 21       norm       idis      10010  1.06766e+00
filters: W2>10.000000                                                                                                     | 22       norm       idis      10011  1.06139e+00
    idx tar        col  npts       chi2  chi2-npts      rchi2      nchi2                                                  | 23       norm       idis      10020  1.02494e+00
  10016   p      BCDMS   348     715.41     367.41      22.81       0.06                                                  | 
  10017   d      BCDMS   254     574.35     320.35      21.61       1.02                                                  | 
  10020   p        NMC   273     700.78     427.78      22.20       1.55                                                  | 
  10021 d/p        NMC   174     376.98     202.98       3.55       0.00                                                  | 
  10010   p       SLAC   218     389.02     171.02       0.00      10.38                                                  | 
  10011   d       SLAC   228     341.24     113.24       0.00      13.04                                                  | 
['pdf']
JAM FITTER                                                                                                                | 1        pdf       db1 N   6.73655e-02
count = 400                                                                                                               | 2        pdf       db1 a   3.64810e-02
elapsed time(mins)=1.662835                                                                                               | 3        pdf       db1 b   4.47070e+00
shifts  = 2                                                                                                               | 4        pdf       dv1 a  -4.92414e-01
npts    = 1495                                                                                                            | 5        pdf       dv1 b   9.52801e+00
chi2    = 3010.573175                                                                                                     | 6        pdf        g1 a  -3.13956e-01
rchi2   = 75.019688                                                                                                       | 7        pdf        g1 b   7.40690e+00
nchi2   = 12.558783                                                                                                       | 8        pdf        s1 N   5.84472e-02
chi2tot = 3098.151646                                                                                                     | 9        pdf        s1 a  -9.96177e-01
dchi2(iter)  = 165132.754362                                                                                              | 10        pdf        s1 b   6.44346e+00
dchi2(local) = -826.287770                                                                                                | 11        pdf      sea1 N   7.71491e-03
pdf dv(1):1.000000                                                                                                        | 12        pdf      sea1 a  -1.87128e+00
pdf db-ub(2):-0.020616                                                                                                    | 13        pdf      sea1 b   5.66814e-03
pdf msr:1.000000                                                                                                          | 14        pdf       ub1 N   8.79812e-02
pdf db-ub(1):0.091268                                                                                                     | 15        pdf       ub1 a   5.97742e-01
pdf uv(1):2.000000                                                                                                        | 16        pdf       ub1 b   3.42527e+00
pdf s-sb(1):0.000000                                           [H[J[H[J                                                           | 17        pdf       uv1 a  -4.99990e-01
pdf s-sb(2):-0.000000                                                                                                     | 18        pdf       uv1 b   3.96412e+00
                                                                                                                          | 19       norm       idis      10016  9.91085e-01
reaction: unpol DIS                                                                                                       | 20       norm       idis      10017  1.01478e+00
filters: Q2>1.690000                                                                                                      | 21       norm       idis      10010  1.04809e+00
filters: W2>10.000000                                                                                                     | 22       norm       idis      10011  1.04185e+00
    idx tar        col  npts       chi2  chi2-npts      rchi2      nchi2                                                  | 23       norm       idis      10020  1.01922e+00
  10016   p      BCDMS   348     694.99     346.99      30.00       0.09                                                  | 
  10017   d      BCDMS   254     533.70     279.70      23.40       0.24                                                  | 
  10020   p        NMC   273     676.66     403.66      18.91       0.92                                                  | 
  10021 d/p        NMC   174     376.02     202.02       2.71       0.00                                                  | 
  10010   p       SLAC   218     389.59     171.59       0.00       5.24                                                  | 
  10011   d       SLAC   228     339.62     111.62       0.00       6.06                                                  | 
['pdf']
JAM FITTER                                                                                                                | 1        pdf       db1 N   6.33990e-02
count = 500                                                                                                               | 2        pdf       db1 a   1.25759e-01
elapsed time(mins)=2.080698                                                                                               | 3        pdf       db1 b   4.67657e+00
shifts  = 2                                                                                                               | 4        pdf       dv1 a  -4.90218e-01
npts    = 1495                                                                                                            | 5        pdf       dv1 b   9.53776e+00
chi2    = 2980.717284                                                                                                     | 6        pdf        g1 a  -3.88067e-01
rchi2   = 62.407212                                                                                                       | 7        pdf        g1 b   5.98060e+00
nchi2   = 6.975046                                                                                                        | 8        pdf        s1 N   6.15646e-02
chi2tot = 3050.099543                                                                                                     | 9        pdf        s1 a  -9.96834e-01
dchi2(iter)  = 165132.754362                                                                                              | 10        pdf        s1 b   6.38236e+00
dchi2(local) = -874.339873                                                                                                | 11        pdf      sea1 N   7.49838e-03
pdf dv(1):1.000000                                                                                                        | 12        pdf      sea1 a  -1.74733e+00
pdf db-ub(2):-0.012251                                                                                                    | 13        pdf      sea1 b   6.91305e-02
pdf msr:1.000000                                                                                                          | 14        pdf       ub1 N   7.56495e-02
pdf db-ub(1):0.099920                                                                                                     | 15        pdf       ub1 a   6.80441e-01
pdf uv(1):2.000000                                                                                                        | 16        pdf       ub1 b   3.60964e+00
pdf s-sb(1):0.000000                                                                                                      | 17        pdf       uv1 a  -4.99991e-01
pdf s-sb(2):0.000000                                                                                                      | 18        pdf       uv1 b   3.55130e+00
                                                                                                                          | 19       norm       idis      10016  9.84865e-01
reaction: unpol DIS                                                                                                       | 20       norm       idis      10017  1.00752e+00
filters: Q2>1.690000                                                                                                      | 21       norm       idis      10010  1.03676e+00
filters: W2>10.000000                                                                                                     | 22       norm       idis      10011  1.02979e+00
    idx tar        col  npts       chi2  chi2-npts      rchi2      nchi2                                                  | 23       norm       idis      10020  1.01446e+00
  10016   p      BCDMS   348     679.03     331.03      24.86       0.25                                                  | 
  10017   d      BCDMS   254     511.52     257.52      18.70       0.06                                                  | 
  10020   p        NMC   273     672.24     399.24      15.83       0.52                                                  | 
  10021 d/p        NMC   174     376.06     202.06       3.02       0.00                                                  | 
  10010   p       SLAC   218     398.07     180.07       0.00       3.06                                                  | 
  10011   d       SLAC   228     343.80     115.80       0.00       3.07                                                  | 
['pdf']
JAM FITTER                                                                                                                | 1        pdf       db1 N   5.91000e-02
count = 600                                                                                                               | 2        pdf       db1 a   2.08434e-01
elapsed time(mins)=2.502449                                                                                               | 3        pdf       db1 b   4.87361e+00
shifts  = 2                                                                                                               | 4        pdf       dv1 a  -4.85384e-01
npts    = 1495                                                                                                            | 5        pdf       dv1 b   9.70107e+00
chi2    = 2938.173916                                                                                                     | 6        pdf        g1 a  -6.89165e-01
rchi2   = 64.362692                                                                                                       | 7        pdf        g1 b   3.02081e+00
nchi2   = 1.407749                                                                                                        | 8        pdf        s1 N   4.79738e-02
chi2tot = 3003.944357                                                                                                     | 9        pdf        s1 a  -9.95552e-01
dchi2(iter)  = 165132.754362                                                                                              | 10        pdf        s1 b   7.19394e+00
dchi2(local) = -920.495059                                                                                 [H[J[H[J               | 11        pdf      sea1 N   9.63708e-03
pdf dv(1):1.000000                                                                                                        | 12        pdf      sea1 a  -1.57982e+00
pdf db-ub(2):-0.004379                                                                                                    | 13        pdf      sea1 b   4.53692e-01
pdf msr:1.000000                                                                                                          | 14        pdf       ub1 N   6.34793e-02
pdf db-ub(1):0.110219                                                                                                     | 15        pdf       ub1 a   7.62714e-01
pdf uv(1):2.000000                                                                                                        | 16        pdf       ub1 b   3.79442e+00
pdf s-sb(1):0.000000                                                                                                      | 17        pdf       uv1 a  -4.99994e-01
pdf s-sb(2):0.000000                                                                                                      | 18        pdf       uv1 b   3.26829e+00
                                                                                                                          | 19       norm       idis      10016  9.72833e-01
reaction: unpol DIS                                                                                                       | 20       norm       idis      10017  9.95633e-01
filters: Q2>1.690000                                                                                                      | 21       norm       idis      10010  1.01292e+00
filters: W2>10.000000                                                                                                     | 22       norm       idis      10011  1.00464e+00
    idx tar        col  npts       chi2  chi2-npts      rchi2      nchi2                                                  | 23       norm       idis      10020  9.93272e-01
  10016   p      BCDMS   348     673.15     325.15      22.45       0.82                                                  | 
  10017   d      BCDMS   254     498.29     244.29      20.22       0.02                                                  | 
  10020   p        NMC   273     665.58     392.58      18.79       0.11                                                  | 
  10021 d/p        NMC   174     380.52     206.52       2.89       0.00                                                  | 
  10010   p       SLAC   218     387.41     169.41       0.00       0.38                                                  | 
  10011   d       SLAC   228     333.23     105.23       0.00       0.07                                                  | 
['pdf']
JAM FITTER                                                                                                                | 1        pdf       db1 N   5.32208e-02
count = 700                                                                                                               | 2        pdf       db1 a   3.64551e-01
elapsed time(mins)=2.928533                                                                                               | 3        pdf       db1 b   5.16583e+00
shifts  = 23                                                                                                              | 4        pdf       dv1 a  -4.17543e-01
npts    = 1495                                                                                                            | 5        pdf       dv1 b   9.98483e+00
chi2    = 2934.353567                                                                                                     | 6        pdf        g1 a  -7.16838e-01
rchi2   = 61.209543                                                                                                       | 7        pdf        g1 b   2.66134e+00
nchi2   = 1.170787                                                                                                        | 8        pdf        s1 N   2.99419e-02
chi2tot = 2996.733896                                                                                                     | 9        pdf        s1 a  -9.95596e-01
dchi2(iter)  = 927.705519                                                                                                 | 10        pdf        s1 b   8.37423e+00
dchi2(local) = -927.705519                                                                                                | 11        pdf      sea1 N   1.44825e-02
pdf dv(1):1.000000                                                                                                        | 12        pdf      sea1 a  -1.41880e+00
pdf db-ub(2):-0.000778                                                                                                    | 13        pdf      sea1 b   1.09091e+00
pdf msr:1.000000                                                                                                          | 14        pdf       ub1 N   5.39990e-02
pdf db-ub(1):0.087834                                                                                                     | 15        pdf       ub1 a   7.71915e-01
pdf uv(1):2.000000                                                                                                        | 16        pdf       ub1 b   3.98346e+00
pdf s-sb(1):-0.000000                                                                                                     | 17        pdf       uv1 a  -4.99996e-01
pdf s-sb(2):-0.000000                                                                                                     | 18        pdf       uv1 b   3.01181e+00
                                                                                                                          | 19       norm       idis      10016  9.72980e-01
reaction: unpol DIS                                                                                                       | 20       norm       idis      10017  9.95889e-01
filters: Q2>1.690000                                                                                                      | 21       norm       idis      10010  1.00876e+00
filters: W2>10.000000                                                                                                     | 22       norm       idis      10011  9.99681e-01
    idx tar        col  npts       chi2  chi2-npts      rchi2      nchi2                                                  | 23       norm       idis      10020  9.91841e-01
  10016   p      BCDMS   348     668.67     320.67      21.14       0.81                                                  | 
  10017   d      BCDMS   254     500.86     246.86      19.76       0.02                                                  | 
  10020   p        NMC   273     664.17     391.17      16.90       0.17                                                  | 
  10021 d/p        NMC   174     380.77     206.77       3.40       0.00                                                  | 
  10010   p       SLAC   218     386.98     168.98       0.00       0.17                                                  | 
  10011   d       SLAC   228     332.90     104.90       0.00       0.00                                                  | 
['pdf']
JAM FITTER                                                                                                                | 1        pdf       db1 N   5.06032e-02
count = 800                                                                                                               | 2        pdf       db1 a   4.45126e-01
elapsed time(mins)=3.348410                                                                                               | 3        pdf       db1 b   5.29022e+00
shifts  = 2                                                                                                               | 4        pdf       dv1 a  -3.93876e-01
npts    = 1495                                                                                                            | 5        pdf       dv1[H[J b   9.99447e+00
chi2    = 2934.195769                                                                                                     | 6        pdf        g1 a  -7.30778e-01
rchi2   = 60.950050                                                                                                       | 7        pdf        g1 b   2.61603e+00
nchi2   = 1.085761                                                                                                        | 8        pdf        s1 N   2.42251e-02
chi2tot = 2996.231580                                                                                                     | 9        pdf        s1 a  -9.06126e-01
dchi2(iter)  = 927.705519                                                                                                 | 10        pdf        s1 b   8.80540e+00
dchi2(local) = -0.502316                                                                                                  | 11        pdf      sea1 N   1.68969e-02
pdf dv(1):1.000000                                                                                                        | 12        pdf      sea1 a  -1.39424e+00
pdf db-ub(2):0.002401                                                                                                     | 13        pdf      sea1 b   1.25717e+00
pdf msr:1.000000                                                                                                          | 14        pdf       ub1 N   4.82024e-02
pdf db-ub(1):0.089544                                                                                                     | 15        pdf       ub1 a   8.63397e-01
pdf uv(1):2.000000                                                                                                        | 16        pdf       ub1 b   4.14605e+00
pdf s-sb(1):0.000000                                                                                                      | 17        pdf       uv1 a  -4.85770e-01
pdf s-sb(2):0.000000                                                                                                      | 18        pdf       uv1 b   2.95374e+00
                                                                                                                          | 19       norm       idis      10016  9.74248e-01
reaction: unpol DIS                                                                                                       | 20       norm       idis      10017  9.97398e-01
filters: Q2>1.690000                                                                                                      | 21       norm       idis      10010  1.00991e+00
filters: W2>10.000000                                                                                                     | 22       norm       idis      10011  1.00082e+00
    idx tar        col  npts       chi2  chi2-npts      rchi2      nchi2                                                  | 23       norm       idis      10020  9.93175e-01
  10016   p      BCDMS   348     669.12     321.12      21.36       0.74                                                  | 
  10017   d      BCDMS   254     499.91     245.91      19.62       0.01                                                  | 
  10020   p        NMC   273     663.82     390.82      16.61       0.12                                                  | 
  10021 d/p        NMC   174     380.94     206.94       3.36       0.00                                                  | 
  10010   p       SLAC   218     386.93     168.93       0.00       0.22                                                  | 
  10011   d       SLAC   228     333.48     105.48       0.00       0.00                                                  | 
['pdf']
JAM FITTER                                                                                                                | 1        pdf       db1 N   5.00450e-02
count = 900                                                                                                               | 2        pdf       db1 a   4.79672e-01
elapsed time(mins)=3.769212                                                                                               | 3        pdf       db1 b   5.34378e+00
shifts  = 2                                                                                                               | 4        pdf       dv1 a  -3.75608e-01
npts    = 1495                                                                                                            | 5        pdf       dv1 b   1.00000e+01
chi2    = 2934.188018                                                                                                     | 6        pdf        g1 a  -7.37501e-01
rchi2   = 60.650917                                                                                                       | 7        pdf        g1 b   2.59222e+00
nchi2   = 1.054442                                                                                                        | 8        pdf        s1 N   2.22098e-02
chi2tot = 2995.893377                                                                                                     | 9        pdf        s1 a  -8.94749e-01
dchi2(iter)  = 927.705519                                                                                                 | 10        pdf        s1 b   9.97875e+00
dchi2(local) = -0.840520                                                                                                  | 11        pdf      sea1 N   1.71110e-02
pdf dv(1):1.000000                                                                                                        | 12        pdf      sea1 a  -1.39366e+00
pdf db-ub(2):0.003562                                                                                                     | 13        pdf      sea1 b   1.26125e+00
pdf msr:1.000000                                                                                                          | 14        pdf       ub1 N   4.64834e-02
pdf db-ub(1):0.090441                                                                                                     | 15        pdf       ub1 a   8.75574e-01
pdf uv(1):2.000000                                                                                                        | 16        pdf       ub1 b   4.15171e+00
pdf s-sb(1):0.000000                                                                                                      | 17        pdf       uv1 a  -4.73798e-01
pdf s-sb(2):0.000000                                                                                                      | 18        pdf       uv1 b   2.96932e+00
                                                                                                                          | 19       norm       idis      10016  9.74804e-01
reaction: unpol DIS                                                                                                       | 20       norm       idis      10017  9.98007e-01
filters: Q2>1.690000                                                                                                      | 21       norm       idis      10010  1.01034e+00
filters: W2>10.000000                                                                                                     | 22       norm       idis      10011  1.00120e+00
    idx tar        col  npts       chi2  chi2-npts      rchi2      nchi2                                                  | 23       norm       idis      10020  9.93760e-01
  10016   p      BCDMS   348     669.42     321.42      21.38       0.71                                                  | 
  10017   d      BCDMS   254     499.20     245.20      19.50       0.00                                                  | 
  10020   p        NMC   273     663.83     390.83      16.40       0.10                                                  | 
  10021 d/p        NMC   174     381.08     207.08       3.38       0.00                                                  | 
  10010   p       SLAC   218     386.79     168.79       0.00       0.24                                            [H[J[H[J      | 
  10011   d       SLAC   228     333.87     105.87       0.00       0.00                                                  | 
['pdf']
JAM FITTER                                                                                                                | 1        pdf       db1 N   4.85754e-02
count = 1000                                                                                                              | 2        pdf       db1 a   5.39506e-01
elapsed time(mins)=4.189537                                                                                               | 3        pdf       db1 b   5.42016e+00
shifts  = 2                                                                                                               | 4        pdf       dv1 a  -3.51358e-01
npts    = 1495                                                                                                            | 5        pdf       dv1 b   1.00000e+01
chi2    = 2934.052007                                                                                                     | 6        pdf        g1 a  -7.37619e-01
rchi2   = 60.755304                                                                                                       | 7        pdf        g1 b   2.59193e+00
nchi2   = 1.054061                                                                                                        | 8        pdf        s1 N   2.15951e-02
chi2tot = 2995.861373                                                                                                     | 9        pdf        s1 a  -9.29337e-01
dchi2(iter)  = 927.705519                                                                                                 | 10        pdf        s1 b   9.99998e+00
dchi2(local) = -0.872524                                                                                                  | 11        pdf      sea1 N   1.76032e-02
pdf dv(1):1.000000                                                                                                        | 12        pdf      sea1 a  -1.38075e+00
pdf db-ub(2):0.005763                                                                                                     | 13        pdf      sea1 b   1.29943e+00
pdf msr:1.000000                                                                                                          | 14        pdf       ub1 N   4.28125e-02
pdf db-ub(1):0.093115                                                                                                     | 15        pdf       ub1 a   9.40809e-01
pdf uv(1):2.000000                                                                                                        | 16        pdf       ub1 b   4.22328e+00
pdf s-sb(1):0.000000                                                                                                      | 17        pdf       uv1 a  -4.56504e-01
pdf s-sb(2):0.000000                                                                                                      | 18        pdf       uv1 b   2.97580e+00
                                                                                                                          | 19       norm       idis      10016  9.74900e-01
reaction: unpol DIS                                                                                                       | 20       norm       idis      10017  9.98158e-01
filters: Q2>1.690000                                                                                                      | 21       norm       idis      10010  1.01047e+00
filters: W2>10.000000                                                                                                     | 22       norm       idis      10011  1.00133e+00
    idx tar        col  npts       chi2  chi2-npts      rchi2      nchi2                                                  | 23       norm       idis      10020  9.93823e-01
  10016   p      BCDMS   348     669.85     321.85      21.50       0.70                                                  | 
  10017   d      BCDMS   254     498.68     244.68      19.44       0.00                                                  | 
  10020   p        NMC   273     663.66     390.66      16.46       0.10                                                  | 
  10021 d/p        NMC   174     381.17     207.17       3.37       0.00                                                  | 
  10010   p       SLAC   218     386.57     168.57       0.00       0.25                                                  | 
  10011   d       SLAC   228     334.12     106.12       0.00       0.01                                                  | 
['pdf']
JAM FITTER                                                                                                                | 1        pdf       db1 N   4.81109e-02
count = 1100                                                                                                              | 2        pdf       db1 a   5.59163e-01
elapsed time(mins)=4.611063                                                                                               | 3        pdf       db1 b   5.44553e+00
shifts  = 2                                                                                                               | 4        pdf       dv1 a  -3.43782e-01
npts    = 1495                                                                                                            | 5        pdf       dv1 b   1.00000e+01
chi2    = 2934.025335                                                                                                     | 6        pdf        g1 a  -7.37353e-01
rchi2   = 60.779901                                                                                                       | 7        pdf        g1 b   2.59308e+00
nchi2   = 1.054304                                                                                                        | 8        pdf        s1 N   2.14344e-02
chi2tot = 2995.859540                                                                                                     | 9        pdf        s1 a  -9.41409e-01
dchi2(iter)  = 927.705519                                                                                                 | 10        pdf        s1 b   1.00000e+01
dchi2(local) = -0.874357                                                                                                  | 11        pdf      sea1 N   1.77555e-02
pdf dv(1):1.000000                                                                                                        | 12        pdf      sea1 a  -1.37654e+00
pdf db-ub(2):0.006414                                                                                                     | 13        pdf      sea1 b   1.31094e+00
pdf msr:1.000000                                                                                                          | 14        pdf       ub1 N   4.16972e-02
pdf db-ub(1):0.093824                                                                                                     | 15        pdf       ub1 a   9.62695e-01
pdf uv(1):2.000000                                                                                                        | 16        pdf       ub1 b   4.24735e+00
pdf s-sb(1):0.000000                                                                                                      | 17        pdf       uv1 a  -4.51225e-01
pdf s-sb(2):0.000000                                                                                                      | 18        pdf       uv1 b   2.97806e+00
                                                                                                                          | 19       norm       idis      10016  9.74922e-01
reaction: unpol DIS                                                                                                       | 20       norm       idis      10017  9.98194e-01
filters: Q2>1.690000                                                                                                      | 21       norm       idis      10010  1.01051e+00
filters: W2>10.000000 [H[J                                                                                                    | 22       norm       idis      10011  1.00136e+00
    idx tar        col  npts       chi2  chi2-npts      rchi2      nchi2                                                  | 23       norm       idis      10020  9.93840e-01
  10016   p      BCDMS   348     669.98     321.98      21.53       0.70                                                  | 
  10017   d      BCDMS   254     498.49     244.49      19.42       0.00                                                  | 
  10020   p        NMC   273     663.61     390.61      16.47       0.09                                                  | 
  10021 d/p        NMC   174     381.20     207.20       3.36       0.00                                                  | 
  10010   p       SLAC   218     386.53     168.53       0.00       0.25                                                  | 
  10011   d       SLAC   228     334.22     106.22       0.00       0.01                                                  | 
['pdf']
JAM FITTER                                                                                                                | 1        pdf       db1 N   4.80900e-02
count = 1158                                                                                                              | 2        pdf       db1 a   5.59611e-01
elapsed time(mins)=4.846350                                                                                               | 3        pdf       db1 b   5.44626e+00
shifts  = 2                                                                                                               | 4        pdf       dv1 a  -3.43695e-01
npts    = 1495                                                                                                            | 5        pdf       dv1 b   1.00000e+01
chi2    = 2934.024295                                                                                                     | 6        pdf        g1 a  -7.37538e-01
rchi2   = 60.781393                                                                                                       | 7        pdf        g1 b   2.59193e+00
nchi2   = 1.053814                                                                                                        | 8        pdf        s1 N   2.13757e-02
chi2tot = 2995.859501                                                                                                     | 9        pdf        s1 a  -9.41244e-01
dchi2(iter)  = 927.705519                                                                                                 | 10        pdf        s1 b   1.00000e+01
dchi2(local) = -0.874395                                                                                                  | 11        pdf      sea1 N   1.77785e-02
pdf dv(1):1.000000                                                                                                        | 12        pdf      sea1 a  -1.37620e+00
pdf db-ub(2):0.006427                                                                                                     | 13        pdf      sea1 b   1.31269e+00
pdf msr:1.000000                                                                                                          | 14        pdf       ub1 N   4.16634e-02
pdf db-ub(1):0.093819                                                                                                     | 15        pdf       ub1 a   9.63437e-01
pdf uv(1):2.000000                                                                                                        | 16        pdf       ub1 b   4.24869e+00
pdf s-sb(1):-0.000000                                                                                                     | 17        pdf       uv1 a  -4.51197e-01
pdf s-sb(2):-0.000000                                                                                                     | 18        pdf       uv1 b   2.97762e+00
                                                                                                                          | 19       norm       idis      10016  9.74930e-01
reaction: unpol DIS                                                                                                       | 20       norm       idis      10017  9.98204e-01
filters: Q2>1.690000                                                                                                      | 21       norm       idis      10010  1.01051e+00
filters: W2>10.000000                                                                                                     | 22       norm       idis      10011  1.00136e+00
    idx tar        col  npts       chi2  chi2-npts      rchi2      nchi2                                                  | 23       norm       idis      10020  9.93842e-01
  10016   p      BCDMS   348     669.98     321.98      21.53       0.70                                                  | 
  10017   d      BCDMS   254     498.49     244.49      19.42       0.00                                                  | 
  10020   p        NMC   273     663.61     390.61      16.47       0.09                                                  | 
  10021 d/p        NMC   174     381.20     207.20       3.36       0.00                                                  | 
  10010   p       SLAC   218     386.53     168.53       0.00       0.25                                                  | 
  10011   d       SLAC   228     334.22     106.22       0.00       0.01                                                  | 
