('active', 'pdf')

--step 1: npQCD objects = pdf , datasets = idis , tmc = False , ht = False
loading idis data sets 10016
loading idis data sets 10017
loading idis data sets 10020
loading idis data sets 10021
loading idis data sets 10010
loading idis data sets 10011
Loading DIS tables...
10016 has norm uncertainty
10017 has norm uncertainty
10020 has norm uncertainty
10010 has norm uncertainty
10011 has norm uncertainty
[H[J[H[J[H[J[H[J[H[J[H[J[H[J[H[J[H[J[H[J[H[J[H[J[H[J[H[J['pdf']
JAM FITTER                                                                                                                | 1        pdf       db1 N   1.70577e-01
count = 100                                                                                                               | 2        pdf       db1 a  -3.24257e-01
elapsed time(mins)=0.980223                                                                                               | 3        pdf       db1 b   4.07123e+00
shifts  = 3                                                                                                               | 4        pdf       dv1 a  -3.33123e-01
npts    = 1495                                                                                                            | 5        pdf       dv1 b   9.97004e+00
chi2    = 55495.792104                                                                                                    | 6        pdf        g1 a   6.50769e-01
rchi2   = 6346.366276                                                                                                     | 7        pdf        g1 b   7.73822e-01
nchi2   = 233.787864                                                                                                      | 8        pdf        s1 N   9.48154e-02
chi2tot = 62075.946245                                                                                                    | 9        pdf        s1 a   7.68390e-01
dchi2(iter)  = inf                                                                                                        | 10        pdf        s1 b   1.01889e+00
dchi2(local) = -inf                                                                                                       | 11        pdf      sea1 N   5.52108e-02
pdf dv(1):1.000000                                                                                                        | 12        pdf      sea1 a  -1.83018e+00
pdf db-ub(2):0.102130                                                                                                     | 13        pdf      sea1 b   8.08489e+00
pdf msr:1.000000                                                                                                          | 14        pdf       ub1 N   6.84470e-02
pdf db-ub(1):1.186486                                                                                                     | 15        pdf       ub1 a   7.55322e-01
pdf uv(1):2.000000                                                                                                        | 16        pdf       ub1 b   4.02057e+00
pdf s-sb(1):0.000000                                                                                                      | 17        pdf       uv1 a  -1.53282e-01
pdf s-sb(2):0.000000                                                                                                      | 18        pdf       uv1 b   7.58834e+00
                                                                                                                          | 19       norm       idis      10016  9.57855e-01
reaction: unpol DIS                                                                                                       | 20       norm       idis      10017  1.19254e+00
filters: Q2>1.690000                                                                                                      | 21       norm       idis      10010  1.18596e+00
filters: W2>10.000000                                                                                                     | 22       norm       idis      10011  1.12902e+00
    idx tar        col  npts       chi2  chi2-npts      rchi2      nchi2                                                  | 23       norm       idis      10020  1.14780e+00
  10016   p      BCDMS   348    8395.43    8047.43     227.87       1.97                                                  | 
  10017   d      BCDMS   254    2576.73    2322.73     118.13      41.19                                                  | 
  10020   p        NMC   273    9952.51    9679.51    2138.34      54.61                                                  | 
  10021 d/p        NMC   174    6000.86    5826.86    3862.03       0.00                                                  | 
  10010   p       SLAC   218    5746.12    5528.12       0.00      78.41                                                  | 
  10011   d       SLAC   228   22824.14   22596.14       0.00      57.60                                                  | 
['pdf']
JAM FITTER                                                                                                                | 1        pdf       db1 N   8.29805e-02
count = 200                                                                                                               | 2        pdf       db1 a  -2.33973e-01
elapsed time(mins)=1.963169                                                                                               | 3        pdf       db1 b   4.49450e+00
shifts  = 2                                                                                                               | 4        pdf       dv1 a  -4.56182e-01
npts    = 1495                                                                                                            | 5        pdf       dv1 b   9.81690e+00
chi2    = 3637.895833                                                                                                     | 6        pdf        g1 a  -1.12750e+00
rchi2   = 137.312350                                                                                                      | 7        pdf        g1 b   4.24604e+00
nchi2   = 88.359706                                                                                                       | 8        pdf        s1 N   4.24166e-02
chi2tot = 3863.567889                                                                                                     | 9        pdf        s1 a   4.51307e-01
dchi2(iter)  = inf                                                                                                        | 10        pdf        s1 b   1.52114e+00
dchi2(local) = -58212.378356                                                                                              | 11        pdf      sea1 N   1.65210e-02
pdf dv(1):1.000000                                                                                                        | 12        pdf      sea1 a  -1.86968e+00
pdf db-ub(2):-0.044979                                                                                                    | 13        pdf      sea1 b   5.22330e+00
pdf msr:1.000000                                                                                                          | 14        pdf       ub1 N   1.27960e-01
pdf db-ub(1):0.174523                                                                                                     | 15        pdf       ub1 a   7.54086e-01
pdf uv(1):2.000000                                                                                                        | 16        pdf       ub1 b   4.15004e+00
pdf s-sb(1):0.000000                                                                                                      | 17        pdf       uv1 a  -3.97598e-01
pdf s-sb(2):0.000000                                                                                                      | 18        pdf       uv1 b   8.14308e+00
                                                                                                                          | 19       norm       idis      10016  1.04243e+00
reaction: unpol DIS                                                                                                       | 20       norm       idis      10017  1.08448e+00
filters: Q2>1.690000                                                                                                      | 21       norm       idis      10010  1.11221e+00
filters: W2>10.000000                                                                                                     | 22       norm       idis      10011  1.11918e+00
    idx tar        col  npts       chi2  chi2-npts      rchi2      nchi2                                                  | 23       norm       idis      10020  1.01715e+00
  10016   p      BCDMS   348     683.33     335.33      20.84       2.00                                                  | 
  10017   d      BCDMS   254     505.86     251.86      28.25       7.93                                                  | 
  10020   p        NMC   273    1204.21     931.21      55.49       0.74                                                  | 
  10021 d/p        NMC   174     437.22     263.22      32.74       0.00                                                  | 
  10010   p       SLAC   218     407.84     189.84       0.00      28.55                                                  | 
  10011   d       SLAC   228     399.43     171.43       0.00      49.14                                                  | 
['pdf']
JAM FITTER                                                                                                                | 1        pdf       db1 N   6.87831e-02
count = 300                                                                                                               | 2        pdf       db1 a  -1.99502e-01
elapsed time(mins)=2.940788                                                                                               | 3        pdf       db1 b   4.59614e+00
shifts  = 2                                                                                                               | 4        pdf       dv1 a  -4.96459e-01
npts    = 1495                                                                                                            | 5        pdf       dv1 b   9.78272e+00
chi2    = 2996.616289                                                                                                     | 6        pdf        g1 a  -5.07308e-01
rchi2   = 58.115790                                                                                                       | 7        pdf        g1 b   5.86268e+00
nchi2   = 16.321788                                                                                                       | 8        pdf        s1 N   2.96749e-02
chi2tot = 3071.053867                                                                                                     | 9        pdf        s1 a   5.24376e-03
dchi2(iter)  = inf                                                                                                        | 10        pdf        s1 b   1.34586e+00
dchi2(local) = -59004.892378                                                                                              | 11        pdf      sea1 N   9.49023e-03
pdf dv(1):1.000000                                                                                                        | 12        pdf      sea1 a  -1.72256e+00
pdf db-ub(2):-0.056143                                                                                                    | 13        pdf      sea1 b   6.33205e-01
pdf msr:1.000000                                                                                                          | 14        pdf       ub1 N   1.24926e-01
pdf db-ub(1):0.051131                                                                                                     | 15        pdf       ub1 a   7.10548e-01
pdf uv(1):2.000000                                                                                                        | 16        pdf       ub1 b   4.11517e+00
pdf s-sb(1):0.000000                                                                                                      | 17        pdf       uv1 a  -4.81095e-01
pdf s-sb(2):0.000000                                                                                                      | 18        pdf       uv1 b   7.70068e+00
                                                                                                                          | 19       norm       idis      10016  1.00224e+00
reaction: unpol DIS                                                                                                       | 20       norm       idis      10017  1.02264e+00
filters: Q2>1.690000                                                                                                      | 21       norm       idis      10010  1.05368e+00
filters: W2>10.000000                                                                                                     | 22       norm       idis      10011  1.04562e+00
    idx tar        col  npts       chi2  chi2-npts      rchi2      nchi2                                                  | 23       norm       idis      10020  1.02836e+00
  10016   p      BCDMS   348     647.35     299.35      14.55       0.01                                                  | 
  10017   d      BCDMS   254     501.24     247.24      13.61       0.57                                                  | 
  10020   p        NMC   273     708.20     435.20      22.61       2.01                                                  | 
  10021 d/p        NMC   174     399.60     225.60       7.33       0.00                                                  | 
  10010   p       SLAC   218     402.05     184.05       0.00       6.53                                                  | 
  10011   d       SLAC   228     338.16     110.16       0.00       7.20                                                  | 
['pdf']
JAM FITTER                                                                                                                | 1        pdf       db1 N   6.46554e-02
count = 400                                                                                                               | 2        pdf       db1 a  -8.09636e-02
elapsed time(mins)=3.908200                                                                                               | 3        pdf       db1 b   4.73923e+00
shifts  = 2                                                                                                               | 4        pdf       dv1 a  -4.99868e-01
npts    = 1495                                                                                                            | 5        pdf       dv1 b   9.92388e+00
chi2    = 2864.873277                                                                                                     | 6        pdf        g1 a  -6.06418e-01
rchi2   = 49.533104                                                                                                       | 7        pdf        g1 b   4.05776e+00
nchi2   = 11.239432                                                                                                       | 8        pdf        s1 N   1.85933e-02
chi2tot = 2925.645812                                                                                                     | 9        pdf        s1 a   8.48227e-02
dchi2(iter)  = inf                                                                                                        | 10        pdf        s1 b   1.09370e+00
dchi2(local) = -59150.300433                                                                                              | 11        pdf      sea1 N   1.32206e-02
pdf dv(1):1.000000                                                                                                        | 12        pdf      sea1 a  -1.54717e+00
pdf db-ub(2):-0.045849                                                                                                    | 13        pdf      sea1 b   1.35324e+00
pdf msr:1.000000                                                                                                          | 14        pdf       ub1 N   1.10504e-01
pdf db-ub(1):0.049633                                                                                                     | 15        pdf       ub1 a   7.74868e-01
pdf uv(1):2.000000                                                                                                        | 16        pdf       ub1 b   3.95146e+00
pdf s-sb(1):0.000000                                                                                                      | 17        pdf       uv1 a  -4.99391e-01
pdf s-sb(2):0.000000                                                                                                      | 18        pdf       uv1 b   6.00492e+00
                                                                                                                          | 19       norm       idis      10016  1.00227e+00
reaction: unpol DIS                                                                                                       | 20       norm       idis      10017  1.02290e+00
filters: Q2>1.690000                                                                                                      | 21       norm       idis      10010  1.04633e+00
filters: W2>10.000000                                                                                                     | 22       norm       idis      10011  1.03629e+00
    idx tar        col  npts       chi2  chi2-npts      rchi2      nchi2                                                  | 23       norm       idis      10020  1.02215e+00
  10016   p      BCDMS   348     633.59     285.59      15.37       0.01                                                  | 
  10017   d      BCDMS   254     483.02     229.02      14.51       0.58                                                  | 
  10020   p        NMC   273     650.76     377.76      12.71       1.23                                                  | 
  10021 d/p        NMC   174     382.92     208.92       6.95       0.00                                                  | 
  10010   p       SLAC   218     383.42     165.42       0.00       4.87                                                  | 
  10011   d       SLAC   228     331.17     103.17       0.00       4.56                                                  | 
['pdf']
JAM FITTER                                                                                                                | 1        pdf       db1 N   6.19533e-02
count = 500                                                                                                               | 2        pdf       db1 a   4.43537e-02
elapsed time(mins)=4.894633                                                                                               | 3        pdf       db1 b   4.77711e+00
shifts  = 2                                                                                                               | 4        pdf       dv1 a  -4.99998e-01
npts    = 1495                                                                                                            | 5        pdf       dv1 b   9.98603e+00
chi2    = 2813.027451                                                                                                     | 6        pdf        g1 a  -6.74147e-01
rchi2   = 58.540662                                                                                                       | 7        pdf        g1 b   2.82044e+00
nchi2   = 1.940002                                                                                                        | 8        pdf        s1 N   1.50378e-02
chi2tot = 2873.508115                                                                                                     | 9        pdf        s1 a   4.56182e-01
dchi2(iter)  = inf                                                                                                        | 10        pdf        s1 b   9.43711e-01
dchi2(local) = -59202.438129                                                                                              | 11        pdf      sea1 N   1.27264e-02
pdf dv(1):1.000000                                                                                                        | 12        pdf      sea1 a  -1.40227e+00
pdf db-ub(2):-0.027484                                                                                                    | 13        pdf      sea1 b   3.49995e+00
pdf msr:1.000000                                                                                                          | 14        pdf       ub1 N   8.94378e-02
pdf db-ub(1):0.082050                                                                                                     | 15        pdf       ub1 a   8.13711e-01
pdf uv(1):2.000000                                                                                                        | 16        pdf       ub1 b   3.72858e+00
pdf s-sb(1):0.000000                                                                                                      | 17        pdf       uv1 a  -4.99582e-01
pdf s-sb(2):0.000000                                                                                                      | 18        pdf       uv1 b   4.46901e+00
                                                                                                                          | 19       norm       idis      10016  9.86865e-01
reaction: unpol DIS                                                                                                       | 20       norm       idis      10017  1.00935e+00
filters: Q2>1.690000                                                                                                      | 21       norm       idis      10010  1.02240e+00
filters: W2>10.000000                                                                                                     | 22       norm       idis      10011  1.01147e+00
    idx tar        col  npts       chi2  chi2-npts      rchi2      nchi2                                                  | 23       norm       idis      10020  1.00482e+00
  10016   p      BCDMS   348     635.45     287.45      21.57       0.19                                                  | 
  10017   d      BCDMS   254     471.35     217.35      18.83       0.10                                                  | 
  10020   p        NMC   273     639.21     366.21      12.71       0.06                                                  | 
  10021 d/p        NMC   174     365.50     191.50       5.43       0.00                                                  | 
  10010   p       SLAC   218     370.11     152.11       0.00       1.14                                                  | 
  10011   d       SLAC   228     331.41     103.41       0.00       0.46                                                  | 
['pdf']
JAM FITTER                                                                                                                | 1        pdf       db1 N   6.06666e-02
count = 600                                                                                                               | 2        pdf       db1 a   1.17052e-01
elapsed time(mins)=5.880569                                                                                               | 3        pdf       db1 b   4.88998e+00
shifts  = 3                                                                                                               | 4        pdf       dv1 a  -5.00000e-01
npts    = 1495                                                                                                            | 5        pdf       dv1 b   9.99144e+00
chi2    = 2807.518000                                                                                                     | 6        pdf        g1 a  -6.52413e-01
rchi2   = 49.451371                                                                                                       | 7        pdf        g1 b   2.70837e+00
nchi2   = 1.013265                                                                                                        | 8        pdf        s1 N   1.37452e-02
chi2tot = 2857.982637                                                                                                     | 9        pdf        s1 a   5.13102e-01
dchi2(iter)  = 59217.963608                                                                                               | 10        pdf        s1 b   9.73333e-01
dchi2(local) = -59217.963608                                                                                              | 11        pdf      sea1 N   1.32057e-02
pdf dv(1):1.000000                                                                                                        | 12        pdf      sea1 a  -1.35158e+00
pdf db-ub(2):-0.017545                                                                                                    | 13        pdf      sea1 b   4.15023e+00
pdf msr:1.000000                                                                                                          | 14        pdf       ub1 N   7.82113e-02
pdf db-ub(1):0.097582                                                                                                     | 15        pdf       ub1 a   7.80604e-01
pdf uv(1):2.000000                                                                                                        | 16        pdf       ub1 b   3.66158e+00
pdf s-sb(1):-0.000000                                                                                                     | 17        pdf       uv1 a  -4.99394e-01
pdf s-sb(2):-0.000000                                                                                                     | 18        pdf       uv1 b   3.88415e+00
                                                                                                                          | 19       norm       idis      10016  9.82366e-01
reaction: unpol DIS                                                                                                       | 20       norm       idis      10017  1.00562e+00
filters: Q2>1.690000                                                                                                      | 21       norm       idis      10010  1.01562e+00
filters: W2>10.000000                                                                                                     | 22       norm       idis      10011  1.00475e+00
    idx tar        col  npts       chi2  chi2-npts      rchi2      nchi2                                                  | 23       norm       idis      10020  1.00072e+00
  10016   p      BCDMS   348     635.01     287.01      17.44       0.35                                                  | 
  10017   d      BCDMS   254     468.85     214.85      15.64       0.04                                                  | 
  10020   p        NMC   273     637.82     364.82      11.85       0.00                                                  | 
  10021 d/p        NMC   174     360.76     186.76       4.53       0.00                                                  | 
  10010   p       SLAC   218     369.71     151.71       0.00       0.55                                                  | 
  10011   d       SLAC   228     335.37     107.37       0.00       0.08                                                  | 
['pdf']
JAM FITTER                                                                                                                | 1        pdf       db1 N   5.99228e-02
count = 700                                                                                                               | 2        pdf       db1 a   1.62494e-01
elapsed time(mins)=6.864259                                                                                               | 3        pdf       db1 b   4.97150e+00
shifts  = 23                                                                                                              | 4        pdf       dv1 a  -5.00000e-01
npts    = 1495                                                                                                            | 5        pdf       dv1 b   9.99889e+00
chi2    = 2808.135871                                                                                                     | 6        pdf        g1 a  -6.33512e-01
rchi2   = 46.459867                                                                                                       | 7        pdf        g1 b   2.67734e+00
nchi2   = 0.804344                                                                                                        | 8        pdf        s1 N   1.28571e-02
chi2tot = 2855.400083                                                                                                     | 9        pdf        s1 a   9.97448e-01
dchi2(iter)  = 2.582554                                                                                                   | 10        pdf        s1 b   1.22443e+00
dchi2(local) = -2.582554                                                                                                  | 11        pdf      sea1 N   1.36288e-02
pdf dv(1):1.000000                                                                                                        | 12        pdf      sea1 a  -1.32489e+00
pdf db-ub(2):-0.011336                                                                                                    | 13        pdf      sea1 b   4.40052e+00
pdf msr:1.000000                                                                                                          | 14        pdf       ub1 N   7.12590e-02
pdf db-ub(1):0.107294                                                                                                     | 15        pdf       ub1 a   7.63019e-01
pdf uv(1):2.000000                                                                                                        | 16        pdf       ub1 b   3.68053e+00
pdf s-sb(1):0.000000                                                                                                      | 17        pdf       uv1 a  -4.98784e-01
pdf s-sb(2):0.000000                                                                                                      | 18        pdf       uv1 b   3.57542e+00
                                                                                                                          | 19       norm       idis      10016  9.80417e-01
reaction: unpol DIS                                                                                                       | 20       norm       idis      10017  1.00403e+00
filters: Q2>1.690000                                                                                                      | 21       norm       idis      10010  1.01240e+00
filters: W2>10.000000                                                                                                     | 22       norm       idis      10011  1.00164e+00
    idx tar        col  npts       chi2  chi2-npts      rchi2      nchi2                                                  | 23       norm       idis      10020  9.99098e-01
  10016   p      BCDMS   348     634.09     286.09      15.89       0.43                                                  | 
  10017   d      BCDMS   254     468.10     214.10      14.69       0.02                                                  | 
  10020   p        NMC   273     637.82     364.82      11.69       0.00                                                  | 
  10021 d/p        NMC   174     359.73     185.73       4.18       0.00                                                  | 
  10010   p       SLAC   218     370.37     152.37       0.00       0.35                                                  | 
  10011   d       SLAC   228     338.02     110.02       0.00       0.01                                                  | 
['pdf']
JAM FITTER                                                                                                                | 1        pdf       db1 N   5.86782e-02
count = 800                                                                                                               | 2        pdf       db1 a   1.85147e-01
elapsed time(mins)=7.833686                                                                                               | 3        pdf       db1 b   5.03058e+00
shifts  = 2                                                                                                               | 4        pdf       dv1 a  -5.00000e-01
npts    = 1495                                                                                                            | 5        pdf       dv1 b   9.99914e+00
chi2    = 2807.192748                                                                                                     | 6        pdf        g1 a  -6.26687e-01
rchi2   = 46.847143                                                                                                       | 7        pdf        g1 b   2.69112e+00
nchi2   = 0.785367                                                                                                        | 8        pdf        s1 N   1.35083e-02
chi2tot = 2854.825258                                                                                                     | 9        pdf        s1 a   9.91428e-01
dchi2(iter)  = 2.582554                                                                                                   | 10        pdf        s1 b   1.27987e+00
dchi2(local) = -0.574825                                                                                                  | 11        pdf      sea1 N   1.45334e-02
pdf dv(1):1.000000                                                                                                        | 12        pdf      sea1 a  -1.32015e+00
pdf db-ub(2):-0.007985                                                                                                    | 13        pdf      sea1 b   4.01497e+00
pdf msr:1.000000                                                                                                          | 14        pdf       ub1 N   6.66636e-02
pdf db-ub(1):0.114880                                                                                                     | 15        pdf       ub1 a   7.92964e-01
pdf uv(1):2.000000                                                                                                        | 16        pdf       ub1 b   3.72603e+00
pdf s-sb(1):0.000000                                                                                                      | 17        pdf       uv1 a  -4.93176e-01
pdf s-sb(2):0.000000                                                                                                      | 18        pdf       uv1 b   3.46703e+00
                                                                                                                          | 19       norm       idis      10016  9.79450e-01
reaction: unpol DIS                                                                                                       | 20       norm       idis      10017  1.00320e+00
filters: Q2>1.690000                                                                                                      | 21       norm       idis      10010  1.01143e+00
filters: W2>10.000000                                                                                                     | 22       norm       idis      10011  1.00084e+00
    idx tar        col  npts       chi2  chi2-npts      rchi2      nchi2                                                  | 23       norm       idis      10020  9.98474e-01
  10016   p      BCDMS   348     633.50     285.50      16.12       0.47                                                  | 
  10017   d      BCDMS   254     467.57     213.57      14.85       0.01                                                  | 
  10020   p        NMC   273     637.71     364.71      11.91       0.01                                                  | 
  10021 d/p        NMC   174     359.39     185.39       3.96       0.00                                                  | 
  10010   p       SLAC   218     370.34     152.34       0.00       0.30                                                  | 
  10011   d       SLAC   228     338.68     110.68       0.00       0.00                                                  | 
['pdf']
JAM FITTER                                                                                                                | 1        pdf       db1 N   5.69428e-02
count = 900                                                                                                               | 2        pdf       db1 a   2.11474e-01
elapsed time(mins)=8.806839                                                                                               | 3        pdf       db1 b   5.12075e+00
shifts  = 2                                                                                                               | 4        pdf       dv1 a  -5.00000e-01
npts    = 1495                                                                                                            | 5        pdf       dv1 b   9.99952e+00
chi2    = 2807.395251                                                                                                     | 6        pdf        g1 a  -6.23535e-01
rchi2   = 46.135462                                                                                                       | 7        pdf        g1 b   2.71192e+00
nchi2   = 0.793006                                                                                                        | 8        pdf        s1 N   1.41494e-02
chi2tot = 2854.323718                                                                                                     | 9        pdf        s1 a   1.00000e+00
dchi2(iter)  = 2.582554                                                                                                   | 10        pdf        s1 b   1.33060e+00
dchi2(local) = -1.076365                                                                                                  | 11        pdf      sea1 N   1.59431e-02
pdf dv(1):1.000000                                                                                                        | 12        pdf      sea1 a  -1.31887e+00
pdf db-ub(2):-0.004145                                                                                                    | 13        pdf      sea1 b   3.46317e+00
pdf msr:1.000000                                                                                                          | 14        pdf       ub1 N   6.10879e-02
pdf db-ub(1):0.125486                                                                                                     | 15        pdf       ub1 a   8.54991e-01
pdf uv(1):2.000000                                                                                                        | 16        pdf       ub1 b   3.79970e+00
pdf s-sb(1):0.000000                                                                                                      | 17        pdf       uv1 a  -4.82499e-01
pdf s-sb(2):0.000000                                                                                                      | 18        pdf       uv1 b   3.38730e+00
                                                                                                                          | 19       norm       idis      10016  9.78552e-01
reaction: unpol DIS                                                                                                       | 20       norm       idis      10017  1.00242e+00
filters: Q2>1.690000                                                                                                      | 21       norm       idis      10010  1.01079e+00
filters: W2>10.000000                                                                                                     | 22       norm       idis      10011  1.00046e+00
    idx tar        col  npts       chi2  chi2-npts      rchi2      nchi2                                                  | 23       norm       idis      10020  9.97940e-01
  10016   p      BCDMS   348     633.61     285.61      15.93       0.51                                                  | 
  10017   d      BCDMS   254     467.28     213.28      14.67       0.01                                                  | 
  10020   p        NMC   273     638.24     365.24      11.83       0.01                                                  | 
  10021 d/p        NMC   174     359.29     185.29       3.71       0.00                                                  | 
  10010   p       SLAC   218     369.94     151.94       0.00       0.26                                                  | 
  10011   d       SLAC   228     339.04     111.04       0.00       0.00                                                  | 
['pdf']
JAM FITTER                                                                                                                | 1        pdf       db1 N   5.33167e-02
count = 1000                                                                                                              | 2        pdf       db1 a   3.11848e-01
elapsed time(mins)=9.782648                                                                                               | 3        pdf       db1 b   5.19575e+00
shifts  = 2                                                                                                               | 4        pdf       dv1 a  -4.53628e-01
npts    = 1495                                                                                                            | 5        pdf       dv1 b   9.72074e+00
chi2    = 2806.497297                                                                                                     | 6        pdf        g1 a  -6.21342e-01
rchi2   = 46.220792                                                                                                       | 7        pdf        g1 b   2.71948e+00
nchi2   = 0.802982                                                                                                        | 8        pdf        s1 N   1.43114e-02
chi2tot = 2853.521071                                                                                                     | 9        pdf        s1 a   9.93181e-01
dchi2(iter)  = 2.582554                                                                                                   | 10        pdf        s1 b   1.39254e+00
dchi2(local) = -1.879012                                                                                                  | 11        pdf      sea1 N   1.67871e-02
pdf dv(1):1.000000                                                                                                        | 12        pdf      sea1 a  -1.30272e+00
pdf db-ub(2):0.001653                                                                                                     | 13        pdf      sea1 b   3.55112e+00
pdf msr:1.000000                                                                                                          | 14        pdf       ub1 N   5.16639e-02
pdf db-ub(1):0.121596                                                                                                     | 15        pdf       ub1 a   9.40260e-01
pdf uv(1):2.000000                                                                                                        | 16        pdf       ub1 b   3.95233e+00
pdf s-sb(1):0.000000                                                                                                      | 17        pdf       uv1 a  -4.59190e-01
pdf s-sb(2):0.000000                                                                                                      | 18        pdf       uv1 b   3.20933e+00
                                                                                                                          | 19       norm       idis      10016  9.78224e-01
reaction: unpol DIS                                                                                                       | 20       norm       idis      10017  1.00216e+00
filters: Q2>1.690000                                                                                                      | 21       norm       idis      10010  1.01065e+00
filters: W2>10.000000                                                                                                     | 22       norm       idis      10011  1.00030e+00
    idx tar        col  npts       chi2  chi2-npts      rchi2      nchi2                                                  | 23       norm       idis      10020  9.97681e-01
  10016   p      BCDMS   348     633.28     285.28      16.03       0.53                                                  | 
  10017   d      BCDMS   254     467.15     213.15      14.57       0.01                                                  | 
  10020   p        NMC   273     638.22     365.22      11.86       0.01                                                  | 
  10021 d/p        NMC   174     358.87     184.87       3.76       0.00                                                  | 
  10010   p       SLAC   218     369.81     151.81       0.00       0.26                                                  | 
  10011   d       SLAC   228     339.18     111.18       0.00       0.00                                                  | 
['pdf']
JAM FITTER                                                                                                                | 1        pdf       db1 N   5.10485e-02
count = 1100                                                                                                              | 2        pdf       db1 a   3.73199e-01
elapsed time(mins)=10.770276                                                                                              | 3        pdf       db1 b   5.22438e+00
shifts  = 3                                                                                                               | 4        pdf       dv1 a  -4.26736e-01
npts    = 1495                                                                                                            | 5        pdf       dv1 b   9.51066e+00
chi2    = 2805.560674                                                                                                     | 6        pdf        g1 a  -6.18465e-01
rchi2   = 46.544800                                                                                                       | 7        pdf        g1 b   2.72654e+00
nchi2   = 0.810007                                                                                                        | 8        pdf        s1 N   1.43956e-02
chi2tot = 2852.915481                                                                                                     | 9        pdf        s1 a   9.86287e-01
dchi2(iter)  = 2.484602                                                                                                   | 10        pdf        s1 b   1.48650e+00
dchi2(local) = -2.484602                                                                                                  | 11        pdf      sea1 N   1.72573e-02
pdf dv(1):1.000000                                                                                                        | 12        pdf      sea1 a  -1.29151e+00
pdf db-ub(2):0.005288                                                                                                     | 13        pdf      sea1 b   3.64575e+00
pdf msr:1.000000                                                                                                          | 14        pdf       ub1 N   4.57601e-02
pdf db-ub(1):0.120104                                                                                                     | 15        pdf       ub1 a   9.98796e-01
pdf uv(1):2.000000                                                                                                        | 16        pdf       ub1 b   4.09199e+00
pdf s-sb(1):0.000000                                                                                                      | 17        pdf       uv1 a  -4.45066e-01
pdf s-sb(2):0.000000                                                                                                      | 18        pdf       uv1 b   3.10188e+00
                                                                                                                          | 19       norm       idis      10016  9.78084e-01
reaction: unpol DIS                                                                                                       | 20       norm       idis      10017  1.00215e+00
filters: Q2>1.690000                                                                                                      | 21       norm       idis      10010  1.01063e+00
filters: W2>10.000000                                                                                                     | 22       norm       idis      10011  1.00027e+00
    idx tar        col  npts       chi2  chi2-npts      rchi2      nchi2                                                  | 23       norm       idis      10020  9.97554e-01
  10016   p      BCDMS   348     632.67     284.67      16.20       0.53                                                  | 
  10017   d      BCDMS   254     467.60     213.60      14.58       0.01                                                  | 
  10020   p        NMC   273     638.03     365.03      11.93       0.01                                                  | 
  10021 d/p        NMC   174     358.39     184.39       3.83       0.00                                                  | 
  10010   p       SLAC   218     369.85     151.85       0.00       0.26                                                  | 
  10011   d       SLAC   228     339.03     111.03       0.00       0.00                                                  | 
['pdf']
JAM FITTER                                                                                                                | 1        pdf       db1 N   5.07694e-02
count = 1200                                                                                                              | 2        pdf       db1 a   3.72043e-01
elapsed time(mins)=11.758885                                                                                              | 3        pdf       db1 b   5.16765e+00
shifts  = 2                                                                                                               | 4        pdf       dv1 a  -4.22995e-01
npts    = 1495                                                                                                            | 5        pdf       dv1 b   9.33707e+00
chi2    = 2805.422138                                                                                                     | 6        pdf        g1 a  -6.18053e-01
rchi2   = 46.640168                                                                                                       | 7        pdf        g1 b   2.72100e+00
nchi2   = 0.805561                                                                                                        | 8        pdf        s1 N   1.36922e-02
chi2tot = 2852.867867                                                                                                     | 9        pdf        s1 a   9.98259e-01
dchi2(iter)  = 2.484602                                                                                                   | 10        pdf        s1 b   1.47691e+00
dchi2(local) = -0.047615                                                                                                  | 11        pdf      sea1 N   1.71012e-02
pdf dv(1):1.000000                                                                                                        | 12        pdf      sea1 a  -1.28712e+00
pdf db-ub(2):0.005872                                                                                                     | 13        pdf      sea1 b   3.79861e+00
pdf msr:1.000000                                                                                                          | 14        pdf       ub1 N   4.48970e-02
pdf db-ub(1):0.119225                                                                                                     | 15        pdf       ub1 a   9.99948e-01
pdf uv(1):2.000000                                                                                                        | 16        pdf       ub1 b   4.11679e+00
pdf s-sb(1):0.000000                                                                                                      | 17        pdf       uv1 a  -4.42278e-01
pdf s-sb(2):0.000000                                                                                                      | 18        pdf       uv1 b   3.07456e+00
                                                                                                                          | 19       norm       idis      10016  9.78442e-01
reaction: unpol DIS                                                                                                       | 20       norm       idis      10017  1.00256e+00
filters: Q2>1.690000                                                                                                      | 21       norm       idis      10010  1.01089e+00
filters: W2>10.000000                                                                                                     | 22       norm       idis      10011  1.00048e+00
    idx tar        col  npts       chi2  chi2-npts      rchi2      nchi2                                                  | 23       norm       idis      10020  9.97767e-01
  10016   p      BCDMS   348     632.41     284.41      16.21       0.52                                                  | 
  10017   d      BCDMS   254     467.94     213.94      14.57       0.01                                                  | 
  10020   p        NMC   273     637.74     364.74      11.98       0.01                                                  | 
  10021 d/p        NMC   174     358.19     184.19       3.87       0.00                                                  | 
  10010   p       SLAC   218     370.21     152.21       0.00       0.27                                                  | 
  10011   d       SLAC   228     338.94     110.94       0.00       0.00                                                  | 
['pdf']
JAM FITTER                                                                                                                | 1        pdf       db1 N   5.07800e-02
count = 1300                                                                                                              | 2        pdf       db1 a   3.75263e-01
elapsed time(mins)=12.735314                                                                                              | 3        pdf       db1 b   5.17528e+00
shifts  = 2                                                                                                               | 4        pdf       dv1 a  -4.21769e-01
npts    = 1495                                                                                                            | 5        pdf       dv1 b   9.35418e+00
chi2    = 2805.570721                                                                                                     | 6        pdf        g1 a  -6.17661e-01
rchi2   = 46.487440                                                                                                       | 7        pdf        g1 b   2.72305e+00
nchi2   = 0.806067                                                                                                        | 8        pdf        s1 N   1.37833e-02
chi2tot = 2852.864228                                                                                                     | 9        pdf        s1 a   9.99939e-01
dchi2(iter)  = 2.484602                                                                                                   | 10        pdf        s1 b   1.48394e+00
dchi2(local) = -0.051253                                                                                                  | 11        pdf      sea1 N   1.70673e-02
pdf dv(1):1.000000                                                                                                        | 12        pdf      sea1 a  -1.28698e+00
pdf db-ub(2):0.005883                                                                                                     | 13        pdf      sea1 b   3.81776e+00
pdf msr:1.000000                                                                                                          | 14        pdf       ub1 N   4.48971e-02
pdf db-ub(1):0.119041                                                                                                     | 15        pdf       ub1 a   1.00000e+00
pdf uv(1):2.000000                                                                                                        | 16        pdf       ub1 b   4.11645e+00
pdf s-sb(1):0.000000                                                                                                      | 17        pdf       uv1 a  -4.41926e-01
pdf s-sb(2):0.000000                                                                                                      | 18        pdf       uv1 b   3.07609e+00
                                                                                                                          | 19       norm       idis      10016  9.78450e-01
reaction: unpol DIS                                                                                                       | 20       norm       idis      10017  1.00256e+00
filters: Q2>1.690000                                                                                                      | 21       norm       idis      10010  1.01091e+00
filters: W2>10.000000                                                                                                     | 22       norm       idis      10011  1.00049e+00
    idx tar        col  npts       chi2  chi2-npts      rchi2      nchi2                                                  | 23       norm       idis      10020  9.97787e-01
  10016   p      BCDMS   348     632.41     284.41      16.14       0.52                                                  | 
  10017   d      BCDMS   254     467.92     213.92      14.49       0.01                                                  | 
  10020   p        NMC   273     637.79     364.79      11.96       0.01                                                  | 
  10021 d/p        NMC   174     358.18     184.18       3.89       0.00                                                  | 
  10010   p       SLAC   218     370.22     152.22       0.00       0.27                                                  | 
  10011   d       SLAC   228     339.05     111.05       0.00       0.00                                                  | 
['pdf']
JAM FITTER                                                                                                                | 1        pdf       db1 N   5.07800e-02
count = 1303                                                                                                              | 2        pdf       db1 a   3.75263e-01
elapsed time(mins)=12.774219                                                                                              | 3        pdf       db1 b   5.17528e+00
shifts  = 1                                                                                                               | 4        pdf       dv1 a  -4.21769e-01
npts    = 1495                                                                                                            | 5        pdf       dv1 b   9.35418e+00
chi2    = 2805.570716                                                                                                     | 6        pdf        g1 a  -6.17661e-01
rchi2   = 46.487446                                                                                                       | 7        pdf        g1 b   2.72305e+00
nchi2   = 0.806067                                                                                                        | 8        pdf        s1 N   1.37833e-02
chi2tot = 2852.864228                                                                                                     | 9        pdf        s1 a   9.99939e-01
dchi2(iter)  = 2.484602                                                                                                   | 10        pdf        s1 b   1.48394e+00
dchi2(local) = -0.051253                                                                                                  | 11        pdf      sea1 N   1.70673e-02
pdf dv(1):1.000000                                                                                                        | 12        pdf      sea1 a  -1.28698e+00
pdf db-ub(2):0.005883                                                                                                     | 13        pdf      sea1 b   3.81776e+00
pdf msr:1.000000                                                                                                          | 14        pdf       ub1 N   4.48971e-02
pdf db-ub(1):0.119041                                                                                                     | 15        pdf       ub1 a   1.00000e+00
pdf uv(1):2.000000                                                                                                        | 16        pdf       ub1 b   4.11645e+00
pdf s-sb(1):0.000000                                                                                                      | 17        pdf       uv1 a  -4.41926e-01
pdf s-sb(2):0.000000                                                                                                      | 18        pdf       uv1 b   3.07609e+00
                                                                                                                          | 19       norm       idis      10016  9.78450e-01
reaction: unpol DIS                                                                                                       | 20       norm       idis      10017  1.00256e+00
filters: Q2>1.690000                                                                                                      | 21       norm       idis      10010  1.01091e+00
filters: W2>10.000000                                                                                                     | 22       norm       idis      10011  1.00049e+00
    idx tar        col  npts       chi2  chi2-npts      rchi2      nchi2                                                  | 23       norm       idis      10020  9.97787e-01
  10016   p      BCDMS   348     632.41     284.41      16.14       0.52                                                  | 
  10017   d      BCDMS   254     467.92     213.92      14.49       0.01                                                  | 
  10020   p        NMC   273     637.79     364.79      11.96       0.01                                                  | 
  10021 d/p        NMC   174     358.18     184.18       3.89       0.00                                                  | 
  10010   p       SLAC   218     370.22     152.22       0.00       0.27                                                  | 
  10011   d       SLAC   228     339.05     111.05       0.00       0.00                                                  | 
