('active', 'pdf')

--step 1: npQCD objects = pdf , datasets = idis , tmc = False , ht = False
loading idis data sets 10016
loading idis data sets 10017
loading idis data sets 10020
loading idis data sets 10021
loading idis data sets 10010
loading idis data sets 10011
Loading DIS tables...
10016 has norm uncertainty
10017 has norm uncertainty
10020 has norm uncertainty
10010 has norm uncertainty
10011 has norm uncertainty
[H[J[H[J['pdf']
JAM FITTER                                                                                                                | 1        pdf       db1 N   6.84684e-02
count = 100                                                                                                               | 2        pdf       db1 a   4.56751e-02
elapsed time(mins)=0.417872                                                                                               | 3        pdf       db1 b   3.49161e+00
shifts  = 2                                                                                                               | 4        pdf       dv1 a  -4.24312e-01
npts    = 1495                                                                                                            | 5        pdf       dv1 b   9.92231e+00
chi2    = 49084.695694                                                                                                    | 6        pdf        g1 a   7.61997e-01
rchi2   = 8583.129562                                                                                                     | 7        pdf        g1 b   2.66537e+00
nchi2   = 263.303665                                                                                                      | 8        pdf        s1 N   8.15121e-02
chi2tot = 57931.128921                                                                                                    | 9        pdf        s1 a  -8.60278e-01
dchi2(iter)  = 0.000000                                                                                                   | 10        pdf        s1 b   8.51483e+00
dchi2(local) = -inf                                                                                                       | 11        pdf      sea1 N   5.63779e-02
pdf dv(1):1.000000                                                                                                        | 12        pdf      sea1 a  -1.87377e+00
pdf db-ub(2):-0.024146                                                                                                    | 13        pdf      sea1 b   7.75490e+00
pdf msr:1.000000                                                                                                          | 14        pdf       ub1 N   9.26144e-02
pdf db-ub(1):-3.376563                                                                                                    | 15        pdf       ub1 a  -8.51385e-01
pdf uv(1):2.000000                                                                                                        | 16        pdf       ub1 b   4.85145e+00
pdf s-sb(1):0.000000                                                                                                      | 17        pdf       uv1 a  -2.02478e-01
pdf s-sb(2):0.000000                                                                                                      | 18        pdf       uv1 b   2.51175e+00
                                                                                                                          | 19       norm       idis      10016  1.03524e+00
reaction: unpol DIS                                                                                                       | 20       norm       idis      10017  1.12475e+00
filters: Q2>1.690000                                                                                                      | 21       norm       idis      10010  1.16539e+00
filters: W2>10.000000                                                                                                     | 22       norm       idis      10011  1.16688e+00
    idx tar        col  npts       chi2  chi2-npts      rchi2      nchi2                                                  | 23       norm       idis      10020  1.18574e+00
  10016   p      BCDMS   348    3392.17    3044.17    2673.58       1.38                                                  | 
  10017   d      BCDMS   254    1852.42    1598.42     424.21      17.29                                                  | 
  10020   p        NMC   273   11970.63   11697.63    3510.52      86.24                                                  | 
  10021 d/p        NMC   174    2819.67    2645.67    1974.82       0.00                                                  | 
  10010   p       SLAC   218   16735.24   16517.24       0.00      62.03                                                  | 
  10011   d       SLAC   228   12314.56   12086.56       0.00      96.36                                                  | 
['pdf']
JAM FITTER                                                                                                                | 1        pdf       db1 N   7.35209e-02
count = 200                                                                                                               | 2        pdf       db1 a  -3.03054e-02
elapsed time(mins)=0.844552                                                                                               | 3        pdf       db1 b   4.05875e+00
shifts  = 3                                                                                                               | 4        pdf       dv1 a  -4.35694e-01
npts    = 1495                                                                                                            | 5        pdf       dv1 b   9.93507e+00
chi2    = 5227.372226                                                                                                     | 6        pdf        g1 a  -2.33922e-01
rchi2   = 386.965890                                                                                                      | 7        pdf        g1 b   4.08706e+00
nchi2   = 272.243964                                                                                                      | 8        pdf        s1 N   5.47759e-02
chi2tot = 5886.582080                                                                                                     | 9        pdf        s1 a  -8.46651e-01
dchi2(iter)  = inf                                                                                                        | 10        pdf        s1 b   7.42973e+00
dchi2(local) = -inf                                                                                                       | 11        pdf      sea1 N   2.03424e-02
pdf dv(1):1.000000                                                                                                        | 12        pdf      sea1 a  -1.87696e+00
pdf db-ub(2):0.016905                                                                                                     | 13        pdf      sea1 b   8.08363e+00
pdf msr:1.000000                                                                                                          | 14        pdf       ub1 N   5.66163e-02
pdf db-ub(1):-0.217547                                                                                                    | 15        pdf       ub1 a  -7.00128e-01
pdf uv(1):2.000000                                                                                                        | 16        pdf       ub1 b   2.27328e+00
pdf s-sb(1):0.000000                                                                                                      | 17        pdf       uv1 a  -2.67145e-01
pdf s-sb(2):0.000000                                                                                                      | 18        pdf       uv1 b   2.95511e+00
                                                                                                                          | 19       norm       idis      10016  1.09847e+00
reaction: unpol DIS                                                                                                       | 20       norm       idis      10017  1.12928e+00
filters: Q2>1.690000                                                                                                      | 21       norm       idis      10010  1.18049e+00
filters: W2>10.000000                                                                                                     | 22       norm       idis      10[H[J[H[J011  1.17506e+00
    idx tar        col  npts       chi2  chi2-npts      rchi2      nchi2                                                  | 23       norm       idis      10020  1.15873e+00
  10016   p      BCDMS   348     941.65     593.65     108.67      10.77                                                  | 
  10017   d      BCDMS   254     616.18     362.18      41.79      18.57                                                  | 
  10020   p        NMC   273    1918.11    1645.11     113.49      62.99                                                  | 
  10021 d/p        NMC   174     490.67     316.67     123.02       0.00                                                  | 
  10010   p       SLAC   218     679.81     461.81       0.00      73.87                                                  | 
  10011   d       SLAC   228     580.96     352.96       0.00     106.04                                                  | 
['pdf']
JAM FITTER                                                                                                                | 1        pdf       db1 N   7.88724e-02
count = 300                                                                                                               | 2        pdf       db1 a  -3.07164e-02
elapsed time(mins)=1.267484                                                                                               | 3        pdf       db1 b   4.06479e+00
shifts  = 2                                                                                                               | 4        pdf       dv1 a  -4.35955e-01
npts    = 1495                                                                                                            | 5        pdf       dv1 b   9.93510e+00
chi2    = 3920.052565                                                                                                     | 6        pdf        g1 a  -2.37237e-01
rchi2   = 181.182317                                                                                                      | 7        pdf        g1 b   4.09099e+00
nchi2   = 265.785524                                                                                                      | 8        pdf        s1 N   5.15094e-02
chi2tot = 4367.020406                                                                                                     | 9        pdf        s1 a  -8.56331e-01
dchi2(iter)  = inf                                                                                                        | 10        pdf        s1 b   7.43214e+00
dchi2(local) = -1519.561674                                                                                               | 11        pdf      sea1 N   1.28194e-02
pdf dv(1):1.000000                                                                                                        | 12        pdf      sea1 a  -1.87925e+00
pdf db-ub(2):0.030412                                                                                                     | 13        pdf      sea1 b   8.08280e+00
pdf msr:1.000000                                                                                                          | 14        pdf       ub1 N   4.84603e-02
pdf db-ub(1):-0.076410                                                                                                    | 15        pdf       ub1 a  -6.94208e-01
pdf uv(1):2.000000                                                                                                        | 16        pdf       ub1 b   2.27468e+00
pdf s-sb(1):0.000000                                                                                                      | 17        pdf       uv1 a  -2.58518e-01
pdf s-sb(2):0.000000                                                                                                      | 18        pdf       uv1 b   2.96595e+00
                                                                                                                          | 19       norm       idis      10016  1.09594e+00
reaction: unpol DIS                                                                                                       | 20       norm       idis      10017  1.12850e+00
filters: Q2>1.690000                                                                                                      | 21       norm       idis      10010  1.18068e+00
filters: W2>10.000000                                                                                                     | 22       norm       idis      10011  1.17531e+00
    idx tar        col  npts       chi2  chi2-npts      rchi2      nchi2                                                  | 23       norm       idis      10020  1.15078e+00
  10016   p      BCDMS   348     926.52     578.52      53.66      10.23                                                  | 
  10017   d      BCDMS   254     596.61     342.61      43.45      18.35                                                  | 
  10020   p        NMC   273    1110.13     837.13      54.33      56.83                                                  | 
  10021 d/p        NMC   174     398.43     224.43      29.74       0.00                                                  | 
  10010   p       SLAC   218     452.19     234.19       0.00      74.03                                                  | 
  10011   d       SLAC   228     436.17     208.17       0.00     106.35                                                  | 
['pdf']
JAM FITTER                                                                                                                | 1        pdf       db1 N   6.83237e-02
count = 400                                                                                                               | 2        pdf       db1 a   2.64865e-01
elapsed time(mins)=1.695887                                                                                               | 3        pdf       db1 b   4.62083e+00
shifts  = 3                                                                                                               | 4        pdf       dv1 a  -4.57337e-01
npts    = 1495                                                                                                            | 5        pdf       dv1 b   9.86585e+00
chi2    = 3155.008058                                                                                                     | 6        pdf        g1 a  -5.64918e-01
rchi2   = 119.797615                                                                                                      | 7        pdf        g1 b   4.51938e+00
nchi2   = 45.951270                                                                                                       | 8        pdf        s1 N   7.81547e-02
chi2tot = 3320.756944                                                                                                     | 9        pdf        s1 a  -9.36782e-01
dchi2(iter)  = 2565.825136                                                                                                | 10        pdf        s1 b   7.65821e+00
dchi2(local) = -2565.825136                                                                                               | 11        pdf      sea1 N   3.73589e-03
pdf dv(1):1.000000                                                                                                        | 12        pdf      sea1 a  -1.76165e+00
pdf db-ub(2):0.054746                                                                                                     | 13        pdf      sea1 b   8.07331e+00
pdf msr:1.000000                                                                                                          | 14        pdf       ub1 N   1.35773e-02
pdf db-ub(1):-0.011830                                                                                                    | 15        pdf       ub1 a  -8.58039e-01
pdf uv(1):2.000000                                                                                                        | 16        pdf       ub1 b   2.87066e+00
pdf s-sb(1):0.000000                                           [H[J[H[J                                                           | 17        pdf       uv1 a  -1.83864e-01
pdf s-sb(2):0.000000                                                                                                      | 18        pdf       uv1 b   3.00465e+00
                                                                                                                          | 19       norm       idis      10016  1.01320e+00
reaction: unpol DIS                                                                                                       | 20       norm       idis      10017  1.05043e+00
filters: Q2>1.690000                                                                                                      | 21       norm       idis      10010  1.08139e+00
filters: W2>10.000000                                                                                                     | 22       norm       idis      10011  1.08284e+00
    idx tar        col  npts       chi2  chi2-npts      rchi2      nchi2                                                  | 23       norm       idis      10020  1.04081e+00
  10016   p      BCDMS   348     776.71     428.71      42.13       0.19                                                  | 
  10017   d      BCDMS   254     541.10     287.10      27.67       2.83                                                  | 
  10020   p        NMC   273     671.75     398.75      44.31       4.16                                                  | 
  10021 d/p        NMC   174     402.34     228.34       5.68       0.00                                                  | 
  10010   p       SLAC   218     405.22     187.22       0.00      15.02                                                  | 
  10011   d       SLAC   228     357.88     129.88       0.00      23.75                                                  | 
['pdf']
JAM FITTER                                                                                                                | 1        pdf       db1 N   5.19620e-02
count = 500                                                                                                               | 2        pdf       db1 a   6.63228e-01
elapsed time(mins)=2.115513                                                                                               | 3        pdf       db1 b   5.05343e+00
shifts  = 2                                                                                                               | 4        pdf       dv1 a  -2.72526e-01
npts    = 1495                                                                                                            | 5        pdf       dv1 b   8.54113e+00
chi2    = 3014.960495                                                                                                     | 6        pdf        g1 a  -5.47145e-01
rchi2   = 65.567276                                                                                                       | 7        pdf        g1 b   4.29065e+00
nchi2   = 9.155079                                                                                                        | 8        pdf        s1 N   4.71820e-02
chi2tot = 3089.682850                                                                                                     | 9        pdf        s1 a  -9.75629e-01
dchi2(iter)  = 2565.825136                                                                                                | 10        pdf        s1 b   9.04315e+00
dchi2(local) = -231.074094                                                                                                | 11        pdf      sea1 N   6.72713e-03
pdf dv(1):1.000000                                                                                                        | 12        pdf      sea1 a  -1.27684e+00
pdf db-ub(2):0.046337                                                                                                     | 13        pdf      sea1 b   8.59178e+00
pdf msr:1.000000                                                                                                          | 14        pdf       ub1 N   5.62491e-03
pdf db-ub(1):-0.478840                                                                                                    | 15        pdf       ub1 a  -9.58072e-01
pdf uv(1):2.000000                                                                                                        | 16        pdf       ub1 b   4.32440e+00
pdf s-sb(1):0.000000                                                                                                      | 17        pdf       uv1 a  -1.58203e-01
pdf s-sb(2):0.000000                                                                                                      | 18        pdf       uv1 b   3.07320e+00
                                                                                                                          | 19       norm       idis      10016  9.87084e-01
reaction: unpol DIS                                                                                                       | 20       norm       idis      10017  1.01835e+00
filters: Q2>1.690000                                                                                                      | 21       norm       idis      10010  1.03886e+00
filters: W2>10.000000                                                                                                     | 22       norm       idis      10011  1.03634e+00
    idx tar        col  npts       chi2  chi2-npts      rchi2      nchi2                                                  | 23       norm       idis      10020  1.01553e+00
  10016   p      BCDMS   348     734.41     386.41      30.27       0.19                                                  | 
  10017   d      BCDMS   254     528.85     274.85      15.78       0.37                                                  | 
  10020   p        NMC   273     607.35     334.35      17.24       0.60                                                  | 
  10021 d/p        NMC   174     360.90     186.90       2.28       0.00                                                  | 
  10010   p       SLAC   218     412.66     194.66       0.00       3.42                                                  | 
  10011   d       SLAC   228     370.79     142.79       0.00       4.57                                                  | 
['pdf']
JAM FITTER                                                                                                                | 1        pdf       db1 N   4.21357e-02
count = 600                                                                                                               | 2        pdf       db1 a   9.99074e-01
elapsed time(mins)=2.534197                                                                                               | 3        pdf       db1 b   5.26055e+00
shifts  = 2                                                                                                               | 4        pdf       dv1 a  -1.46601e-01
npts    = 1495                                                                                                            | 5        pdf       dv1 b   8.23885e+00
chi2    = 2990.362180                                                                                                     | 6        pdf        g1 a  -7.21669e-01
rchi2   = 60.125118                                                                                                       | 7        pdf        g1 b   2.84005e+00
nchi2   = 3.631852                                                                                                        | 8        pdf        s1 N   2.18844e-02
chi2tot = 3054.119149                                                                                                     | 9        pdf        s1 a  -9.90265e-01
dchi2(iter)  = 2565.825136                                                                                                | 10        pdf        s1 b   9.79448e+00
dchi2(local) = -266.637794                                                                                 [H[J[H[J               | 11        pdf      sea1 N   1.13000e-02
pdf dv(1):1.000000                                                                                                        | 12        pdf      sea1 a  -1.13629e+00
pdf db-ub(2):0.040210                                                                                                     | 13        pdf      sea1 b   9.58076e+00
pdf msr:1.000000                                                                                                          | 14        pdf       ub1 N   1.92540e-03
pdf db-ub(1):-1.790998                                                                                                    | 15        pdf       ub1 a  -9.91745e-01
pdf uv(1):2.000000                                                                                                        | 16        pdf       ub1 b   7.41661e+00
pdf s-sb(1):0.000000                                                                                                      | 17        pdf       uv1 a  -1.52948e-01
pdf s-sb(2):0.000000                                                                                                      | 18        pdf       uv1 b   3.09574e+00
                                                                                                                          | 19       norm       idis      10016  9.82771e-01
reaction: unpol DIS                                                                                                       | 20       norm       idis      10017  1.01319e+00
filters: Q2>1.690000                                                                                                      | 21       norm       idis      10010  1.02512e+00
filters: W2>10.000000                                                                                                     | 22       norm       idis      10011  1.02112e+00
    idx tar        col  npts       chi2  chi2-npts      rchi2      nchi2                                                  | 23       norm       idis      10020  1.00734e+00
  10016   p      BCDMS   348     713.91     365.91      27.18       0.33                                                  | 
  10017   d      BCDMS   254     529.38     275.38      15.85       0.19                                                  | 
  10020   p        NMC   273     607.15     334.15      14.82       0.13                                                  | 
  10021 d/p        NMC   174     355.92     181.92       2.28       0.00                                                  | 
  10010   p       SLAC   218     409.53     191.53       0.00       1.43                                                  | 
  10011   d       SLAC   228     374.48     146.48       0.00       1.54                                                  | 
['pdf']
JAM FITTER                                                                                                                | 1        pdf       db1 N   4.04296e-02
count = 700                                                                                                               | 2        pdf       db1 a   9.99984e-01
elapsed time(mins)=2.952713                                                                                               | 3        pdf       db1 b   5.19069e+00
shifts  = 3                                                                                                               | 4        pdf       dv1 a  -1.38833e-01
npts    = 1495                                                                                                            | 5        pdf       dv1 b   8.04112e+00
chi2    = 2987.159569                                                                                                     | 6        pdf        g1 a  -7.29776e-01
rchi2   = 57.687237                                                                                                       | 7        pdf        g1 b   2.70604e+00
nchi2   = 2.692895                                                                                                        | 8        pdf        s1 N   1.74340e-02
chi2tot = 3047.539701                                                                                                     | 9        pdf        s1 a  -9.97503e-01
dchi2(iter)  = 273.217243                                                                                                 | 10        pdf        s1 b   9.99641e+00
dchi2(local) = -273.217243                                                                                                | 11        pdf      sea1 N   1.18785e-02
pdf dv(1):1.000000                                                                                                        | 12        pdf      sea1 a  -1.11330e+00
pdf db-ub(2):0.038872                                                                                                     | 13        pdf      sea1 b   9.99043e+00
pdf msr:1.000000                                                                                                          | 14        pdf       ub1 N   1.55797e-03
pdf db-ub(1):-3.774613                                                                                                    | 15        pdf       ub1 a  -9.95679e-01
pdf uv(1):2.000000                                                                                                        | 16        pdf       ub1 b   9.92417e+00
pdf s-sb(1):-0.000000                                                                                                     | 17        pdf       uv1 a  -1.52139e-01
pdf s-sb(2):-0.000000                                                                                                     | 18        pdf       uv1 b   3.10391e+00
                                                                                                                          | 19       norm       idis      10016  9.81613e-01
reaction: unpol DIS                                                                                                       | 20       norm       idis      10017  1.01123e+00
filters: Q2>1.690000                                                                                                      | 21       norm       idis      10010  1.02170e+00
filters: W2>10.000000                                                                                                     | 22       norm       idis      10011  1.01707e+00
    idx tar        col  npts       chi2  chi2-npts      rchi2      nchi2                                                  | 23       norm       idis      10020  1.00635e+00
  10016   p      BCDMS   348     710.93     362.93      25.40       0.38                                                  | 
  10017   d      BCDMS   254     530.82     276.82      15.90       0.14                                                  | 
  10020   p        NMC   273     607.57     334.57      13.42       0.10                                                  | 
  10021 d/p        NMC   174     354.34     180.34       2.97       0.00                                                  | 
  10010   p       SLAC   218     409.69     191.69       0.00       1.07                                                  | 
  10011   d       SLAC   228     373.82     145.82       0.00       1.01                                                  | 
['pdf']
JAM FITTER                                                                                                                | 1        pdf       db1 N   4.10811e-02
count = 800                                                                                                               | 2        pdf       db1 a   9.99909e-01
elapsed time(mins)=3.376413                                                                                               | 3        pdf       db1 b   5.22074e+00
shifts  = 2                                                                                                               | 4        pdf       dv1 a  -1.38319e-01
npts    = 1495                                                                                                            | 5        pdf       dv1[H[J b   8.15830e+00
chi2    = 2987.049726                                                                                                     | 6        pdf        g1 a  -7.29579e-01
rchi2   = 57.588204                                                                                                       | 7        pdf        g1 b   2.71196e+00
nchi2   = 2.736873                                                                                                        | 8        pdf        s1 N   1.71372e-02
chi2tot = 3047.374803                                                                                                     | 9        pdf        s1 a  -9.99980e-01
dchi2(iter)  = 273.217243                                                                                                 | 10        pdf        s1 b   1.00000e+01
dchi2(local) = -0.164898                                                                                                  | 11        pdf      sea1 N   1.17893e-02
pdf dv(1):1.000000                                                                                                        | 12        pdf      sea1 a  -1.11824e+00
pdf db-ub(2):0.039331                                                                                                     | 13        pdf      sea1 b   1.00000e+01
pdf msr:1.000000                                                                                                          | 14        pdf       ub1 N   1.74979e-03
pdf db-ub(1):-0.171624                                                                                                    | 15        pdf       ub1 a  -9.43179e-01
pdf uv(1):2.000000                                                                                                        | 16        pdf       ub1 b   1.00000e+01
pdf s-sb(1):0.000000                                                                                                      | 17        pdf       uv1 a  -1.51994e-01
pdf s-sb(2):0.000000                                                                                                      | 18        pdf       uv1 b   3.10359e+00
                                                                                                                          | 19       norm       idis      10016  9.81831e-01
reaction: unpol DIS                                                                                                       | 20       norm       idis      10017  1.01142e+00
filters: Q2>1.690000                                                                                                      | 21       norm       idis      10010  1.02192e+00
filters: W2>10.000000                                                                                                     | 22       norm       idis      10011  1.01723e+00
    idx tar        col  npts       chi2  chi2-npts      rchi2      nchi2                                                  | 23       norm       idis      10020  1.00658e+00
  10016   p      BCDMS   348     711.03     363.03      25.44       0.37                                                  | 
  10017   d      BCDMS   254     530.68     276.68      15.79       0.14                                                  | 
  10020   p        NMC   273     607.35     334.35      13.34       0.11                                                  | 
  10021 d/p        NMC   174     354.12     180.12       3.02       0.00                                                  | 
  10010   p       SLAC   218     409.55     191.55       0.00       1.09                                                  | 
  10011   d       SLAC   228     374.31     146.31       0.00       1.03                                                  | 
['pdf']
JAM FITTER                                                                                                                | 1        pdf       db1 N   4.10386e-02
count = 893                                                                                                               | 2        pdf       db1 a   9.99976e-01
elapsed time(mins)=3.768899                                                                                               | 3        pdf       db1 b   5.21894e+00
shifts  = 2                                                                                                               | 4        pdf       dv1 a  -1.38345e-01
npts    = 1495                                                                                                            | 5        pdf       dv1 b   8.15079e+00
chi2    = 2987.056503                                                                                                     | 6        pdf        g1 a  -7.29339e-01
rchi2   = 57.586532                                                                                                       | 7        pdf        g1 b   2.71273e+00
nchi2   = 2.731479                                                                                                        | 8        pdf        s1 N   1.71967e-02
chi2tot = 3047.374514                                                                                                     | 9        pdf        s1 a  -9.99998e-01
dchi2(iter)  = 273.217243                                                                                                 | 10        pdf        s1 b   1.00000e+01
dchi2(local) = -0.165187                                                                                                  | 11        pdf      sea1 N   1.17875e-02
pdf dv(1):1.000000                                                                                                        | 12        pdf      sea1 a  -1.11791e+00
pdf db-ub(2):0.039302                                                                                                     | 13        pdf      sea1 b   1.00000e+01
pdf msr:1.000000                                                                                                          | 14        pdf       ub1 N   1.73706e-03
pdf db-ub(1):-0.190743                                                                                                    | 15        pdf       ub1 a  -9.46575e-01
pdf uv(1):2.000000                                                                                                        | 16        pdf       ub1 b   1.00000e+01
pdf s-sb(1):-0.000000                                                                                                     | 17        pdf       uv1 a  -1.51998e-01
pdf s-sb(2):-0.000000                                                                                                     | 18        pdf       uv1 b   3.10364e+00
                                                                                                                          | 19       norm       idis      10016  9.81805e-01
reaction: unpol DIS                                                                                                       | 20       norm       idis      10017  1.01139e+00
filters: Q2>1.690000                                                                                                      | 21       norm       idis      10010  1.02190e+00
filters: W2>10.000000                                                                                                     | 22       norm       idis      10011  1.01721e+00
    idx tar        col  npts       chi2  chi2-npts      rchi2      nchi2                                                  | 23       norm       idis      10020  1.00656e+00
  10016   p      BCDMS   348     711.02     363.02      25.43       0.37                                                  | 
  10017   d      BCDMS   254     530.69     276.69      15.80       0.14                                                  | 
  10020   p        NMC   273     607.37     334.37      13.35       0.11                                                  | 
  10021 d/p        NMC   174     354.13     180.13       3.02       0.00                                                  | 
  10010   p       SLAC   218     409.57     191.57       0.00       1.09                                                  | 
  10011   d       SLAC   228     374.28     146.28       0.00       1.02                                                  | 
