('active', 'pdf')

--step 1: npQCD objects = pdf , datasets = idis , tmc = False , ht = False
loading idis data sets 10016
loading idis data sets 10017
loading idis data sets 10020
loading idis data sets 10021
loading idis data sets 10010
loading idis data sets 10011
Loading DIS tables...
10016 has norm uncertainty
10017 has norm uncertainty
10020 has norm uncertainty
10010 has norm uncertainty
10011 has norm uncertainty
[H[J[H[J[H[J[H[J[H[J[H[J[H[J[H[J[H[J[H[J[H[J[H[J[H[J[H[J[H[J[H[J[H[J[H[J[H[J['pdf']
JAM FITTER                                                                                                                | 1        pdf       db1 N   1.04707e-03
count = 100                                                                                                               | 2        pdf       db1 a  -9.74700e-01
elapsed time(mins)=0.976767                                                                                               | 3        pdf       db1 b   5.28396e+00
shifts  = 2                                                                                                               | 4        pdf       dv1 a  -3.65472e-01
npts    = 1495                                                                                                            | 5        pdf       dv1 b   9.31023e+00
chi2    = 64908.566872                                                                                                    | 6        pdf        g1 a   4.24035e-01
rchi2   = 12051.380260                                                                                                    | 7        pdf        g1 b   8.14475e-01
nchi2   = 297.346979                                                                                                      | 8        pdf        s1 N   3.17657e-02
chi2tot = 77257.294112                                                                                                    | 9        pdf        s1 a  -7.55393e-01
dchi2(iter)  = 0.000000                                                                                                   | 10        pdf        s1 b   9.87845e+00
dchi2(local) = -inf                                                                                                       | 11        pdf      sea1 N   9.05548e-02
pdf dv(1):1.000000                                                                                                        | 12        pdf      sea1 a  -1.65661e+00
pdf db-ub(2):-0.053892                                                                                                    | 13        pdf      sea1 b   1.12853e+00
pdf msr:1.000000                                                                                                          | 14        pdf       ub1 N   5.49393e-02
pdf db-ub(1):-37.297319                                                                                                   | 15        pdf       ub1 a  -9.85420e-01
pdf uv(1):2.000000                                                                                                        | 16        pdf       ub1 b   8.95275e+00
pdf s-sb(1):0.000000                                                                                                      | 17        pdf       uv1 a  -7.83582e-02
pdf s-sb(2):0.000000                                                                                                      | 18        pdf       uv1 b   2.84860e+00
                                                                                                                          | 19       norm       idis      10016  1.09714e+00
reaction: unpol DIS                                                                                                       | 20       norm       idis      10017  1.04033e+00
filters: Q2>1.690000                                                                                                      | 21       norm       idis      10010  1.16441e+00
filters: W2>10.000000                                                                                                     | 22       norm       idis      10011  1.18989e+00
    idx tar        col  npts       chi2  chi2-npts      rchi2      nchi2                                                  | 23       norm       idis      10020  1.19899e+00
  10016   p      BCDMS   348    3742.94    3394.94    2027.71      10.48                                                  | 
  10017   d      BCDMS   254    5195.43    4941.43     643.39       1.81                                                  | 
  10020   p        NMC   273   24350.64   24077.64    7451.28      98.99                                                  | 
  10021 d/p        NMC   174    2576.01    2402.01    1928.99       0.00                                                  | 
  10010   p       SLAC   218   19092.52   18874.52       0.00      61.30                                                  | 
  10011   d       SLAC   228    9951.02    9723.02       0.00     124.77                                                  | 
['pdf']
JAM FITTER                                                                                                                | 1        pdf       db1 N   6.50642e-02
count = 200                                                                                                               | 2        pdf       db1 a  -7.13291e-02
elapsed time(mins)=1.951382                                                                                               | 3        pdf       db1 b   3.91175e+00
shifts  = 2                                                                                                               | 4        pdf       dv1 a  -4.59215e-01
npts    = 1495                                                                                                            | 5        pdf       dv1 b   8.46745e+00
chi2    = 4953.801675                                                                                                     | 6        pdf        g1 a  -1.39150e+00
rchi2   = 354.365411                                                                                                      | 7        pdf        g1 b   3.03550e+00
nchi2   = 311.847572                                                                                                      | 8        pdf        s1 N   2.14781e-02
chi2tot = 5620.014658                                                                                                     | 9        pdf        s1 a  -8.06080e-01
dchi2(iter)  = 0.000000                                                                                                   | 10        pdf        s1 b   9.78006e+00
dchi2(local) = -inf                                                                                                       | 11        pdf      sea1 N   2.67441e-02
pdf dv(1):1.000000                                                                                                        | 12        pdf      sea1 a  -1.69363e+00
pdf db-ub(2):0.046300                                                                                                     | 13        pdf      sea1 b   8.01279e-01
pdf msr:1.000000                                                                                                          | 14        pdf       ub1 N   1.87647e-02
pdf db-ub(1):-0.338635                                                                                                    | 15        pdf       ub1 a  -8.08391e-01
pdf uv(1):2.000000                                                                                                        | 16        pdf       ub1 b   6.44454e+00
pdf s-sb(1):0.000000                                                                                                      | 17        pdf       uv1 a  -8.40036e-02
pdf s-sb(2):0.000000                                                                                                      | 18        pdf       uv1 b   3.19317e+00
                                                                                                                          | 19       norm       idis      10016  1.13244e+00
reaction: unpol DIS                                                                                                       | 20       norm       idis      10017  1.16258e+00
filters: Q2>1.690000                                                                                                      | 21       norm       idis      10010  1.19066e+00
filters: W2>10.000000                                                                                                     | 22       norm       idis      10011  1.19997e+00
    idx tar        col  npts       chi2  chi2-npts      rchi2      nchi2                                                  | 23       norm       idis      10020  1.12992e+00
  10016   p      BCDMS   348     924.56     576.56      21.65      19.49                                                  | 
  10017   d      BCDMS   254     635.47     381.47      66.51      29.37                                                  | 
  10020   p        NMC   273    2086.21    1813.21     210.93      42.20                                                  | 
  10021 d/p        NMC   174     465.59     291.59      55.28       0.00                                                  | 
  10010   p       SLAC   218     403.44     185.44       0.00      82.43                                                  | 
  10011   d       SLAC   228     438.52     210.52       0.00     138.36                                                  | 
['pdf']
JAM FITTER                                                                                                                | 1        pdf       db1 N   7.31559e-02
count = 300                                                                                                               | 2        pdf       db1 a  -6.59264e-02
elapsed time(mins)=2.925434                                                                                               | 3        pdf       db1 b   4.31664e+00
shifts  = 2                                                                                                               | 4        pdf       dv1 a  -4.93057e-01
npts    = 1495                                                                                                            | 5        pdf       dv1 b   9.49570e+00
chi2    = 2835.525260                                                                                                     | 6        pdf        g1 a  -5.68866e-01
rchi2   = 92.107753                                                                                                       | 7        pdf        g1 b   5.06160e+00
nchi2   = 91.035783                                                                                                       | 8        pdf        s1 N   1.61040e-02
chi2tot = 3018.668795                                                                                                     | 9        pdf        s1 a  -8.62379e-01
dchi2(iter)  = 0.000000                                                                                                   | 10        pdf        s1 b   8.46078e+00
dchi2(local) = -inf                                                                                                       | 11        pdf      sea1 N   1.29533e-02
pdf dv(1):1.000000                                                                                                        | 12        pdf      sea1 a  -1.44423e+00
pdf db-ub(2):0.060776                                                                                                     | 13        pdf      sea1 b   1.93845e+00
pdf msr:1.000000                                                                                                          | 14        pdf       ub1 N   1.23795e-02
pdf db-ub(1):-0.447448                                                                                                    | 15        pdf       ub1 a  -8.71139e-01
pdf uv(1):2.000000                                                                                                        | 16        pdf       ub1 b   8.62460e+00
pdf s-sb(1):0.000000                                                                                                      | 17        pdf       uv1 a  -1.14233e-01
pdf s-sb(2):0.000000                                                                                                      | 18        pdf       uv1 b   3.14241e+00
                                                                                                                          | 19       norm       idis      10016  1.04950e+00
reaction: unpol DIS                                                                                                       | 20       norm       idis      10017  1.08218e+00
filters: Q2>1.690000                                                                                                      | 21       norm       idis      10010  1.10797e+00
filters: W2>10.000000                                                                                                     | 22       norm       idis      10011  1.11690e+00
    idx tar        col  npts       chi2  chi2-npts      rchi2      nchi2                                                  | 23       norm       idis      10020  1.05326e+00
  10016   p      BCDMS   348     704.22     356.22      33.08       2.72                                                  | 
  10017   d      BCDMS   254     479.07     225.07      21.96       7.50                                                  | 
  10020   p        NMC   273     556.44     283.44      33.97       7.09                                                  | 
  10021 d/p        NMC   174     351.16     177.16       3.09       0.00                                                  | 
  10010   p       SLAC   218     387.01     169.01       0.00      26.43                                                  | 
  10011   d       SLAC   228     357.62     129.62       0.00      47.28                                                  | 
['pdf']
JAM FITTER                                                                                                                | 1        pdf       db1 N   6.81139e-02
count = 400                                                                                                               | 2        pdf       db1 a   1.48056e-01
elapsed time(mins)=3.900672                                                                                               | 3        pdf       db1 b   4.65932e+00
shifts  = 3                                                                                                               | 4        pdf       dv1 a  -4.99685e-01
npts    = 1495                                                                                                            | 5        pdf       dv1 b   9.47246e+00
chi2    = 2799.037555                                                                                                     | 6        pdf        g1 a  -5.57892e-01
rchi2   = 72.025923                                                                                                       | 7        pdf        g1 b   4.76853e+00
nchi2   = 8.036365                                                                                                        | 8        pdf        s1 N   5.15385e-02
chi2tot = 2879.099843                                                                                                     | 9        pdf        s1 a  -9.67749e-01
dchi2(iter)  = inf                                                                                                        | 10        pdf        s1 b   9.47812e+00
dchi2(local) = -inf                                                                                                       | 11        pdf      sea1 N   4.16998e-03
pdf dv(1):1.000000                                                                                                        | 12        pdf      sea1 a  -1.64545e+00
pdf db-ub(2):0.060986                                                                                                     | 13        pdf      sea1 b   3.30347e+00
pdf msr:1.000000                                                                                                          | 14        pdf       ub1 N   7.12785e-03
pdf db-ub(1):-1.254356                                                                                                    | 15        pdf       ub1 a  -9.54382e-01
pdf uv(1):2.000000                                                                                                        | 16        pdf       ub1 b   9.56704e+00
pdf s-sb(1):-0.000000                                                                                                     | 17        pdf       uv1 a  -1.47316e-01
pdf s-sb(2):-0.000000                                                                                                     | 18        pdf       uv1 b   3.10156e+00
                                                                                                                          | 19       norm       idis      10016  9.83756e-01
reaction: unpol DIS                                                                                                       | 20       norm       idis      10017  1.01418e+00
filters: Q2>1.690000                                                                                                      | 21       norm       idis      10010  1.03423e+00
filters: W2>10.000000                                                                                                     | 22       norm       idis      10011  1.03746e+00
    idx tar        col  npts       chi2  chi2-npts      rchi2      nchi2                                                  | 23       norm       idis      10020  1.00165e+00
  10016   p      BCDMS   348     705.61     357.61      33.27       0.29                                                  | 
  10017   d      BCDMS   254     471.88     217.88      16.69       0.22                                                  | 
  10020   p        NMC   273     539.63     266.63      20.19       0.01                                                  | 
  10021 d/p        NMC   174     350.17     176.17       1.88       0.00                                                  | 
  10010   p       SLAC   218     378.73     160.73       0.00       2.66                                                  | 
  10011   d       SLAC   228     353.01     125.01       0.00       4.86                                                  | 
['pdf']
JAM FITTER                                                                                                                | 1        pdf       db1 N   6.66537e-02
count = 500                                                                                                               | 2        pdf       db1 a   1.55540e-01
elapsed time(mins)=4.875854                                                                                               | 3        pdf       db1 b   4.63073e+00
shifts  = 3                                                                                                               | 4        pdf       dv1 a  -4.89422e-01
npts    = 1495                                                                                                            | 5        pdf       dv1 b   9.03747e+00
chi2    = 2788.684252                                                                                                     | 6        pdf        g1 a  -6.07708e-01
rchi2   = 72.370717                                                                                                       | 7        pdf        g1 b   4.34467e+00
nchi2   = 4.611261                                                                                                        | 8        pdf        s1 N   5.70676e-02
chi2tot = 2865.666230                                                                                                     | 9        pdf        s1 a  -9.97075e-01
dchi2(iter)  = 13.433613                                                                                                  | 10        pdf        s1 b   9.95219e+00
dchi2(local) = -13.433613                                                                                                 | 11        pdf      sea1 N   2.75254e-03
pdf dv(1):1.000000                                                                                                        | 12        pdf      sea1 a  -1.77448e+00
pdf db-ub(2):0.060008                                                                                                     | 13        pdf      sea1 b   6.30478e+00
pdf msr:1.000000                                                                                                          | 14        pdf       ub1 N   6.64535e-03
pdf db-ub(1):-0.950656                                                                                                    | 15        pdf       ub1 a  -9.45463e-01
pdf uv(1):2.000000                                                                                                        | 16        pdf       ub1 b   9.95983e+00
pdf s-sb(1):0.000000                                                                                                      | 17        pdf       uv1 a  -1.49277e-01
pdf s-sb(2):-0.000000                                                                                                     | 18        pdf       uv1 b   3.10870e+00
                                                                                                                          | 19       norm       idis      10016  9.75015e-01
reaction: unpol DIS                                                                                                       | 20       norm       idis      10017  1.00514e+00
filters: Q2>1.690000                                                                                                      | 21       norm       idis      10010  1.02366e+00
filters: W2>10.000000                                                                                                     | 22       norm       idis      10011  1.02688e+00
    idx tar        col  npts       chi2  chi2-npts      rchi2      nchi2                                                  | 23       norm       idis      10020  9.93077e-01
  10016   p      BCDMS   348     699.87     351.87      33.25       0.69                                                  | 
  10017   d      BCDMS   254     472.41     218.41      17.28       0.03                                                  | 
  10020   p        NMC   273     539.58     266.58      20.08       0.12                                                  | 
  10021 d/p        NMC   174     347.29     173.29       1.77       0.00                                                  | 
  10010   p       SLAC   218     377.35     159.35       0.00       1.27                                                  | 
  10011   d       SLAC   228     352.18     124.18       0.00       2.50                                                  | 
['pdf']
JAM FITTER                                                                                                                | 1        pdf       db1 N   6.30380e-02
count = 600                                                                                                               | 2        pdf       db1 a   2.41258e-01
elapsed time(mins)=5.851709                                                                                               | 3        pdf       db1 b   4.67384e+00
shifts  = 3                                                                                                               | 4        pdf       dv1 a  -4.11182e-01
npts    = 1495                                                                                                            | 5        pdf       dv1 b   9.06708e+00
chi2    = 2788.773188                                                                                                     | 6        pdf        g1 a  -6.28975e-01
rchi2   = 68.651201                                                                                                       | 7        pdf        g1 b   4.08735e+00
nchi2   = 4.482747                                                                                                        | 8        pdf        s1 N   5.10233e-02
chi2tot = 2861.907136                                                                                                     | 9        pdf        s1 a  -9.99335e-01
dchi2(iter)  = 3.759094                                                                                                   | 10        pdf        s1 b   9.99986e+00
dchi2(local) = -3.759094                                                                                                  | 11        pdf      sea1 N   3.16475e-03
pdf dv(1):1.000000                                                                                                        | 12        pdf      sea1 a  -1.53302e+00
pdf db-ub(2):0.056602                                                                                                     | 13        pdf      sea1 b   9.63106e+00
pdf msr:1.000000                                                                                                          | 14        pdf       ub1 N   6.43640e-03
pdf db-ub(1):-0.252161                                                                                                    | 15        pdf       ub1 a  -8.81389e-01
pdf uv(1):2.000000                                                                                                        | 16        pdf       ub1 b   9.99999e+00
pdf s-sb(1):0.000000                                                                                                      | 17        pdf       uv1 a  -1.48540e-01
pdf s-sb(2):0.000000                                                                                                      | 18        pdf       uv1 b   3.11110e+00
                                                                                                                          | 19       norm       idis      10016  9.77045e-01
reaction: unpol DIS                                                                                                       | 20       norm       idis      10017  1.00705e+00
filters: Q2>1.690000                                                                                                      | 21       norm       idis      10010  1.02359e+00
filters: W2>10.000000                                                                                                     | 22       norm       idis      10011  1.02663e+00
    idx tar        col  npts       chi2  chi2-npts      rchi2      nchi2                                                  | 23       norm       idis      10020  9.92885e-01
  10016   p      BCDMS   348     700.47     352.47      30.95       0.59                                                  | 
  10017   d      BCDMS   254     474.59     220.59      16.63       0.06                                                  | 
  10020   p        NMC   273     540.62     267.62      19.34       0.13                                                  | 
  10021 d/p        NMC   174     344.67     170.67       1.73       0.00                                                  | 
  10010   p       SLAC   218     377.46     159.46       0.00       1.26                                                  | 
  10011   d       SLAC   228     350.97     122.97       0.00       2.45                                                  | 
['pdf']
JAM FITTER                                                                                                                | 1        pdf       db1 N   5.57198e-02
count = 700                                                                                                               | 2        pdf       db1 a   5.24760e-01
elapsed time(mins)=6.819427                                                                                               | 3        pdf       db1 b   4.93876e+00
shifts  = 1                                                                                                               | 4        pdf       dv1 a  -2.50246e-01
npts    = 1495                                                                                                            | 5        pdf       dv1 b   9.45280e+00
chi2    = 2788.874356                                                                                                     | 6        pdf        g1 a  -6.62542e-01
rchi2   = 66.940523                                                                                                       | 7        pdf        g1 b   3.76913e+00
nchi2   = 3.917967                                                                                                        | 8        pdf        s1 N   4.16347e-02
chi2tot = 2859.732846                                                                                                     | 9        pdf        s1 a  -9.99761e-01
dchi2(iter)  = 3.759094                                                                                                   | 10        pdf        s1 b   1.00000e+01
dchi2(local) = -2.174290                                                                                                  | 11        pdf      sea1 N   5.41797e-03
pdf dv(1):1.000000                                                                                                        | 12        pdf      sea1 a  -1.33180e+00
pdf db-ub(2):0.050644                                                                                                     | 13        pdf      sea1 b   9.98412e+00
pdf msr:1.000000                                                                                                          | 14        pdf       ub1 N   5.07572e-03
pdf db-ub(1):-0.014705                                                                                                    | 15        pdf       ub1 a  -8.02271e-01
pdf uv(1):2.000000                                                                                                        | 16        pdf       ub1 b   1.00000e+01
pdf s-sb(1):0.000000                                                                                                      | 17        pdf       uv1 a  -1.50256e-01
pdf s-sb(2):0.000000                                                                                                      | 18        pdf       uv1 b   3.10771e+00
                                                                                                                          | 19       norm       idis      10016  9.77397e-01
reaction: unpol DIS                                                                                                       | 20       norm       idis      10017  1.00735e+00
filters: Q2>1.690000                                                                                                      | 21       norm       idis      10010  1.02160e+00
filters: W2>10.000000                                                                                                     | 22       norm       idis      10011  1.02432e+00
    idx tar        col  npts       chi2  chi2-npts      rchi2      nchi2                                                  | 23       norm       idis      10020  9.91379e-01
  10016   p      BCDMS   348     699.86     351.86      30.02       0.57                                                  | 
  10017   d      BCDMS   254     475.50     221.50      16.09       0.06                                                  | 
  10020   p        NMC   273     541.91     268.91      19.13       0.19                                                  | 
  10021 d/p        NMC   174     344.24     170.24       1.70       0.00                                                  | 
  10010   p       SLAC   218     377.24     159.24       0.00       1.06                                                  | 
  10011   d       SLAC   228     350.13     122.13       0.00       2.05                                                  | 
['pdf']
JAM FITTER                                                                                                                | 1        pdf       db1 N   5.13065e-02
count = 800                                                                                                               | 2        pdf       db1 a   7.17436e-01
elapsed time(mins)=7.794725                                                                                               | 3        pdf       db1 b   5.10662e+00
shifts  = 2                                                                                                               | 4        pdf       dv1 a  -1.67859e-01
npts    = 1495                                                                                                            | 5        pdf       dv1 b   9.47839e+00
chi2    = 2789.740016                                                                                                     | 6        pdf        g1 a  -6.82601e-01
rchi2   = 65.645289                                                                                                       | 7        pdf        g1 b   3.59552e+00
nchi2   = 3.607004                                                                                                        | 8        pdf        s1 N   3.52707e-02
chi2tot = 2858.992309                                                                                                     | 9        pdf        s1 a  -9.98849e-01
dchi2(iter)  = 3.759094                                                                                                   | 10        pdf        s1 b   1.00000e+01
dchi2(local) = -2.914827                                                                                                  | 11        pdf      sea1 N   7.13294e-03
pdf dv(1):1.000000                                                                                                        | 12        pdf      sea1 a  -1.25797e+00
pdf db-ub(2):0.047262                                                                                                     | 13        pdf      sea1 b   9.99991e+00
pdf msr:1.000000                                                                                                          | 14        pdf       ub1 N   4.04437e-03
pdf db-ub(1):0.038677                                                                                                     | 15        pdf       ub1 a  -7.67095e-01
pdf uv(1):2.000000                                                                                                        | 16        pdf       ub1 b   1.00000e+01
pdf s-sb(1):0.000000                                                                                                      | 17        pdf       uv1 a  -1.51115e-01
pdf s-sb(2):0.000000                                                                                                      | 18        pdf       uv1 b   3.10606e+00
                                                                                                                          | 19       norm       idis      10016  9.77620e-01
reaction: unpol DIS                                                                                                       | 20       norm       idis      10017  1.00755e+00
filters: Q2>1.690000                                                                                                      | 21       norm       idis      10010  1.02044e+00
filters: W2>10.000000                                                                                                     | 22       norm       idis      10011  1.02298e+00
    idx tar        col  npts       chi2  chi2-npts      rchi2      nchi2                                                  | 23       norm       idis      10020  9.90792e-01
  10016   p      BCDMS   348     699.15     351.15      29.54       0.56                                                  | 
  10017   d      BCDMS   254     476.10     222.10      15.87       0.06                                                  | 
  10020   p        NMC   273     543.23     270.23      18.58       0.21                                                  | 
  10021 d/p        NMC   174     343.96     169.96       1.65       0.00                                                  | 
  10010   p       SLAC   218     377.44     159.44       0.00       0.95                                                  | 
  10011   d       SLAC   228     349.86     121.86       0.00       1.83                                                  | 
['pdf']
JAM FITTER                                                                                                                | 1        pdf       db1 N   4.88977e-02
count = 900                                                                                                               | 2        pdf       db1 a   8.21946e-01
elapsed time(mins)=8.761380                                                                                               | 3        pdf       db1 b   5.18578e+00
shifts  = 2                                                                                                               | 4        pdf       dv1 a  -1.36701e-01
npts    = 1495                                                                                                            | 5        pdf       dv1 b   9.35048e+00
chi2    = 2789.617581                                                                                                     | 6        pdf        g1 a  -6.85845e-01
rchi2   = 65.464908                                                                                                       | 7        pdf        g1 b   3.57389e+00
nchi2   = 3.614958                                                                                                        | 8        pdf        s1 N   3.33381e-02
chi2tot = 2858.697448                                                                                                     | 9        pdf        s1 a  -9.44247e-01
dchi2(iter)  = 3.759094                                                                                                   | 10        pdf        s1 b   1.00000e+01
dchi2(local) = -3.209688                                                                                                  | 11        pdf      sea1 N   8.03192e-03
pdf dv(1):1.000000                                                                                                        | 12        pdf      sea1 a  -1.24682e+00
pdf db-ub(2):0.045552                                                                                                     | 13        pdf      sea1 b   9.99999e+00
pdf msr:1.000000                                                                                                          | 14        pdf       ub1 N   3.34533e-03
pdf db-ub(1):0.043281                                                                                                     | 15        pdf       ub1 a  -7.81333e-01
pdf uv(1):2.000000                                                                                                        | 16        pdf       ub1 b   1.00000e+01
pdf s-sb(1):0.000000                                                                                                      | 17        pdf       uv1 a  -1.51090e-01
pdf s-sb(2):0.000000                                                                                                      | 18        pdf       uv1 b   3.10552e+00
                                                                                                                          | 19       norm       idis      10016  9.77899e-01
reaction: unpol DIS                                                                                                       | 20       norm       idis      10017  1.00786e+00
filters: Q2>1.690000                                                                                                      | 21       norm       idis      10010  1.02055e+00
filters: W2>10.000000                                                                                                     | 22       norm       idis      10011  1.02307e+00
    idx tar        col  npts       chi2  chi2-npts      rchi2      nchi2                                                  | 23       norm       idis      10020  9.90942e-01
  10016   p      BCDMS   348     699.18     351.18      29.58       0.54                                                  | 
  10017   d      BCDMS   254     476.22     222.22      15.83       0.07                                                  | 
  10020   p        NMC   273     543.21     270.21      18.44       0.21                                                  | 
  10021 d/p        NMC   174     343.87     169.87       1.61       0.00                                                  | 
  10010   p       SLAC   218     377.34     159.34       0.00       0.96                                                  | 
  10011   d       SLAC   228     349.80     121.80       0.00       1.84                                                  | 
['pdf']
JAM FITTER                                                                                                                | 1        pdf       db1 N   4.71037e-02
count = 1000                                                                                                              | 2        pdf       db1 a   9.02873e-01
elapsed time(mins)=9.728825                                                                                               | 3        pdf       db1 b   5.24511e+00
shifts  = 2                                                                                                               | 4        pdf       dv1 a  -1.11589e-01
npts    = 1495                                                                                                            | 5        pdf       dv1 b   9.27209e+00
chi2    = 2789.754595                                                                                                     | 6        pdf        g1 a  -6.86250e-01
rchi2   = 65.336763                                                                                                       | 7        pdf        g1 b   3.55682e+00
nchi2   = 3.509608                                                                                                        | 8        pdf        s1 N   3.31431e-02
chi2tot = 2858.600966                                                                                                     | 9        pdf        s1 a  -9.33653e-01
dchi2(iter)  = 3.759094                                                                                                   | 10        pdf        s1 b   1.00000e+01
dchi2(local) = -3.306170                                                                                                  | 11        pdf      sea1 N   8.39486e-03
pdf dv(1):1.000000                                                                                                        | 12        pdf      sea1 a  -1.23616e+00
pdf db-ub(2):0.044226                                                                                                     | 13        pdf      sea1 b   1.00000e+01
pdf msr:1.000000                                                                                                          | 14        pdf       ub1 N   2.87756e-03
pdf db-ub(1):0.053074                                                                                                     | 15        pdf       ub1 a  -7.82816e-01
pdf uv(1):2.000000                                                                                                        | 16        pdf       ub1 b   1.00000e+01
pdf s-sb(1):0.000000                                                                                                      | 17        pdf       uv1 a  -1.51506e-01
pdf s-sb(2):0.000000                                                                                                      | 18        pdf       uv1 b   3.10491e+00
                                                                                                                          | 19       norm       idis      10016  9.77531e-01
reaction: unpol DIS                                                                                                       | 20       norm       idis      10017  1.00747e+00
filters: Q2>1.690000                                                                                                      | 21       norm       idis      10010  1.02002e+00
filters: W2>10.000000                                                                                                     | 22       norm       idis      10011  1.02252e+00
    idx tar        col  npts       chi2  chi2-npts      rchi2      nchi2                                                  | 23       norm       idis      10020  9.90533e-01
  10016   p      BCDMS   348     699.01     351.01      29.57       0.56                                                  | 
  10017   d      BCDMS   254     476.39     222.39      15.83       0.06                                                  | 
  10020   p        NMC   273     543.68     270.68      18.37       0.22                                                  | 
  10021 d/p        NMC   174     343.61     169.61       1.57       0.00                                                  | 
  10010   p       SLAC   218     377.31     159.31       0.00       0.91                                                  | 
  10011   d       SLAC   228     349.76     121.76       0.00       1.75                                                  | 
['pdf']
JAM FITTER                                                                                                                | 1        pdf       db1 N   4.62010e-02
count = 1100                                                                                                              | 2        pdf       db1 a   9.58602e-01
elapsed time(mins)=10.700427                                                                                              | 3        pdf       db1 b   5.29934e+00
shifts  = 2                                                                                                               | 4        pdf       dv1 a  -9.37773e-02
npts    = 1495                                                                                                            | 5        pdf       dv1 b   9.28752e+00
chi2    = 2789.814727                                                                                                     | 6        pdf        g1 a  -6.85371e-01
rchi2   = 65.293663                                                                                                       | 7        pdf        g1 b   3.55500e+00
nchi2   = 3.456211                                                                                                        | 8        pdf        s1 N   3.29769e-02
chi2tot = 2858.564601                                                                                                     | 9        pdf        s1 a  -9.32382e-01
dchi2(iter)  = 3.759094                                                                                                   | 10        pdf        s1 b   1.00000e+01
dchi2(local) = -3.342535                                                                                                  | 11        pdf      sea1 N   8.56647e-03
pdf dv(1):1.000000                                                                                                        | 12        pdf      sea1 a  -1.23093e+00
pdf db-ub(2):0.043527                                                                                                     | 13        pdf      sea1 b   1.00000e+01
pdf msr:1.000000                                                                                                          | 14        pdf       ub1 N   2.67374e-03
pdf db-ub(1):0.063177                                                                                                     | 15        pdf       ub1 a  -7.71908e-01
pdf uv(1):2.000000                                                                                                        | 16        pdf       ub1 b   1.00000e+01
pdf s-sb(1):0.000000                                                                                                      | 17        pdf       uv1 a  -1.51795e-01
pdf s-sb(2):0.000000                                                                                                      | 18        pdf       uv1 b   3.10418e+00
                                                                                                                          | 19       norm       idis      10016  9.77340e-01
reaction: unpol DIS                                                                                                       | 20       norm       idis      10017  1.00727e+00
filters: Q2>1.690000                                                                                                      | 21       norm       idis      10010  1.01975e+00
filters: W2>10.000000                                                                                                     | 22       norm       idis      10011  1.02222e+00
    idx tar        col  npts       chi2  chi2-npts      rchi2      nchi2                                                  | 23       norm       idis      10020  9.90306e-01
  10016   p      BCDMS   348     699.11     351.11      29.60       0.57                                                  | 
  10017   d      BCDMS   254     476.34     222.34      15.74       0.06                                                  | 
  10020   p        NMC   273     543.69     270.69      18.39       0.23                                                  | 
  10021 d/p        NMC   174     343.73     169.73       1.56       0.00                                                  | 
  10010   p       SLAC   218     377.18     159.18       0.00       0.88                                                  | 
  10011   d       SLAC   228     349.76     121.76       0.00       1.71                                                  | 
['pdf']
JAM FITTER                                                                                                                | 1        pdf       db1 N   4.59126e-02
count = 1200                                                                                                              | 2        pdf       db1 a   9.69464e-01
elapsed time(mins)=11.668030                                                                                              | 3        pdf       db1 b   5.30467e+00
shifts  = 2                                                                                                               | 4        pdf       dv1 a  -9.22251e-02
npts    = 1495                                                                                                            | 5        pdf       dv1 b   9.25313e+00
chi2    = 2789.805747                                                                                                     | 6        pdf        g1 a  -6.85826e-01
rchi2   = 65.285525                                                                                                       | 7        pdf        g1 b   3.55153e+00
nchi2   = 3.461929                                                                                                        | 8        pdf        s1 N   3.26525e-02
chi2tot = 2858.553200                                                                                                     | 9        pdf        s1 a  -9.19922e-01
dchi2(iter)  = 3.759094                                                                                                   | 10        pdf        s1 b   1.00000e+01
dchi2(local) = -3.353936                                                                                                  | 11        pdf      sea1 N   8.70567e-03
pdf dv(1):1.000000                                                                                                        | 12        pdf      sea1 a  -1.22976e+00
pdf db-ub(2):0.043338                                                                                                     | 13        pdf      sea1 b   1.00000e+01
pdf msr:1.000000                                                                                                          | 14        pdf       ub1 N   2.57488e-03
pdf db-ub(1):0.059689                                                                                                     | 15        pdf       ub1 a  -7.83168e-01
pdf uv(1):2.000000                                                                                                        | 16        pdf       ub1 b   1.00000e+01
pdf s-sb(1):0.000000                                                                                                      | 17        pdf       uv1 a  -1.51763e-01
pdf s-sb(2):0.000000                                                                                                      | 18        pdf       uv1 b   3.10415e+00
                                                                                                                          | 19       norm       idis      10016  9.77414e-01
reaction: unpol DIS                                                                                                       | 20       norm       idis      10017  1.00735e+00
filters: Q2>1.690000                                                                                                      | 21       norm       idis      10010  1.01979e+00
filters: W2>10.000000                                                                                                     | 22       norm       idis      10011  1.02226e+00
    idx tar        col  npts       chi2  chi2-npts      rchi2      nchi2                                                  | 23       norm       idis      10020  9.90368e-01
  10016   p      BCDMS   348     699.13     351.13      29.60       0.57                                                  | 
  10017   d      BCDMS   254     476.36     222.36      15.74       0.06                                                  | 
  10020   p        NMC   273     543.65     270.65      18.38       0.23                                                  | 
  10021 d/p        NMC   174     343.73     169.73       1.56       0.00                                                  | 
  10010   p       SLAC   218     377.16     159.16       0.00       0.89                                                  | 
  10011   d       SLAC   228     349.77     121.77       0.00       1.71                                                  | 
['pdf']
JAM FITTER                                                                                                                | 1        pdf       db1 N   4.56979e-02
count = 1300                                                                                                              | 2        pdf       db1 a   9.79612e-01
elapsed time(mins)=12.636502                                                                                              | 3        pdf       db1 b   5.31187e+00
shifts  = 2                                                                                                               | 4        pdf       dv1 a  -8.93769e-02
npts    = 1495                                                                                                            | 5        pdf       dv1 b   9.24224e+00
chi2    = 2789.820454                                                                                                     | 6        pdf        g1 a  -6.85501e-01
rchi2   = 65.281284                                                                                                       | 7        pdf        g1 b   3.55164e+00
nchi2   = 3.447770                                                                                                        | 8        pdf        s1 N   3.27327e-02
chi2tot = 2858.549507                                                                                                     | 9        pdf        s1 a  -9.19030e-01
dchi2(iter)  = 3.759094                                                                                                   | 10        pdf        s1 b   1.00000e+01
dchi2(local) = -3.357629                                                                                                  | 11        pdf      sea1 N   8.73106e-03
pdf dv(1):1.000000                                                                                                        | 12        pdf      sea1 a  -1.22885e+00
pdf db-ub(2):0.043179                                                                                                     | 13        pdf      sea1 b   1.00000e+01
pdf msr:1.000000                                                                                                          | 14        pdf       ub1 N   2.51911e-03
pdf db-ub(1):0.060671                                                                                                     | 15        pdf       ub1 a  -7.83873e-01
pdf uv(1):2.000000                                                                                                        | 16        pdf       ub1 b   1.00000e+01
pdf s-sb(1):0.000000                                                                                                      | 17        pdf       uv1 a  -1.51824e-01
pdf s-sb(2):0.000000                                                                                                      | 18        pdf       uv1 b   3.10408e+00
                                                                                                                          | 19       norm       idis      10016  9.77341e-01
reaction: unpol DIS                                                                                                       | 20       norm       idis      10017  1.00727e+00
filters: Q2>1.690000                                                                                                      | 21       norm       idis      10010  1.01971e+00
filters: W2>10.000000                                                                                                     | 22       norm       idis      10011  1.02218e+00
    idx tar        col  npts       chi2  chi2-npts      rchi2      nchi2                                                  | 23       norm       idis      10020  9.90300e-01
  10016   p      BCDMS   348     699.12     351.12      29.60       0.57                                                  | 
  10017   d      BCDMS   254     476.38     222.38      15.73       0.06                                                  | 
  10020   p        NMC   273     543.70     270.70      18.39       0.24                                                  | 
  10021 d/p        NMC   174     343.70     169.70       1.56       0.00                                                  | 
  10010   p       SLAC   218     377.15     159.15       0.00       0.88                                                  | 
  10011   d       SLAC   228     349.78     121.78       0.00       1.70                                                  | 
['pdf']
JAM FITTER                                                                                                                | 1        pdf       db1 N   4.55756e-02
count = 1400                                                                                                              | 2        pdf       db1 a   9.87511e-01
elapsed time(mins)=13.591909                                                                                              | 3        pdf       db1 b   5.31967e+00
shifts  = 2                                                                                                               | 4        pdf       dv1 a  -8.70154e-02
npts    = 1495                                                                                                            | 5        pdf       dv1 b   9.24418e+00
chi2    = 2789.836137                                                                                                     | 6        pdf        g1 a  -6.85595e-01
rchi2   = 65.272367                                                                                                       | 7        pdf        g1 b   3.55001e+00
nchi2   = 3.438614                                                                                                        | 8        pdf        s1 N   3.26925e-02
chi2tot = 2858.547118                                                                                                     | 9        pdf        s1 a  -9.18763e-01
dchi2(iter)  = 3.759094                                                                                                   | 10        pdf        s1 b   1.00000e+01
dchi2(local) = -3.360018                                                                                                  | 11        pdf      sea1 N   8.75695e-03
pdf dv(1):1.000000                                                                                                        | 12        pdf      sea1 a  -1.22813e+00
pdf db-ub(2):0.043085                                                                                                     | 13        pdf      sea1 b   1.00000e+01
pdf msr:1.000000                                                                                                          | 14        pdf       ub1 N   2.49106e-03
pdf db-ub(1):0.061884                                                                                                     | 15        pdf       ub1 a  -7.82729e-01
pdf uv(1):2.000000                                                                                                        | 16        pdf       ub1 b   1.00000e+01
pdf s-sb(1):0.000000                                                                                                      | 17        pdf       uv1 a  -1.51876e-01
pdf s-sb(2):0.000000                                                                                                      | 18        pdf       uv1 b   3.10395e+00
                                                                                                                          | 19       norm       idis      10016  9.77311e-01
reaction: unpol DIS                                                                                                       | 20       norm       idis      10017  1.00724e+00
filters: Q2>1.690000                                                                                                      | 21       norm       idis      10010  1.01967e+00
filters: W2>10.000000                                                                                                     | 22       norm       idis      10011  1.02213e+00
    idx tar        col  npts       chi2  chi2-npts      rchi2      nchi2                                                  | 23       norm       idis      10020  9.90262e-01
  10016   p      BCDMS   348     699.13     351.13      29.61       0.57                                                  | 
  10017   d      BCDMS   254     476.37     222.37      15.72       0.06                                                  | 
  10020   p        NMC   273     543.71     270.71      18.38       0.24                                                  | 
  10021 d/p        NMC   174     343.72     169.72       1.56       0.00                                                  | 
  10010   p       SLAC   218     377.13     159.13       0.00       0.88                                                  | 
  10011   d       SLAC   228     349.78     121.78       0.00       1.69                                                  | 
['pdf']
JAM FITTER                                                                                                                | 1        pdf       db1 N   4.55040e-02
count = 1500                                                                                                              | 2        pdf       db1 a   9.90980e-01
elapsed time(mins)=14.570724                                                                                              | 3        pdf       db1 b   5.32236e+00
shifts  = 3                                                                                                               | 4        pdf       dv1 a  -8.61594e-02
npts    = 1495                                                                                                            | 5        pdf       dv1 b   9.24087e+00
chi2    = 2789.848134                                                                                                     | 6        pdf        g1 a  -6.85413e-01
rchi2   = 65.273088                                                                                                       | 7        pdf        g1 b   3.54987e+00
nchi2   = 3.424811                                                                                                        | 8        pdf        s1 N   3.27969e-02
chi2tot = 2858.546033                                                                                                     | 9        pdf        s1 a  -9.18799e-01
dchi2(iter)  = 3.361102                                                                                                   | 10        pdf        s1 b   1.00000e+01
dchi2(local) = -3.361102                                                                                                  | 11        pdf      sea1 N   8.75112e-03
pdf dv(1):1.000000                                                                                                        | 12        pdf      sea1 a  -1.22797e+00
pdf db-ub(2):0.043034                                                                                                     | 13        pdf      sea1 b   1.00000e+01
pdf msr:1.000000                                                                                                          | 14        pdf       ub1 N   2.46966e-03
pdf db-ub(1):0.061490                                                                                                     | 15        pdf       ub1 a  -7.84467e-01
pdf uv(1):2.000000                                                                                                        | 16        pdf       ub1 b   1.00000e+01
pdf s-sb(1):0.000000                                                                                                      | 17        pdf       uv1 a  -1.51934e-01
pdf s-sb(2):0.000000                                                                                                      | 18        pdf       uv1 b   3.10390e+00
                                                                                                                          | 19       norm       idis      10016  9.77237e-01
reaction: unpol DIS                                                                                                       | 20       norm       idis      10017  1.00716e+00
filters: Q2>1.690000                                                                                                      | 21       norm       idis      10010  1.01959e+00
filters: W2>10.000000                                                                                                     | 22       norm       idis      10011  1.02205e+00
    idx tar        col  npts       chi2  chi2-npts      rchi2      nchi2                                                  | 23       norm       idis      10020  9.90198e-01
  10016   p      BCDMS   348     699.11     351.11      29.61       0.58                                                  | 
  10017   d      BCDMS   254     476.37     222.37      15.72       0.06                                                  | 
  10020   p        NMC   273     543.74     270.74      18.38       0.24                                                  | 
  10021 d/p        NMC   174     343.73     169.73       1.56       0.00                                                  | 
  10010   p       SLAC   218     377.13     159.13       0.00       0.87                                                  | 
  10011   d       SLAC   228     349.78     121.78       0.00       1.68                                                  | 
['pdf']
JAM FITTER                                                                                                                | 1        pdf       db1 N   4.54322e-02
count = 1600                                                                                                              | 2        pdf       db1 a   9.94383e-01
elapsed time(mins)=15.547256                                                                                              | 3        pdf       db1 b   5.32478e+00
shifts  = 2                                                                                                               | 4        pdf       dv1 a  -8.53260e-02
npts    = 1495                                                                                                            | 5        pdf       dv1 b   9.23646e+00
chi2    = 2789.851854                                                                                                     | 6        pdf        g1 a  -6.85288e-01
rchi2   = 65.272716                                                                                                       | 7        pdf        g1 b   3.55004e+00
nchi2   = 3.420772                                                                                                        | 8        pdf        s1 N   3.28174e-02
chi2tot = 2858.545343                                                                                                     | 9        pdf        s1 a  -9.17779e-01
dchi2(iter)  = 3.361102                                                                                                   | 10        pdf        s1 b   1.00000e+01
dchi2(local) = -0.000690                                                                                                  | 11        pdf      sea1 N   8.76270e-03
pdf dv(1):1.000000                                                                                                        | 12        pdf      sea1 a  -1.22778e+00
pdf db-ub(2):0.042983                                                                                                     | 13        pdf      sea1 b   1.00000e+01
pdf msr:1.000000                                                                                                          | 14        pdf       ub1 N   2.44930e-03
pdf db-ub(1):0.061413                                                                                                     | 15        pdf       ub1 a  -7.85574e-01
pdf uv(1):2.000000                                                                                                        | 16        pdf       ub1 b   1.00000e+01
pdf s-sb(1):0.000000                                                                                                      | 17        pdf       uv1 a  -1.51953e-01
pdf s-sb(2):0.000000                                                                                                      | 18        pdf       uv1 b   3.10387e+00
                                                                                                                          | 19       norm       idis      10016  9.77216e-01
reaction: unpol DIS                                                                                                       | 20       norm       idis      10017  1.00714e+00
filters: Q2>1.690000                                                                                                      | 21       norm       idis      10010  1.01957e+00
filters: W2>10.000000                                                                                                     | 22       norm       idis      10011  1.02202e+00
    idx tar        col  npts       chi2  chi2-npts      rchi2      nchi2                                                  | 23       norm       idis      10020  9.90178e-01
  10016   p      BCDMS   348     699.11     351.11      29.61       0.58                                                  | 
  10017   d      BCDMS   254     476.37     222.37      15.72       0.06                                                  | 
  10020   p        NMC   273     543.75     270.75      18.38       0.24                                                  | 
  10021 d/p        NMC   174     343.73     169.73       1.56       0.00                                                  | 
  10010   p       SLAC   218     377.12     159.12       0.00       0.87                                                  | 
  10011   d       SLAC   228     349.78     121.78       0.00       1.68                                                  | 
['pdf']
JAM FITTER                                                                                                                | 1        pdf       db1 N   4.54158e-02
count = 1700                                                                                                              | 2        pdf       db1 a   9.95506e-01
elapsed time(mins)=16.515503                                                                                              | 3        pdf       db1 b   5.32591e+00
shifts  = 3                                                                                                               | 4        pdf       dv1 a  -8.49347e-02
npts    = 1495                                                                                                            | 5        pdf       dv1 b   9.23729e+00
chi2    = 2789.854565                                                                                                     | 6        pdf        g1 a  -6.85264e-01
rchi2   = 65.271820                                                                                                       | 7        pdf        g1 b   3.54997e+00
nchi2   = 3.418668                                                                                                        | 8        pdf        s1 N   3.28283e-02
chi2tot = 2858.545053                                                                                                     | 9        pdf        s1 a  -9.18204e-01
dchi2(iter)  = 0.000980                                                                                                   | 10        pdf        s1 b   1.00000e+01
dchi2(local) = -0.000980                                                                                                  | 11        pdf      sea1 N   8.76214e-03
pdf dv(1):1.000000                                                                                                        | 12        pdf      sea1 a  -1.22766e+00
pdf db-ub(2):0.042969                                                                                                     | 13        pdf      sea1 b   1.00000e+01
pdf msr:1.000000                                                                                                          | 14        pdf       ub1 N   2.44647e-03
pdf db-ub(1):0.061786                                                                                                     | 15        pdf       ub1 a  -7.84977e-01
pdf uv(1):2.000000                                                                                                        | 16        pdf       ub1 b   1.00000e+01
pdf s-sb(1):0.000000                                                                                                      | 17        pdf       uv1 a  -1.51964e-01
pdf s-sb(2):-0.000000                                                                                                     | 18        pdf       uv1 b   3.10386e+00
                                                                                                                          | 19       norm       idis      10016  9.77205e-01
reaction: unpol DIS                                                                                                       | 20       norm       idis      10017  1.00713e+00
filters: Q2>1.690000                                                                                                      | 21       norm       idis      10010  1.01955e+00
filters: W2>10.000000                                                                                                     | 22       norm       idis      10011  1.02201e+00
    idx tar        col  npts       chi2  chi2-npts      rchi2      nchi2                                                  | 23       norm       idis      10020  9.90167e-01
  10016   p      BCDMS   348     699.10     351.10      29.61       0.58                                                  | 
  10017   d      BCDMS   254     476.37     222.37      15.72       0.06                                                  | 
  10020   p        NMC   273     543.75     270.75      18.38       0.24                                                  | 
  10021 d/p        NMC   174     343.73     169.73       1.56       0.00                                                  | 
  10010   p       SLAC   218     377.12     159.12       0.00       0.87                                                  | 
  10011   d       SLAC   228     349.78     121.78       0.00       1.68                                                  | 
['pdf']
JAM FITTER                                                                                                                | 1        pdf       db1 N   4.53855e-02
count = 1800                                                                                                              | 2        pdf       db1 a   9.97039e-01
elapsed time(mins)=17.490652                                                                                              | 3        pdf       db1 b   5.32709e+00
shifts  = 2                                                                                                               | 4        pdf       dv1 a  -8.45291e-02
npts    = 1495                                                                                                            | 5        pdf       dv1 b   9.23586e+00
chi2    = 2789.856652                                                                                                     | 6        pdf        g1 a  -6.85248e-01
rchi2   = 65.270770                                                                                                       | 7        pdf        g1 b   3.54988e+00
nchi2   = 3.417341                                                                                                        | 8        pdf        s1 N   3.28264e-02
chi2tot = 2858.544763                                                                                                     | 9        pdf        s1 a  -9.17881e-01
dchi2(iter)  = 0.000980                                                                                                   | 10        pdf        s1 b   1.00000e+01
dchi2(local) = -0.000290                                                                                                  | 11        pdf      sea1 N   8.76841e-03
pdf dv(1):1.000000                                                                                                        | 12        pdf      sea1 a  -1.22753e+00
pdf db-ub(2):0.042947                                                                                                     | 13        pdf      sea1 b   1.00000e+01
pdf msr:1.000000                                                                                                          | 14        pdf       ub1 N   2.43850e-03
pdf db-ub(1):0.061884                                                                                                     | 15        pdf       ub1 a  -7.85162e-01
pdf uv(1):2.000000                                                                                                        | 16        pdf       ub1 b   1.00000e+01
pdf s-sb(1):0.000000                                                                                                      | 17        pdf       uv1 a  -1.51971e-01
pdf s-sb(2):0.000000                                                                                                      | 18        pdf       uv1 b   3.10384e+00
                                                                                                                          | 19       norm       idis      10016  9.77200e-01
reaction: unpol DIS                                                                                                       | 20       norm       idis      10017  1.00712e+00
filters: Q2>1.690000                                                                                                      | 21       norm       idis      10010  1.01955e+00
filters: W2>10.000000                                                                                                     | 22       norm       idis      10011  1.02200e+00
    idx tar        col  npts       chi2  chi2-npts      rchi2      nchi2                                                  | 23       norm       idis      10020  9.90162e-01
  10016   p      BCDMS   348     699.11     351.11      29.61       0.58                                                  | 
  10017   d      BCDMS   254     476.37     222.37      15.72       0.06                                                  | 
  10020   p        NMC   273     543.76     270.76      18.38       0.24                                                  | 
  10021 d/p        NMC   174     343.73     169.73       1.56       0.00                                                  | 
  10010   p       SLAC   218     377.12     159.12       0.00       0.87                                                  | 
  10011   d       SLAC   228     349.78     121.78       0.00       1.67                                                  | 
['pdf']
JAM FITTER                                                                                                                | 1        pdf       db1 N   4.53855e-02
count = 1811                                                                                                              | 2        pdf       db1 a   9.97039e-01
elapsed time(mins)=17.602692                                                                                              | 3        pdf       db1 b   5.32709e+00
shifts  = 1                                                                                                               | 4        pdf       dv1 a  -8.45291e-02
npts    = 1495                                                                                                            | 5        pdf       dv1 b   9.23586e+00
chi2    = 2789.856669                                                                                                     | 6        pdf        g1 a  -6.85248e-01
rchi2   = 65.270753                                                                                                       | 7        pdf        g1 b   3.54988e+00
nchi2   = 3.417341                                                                                                        | 8        pdf        s1 N   3.28264e-02
chi2tot = 2858.544763                                                                                                     | 9        pdf        s1 a  -9.17881e-01
dchi2(iter)  = 0.000980                                                                                                   | 10        pdf        s1 b   1.00000e+01
dchi2(local) = -0.000290                                                                                                  | 11        pdf      sea1 N   8.76841e-03
pdf dv(1):1.000000                                                                                                        | 12        pdf      sea1 a  -1.22753e+00
pdf db-ub(2):0.042947                                                                                                     | 13        pdf      sea1 b   1.00000e+01
pdf msr:1.000000                                                                                                          | 14        pdf       ub1 N   2.43849e-03
pdf db-ub(1):0.061885                                                                                                     | 15        pdf       ub1 a  -7.85162e-01
pdf uv(1):2.000000                                                                                                        | 16        pdf       ub1 b   1.00000e+01
pdf s-sb(1):0.000000                                                                                                      | 17        pdf       uv1 a  -1.51971e-01
pdf s-sb(2):0.000000                                                                                                      | 18        pdf       uv1 b   3.10384e+00
                                                                                                                          | 19       norm       idis      10016  9.77200e-01
reaction: unpol DIS                                                                                                       | 20       norm       idis      10017  1.00712e+00
filters: Q2>1.690000                                                                                                      | 21       norm       idis      10010  1.01955e+00
filters: W2>10.000000                                                                                                     | 22       norm       idis      10011  1.02200e+00
    idx tar        col  npts       chi2  chi2-npts      rchi2      nchi2                                                  | 23       norm       idis      10020  9.90162e-01
  10016   p      BCDMS   348     699.10     351.10      29.61       0.58                                                  | 
  10017   d      BCDMS   254     476.37     222.37      15.72       0.06                                                  | 
  10020   p        NMC   273     543.76     270.76      18.38       0.24                                                  | 
  10021 d/p        NMC   174     343.73     169.73       1.56       0.00                                                  | 
  10010   p       SLAC   218     377.12     159.12       0.00       0.87                                                  | 
  10011   d       SLAC   228     349.78     121.78       0.00       1.67                                                  | 
